[35m[MSG][0m Log level set to LOG_DEBUG
[35m[MSG][0m Parsing input from file "res/fruitybun250_2016.vrp"
[35m[MSG][0m Number of nodes: 250
[35m[MSG][0m Running ACO search
[35m[MSG][0m ACO settings: 
 alpha:     8.000
 beta:      1.000
 pers:      0.850
 minPhero:  0.015
 nbhood:    10
 popSize:   512
 maxStag:   300
[35m[MSG][0m itr     1, best 5764.8555, time    1.3, minPhero 0.85(28922), stagnancy 0.0%
[35m[MSG][0m itr     2, best 5732.4561, time    2.8, minPhero 0.72(28922), stagnancy 0.0%
[35m[MSG][0m itr     3, best 5732.4561, time    4.2, minPhero 0.61(28922), stagnancy 0.3%
[35m[MSG][0m itr     4, best 5732.4561, time    5.7, minPhero 0.52(28922), stagnancy 0.7%
[35m[MSG][0m itr     5, best 5732.4561, time    7.1, minPhero 0.44(28922), stagnancy 1.0%
[35m[MSG][0m itr     6, best 5718.4443, time    8.6, minPhero 0.38(28922), stagnancy 0.0%
[35m[MSG][0m itr     7, best 5693.2183, time   10.0, minPhero 0.32(28922), stagnancy 0.0%
[35m[MSG][0m itr     8, best 5693.2183, time   11.5, minPhero 0.27(28922), stagnancy 0.3%
[35m[MSG][0m itr     9, best 5693.2183, time   13.0, minPhero 0.23(28922), stagnancy 0.7%
[35m[MSG][0m itr    10, best 5693.2183, time   14.5, minPhero 0.20(28922), stagnancy 1.0%
[35m[MSG][0m itr    11, best 5693.2183, time   16.0, minPhero 0.17(28922), stagnancy 1.3%
[35m[MSG][0m itr    12, best 5693.2183, time   17.4, minPhero 0.14(28922), stagnancy 1.7%
[35m[MSG][0m itr    13, best 5684.6909, time   18.9, minPhero 0.12(28922), stagnancy 0.0%
[35m[MSG][0m itr    14, best 5684.6909, time   20.4, minPhero 0.10(28922), stagnancy 0.3%
[35m[MSG][0m itr    15, best 5684.6909, time   21.9, minPhero 0.09(28922), stagnancy 0.7%
[35m[MSG][0m itr    16, best 5684.6909, time   23.3, minPhero 0.07(28922), stagnancy 1.0%
[35m[MSG][0m itr    17, best 5679.0498, time   24.6, minPhero 0.06(28922), stagnancy 0.0%
[35m[MSG][0m itr    18, best 5664.2603, time   26.1, minPhero 0.05(28922), stagnancy 0.0%
[35m[MSG][0m itr    19, best 5664.2603, time   27.6, minPhero 0.05(28922), stagnancy 0.3%
[35m[MSG][0m itr    20, best 5661.9526, time   29.1, minPhero 0.04(28922), stagnancy 0.0%
[35m[MSG][0m itr    21, best 5661.9526, time   30.6, minPhero 0.03(28922), stagnancy 0.3%
[35m[MSG][0m itr    22, best 5647.4941, time   32.0, minPhero 0.03(28922), stagnancy 0.0%
[35m[MSG][0m itr    23, best 5647.4941, time   33.5, minPhero 0.02(554), stagnancy 0.3%
[35m[MSG][0m itr    24, best 5647.4941, time   35.0, minPhero 0.02(510), stagnancy 0.7%
[35m[MSG][0m itr    25, best 5647.4941, time   36.5, minPhero 0.02(472), stagnancy 1.0%
[35m[MSG][0m itr    26, best 5647.4941, time   37.9, minPhero 0.01(469), stagnancy 1.3%
[35m[MSG][0m itr    27, best 5647.4941, time   39.4, minPhero 0.01(469), stagnancy 1.7%
[35m[MSG][0m itr    28, best 5632.6221, time   40.9, minPhero 0.01(438), stagnancy 0.0%
[35m[MSG][0m itr    29, best 5632.6221, time   42.4, minPhero 0.01(429), stagnancy 0.3%
[35m[MSG][0m itr    30, best 5632.6221, time   43.9, minPhero 0.01(429), stagnancy 0.7%
[35m[MSG][0m itr    31, best 5628.7695, time   45.4, minPhero 0.01(413), stagnancy 0.0%
[35m[MSG][0m itr    32, best 5628.0693, time   46.8, minPhero 0.01(413), stagnancy 0.0%
[35m[MSG][0m itr    33, best 5627.8232, time   48.3, minPhero 0.01(412), stagnancy 0.0%
[35m[MSG][0m itr    34, best 5619.2886, time   49.7, minPhero 0.01(386), stagnancy 0.0%
[35m[MSG][0m itr    35, best 5616.0171, time   51.2, minPhero 0.01(373), stagnancy 0.0%
[35m[MSG][0m itr    36, best 5614.5684, time   52.7, minPhero 0.01(344), stagnancy 0.0%
[35m[MSG][0m itr    37, best 5614.5684, time   54.1, minPhero 0.01(317), stagnancy 0.3%
[35m[MSG][0m itr    38, best 5614.5083, time   55.6, minPhero 0.01(310), stagnancy 0.0%
[35m[MSG][0m itr    39, best 5611.1973, time   57.1, minPhero 0.01(308), stagnancy 0.0%
[35m[MSG][0m itr    40, best 5611.1973, time   58.6, minPhero 0.01(298), stagnancy 0.3%
[35m[MSG][0m itr    41, best 5611.1973, time   60.0, minPhero 0.01(290), stagnancy 0.7%
[35m[MSG][0m itr    42, best 5610.4155, time   61.5, minPhero 0.01(290), stagnancy 0.0%
[35m[MSG][0m itr    43, best 5610.4155, time   62.9, minPhero 0.01(287), stagnancy 0.3%
[35m[MSG][0m itr    44, best 5610.2437, time   64.4, minPhero 0.01(285), stagnancy 0.0%
[35m[MSG][0m itr    45, best 5610.0649, time   65.9, minPhero 0.01(288), stagnancy 0.0%
[35m[MSG][0m itr    46, best 5610.0649, time   67.3, minPhero 0.01(287), stagnancy 0.3%
[35m[MSG][0m itr    47, best 5609.0742, time   68.8, minPhero 0.01(289), stagnancy 0.0%
[35m[MSG][0m itr    48, best 5606.7437, time   70.3, minPhero 0.01(285), stagnancy 0.0%
[35m[MSG][0m itr    49, best 5606.5679, time   71.8, minPhero 0.01(282), stagnancy 0.0%
[35m[MSG][0m itr    50, best 5606.5298, time   73.3, minPhero 0.01(278), stagnancy 0.0%
[35m[MSG][0m itr    51, best 5606.1704, time   74.7, minPhero 0.01(278), stagnancy 0.0%
[35m[MSG][0m itr    52, best 5605.9683, time   76.2, minPhero 0.01(279), stagnancy 0.0%
[35m[MSG][0m itr    53, best 5602.0254, time   77.7, minPhero 0.01(284), stagnancy 0.0%
[35m[MSG][0m itr    54, best 5602.0254, time   79.2, minPhero 0.01(280), stagnancy 0.3%
[35m[MSG][0m itr    55, best 5602.0254, time   80.7, minPhero 0.01(280), stagnancy 0.7%
[35m[MSG][0m itr    56, best 5602.0254, time   82.2, minPhero 0.01(276), stagnancy 1.0%
[35m[MSG][0m itr    57, best 5602.0254, time   83.6, minPhero 0.01(276), stagnancy 1.3%
[35m[MSG][0m itr    58, best 5602.0254, time   85.0, minPhero 0.01(275), stagnancy 1.7%
[35m[MSG][0m itr    59, best 5602.0254, time   86.5, minPhero 0.01(274), stagnancy 2.0%
[35m[MSG][0m Solution converged. Reinitialising pheromones...
[35m[MSG][0m itr    60, best 5602.0254, time   87.9, minPhero 0.85(28922), stagnancy 2.3%
[35m[MSG][0m itr    61, best 5602.0254, time   89.4, minPhero 0.72(28922), stagnancy 2.7%
[35m[MSG][0m itr    62, best 5602.0254, time   90.8, minPhero 0.61(28922), stagnancy 3.0%
[35m[MSG][0m itr    63, best 5602.0254, time   92.3, minPhero 0.52(28922), stagnancy 3.3%
[35m[MSG][0m itr    64, best 5602.0254, time   93.8, minPhero 0.44(28922), stagnancy 3.7%
[35m[MSG][0m itr    65, best 5602.0254, time   95.2, minPhero 0.38(28922), stagnancy 4.0%
[35m[MSG][0m itr    66, best 5602.0254, time   96.7, minPhero 0.32(28922), stagnancy 4.3%
[35m[MSG][0m itr    67, best 5602.0254, time   98.2, minPhero 0.27(28922), stagnancy 4.7%
[35m[MSG][0m itr    68, best 5602.0254, time   99.6, minPhero 0.23(28922), stagnancy 5.0%
[35m[MSG][0m itr    69, best 5602.0254, time  101.0, minPhero 0.20(28922), stagnancy 5.3%
[35m[MSG][0m itr    70, best 5602.0254, time  102.5, minPhero 0.17(28922), stagnancy 5.7%
[35m[MSG][0m itr    71, best 5602.0254, time  104.0, minPhero 0.14(28922), stagnancy 6.0%
[35m[MSG][0m itr    72, best 5602.0254, time  105.4, minPhero 0.12(28922), stagnancy 6.3%
[35m[MSG][0m itr    73, best 5602.0254, time  106.9, minPhero 0.10(28922), stagnancy 6.7%
[35m[MSG][0m itr    74, best 5602.0254, time  108.4, minPhero 0.09(28922), stagnancy 7.0%
[35m[MSG][0m itr    75, best 5602.0254, time  109.9, minPhero 0.07(28922), stagnancy 7.3%
[35m[MSG][0m itr    76, best 5602.0254, time  111.2, minPhero 0.06(28922), stagnancy 7.7%
[35m[MSG][0m itr    77, best 5599.6343, time  112.7, minPhero 0.05(28922), stagnancy 0.0%
[35m[MSG][0m itr    78, best 5599.6343, time  114.1, minPhero 0.05(28922), stagnancy 0.3%
[35m[MSG][0m itr    79, best 5599.6343, time  115.6, minPhero 0.04(28922), stagnancy 0.7%
[35m[MSG][0m itr    80, best 5599.6343, time  117.1, minPhero 0.03(28922), stagnancy 1.0%
[35m[MSG][0m itr    81, best 5599.6343, time  118.6, minPhero 0.03(28922), stagnancy 1.3%
[35m[MSG][0m itr    82, best 5597.4531, time  120.0, minPhero 0.02(240), stagnancy 0.0%
[35m[MSG][0m itr    83, best 5597.4531, time  121.5, minPhero 0.02(240), stagnancy 0.3%
[35m[MSG][0m itr    84, best 5597.4531, time  123.0, minPhero 0.02(240), stagnancy 0.7%
[35m[MSG][0m itr    85, best 5597.4263, time  124.4, minPhero 0.01(243), stagnancy 0.0%
[35m[MSG][0m itr    86, best 5596.9624, time  125.9, minPhero 0.01(245), stagnancy 0.0%
[35m[MSG][0m itr    87, best 5596.7178, time  127.4, minPhero 0.01(245), stagnancy 0.0%
[35m[MSG][0m itr    88, best 5596.7178, time  128.9, minPhero 0.01(245), stagnancy 0.3%
[35m[MSG][0m itr    89, best 5595.8389, time  130.3, minPhero 0.01(248), stagnancy 0.0%
[35m[MSG][0m itr    90, best 5594.0903, time  131.8, minPhero 0.01(253), stagnancy 0.0%
[35m[MSG][0m itr    91, best 5594.0903, time  133.1, minPhero 0.01(253), stagnancy 0.3%
[35m[MSG][0m itr    92, best 5593.6890, time  134.6, minPhero 0.01(256), stagnancy 0.0%
[35m[MSG][0m itr    93, best 5593.6890, time  136.1, minPhero 0.01(256), stagnancy 0.3%
[35m[MSG][0m itr    94, best 5593.0894, time  137.5, minPhero 0.01(256), stagnancy 0.0%
[35m[MSG][0m itr    95, best 5593.0894, time  139.0, minPhero 0.01(256), stagnancy 0.3%
[35m[MSG][0m itr    96, best 5592.6411, time  140.5, minPhero 0.01(258), stagnancy 0.0%
[35m[MSG][0m itr    97, best 5592.2222, time  142.0, minPhero 0.01(263), stagnancy 0.0%
[35m[MSG][0m itr    98, best 5592.2222, time  143.3, minPhero 0.01(263), stagnancy 0.3%
[35m[MSG][0m itr    99, best 5592.2222, time  144.7, minPhero 0.01(260), stagnancy 0.7%
[35m[MSG][0m itr   100, best 5592.2197, time  146.1, minPhero 0.01(260), stagnancy 0.0%
[35m[MSG][0m itr   101, best 5592.0864, time  147.6, minPhero 0.01(259), stagnancy 0.0%
[35m[MSG][0m itr   102, best 5592.0322, time  149.1, minPhero 0.01(259), stagnancy 0.0%
[35m[MSG][0m itr   103, best 5592.0322, time  150.5, minPhero 0.01(259), stagnancy 0.3%
[35m[MSG][0m itr   104, best 5591.9438, time  152.0, minPhero 0.01(257), stagnancy 0.0%
[35m[MSG][0m itr   105, best 5591.9438, time  153.5, minPhero 0.01(257), stagnancy 0.3%
[35m[MSG][0m itr   106, best 5591.8896, time  154.8, minPhero 0.01(257), stagnancy 0.0%
[35m[MSG][0m itr   107, best 5586.9570, time  156.3, minPhero 0.01(265), stagnancy 0.0%
[35m[MSG][0m itr   108, best 5586.9570, time  157.7, minPhero 0.01(263), stagnancy 0.3%
[35m[MSG][0m itr   109, best 5586.9570, time  159.2, minPhero 0.01(263), stagnancy 0.7%
[35m[MSG][0m itr   110, best 5586.9570, time  160.7, minPhero 0.01(263), stagnancy 1.0%
[35m[MSG][0m itr   111, best 5586.9570, time  162.2, minPhero 0.01(261), stagnancy 1.3%
[35m[MSG][0m itr   112, best 5585.8115, time  163.7, minPhero 0.01(259), stagnancy 0.0%
[35m[MSG][0m itr   113, best 5585.5459, time  165.1, minPhero 0.01(259), stagnancy 0.0%
[35m[MSG][0m itr   114, best 5585.5454, time  166.6, minPhero 0.01(256), stagnancy 0.0%
[35m[MSG][0m itr   115, best 5585.5454, time  168.1, minPhero 0.01(256), stagnancy 0.3%
[35m[MSG][0m itr   116, best 5585.5454, time  169.6, minPhero 0.01(255), stagnancy 0.7%
[35m[MSG][0m itr   117, best 5585.5454, time  171.0, minPhero 0.01(253), stagnancy 1.0%
[35m[MSG][0m itr   118, best 5585.5454, time  172.5, minPhero 0.01(253), stagnancy 1.3%
[35m[MSG][0m itr   119, best 5585.5454, time  174.0, minPhero 0.01(251), stagnancy 1.7%
[35m[MSG][0m itr   120, best 5585.0537, time  175.4, minPhero 0.01(253), stagnancy 0.0%
[35m[MSG][0m itr   121, best 5585.0537, time  176.9, minPhero 0.01(253), stagnancy 0.3%
[35m[MSG][0m itr   122, best 5585.0532, time  178.4, minPhero 0.01(252), stagnancy 0.0%
[35m[MSG][0m itr   123, best 5585.0532, time  179.9, minPhero 0.01(249), stagnancy 0.3%
[35m[MSG][0m itr   124, best 5585.0532, time  181.3, minPhero 0.01(249), stagnancy 0.7%
[35m[MSG][0m itr   125, best 5584.9995, time  182.8, minPhero 0.01(250), stagnancy 0.0%
[35m[MSG][0m itr   126, best 5584.9990, time  184.3, minPhero 0.01(249), stagnancy 0.0%
[35m[MSG][0m itr   127, best 5584.9990, time  185.7, minPhero 0.01(249), stagnancy 0.3%
[35m[MSG][0m itr   128, best 5584.9971, time  187.2, minPhero 0.01(250), stagnancy 0.0%
[35m[MSG][0m itr   129, best 5584.9971, time  188.7, minPhero 0.01(241), stagnancy 0.3%
[35m[MSG][0m itr   130, best 5584.9966, time  190.1, minPhero 0.01(241), stagnancy 0.0%
[35m[MSG][0m itr   131, best 5584.9966, time  191.6, minPhero 0.01(239), stagnancy 0.3%
[35m[MSG][0m itr   132, best 5584.9170, time  193.1, minPhero 0.01(244), stagnancy 0.0%
[35m[MSG][0m itr   133, best 5584.9170, time  194.5, minPhero 0.01(244), stagnancy 0.3%
[35m[MSG][0m itr   134, best 5584.9170, time  196.0, minPhero 0.01(243), stagnancy 0.7%
[35m[MSG][0m itr   135, best 5584.9170, time  197.5, minPhero 0.01(242), stagnancy 1.0%
[35m[MSG][0m itr   136, best 5584.9165, time  199.0, minPhero 0.01(242), stagnancy 0.0%
[35m[MSG][0m itr   137, best 5584.9165, time  200.5, minPhero 0.01(242), stagnancy 0.3%
[35m[MSG][0m itr   138, best 5584.9165, time  201.8, minPhero 0.01(242), stagnancy 0.7%
[35m[MSG][0m itr   139, best 5584.9165, time  203.1, minPhero 0.01(242), stagnancy 1.0%
[35m[MSG][0m itr   140, best 5584.9165, time  204.5, minPhero 0.01(242), stagnancy 1.3%
[35m[MSG][0m itr   141, best 5584.9165, time  205.9, minPhero 0.01(241), stagnancy 1.7%
[35m[MSG][0m itr   142, best 5584.9165, time  207.4, minPhero 0.01(240), stagnancy 2.0%
[35m[MSG][0m itr   143, best 5584.9165, time  208.9, minPhero 0.01(240), stagnancy 2.3%
[35m[MSG][0m itr   144, best 5584.9165, time  210.4, minPhero 0.01(240), stagnancy 2.7%
[35m[MSG][0m itr   145, best 5584.9165, time  211.8, minPhero 0.01(240), stagnancy 3.0%
[35m[MSG][0m itr   146, best 5584.9165, time  213.2, minPhero 0.01(240), stagnancy 3.3%
[35m[MSG][0m itr   147, best 5584.9165, time  214.6, minPhero 0.01(238), stagnancy 3.7%
[35m[MSG][0m itr   148, best 5584.9165, time  216.0, minPhero 0.01(238), stagnancy 4.0%
[35m[MSG][0m itr   149, best 5584.9165, time  217.5, minPhero 0.01(238), stagnancy 4.3%
[35m[MSG][0m itr   150, best 5584.9165, time  218.9, minPhero 0.01(237), stagnancy 4.7%
[35m[MSG][0m itr   151, best 5584.9165, time  220.4, minPhero 0.01(237), stagnancy 5.0%
[35m[MSG][0m itr   152, best 5584.9165, time  221.8, minPhero 0.01(237), stagnancy 5.3%
[35m[MSG][0m itr   153, best 5584.9165, time  223.2, minPhero 0.01(237), stagnancy 5.7%
[35m[MSG][0m itr   154, best 5584.9165, time  224.6, minPhero 0.01(232), stagnancy 6.0%
[35m[MSG][0m itr   155, best 5584.9165, time  226.1, minPhero 0.01(232), stagnancy 6.3%
[35m[MSG][0m itr   156, best 5584.9165, time  227.5, minPhero 0.01(232), stagnancy 6.7%
[35m[MSG][0m itr   157, best 5584.9165, time  229.0, minPhero 0.01(232), stagnancy 7.0%
[35m[MSG][0m itr   158, best 5584.9165, time  230.4, minPhero 0.01(232), stagnancy 7.3%
[35m[MSG][0m itr   159, best 5584.9165, time  231.9, minPhero 0.01(232), stagnancy 7.7%
[35m[MSG][0m itr   160, best 5584.9165, time  233.3, minPhero 0.01(232), stagnancy 8.0%
[35m[MSG][0m itr   161, best 5584.9165, time  234.8, minPhero 0.01(232), stagnancy 8.3%
[35m[MSG][0m itr   162, best 5584.9165, time  236.3, minPhero 0.01(232), stagnancy 8.7%
[35m[MSG][0m itr   163, best 5584.9165, time  237.7, minPhero 0.01(232), stagnancy 9.0%
[35m[MSG][0m itr   164, best 5584.9165, time  239.2, minPhero 0.01(232), stagnancy 9.3%
[35m[MSG][0m itr   165, best 5584.9165, time  240.7, minPhero 0.01(232), stagnancy 9.7%
[35m[MSG][0m itr   166, best 5584.9165, time  242.1, minPhero 0.01(232), stagnancy 10.0%
[35m[MSG][0m itr   167, best 5584.9165, time  243.6, minPhero 0.01(232), stagnancy 10.3%
[35m[MSG][0m itr   168, best 5584.9165, time  244.9, minPhero 0.01(232), stagnancy 10.7%
[35m[MSG][0m itr   169, best 5584.9165, time  246.3, minPhero 0.01(232), stagnancy 11.0%
[35m[MSG][0m itr   170, best 5584.9165, time  247.7, minPhero 0.01(232), stagnancy 11.3%
[35m[MSG][0m itr   171, best 5584.9165, time  249.2, minPhero 0.01(232), stagnancy 11.7%
[35m[MSG][0m itr   172, best 5584.9165, time  250.7, minPhero 0.01(232), stagnancy 12.0%
[35m[MSG][0m itr   173, best 5584.9165, time  252.1, minPhero 0.01(232), stagnancy 12.3%
[35m[MSG][0m itr   174, best 5584.9165, time  253.6, minPhero 0.01(232), stagnancy 12.7%
[35m[MSG][0m itr   175, best 5584.9165, time  255.0, minPhero 0.01(232), stagnancy 13.0%
[35m[MSG][0m itr   176, best 5584.9165, time  256.5, minPhero 0.01(232), stagnancy 13.3%
[35m[MSG][0m itr   177, best 5584.9165, time  257.9, minPhero 0.01(232), stagnancy 13.7%
[35m[MSG][0m itr   178, best 5584.9165, time  259.4, minPhero 0.01(232), stagnancy 14.0%
[35m[MSG][0m itr   179, best 5584.9165, time  260.8, minPhero 0.01(232), stagnancy 14.3%
[35m[MSG][0m itr   180, best 5584.9165, time  262.3, minPhero 0.01(232), stagnancy 14.7%
[35m[MSG][0m itr   181, best 5584.9165, time  263.8, minPhero 0.01(232), stagnancy 15.0%
[35m[MSG][0m itr   182, best 5584.9165, time  265.2, minPhero 0.01(232), stagnancy 15.3%
[35m[MSG][0m itr   183, best 5584.9165, time  266.7, minPhero 0.01(232), stagnancy 15.7%
[35m[MSG][0m itr   184, best 5584.9165, time  268.1, minPhero 0.01(232), stagnancy 16.0%
[35m[MSG][0m itr   185, best 5584.9165, time  269.6, minPhero 0.01(232), stagnancy 16.3%
[35m[MSG][0m itr   186, best 5584.9165, time  271.0, minPhero 0.01(232), stagnancy 16.7%
[35m[MSG][0m itr   187, best 5584.9165, time  272.4, minPhero 0.01(232), stagnancy 17.0%
[35m[MSG][0m itr   188, best 5584.9165, time  273.9, minPhero 0.01(232), stagnancy 17.3%
[35m[MSG][0m itr   189, best 5584.9165, time  275.4, minPhero 0.01(232), stagnancy 17.7%
[35m[MSG][0m itr   190, best 5584.9165, time  276.8, minPhero 0.01(232), stagnancy 18.0%
[35m[MSG][0m itr   191, best 5584.9165, time  278.3, minPhero 0.01(232), stagnancy 18.3%
[35m[MSG][0m itr   192, best 5584.9165, time  279.8, minPhero 0.01(232), stagnancy 18.7%
[35m[MSG][0m itr   193, best 5584.9165, time  281.2, minPhero 0.01(232), stagnancy 19.0%
[35m[MSG][0m itr   194, best 5584.8604, time  282.7, minPhero 0.01(241), stagnancy 0.0%
[35m[MSG][0m itr   195, best 5581.2358, time  284.1, minPhero 0.01(241), stagnancy 0.0%
[35m[MSG][0m itr   196, best 5581.2358, time  285.6, minPhero 0.01(241), stagnancy 0.3%
[35m[MSG][0m itr   197, best 5581.2358, time  287.0, minPhero 0.01(241), stagnancy 0.7%
[35m[MSG][0m itr   198, best 5581.2354, time  288.5, minPhero 0.01(241), stagnancy 0.0%
[35m[MSG][0m itr   199, best 5581.2354, time  290.0, minPhero 0.01(241), stagnancy 0.3%
[35m[MSG][0m itr   200, best 5581.2354, time  291.5, minPhero 0.01(241), stagnancy 0.7%
[35m[MSG][0m itr   201, best 5581.2354, time  292.9, minPhero 0.01(241), stagnancy 1.0%
[35m[MSG][0m itr   202, best 5581.2354, time  294.4, minPhero 0.01(241), stagnancy 1.3%
[35m[MSG][0m itr   203, best 5581.2354, time  295.8, minPhero 0.01(241), stagnancy 1.7%
[35m[MSG][0m itr   204, best 5581.2354, time  297.3, minPhero 0.01(241), stagnancy 2.0%
[35m[MSG][0m itr   205, best 5580.2998, time  298.7, minPhero 0.01(243), stagnancy 0.0%
[35m[MSG][0m itr   206, best 5580.2998, time  300.2, minPhero 0.01(238), stagnancy 0.3%
[35m[MSG][0m itr   207, best 5580.2998, time  301.6, minPhero 0.01(238), stagnancy 0.7%
[35m[MSG][0m itr   208, best 5580.2998, time  303.0, minPhero 0.01(238), stagnancy 1.0%
[35m[MSG][0m itr   209, best 5580.2998, time  304.4, minPhero 0.01(238), stagnancy 1.3%
[35m[MSG][0m itr   210, best 5580.2998, time  305.9, minPhero 0.01(238), stagnancy 1.7%
[35m[MSG][0m itr   211, best 5580.2998, time  307.4, minPhero 0.01(238), stagnancy 2.0%
[35m[MSG][0m itr   212, best 5580.2998, time  308.8, minPhero 0.01(238), stagnancy 2.3%
[35m[MSG][0m itr   213, best 5580.2998, time  310.3, minPhero 0.01(238), stagnancy 2.7%
[35m[MSG][0m itr   214, best 5580.2998, time  311.7, minPhero 0.01(238), stagnancy 3.0%
[35m[MSG][0m itr   215, best 5580.2998, time  313.2, minPhero 0.01(238), stagnancy 3.3%
[35m[MSG][0m itr   216, best 5580.2998, time  314.6, minPhero 0.01(234), stagnancy 3.7%
[35m[MSG][0m itr   217, best 5580.2998, time  316.1, minPhero 0.01(234), stagnancy 4.0%
[35m[MSG][0m itr   218, best 5580.2998, time  317.6, minPhero 0.01(234), stagnancy 4.3%
[35m[MSG][0m itr   219, best 5580.2998, time  318.9, minPhero 0.01(234), stagnancy 4.7%
[35m[MSG][0m itr   220, best 5580.2993, time  320.3, minPhero 0.01(234), stagnancy 0.0%
[35m[MSG][0m itr   221, best 5580.2993, time  321.8, minPhero 0.01(234), stagnancy 0.3%
[35m[MSG][0m itr   222, best 5580.2993, time  323.1, minPhero 0.01(234), stagnancy 0.7%
[35m[MSG][0m itr   223, best 5580.2993, time  324.6, minPhero 0.01(234), stagnancy 1.0%
[35m[MSG][0m itr   224, best 5580.2993, time  326.0, minPhero 0.01(234), stagnancy 1.3%
[35m[MSG][0m itr   225, best 5580.2993, time  327.5, minPhero 0.01(234), stagnancy 1.7%
[35m[MSG][0m itr   226, best 5580.2993, time  328.9, minPhero 0.01(233), stagnancy 2.0%
[35m[MSG][0m itr   227, best 5580.2993, time  330.4, minPhero 0.01(232), stagnancy 2.3%
[35m[MSG][0m itr   228, best 5580.2993, time  331.9, minPhero 0.01(232), stagnancy 2.7%
[35m[MSG][0m itr   229, best 5580.2993, time  333.3, minPhero 0.01(232), stagnancy 3.0%
[35m[MSG][0m itr   230, best 5580.2993, time  334.8, minPhero 0.01(232), stagnancy 3.3%
[35m[MSG][0m itr   231, best 5580.2993, time  336.2, minPhero 0.01(232), stagnancy 3.7%
[35m[MSG][0m itr   232, best 5580.2993, time  337.7, minPhero 0.01(232), stagnancy 4.0%
[35m[MSG][0m itr   233, best 5580.2993, time  339.2, minPhero 0.01(232), stagnancy 4.3%
[35m[MSG][0m itr   234, best 5580.2993, time  340.7, minPhero 0.01(232), stagnancy 4.7%
[35m[MSG][0m itr   235, best 5580.2993, time  342.1, minPhero 0.01(232), stagnancy 5.0%
[35m[MSG][0m itr   236, best 5580.2993, time  343.6, minPhero 0.01(232), stagnancy 5.3%
[35m[MSG][0m itr   237, best 5580.2993, time  345.0, minPhero 0.01(232), stagnancy 5.7%
[35m[MSG][0m itr   238, best 5580.2993, time  346.5, minPhero 0.01(232), stagnancy 6.0%
[35m[MSG][0m itr   239, best 5580.2993, time  348.0, minPhero 0.01(232), stagnancy 6.3%
[35m[MSG][0m itr   240, best 5580.2993, time  349.5, minPhero 0.01(232), stagnancy 6.7%
[35m[MSG][0m itr   241, best 5580.1265, time  350.8, minPhero 0.01(240), stagnancy 0.0%
[35m[MSG][0m itr   242, best 5579.6362, time  352.2, minPhero 0.01(241), stagnancy 0.0%
[35m[MSG][0m itr   243, best 5579.6362, time  353.7, minPhero 0.01(241), stagnancy 0.3%
[35m[MSG][0m itr   244, best 5579.6362, time  355.1, minPhero 0.01(241), stagnancy 0.7%
[35m[MSG][0m itr   245, best 5579.6362, time  356.6, minPhero 0.01(241), stagnancy 1.0%
[35m[MSG][0m itr   246, best 5579.6362, time  357.9, minPhero 0.01(241), stagnancy 1.3%
[35m[MSG][0m itr   247, best 5579.6357, time  359.4, minPhero 0.01(241), stagnancy 0.0%
[35m[MSG][0m itr   248, best 5579.6357, time  360.9, minPhero 0.01(241), stagnancy 0.3%
[35m[MSG][0m itr   249, best 5579.6357, time  362.3, minPhero 0.01(241), stagnancy 0.7%
[35m[MSG][0m itr   250, best 5579.6357, time  363.8, minPhero 0.01(241), stagnancy 1.0%
[35m[MSG][0m itr   251, best 5579.6357, time  365.3, minPhero 0.01(241), stagnancy 1.3%
[35m[MSG][0m itr   252, best 5579.6357, time  366.8, minPhero 0.01(241), stagnancy 1.7%
[35m[MSG][0m itr   253, best 5579.6357, time  368.2, minPhero 0.01(240), stagnancy 2.0%
[35m[MSG][0m itr   254, best 5579.6357, time  369.7, minPhero 0.01(240), stagnancy 2.3%
[35m[MSG][0m itr   255, best 5579.6357, time  371.1, minPhero 0.01(240), stagnancy 2.7%
[35m[MSG][0m itr   256, best 5579.6357, time  372.6, minPhero 0.01(240), stagnancy 3.0%
[35m[MSG][0m itr   257, best 5579.6357, time  374.1, minPhero 0.01(240), stagnancy 3.3%
[35m[MSG][0m itr   258, best 5579.6357, time  375.6, minPhero 0.01(240), stagnancy 3.7%
[35m[MSG][0m itr   259, best 5579.6357, time  377.1, minPhero 0.01(240), stagnancy 4.0%
[35m[MSG][0m itr   260, best 5579.6357, time  378.5, minPhero 0.01(240), stagnancy 4.3%
[35m[MSG][0m itr   261, best 5579.6357, time  380.0, minPhero 0.01(240), stagnancy 4.7%
[35m[MSG][0m itr   262, best 5579.6357, time  381.4, minPhero 0.01(240), stagnancy 5.0%
[35m[MSG][0m itr   263, best 5579.6357, time  382.9, minPhero 0.01(232), stagnancy 5.3%
[35m[MSG][0m itr   264, best 5579.6357, time  384.4, minPhero 0.01(232), stagnancy 5.7%
[35m[MSG][0m itr   265, best 5579.6357, time  385.8, minPhero 0.01(232), stagnancy 6.0%
[35m[MSG][0m itr   266, best 5579.6357, time  387.3, minPhero 0.01(232), stagnancy 6.3%
[35m[MSG][0m itr   267, best 5579.6357, time  388.7, minPhero 0.01(232), stagnancy 6.7%
[35m[MSG][0m itr   268, best 5579.6357, time  390.3, minPhero 0.01(232), stagnancy 7.0%
[35m[MSG][0m itr   269, best 5579.6357, time  391.9, minPhero 0.01(232), stagnancy 7.3%
[35m[MSG][0m itr   270, best 5579.6357, time  393.4, minPhero 0.01(232), stagnancy 7.7%
[35m[MSG][0m itr   271, best 5579.6357, time  395.0, minPhero 0.01(232), stagnancy 8.0%
[35m[MSG][0m itr   272, best 5579.6357, time  396.6, minPhero 0.01(232), stagnancy 8.3%
[35m[MSG][0m itr   273, best 5579.6357, time  398.1, minPhero 0.01(232), stagnancy 8.7%
[35m[MSG][0m itr   274, best 5579.6357, time  399.7, minPhero 0.01(232), stagnancy 9.0%
[35m[MSG][0m itr   275, best 5579.6357, time  401.2, minPhero 0.01(232), stagnancy 9.3%
[35m[MSG][0m itr   276, best 5579.6357, time  402.7, minPhero 0.01(232), stagnancy 9.7%
[35m[MSG][0m itr   277, best 5578.6123, time  404.3, minPhero 0.01(238), stagnancy 0.0%
[35m[MSG][0m itr   278, best 5578.6123, time  405.8, minPhero 0.01(238), stagnancy 0.3%
[35m[MSG][0m itr   279, best 5578.6123, time  407.4, minPhero 0.01(238), stagnancy 0.7%
[35m[MSG][0m itr   280, best 5578.6123, time  408.9, minPhero 0.01(238), stagnancy 1.0%
[35m[MSG][0m itr   281, best 5578.6123, time  410.5, minPhero 0.01(238), stagnancy 1.3%
[35m[MSG][0m itr   282, best 5578.6123, time  412.0, minPhero 0.01(238), stagnancy 1.7%
[35m[MSG][0m itr   283, best 5578.6123, time  413.5, minPhero 0.01(238), stagnancy 2.0%
[35m[MSG][0m itr   284, best 5578.6118, time  415.1, minPhero 0.01(238), stagnancy 0.0%
[35m[MSG][0m itr   285, best 5578.6118, time  416.7, minPhero 0.01(238), stagnancy 0.3%
[35m[MSG][0m itr   286, best 5578.6118, time  418.2, minPhero 0.01(238), stagnancy 0.7%
[35m[MSG][0m itr   287, best 5578.6118, time  420.0, minPhero 0.01(238), stagnancy 1.0%
[35m[MSG][0m itr   288, best 5578.6118, time  421.5, minPhero 0.01(238), stagnancy 1.3%
[35m[MSG][0m itr   289, best 5578.6118, time  423.0, minPhero 0.01(238), stagnancy 1.7%
[35m[MSG][0m itr   290, best 5578.6118, time  424.6, minPhero 0.01(238), stagnancy 2.0%
[35m[MSG][0m itr   291, best 5578.6118, time  426.1, minPhero 0.01(238), stagnancy 2.3%
[35m[MSG][0m itr   292, best 5578.6118, time  427.7, minPhero 0.01(238), stagnancy 2.7%
[35m[MSG][0m itr   293, best 5578.6118, time  429.2, minPhero 0.01(238), stagnancy 3.0%
[35m[MSG][0m itr   294, best 5578.6118, time  430.7, minPhero 0.01(238), stagnancy 3.3%
[35m[MSG][0m itr   295, best 5578.6118, time  432.2, minPhero 0.01(238), stagnancy 3.7%
[35m[MSG][0m itr   296, best 5578.6118, time  433.7, minPhero 0.01(238), stagnancy 4.0%
[35m[MSG][0m itr   297, best 5578.6118, time  435.2, minPhero 0.01(238), stagnancy 4.3%
[35m[MSG][0m itr   298, best 5578.6118, time  436.8, minPhero 0.01(238), stagnancy 4.7%
[35m[MSG][0m itr   299, best 5578.6118, time  438.3, minPhero 0.01(232), stagnancy 5.0%
[35m[MSG][0m itr   300, best 5578.6118, time  439.9, minPhero 0.01(232), stagnancy 5.3%
[35m[MSG][0m itr   301, best 5578.6118, time  441.4, minPhero 0.01(232), stagnancy 5.7%
[35m[MSG][0m itr   302, best 5578.6118, time  443.0, minPhero 0.01(232), stagnancy 6.0%
[35m[MSG][0m itr   303, best 5578.6118, time  444.8, minPhero 0.01(232), stagnancy 6.3%
[35m[MSG][0m itr   304, best 5578.6118, time  446.4, minPhero 0.01(232), stagnancy 6.7%
[35m[MSG][0m itr   305, best 5578.6118, time  447.9, minPhero 0.01(232), stagnancy 7.0%
[35m[MSG][0m itr   306, best 5578.6118, time  449.5, minPhero 0.01(232), stagnancy 7.3%
[35m[MSG][0m itr   307, best 5578.6118, time  451.3, minPhero 0.01(232), stagnancy 7.7%
[35m[MSG][0m itr   308, best 5578.6118, time  452.8, minPhero 0.01(232), stagnancy 8.0%
[35m[MSG][0m itr   309, best 5578.6118, time  454.4, minPhero 0.01(232), stagnancy 8.3%
[35m[MSG][0m itr   310, best 5578.6118, time  455.9, minPhero 0.01(232), stagnancy 8.7%
[35m[MSG][0m itr   311, best 5578.6118, time  457.5, minPhero 0.01(232), stagnancy 9.0%
[35m[MSG][0m itr   312, best 5578.6118, time  459.0, minPhero 0.01(232), stagnancy 9.3%
[35m[MSG][0m itr   313, best 5578.6118, time  460.5, minPhero 0.01(232), stagnancy 9.7%
[35m[MSG][0m itr   314, best 5578.6118, time  462.1, minPhero 0.01(232), stagnancy 10.0%
[35m[MSG][0m itr   315, best 5578.6118, time  463.6, minPhero 0.01(232), stagnancy 10.3%
[35m[MSG][0m itr   316, best 5578.6118, time  465.2, minPhero 0.01(232), stagnancy 10.7%
[35m[MSG][0m itr   317, best 5578.6118, time  466.7, minPhero 0.01(232), stagnancy 11.0%
[35m[MSG][0m itr   318, best 5575.4360, time  468.3, minPhero 0.01(242), stagnancy 0.0%
[35m[MSG][0m itr   319, best 5575.4360, time  469.8, minPhero 0.01(242), stagnancy 0.3%
[35m[MSG][0m itr   320, best 5575.4360, time  471.3, minPhero 0.01(242), stagnancy 0.7%
[35m[MSG][0m itr   321, best 5575.4360, time  472.9, minPhero 0.01(242), stagnancy 1.0%
[35m[MSG][0m itr   322, best 5575.4355, time  474.4, minPhero 0.01(242), stagnancy 0.0%
[35m[MSG][0m itr   323, best 5575.4355, time  476.2, minPhero 0.01(242), stagnancy 0.3%
[35m[MSG][0m itr   324, best 5575.4355, time  477.7, minPhero 0.01(242), stagnancy 0.7%
[35m[MSG][0m itr   325, best 5575.4355, time  479.3, minPhero 0.01(242), stagnancy 1.0%
[35m[MSG][0m itr   326, best 5575.4355, time  480.8, minPhero 0.01(242), stagnancy 1.3%
[35m[MSG][0m itr   327, best 5575.4355, time  482.4, minPhero 0.01(242), stagnancy 1.7%
[35m[MSG][0m itr   328, best 5575.4355, time  483.9, minPhero 0.01(242), stagnancy 2.0%
[35m[MSG][0m itr   329, best 5575.4355, time  485.5, minPhero 0.01(242), stagnancy 2.3%
[35m[MSG][0m itr   330, best 5575.4355, time  487.0, minPhero 0.01(242), stagnancy 2.7%
[35m[MSG][0m itr   331, best 5575.4355, time  488.5, minPhero 0.01(242), stagnancy 3.0%
[35m[MSG][0m itr   332, best 5575.4355, time  490.0, minPhero 0.01(242), stagnancy 3.3%
[35m[MSG][0m itr   333, best 5575.4355, time  491.5, minPhero 0.01(242), stagnancy 3.7%
[35m[MSG][0m itr   334, best 5575.4355, time  492.9, minPhero 0.01(242), stagnancy 4.0%
[35m[MSG][0m itr   335, best 5575.4355, time  494.3, minPhero 0.01(242), stagnancy 4.3%
[35m[MSG][0m itr   336, best 5575.4355, time  495.8, minPhero 0.01(242), stagnancy 4.7%
[35m[MSG][0m itr   337, best 5575.4355, time  497.3, minPhero 0.01(242), stagnancy 5.0%
[35m[MSG][0m itr   338, best 5575.4355, time  498.7, minPhero 0.01(242), stagnancy 5.3%
[35m[MSG][0m itr   339, best 5575.4355, time  500.2, minPhero 0.01(242), stagnancy 5.7%
[35m[MSG][0m itr   340, best 5575.3564, time  501.6, minPhero 0.01(235), stagnancy 0.0%
[35m[MSG][0m itr   341, best 5575.3564, time  503.1, minPhero 0.01(235), stagnancy 0.3%
[35m[MSG][0m itr   342, best 5575.3564, time  504.6, minPhero 0.01(235), stagnancy 0.7%
[35m[MSG][0m itr   343, best 5575.3564, time  506.0, minPhero 0.01(235), stagnancy 1.0%
[35m[MSG][0m itr   344, best 5575.3564, time  507.5, minPhero 0.01(235), stagnancy 1.3%
[35m[MSG][0m itr   345, best 5575.3564, time  508.9, minPhero 0.01(235), stagnancy 1.7%
[35m[MSG][0m itr   346, best 5575.3564, time  510.4, minPhero 0.01(235), stagnancy 2.0%
[35m[MSG][0m itr   347, best 5575.3564, time  511.8, minPhero 0.01(235), stagnancy 2.3%
[35m[MSG][0m itr   348, best 5575.3560, time  513.3, minPhero 0.01(235), stagnancy 0.0%
[35m[MSG][0m itr   349, best 5575.3560, time  514.7, minPhero 0.01(235), stagnancy 0.3%
[35m[MSG][0m itr   350, best 5575.3560, time  516.2, minPhero 0.01(235), stagnancy 0.7%
[35m[MSG][0m itr   351, best 5575.3560, time  517.6, minPhero 0.01(235), stagnancy 1.0%
[35m[MSG][0m itr   352, best 5575.3560, time  519.1, minPhero 0.01(235), stagnancy 1.3%
[35m[MSG][0m itr   353, best 5575.3560, time  520.6, minPhero 0.01(235), stagnancy 1.7%
[35m[MSG][0m itr   354, best 5575.3560, time  522.0, minPhero 0.01(235), stagnancy 2.0%
[35m[MSG][0m itr   355, best 5575.3560, time  523.4, minPhero 0.01(235), stagnancy 2.3%
[35m[MSG][0m itr   356, best 5575.3560, time  524.8, minPhero 0.01(235), stagnancy 2.7%
[35m[MSG][0m itr   357, best 5575.3560, time  526.3, minPhero 0.01(235), stagnancy 3.0%
[35m[MSG][0m itr   358, best 5575.3560, time  527.8, minPhero 0.01(235), stagnancy 3.3%
[35m[MSG][0m itr   359, best 5575.3560, time  529.2, minPhero 0.01(235), stagnancy 3.7%
[35m[MSG][0m itr   360, best 5575.3560, time  530.6, minPhero 0.01(235), stagnancy 4.0%
[35m[MSG][0m itr   361, best 5575.3560, time  532.0, minPhero 0.01(235), stagnancy 4.3%
[35m[MSG][0m itr   362, best 5575.3560, time  533.3, minPhero 0.01(232), stagnancy 4.7%
[35m[MSG][0m itr   363, best 5575.3560, time  534.8, minPhero 0.01(232), stagnancy 5.0%
[35m[MSG][0m itr   364, best 5575.3560, time  536.2, minPhero 0.01(232), stagnancy 5.3%
[35m[MSG][0m itr   365, best 5575.3560, time  537.7, minPhero 0.01(232), stagnancy 5.7%
[35m[MSG][0m itr   366, best 5575.3560, time  539.5, minPhero 0.01(232), stagnancy 6.0%
[35m[MSG][0m itr   367, best 5575.3560, time  541.5, minPhero 0.01(232), stagnancy 6.3%
[35m[MSG][0m itr   368, best 5575.3560, time  543.0, minPhero 0.01(232), stagnancy 6.7%
[35m[MSG][0m itr   369, best 5575.3560, time  544.5, minPhero 0.01(232), stagnancy 7.0%
[35m[MSG][0m itr   370, best 5575.3560, time  546.1, minPhero 0.01(232), stagnancy 7.3%
[35m[MSG][0m itr   371, best 5575.3560, time  547.7, minPhero 0.01(232), stagnancy 7.7%
[35m[MSG][0m itr   372, best 5575.3560, time  549.2, minPhero 0.01(232), stagnancy 8.0%
[35m[MSG][0m itr   373, best 5575.3560, time  550.8, minPhero 0.01(232), stagnancy 8.3%
[35m[MSG][0m itr   374, best 5575.3560, time  552.4, minPhero 0.01(232), stagnancy 8.7%
[35m[MSG][0m itr   375, best 5575.3560, time  554.2, minPhero 0.01(232), stagnancy 9.0%
[35m[MSG][0m itr   376, best 5575.3560, time  556.0, minPhero 0.01(232), stagnancy 9.3%
[35m[MSG][0m itr   377, best 5574.9229, time  557.9, minPhero 0.01(239), stagnancy 0.0%
[35m[MSG][0m itr   378, best 5574.9229, time  559.8, minPhero 0.01(239), stagnancy 0.3%
[35m[MSG][0m itr   379, best 5574.3481, time  561.7, minPhero 0.01(239), stagnancy 0.0%
[35m[MSG][0m itr   380, best 5574.3481, time  563.6, minPhero 0.01(239), stagnancy 0.3%
[35m[MSG][0m itr   381, best 5574.3477, time  565.3, minPhero 0.01(239), stagnancy 0.0%
[35m[MSG][0m itr   382, best 5574.3477, time  567.2, minPhero 0.01(239), stagnancy 0.3%
[35m[MSG][0m itr   383, best 5574.3477, time  569.1, minPhero 0.01(239), stagnancy 0.7%
[35m[MSG][0m itr   384, best 5574.3477, time  571.2, minPhero 0.01(239), stagnancy 1.0%
[35m[MSG][0m itr   385, best 5574.3477, time  573.1, minPhero 0.01(239), stagnancy 1.3%
[35m[MSG][0m itr   386, best 5574.3477, time  574.7, minPhero 0.01(239), stagnancy 1.7%
[35m[MSG][0m itr   387, best 5574.3477, time  576.1, minPhero 0.01(239), stagnancy 2.0%
[35m[MSG][0m itr   388, best 5574.3477, time  577.6, minPhero 0.01(239), stagnancy 2.3%
[35m[MSG][0m itr   389, best 5574.3477, time  579.3, minPhero 0.01(239), stagnancy 2.7%
[35m[MSG][0m itr   390, best 5574.3477, time  581.0, minPhero 0.01(239), stagnancy 3.0%
[35m[MSG][0m itr   391, best 5574.3477, time  582.7, minPhero 0.01(239), stagnancy 3.3%
[35m[MSG][0m itr   392, best 5574.3477, time  584.2, minPhero 0.01(239), stagnancy 3.7%
[35m[MSG][0m itr   393, best 5574.3477, time  585.7, minPhero 0.01(239), stagnancy 4.0%
[35m[MSG][0m itr   394, best 5574.3477, time  587.1, minPhero 0.01(237), stagnancy 4.3%
[35m[MSG][0m itr   395, best 5574.3477, time  589.0, minPhero 0.01(237), stagnancy 4.7%
[35m[MSG][0m itr   396, best 5574.3477, time  590.3, minPhero 0.01(237), stagnancy 5.0%
[35m[MSG][0m itr   397, best 5574.3477, time  591.7, minPhero 0.01(237), stagnancy 5.3%
[35m[MSG][0m itr   398, best 5574.3477, time  593.1, minPhero 0.01(237), stagnancy 5.7%
[35m[MSG][0m itr   399, best 5574.3477, time  594.5, minPhero 0.01(232), stagnancy 6.0%
[35m[MSG][0m itr   400, best 5574.3477, time  596.0, minPhero 0.01(232), stagnancy 6.3%
[35m[MSG][0m itr   401, best 5574.3477, time  597.5, minPhero 0.01(232), stagnancy 6.7%
[35m[MSG][0m itr   402, best 5574.3477, time  598.9, minPhero 0.01(232), stagnancy 7.0%
[35m[MSG][0m itr   403, best 5574.3477, time  600.4, minPhero 0.01(232), stagnancy 7.3%
[35m[MSG][0m itr   404, best 5574.3477, time  601.8, minPhero 0.01(232), stagnancy 7.7%
[35m[MSG][0m itr   405, best 5574.3477, time  603.2, minPhero 0.01(232), stagnancy 8.0%
[35m[MSG][0m itr   406, best 5574.3477, time  604.7, minPhero 0.01(232), stagnancy 8.3%
[35m[MSG][0m itr   407, best 5574.3477, time  606.1, minPhero 0.01(232), stagnancy 8.7%
[35m[MSG][0m itr   408, best 5574.3477, time  607.6, minPhero 0.01(232), stagnancy 9.0%
[35m[MSG][0m itr   409, best 5574.3477, time  609.1, minPhero 0.01(232), stagnancy 9.3%
[35m[MSG][0m itr   410, best 5574.3477, time  610.5, minPhero 0.01(232), stagnancy 9.7%
[35m[MSG][0m itr   411, best 5574.3477, time  612.0, minPhero 0.01(232), stagnancy 10.0%
[35m[MSG][0m itr   412, best 5574.3477, time  613.4, minPhero 0.01(232), stagnancy 10.3%
[35m[MSG][0m itr   413, best 5574.3477, time  614.9, minPhero 0.01(232), stagnancy 10.7%
[35m[MSG][0m itr   414, best 5574.3477, time  616.3, minPhero 0.01(232), stagnancy 11.0%
[35m[MSG][0m itr   415, best 5574.3477, time  617.8, minPhero 0.01(232), stagnancy 11.3%
[35m[MSG][0m itr   416, best 5574.3477, time  619.3, minPhero 0.01(232), stagnancy 11.7%
[35m[MSG][0m itr   417, best 5574.3477, time  620.7, minPhero 0.01(232), stagnancy 12.0%
[35m[MSG][0m itr   418, best 5574.3477, time  622.1, minPhero 0.01(232), stagnancy 12.3%
[35m[MSG][0m itr   419, best 5574.3477, time  623.6, minPhero 0.01(232), stagnancy 12.7%
[35m[MSG][0m itr   420, best 5574.3477, time  625.1, minPhero 0.01(232), stagnancy 13.0%
[35m[MSG][0m itr   421, best 5574.3477, time  626.5, minPhero 0.01(232), stagnancy 13.3%
[35m[MSG][0m itr   422, best 5574.3477, time  628.0, minPhero 0.01(232), stagnancy 13.7%
[35m[MSG][0m itr   423, best 5574.3477, time  629.5, minPhero 0.01(232), stagnancy 14.0%
[35m[MSG][0m itr   424, best 5574.3477, time  630.8, minPhero 0.01(232), stagnancy 14.3%
[35m[MSG][0m itr   425, best 5574.3477, time  632.3, minPhero 0.01(232), stagnancy 14.7%
[35m[MSG][0m itr   426, best 5574.3477, time  633.6, minPhero 0.01(232), stagnancy 15.0%
[35m[MSG][0m itr   427, best 5574.3477, time  635.0, minPhero 0.01(232), stagnancy 15.3%
[35m[MSG][0m itr   428, best 5574.3477, time  636.4, minPhero 0.01(232), stagnancy 15.7%
[35m[MSG][0m itr   429, best 5574.3477, time  637.7, minPhero 0.01(232), stagnancy 16.0%
[35m[MSG][0m itr   430, best 5574.3477, time  639.2, minPhero 0.01(232), stagnancy 16.3%
[35m[MSG][0m itr   431, best 5574.3477, time  640.5, minPhero 0.01(232), stagnancy 16.7%
[35m[MSG][0m itr   432, best 5574.3477, time  642.0, minPhero 0.01(232), stagnancy 17.0%
[35m[MSG][0m itr   433, best 5574.3477, time  643.4, minPhero 0.01(232), stagnancy 17.3%
[35m[MSG][0m itr   434, best 5574.3477, time  644.9, minPhero 0.01(232), stagnancy 17.7%
[35m[MSG][0m itr   435, best 5574.3477, time  646.2, minPhero 0.01(232), stagnancy 18.0%
[35m[MSG][0m itr   436, best 5574.3477, time  647.6, minPhero 0.01(232), stagnancy 18.3%
[35m[MSG][0m itr   437, best 5574.3477, time  649.1, minPhero 0.01(232), stagnancy 18.7%
[35m[MSG][0m itr   438, best 5574.3477, time  650.4, minPhero 0.01(232), stagnancy 19.0%
[35m[MSG][0m itr   439, best 5574.3477, time  651.9, minPhero 0.01(232), stagnancy 19.3%
[35m[MSG][0m itr   440, best 5574.3477, time  653.3, minPhero 0.01(232), stagnancy 19.7%
[35m[MSG][0m itr   441, best 5574.3477, time  654.7, minPhero 0.01(232), stagnancy 20.0%
[35m[MSG][0m itr   442, best 5574.3477, time  656.1, minPhero 0.01(232), stagnancy 20.3%
[35m[MSG][0m itr   443, best 5574.3477, time  657.6, minPhero 0.01(232), stagnancy 20.7%
[35m[MSG][0m itr   444, best 5574.3477, time  659.0, minPhero 0.01(232), stagnancy 21.0%
[35m[MSG][0m itr   445, best 5574.3477, time  660.5, minPhero 0.01(232), stagnancy 21.3%
[35m[MSG][0m itr   446, best 5574.3477, time  661.9, minPhero 0.01(232), stagnancy 21.7%
[35m[MSG][0m itr   447, best 5574.3477, time  663.4, minPhero 0.01(232), stagnancy 22.0%
[35m[MSG][0m itr   448, best 5574.3477, time  664.8, minPhero 0.01(232), stagnancy 22.3%
[35m[MSG][0m itr   449, best 5574.3477, time  666.3, minPhero 0.01(232), stagnancy 22.7%
[35m[MSG][0m itr   450, best 5574.3477, time  667.8, minPhero 0.01(232), stagnancy 23.0%
[35m[MSG][0m itr   451, best 5574.3477, time  669.2, minPhero 0.01(232), stagnancy 23.3%
[35m[MSG][0m itr   452, best 5574.3477, time  670.7, minPhero 0.01(232), stagnancy 23.7%
[35m[MSG][0m itr   453, best 5574.3477, time  672.2, minPhero 0.01(232), stagnancy 24.0%
[35m[MSG][0m itr   454, best 5574.3477, time  673.6, minPhero 0.01(232), stagnancy 24.3%
[35m[MSG][0m itr   455, best 5574.3477, time  675.1, minPhero 0.01(232), stagnancy 24.7%
[35m[MSG][0m itr   456, best 5574.3477, time  676.6, minPhero 0.01(232), stagnancy 25.0%
[35m[MSG][0m itr   457, best 5574.3477, time  678.0, minPhero 0.01(232), stagnancy 25.3%
[35m[MSG][0m itr   458, best 5574.3477, time  679.5, minPhero 0.01(232), stagnancy 25.7%
[35m[MSG][0m itr   459, best 5574.3477, time  680.9, minPhero 0.01(232), stagnancy 26.0%
[35m[MSG][0m itr   460, best 5574.3477, time  682.4, minPhero 0.01(232), stagnancy 26.3%
[35m[MSG][0m itr   461, best 5574.3477, time  683.8, minPhero 0.01(232), stagnancy 26.7%
[35m[MSG][0m itr   462, best 5574.3477, time  685.3, minPhero 0.01(232), stagnancy 27.0%
[35m[MSG][0m itr   463, best 5574.3477, time  686.7, minPhero 0.01(232), stagnancy 27.3%
[35m[MSG][0m itr   464, best 5574.3477, time  688.1, minPhero 0.01(232), stagnancy 27.7%
[35m[MSG][0m itr   465, best 5574.3477, time  689.6, minPhero 0.01(232), stagnancy 28.0%
[35m[MSG][0m itr   466, best 5574.3477, time  691.0, minPhero 0.01(232), stagnancy 28.3%
[35m[MSG][0m itr   467, best 5574.3477, time  692.4, minPhero 0.01(232), stagnancy 28.7%
[35m[MSG][0m itr   468, best 5574.3477, time  693.9, minPhero 0.01(232), stagnancy 29.0%
[35m[MSG][0m itr   469, best 5574.3477, time  695.4, minPhero 0.01(232), stagnancy 29.3%
[35m[MSG][0m itr   470, best 5574.3477, time  696.8, minPhero 0.01(232), stagnancy 29.7%
[35m[MSG][0m itr   471, best 5574.3477, time  698.2, minPhero 0.01(232), stagnancy 30.0%
[35m[MSG][0m itr   472, best 5574.3477, time  699.7, minPhero 0.01(232), stagnancy 30.3%
[35m[MSG][0m itr   473, best 5574.3477, time  701.1, minPhero 0.01(232), stagnancy 30.7%
[35m[MSG][0m itr   474, best 5574.3477, time  702.6, minPhero 0.01(232), stagnancy 31.0%
[35m[MSG][0m itr   475, best 5574.3477, time  704.0, minPhero 0.01(232), stagnancy 31.3%
[35m[MSG][0m itr   476, best 5574.3477, time  705.5, minPhero 0.01(232), stagnancy 31.7%
[35m[MSG][0m itr   477, best 5574.3477, time  706.9, minPhero 0.01(232), stagnancy 32.0%
[35m[MSG][0m itr   478, best 5574.3477, time  708.4, minPhero 0.01(232), stagnancy 32.3%
[35m[MSG][0m itr   479, best 5574.3477, time  709.8, minPhero 0.01(232), stagnancy 32.7%
[35m[MSG][0m itr   480, best 5574.3477, time  711.1, minPhero 0.01(232), stagnancy 33.0%
[35m[MSG][0m itr   481, best 5574.3477, time  712.5, minPhero 0.01(232), stagnancy 33.3%
[35m[MSG][0m itr   482, best 5574.3477, time  714.0, minPhero 0.01(232), stagnancy 33.7%
[35m[MSG][0m itr   483, best 5574.3477, time  715.4, minPhero 0.01(232), stagnancy 34.0%
[35m[MSG][0m itr   484, best 5574.3477, time  716.9, minPhero 0.01(232), stagnancy 34.3%
[35m[MSG][0m itr   485, best 5574.3477, time  718.3, minPhero 0.01(232), stagnancy 34.7%
[35m[MSG][0m itr   486, best 5574.3477, time  719.7, minPhero 0.01(232), stagnancy 35.0%
[35m[MSG][0m itr   487, best 5574.3477, time  721.2, minPhero 0.01(232), stagnancy 35.3%
[35m[MSG][0m itr   488, best 5574.3477, time  722.6, minPhero 0.01(232), stagnancy 35.7%
[35m[MSG][0m itr   489, best 5574.3477, time  724.1, minPhero 0.01(232), stagnancy 36.0%
[35m[MSG][0m itr   490, best 5574.3477, time  725.5, minPhero 0.01(232), stagnancy 36.3%
[35m[MSG][0m itr   491, best 5574.3477, time  727.0, minPhero 0.01(232), stagnancy 36.7%
[35m[MSG][0m itr   492, best 5574.3477, time  728.4, minPhero 0.01(232), stagnancy 37.0%
[35m[MSG][0m itr   493, best 5574.3477, time  729.8, minPhero 0.01(232), stagnancy 37.3%
[35m[MSG][0m itr   494, best 5574.3477, time  731.1, minPhero 0.01(232), stagnancy 37.7%
[35m[MSG][0m itr   495, best 5574.3477, time  732.6, minPhero 0.01(232), stagnancy 38.0%
[35m[MSG][0m itr   496, best 5574.3477, time  734.0, minPhero 0.01(232), stagnancy 38.3%
[35m[MSG][0m itr   497, best 5574.3477, time  735.5, minPhero 0.01(232), stagnancy 38.7%
[35m[MSG][0m itr   498, best 5574.3477, time  736.9, minPhero 0.01(232), stagnancy 39.0%
[35m[MSG][0m itr   499, best 5574.3477, time  738.4, minPhero 0.01(232), stagnancy 39.3%
[35m[MSG][0m itr   500, best 5574.3477, time  739.8, minPhero 0.01(232), stagnancy 39.7%
[35m[MSG][0m itr   501, best 5574.3477, time  741.3, minPhero 0.01(232), stagnancy 40.0%
[35m[MSG][0m itr   502, best 5574.3477, time  742.7, minPhero 0.01(232), stagnancy 40.3%
[35m[MSG][0m itr   503, best 5574.3477, time  744.2, minPhero 0.01(232), stagnancy 40.7%
[35m[MSG][0m itr   504, best 5574.3477, time  745.6, minPhero 0.01(232), stagnancy 41.0%
[35m[MSG][0m itr   505, best 5574.3477, time  747.1, minPhero 0.01(232), stagnancy 41.3%
[35m[MSG][0m itr   506, best 5574.3477, time  748.5, minPhero 0.01(232), stagnancy 41.7%
[35m[MSG][0m itr   507, best 5574.3477, time  750.0, minPhero 0.01(232), stagnancy 42.0%
[35m[MSG][0m itr   508, best 5574.3477, time  751.4, minPhero 0.01(232), stagnancy 42.3%
[35m[MSG][0m itr   509, best 5574.3477, time  752.9, minPhero 0.01(232), stagnancy 42.7%
[35m[MSG][0m itr   510, best 5574.3477, time  754.3, minPhero 0.01(232), stagnancy 43.0%
[35m[MSG][0m itr   511, best 5574.3477, time  755.8, minPhero 0.01(232), stagnancy 43.3%
[35m[MSG][0m itr   512, best 5574.3477, time  757.3, minPhero 0.01(232), stagnancy 43.7%
[35m[MSG][0m itr   513, best 5574.3477, time  758.7, minPhero 0.01(232), stagnancy 44.0%
[35m[MSG][0m itr   514, best 5574.3477, time  760.2, minPhero 0.01(232), stagnancy 44.3%
[35m[MSG][0m itr   515, best 5574.3477, time  761.6, minPhero 0.01(232), stagnancy 44.7%
[35m[MSG][0m itr   516, best 5574.3477, time  763.1, minPhero 0.01(232), stagnancy 45.0%
[35m[MSG][0m itr   517, best 5574.3477, time  764.6, minPhero 0.01(232), stagnancy 45.3%
[35m[MSG][0m itr   518, best 5574.3477, time  766.0, minPhero 0.01(232), stagnancy 45.7%
[35m[MSG][0m itr   519, best 5574.3477, time  767.5, minPhero 0.01(232), stagnancy 46.0%
[35m[MSG][0m itr   520, best 5574.3477, time  768.9, minPhero 0.01(232), stagnancy 46.3%
[35m[MSG][0m itr   521, best 5574.3477, time  770.4, minPhero 0.01(232), stagnancy 46.7%
[35m[MSG][0m itr   522, best 5574.3477, time  771.8, minPhero 0.01(232), stagnancy 47.0%
[35m[MSG][0m itr   523, best 5574.3477, time  773.3, minPhero 0.01(232), stagnancy 47.3%
[35m[MSG][0m itr   524, best 5574.3477, time  774.7, minPhero 0.01(232), stagnancy 47.7%
[35m[MSG][0m itr   525, best 5574.3477, time  776.2, minPhero 0.01(232), stagnancy 48.0%
[35m[MSG][0m itr   526, best 5574.3477, time  777.7, minPhero 0.01(232), stagnancy 48.3%
[35m[MSG][0m itr   527, best 5574.3477, time  779.1, minPhero 0.01(232), stagnancy 48.7%
[35m[MSG][0m itr   528, best 5574.3477, time  780.5, minPhero 0.01(232), stagnancy 49.0%
[35m[MSG][0m itr   529, best 5574.3477, time  782.0, minPhero 0.01(232), stagnancy 49.3%
[35m[MSG][0m itr   530, best 5574.3477, time  783.4, minPhero 0.01(232), stagnancy 49.7%
[35m[MSG][0m itr   531, best 5574.3477, time  784.9, minPhero 0.01(232), stagnancy 50.0%
[35m[MSG][0m itr   532, best 5574.3477, time  786.4, minPhero 0.01(232), stagnancy 50.3%
[35m[MSG][0m itr   533, best 5574.3477, time  787.8, minPhero 0.01(232), stagnancy 50.7%
[35m[MSG][0m itr   534, best 5574.3477, time  789.3, minPhero 0.01(232), stagnancy 51.0%
[35m[MSG][0m itr   535, best 5574.3477, time  790.8, minPhero 0.01(232), stagnancy 51.3%
[35m[MSG][0m itr   536, best 5574.3477, time  792.2, minPhero 0.01(232), stagnancy 51.7%
[35m[MSG][0m itr   537, best 5574.3477, time  793.7, minPhero 0.01(232), stagnancy 52.0%
[35m[MSG][0m itr   538, best 5574.3477, time  795.1, minPhero 0.01(232), stagnancy 52.3%
[35m[MSG][0m itr   539, best 5574.3477, time  796.5, minPhero 0.01(232), stagnancy 52.7%
[35m[MSG][0m itr   540, best 5574.3477, time  798.0, minPhero 0.01(232), stagnancy 53.0%
[35m[MSG][0m itr   541, best 5574.3477, time  799.4, minPhero 0.01(232), stagnancy 53.3%
[35m[MSG][0m itr   542, best 5574.3477, time  800.9, minPhero 0.01(232), stagnancy 53.7%
[35m[MSG][0m itr   543, best 5574.3477, time  802.4, minPhero 0.01(232), stagnancy 54.0%
[35m[MSG][0m itr   544, best 5574.3477, time  803.8, minPhero 0.01(232), stagnancy 54.3%
[35m[MSG][0m itr   545, best 5574.3477, time  805.3, minPhero 0.01(232), stagnancy 54.7%
[35m[MSG][0m itr   546, best 5574.3477, time  806.7, minPhero 0.01(232), stagnancy 55.0%
[35m[MSG][0m itr   547, best 5574.3477, time  808.2, minPhero 0.01(232), stagnancy 55.3%
[35m[MSG][0m itr   548, best 5574.3477, time  809.7, minPhero 0.01(232), stagnancy 55.7%
[35m[MSG][0m itr   549, best 5574.3477, time  811.1, minPhero 0.01(232), stagnancy 56.0%
[35m[MSG][0m itr   550, best 5574.3477, time  812.5, minPhero 0.01(232), stagnancy 56.3%
[35m[MSG][0m itr   551, best 5574.3477, time  814.0, minPhero 0.01(232), stagnancy 56.7%
[35m[MSG][0m itr   552, best 5574.3477, time  815.5, minPhero 0.01(232), stagnancy 57.0%
[35m[MSG][0m itr   553, best 5574.3477, time  816.9, minPhero 0.01(232), stagnancy 57.3%
[35m[MSG][0m itr   554, best 5574.3477, time  818.4, minPhero 0.01(232), stagnancy 57.7%
[35m[MSG][0m itr   555, best 5574.3477, time  819.8, minPhero 0.01(232), stagnancy 58.0%
[35m[MSG][0m itr   556, best 5574.3477, time  821.3, minPhero 0.01(232), stagnancy 58.3%
[35m[MSG][0m itr   557, best 5574.3477, time  822.7, minPhero 0.01(232), stagnancy 58.7%
[35m[MSG][0m itr   558, best 5574.3477, time  824.2, minPhero 0.01(232), stagnancy 59.0%
[35m[MSG][0m itr   559, best 5574.3477, time  825.6, minPhero 0.01(232), stagnancy 59.3%
[35m[MSG][0m itr   560, best 5574.3477, time  827.1, minPhero 0.01(232), stagnancy 59.7%
[35m[MSG][0m itr   561, best 5574.3477, time  828.5, minPhero 0.01(232), stagnancy 60.0%
[35m[MSG][0m itr   562, best 5574.3477, time  830.0, minPhero 0.01(232), stagnancy 60.3%
[35m[MSG][0m itr   563, best 5574.3477, time  831.5, minPhero 0.01(232), stagnancy 60.7%
[35m[MSG][0m itr   564, best 5574.3477, time  832.9, minPhero 0.01(232), stagnancy 61.0%
[35m[MSG][0m itr   565, best 5574.3477, time  834.3, minPhero 0.01(232), stagnancy 61.3%
[35m[MSG][0m itr   566, best 5574.3477, time  835.8, minPhero 0.01(232), stagnancy 61.7%
[35m[MSG][0m itr   567, best 5574.3477, time  837.3, minPhero 0.01(232), stagnancy 62.0%
[35m[MSG][0m itr   568, best 5574.3477, time  838.6, minPhero 0.01(232), stagnancy 62.3%
[35m[MSG][0m itr   569, best 5574.3477, time  840.0, minPhero 0.01(232), stagnancy 62.7%
[35m[MSG][0m itr   570, best 5574.3477, time  841.5, minPhero 0.01(232), stagnancy 63.0%
[35m[MSG][0m itr   571, best 5574.3477, time  843.0, minPhero 0.01(232), stagnancy 63.3%
[35m[MSG][0m itr   572, best 5574.3477, time  844.4, minPhero 0.01(232), stagnancy 63.7%
[35m[MSG][0m itr   573, best 5574.3477, time  845.9, minPhero 0.01(232), stagnancy 64.0%
[35m[MSG][0m itr   574, best 5574.3477, time  847.3, minPhero 0.01(232), stagnancy 64.3%
[35m[MSG][0m itr   575, best 5574.3477, time  848.8, minPhero 0.01(232), stagnancy 64.7%
[35m[MSG][0m itr   576, best 5574.3477, time  850.1, minPhero 0.01(232), stagnancy 65.0%
[35m[MSG][0m itr   577, best 5574.3477, time  851.5, minPhero 0.01(232), stagnancy 65.3%
[35m[MSG][0m itr   578, best 5574.3477, time  852.9, minPhero 0.01(232), stagnancy 65.7%
[35m[MSG][0m itr   579, best 5574.3477, time  854.4, minPhero 0.01(232), stagnancy 66.0%
[35m[MSG][0m itr   580, best 5574.3477, time  855.9, minPhero 0.01(232), stagnancy 66.3%
[35m[MSG][0m itr   581, best 5574.3477, time  857.3, minPhero 0.01(232), stagnancy 66.7%
[35m[MSG][0m itr   582, best 5574.3477, time  858.8, minPhero 0.01(232), stagnancy 67.0%
[35m[MSG][0m itr   583, best 5574.3477, time  860.2, minPhero 0.01(232), stagnancy 67.3%
[35m[MSG][0m itr   584, best 5574.3477, time  861.6, minPhero 0.01(232), stagnancy 67.7%
[35m[MSG][0m itr   585, best 5574.3477, time  863.1, minPhero 0.01(232), stagnancy 68.0%
[35m[MSG][0m itr   586, best 5574.3477, time  864.5, minPhero 0.01(232), stagnancy 68.3%
[35m[MSG][0m itr   587, best 5574.3477, time  866.0, minPhero 0.01(232), stagnancy 68.7%
[35m[MSG][0m itr   588, best 5574.3477, time  867.4, minPhero 0.01(232), stagnancy 69.0%
[35m[MSG][0m itr   589, best 5574.3477, time  868.9, minPhero 0.01(232), stagnancy 69.3%
[35m[MSG][0m itr   590, best 5574.3477, time  870.4, minPhero 0.01(232), stagnancy 69.7%
[35m[MSG][0m itr   591, best 5574.3477, time  871.8, minPhero 0.01(232), stagnancy 70.0%
[35m[MSG][0m itr   592, best 5574.3477, time  873.3, minPhero 0.01(232), stagnancy 70.3%
[35m[MSG][0m itr   593, best 5574.3477, time  874.7, minPhero 0.01(232), stagnancy 70.7%
[35m[MSG][0m itr   594, best 5574.3477, time  876.2, minPhero 0.01(232), stagnancy 71.0%
[35m[MSG][0m itr   595, best 5574.3477, time  877.6, minPhero 0.01(232), stagnancy 71.3%
[35m[MSG][0m itr   596, best 5574.3477, time  879.1, minPhero 0.01(232), stagnancy 71.7%
[35m[MSG][0m itr   597, best 5574.3477, time  880.5, minPhero 0.01(232), stagnancy 72.0%
[35m[MSG][0m itr   598, best 5574.3477, time  882.0, minPhero 0.01(232), stagnancy 72.3%
[35m[MSG][0m itr   599, best 5574.3477, time  883.4, minPhero 0.01(232), stagnancy 72.7%
[35m[MSG][0m itr   600, best 5574.3477, time  884.9, minPhero 0.01(232), stagnancy 73.0%
[35m[MSG][0m itr   601, best 5574.3477, time  886.3, minPhero 0.01(232), stagnancy 73.3%
[35m[MSG][0m itr   602, best 5574.3477, time  887.8, minPhero 0.01(232), stagnancy 73.7%
[35m[MSG][0m itr   603, best 5574.3477, time  889.2, minPhero 0.01(232), stagnancy 74.0%
[35m[MSG][0m itr   604, best 5574.3477, time  890.7, minPhero 0.01(232), stagnancy 74.3%
[35m[MSG][0m itr   605, best 5574.3477, time  892.2, minPhero 0.01(232), stagnancy 74.7%
[35m[MSG][0m itr   606, best 5574.3477, time  893.6, minPhero 0.01(232), stagnancy 75.0%
[35m[MSG][0m itr   607, best 5574.3477, time  895.1, minPhero 0.01(232), stagnancy 75.3%
[35m[MSG][0m itr   608, best 5574.3477, time  896.4, minPhero 0.01(232), stagnancy 75.7%
[35m[MSG][0m itr   609, best 5574.3477, time  897.8, minPhero 0.01(232), stagnancy 76.0%
[35m[MSG][0m itr   610, best 5574.3477, time  899.3, minPhero 0.01(232), stagnancy 76.3%
[35m[MSG][0m itr   611, best 5574.3477, time  900.7, minPhero 0.01(232), stagnancy 76.7%
[35m[MSG][0m itr   612, best 5574.3477, time  902.2, minPhero 0.01(232), stagnancy 77.0%
[35m[MSG][0m itr   613, best 5574.3477, time  903.7, minPhero 0.01(232), stagnancy 77.3%
[35m[MSG][0m itr   614, best 5574.3477, time  905.1, minPhero 0.01(232), stagnancy 77.7%
[35m[MSG][0m itr   615, best 5574.3477, time  906.6, minPhero 0.01(232), stagnancy 78.0%
[35m[MSG][0m itr   616, best 5574.3477, time  908.0, minPhero 0.01(232), stagnancy 78.3%
[35m[MSG][0m itr   617, best 5574.3477, time  909.5, minPhero 0.01(232), stagnancy 78.7%
[35m[MSG][0m itr   618, best 5574.3477, time  910.9, minPhero 0.01(232), stagnancy 79.0%
[35m[MSG][0m itr   619, best 5574.3477, time  912.4, minPhero 0.01(232), stagnancy 79.3%
[35m[MSG][0m itr   620, best 5574.3477, time  913.8, minPhero 0.01(232), stagnancy 79.7%
[35m[MSG][0m itr   621, best 5574.3477, time  915.3, minPhero 0.01(232), stagnancy 80.0%
[35m[MSG][0m itr   622, best 5574.3477, time  916.7, minPhero 0.01(232), stagnancy 80.3%
[35m[MSG][0m itr   623, best 5574.3477, time  918.2, minPhero 0.01(232), stagnancy 80.7%
[35m[MSG][0m itr   624, best 5574.3477, time  919.6, minPhero 0.01(232), stagnancy 81.0%
[35m[MSG][0m itr   625, best 5574.3477, time  921.1, minPhero 0.01(232), stagnancy 81.3%
[35m[MSG][0m itr   626, best 5574.3477, time  922.5, minPhero 0.01(232), stagnancy 81.7%
[35m[MSG][0m itr   627, best 5574.3477, time  924.0, minPhero 0.01(232), stagnancy 82.0%
[35m[MSG][0m itr   628, best 5574.3477, time  925.5, minPhero 0.01(232), stagnancy 82.3%
[35m[MSG][0m itr   629, best 5574.3477, time  926.9, minPhero 0.01(232), stagnancy 82.7%
[35m[MSG][0m itr   630, best 5574.3477, time  928.4, minPhero 0.01(232), stagnancy 83.0%
[35m[MSG][0m itr   631, best 5574.3477, time  929.7, minPhero 0.01(232), stagnancy 83.3%
[35m[MSG][0m itr   632, best 5574.3477, time  931.2, minPhero 0.01(232), stagnancy 83.7%
[35m[MSG][0m itr   633, best 5574.3477, time  932.6, minPhero 0.01(232), stagnancy 84.0%
[35m[MSG][0m itr   634, best 5574.3477, time  934.1, minPhero 0.01(232), stagnancy 84.3%
[35m[MSG][0m itr   635, best 5574.3477, time  935.6, minPhero 0.01(232), stagnancy 84.7%
[35m[MSG][0m itr   636, best 5574.3477, time  937.0, minPhero 0.01(232), stagnancy 85.0%
[35m[MSG][0m itr   637, best 5574.3477, time  938.4, minPhero 0.01(232), stagnancy 85.3%
[35m[MSG][0m itr   638, best 5574.3477, time  939.9, minPhero 0.01(232), stagnancy 85.7%
[35m[MSG][0m itr   639, best 5574.3477, time  941.3, minPhero 0.01(232), stagnancy 86.0%
[35m[MSG][0m itr   640, best 5574.3477, time  942.8, minPhero 0.01(232), stagnancy 86.3%
[35m[MSG][0m itr   641, best 5574.3477, time  944.2, minPhero 0.01(232), stagnancy 86.7%
[35m[MSG][0m itr   642, best 5574.3477, time  945.7, minPhero 0.01(232), stagnancy 87.0%
[35m[MSG][0m itr   643, best 5574.3477, time  947.1, minPhero 0.01(232), stagnancy 87.3%
[35m[MSG][0m itr   644, best 5574.3477, time  948.6, minPhero 0.01(232), stagnancy 87.7%
[35m[MSG][0m itr   645, best 5574.3477, time  950.1, minPhero 0.01(232), stagnancy 88.0%
[35m[MSG][0m itr   646, best 5574.3477, time  951.4, minPhero 0.01(232), stagnancy 88.3%
[35m[MSG][0m itr   647, best 5574.3477, time  952.9, minPhero 0.01(232), stagnancy 88.7%
[35m[MSG][0m itr   648, best 5574.3477, time  954.3, minPhero 0.01(232), stagnancy 89.0%
[35m[MSG][0m itr   649, best 5574.3477, time  955.7, minPhero 0.01(232), stagnancy 89.3%
[35m[MSG][0m itr   650, best 5574.3477, time  957.2, minPhero 0.01(232), stagnancy 89.7%
[35m[MSG][0m itr   651, best 5574.3477, time  958.7, minPhero 0.01(232), stagnancy 90.0%
[35m[MSG][0m itr   652, best 5574.3477, time  960.1, minPhero 0.01(232), stagnancy 90.3%
[35m[MSG][0m itr   653, best 5574.3477, time  961.6, minPhero 0.01(232), stagnancy 90.7%
[35m[MSG][0m itr   654, best 5574.3477, time  963.0, minPhero 0.01(232), stagnancy 91.0%
[35m[MSG][0m itr   655, best 5574.3477, time  964.5, minPhero 0.01(232), stagnancy 91.3%
[35m[MSG][0m itr   656, best 5574.3477, time  965.9, minPhero 0.01(232), stagnancy 91.7%
[35m[MSG][0m itr   657, best 5574.3477, time  967.4, minPhero 0.01(232), stagnancy 92.0%
[35m[MSG][0m itr   658, best 5574.3477, time  968.8, minPhero 0.01(232), stagnancy 92.3%
[35m[MSG][0m itr   659, best 5574.3477, time  970.2, minPhero 0.01(232), stagnancy 92.7%
[35m[MSG][0m itr   660, best 5574.3477, time  971.6, minPhero 0.01(232), stagnancy 93.0%
[35m[MSG][0m itr   661, best 5574.3477, time  973.1, minPhero 0.01(232), stagnancy 93.3%
[35m[MSG][0m itr   662, best 5574.3477, time  974.5, minPhero 0.01(232), stagnancy 93.7%
[35m[MSG][0m itr   663, best 5574.3477, time  976.0, minPhero 0.01(232), stagnancy 94.0%
[35m[MSG][0m itr   664, best 5574.3477, time  977.4, minPhero 0.01(232), stagnancy 94.3%
[35m[MSG][0m itr   665, best 5574.3477, time  978.9, minPhero 0.01(232), stagnancy 94.7%
[35m[MSG][0m itr   666, best 5574.3477, time  980.3, minPhero 0.01(232), stagnancy 95.0%
[35m[MSG][0m itr   667, best 5574.3477, time  981.8, minPhero 0.01(232), stagnancy 95.3%
[35m[MSG][0m itr   668, best 5574.3477, time  983.2, minPhero 0.01(232), stagnancy 95.7%
[35m[MSG][0m itr   669, best 5574.3477, time  984.6, minPhero 0.01(232), stagnancy 96.0%
[35m[MSG][0m itr   670, best 5574.3477, time  986.1, minPhero 0.01(232), stagnancy 96.3%
[35m[MSG][0m itr   671, best 5574.3477, time  987.5, minPhero 0.01(232), stagnancy 96.7%
[35m[MSG][0m itr   672, best 5574.3477, time  989.0, minPhero 0.01(232), stagnancy 97.0%
[35m[MSG][0m itr   673, best 5574.3477, time  990.4, minPhero 0.01(232), stagnancy 97.3%
[35m[MSG][0m itr   674, best 5574.3477, time  991.8, minPhero 0.01(232), stagnancy 97.7%
[35m[MSG][0m itr   675, best 5574.3477, time  993.3, minPhero 0.01(232), stagnancy 98.0%
[35m[MSG][0m itr   676, best 5574.3477, time  994.7, minPhero 0.01(232), stagnancy 98.3%
[35m[MSG][0m itr   677, best 5574.3477, time  996.2, minPhero 0.01(232), stagnancy 98.7%
[35m[MSG][0m itr   678, best 5574.3477, time  997.6, minPhero 0.01(232), stagnancy 99.0%
[35m[MSG][0m itr   679, best 5574.3477, time  999.1, minPhero 0.01(232), stagnancy 99.3%
[35m[MSG][0m itr   680, best 5574.3477, time 1000.5, minPhero 0.01(232), stagnancy 99.7%
[35m[MSG][0m itr   681, best 5574.3477, time 1002.0, minPhero 0.01(232), stagnancy 100.0%
[35m[MSG][0m Solution converged. Reinitialising pheromones...
[35m[MSG][0m Time: 1002.00 s
[35m[MSG][0m Best cost: 5574.35
