[35m[MSG][0m Log level set to LOG_DEBUG
[35m[MSG][0m Parsing input from file "res/fruitybun250_2016.vrp"
[35m[MSG][0m Number of nodes: 250
[35m[MSG][0m Running ACO search
[35m[MSG][0m ACO settings: 
 alpha:     8.000
 beta:      1.000
 pers:      0.870
 minPhero:  0.015
 nbhood:    10
 popSize:   256
 maxStag:   300
[35m[MSG][0m itr     1, best 5769.0449, time    0.7, minPhero 0.87(28922), stagnancy 0.0%
[35m[MSG][0m itr     2, best 5769.0449, time    1.4, minPhero 0.76(28922), stagnancy 0.3%
[35m[MSG][0m itr     3, best 5744.1348, time    2.2, minPhero 0.66(28922), stagnancy 0.0%
[35m[MSG][0m itr     4, best 5744.1348, time    2.9, minPhero 0.57(28922), stagnancy 0.3%
[35m[MSG][0m itr     5, best 5744.1348, time    3.6, minPhero 0.50(28922), stagnancy 0.7%
[35m[MSG][0m itr     6, best 5744.1348, time    4.4, minPhero 0.43(28922), stagnancy 1.0%
[35m[MSG][0m itr     7, best 5743.4214, time    5.1, minPhero 0.38(28922), stagnancy 0.0%
[35m[MSG][0m itr     8, best 5743.4214, time    5.9, minPhero 0.33(28922), stagnancy 0.3%
[35m[MSG][0m itr     9, best 5708.5278, time    6.6, minPhero 0.29(28922), stagnancy 0.0%
[35m[MSG][0m itr    10, best 5708.5278, time    7.3, minPhero 0.25(28922), stagnancy 0.3%
[35m[MSG][0m itr    11, best 5708.5278, time    8.1, minPhero 0.22(28922), stagnancy 0.7%
[35m[MSG][0m itr    12, best 5696.7041, time    8.8, minPhero 0.19(28922), stagnancy 0.0%
[35m[MSG][0m itr    13, best 5696.7041, time    9.5, minPhero 0.16(28922), stagnancy 0.3%
[35m[MSG][0m itr    14, best 5696.7041, time   10.3, minPhero 0.14(28922), stagnancy 0.7%
[35m[MSG][0m itr    15, best 5666.1729, time   11.0, minPhero 0.12(28922), stagnancy 0.0%
[35m[MSG][0m itr    16, best 5666.1729, time   11.8, minPhero 0.11(28922), stagnancy 0.3%
[35m[MSG][0m itr    17, best 5666.1729, time   12.5, minPhero 0.09(28922), stagnancy 0.7%
[35m[MSG][0m itr    18, best 5666.1729, time   13.3, minPhero 0.08(28922), stagnancy 1.0%
[35m[MSG][0m itr    19, best 5666.1729, time   13.9, minPhero 0.07(28922), stagnancy 1.3%
[35m[MSG][0m itr    20, best 5666.1729, time   14.7, minPhero 0.06(28922), stagnancy 1.7%
[35m[MSG][0m itr    21, best 5666.1729, time   15.4, minPhero 0.05(28922), stagnancy 2.0%
[35m[MSG][0m itr    22, best 5646.2998, time   16.1, minPhero 0.05(28922), stagnancy 0.0%
[35m[MSG][0m itr    23, best 5646.2998, time   16.9, minPhero 0.04(28922), stagnancy 0.3%
[35m[MSG][0m itr    24, best 5646.2998, time   17.6, minPhero 0.04(28922), stagnancy 0.7%
[35m[MSG][0m itr    25, best 5646.2998, time   18.4, minPhero 0.03(28922), stagnancy 1.0%
[35m[MSG][0m itr    26, best 5646.2998, time   19.2, minPhero 0.03(28922), stagnancy 1.3%
[35m[MSG][0m itr    27, best 5646.2998, time   19.9, minPhero 0.02(534), stagnancy 1.7%
[35m[MSG][0m itr    28, best 5642.2339, time   20.7, minPhero 0.02(535), stagnancy 0.0%
[35m[MSG][0m itr    29, best 5642.2339, time   21.4, minPhero 0.02(479), stagnancy 0.3%
[35m[MSG][0m itr    30, best 5642.2339, time   22.2, minPhero 0.02(479), stagnancy 0.7%
[35m[MSG][0m itr    31, best 5638.0161, time   22.9, minPhero 0.01(447), stagnancy 0.0%
[35m[MSG][0m itr    32, best 5626.7192, time   23.7, minPhero 0.01(393), stagnancy 0.0%
[35m[MSG][0m itr    33, best 5626.7192, time   24.4, minPhero 0.01(387), stagnancy 0.3%
[35m[MSG][0m itr    34, best 5626.7192, time   25.2, minPhero 0.01(349), stagnancy 0.7%
[35m[MSG][0m itr    35, best 5626.7192, time   25.9, minPhero 0.01(341), stagnancy 1.0%
[35m[MSG][0m itr    36, best 5623.0161, time   26.7, minPhero 0.01(312), stagnancy 0.0%
[35m[MSG][0m itr    37, best 5621.3076, time   27.4, minPhero 0.01(310), stagnancy 0.0%
[35m[MSG][0m itr    38, best 5618.3525, time   28.2, minPhero 0.01(303), stagnancy 0.0%
[35m[MSG][0m itr    39, best 5618.3525, time   28.9, minPhero 0.01(296), stagnancy 0.3%
[35m[MSG][0m itr    40, best 5618.3525, time   29.7, minPhero 0.01(292), stagnancy 0.7%
[35m[MSG][0m itr    41, best 5615.0205, time   30.4, minPhero 0.01(291), stagnancy 0.0%
[35m[MSG][0m itr    42, best 5615.0205, time   31.1, minPhero 0.01(291), stagnancy 0.3%
[35m[MSG][0m itr    43, best 5615.0205, time   31.8, minPhero 0.01(291), stagnancy 0.7%
[35m[MSG][0m itr    44, best 5615.0205, time   32.5, minPhero 0.01(289), stagnancy 1.0%
[35m[MSG][0m itr    45, best 5614.4692, time   33.2, minPhero 0.01(287), stagnancy 0.0%
[35m[MSG][0m itr    46, best 5609.4497, time   34.0, minPhero 0.01(291), stagnancy 0.0%
[35m[MSG][0m itr    47, best 5609.4497, time   34.7, minPhero 0.01(284), stagnancy 0.3%
[35m[MSG][0m itr    48, best 5609.4497, time   35.4, minPhero 0.01(283), stagnancy 0.7%
[35m[MSG][0m itr    49, best 5609.4497, time   36.2, minPhero 0.01(281), stagnancy 1.0%
[35m[MSG][0m itr    50, best 5606.1475, time   36.9, minPhero 0.01(275), stagnancy 0.0%
[35m[MSG][0m itr    51, best 5606.1475, time   37.7, minPhero 0.01(271), stagnancy 0.3%
[35m[MSG][0m itr    52, best 5606.1475, time   38.4, minPhero 0.01(271), stagnancy 0.7%
[35m[MSG][0m itr    53, best 5606.1475, time   39.1, minPhero 0.01(267), stagnancy 1.0%
[35m[MSG][0m itr    54, best 5605.4961, time   39.9, minPhero 0.01(267), stagnancy 0.0%
[35m[MSG][0m itr    55, best 5605.4961, time   40.6, minPhero 0.01(267), stagnancy 0.3%
[35m[MSG][0m itr    56, best 5605.4961, time   41.3, minPhero 0.01(259), stagnancy 0.7%
[35m[MSG][0m itr    57, best 5605.4912, time   42.1, minPhero 0.01(258), stagnancy 0.0%
[35m[MSG][0m itr    58, best 5605.4912, time   42.8, minPhero 0.01(251), stagnancy 0.3%
[35m[MSG][0m itr    59, best 5605.4912, time   43.6, minPhero 0.01(247), stagnancy 0.7%
[35m[MSG][0m itr    60, best 5605.4912, time   44.3, minPhero 0.01(247), stagnancy 1.0%
[35m[MSG][0m itr    61, best 5604.3315, time   45.1, minPhero 0.01(248), stagnancy 0.0%
[35m[MSG][0m itr    62, best 5604.1807, time   45.8, minPhero 0.01(246), stagnancy 0.0%
[35m[MSG][0m itr    63, best 5604.1807, time   46.5, minPhero 0.01(246), stagnancy 0.3%
[35m[MSG][0m itr    64, best 5604.1807, time   47.2, minPhero 0.01(246), stagnancy 0.7%
[35m[MSG][0m itr    65, best 5603.8608, time   48.0, minPhero 0.01(249), stagnancy 0.0%
[35m[MSG][0m itr    66, best 5603.8608, time   48.7, minPhero 0.01(249), stagnancy 0.3%
[35m[MSG][0m itr    67, best 5603.6201, time   49.5, minPhero 0.01(252), stagnancy 0.0%
[35m[MSG][0m itr    68, best 5602.7271, time   50.2, minPhero 0.01(255), stagnancy 0.0%
[35m[MSG][0m itr    69, best 5602.7271, time   50.9, minPhero 0.01(255), stagnancy 0.3%
[35m[MSG][0m itr    70, best 5602.5767, time   51.7, minPhero 0.01(255), stagnancy 0.0%
[35m[MSG][0m itr    71, best 5602.5767, time   52.4, minPhero 0.01(251), stagnancy 0.3%
[35m[MSG][0m itr    72, best 5601.2661, time   53.2, minPhero 0.01(250), stagnancy 0.0%
[35m[MSG][0m itr    73, best 5601.2661, time   53.9, minPhero 0.01(248), stagnancy 0.3%
[35m[MSG][0m itr    74, best 5601.2661, time   54.6, minPhero 0.01(248), stagnancy 0.7%
[35m[MSG][0m itr    75, best 5601.2661, time   55.4, minPhero 0.01(248), stagnancy 1.0%
[35m[MSG][0m itr    76, best 5601.2661, time   56.1, minPhero 0.01(248), stagnancy 1.3%
[35m[MSG][0m itr    77, best 5601.2637, time   56.9, minPhero 0.01(249), stagnancy 0.0%
[35m[MSG][0m itr    78, best 5601.2637, time   57.6, minPhero 0.01(249), stagnancy 0.3%
[35m[MSG][0m itr    79, best 5601.2632, time   58.3, minPhero 0.01(249), stagnancy 0.0%
[35m[MSG][0m itr    80, best 5601.2632, time   59.1, minPhero 0.01(246), stagnancy 0.3%
[35m[MSG][0m itr    81, best 5601.2632, time   59.8, minPhero 0.01(246), stagnancy 0.7%
[35m[MSG][0m itr    82, best 5601.2632, time   60.5, minPhero 0.01(246), stagnancy 1.0%
[35m[MSG][0m itr    83, best 5599.9814, time   61.3, minPhero 0.01(254), stagnancy 0.0%
[35m[MSG][0m itr    84, best 5597.5640, time   62.0, minPhero 0.01(258), stagnancy 0.0%
[35m[MSG][0m itr    85, best 5596.0947, time   62.8, minPhero 0.01(261), stagnancy 0.0%
[35m[MSG][0m itr    86, best 5596.0947, time   63.5, minPhero 0.01(261), stagnancy 0.3%
[35m[MSG][0m itr    87, best 5596.0947, time   64.2, minPhero 0.01(261), stagnancy 0.7%
[35m[MSG][0m itr    88, best 5596.0942, time   65.0, minPhero 0.01(259), stagnancy 0.0%
[35m[MSG][0m itr    89, best 5596.0942, time   65.7, minPhero 0.01(259), stagnancy 0.3%
[35m[MSG][0m itr    90, best 5596.0942, time   66.4, minPhero 0.01(259), stagnancy 0.7%
[35m[MSG][0m itr    91, best 5596.0942, time   67.2, minPhero 0.01(259), stagnancy 1.0%
[35m[MSG][0m itr    92, best 5596.0942, time   67.9, minPhero 0.01(256), stagnancy 1.3%
[35m[MSG][0m itr    93, best 5596.0942, time   68.7, minPhero 0.01(254), stagnancy 1.7%
[35m[MSG][0m itr    94, best 5596.0942, time   69.4, minPhero 0.01(251), stagnancy 2.0%
[35m[MSG][0m itr    95, best 5595.5215, time   70.1, minPhero 0.01(253), stagnancy 0.0%
[35m[MSG][0m itr    96, best 5595.5210, time   70.9, minPhero 0.01(248), stagnancy 0.0%
[35m[MSG][0m itr    97, best 5595.5210, time   71.5, minPhero 0.01(244), stagnancy 0.3%
[35m[MSG][0m itr    98, best 5595.5210, time   72.2, minPhero 0.01(244), stagnancy 0.7%
[35m[MSG][0m itr    99, best 5595.5210, time   72.9, minPhero 0.01(244), stagnancy 1.0%
[35m[MSG][0m itr   100, best 5595.5210, time   73.7, minPhero 0.01(244), stagnancy 1.3%
[35m[MSG][0m itr   101, best 5595.5210, time   74.4, minPhero 0.01(244), stagnancy 1.7%
[35m[MSG][0m itr   102, best 5595.5210, time   75.1, minPhero 0.01(244), stagnancy 2.0%
[35m[MSG][0m itr   103, best 5595.5210, time   75.9, minPhero 0.01(243), stagnancy 2.3%
[35m[MSG][0m itr   104, best 5595.5210, time   76.6, minPhero 0.01(243), stagnancy 2.7%
[35m[MSG][0m itr   105, best 5595.5210, time   77.3, minPhero 0.01(243), stagnancy 3.0%
[35m[MSG][0m itr   106, best 5595.5210, time   78.1, minPhero 0.01(243), stagnancy 3.3%
[35m[MSG][0m itr   107, best 5595.5210, time   78.8, minPhero 0.01(243), stagnancy 3.7%
[35m[MSG][0m itr   108, best 5595.5205, time   79.5, minPhero 0.01(243), stagnancy 0.0%
[35m[MSG][0m itr   109, best 5593.3467, time   80.3, minPhero 0.01(252), stagnancy 0.0%
[35m[MSG][0m itr   110, best 5591.8755, time   81.0, minPhero 0.01(255), stagnancy 0.0%
[35m[MSG][0m itr   111, best 5587.7358, time   81.8, minPhero 0.01(257), stagnancy 0.0%
[35m[MSG][0m itr   112, best 5585.2568, time   82.5, minPhero 0.01(257), stagnancy 0.0%
[35m[MSG][0m itr   113, best 5580.8682, time   83.2, minPhero 0.01(261), stagnancy 0.0%
[35m[MSG][0m itr   114, best 5580.8682, time   84.0, minPhero 0.01(261), stagnancy 0.3%
[35m[MSG][0m itr   115, best 5580.8682, time   84.7, minPhero 0.01(261), stagnancy 0.7%
[35m[MSG][0m itr   116, best 5580.6929, time   85.5, minPhero 0.01(262), stagnancy 0.0%
[35m[MSG][0m itr   117, best 5580.6929, time   86.2, minPhero 0.01(262), stagnancy 0.3%
[35m[MSG][0m itr   118, best 5580.4912, time   87.0, minPhero 0.01(264), stagnancy 0.0%
[35m[MSG][0m itr   119, best 5580.3047, time   87.7, minPhero 0.01(268), stagnancy 0.0%
[35m[MSG][0m itr   120, best 5579.7314, time   88.4, minPhero 0.01(268), stagnancy 0.0%
[35m[MSG][0m itr   121, best 5579.7314, time   89.2, minPhero 0.01(268), stagnancy 0.3%
[35m[MSG][0m itr   122, best 5579.7314, time   89.9, minPhero 0.01(263), stagnancy 0.7%
[35m[MSG][0m itr   123, best 5579.7314, time   90.7, minPhero 0.01(261), stagnancy 1.0%
[35m[MSG][0m itr   124, best 5579.7314, time   91.4, minPhero 0.01(257), stagnancy 1.3%
[35m[MSG][0m itr   125, best 5579.7314, time   92.1, minPhero 0.01(257), stagnancy 1.7%
[35m[MSG][0m itr   126, best 5579.7314, time   92.9, minPhero 0.01(257), stagnancy 2.0%
[35m[MSG][0m itr   127, best 5579.7314, time   93.6, minPhero 0.01(257), stagnancy 2.3%
[35m[MSG][0m itr   128, best 5579.6772, time   94.4, minPhero 0.01(258), stagnancy 0.0%
[35m[MSG][0m itr   129, best 5579.6772, time   95.1, minPhero 0.01(258), stagnancy 0.3%
[35m[MSG][0m itr   130, best 5579.6772, time   95.8, minPhero 0.01(258), stagnancy 0.7%
[35m[MSG][0m itr   131, best 5579.6772, time   96.6, minPhero 0.01(256), stagnancy 1.0%
[35m[MSG][0m itr   132, best 5579.6772, time   97.3, minPhero 0.01(256), stagnancy 1.3%
[35m[MSG][0m itr   133, best 5579.6772, time   98.1, minPhero 0.01(254), stagnancy 1.7%
[35m[MSG][0m itr   134, best 5578.9800, time   98.8, minPhero 0.01(264), stagnancy 0.0%
[35m[MSG][0m itr   135, best 5578.9800, time   99.6, minPhero 0.01(252), stagnancy 0.3%
[35m[MSG][0m itr   136, best 5578.9253, time  100.3, minPhero 0.01(251), stagnancy 0.0%
[35m[MSG][0m itr   137, best 5573.6680, time  101.0, minPhero 0.01(258), stagnancy 0.0%
[35m[MSG][0m itr   138, best 5573.6680, time  101.8, minPhero 0.01(258), stagnancy 0.3%
[35m[MSG][0m itr   139, best 5573.6680, time  102.5, minPhero 0.01(256), stagnancy 0.7%
[35m[MSG][0m itr   140, best 5573.6680, time  103.3, minPhero 0.01(256), stagnancy 1.0%
[35m[MSG][0m itr   141, best 5573.6680, time  104.0, minPhero 0.01(256), stagnancy 1.3%
[35m[MSG][0m itr   142, best 5573.6680, time  104.8, minPhero 0.01(255), stagnancy 1.7%
[35m[MSG][0m itr   143, best 5572.2510, time  105.5, minPhero 0.01(254), stagnancy 0.0%
[35m[MSG][0m itr   144, best 5572.2510, time  106.3, minPhero 0.01(254), stagnancy 0.3%
[35m[MSG][0m itr   145, best 5572.2510, time  107.0, minPhero 0.01(252), stagnancy 0.7%
[35m[MSG][0m itr   146, best 5572.2510, time  107.8, minPhero 0.01(252), stagnancy 1.0%
[35m[MSG][0m itr   147, best 5572.2510, time  108.5, minPhero 0.01(252), stagnancy 1.3%
[35m[MSG][0m itr   148, best 5572.2510, time  109.3, minPhero 0.01(252), stagnancy 1.7%
[35m[MSG][0m itr   149, best 5571.5815, time  110.0, minPhero 0.01(258), stagnancy 0.0%
[35m[MSG][0m itr   150, best 5571.5815, time  110.7, minPhero 0.01(258), stagnancy 0.3%
[35m[MSG][0m itr   151, best 5571.5811, time  111.5, minPhero 0.01(258), stagnancy 0.0%
[35m[MSG][0m itr   152, best 5567.5952, time  112.2, minPhero 0.01(263), stagnancy 0.0%
[35m[MSG][0m itr   153, best 5567.5952, time  113.0, minPhero 0.01(263), stagnancy 0.3%
[35m[MSG][0m itr   154, best 5567.0669, time  113.7, minPhero 0.01(264), stagnancy 0.0%
[35m[MSG][0m itr   155, best 5567.0669, time  114.5, minPhero 0.01(261), stagnancy 0.3%
[35m[MSG][0m itr   156, best 5567.0669, time  115.2, minPhero 0.01(261), stagnancy 0.7%
[35m[MSG][0m itr   157, best 5565.5386, time  116.0, minPhero 0.01(265), stagnancy 0.0%
[35m[MSG][0m itr   158, best 5565.5386, time  116.7, minPhero 0.01(264), stagnancy 0.3%
[35m[MSG][0m itr   159, best 5565.5386, time  117.4, minPhero 0.01(264), stagnancy 0.7%
[35m[MSG][0m itr   160, best 5565.5386, time  118.2, minPhero 0.01(257), stagnancy 1.0%
[35m[MSG][0m itr   161, best 5565.5386, time  119.0, minPhero 0.01(257), stagnancy 1.3%
[35m[MSG][0m itr   162, best 5565.4272, time  119.7, minPhero 0.01(259), stagnancy 0.0%
[35m[MSG][0m itr   163, best 5565.4272, time  120.5, minPhero 0.01(254), stagnancy 0.3%
[35m[MSG][0m itr   164, best 5565.4272, time  121.1, minPhero 0.01(254), stagnancy 0.7%
[35m[MSG][0m itr   165, best 5565.4272, time  121.8, minPhero 0.01(252), stagnancy 1.0%
[35m[MSG][0m itr   166, best 5559.5337, time  122.6, minPhero 0.01(261), stagnancy 0.0%
[35m[MSG][0m itr   167, best 5559.5337, time  123.3, minPhero 0.01(261), stagnancy 0.3%
[35m[MSG][0m itr   168, best 5559.5337, time  124.0, minPhero 0.01(260), stagnancy 0.7%
[35m[MSG][0m itr   169, best 5559.5337, time  124.8, minPhero 0.01(260), stagnancy 1.0%
[35m[MSG][0m itr   170, best 5559.5337, time  125.5, minPhero 0.01(254), stagnancy 1.3%
[35m[MSG][0m itr   171, best 5559.5337, time  126.3, minPhero 0.01(254), stagnancy 1.7%
[35m[MSG][0m itr   172, best 5559.5337, time  127.0, minPhero 0.01(254), stagnancy 2.0%
[35m[MSG][0m itr   173, best 5559.5337, time  127.8, minPhero 0.01(254), stagnancy 2.3%
[35m[MSG][0m itr   174, best 5559.5337, time  128.5, minPhero 0.01(254), stagnancy 2.7%
[35m[MSG][0m itr   175, best 5559.5337, time  129.3, minPhero 0.01(254), stagnancy 3.0%
[35m[MSG][0m itr   176, best 5559.5337, time  130.0, minPhero 0.01(254), stagnancy 3.3%
[35m[MSG][0m itr   177, best 5559.5337, time  130.8, minPhero 0.01(253), stagnancy 3.7%
[35m[MSG][0m itr   178, best 5559.5337, time  131.5, minPhero 0.01(251), stagnancy 4.0%
[35m[MSG][0m itr   179, best 5559.5337, time  132.2, minPhero 0.01(251), stagnancy 4.3%
[35m[MSG][0m itr   180, best 5559.5337, time  133.0, minPhero 0.01(249), stagnancy 4.7%
[35m[MSG][0m itr   181, best 5559.5337, time  133.8, minPhero 0.01(249), stagnancy 5.0%
[35m[MSG][0m itr   182, best 5559.5337, time  134.5, minPhero 0.01(248), stagnancy 5.3%
[35m[MSG][0m itr   183, best 5559.5337, time  135.2, minPhero 0.01(244), stagnancy 5.7%
[35m[MSG][0m itr   184, best 5559.5337, time  136.0, minPhero 0.01(244), stagnancy 6.0%
[35m[MSG][0m itr   185, best 5559.5337, time  136.7, minPhero 0.01(244), stagnancy 6.3%
[35m[MSG][0m itr   186, best 5559.5337, time  137.5, minPhero 0.01(244), stagnancy 6.7%
[35m[MSG][0m itr   187, best 5559.5337, time  138.2, minPhero 0.01(244), stagnancy 7.0%
[35m[MSG][0m itr   188, best 5559.5337, time  139.0, minPhero 0.01(242), stagnancy 7.3%
[35m[MSG][0m itr   189, best 5559.5337, time  139.7, minPhero 0.01(242), stagnancy 7.7%
[35m[MSG][0m itr   190, best 5559.5337, time  140.5, minPhero 0.01(240), stagnancy 8.0%
[35m[MSG][0m itr   191, best 5559.5337, time  141.2, minPhero 0.01(239), stagnancy 8.3%
[35m[MSG][0m itr   192, best 5559.5332, time  141.9, minPhero 0.01(232), stagnancy 0.0%
[35m[MSG][0m itr   193, best 5559.5332, time  142.7, minPhero 0.01(232), stagnancy 0.3%
[35m[MSG][0m itr   194, best 5559.5332, time  143.4, minPhero 0.01(232), stagnancy 0.7%
[35m[MSG][0m itr   195, best 5559.5332, time  144.1, minPhero 0.01(232), stagnancy 1.0%
[35m[MSG][0m itr   196, best 5559.5332, time  144.9, minPhero 0.01(232), stagnancy 1.3%
[35m[MSG][0m itr   197, best 5559.5332, time  145.6, minPhero 0.01(232), stagnancy 1.7%
[35m[MSG][0m itr   198, best 5559.5332, time  146.4, minPhero 0.01(232), stagnancy 2.0%
[35m[MSG][0m itr   199, best 5559.5332, time  147.1, minPhero 0.01(232), stagnancy 2.3%
[35m[MSG][0m itr   200, best 5559.5332, time  147.9, minPhero 0.01(232), stagnancy 2.7%
[35m[MSG][0m itr   201, best 5559.5332, time  148.6, minPhero 0.01(232), stagnancy 3.0%
[35m[MSG][0m itr   202, best 5559.5332, time  149.3, minPhero 0.01(232), stagnancy 3.3%
[35m[MSG][0m itr   203, best 5559.5332, time  150.1, minPhero 0.01(232), stagnancy 3.7%
[35m[MSG][0m itr   204, best 5559.5332, time  150.9, minPhero 0.01(232), stagnancy 4.0%
[35m[MSG][0m itr   205, best 5559.5332, time  151.6, minPhero 0.01(232), stagnancy 4.3%
[35m[MSG][0m itr   206, best 5559.5332, time  152.4, minPhero 0.01(232), stagnancy 4.7%
[35m[MSG][0m itr   207, best 5559.5332, time  153.1, minPhero 0.01(232), stagnancy 5.0%
[35m[MSG][0m itr   208, best 5559.5332, time  153.9, minPhero 0.01(232), stagnancy 5.3%
[35m[MSG][0m itr   209, best 5559.5332, time  154.6, minPhero 0.01(232), stagnancy 5.7%
[35m[MSG][0m itr   210, best 5559.5332, time  155.4, minPhero 0.01(232), stagnancy 6.0%
[35m[MSG][0m itr   211, best 5559.5332, time  156.2, minPhero 0.01(232), stagnancy 6.3%
[35m[MSG][0m itr   212, best 5559.5332, time  156.9, minPhero 0.01(232), stagnancy 6.7%
[35m[MSG][0m itr   213, best 5559.5332, time  157.7, minPhero 0.01(232), stagnancy 7.0%
[35m[MSG][0m itr   214, best 5559.5332, time  158.4, minPhero 0.01(232), stagnancy 7.3%
[35m[MSG][0m itr   215, best 5559.5332, time  159.1, minPhero 0.01(232), stagnancy 7.7%
[35m[MSG][0m itr   216, best 5559.5332, time  159.9, minPhero 0.01(232), stagnancy 8.0%
[35m[MSG][0m itr   217, best 5559.5332, time  160.7, minPhero 0.01(232), stagnancy 8.3%
[35m[MSG][0m itr   218, best 5559.5332, time  161.4, minPhero 0.01(232), stagnancy 8.7%
[35m[MSG][0m itr   219, best 5559.5332, time  162.1, minPhero 0.01(232), stagnancy 9.0%
[35m[MSG][0m itr   220, best 5559.5332, time  162.9, minPhero 0.01(232), stagnancy 9.3%
[35m[MSG][0m itr   221, best 5559.5332, time  163.6, minPhero 0.01(232), stagnancy 9.7%
[35m[MSG][0m itr   222, best 5559.5332, time  164.3, minPhero 0.01(232), stagnancy 10.0%
[35m[MSG][0m itr   223, best 5559.5332, time  165.1, minPhero 0.01(232), stagnancy 10.3%
[35m[MSG][0m itr   224, best 5559.5332, time  165.8, minPhero 0.01(232), stagnancy 10.7%
[35m[MSG][0m itr   225, best 5559.5332, time  166.6, minPhero 0.01(232), stagnancy 11.0%
[35m[MSG][0m itr   226, best 5559.5332, time  167.3, minPhero 0.01(232), stagnancy 11.3%
[35m[MSG][0m itr   227, best 5559.5332, time  168.0, minPhero 0.01(232), stagnancy 11.7%
[35m[MSG][0m itr   228, best 5559.5332, time  168.8, minPhero 0.01(232), stagnancy 12.0%
[35m[MSG][0m itr   229, best 5559.5332, time  169.5, minPhero 0.01(232), stagnancy 12.3%
[35m[MSG][0m itr   230, best 5559.5332, time  170.2, minPhero 0.01(232), stagnancy 12.7%
[35m[MSG][0m itr   231, best 5559.5332, time  170.9, minPhero 0.01(232), stagnancy 13.0%
[35m[MSG][0m itr   232, best 5559.5332, time  171.6, minPhero 0.01(232), stagnancy 13.3%
[35m[MSG][0m itr   233, best 5559.5332, time  172.3, minPhero 0.01(232), stagnancy 13.7%
[35m[MSG][0m itr   234, best 5559.5332, time  173.0, minPhero 0.01(232), stagnancy 14.0%
[35m[MSG][0m itr   235, best 5559.5332, time  173.7, minPhero 0.01(232), stagnancy 14.3%
[35m[MSG][0m itr   236, best 5559.5332, time  174.5, minPhero 0.01(232), stagnancy 14.7%
[35m[MSG][0m itr   237, best 5559.5332, time  175.2, minPhero 0.01(232), stagnancy 15.0%
[35m[MSG][0m itr   238, best 5559.5332, time  176.0, minPhero 0.01(232), stagnancy 15.3%
[35m[MSG][0m itr   239, best 5559.5332, time  176.7, minPhero 0.01(232), stagnancy 15.7%
[35m[MSG][0m itr   240, best 5559.5332, time  177.4, minPhero 0.01(232), stagnancy 16.0%
[35m[MSG][0m itr   241, best 5559.5332, time  178.2, minPhero 0.01(232), stagnancy 16.3%
[35m[MSG][0m itr   242, best 5559.5332, time  178.9, minPhero 0.01(232), stagnancy 16.7%
[35m[MSG][0m itr   243, best 5559.5332, time  179.7, minPhero 0.01(232), stagnancy 17.0%
[35m[MSG][0m itr   244, best 5559.5332, time  180.4, minPhero 0.01(232), stagnancy 17.3%
[35m[MSG][0m itr   245, best 5559.5332, time  181.2, minPhero 0.01(232), stagnancy 17.7%
[35m[MSG][0m itr   246, best 5559.5332, time  181.9, minPhero 0.01(232), stagnancy 18.0%
[35m[MSG][0m itr   247, best 5559.5332, time  182.7, minPhero 0.01(232), stagnancy 18.3%
[35m[MSG][0m itr   248, best 5559.5332, time  183.4, minPhero 0.01(232), stagnancy 18.7%
[35m[MSG][0m itr   249, best 5559.5332, time  184.1, minPhero 0.01(232), stagnancy 19.0%
[35m[MSG][0m itr   250, best 5559.5332, time  184.9, minPhero 0.01(232), stagnancy 19.3%
[35m[MSG][0m itr   251, best 5559.5332, time  185.6, minPhero 0.01(232), stagnancy 19.7%
[35m[MSG][0m itr   252, best 5559.5332, time  186.3, minPhero 0.01(232), stagnancy 20.0%
[35m[MSG][0m itr   253, best 5559.5332, time  187.1, minPhero 0.01(232), stagnancy 20.3%
[35m[MSG][0m itr   254, best 5559.5332, time  187.8, minPhero 0.01(232), stagnancy 20.7%
[35m[MSG][0m itr   255, best 5559.5332, time  188.6, minPhero 0.01(232), stagnancy 21.0%
[35m[MSG][0m itr   256, best 5559.5332, time  189.3, minPhero 0.01(232), stagnancy 21.3%
[35m[MSG][0m itr   257, best 5559.5332, time  190.0, minPhero 0.01(232), stagnancy 21.7%
[35m[MSG][0m itr   258, best 5559.5332, time  190.8, minPhero 0.01(232), stagnancy 22.0%
[35m[MSG][0m itr   259, best 5559.5332, time  191.5, minPhero 0.01(232), stagnancy 22.3%
[35m[MSG][0m itr   260, best 5559.5332, time  192.3, minPhero 0.01(232), stagnancy 22.7%
[35m[MSG][0m itr   261, best 5559.5332, time  193.0, minPhero 0.01(232), stagnancy 23.0%
[35m[MSG][0m itr   262, best 5559.5332, time  193.8, minPhero 0.01(232), stagnancy 23.3%
[35m[MSG][0m itr   263, best 5559.5332, time  194.5, minPhero 0.01(232), stagnancy 23.7%
[35m[MSG][0m itr   264, best 5559.5332, time  195.3, minPhero 0.01(232), stagnancy 24.0%
[35m[MSG][0m itr   265, best 5559.5332, time  196.0, minPhero 0.01(232), stagnancy 24.3%
[35m[MSG][0m itr   266, best 5559.5332, time  196.7, minPhero 0.01(232), stagnancy 24.7%
[35m[MSG][0m itr   267, best 5559.5332, time  197.5, minPhero 0.01(232), stagnancy 25.0%
[35m[MSG][0m itr   268, best 5559.5332, time  198.2, minPhero 0.01(232), stagnancy 25.3%
[35m[MSG][0m itr   269, best 5559.5332, time  199.0, minPhero 0.01(232), stagnancy 25.7%
[35m[MSG][0m itr   270, best 5559.5332, time  199.7, minPhero 0.01(232), stagnancy 26.0%
[35m[MSG][0m itr   271, best 5559.5332, time  200.4, minPhero 0.01(232), stagnancy 26.3%
[35m[MSG][0m itr   272, best 5559.5332, time  201.1, minPhero 0.01(232), stagnancy 26.7%
[35m[MSG][0m itr   273, best 5559.5332, time  201.8, minPhero 0.01(232), stagnancy 27.0%
[35m[MSG][0m itr   274, best 5559.5332, time  202.4, minPhero 0.01(232), stagnancy 27.3%
[35m[MSG][0m itr   275, best 5559.5332, time  203.1, minPhero 0.01(232), stagnancy 27.7%
[35m[MSG][0m itr   276, best 5559.5332, time  203.8, minPhero 0.01(232), stagnancy 28.0%
[35m[MSG][0m itr   277, best 5559.5332, time  204.6, minPhero 0.01(232), stagnancy 28.3%
[35m[MSG][0m itr   278, best 5559.5332, time  205.3, minPhero 0.01(232), stagnancy 28.7%
[35m[MSG][0m itr   279, best 5559.5332, time  206.1, minPhero 0.01(232), stagnancy 29.0%
[35m[MSG][0m itr   280, best 5559.5332, time  206.8, minPhero 0.01(232), stagnancy 29.3%
[35m[MSG][0m itr   281, best 5559.5332, time  207.6, minPhero 0.01(232), stagnancy 29.7%
[35m[MSG][0m itr   282, best 5559.5332, time  208.3, minPhero 0.01(232), stagnancy 30.0%
[35m[MSG][0m itr   283, best 5559.5332, time  209.1, minPhero 0.01(232), stagnancy 30.3%
[35m[MSG][0m itr   284, best 5559.5332, time  209.8, minPhero 0.01(232), stagnancy 30.7%
[35m[MSG][0m itr   285, best 5559.5332, time  210.6, minPhero 0.01(232), stagnancy 31.0%
[35m[MSG][0m itr   286, best 5559.5332, time  211.3, minPhero 0.01(232), stagnancy 31.3%
[35m[MSG][0m itr   287, best 5559.5332, time  212.1, minPhero 0.01(232), stagnancy 31.7%
[35m[MSG][0m itr   288, best 5559.5332, time  212.7, minPhero 0.01(232), stagnancy 32.0%
[35m[MSG][0m itr   289, best 5559.5332, time  213.4, minPhero 0.01(232), stagnancy 32.3%
[35m[MSG][0m itr   290, best 5559.5332, time  214.1, minPhero 0.01(232), stagnancy 32.7%
[35m[MSG][0m itr   291, best 5559.5332, time  214.7, minPhero 0.01(232), stagnancy 33.0%
[35m[MSG][0m itr   292, best 5559.5332, time  215.4, minPhero 0.01(232), stagnancy 33.3%
[35m[MSG][0m itr   293, best 5559.5332, time  216.1, minPhero 0.01(232), stagnancy 33.7%
[35m[MSG][0m itr   294, best 5559.5332, time  216.8, minPhero 0.01(232), stagnancy 34.0%
[35m[MSG][0m itr   295, best 5559.5332, time  217.5, minPhero 0.01(232), stagnancy 34.3%
[35m[MSG][0m itr   296, best 5559.5332, time  218.2, minPhero 0.01(232), stagnancy 34.7%
[35m[MSG][0m itr   297, best 5559.5332, time  218.9, minPhero 0.01(232), stagnancy 35.0%
[35m[MSG][0m itr   298, best 5559.5332, time  219.7, minPhero 0.01(232), stagnancy 35.3%
[35m[MSG][0m itr   299, best 5559.5332, time  220.4, minPhero 0.01(232), stagnancy 35.7%
[35m[MSG][0m itr   300, best 5559.5332, time  221.2, minPhero 0.01(232), stagnancy 36.0%
[35m[MSG][0m itr   301, best 5559.5332, time  221.9, minPhero 0.01(232), stagnancy 36.3%
[35m[MSG][0m itr   302, best 5559.5332, time  222.6, minPhero 0.01(232), stagnancy 36.7%
[35m[MSG][0m itr   303, best 5559.5332, time  223.4, minPhero 0.01(232), stagnancy 37.0%
[35m[MSG][0m itr   304, best 5559.5332, time  224.1, minPhero 0.01(232), stagnancy 37.3%
[35m[MSG][0m itr   305, best 5559.5332, time  224.9, minPhero 0.01(232), stagnancy 37.7%
[35m[MSG][0m itr   306, best 5559.5332, time  225.6, minPhero 0.01(232), stagnancy 38.0%
[35m[MSG][0m itr   307, best 5559.5332, time  226.3, minPhero 0.01(232), stagnancy 38.3%
[35m[MSG][0m itr   308, best 5559.5332, time  227.1, minPhero 0.01(232), stagnancy 38.7%
[35m[MSG][0m itr   309, best 5559.5332, time  227.8, minPhero 0.01(232), stagnancy 39.0%
[35m[MSG][0m itr   310, best 5559.5332, time  228.6, minPhero 0.01(232), stagnancy 39.3%
[35m[MSG][0m itr   311, best 5559.5332, time  229.3, minPhero 0.01(232), stagnancy 39.7%
[35m[MSG][0m itr   312, best 5559.5332, time  230.0, minPhero 0.01(232), stagnancy 40.0%
[35m[MSG][0m itr   313, best 5559.5332, time  230.8, minPhero 0.01(232), stagnancy 40.3%
[35m[MSG][0m itr   314, best 5559.5332, time  231.5, minPhero 0.01(232), stagnancy 40.7%
[35m[MSG][0m itr   315, best 5559.5332, time  232.3, minPhero 0.01(232), stagnancy 41.0%
[35m[MSG][0m itr   316, best 5559.5332, time  233.0, minPhero 0.01(232), stagnancy 41.3%
[35m[MSG][0m itr   317, best 5559.5332, time  233.7, minPhero 0.01(232), stagnancy 41.7%
[35m[MSG][0m itr   318, best 5559.5332, time  234.5, minPhero 0.01(232), stagnancy 42.0%
[35m[MSG][0m itr   319, best 5559.5332, time  235.2, minPhero 0.01(232), stagnancy 42.3%
[35m[MSG][0m itr   320, best 5559.5332, time  236.0, minPhero 0.01(232), stagnancy 42.7%
[35m[MSG][0m itr   321, best 5559.5332, time  236.7, minPhero 0.01(232), stagnancy 43.0%
[35m[MSG][0m itr   322, best 5559.5332, time  237.5, minPhero 0.01(232), stagnancy 43.3%
[35m[MSG][0m itr   323, best 5559.5332, time  238.2, minPhero 0.01(232), stagnancy 43.7%
[35m[MSG][0m itr   324, best 5559.5332, time  238.9, minPhero 0.01(232), stagnancy 44.0%
[35m[MSG][0m itr   325, best 5559.5332, time  239.7, minPhero 0.01(232), stagnancy 44.3%
[35m[MSG][0m itr   326, best 5559.5332, time  240.4, minPhero 0.01(232), stagnancy 44.7%
[35m[MSG][0m itr   327, best 5559.5332, time  241.2, minPhero 0.01(232), stagnancy 45.0%
[35m[MSG][0m itr   328, best 5559.5332, time  242.0, minPhero 0.01(232), stagnancy 45.3%
[35m[MSG][0m itr   329, best 5559.5332, time  242.7, minPhero 0.01(232), stagnancy 45.7%
[35m[MSG][0m itr   330, best 5559.5332, time  243.4, minPhero 0.01(232), stagnancy 46.0%
[35m[MSG][0m itr   331, best 5559.5332, time  244.2, minPhero 0.01(232), stagnancy 46.3%
[35m[MSG][0m itr   332, best 5559.5332, time  244.9, minPhero 0.01(232), stagnancy 46.7%
[35m[MSG][0m itr   333, best 5559.5332, time  245.7, minPhero 0.01(232), stagnancy 47.0%
[35m[MSG][0m itr   334, best 5559.5332, time  246.4, minPhero 0.01(232), stagnancy 47.3%
[35m[MSG][0m itr   335, best 5559.5332, time  247.1, minPhero 0.01(232), stagnancy 47.7%
[35m[MSG][0m itr   336, best 5559.5332, time  247.9, minPhero 0.01(232), stagnancy 48.0%
[35m[MSG][0m itr   337, best 5559.5332, time  248.6, minPhero 0.01(232), stagnancy 48.3%
[35m[MSG][0m itr   338, best 5559.5332, time  249.4, minPhero 0.01(232), stagnancy 48.7%
[35m[MSG][0m itr   339, best 5559.5332, time  250.1, minPhero 0.01(232), stagnancy 49.0%
[35m[MSG][0m itr   340, best 5559.5332, time  250.9, minPhero 0.01(232), stagnancy 49.3%
[35m[MSG][0m itr   341, best 5559.5332, time  251.6, minPhero 0.01(232), stagnancy 49.7%
[35m[MSG][0m itr   342, best 5559.5332, time  252.4, minPhero 0.01(232), stagnancy 50.0%
[35m[MSG][0m itr   343, best 5559.5332, time  253.1, minPhero 0.01(232), stagnancy 50.3%
[35m[MSG][0m itr   344, best 5559.5332, time  253.9, minPhero 0.01(232), stagnancy 50.7%
[35m[MSG][0m itr   345, best 5559.5332, time  254.6, minPhero 0.01(232), stagnancy 51.0%
[35m[MSG][0m itr   346, best 5559.5332, time  255.3, minPhero 0.01(232), stagnancy 51.3%
[35m[MSG][0m itr   347, best 5559.5332, time  256.1, minPhero 0.01(232), stagnancy 51.7%
[35m[MSG][0m itr   348, best 5559.5332, time  256.8, minPhero 0.01(232), stagnancy 52.0%
[35m[MSG][0m itr   349, best 5559.5332, time  257.6, minPhero 0.01(232), stagnancy 52.3%
[35m[MSG][0m itr   350, best 5559.5332, time  258.3, minPhero 0.01(232), stagnancy 52.7%
[35m[MSG][0m itr   351, best 5559.5332, time  259.0, minPhero 0.01(232), stagnancy 53.0%
[35m[MSG][0m itr   352, best 5559.5332, time  259.8, minPhero 0.01(232), stagnancy 53.3%
[35m[MSG][0m itr   353, best 5559.5332, time  260.6, minPhero 0.01(232), stagnancy 53.7%
[35m[MSG][0m itr   354, best 5559.5332, time  261.3, minPhero 0.01(232), stagnancy 54.0%
[35m[MSG][0m itr   355, best 5559.5332, time  262.1, minPhero 0.01(232), stagnancy 54.3%
[35m[MSG][0m itr   356, best 5559.5332, time  262.8, minPhero 0.01(232), stagnancy 54.7%
[35m[MSG][0m itr   357, best 5559.5332, time  263.5, minPhero 0.01(232), stagnancy 55.0%
[35m[MSG][0m itr   358, best 5559.5332, time  264.3, minPhero 0.01(232), stagnancy 55.3%
[35m[MSG][0m itr   359, best 5559.5332, time  265.0, minPhero 0.01(232), stagnancy 55.7%
[35m[MSG][0m itr   360, best 5559.5332, time  265.8, minPhero 0.01(232), stagnancy 56.0%
[35m[MSG][0m itr   361, best 5559.5332, time  266.5, minPhero 0.01(232), stagnancy 56.3%
[35m[MSG][0m itr   362, best 5559.5332, time  267.2, minPhero 0.01(232), stagnancy 56.7%
[35m[MSG][0m itr   363, best 5559.5332, time  268.0, minPhero 0.01(232), stagnancy 57.0%
[35m[MSG][0m itr   364, best 5559.5332, time  268.7, minPhero 0.01(232), stagnancy 57.3%
[35m[MSG][0m itr   365, best 5559.5332, time  269.5, minPhero 0.01(232), stagnancy 57.7%
[35m[MSG][0m itr   366, best 5559.5332, time  270.2, minPhero 0.01(232), stagnancy 58.0%
[35m[MSG][0m itr   367, best 5559.5332, time  270.9, minPhero 0.01(232), stagnancy 58.3%
[35m[MSG][0m itr   368, best 5559.5332, time  271.7, minPhero 0.01(232), stagnancy 58.7%
[35m[MSG][0m itr   369, best 5559.5332, time  272.4, minPhero 0.01(232), stagnancy 59.0%
[35m[MSG][0m itr   370, best 5559.5332, time  273.1, minPhero 0.01(232), stagnancy 59.3%
[35m[MSG][0m itr   371, best 5559.5332, time  273.8, minPhero 0.01(232), stagnancy 59.7%
[35m[MSG][0m itr   372, best 5559.5332, time  274.6, minPhero 0.01(232), stagnancy 60.0%
[35m[MSG][0m itr   373, best 5559.5332, time  275.3, minPhero 0.01(232), stagnancy 60.3%
[35m[MSG][0m itr   374, best 5559.5332, time  276.0, minPhero 0.01(232), stagnancy 60.7%
[35m[MSG][0m itr   375, best 5559.5332, time  276.8, minPhero 0.01(232), stagnancy 61.0%
[35m[MSG][0m itr   376, best 5559.5332, time  277.5, minPhero 0.01(232), stagnancy 61.3%
[35m[MSG][0m itr   377, best 5559.5332, time  278.3, minPhero 0.01(232), stagnancy 61.7%
[35m[MSG][0m itr   378, best 5559.5332, time  279.0, minPhero 0.01(232), stagnancy 62.0%
[35m[MSG][0m itr   379, best 5559.5332, time  279.8, minPhero 0.01(232), stagnancy 62.3%
[35m[MSG][0m itr   380, best 5559.5332, time  280.5, minPhero 0.01(232), stagnancy 62.7%
[35m[MSG][0m itr   381, best 5559.5332, time  281.2, minPhero 0.01(232), stagnancy 63.0%
[35m[MSG][0m itr   382, best 5559.5332, time  282.0, minPhero 0.01(232), stagnancy 63.3%
[35m[MSG][0m itr   383, best 5559.5332, time  282.7, minPhero 0.01(232), stagnancy 63.7%
[35m[MSG][0m itr   384, best 5559.5332, time  283.5, minPhero 0.01(232), stagnancy 64.0%
[35m[MSG][0m itr   385, best 5559.5332, time  284.2, minPhero 0.01(232), stagnancy 64.3%
[35m[MSG][0m itr   386, best 5559.5332, time  285.0, minPhero 0.01(232), stagnancy 64.7%
[35m[MSG][0m itr   387, best 5559.5332, time  285.7, minPhero 0.01(232), stagnancy 65.0%
[35m[MSG][0m itr   388, best 5559.5332, time  286.4, minPhero 0.01(232), stagnancy 65.3%
[35m[MSG][0m itr   389, best 5559.5332, time  287.2, minPhero 0.01(232), stagnancy 65.7%
[35m[MSG][0m itr   390, best 5559.5332, time  287.9, minPhero 0.01(232), stagnancy 66.0%
[35m[MSG][0m itr   391, best 5559.5332, time  288.7, minPhero 0.01(232), stagnancy 66.3%
[35m[MSG][0m itr   392, best 5559.5332, time  289.4, minPhero 0.01(232), stagnancy 66.7%
[35m[MSG][0m itr   393, best 5559.5332, time  290.2, minPhero 0.01(232), stagnancy 67.0%
[35m[MSG][0m itr   394, best 5559.5332, time  290.9, minPhero 0.01(232), stagnancy 67.3%
[35m[MSG][0m itr   395, best 5559.5332, time  291.7, minPhero 0.01(232), stagnancy 67.7%
[35m[MSG][0m itr   396, best 5559.5332, time  292.4, minPhero 0.01(232), stagnancy 68.0%
[35m[MSG][0m itr   397, best 5559.5332, time  293.2, minPhero 0.01(232), stagnancy 68.3%
[35m[MSG][0m itr   398, best 5559.5332, time  293.9, minPhero 0.01(232), stagnancy 68.7%
[35m[MSG][0m itr   399, best 5559.5332, time  294.6, minPhero 0.01(232), stagnancy 69.0%
[35m[MSG][0m itr   400, best 5559.5332, time  295.4, minPhero 0.01(232), stagnancy 69.3%
[35m[MSG][0m itr   401, best 5559.5332, time  296.1, minPhero 0.01(232), stagnancy 69.7%
[35m[MSG][0m itr   402, best 5559.5332, time  296.9, minPhero 0.01(232), stagnancy 70.0%
[35m[MSG][0m itr   403, best 5559.5332, time  297.6, minPhero 0.01(232), stagnancy 70.3%
[35m[MSG][0m itr   404, best 5559.5332, time  298.3, minPhero 0.01(232), stagnancy 70.7%
[35m[MSG][0m itr   405, best 5559.5332, time  299.0, minPhero 0.01(232), stagnancy 71.0%
[35m[MSG][0m itr   406, best 5559.5332, time  299.8, minPhero 0.01(232), stagnancy 71.3%
[35m[MSG][0m itr   407, best 5559.5332, time  300.5, minPhero 0.01(232), stagnancy 71.7%
[35m[MSG][0m itr   408, best 5559.5332, time  301.3, minPhero 0.01(232), stagnancy 72.0%
[35m[MSG][0m itr   409, best 5559.5332, time  302.0, minPhero 0.01(232), stagnancy 72.3%
[35m[MSG][0m itr   410, best 5559.5332, time  302.8, minPhero 0.01(232), stagnancy 72.7%
[35m[MSG][0m itr   411, best 5559.5332, time  303.5, minPhero 0.01(232), stagnancy 73.0%
[35m[MSG][0m itr   412, best 5559.5332, time  304.3, minPhero 0.01(232), stagnancy 73.3%
[35m[MSG][0m itr   413, best 5559.5332, time  305.0, minPhero 0.01(232), stagnancy 73.7%
[35m[MSG][0m itr   414, best 5559.5332, time  305.8, minPhero 0.01(232), stagnancy 74.0%
[35m[MSG][0m itr   415, best 5559.5332, time  306.5, minPhero 0.01(232), stagnancy 74.3%
[35m[MSG][0m itr   416, best 5559.5332, time  307.2, minPhero 0.01(232), stagnancy 74.7%
[35m[MSG][0m itr   417, best 5559.5332, time  308.0, minPhero 0.01(232), stagnancy 75.0%
[35m[MSG][0m itr   418, best 5559.5332, time  308.7, minPhero 0.01(232), stagnancy 75.3%
[35m[MSG][0m itr   419, best 5559.5332, time  309.5, minPhero 0.01(232), stagnancy 75.7%
[35m[MSG][0m itr   420, best 5559.5332, time  310.2, minPhero 0.01(232), stagnancy 76.0%
[35m[MSG][0m itr   421, best 5559.5332, time  310.9, minPhero 0.01(232), stagnancy 76.3%
[35m[MSG][0m itr   422, best 5559.5332, time  311.6, minPhero 0.01(232), stagnancy 76.7%
[35m[MSG][0m itr   423, best 5559.5332, time  312.4, minPhero 0.01(232), stagnancy 77.0%
[35m[MSG][0m itr   424, best 5559.5332, time  313.1, minPhero 0.01(232), stagnancy 77.3%
[35m[MSG][0m itr   425, best 5559.5332, time  313.9, minPhero 0.01(232), stagnancy 77.7%
[35m[MSG][0m itr   426, best 5559.5332, time  314.6, minPhero 0.01(232), stagnancy 78.0%
[35m[MSG][0m itr   427, best 5559.5332, time  315.4, minPhero 0.01(232), stagnancy 78.3%
[35m[MSG][0m itr   428, best 5559.5332, time  316.1, minPhero 0.01(232), stagnancy 78.7%
[35m[MSG][0m itr   429, best 5559.5332, time  316.8, minPhero 0.01(232), stagnancy 79.0%
[35m[MSG][0m itr   430, best 5559.5332, time  317.6, minPhero 0.01(232), stagnancy 79.3%
[35m[MSG][0m itr   431, best 5559.5332, time  318.3, minPhero 0.01(232), stagnancy 79.7%
[35m[MSG][0m itr   432, best 5559.5332, time  319.1, minPhero 0.01(232), stagnancy 80.0%
[35m[MSG][0m itr   433, best 5559.5332, time  319.8, minPhero 0.01(232), stagnancy 80.3%
[35m[MSG][0m itr   434, best 5559.5332, time  320.6, minPhero 0.01(232), stagnancy 80.7%
[35m[MSG][0m itr   435, best 5559.5332, time  321.3, minPhero 0.01(232), stagnancy 81.0%
[35m[MSG][0m itr   436, best 5559.5332, time  322.1, minPhero 0.01(232), stagnancy 81.3%
[35m[MSG][0m itr   437, best 5559.5332, time  322.8, minPhero 0.01(232), stagnancy 81.7%
[35m[MSG][0m itr   438, best 5559.5332, time  323.5, minPhero 0.01(232), stagnancy 82.0%
[35m[MSG][0m itr   439, best 5559.5332, time  324.3, minPhero 0.01(232), stagnancy 82.3%
[35m[MSG][0m itr   440, best 5559.5332, time  325.0, minPhero 0.01(232), stagnancy 82.7%
[35m[MSG][0m itr   441, best 5559.5332, time  325.8, minPhero 0.01(232), stagnancy 83.0%
[35m[MSG][0m itr   442, best 5559.5332, time  326.5, minPhero 0.01(232), stagnancy 83.3%
[35m[MSG][0m itr   443, best 5559.5332, time  327.3, minPhero 0.01(232), stagnancy 83.7%
[35m[MSG][0m itr   444, best 5559.5332, time  328.0, minPhero 0.01(232), stagnancy 84.0%
[35m[MSG][0m itr   445, best 5559.5332, time  328.8, minPhero 0.01(232), stagnancy 84.3%
[35m[MSG][0m itr   446, best 5559.5332, time  329.5, minPhero 0.01(232), stagnancy 84.7%
[35m[MSG][0m itr   447, best 5559.5332, time  330.3, minPhero 0.01(232), stagnancy 85.0%
[35m[MSG][0m itr   448, best 5559.5332, time  331.0, minPhero 0.01(232), stagnancy 85.3%
[35m[MSG][0m itr   449, best 5559.5332, time  331.8, minPhero 0.01(232), stagnancy 85.7%
[35m[MSG][0m itr   450, best 5559.5332, time  332.5, minPhero 0.01(232), stagnancy 86.0%
[35m[MSG][0m itr   451, best 5559.5332, time  333.1, minPhero 0.01(232), stagnancy 86.3%
[35m[MSG][0m itr   452, best 5559.5332, time  333.9, minPhero 0.01(232), stagnancy 86.7%
[35m[MSG][0m itr   453, best 5559.5332, time  334.6, minPhero 0.01(232), stagnancy 87.0%
[35m[MSG][0m itr   454, best 5559.5332, time  335.4, minPhero 0.01(232), stagnancy 87.3%
[35m[MSG][0m itr   455, best 5559.5332, time  336.1, minPhero 0.01(232), stagnancy 87.7%
[35m[MSG][0m itr   456, best 5559.5332, time  336.8, minPhero 0.01(232), stagnancy 88.0%
[35m[MSG][0m itr   457, best 5559.5332, time  337.6, minPhero 0.01(232), stagnancy 88.3%
[35m[MSG][0m itr   458, best 5559.5332, time  338.3, minPhero 0.01(232), stagnancy 88.7%
[35m[MSG][0m itr   459, best 5559.5332, time  339.1, minPhero 0.01(232), stagnancy 89.0%
[35m[MSG][0m itr   460, best 5559.5332, time  339.8, minPhero 0.01(232), stagnancy 89.3%
[35m[MSG][0m itr   461, best 5559.5332, time  340.6, minPhero 0.01(232), stagnancy 89.7%
[35m[MSG][0m itr   462, best 5559.5332, time  341.3, minPhero 0.01(232), stagnancy 90.0%
[35m[MSG][0m itr   463, best 5559.5332, time  342.0, minPhero 0.01(232), stagnancy 90.3%
[35m[MSG][0m itr   464, best 5559.5332, time  342.8, minPhero 0.01(232), stagnancy 90.7%
[35m[MSG][0m itr   465, best 5559.5332, time  343.5, minPhero 0.01(232), stagnancy 91.0%
[35m[MSG][0m itr   466, best 5559.5332, time  344.3, minPhero 0.01(232), stagnancy 91.3%
[35m[MSG][0m itr   467, best 5559.5332, time  345.0, minPhero 0.01(232), stagnancy 91.7%
[35m[MSG][0m itr   468, best 5559.5332, time  345.8, minPhero 0.01(232), stagnancy 92.0%
[35m[MSG][0m itr   469, best 5559.5332, time  346.5, minPhero 0.01(232), stagnancy 92.3%
[35m[MSG][0m itr   470, best 5559.5332, time  347.2, minPhero 0.01(232), stagnancy 92.7%
[35m[MSG][0m itr   471, best 5559.5332, time  348.0, minPhero 0.01(232), stagnancy 93.0%
[35m[MSG][0m itr   472, best 5559.5332, time  348.7, minPhero 0.01(232), stagnancy 93.3%
[35m[MSG][0m itr   473, best 5559.5332, time  349.5, minPhero 0.01(232), stagnancy 93.7%
[35m[MSG][0m itr   474, best 5559.5332, time  350.2, minPhero 0.01(232), stagnancy 94.0%
[35m[MSG][0m itr   475, best 5559.5332, time  350.9, minPhero 0.01(232), stagnancy 94.3%
[35m[MSG][0m itr   476, best 5559.5332, time  351.7, minPhero 0.01(232), stagnancy 94.7%
[35m[MSG][0m itr   477, best 5559.5332, time  352.4, minPhero 0.01(232), stagnancy 95.0%
[35m[MSG][0m itr   478, best 5559.5332, time  353.2, minPhero 0.01(232), stagnancy 95.3%
[35m[MSG][0m itr   479, best 5559.5332, time  353.9, minPhero 0.01(232), stagnancy 95.7%
[35m[MSG][0m itr   480, best 5559.5332, time  354.7, minPhero 0.01(232), stagnancy 96.0%
[35m[MSG][0m itr   481, best 5559.5332, time  355.4, minPhero 0.01(232), stagnancy 96.3%
[35m[MSG][0m itr   482, best 5559.5332, time  356.2, minPhero 0.01(232), stagnancy 96.7%
[35m[MSG][0m itr   483, best 5559.5332, time  356.9, minPhero 0.01(232), stagnancy 97.0%
[35m[MSG][0m itr   484, best 5559.5332, time  357.6, minPhero 0.01(232), stagnancy 97.3%
[35m[MSG][0m itr   485, best 5559.5332, time  358.4, minPhero 0.01(232), stagnancy 97.7%
[35m[MSG][0m itr   486, best 5559.5332, time  359.1, minPhero 0.01(232), stagnancy 98.0%
[35m[MSG][0m itr   487, best 5559.5332, time  359.9, minPhero 0.01(232), stagnancy 98.3%
[35m[MSG][0m itr   488, best 5559.5332, time  360.6, minPhero 0.01(232), stagnancy 98.7%
[35m[MSG][0m itr   489, best 5559.5332, time  361.3, minPhero 0.01(232), stagnancy 99.0%
[35m[MSG][0m itr   490, best 5559.5332, time  362.0, minPhero 0.01(232), stagnancy 99.3%
[35m[MSG][0m itr   491, best 5559.5332, time  362.7, minPhero 0.01(232), stagnancy 99.7%
[35m[MSG][0m itr   492, best 5559.5332, time  363.5, minPhero 0.01(232), stagnancy 100.0%
[35m[MSG][0m Solution converged. Reinitialising pheromones...
[35m[MSG][0m Time: 363.48 s
[35m[MSG][0m Best cost: 5559.53
