[35m[MSG][0m Log level set to LOG_DEBUG
[35m[MSG][0m Parsing input from file "res/fruitybun250_2016.vrp"
[35m[MSG][0m Number of nodes: 250
[35m[MSG][0m Running ACO search
[35m[MSG][0m ACO settings: 
 alpha:     8.000
 beta:      1.000
 pers:      0.850
 minPhero:  0.015
 nbhood:    10
 popSize:   512
 maxStag:   300
[35m[MSG][0m itr     1, best 5757.4097, time    1.3, minPhero 0.85(28922), stagnancy 0.0%
[35m[MSG][0m itr     2, best 5757.4097, time    2.7, minPhero 0.72(28922), stagnancy 0.3%
[35m[MSG][0m itr     3, best 5716.5039, time    4.2, minPhero 0.61(28922), stagnancy 0.0%
[35m[MSG][0m itr     4, best 5716.5039, time    5.6, minPhero 0.52(28922), stagnancy 0.3%
[35m[MSG][0m itr     5, best 5713.1890, time    7.0, minPhero 0.44(28922), stagnancy 0.0%
[35m[MSG][0m itr     6, best 5713.1890, time    8.5, minPhero 0.38(28922), stagnancy 0.3%
[35m[MSG][0m itr     7, best 5713.1890, time   10.0, minPhero 0.32(28922), stagnancy 0.7%
[35m[MSG][0m itr     8, best 5713.1890, time   11.4, minPhero 0.27(28922), stagnancy 1.0%
[35m[MSG][0m itr     9, best 5712.4365, time   12.9, minPhero 0.23(28922), stagnancy 0.0%
[35m[MSG][0m itr    10, best 5712.4365, time   14.3, minPhero 0.20(28922), stagnancy 0.3%
[35m[MSG][0m itr    11, best 5688.3525, time   15.8, minPhero 0.17(28922), stagnancy 0.0%
[35m[MSG][0m itr    12, best 5688.3525, time   17.3, minPhero 0.14(28922), stagnancy 0.3%
[35m[MSG][0m itr    13, best 5688.3525, time   18.7, minPhero 0.12(28922), stagnancy 0.7%
[35m[MSG][0m itr    14, best 5688.3525, time   20.2, minPhero 0.10(28922), stagnancy 1.0%
[35m[MSG][0m itr    15, best 5688.3525, time   21.6, minPhero 0.09(28922), stagnancy 1.3%
[35m[MSG][0m itr    16, best 5688.3525, time   23.1, minPhero 0.07(28922), stagnancy 1.7%
[35m[MSG][0m itr    17, best 5688.3525, time   24.5, minPhero 0.06(28922), stagnancy 2.0%
[35m[MSG][0m itr    18, best 5674.0420, time   26.0, minPhero 0.05(28922), stagnancy 0.0%
[35m[MSG][0m itr    19, best 5671.7012, time   27.6, minPhero 0.05(28922), stagnancy 0.0%
[35m[MSG][0m itr    20, best 5667.5630, time   29.0, minPhero 0.04(28922), stagnancy 0.0%
[35m[MSG][0m itr    21, best 5663.5928, time   30.5, minPhero 0.03(28922), stagnancy 0.0%
[35m[MSG][0m itr    22, best 5657.1123, time   32.0, minPhero 0.03(28922), stagnancy 0.0%
[35m[MSG][0m itr    23, best 5656.3076, time   33.4, minPhero 0.02(600), stagnancy 0.0%
[35m[MSG][0m itr    24, best 5648.9824, time   34.9, minPhero 0.02(614), stagnancy 0.0%
[35m[MSG][0m itr    25, best 5648.9824, time   36.4, minPhero 0.02(564), stagnancy 0.3%
[35m[MSG][0m itr    26, best 5631.1758, time   37.8, minPhero 0.01(531), stagnancy 0.0%
[35m[MSG][0m itr    27, best 5631.1758, time   39.3, minPhero 0.01(526), stagnancy 0.3%
[35m[MSG][0m itr    28, best 5631.1758, time   40.7, minPhero 0.01(526), stagnancy 0.7%
[35m[MSG][0m itr    29, best 5631.1758, time   42.1, minPhero 0.01(465), stagnancy 1.0%
[35m[MSG][0m itr    30, best 5631.1006, time   43.5, minPhero 0.01(453), stagnancy 0.0%
[35m[MSG][0m itr    31, best 5631.1006, time   45.0, minPhero 0.01(433), stagnancy 0.3%
[35m[MSG][0m itr    32, best 5619.4482, time   46.4, minPhero 0.01(423), stagnancy 0.0%
[35m[MSG][0m itr    33, best 5617.0986, time   47.9, minPhero 0.01(413), stagnancy 0.0%
[35m[MSG][0m itr    34, best 5617.0986, time   49.3, minPhero 0.01(400), stagnancy 0.3%
[35m[MSG][0m itr    35, best 5613.8823, time   50.7, minPhero 0.01(388), stagnancy 0.0%
[35m[MSG][0m itr    36, best 5607.9932, time   52.2, minPhero 0.01(391), stagnancy 0.0%
[35m[MSG][0m itr    37, best 5607.9932, time   53.7, minPhero 0.01(386), stagnancy 0.3%
[35m[MSG][0m itr    38, best 5604.2393, time   55.1, minPhero 0.01(375), stagnancy 0.0%
[35m[MSG][0m itr    39, best 5594.9062, time   56.5, minPhero 0.01(368), stagnancy 0.0%
[35m[MSG][0m itr    40, best 5594.9062, time   58.0, minPhero 0.01(348), stagnancy 0.3%
[35m[MSG][0m itr    41, best 5594.3027, time   59.4, minPhero 0.01(339), stagnancy 0.0%
[35m[MSG][0m itr    42, best 5594.3027, time   60.9, minPhero 0.01(331), stagnancy 0.3%
[35m[MSG][0m itr    43, best 5584.9678, time   62.3, minPhero 0.01(328), stagnancy 0.0%
[35m[MSG][0m itr    44, best 5584.9678, time   63.8, minPhero 0.01(324), stagnancy 0.3%
[35m[MSG][0m itr    45, best 5582.7920, time   65.2, minPhero 0.01(323), stagnancy 0.0%
[35m[MSG][0m itr    46, best 5582.6924, time   66.7, minPhero 0.01(320), stagnancy 0.0%
[35m[MSG][0m itr    47, best 5580.5293, time   68.1, minPhero 0.01(311), stagnancy 0.0%
[35m[MSG][0m itr    48, best 5579.8159, time   69.6, minPhero 0.01(300), stagnancy 0.0%
[35m[MSG][0m itr    49, best 5579.7686, time   71.0, minPhero 0.01(296), stagnancy 0.0%
[35m[MSG][0m itr    50, best 5578.7930, time   72.5, minPhero 0.01(285), stagnancy 0.0%
[35m[MSG][0m itr    51, best 5577.5049, time   73.9, minPhero 0.01(283), stagnancy 0.0%
[35m[MSG][0m itr    52, best 5577.4072, time   75.3, minPhero 0.01(279), stagnancy 0.0%
[35m[MSG][0m itr    53, best 5576.1055, time   76.8, minPhero 0.01(281), stagnancy 0.0%
[35m[MSG][0m itr    54, best 5573.5825, time   78.3, minPhero 0.01(280), stagnancy 0.0%
[35m[MSG][0m itr    55, best 5573.5825, time   79.7, minPhero 0.01(276), stagnancy 0.3%
[35m[MSG][0m itr    56, best 5570.5942, time   81.1, minPhero 0.01(274), stagnancy 0.0%
[35m[MSG][0m Solution converged. Reinitialising pheromones...
[35m[MSG][0m itr    57, best 5570.5942, time   82.6, minPhero 0.85(28922), stagnancy 0.3%
[35m[MSG][0m itr    58, best 5570.5942, time   84.0, minPhero 0.72(28922), stagnancy 0.7%
[35m[MSG][0m itr    59, best 5570.5942, time   85.5, minPhero 0.61(28922), stagnancy 1.0%
[35m[MSG][0m itr    60, best 5570.5942, time   86.9, minPhero 0.52(28922), stagnancy 1.3%
[35m[MSG][0m itr    61, best 5570.5942, time   88.4, minPhero 0.44(28922), stagnancy 1.7%
[35m[MSG][0m itr    62, best 5570.5942, time   89.8, minPhero 0.38(28922), stagnancy 2.0%
[35m[MSG][0m itr    63, best 5570.5942, time   91.3, minPhero 0.32(28922), stagnancy 2.3%
[35m[MSG][0m itr    64, best 5570.5942, time   92.8, minPhero 0.27(28922), stagnancy 2.7%
[35m[MSG][0m itr    65, best 5570.5942, time   94.2, minPhero 0.23(28922), stagnancy 3.0%
[35m[MSG][0m itr    66, best 5570.5942, time   95.7, minPhero 0.20(28922), stagnancy 3.3%
[35m[MSG][0m itr    67, best 5570.5942, time   97.1, minPhero 0.17(28922), stagnancy 3.7%
[35m[MSG][0m itr    68, best 5570.5942, time   98.6, minPhero 0.14(28922), stagnancy 4.0%
[35m[MSG][0m itr    69, best 5570.5942, time  100.0, minPhero 0.12(28922), stagnancy 4.3%
[35m[MSG][0m itr    70, best 5570.5942, time  101.5, minPhero 0.10(28922), stagnancy 4.7%
[35m[MSG][0m itr    71, best 5570.5942, time  103.0, minPhero 0.09(28922), stagnancy 5.0%
[35m[MSG][0m itr    72, best 5570.5942, time  104.5, minPhero 0.07(28922), stagnancy 5.3%
[35m[MSG][0m itr    73, best 5570.5942, time  105.9, minPhero 0.06(28922), stagnancy 5.7%
[35m[MSG][0m itr    74, best 5570.5942, time  107.4, minPhero 0.05(28922), stagnancy 6.0%
[35m[MSG][0m itr    75, best 5570.5942, time  108.9, minPhero 0.05(28922), stagnancy 6.3%
[35m[MSG][0m itr    76, best 5570.5942, time  110.3, minPhero 0.04(28922), stagnancy 6.7%
[35m[MSG][0m itr    77, best 5570.5942, time  111.8, minPhero 0.03(28922), stagnancy 7.0%
[35m[MSG][0m itr    78, best 5570.4961, time  113.2, minPhero 0.03(28922), stagnancy 0.0%
[35m[MSG][0m itr    79, best 5568.1982, time  114.7, minPhero 0.02(241), stagnancy 0.0%
[35m[MSG][0m itr    80, best 5568.1982, time  116.2, minPhero 0.02(241), stagnancy 0.3%
[35m[MSG][0m itr    81, best 5568.0996, time  117.6, minPhero 0.02(241), stagnancy 0.0%
[35m[MSG][0m itr    82, best 5567.2617, time  119.1, minPhero 0.01(243), stagnancy 0.0%
[35m[MSG][0m itr    83, best 5567.1641, time  120.4, minPhero 0.01(243), stagnancy 0.0%
[35m[MSG][0m itr    84, best 5567.1641, time  121.8, minPhero 0.01(243), stagnancy 0.3%
[35m[MSG][0m itr    85, best 5567.1641, time  123.3, minPhero 0.01(243), stagnancy 0.7%
[35m[MSG][0m itr    86, best 5566.0576, time  124.8, minPhero 0.01(250), stagnancy 0.0%
[35m[MSG][0m itr    87, best 5566.0576, time  126.2, minPhero 0.01(250), stagnancy 0.3%
[35m[MSG][0m itr    88, best 5566.0576, time  127.6, minPhero 0.01(250), stagnancy 0.7%
[35m[MSG][0m itr    89, best 5566.0576, time  129.1, minPhero 0.01(250), stagnancy 1.0%
[35m[MSG][0m itr    90, best 5565.1147, time  130.5, minPhero 0.01(254), stagnancy 0.0%
[35m[MSG][0m itr    91, best 5565.1147, time  131.9, minPhero 0.01(254), stagnancy 0.3%
[35m[MSG][0m itr    92, best 5565.1147, time  133.4, minPhero 0.01(254), stagnancy 0.7%
[35m[MSG][0m itr    93, best 5562.1792, time  134.9, minPhero 0.01(260), stagnancy 0.0%
[35m[MSG][0m itr    94, best 5556.5420, time  136.3, minPhero 0.01(261), stagnancy 0.0%
[35m[MSG][0m itr    95, best 5556.5420, time  137.7, minPhero 0.01(261), stagnancy 0.3%
[35m[MSG][0m itr    96, best 5556.5420, time  139.2, minPhero 0.01(261), stagnancy 0.7%
[35m[MSG][0m itr    97, best 5555.5986, time  140.7, minPhero 0.01(261), stagnancy 0.0%
[35m[MSG][0m itr    98, best 5555.5986, time  142.2, minPhero 0.01(261), stagnancy 0.3%
[35m[MSG][0m itr    99, best 5555.5986, time  143.7, minPhero 0.01(259), stagnancy 0.7%
[35m[MSG][0m itr   100, best 5555.5986, time  145.1, minPhero 0.01(259), stagnancy 1.0%
[35m[MSG][0m itr   101, best 5555.5986, time  146.5, minPhero 0.01(251), stagnancy 1.3%
[35m[MSG][0m itr   102, best 5555.5986, time  148.0, minPhero 0.01(251), stagnancy 1.7%
[35m[MSG][0m itr   103, best 5555.5986, time  149.5, minPhero 0.01(251), stagnancy 2.0%
[35m[MSG][0m itr   104, best 5555.5986, time  150.9, minPhero 0.01(251), stagnancy 2.3%
[35m[MSG][0m itr   105, best 5555.5986, time  152.4, minPhero 0.01(249), stagnancy 2.7%
[35m[MSG][0m itr   106, best 5555.5986, time  153.8, minPhero 0.01(249), stagnancy 3.0%
[35m[MSG][0m itr   107, best 5555.5986, time  155.3, minPhero 0.01(249), stagnancy 3.3%
[35m[MSG][0m itr   108, best 5555.5986, time  156.7, minPhero 0.01(242), stagnancy 3.7%
[35m[MSG][0m itr   109, best 5555.5981, time  158.2, minPhero 0.01(242), stagnancy 0.0%
[35m[MSG][0m itr   110, best 5555.5981, time  159.6, minPhero 0.01(242), stagnancy 0.3%
[35m[MSG][0m itr   111, best 5555.5981, time  161.0, minPhero 0.01(242), stagnancy 0.7%
[35m[MSG][0m itr   112, best 5555.5981, time  162.5, minPhero 0.01(242), stagnancy 1.0%
[35m[MSG][0m itr   113, best 5555.5981, time  163.9, minPhero 0.01(241), stagnancy 1.3%
[35m[MSG][0m itr   114, best 5555.5981, time  165.4, minPhero 0.01(240), stagnancy 1.7%
[35m[MSG][0m itr   115, best 5554.0884, time  166.8, minPhero 0.01(240), stagnancy 0.0%
[35m[MSG][0m itr   116, best 5554.0884, time  168.3, minPhero 0.01(240), stagnancy 0.3%
[35m[MSG][0m itr   117, best 5554.0884, time  169.7, minPhero 0.01(240), stagnancy 0.7%
[35m[MSG][0m itr   118, best 5554.0884, time  171.1, minPhero 0.01(236), stagnancy 1.0%
[35m[MSG][0m itr   119, best 5554.0884, time  172.6, minPhero 0.01(236), stagnancy 1.3%
[35m[MSG][0m itr   120, best 5554.0879, time  173.9, minPhero 0.01(236), stagnancy 0.0%
[35m[MSG][0m itr   121, best 5554.0879, time  175.3, minPhero 0.01(236), stagnancy 0.3%
[35m[MSG][0m itr   122, best 5554.0879, time  176.7, minPhero 0.01(236), stagnancy 0.7%
[35m[MSG][0m itr   123, best 5554.0879, time  178.1, minPhero 0.01(236), stagnancy 1.0%
[35m[MSG][0m itr   124, best 5554.0879, time  179.6, minPhero 0.01(236), stagnancy 1.3%
[35m[MSG][0m itr   125, best 5554.0879, time  181.0, minPhero 0.01(236), stagnancy 1.7%
[35m[MSG][0m itr   126, best 5554.0879, time  182.5, minPhero 0.01(236), stagnancy 2.0%
[35m[MSG][0m itr   127, best 5554.0879, time  183.9, minPhero 0.01(236), stagnancy 2.3%
[35m[MSG][0m itr   128, best 5552.9497, time  185.3, minPhero 0.01(247), stagnancy 0.0%
[35m[MSG][0m itr   129, best 5552.9497, time  186.7, minPhero 0.01(247), stagnancy 0.3%
[35m[MSG][0m itr   130, best 5552.9497, time  188.2, minPhero 0.01(247), stagnancy 0.7%
[35m[MSG][0m itr   131, best 5552.9497, time  189.6, minPhero 0.01(247), stagnancy 1.0%
[35m[MSG][0m itr   132, best 5551.2441, time  191.1, minPhero 0.01(249), stagnancy 0.0%
[35m[MSG][0m itr   133, best 5551.2441, time  192.5, minPhero 0.01(249), stagnancy 0.3%
[35m[MSG][0m itr   134, best 5551.2441, time  193.8, minPhero 0.01(249), stagnancy 0.7%
[35m[MSG][0m itr   135, best 5551.2441, time  195.3, minPhero 0.01(249), stagnancy 1.0%
[35m[MSG][0m itr   136, best 5551.2441, time  196.7, minPhero 0.01(249), stagnancy 1.3%
[35m[MSG][0m itr   137, best 5551.2441, time  198.1, minPhero 0.01(246), stagnancy 1.7%
[35m[MSG][0m itr   138, best 5551.2441, time  199.6, minPhero 0.01(246), stagnancy 2.0%
[35m[MSG][0m itr   139, best 5551.2441, time  201.0, minPhero 0.01(246), stagnancy 2.3%
[35m[MSG][0m itr   140, best 5551.2441, time  202.3, minPhero 0.01(246), stagnancy 2.7%
[35m[MSG][0m itr   141, best 5551.2441, time  203.8, minPhero 0.01(246), stagnancy 3.0%
[35m[MSG][0m itr   142, best 5551.2441, time  205.2, minPhero 0.01(246), stagnancy 3.3%
[35m[MSG][0m itr   143, best 5551.2441, time  206.7, minPhero 0.01(246), stagnancy 3.7%
[35m[MSG][0m itr   144, best 5551.2441, time  208.1, minPhero 0.01(246), stagnancy 4.0%
[35m[MSG][0m itr   145, best 5551.2441, time  209.6, minPhero 0.01(246), stagnancy 4.3%
[35m[MSG][0m itr   146, best 5551.2441, time  211.0, minPhero 0.01(246), stagnancy 4.7%
[35m[MSG][0m itr   147, best 5551.2441, time  212.5, minPhero 0.01(246), stagnancy 5.0%
[35m[MSG][0m itr   148, best 5551.2441, time  213.9, minPhero 0.01(246), stagnancy 5.3%
[35m[MSG][0m itr   149, best 5551.2441, time  215.4, minPhero 0.01(242), stagnancy 5.7%
[35m[MSG][0m itr   150, best 5551.2441, time  216.8, minPhero 0.01(234), stagnancy 6.0%
[35m[MSG][0m itr   151, best 5551.2441, time  218.3, minPhero 0.01(234), stagnancy 6.3%
[35m[MSG][0m itr   152, best 5551.2441, time  219.7, minPhero 0.01(234), stagnancy 6.7%
[35m[MSG][0m itr   153, best 5551.2441, time  221.1, minPhero 0.01(234), stagnancy 7.0%
[35m[MSG][0m itr   154, best 5551.2441, time  222.6, minPhero 0.01(232), stagnancy 7.3%
[35m[MSG][0m itr   155, best 5551.2441, time  224.0, minPhero 0.01(232), stagnancy 7.7%
[35m[MSG][0m itr   156, best 5551.2441, time  225.4, minPhero 0.01(232), stagnancy 8.0%
[35m[MSG][0m itr   157, best 5551.2441, time  226.9, minPhero 0.01(232), stagnancy 8.3%
[35m[MSG][0m itr   158, best 5551.2441, time  228.3, minPhero 0.01(232), stagnancy 8.7%
[35m[MSG][0m itr   159, best 5551.2441, time  229.8, minPhero 0.01(232), stagnancy 9.0%
[35m[MSG][0m itr   160, best 5551.2437, time  231.2, minPhero 0.01(232), stagnancy 0.0%
[35m[MSG][0m itr   161, best 5551.2437, time  232.6, minPhero 0.01(232), stagnancy 0.3%
[35m[MSG][0m itr   162, best 5551.2437, time  234.1, minPhero 0.01(232), stagnancy 0.7%
[35m[MSG][0m itr   163, best 5551.2437, time  235.5, minPhero 0.01(232), stagnancy 1.0%
[35m[MSG][0m itr   164, best 5551.2437, time  237.0, minPhero 0.01(232), stagnancy 1.3%
[35m[MSG][0m itr   165, best 5551.2437, time  238.4, minPhero 0.01(232), stagnancy 1.7%
[35m[MSG][0m itr   166, best 5551.2437, time  239.8, minPhero 0.01(232), stagnancy 2.0%
[35m[MSG][0m itr   167, best 5551.2437, time  241.3, minPhero 0.01(232), stagnancy 2.3%
[35m[MSG][0m itr   168, best 5551.2437, time  242.8, minPhero 0.01(232), stagnancy 2.7%
[35m[MSG][0m itr   169, best 5551.2437, time  244.3, minPhero 0.01(232), stagnancy 3.0%
[35m[MSG][0m itr   170, best 5551.2437, time  245.7, minPhero 0.01(232), stagnancy 3.3%
[35m[MSG][0m itr   171, best 5551.2437, time  247.2, minPhero 0.01(232), stagnancy 3.7%
[35m[MSG][0m itr   172, best 5551.2437, time  248.6, minPhero 0.01(232), stagnancy 4.0%
[35m[MSG][0m itr   173, best 5551.2437, time  250.0, minPhero 0.01(232), stagnancy 4.3%
[35m[MSG][0m itr   174, best 5551.2437, time  251.5, minPhero 0.01(232), stagnancy 4.7%
[35m[MSG][0m itr   175, best 5551.2437, time  252.9, minPhero 0.01(232), stagnancy 5.0%
[35m[MSG][0m itr   176, best 5551.2437, time  254.4, minPhero 0.01(232), stagnancy 5.3%
[35m[MSG][0m itr   177, best 5551.2437, time  255.8, minPhero 0.01(232), stagnancy 5.7%
[35m[MSG][0m itr   178, best 5551.2437, time  257.1, minPhero 0.01(232), stagnancy 6.0%
[35m[MSG][0m itr   179, best 5551.2437, time  258.6, minPhero 0.01(232), stagnancy 6.3%
[35m[MSG][0m itr   180, best 5551.2437, time  260.0, minPhero 0.01(232), stagnancy 6.7%
[35m[MSG][0m itr   181, best 5551.2437, time  261.5, minPhero 0.01(232), stagnancy 7.0%
[35m[MSG][0m itr   182, best 5551.2437, time  262.9, minPhero 0.01(232), stagnancy 7.3%
[35m[MSG][0m itr   183, best 5551.2437, time  264.3, minPhero 0.01(232), stagnancy 7.7%
[35m[MSG][0m itr   184, best 5551.2437, time  265.8, minPhero 0.01(232), stagnancy 8.0%
[35m[MSG][0m itr   185, best 5551.2437, time  267.2, minPhero 0.01(232), stagnancy 8.3%
[35m[MSG][0m itr   186, best 5551.2437, time  268.7, minPhero 0.01(232), stagnancy 8.7%
[35m[MSG][0m itr   187, best 5551.2437, time  270.1, minPhero 0.01(232), stagnancy 9.0%
[35m[MSG][0m itr   188, best 5551.2437, time  271.5, minPhero 0.01(232), stagnancy 9.3%
[35m[MSG][0m itr   189, best 5551.2437, time  273.0, minPhero 0.01(232), stagnancy 9.7%
[35m[MSG][0m itr   190, best 5551.2437, time  274.4, minPhero 0.01(232), stagnancy 10.0%
[35m[MSG][0m itr   191, best 5551.2437, time  275.9, minPhero 0.01(232), stagnancy 10.3%
[35m[MSG][0m itr   192, best 5551.2437, time  277.3, minPhero 0.01(232), stagnancy 10.7%
[35m[MSG][0m itr   193, best 5551.2437, time  278.7, minPhero 0.01(232), stagnancy 11.0%
[35m[MSG][0m itr   194, best 5551.2437, time  280.2, minPhero 0.01(232), stagnancy 11.3%
[35m[MSG][0m itr   195, best 5551.2437, time  281.6, minPhero 0.01(232), stagnancy 11.7%
[35m[MSG][0m itr   196, best 5551.2437, time  283.1, minPhero 0.01(232), stagnancy 12.0%
[35m[MSG][0m itr   197, best 5551.2437, time  284.5, minPhero 0.01(232), stagnancy 12.3%
[35m[MSG][0m itr   198, best 5551.2437, time  286.0, minPhero 0.01(232), stagnancy 12.7%
[35m[MSG][0m itr   199, best 5551.2437, time  287.4, minPhero 0.01(232), stagnancy 13.0%
[35m[MSG][0m itr   200, best 5551.2437, time  288.8, minPhero 0.01(232), stagnancy 13.3%
[35m[MSG][0m itr   201, best 5551.2437, time  290.3, minPhero 0.01(232), stagnancy 13.7%
[35m[MSG][0m itr   202, best 5551.2437, time  291.7, minPhero 0.01(232), stagnancy 14.0%
[35m[MSG][0m itr   203, best 5551.2437, time  293.1, minPhero 0.01(232), stagnancy 14.3%
[35m[MSG][0m itr   204, best 5551.2437, time  294.6, minPhero 0.01(232), stagnancy 14.7%
[35m[MSG][0m itr   205, best 5551.2437, time  296.0, minPhero 0.01(232), stagnancy 15.0%
[35m[MSG][0m itr   206, best 5551.2437, time  297.5, minPhero 0.01(232), stagnancy 15.3%
[35m[MSG][0m itr   207, best 5551.2437, time  298.9, minPhero 0.01(232), stagnancy 15.7%
[35m[MSG][0m itr   208, best 5551.2437, time  300.4, minPhero 0.01(232), stagnancy 16.0%
[35m[MSG][0m itr   209, best 5551.2437, time  301.8, minPhero 0.01(232), stagnancy 16.3%
[35m[MSG][0m itr   210, best 5551.2437, time  303.2, minPhero 0.01(232), stagnancy 16.7%
[35m[MSG][0m itr   211, best 5551.2437, time  304.7, minPhero 0.01(232), stagnancy 17.0%
[35m[MSG][0m itr   212, best 5551.2437, time  306.1, minPhero 0.01(232), stagnancy 17.3%
[35m[MSG][0m itr   213, best 5551.2437, time  307.6, minPhero 0.01(232), stagnancy 17.7%
[35m[MSG][0m itr   214, best 5551.2437, time  309.0, minPhero 0.01(232), stagnancy 18.0%
[35m[MSG][0m itr   215, best 5551.2437, time  310.4, minPhero 0.01(232), stagnancy 18.3%
[35m[MSG][0m itr   216, best 5551.2437, time  311.9, minPhero 0.01(232), stagnancy 18.7%
[35m[MSG][0m itr   217, best 5551.2437, time  313.3, minPhero 0.01(232), stagnancy 19.0%
[35m[MSG][0m itr   218, best 5551.2437, time  314.8, minPhero 0.01(232), stagnancy 19.3%
[35m[MSG][0m itr   219, best 5551.2437, time  316.2, minPhero 0.01(232), stagnancy 19.7%
[35m[MSG][0m itr   220, best 5551.2437, time  317.7, minPhero 0.01(232), stagnancy 20.0%
[35m[MSG][0m itr   221, best 5551.2437, time  319.1, minPhero 0.01(232), stagnancy 20.3%
[35m[MSG][0m itr   222, best 5551.2437, time  320.5, minPhero 0.01(232), stagnancy 20.7%
[35m[MSG][0m itr   223, best 5551.2437, time  322.0, minPhero 0.01(232), stagnancy 21.0%
[35m[MSG][0m itr   224, best 5551.2437, time  323.4, minPhero 0.01(232), stagnancy 21.3%
[35m[MSG][0m itr   225, best 5551.2437, time  324.8, minPhero 0.01(232), stagnancy 21.7%
[35m[MSG][0m itr   226, best 5551.2437, time  326.3, minPhero 0.01(232), stagnancy 22.0%
[35m[MSG][0m itr   227, best 5551.2437, time  327.6, minPhero 0.01(232), stagnancy 22.3%
[35m[MSG][0m itr   228, best 5551.2437, time  329.0, minPhero 0.01(232), stagnancy 22.7%
[35m[MSG][0m itr   229, best 5551.2437, time  330.5, minPhero 0.01(232), stagnancy 23.0%
[35m[MSG][0m itr   230, best 5551.2437, time  331.9, minPhero 0.01(232), stagnancy 23.3%
[35m[MSG][0m itr   231, best 5551.2437, time  333.3, minPhero 0.01(232), stagnancy 23.7%
[35m[MSG][0m itr   232, best 5551.2437, time  334.8, minPhero 0.01(232), stagnancy 24.0%
[35m[MSG][0m itr   233, best 5551.2437, time  336.2, minPhero 0.01(232), stagnancy 24.3%
[35m[MSG][0m itr   234, best 5551.2437, time  337.7, minPhero 0.01(232), stagnancy 24.7%
[35m[MSG][0m itr   235, best 5551.2437, time  339.1, minPhero 0.01(232), stagnancy 25.0%
[35m[MSG][0m itr   236, best 5551.2437, time  340.6, minPhero 0.01(232), stagnancy 25.3%
[35m[MSG][0m itr   237, best 5551.2437, time  342.0, minPhero 0.01(232), stagnancy 25.7%
[35m[MSG][0m itr   238, best 5551.2437, time  343.5, minPhero 0.01(232), stagnancy 26.0%
[35m[MSG][0m itr   239, best 5551.2437, time  344.9, minPhero 0.01(232), stagnancy 26.3%
[35m[MSG][0m itr   240, best 5551.2437, time  346.4, minPhero 0.01(232), stagnancy 26.7%
[35m[MSG][0m itr   241, best 5551.2437, time  347.8, minPhero 0.01(232), stagnancy 27.0%
[35m[MSG][0m itr   242, best 5551.2437, time  349.2, minPhero 0.01(232), stagnancy 27.3%
[35m[MSG][0m itr   243, best 5549.4883, time  350.7, minPhero 0.01(237), stagnancy 0.0%
[35m[MSG][0m itr   244, best 5549.4883, time  352.1, minPhero 0.01(237), stagnancy 0.3%
[35m[MSG][0m itr   245, best 5549.4883, time  353.6, minPhero 0.01(237), stagnancy 0.7%
[35m[MSG][0m itr   246, best 5549.4883, time  355.0, minPhero 0.01(237), stagnancy 1.0%
[35m[MSG][0m itr   247, best 5549.4883, time  356.5, minPhero 0.01(237), stagnancy 1.3%
[35m[MSG][0m itr   248, best 5549.4883, time  357.9, minPhero 0.01(237), stagnancy 1.7%
[35m[MSG][0m itr   249, best 5549.4883, time  359.4, minPhero 0.01(237), stagnancy 2.0%
[35m[MSG][0m itr   250, best 5549.4883, time  360.8, minPhero 0.01(237), stagnancy 2.3%
[35m[MSG][0m itr   251, best 5549.4883, time  362.3, minPhero 0.01(237), stagnancy 2.7%
[35m[MSG][0m itr   252, best 5549.4883, time  363.7, minPhero 0.01(237), stagnancy 3.0%
[35m[MSG][0m itr   253, best 5549.4883, time  365.2, minPhero 0.01(237), stagnancy 3.3%
[35m[MSG][0m itr   254, best 5549.4883, time  366.6, minPhero 0.01(237), stagnancy 3.7%
[35m[MSG][0m itr   255, best 5549.4883, time  368.1, minPhero 0.01(237), stagnancy 4.0%
[35m[MSG][0m itr   256, best 5549.4883, time  369.5, minPhero 0.01(237), stagnancy 4.3%
[35m[MSG][0m itr   257, best 5549.4883, time  371.0, minPhero 0.01(237), stagnancy 4.7%
[35m[MSG][0m itr   258, best 5549.4883, time  372.4, minPhero 0.01(237), stagnancy 5.0%
[35m[MSG][0m itr   259, best 5549.4883, time  373.9, minPhero 0.01(237), stagnancy 5.3%
[35m[MSG][0m itr   260, best 5549.4883, time  375.3, minPhero 0.01(237), stagnancy 5.7%
[35m[MSG][0m itr   261, best 5549.4883, time  376.8, minPhero 0.01(237), stagnancy 6.0%
[35m[MSG][0m itr   262, best 5549.4883, time  378.2, minPhero 0.01(237), stagnancy 6.3%
[35m[MSG][0m itr   263, best 5549.4883, time  379.7, minPhero 0.01(237), stagnancy 6.7%
[35m[MSG][0m itr   264, best 5549.4883, time  381.1, minPhero 0.01(237), stagnancy 7.0%
[35m[MSG][0m itr   265, best 5549.4883, time  382.4, minPhero 0.01(232), stagnancy 7.3%
[35m[MSG][0m itr   266, best 5549.4883, time  383.8, minPhero 0.01(232), stagnancy 7.7%
[35m[MSG][0m itr   267, best 5549.4883, time  385.2, minPhero 0.01(232), stagnancy 8.0%
[35m[MSG][0m itr   268, best 5549.4883, time  386.7, minPhero 0.01(232), stagnancy 8.3%
[35m[MSG][0m itr   269, best 5549.4883, time  388.1, minPhero 0.01(232), stagnancy 8.7%
[35m[MSG][0m itr   270, best 5549.4883, time  389.6, minPhero 0.01(232), stagnancy 9.0%
[35m[MSG][0m itr   271, best 5549.4883, time  391.0, minPhero 0.01(232), stagnancy 9.3%
[35m[MSG][0m itr   272, best 5549.4883, time  392.5, minPhero 0.01(232), stagnancy 9.7%
[35m[MSG][0m itr   273, best 5549.4883, time  393.9, minPhero 0.01(232), stagnancy 10.0%
[35m[MSG][0m itr   274, best 5549.4883, time  395.4, minPhero 0.01(232), stagnancy 10.3%
[35m[MSG][0m itr   275, best 5549.4883, time  396.8, minPhero 0.01(232), stagnancy 10.7%
[35m[MSG][0m itr   276, best 5549.4883, time  398.3, minPhero 0.01(232), stagnancy 11.0%
[35m[MSG][0m itr   277, best 5549.4883, time  399.7, minPhero 0.01(232), stagnancy 11.3%
[35m[MSG][0m itr   278, best 5549.4883, time  401.2, minPhero 0.01(232), stagnancy 11.7%
[35m[MSG][0m itr   279, best 5549.4883, time  402.6, minPhero 0.01(232), stagnancy 12.0%
[35m[MSG][0m itr   280, best 5549.4883, time  404.1, minPhero 0.01(232), stagnancy 12.3%
[35m[MSG][0m itr   281, best 5549.4883, time  405.5, minPhero 0.01(232), stagnancy 12.7%
[35m[MSG][0m itr   282, best 5549.4883, time  406.9, minPhero 0.01(232), stagnancy 13.0%
[35m[MSG][0m itr   283, best 5549.4883, time  408.4, minPhero 0.01(232), stagnancy 13.3%
[35m[MSG][0m itr   284, best 5549.4883, time  409.8, minPhero 0.01(232), stagnancy 13.7%
[35m[MSG][0m itr   285, best 5549.4883, time  411.3, minPhero 0.01(232), stagnancy 14.0%
[35m[MSG][0m itr   286, best 5549.4883, time  412.7, minPhero 0.01(232), stagnancy 14.3%
[35m[MSG][0m itr   287, best 5549.4883, time  414.2, minPhero 0.01(232), stagnancy 14.7%
[35m[MSG][0m itr   288, best 5549.4883, time  415.6, minPhero 0.01(232), stagnancy 15.0%
[35m[MSG][0m itr   289, best 5549.4883, time  417.1, minPhero 0.01(232), stagnancy 15.3%
[35m[MSG][0m itr   290, best 5549.4883, time  418.5, minPhero 0.01(232), stagnancy 15.7%
[35m[MSG][0m itr   291, best 5549.4883, time  419.9, minPhero 0.01(232), stagnancy 16.0%
[35m[MSG][0m itr   292, best 5549.4883, time  421.4, minPhero 0.01(232), stagnancy 16.3%
[35m[MSG][0m itr   293, best 5549.4883, time  422.8, minPhero 0.01(232), stagnancy 16.7%
[35m[MSG][0m itr   294, best 5549.4883, time  424.3, minPhero 0.01(232), stagnancy 17.0%
[35m[MSG][0m itr   295, best 5549.4883, time  425.7, minPhero 0.01(232), stagnancy 17.3%
[35m[MSG][0m itr   296, best 5549.4883, time  427.2, minPhero 0.01(232), stagnancy 17.7%
[35m[MSG][0m itr   297, best 5549.4883, time  428.7, minPhero 0.01(232), stagnancy 18.0%
[35m[MSG][0m itr   298, best 5549.4883, time  430.1, minPhero 0.01(232), stagnancy 18.3%
[35m[MSG][0m itr   299, best 5549.4883, time  431.6, minPhero 0.01(232), stagnancy 18.7%
[35m[MSG][0m itr   300, best 5549.4883, time  433.0, minPhero 0.01(232), stagnancy 19.0%
[35m[MSG][0m itr   301, best 5549.4883, time  434.5, minPhero 0.01(232), stagnancy 19.3%
[35m[MSG][0m itr   302, best 5549.4883, time  435.9, minPhero 0.01(232), stagnancy 19.7%
[35m[MSG][0m itr   303, best 5549.4883, time  437.4, minPhero 0.01(232), stagnancy 20.0%
[35m[MSG][0m itr   304, best 5549.4883, time  438.8, minPhero 0.01(232), stagnancy 20.3%
[35m[MSG][0m itr   305, best 5549.4883, time  440.2, minPhero 0.01(232), stagnancy 20.7%
[35m[MSG][0m itr   306, best 5549.4883, time  441.7, minPhero 0.01(232), stagnancy 21.0%
[35m[MSG][0m itr   307, best 5549.4883, time  443.2, minPhero 0.01(232), stagnancy 21.3%
[35m[MSG][0m itr   308, best 5549.4883, time  444.6, minPhero 0.01(232), stagnancy 21.7%
[35m[MSG][0m itr   309, best 5549.4883, time  446.0, minPhero 0.01(232), stagnancy 22.0%
[35m[MSG][0m itr   310, best 5549.4883, time  447.5, minPhero 0.01(232), stagnancy 22.3%
[35m[MSG][0m itr   311, best 5549.4883, time  449.0, minPhero 0.01(232), stagnancy 22.7%
[35m[MSG][0m itr   312, best 5549.4883, time  450.4, minPhero 0.01(232), stagnancy 23.0%
[35m[MSG][0m itr   313, best 5549.4883, time  451.9, minPhero 0.01(232), stagnancy 23.3%
[35m[MSG][0m itr   314, best 5549.4883, time  453.3, minPhero 0.01(232), stagnancy 23.7%
[35m[MSG][0m itr   315, best 5549.4883, time  454.7, minPhero 0.01(232), stagnancy 24.0%
[35m[MSG][0m itr   316, best 5549.4883, time  456.2, minPhero 0.01(232), stagnancy 24.3%
[35m[MSG][0m itr   317, best 5549.4883, time  457.5, minPhero 0.01(232), stagnancy 24.7%
[35m[MSG][0m itr   318, best 5549.4883, time  458.9, minPhero 0.01(232), stagnancy 25.0%
[35m[MSG][0m itr   319, best 5549.4883, time  460.3, minPhero 0.01(232), stagnancy 25.3%
[35m[MSG][0m itr   320, best 5549.4883, time  461.8, minPhero 0.01(232), stagnancy 25.7%
[35m[MSG][0m itr   321, best 5549.4883, time  463.2, minPhero 0.01(232), stagnancy 26.0%
[35m[MSG][0m itr   322, best 5549.4883, time  464.7, minPhero 0.01(232), stagnancy 26.3%
[35m[MSG][0m itr   323, best 5549.4883, time  466.1, minPhero 0.01(232), stagnancy 26.7%
[35m[MSG][0m itr   324, best 5549.4883, time  467.5, minPhero 0.01(232), stagnancy 27.0%
[35m[MSG][0m itr   325, best 5549.4883, time  468.8, minPhero 0.01(232), stagnancy 27.3%
[35m[MSG][0m itr   326, best 5549.4883, time  470.2, minPhero 0.01(232), stagnancy 27.7%
[35m[MSG][0m itr   327, best 5549.4883, time  471.7, minPhero 0.01(232), stagnancy 28.0%
[35m[MSG][0m itr   328, best 5549.4883, time  473.1, minPhero 0.01(232), stagnancy 28.3%
[35m[MSG][0m itr   329, best 5549.4883, time  474.6, minPhero 0.01(232), stagnancy 28.7%
[35m[MSG][0m itr   330, best 5549.4883, time  475.9, minPhero 0.01(232), stagnancy 29.0%
[35m[MSG][0m itr   331, best 5549.4883, time  477.4, minPhero 0.01(232), stagnancy 29.3%
[35m[MSG][0m itr   332, best 5549.4883, time  478.8, minPhero 0.01(232), stagnancy 29.7%
[35m[MSG][0m itr   333, best 5549.4883, time  480.2, minPhero 0.01(232), stagnancy 30.0%
[35m[MSG][0m itr   334, best 5549.4883, time  481.7, minPhero 0.01(232), stagnancy 30.3%
[35m[MSG][0m itr   335, best 5549.4883, time  483.1, minPhero 0.01(232), stagnancy 30.7%
[35m[MSG][0m itr   336, best 5549.4883, time  484.6, minPhero 0.01(232), stagnancy 31.0%
[35m[MSG][0m itr   337, best 5549.4883, time  486.0, minPhero 0.01(232), stagnancy 31.3%
[35m[MSG][0m itr   338, best 5549.4883, time  487.5, minPhero 0.01(232), stagnancy 31.7%
[35m[MSG][0m itr   339, best 5549.4878, time  488.9, minPhero 0.01(232), stagnancy 0.0%
[35m[MSG][0m itr   340, best 5549.4878, time  490.4, minPhero 0.01(232), stagnancy 0.3%
[35m[MSG][0m itr   341, best 5549.4878, time  491.8, minPhero 0.01(232), stagnancy 0.7%
[35m[MSG][0m itr   342, best 5549.4878, time  493.2, minPhero 0.01(232), stagnancy 1.0%
[35m[MSG][0m itr   343, best 5549.4878, time  494.7, minPhero 0.01(232), stagnancy 1.3%
[35m[MSG][0m itr   344, best 5549.4878, time  496.1, minPhero 0.01(232), stagnancy 1.7%
[35m[MSG][0m itr   345, best 5549.4878, time  497.6, minPhero 0.01(232), stagnancy 2.0%
[35m[MSG][0m itr   346, best 5549.4878, time  499.0, minPhero 0.01(232), stagnancy 2.3%
[35m[MSG][0m itr   347, best 5549.4878, time  500.5, minPhero 0.01(232), stagnancy 2.7%
[35m[MSG][0m itr   348, best 5549.4878, time  501.9, minPhero 0.01(232), stagnancy 3.0%
[35m[MSG][0m itr   349, best 5549.4878, time  503.4, minPhero 0.01(232), stagnancy 3.3%
[35m[MSG][0m itr   350, best 5549.4878, time  504.8, minPhero 0.01(232), stagnancy 3.7%
[35m[MSG][0m itr   351, best 5549.4878, time  506.3, minPhero 0.01(232), stagnancy 4.0%
[35m[MSG][0m itr   352, best 5549.4878, time  507.8, minPhero 0.01(232), stagnancy 4.3%
[35m[MSG][0m itr   353, best 5549.4878, time  509.2, minPhero 0.01(232), stagnancy 4.7%
[35m[MSG][0m itr   354, best 5549.4878, time  510.6, minPhero 0.01(232), stagnancy 5.0%
[35m[MSG][0m itr   355, best 5549.4878, time  512.1, minPhero 0.01(232), stagnancy 5.3%
[35m[MSG][0m itr   356, best 5549.4878, time  513.5, minPhero 0.01(232), stagnancy 5.7%
[35m[MSG][0m itr   357, best 5549.4878, time  515.0, minPhero 0.01(232), stagnancy 6.0%
[35m[MSG][0m itr   358, best 5549.4878, time  516.4, minPhero 0.01(232), stagnancy 6.3%
[35m[MSG][0m itr   359, best 5549.4878, time  517.9, minPhero 0.01(232), stagnancy 6.7%
[35m[MSG][0m itr   360, best 5549.4878, time  519.3, minPhero 0.01(232), stagnancy 7.0%
[35m[MSG][0m itr   361, best 5549.4878, time  520.8, minPhero 0.01(232), stagnancy 7.3%
[35m[MSG][0m itr   362, best 5549.4878, time  522.3, minPhero 0.01(232), stagnancy 7.7%
[35m[MSG][0m itr   363, best 5549.4878, time  523.6, minPhero 0.01(232), stagnancy 8.0%
[35m[MSG][0m itr   364, best 5549.4878, time  525.0, minPhero 0.01(232), stagnancy 8.3%
[35m[MSG][0m itr   365, best 5549.4878, time  526.5, minPhero 0.01(232), stagnancy 8.7%
[35m[MSG][0m itr   366, best 5549.4878, time  527.9, minPhero 0.01(232), stagnancy 9.0%
[35m[MSG][0m itr   367, best 5549.4878, time  529.4, minPhero 0.01(232), stagnancy 9.3%
[35m[MSG][0m itr   368, best 5549.4878, time  530.8, minPhero 0.01(232), stagnancy 9.7%
[35m[MSG][0m itr   369, best 5549.4878, time  532.2, minPhero 0.01(232), stagnancy 10.0%
[35m[MSG][0m itr   370, best 5549.4878, time  533.7, minPhero 0.01(232), stagnancy 10.3%
[35m[MSG][0m itr   371, best 5549.4878, time  535.2, minPhero 0.01(232), stagnancy 10.7%
[35m[MSG][0m itr   372, best 5549.4878, time  536.6, minPhero 0.01(232), stagnancy 11.0%
[35m[MSG][0m itr   373, best 5549.4878, time  538.1, minPhero 0.01(232), stagnancy 11.3%
[35m[MSG][0m itr   374, best 5549.4878, time  539.4, minPhero 0.01(232), stagnancy 11.7%
[35m[MSG][0m itr   375, best 5549.4878, time  540.8, minPhero 0.01(232), stagnancy 12.0%
[35m[MSG][0m itr   376, best 5549.4878, time  542.3, minPhero 0.01(232), stagnancy 12.3%
[35m[MSG][0m itr   377, best 5549.4878, time  543.7, minPhero 0.01(232), stagnancy 12.7%
[35m[MSG][0m itr   378, best 5549.4878, time  545.2, minPhero 0.01(232), stagnancy 13.0%
[35m[MSG][0m itr   379, best 5549.4878, time  546.6, minPhero 0.01(232), stagnancy 13.3%
[35m[MSG][0m itr   380, best 5549.4878, time  548.1, minPhero 0.01(232), stagnancy 13.7%
[35m[MSG][0m itr   381, best 5549.4878, time  549.5, minPhero 0.01(232), stagnancy 14.0%
[35m[MSG][0m itr   382, best 5549.4878, time  551.0, minPhero 0.01(232), stagnancy 14.3%
[35m[MSG][0m itr   383, best 5549.4878, time  552.4, minPhero 0.01(232), stagnancy 14.7%
[35m[MSG][0m itr   384, best 5549.4878, time  553.7, minPhero 0.01(232), stagnancy 15.0%
[35m[MSG][0m itr   385, best 5549.4878, time  555.1, minPhero 0.01(232), stagnancy 15.3%
[35m[MSG][0m itr   386, best 5549.4878, time  556.6, minPhero 0.01(232), stagnancy 15.7%
[35m[MSG][0m itr   387, best 5549.4878, time  558.0, minPhero 0.01(232), stagnancy 16.0%
[35m[MSG][0m itr   388, best 5549.4878, time  559.5, minPhero 0.01(232), stagnancy 16.3%
[35m[MSG][0m itr   389, best 5549.4878, time  560.9, minPhero 0.01(232), stagnancy 16.7%
[35m[MSG][0m itr   390, best 5549.4878, time  562.3, minPhero 0.01(232), stagnancy 17.0%
[35m[MSG][0m itr   391, best 5549.4878, time  563.8, minPhero 0.01(232), stagnancy 17.3%
[35m[MSG][0m itr   392, best 5549.4878, time  565.2, minPhero 0.01(232), stagnancy 17.7%
[35m[MSG][0m itr   393, best 5549.4878, time  566.7, minPhero 0.01(232), stagnancy 18.0%
[35m[MSG][0m itr   394, best 5549.4878, time  568.2, minPhero 0.01(232), stagnancy 18.3%
[35m[MSG][0m itr   395, best 5549.4878, time  569.6, minPhero 0.01(232), stagnancy 18.7%
[35m[MSG][0m itr   396, best 5549.4878, time  571.1, minPhero 0.01(232), stagnancy 19.0%
[35m[MSG][0m itr   397, best 5549.4878, time  572.5, minPhero 0.01(232), stagnancy 19.3%
[35m[MSG][0m itr   398, best 5549.4878, time  573.9, minPhero 0.01(232), stagnancy 19.7%
[35m[MSG][0m itr   399, best 5549.4878, time  575.4, minPhero 0.01(232), stagnancy 20.0%
[35m[MSG][0m itr   400, best 5549.4878, time  576.9, minPhero 0.01(232), stagnancy 20.3%
[35m[MSG][0m itr   401, best 5549.4878, time  578.3, minPhero 0.01(232), stagnancy 20.7%
[35m[MSG][0m itr   402, best 5549.4878, time  579.8, minPhero 0.01(232), stagnancy 21.0%
[35m[MSG][0m itr   403, best 5549.4878, time  581.2, minPhero 0.01(232), stagnancy 21.3%
[35m[MSG][0m itr   404, best 5549.4878, time  582.6, minPhero 0.01(232), stagnancy 21.7%
[35m[MSG][0m itr   405, best 5549.4878, time  584.1, minPhero 0.01(232), stagnancy 22.0%
[35m[MSG][0m itr   406, best 5549.4878, time  585.5, minPhero 0.01(232), stagnancy 22.3%
[35m[MSG][0m itr   407, best 5549.4878, time  587.0, minPhero 0.01(232), stagnancy 22.7%
[35m[MSG][0m itr   408, best 5549.4878, time  588.4, minPhero 0.01(232), stagnancy 23.0%
[35m[MSG][0m itr   409, best 5549.4878, time  589.9, minPhero 0.01(232), stagnancy 23.3%
[35m[MSG][0m itr   410, best 5549.4878, time  591.3, minPhero 0.01(232), stagnancy 23.7%
[35m[MSG][0m itr   411, best 5549.4878, time  592.8, minPhero 0.01(232), stagnancy 24.0%
[35m[MSG][0m itr   412, best 5549.4878, time  594.2, minPhero 0.01(232), stagnancy 24.3%
[35m[MSG][0m itr   413, best 5549.4878, time  595.7, minPhero 0.01(232), stagnancy 24.7%
[35m[MSG][0m itr   414, best 5549.4878, time  597.1, minPhero 0.01(232), stagnancy 25.0%
[35m[MSG][0m itr   415, best 5549.4878, time  598.6, minPhero 0.01(232), stagnancy 25.3%
[35m[MSG][0m itr   416, best 5549.4878, time  600.0, minPhero 0.01(232), stagnancy 25.7%
[35m[MSG][0m itr   417, best 5549.4878, time  601.3, minPhero 0.01(232), stagnancy 26.0%
[35m[MSG][0m itr   418, best 5549.4878, time  602.8, minPhero 0.01(232), stagnancy 26.3%
[35m[MSG][0m itr   419, best 5549.4878, time  604.2, minPhero 0.01(232), stagnancy 26.7%
[35m[MSG][0m itr   420, best 5549.4878, time  605.7, minPhero 0.01(232), stagnancy 27.0%
[35m[MSG][0m itr   421, best 5549.4878, time  607.2, minPhero 0.01(232), stagnancy 27.3%
[35m[MSG][0m itr   422, best 5549.4878, time  608.7, minPhero 0.01(232), stagnancy 27.7%
[35m[MSG][0m itr   423, best 5549.4878, time  610.1, minPhero 0.01(232), stagnancy 28.0%
[35m[MSG][0m itr   424, best 5549.4878, time  611.6, minPhero 0.01(232), stagnancy 28.3%
[35m[MSG][0m itr   425, best 5549.4878, time  613.0, minPhero 0.01(232), stagnancy 28.7%
[35m[MSG][0m itr   426, best 5549.4878, time  614.4, minPhero 0.01(232), stagnancy 29.0%
[35m[MSG][0m itr   427, best 5549.4878, time  615.9, minPhero 0.01(232), stagnancy 29.3%
[35m[MSG][0m itr   428, best 5549.4878, time  617.3, minPhero 0.01(232), stagnancy 29.7%
[35m[MSG][0m itr   429, best 5549.4878, time  618.8, minPhero 0.01(232), stagnancy 30.0%
[35m[MSG][0m itr   430, best 5549.4878, time  620.2, minPhero 0.01(232), stagnancy 30.3%
[35m[MSG][0m itr   431, best 5549.4878, time  621.7, minPhero 0.01(232), stagnancy 30.7%
[35m[MSG][0m itr   432, best 5549.4878, time  623.1, minPhero 0.01(232), stagnancy 31.0%
[35m[MSG][0m itr   433, best 5549.4878, time  624.6, minPhero 0.01(232), stagnancy 31.3%
[35m[MSG][0m itr   434, best 5549.4878, time  626.0, minPhero 0.01(232), stagnancy 31.7%
[35m[MSG][0m itr   435, best 5549.4878, time  627.4, minPhero 0.01(232), stagnancy 32.0%
[35m[MSG][0m itr   436, best 5549.4878, time  628.9, minPhero 0.01(232), stagnancy 32.3%
[35m[MSG][0m itr   437, best 5549.4878, time  630.3, minPhero 0.01(232), stagnancy 32.7%
[35m[MSG][0m itr   438, best 5549.4878, time  631.7, minPhero 0.01(232), stagnancy 33.0%
[35m[MSG][0m itr   439, best 5549.4878, time  633.0, minPhero 0.01(232), stagnancy 33.3%
[35m[MSG][0m itr   440, best 5549.4878, time  634.4, minPhero 0.01(232), stagnancy 33.7%
[35m[MSG][0m itr   441, best 5549.4878, time  635.7, minPhero 0.01(232), stagnancy 34.0%
[35m[MSG][0m itr   442, best 5549.4878, time  637.2, minPhero 0.01(232), stagnancy 34.3%
[35m[MSG][0m itr   443, best 5549.4878, time  638.5, minPhero 0.01(232), stagnancy 34.7%
[35m[MSG][0m itr   444, best 5549.4878, time  639.9, minPhero 0.01(232), stagnancy 35.0%
[35m[MSG][0m itr   445, best 5549.4878, time  641.3, minPhero 0.01(232), stagnancy 35.3%
[35m[MSG][0m itr   446, best 5549.4878, time  642.7, minPhero 0.01(232), stagnancy 35.7%
[35m[MSG][0m itr   447, best 5549.4878, time  644.1, minPhero 0.01(232), stagnancy 36.0%
[35m[MSG][0m itr   448, best 5549.4878, time  645.4, minPhero 0.01(232), stagnancy 36.3%
[35m[MSG][0m itr   449, best 5549.4878, time  646.9, minPhero 0.01(232), stagnancy 36.7%
[35m[MSG][0m itr   450, best 5549.4878, time  648.3, minPhero 0.01(232), stagnancy 37.0%
[35m[MSG][0m itr   451, best 5549.4878, time  649.8, minPhero 0.01(232), stagnancy 37.3%
[35m[MSG][0m itr   452, best 5549.4878, time  651.1, minPhero 0.01(232), stagnancy 37.7%
[35m[MSG][0m itr   453, best 5549.4878, time  652.4, minPhero 0.01(232), stagnancy 38.0%
[35m[MSG][0m itr   454, best 5549.4878, time  653.7, minPhero 0.01(232), stagnancy 38.3%
[35m[MSG][0m itr   455, best 5549.4878, time  655.1, minPhero 0.01(232), stagnancy 38.7%
[35m[MSG][0m itr   456, best 5549.4878, time  656.6, minPhero 0.01(232), stagnancy 39.0%
[35m[MSG][0m itr   457, best 5549.4878, time  658.0, minPhero 0.01(232), stagnancy 39.3%
[35m[MSG][0m itr   458, best 5549.4878, time  659.5, minPhero 0.01(232), stagnancy 39.7%
[35m[MSG][0m itr   459, best 5549.4878, time  660.9, minPhero 0.01(232), stagnancy 40.0%
[35m[MSG][0m itr   460, best 5549.4878, time  662.4, minPhero 0.01(232), stagnancy 40.3%
[35m[MSG][0m itr   461, best 5549.4878, time  663.9, minPhero 0.01(232), stagnancy 40.7%
[35m[MSG][0m itr   462, best 5549.4878, time  665.3, minPhero 0.01(232), stagnancy 41.0%
[35m[MSG][0m itr   463, best 5549.4878, time  666.8, minPhero 0.01(232), stagnancy 41.3%
[35m[MSG][0m itr   464, best 5549.4878, time  668.2, minPhero 0.01(232), stagnancy 41.7%
[35m[MSG][0m itr   465, best 5549.4878, time  669.7, minPhero 0.01(232), stagnancy 42.0%
[35m[MSG][0m itr   466, best 5549.4878, time  671.1, minPhero 0.01(232), stagnancy 42.3%
[35m[MSG][0m itr   467, best 5549.4878, time  672.6, minPhero 0.01(232), stagnancy 42.7%
[35m[MSG][0m itr   468, best 5549.4878, time  674.0, minPhero 0.01(232), stagnancy 43.0%
[35m[MSG][0m itr   469, best 5549.4878, time  675.5, minPhero 0.01(232), stagnancy 43.3%
[35m[MSG][0m itr   470, best 5549.4878, time  676.9, minPhero 0.01(232), stagnancy 43.7%
[35m[MSG][0m itr   471, best 5548.4438, time  678.4, minPhero 0.01(241), stagnancy 0.0%
[35m[MSG][0m itr   472, best 5548.4438, time  679.8, minPhero 0.01(241), stagnancy 0.3%
[35m[MSG][0m itr   473, best 5548.4438, time  681.2, minPhero 0.01(241), stagnancy 0.7%
[35m[MSG][0m itr   474, best 5548.4438, time  682.8, minPhero 0.01(241), stagnancy 1.0%
[35m[MSG][0m itr   475, best 5548.4438, time  684.3, minPhero 0.01(241), stagnancy 1.3%
[35m[MSG][0m itr   476, best 5548.4438, time  685.8, minPhero 0.01(241), stagnancy 1.7%
[35m[MSG][0m itr   477, best 5548.4438, time  687.3, minPhero 0.01(241), stagnancy 2.0%
[35m[MSG][0m itr   478, best 5548.4438, time  688.9, minPhero 0.01(241), stagnancy 2.3%
[35m[MSG][0m itr   479, best 5548.4438, time  690.4, minPhero 0.01(241), stagnancy 2.7%
[35m[MSG][0m itr   480, best 5547.1318, time  692.0, minPhero 0.01(244), stagnancy 0.0%
[35m[MSG][0m itr   481, best 5547.1318, time  693.5, minPhero 0.01(244), stagnancy 0.3%
[35m[MSG][0m itr   482, best 5547.1318, time  695.1, minPhero 0.01(244), stagnancy 0.7%
[35m[MSG][0m itr   483, best 5547.1318, time  696.6, minPhero 0.01(244), stagnancy 1.0%
[35m[MSG][0m itr   484, best 5546.8579, time  698.2, minPhero 0.01(245), stagnancy 0.0%
[35m[MSG][0m itr   485, best 5546.8579, time  699.7, minPhero 0.01(245), stagnancy 0.3%
[35m[MSG][0m itr   486, best 5546.8579, time  701.3, minPhero 0.01(245), stagnancy 0.7%
[35m[MSG][0m itr   487, best 5546.8579, time  702.8, minPhero 0.01(245), stagnancy 1.0%
[35m[MSG][0m itr   488, best 5546.8579, time  704.4, minPhero 0.01(245), stagnancy 1.3%
[35m[MSG][0m itr   489, best 5546.0518, time  705.9, minPhero 0.01(250), stagnancy 0.0%
[35m[MSG][0m itr   490, best 5546.0518, time  707.6, minPhero 0.01(250), stagnancy 0.3%
[35m[MSG][0m itr   491, best 5546.0518, time  709.2, minPhero 0.01(250), stagnancy 0.7%
[35m[MSG][0m itr   492, best 5546.0518, time  711.3, minPhero 0.01(250), stagnancy 1.0%
[35m[MSG][0m itr   493, best 5546.0518, time  712.9, minPhero 0.01(241), stagnancy 1.3%
[35m[MSG][0m itr   494, best 5545.9976, time  714.4, minPhero 0.01(242), stagnancy 0.0%
[35m[MSG][0m itr   495, best 5545.9976, time  716.0, minPhero 0.01(242), stagnancy 0.3%
[35m[MSG][0m itr   496, best 5545.9976, time  717.5, minPhero 0.01(242), stagnancy 0.7%
[35m[MSG][0m itr   497, best 5545.9976, time  718.9, minPhero 0.01(242), stagnancy 1.0%
[35m[MSG][0m itr   498, best 5545.9976, time  720.5, minPhero 0.01(242), stagnancy 1.3%
[35m[MSG][0m itr   499, best 5545.9976, time  722.0, minPhero 0.01(242), stagnancy 1.7%
[35m[MSG][0m itr   500, best 5545.9976, time  723.8, minPhero 0.01(242), stagnancy 2.0%
[35m[MSG][0m itr   501, best 5545.9976, time  725.5, minPhero 0.01(241), stagnancy 2.3%
[35m[MSG][0m itr   502, best 5545.9971, time  727.2, minPhero 0.01(239), stagnancy 0.0%
[35m[MSG][0m itr   503, best 5545.9971, time  729.2, minPhero 0.01(239), stagnancy 0.3%
[35m[MSG][0m itr   504, best 5545.9971, time  731.1, minPhero 0.01(239), stagnancy 0.7%
[35m[MSG][0m itr   505, best 5545.9971, time  733.0, minPhero 0.01(239), stagnancy 1.0%
[35m[MSG][0m itr   506, best 5545.9971, time  734.9, minPhero 0.01(239), stagnancy 1.3%
[35m[MSG][0m itr   507, best 5545.9971, time  736.8, minPhero 0.01(239), stagnancy 1.7%
[35m[MSG][0m itr   508, best 5545.9971, time  738.5, minPhero 0.01(239), stagnancy 2.0%
[35m[MSG][0m itr   509, best 5545.9971, time  739.9, minPhero 0.01(239), stagnancy 2.3%
[35m[MSG][0m itr   510, best 5545.9971, time  741.4, minPhero 0.01(237), stagnancy 2.7%
[35m[MSG][0m itr   511, best 5545.9971, time  743.1, minPhero 0.01(234), stagnancy 3.0%
[35m[MSG][0m itr   512, best 5545.9971, time  744.9, minPhero 0.01(234), stagnancy 3.3%
[35m[MSG][0m itr   513, best 5545.9971, time  746.9, minPhero 0.01(233), stagnancy 3.7%
[35m[MSG][0m itr   514, best 5545.9971, time  748.5, minPhero 0.01(233), stagnancy 4.0%
[35m[MSG][0m itr   515, best 5545.9971, time  750.4, minPhero 0.01(233), stagnancy 4.3%
[35m[MSG][0m itr   516, best 5545.9971, time  752.0, minPhero 0.01(232), stagnancy 4.7%
[35m[MSG][0m itr   517, best 5545.9971, time  753.5, minPhero 0.01(232), stagnancy 5.0%
[35m[MSG][0m itr   518, best 5545.9971, time  754.8, minPhero 0.01(232), stagnancy 5.3%
[35m[MSG][0m itr   519, best 5545.9971, time  756.4, minPhero 0.01(232), stagnancy 5.7%
[35m[MSG][0m itr   520, best 5545.9971, time  758.1, minPhero 0.01(232), stagnancy 6.0%
[35m[MSG][0m itr   521, best 5545.9971, time  759.7, minPhero 0.01(232), stagnancy 6.3%
[35m[MSG][0m itr   522, best 5545.9971, time  761.3, minPhero 0.01(232), stagnancy 6.7%
[35m[MSG][0m itr   523, best 5545.9971, time  762.9, minPhero 0.01(232), stagnancy 7.0%
[35m[MSG][0m itr   524, best 5545.9971, time  764.3, minPhero 0.01(232), stagnancy 7.3%
[35m[MSG][0m itr   525, best 5545.9971, time  765.8, minPhero 0.01(232), stagnancy 7.7%
[35m[MSG][0m itr   526, best 5545.9971, time  767.3, minPhero 0.01(232), stagnancy 8.0%
[35m[MSG][0m itr   527, best 5545.9971, time  768.8, minPhero 0.01(232), stagnancy 8.3%
[35m[MSG][0m itr   528, best 5545.9971, time  770.2, minPhero 0.01(232), stagnancy 8.7%
[35m[MSG][0m itr   529, best 5545.9971, time  771.6, minPhero 0.01(232), stagnancy 9.0%
[35m[MSG][0m itr   530, best 5545.9971, time  773.1, minPhero 0.01(232), stagnancy 9.3%
[35m[MSG][0m itr   531, best 5545.9971, time  774.6, minPhero 0.01(232), stagnancy 9.7%
[35m[MSG][0m itr   532, best 5545.9971, time  776.0, minPhero 0.01(232), stagnancy 10.0%
[35m[MSG][0m itr   533, best 5545.9971, time  777.5, minPhero 0.01(232), stagnancy 10.3%
[35m[MSG][0m itr   534, best 5545.9971, time  779.0, minPhero 0.01(232), stagnancy 10.7%
[35m[MSG][0m itr   535, best 5545.9971, time  780.4, minPhero 0.01(232), stagnancy 11.0%
[35m[MSG][0m itr   536, best 5545.9971, time  781.9, minPhero 0.01(232), stagnancy 11.3%
[35m[MSG][0m itr   537, best 5545.9971, time  783.3, minPhero 0.01(232), stagnancy 11.7%
[35m[MSG][0m itr   538, best 5545.9971, time  784.8, minPhero 0.01(232), stagnancy 12.0%
[35m[MSG][0m itr   539, best 5545.9971, time  786.3, minPhero 0.01(232), stagnancy 12.3%
[35m[MSG][0m itr   540, best 5545.9971, time  787.7, minPhero 0.01(232), stagnancy 12.7%
[35m[MSG][0m itr   541, best 5545.9971, time  789.1, minPhero 0.01(232), stagnancy 13.0%
[35m[MSG][0m itr   542, best 5545.9971, time  790.6, minPhero 0.01(232), stagnancy 13.3%
[35m[MSG][0m itr   543, best 5545.9971, time  792.0, minPhero 0.01(232), stagnancy 13.7%
[35m[MSG][0m itr   544, best 5545.9971, time  793.5, minPhero 0.01(232), stagnancy 14.0%
[35m[MSG][0m itr   545, best 5545.9971, time  794.9, minPhero 0.01(232), stagnancy 14.3%
[35m[MSG][0m itr   546, best 5545.9971, time  796.4, minPhero 0.01(232), stagnancy 14.7%
[35m[MSG][0m itr   547, best 5545.9971, time  797.9, minPhero 0.01(232), stagnancy 15.0%
[35m[MSG][0m itr   548, best 5545.9971, time  799.3, minPhero 0.01(232), stagnancy 15.3%
[35m[MSG][0m itr   549, best 5545.9971, time  800.8, minPhero 0.01(232), stagnancy 15.7%
[35m[MSG][0m itr   550, best 5545.9971, time  802.2, minPhero 0.01(232), stagnancy 16.0%
[35m[MSG][0m itr   551, best 5545.9971, time  803.7, minPhero 0.01(232), stagnancy 16.3%
[35m[MSG][0m itr   552, best 5545.9971, time  805.2, minPhero 0.01(232), stagnancy 16.7%
[35m[MSG][0m itr   553, best 5545.9971, time  806.6, minPhero 0.01(232), stagnancy 17.0%
[35m[MSG][0m itr   554, best 5545.9971, time  808.0, minPhero 0.01(232), stagnancy 17.3%
[35m[MSG][0m itr   555, best 5545.9971, time  809.4, minPhero 0.01(232), stagnancy 17.7%
[35m[MSG][0m itr   556, best 5545.9971, time  810.8, minPhero 0.01(232), stagnancy 18.0%
[35m[MSG][0m itr   557, best 5545.9971, time  812.3, minPhero 0.01(232), stagnancy 18.3%
[35m[MSG][0m itr   558, best 5545.9971, time  813.7, minPhero 0.01(232), stagnancy 18.7%
[35m[MSG][0m itr   559, best 5545.9971, time  815.2, minPhero 0.01(232), stagnancy 19.0%
[35m[MSG][0m itr   560, best 5545.9971, time  816.6, minPhero 0.01(232), stagnancy 19.3%
[35m[MSG][0m itr   561, best 5545.9971, time  818.0, minPhero 0.01(232), stagnancy 19.7%
[35m[MSG][0m itr   562, best 5545.9971, time  819.4, minPhero 0.01(232), stagnancy 20.0%
[35m[MSG][0m itr   563, best 5545.9971, time  820.9, minPhero 0.01(232), stagnancy 20.3%
[35m[MSG][0m itr   564, best 5545.9971, time  822.3, minPhero 0.01(232), stagnancy 20.7%
[35m[MSG][0m itr   565, best 5545.9971, time  823.8, minPhero 0.01(232), stagnancy 21.0%
[35m[MSG][0m itr   566, best 5545.9971, time  825.3, minPhero 0.01(232), stagnancy 21.3%
[35m[MSG][0m itr   567, best 5545.9971, time  826.7, minPhero 0.01(232), stagnancy 21.7%
[35m[MSG][0m itr   568, best 5545.9971, time  828.2, minPhero 0.01(232), stagnancy 22.0%
[35m[MSG][0m itr   569, best 5545.9971, time  829.6, minPhero 0.01(232), stagnancy 22.3%
[35m[MSG][0m itr   570, best 5545.9971, time  831.1, minPhero 0.01(232), stagnancy 22.7%
[35m[MSG][0m itr   571, best 5545.9971, time  832.5, minPhero 0.01(232), stagnancy 23.0%
[35m[MSG][0m itr   572, best 5545.9971, time  834.0, minPhero 0.01(232), stagnancy 23.3%
[35m[MSG][0m itr   573, best 5545.9971, time  835.4, minPhero 0.01(232), stagnancy 23.7%
[35m[MSG][0m itr   574, best 5545.9971, time  836.8, minPhero 0.01(232), stagnancy 24.0%
[35m[MSG][0m itr   575, best 5545.9971, time  838.3, minPhero 0.01(232), stagnancy 24.3%
[35m[MSG][0m itr   576, best 5545.9971, time  839.7, minPhero 0.01(232), stagnancy 24.7%
[35m[MSG][0m itr   577, best 5545.9971, time  841.2, minPhero 0.01(232), stagnancy 25.0%
[35m[MSG][0m itr   578, best 5545.9971, time  842.6, minPhero 0.01(232), stagnancy 25.3%
[35m[MSG][0m itr   579, best 5545.9971, time  844.0, minPhero 0.01(232), stagnancy 25.7%
[35m[MSG][0m itr   580, best 5545.9971, time  845.5, minPhero 0.01(232), stagnancy 26.0%
[35m[MSG][0m itr   581, best 5545.9971, time  847.0, minPhero 0.01(232), stagnancy 26.3%
[35m[MSG][0m itr   582, best 5545.9971, time  848.4, minPhero 0.01(232), stagnancy 26.7%
[35m[MSG][0m itr   583, best 5545.9971, time  849.9, minPhero 0.01(232), stagnancy 27.0%
[35m[MSG][0m itr   584, best 5545.9971, time  851.4, minPhero 0.01(232), stagnancy 27.3%
[35m[MSG][0m itr   585, best 5545.9971, time  852.9, minPhero 0.01(232), stagnancy 27.7%
[35m[MSG][0m itr   586, best 5545.9971, time  854.3, minPhero 0.01(232), stagnancy 28.0%
[35m[MSG][0m itr   587, best 5545.9971, time  855.8, minPhero 0.01(232), stagnancy 28.3%
[35m[MSG][0m itr   588, best 5545.9971, time  857.2, minPhero 0.01(232), stagnancy 28.7%
[35m[MSG][0m itr   589, best 5545.9971, time  858.7, minPhero 0.01(232), stagnancy 29.0%
[35m[MSG][0m itr   590, best 5545.9971, time  860.1, minPhero 0.01(232), stagnancy 29.3%
[35m[MSG][0m itr   591, best 5545.9971, time  861.6, minPhero 0.01(232), stagnancy 29.7%
[35m[MSG][0m itr   592, best 5545.9971, time  863.1, minPhero 0.01(232), stagnancy 30.0%
[35m[MSG][0m itr   593, best 5545.9971, time  864.5, minPhero 0.01(232), stagnancy 30.3%
[35m[MSG][0m itr   594, best 5545.9971, time  865.9, minPhero 0.01(232), stagnancy 30.7%
[35m[MSG][0m itr   595, best 5545.9971, time  867.4, minPhero 0.01(232), stagnancy 31.0%
[35m[MSG][0m itr   596, best 5545.9971, time  868.8, minPhero 0.01(232), stagnancy 31.3%
[35m[MSG][0m itr   597, best 5545.9971, time  870.3, minPhero 0.01(232), stagnancy 31.7%
[35m[MSG][0m itr   598, best 5545.9971, time  871.7, minPhero 0.01(232), stagnancy 32.0%
[35m[MSG][0m itr   599, best 5545.9971, time  873.1, minPhero 0.01(232), stagnancy 32.3%
[35m[MSG][0m itr   600, best 5545.9971, time  874.5, minPhero 0.01(232), stagnancy 32.7%
[35m[MSG][0m itr   601, best 5545.9971, time  876.0, minPhero 0.01(232), stagnancy 33.0%
[35m[MSG][0m itr   602, best 5545.9971, time  877.5, minPhero 0.01(232), stagnancy 33.3%
[35m[MSG][0m itr   603, best 5545.9971, time  878.9, minPhero 0.01(232), stagnancy 33.7%
[35m[MSG][0m itr   604, best 5545.9971, time  880.4, minPhero 0.01(232), stagnancy 34.0%
[35m[MSG][0m itr   605, best 5545.9971, time  881.9, minPhero 0.01(232), stagnancy 34.3%
[35m[MSG][0m itr   606, best 5545.9971, time  883.3, minPhero 0.01(232), stagnancy 34.7%
[35m[MSG][0m itr   607, best 5545.9971, time  884.8, minPhero 0.01(232), stagnancy 35.0%
[35m[MSG][0m itr   608, best 5545.9971, time  886.2, minPhero 0.01(232), stagnancy 35.3%
[35m[MSG][0m itr   609, best 5545.9971, time  887.7, minPhero 0.01(232), stagnancy 35.7%
[35m[MSG][0m itr   610, best 5545.9971, time  889.2, minPhero 0.01(232), stagnancy 36.0%
[35m[MSG][0m itr   611, best 5545.9971, time  890.7, minPhero 0.01(232), stagnancy 36.3%
[35m[MSG][0m itr   612, best 5545.9971, time  892.1, minPhero 0.01(232), stagnancy 36.7%
[35m[MSG][0m itr   613, best 5545.9971, time  893.6, minPhero 0.01(232), stagnancy 37.0%
[35m[MSG][0m itr   614, best 5545.9971, time  895.1, minPhero 0.01(232), stagnancy 37.3%
[35m[MSG][0m itr   615, best 5545.9971, time  896.6, minPhero 0.01(232), stagnancy 37.7%
[35m[MSG][0m itr   616, best 5545.9971, time  898.0, minPhero 0.01(232), stagnancy 38.0%
[35m[MSG][0m itr   617, best 5545.9971, time  899.5, minPhero 0.01(232), stagnancy 38.3%
[35m[MSG][0m itr   618, best 5545.9971, time  900.9, minPhero 0.01(232), stagnancy 38.7%
[35m[MSG][0m itr   619, best 5545.9971, time  902.4, minPhero 0.01(232), stagnancy 39.0%
[35m[MSG][0m itr   620, best 5545.9971, time  903.8, minPhero 0.01(232), stagnancy 39.3%
[35m[MSG][0m itr   621, best 5545.9971, time  905.3, minPhero 0.01(232), stagnancy 39.7%
[35m[MSG][0m itr   622, best 5545.9971, time  906.8, minPhero 0.01(232), stagnancy 40.0%
[35m[MSG][0m itr   623, best 5545.9971, time  908.2, minPhero 0.01(232), stagnancy 40.3%
[35m[MSG][0m itr   624, best 5545.9971, time  909.7, minPhero 0.01(232), stagnancy 40.7%
[35m[MSG][0m itr   625, best 5545.9971, time  911.1, minPhero 0.01(232), stagnancy 41.0%
[35m[MSG][0m itr   626, best 5545.9971, time  912.6, minPhero 0.01(232), stagnancy 41.3%
[35m[MSG][0m itr   627, best 5545.9971, time  914.1, minPhero 0.01(232), stagnancy 41.7%
[35m[MSG][0m itr   628, best 5545.9971, time  915.5, minPhero 0.01(232), stagnancy 42.0%
[35m[MSG][0m itr   629, best 5545.9971, time  917.0, minPhero 0.01(232), stagnancy 42.3%
[35m[MSG][0m itr   630, best 5545.9971, time  918.3, minPhero 0.01(232), stagnancy 42.7%
[35m[MSG][0m itr   631, best 5545.9971, time  919.7, minPhero 0.01(232), stagnancy 43.0%
[35m[MSG][0m itr   632, best 5545.9971, time  921.2, minPhero 0.01(232), stagnancy 43.3%
[35m[MSG][0m itr   633, best 5545.9971, time  922.7, minPhero 0.01(232), stagnancy 43.7%
[35m[MSG][0m itr   634, best 5545.9971, time  924.1, minPhero 0.01(232), stagnancy 44.0%
[35m[MSG][0m itr   635, best 5545.9971, time  925.5, minPhero 0.01(232), stagnancy 44.3%
[35m[MSG][0m itr   636, best 5545.9971, time  927.0, minPhero 0.01(232), stagnancy 44.7%
[35m[MSG][0m itr   637, best 5545.9971, time  928.5, minPhero 0.01(232), stagnancy 45.0%
[35m[MSG][0m itr   638, best 5545.9971, time  929.9, minPhero 0.01(232), stagnancy 45.3%
[35m[MSG][0m itr   639, best 5545.9971, time  931.4, minPhero 0.01(232), stagnancy 45.7%
[35m[MSG][0m itr   640, best 5545.9971, time  932.8, minPhero 0.01(232), stagnancy 46.0%
[35m[MSG][0m itr   641, best 5545.9971, time  934.3, minPhero 0.01(232), stagnancy 46.3%
[35m[MSG][0m itr   642, best 5545.9971, time  935.7, minPhero 0.01(232), stagnancy 46.7%
[35m[MSG][0m itr   643, best 5545.9971, time  937.2, minPhero 0.01(232), stagnancy 47.0%
[35m[MSG][0m itr   644, best 5545.9971, time  938.5, minPhero 0.01(232), stagnancy 47.3%
[35m[MSG][0m itr   645, best 5545.9971, time  939.8, minPhero 0.01(232), stagnancy 47.7%
[35m[MSG][0m itr   646, best 5545.9971, time  941.2, minPhero 0.01(232), stagnancy 48.0%
[35m[MSG][0m itr   647, best 5545.9971, time  942.7, minPhero 0.01(232), stagnancy 48.3%
[35m[MSG][0m itr   648, best 5545.9971, time  944.1, minPhero 0.01(232), stagnancy 48.7%
[35m[MSG][0m itr   649, best 5545.9971, time  945.6, minPhero 0.01(232), stagnancy 49.0%
[35m[MSG][0m itr   650, best 5545.9971, time  947.1, minPhero 0.01(232), stagnancy 49.3%
[35m[MSG][0m itr   651, best 5545.9971, time  948.5, minPhero 0.01(232), stagnancy 49.7%
[35m[MSG][0m itr   652, best 5545.9971, time  950.0, minPhero 0.01(232), stagnancy 50.0%
[35m[MSG][0m itr   653, best 5545.9971, time  951.4, minPhero 0.01(232), stagnancy 50.3%
[35m[MSG][0m itr   654, best 5545.9971, time  952.9, minPhero 0.01(232), stagnancy 50.7%
[35m[MSG][0m itr   655, best 5545.9971, time  954.4, minPhero 0.01(232), stagnancy 51.0%
[35m[MSG][0m itr   656, best 5545.9971, time  955.9, minPhero 0.01(232), stagnancy 51.3%
[35m[MSG][0m itr   657, best 5545.9971, time  957.3, minPhero 0.01(232), stagnancy 51.7%
[35m[MSG][0m itr   658, best 5545.9971, time  958.8, minPhero 0.01(232), stagnancy 52.0%
[35m[MSG][0m itr   659, best 5545.9971, time  960.3, minPhero 0.01(232), stagnancy 52.3%
[35m[MSG][0m itr   660, best 5545.9971, time  961.7, minPhero 0.01(232), stagnancy 52.7%
[35m[MSG][0m itr   661, best 5545.9971, time  963.2, minPhero 0.01(232), stagnancy 53.0%
[35m[MSG][0m itr   662, best 5545.9971, time  964.6, minPhero 0.01(232), stagnancy 53.3%
[35m[MSG][0m itr   663, best 5545.9971, time  966.1, minPhero 0.01(232), stagnancy 53.7%
[35m[MSG][0m itr   664, best 5545.9971, time  967.6, minPhero 0.01(232), stagnancy 54.0%
[35m[MSG][0m itr   665, best 5545.9971, time  969.0, minPhero 0.01(232), stagnancy 54.3%
[35m[MSG][0m itr   666, best 5545.9971, time  970.5, minPhero 0.01(232), stagnancy 54.7%
[35m[MSG][0m itr   667, best 5545.9971, time  971.9, minPhero 0.01(232), stagnancy 55.0%
[35m[MSG][0m itr   668, best 5545.9971, time  973.4, minPhero 0.01(232), stagnancy 55.3%
[35m[MSG][0m itr   669, best 5545.9971, time  974.8, minPhero 0.01(232), stagnancy 55.7%
[35m[MSG][0m itr   670, best 5545.9971, time  976.3, minPhero 0.01(232), stagnancy 56.0%
[35m[MSG][0m itr   671, best 5545.9971, time  977.8, minPhero 0.01(232), stagnancy 56.3%
[35m[MSG][0m itr   672, best 5545.9971, time  979.3, minPhero 0.01(232), stagnancy 56.7%
[35m[MSG][0m itr   673, best 5545.9971, time  980.7, minPhero 0.01(232), stagnancy 57.0%
[35m[MSG][0m itr   674, best 5545.9971, time  982.1, minPhero 0.01(232), stagnancy 57.3%
[35m[MSG][0m itr   675, best 5545.9971, time  983.6, minPhero 0.01(232), stagnancy 57.7%
[35m[MSG][0m itr   676, best 5545.9971, time  985.0, minPhero 0.01(232), stagnancy 58.0%
[35m[MSG][0m itr   677, best 5545.9971, time  986.5, minPhero 0.01(232), stagnancy 58.3%
[35m[MSG][0m itr   678, best 5545.9971, time  987.8, minPhero 0.01(232), stagnancy 58.7%
[35m[MSG][0m itr   679, best 5545.9971, time  989.2, minPhero 0.01(232), stagnancy 59.0%
[35m[MSG][0m itr   680, best 5545.9971, time  990.8, minPhero 0.01(232), stagnancy 59.3%
[35m[MSG][0m itr   681, best 5545.9971, time  992.3, minPhero 0.01(232), stagnancy 59.7%
[35m[MSG][0m itr   682, best 5545.9971, time  993.9, minPhero 0.01(232), stagnancy 60.0%
[35m[MSG][0m itr   683, best 5545.9971, time  995.4, minPhero 0.01(232), stagnancy 60.3%
[35m[MSG][0m itr   684, best 5545.9971, time  996.9, minPhero 0.01(232), stagnancy 60.7%
[35m[MSG][0m itr   685, best 5545.9971, time  998.4, minPhero 0.01(232), stagnancy 61.0%
[35m[MSG][0m itr   686, best 5545.9971, time 1000.0, minPhero 0.01(232), stagnancy 61.3%
[35m[MSG][0m itr   687, best 5545.9971, time 1001.5, minPhero 0.01(232), stagnancy 61.7%
[35m[MSG][0m itr   688, best 5545.9971, time 1003.1, minPhero 0.01(232), stagnancy 62.0%
[35m[MSG][0m itr   689, best 5545.9971, time 1004.6, minPhero 0.01(232), stagnancy 62.3%
[35m[MSG][0m itr   690, best 5545.9971, time 1006.2, minPhero 0.01(232), stagnancy 62.7%
[35m[MSG][0m itr   691, best 5545.9971, time 1007.7, minPhero 0.01(232), stagnancy 63.0%
[35m[MSG][0m itr   692, best 5545.9971, time 1009.2, minPhero 0.01(232), stagnancy 63.3%
[35m[MSG][0m itr   693, best 5545.9971, time 1010.8, minPhero 0.01(232), stagnancy 63.7%
[35m[MSG][0m itr   694, best 5545.9971, time 1012.4, minPhero 0.01(232), stagnancy 64.0%
[35m[MSG][0m itr   695, best 5545.9971, time 1013.9, minPhero 0.01(232), stagnancy 64.3%
[35m[MSG][0m itr   696, best 5545.9971, time 1015.5, minPhero 0.01(232), stagnancy 64.7%
[35m[MSG][0m itr   697, best 5545.9971, time 1017.1, minPhero 0.01(232), stagnancy 65.0%
[35m[MSG][0m itr   698, best 5545.9971, time 1018.6, minPhero 0.01(232), stagnancy 65.3%
[35m[MSG][0m itr   699, best 5545.9971, time 1020.2, minPhero 0.01(232), stagnancy 65.7%
[35m[MSG][0m itr   700, best 5545.9971, time 1021.7, minPhero 0.01(232), stagnancy 66.0%
[35m[MSG][0m itr   701, best 5545.9971, time 1023.3, minPhero 0.01(232), stagnancy 66.3%
[35m[MSG][0m itr   702, best 5545.9971, time 1024.9, minPhero 0.01(232), stagnancy 66.7%
[35m[MSG][0m itr   703, best 5545.9971, time 1026.4, minPhero 0.01(232), stagnancy 67.0%
[35m[MSG][0m itr   704, best 5545.9971, time 1028.0, minPhero 0.01(232), stagnancy 67.3%
[35m[MSG][0m itr   705, best 5545.9971, time 1029.5, minPhero 0.01(232), stagnancy 67.7%
[35m[MSG][0m itr   706, best 5545.9971, time 1031.1, minPhero 0.01(232), stagnancy 68.0%
[35m[MSG][0m itr   707, best 5545.9971, time 1032.6, minPhero 0.01(232), stagnancy 68.3%
[35m[MSG][0m itr   708, best 5545.9971, time 1034.2, minPhero 0.01(232), stagnancy 68.7%
[35m[MSG][0m itr   709, best 5545.9971, time 1035.7, minPhero 0.01(232), stagnancy 69.0%
[35m[MSG][0m itr   710, best 5545.9971, time 1037.2, minPhero 0.01(232), stagnancy 69.3%
[35m[MSG][0m itr   711, best 5545.9971, time 1038.8, minPhero 0.01(232), stagnancy 69.7%
[35m[MSG][0m itr   712, best 5545.9971, time 1040.3, minPhero 0.01(232), stagnancy 70.0%
[35m[MSG][0m itr   713, best 5545.9971, time 1041.9, minPhero 0.01(232), stagnancy 70.3%
[35m[MSG][0m itr   714, best 5545.9971, time 1043.4, minPhero 0.01(232), stagnancy 70.7%
[35m[MSG][0m itr   715, best 5545.9971, time 1045.0, minPhero 0.01(232), stagnancy 71.0%
[35m[MSG][0m itr   716, best 5545.9971, time 1046.6, minPhero 0.01(232), stagnancy 71.3%
[35m[MSG][0m itr   717, best 5545.9971, time 1048.1, minPhero 0.01(232), stagnancy 71.7%
[35m[MSG][0m itr   718, best 5545.9971, time 1049.6, minPhero 0.01(232), stagnancy 72.0%
[35m[MSG][0m itr   719, best 5545.9971, time 1051.0, minPhero 0.01(232), stagnancy 72.3%
[35m[MSG][0m itr   720, best 5545.9971, time 1052.6, minPhero 0.01(232), stagnancy 72.7%
[35m[MSG][0m itr   721, best 5545.9971, time 1054.1, minPhero 0.01(232), stagnancy 73.0%
[35m[MSG][0m itr   722, best 5545.9971, time 1055.7, minPhero 0.01(232), stagnancy 73.3%
[35m[MSG][0m itr   723, best 5545.9971, time 1057.2, minPhero 0.01(232), stagnancy 73.7%
[35m[MSG][0m itr   724, best 5545.9971, time 1058.8, minPhero 0.01(232), stagnancy 74.0%
[35m[MSG][0m itr   725, best 5545.9971, time 1060.3, minPhero 0.01(232), stagnancy 74.3%
[35m[MSG][0m itr   726, best 5545.9971, time 1061.9, minPhero 0.01(232), stagnancy 74.7%
[35m[MSG][0m itr   727, best 5545.9971, time 1063.7, minPhero 0.01(232), stagnancy 75.0%
[35m[MSG][0m itr   728, best 5545.9971, time 1065.2, minPhero 0.01(232), stagnancy 75.3%
[35m[MSG][0m itr   729, best 5545.9971, time 1066.8, minPhero 0.01(232), stagnancy 75.7%
[35m[MSG][0m itr   730, best 5545.9971, time 1068.2, minPhero 0.01(232), stagnancy 76.0%
[35m[MSG][0m itr   731, best 5545.9971, time 1069.7, minPhero 0.01(232), stagnancy 76.3%
[35m[MSG][0m itr   732, best 5545.9971, time 1071.2, minPhero 0.01(232), stagnancy 76.7%
[35m[MSG][0m itr   733, best 5545.9971, time 1072.6, minPhero 0.01(232), stagnancy 77.0%
[35m[MSG][0m itr   734, best 5545.9971, time 1074.0, minPhero 0.01(232), stagnancy 77.3%
[35m[MSG][0m itr   735, best 5545.9971, time 1075.5, minPhero 0.01(232), stagnancy 77.7%
[35m[MSG][0m itr   736, best 5545.9971, time 1077.0, minPhero 0.01(232), stagnancy 78.0%
[35m[MSG][0m itr   737, best 5545.9971, time 1078.4, minPhero 0.01(232), stagnancy 78.3%
[35m[MSG][0m itr   738, best 5545.9971, time 1079.9, minPhero 0.01(232), stagnancy 78.7%
[35m[MSG][0m itr   739, best 5545.9971, time 1081.4, minPhero 0.01(232), stagnancy 79.0%
[35m[MSG][0m itr   740, best 5545.9971, time 1082.8, minPhero 0.01(232), stagnancy 79.3%
[35m[MSG][0m itr   741, best 5545.9971, time 1084.6, minPhero 0.01(232), stagnancy 79.7%
[35m[MSG][0m itr   742, best 5545.9971, time 1086.1, minPhero 0.01(232), stagnancy 80.0%
[35m[MSG][0m itr   743, best 5545.9971, time 1087.7, minPhero 0.01(232), stagnancy 80.3%
[35m[MSG][0m itr   744, best 5545.9971, time 1089.2, minPhero 0.01(232), stagnancy 80.7%
[35m[MSG][0m itr   745, best 5545.9971, time 1090.8, minPhero 0.01(232), stagnancy 81.0%
[35m[MSG][0m itr   746, best 5545.9971, time 1092.3, minPhero 0.01(232), stagnancy 81.3%
[35m[MSG][0m itr   747, best 5545.9971, time 1093.9, minPhero 0.01(232), stagnancy 81.7%
[35m[MSG][0m itr   748, best 5545.9971, time 1095.4, minPhero 0.01(232), stagnancy 82.0%
[35m[MSG][0m itr   749, best 5545.9971, time 1097.0, minPhero 0.01(232), stagnancy 82.3%
[35m[MSG][0m itr   750, best 5545.9971, time 1098.8, minPhero 0.01(232), stagnancy 82.7%
[35m[MSG][0m itr   751, best 5545.9971, time 1100.3, minPhero 0.01(232), stagnancy 83.0%
[35m[MSG][0m itr   752, best 5545.9971, time 1102.1, minPhero 0.01(232), stagnancy 83.3%
[35m[MSG][0m itr   753, best 5545.9971, time 1103.6, minPhero 0.01(232), stagnancy 83.7%
[35m[MSG][0m itr   754, best 5545.9971, time 1105.2, minPhero 0.01(232), stagnancy 84.0%
[35m[MSG][0m itr   755, best 5545.9971, time 1106.8, minPhero 0.01(232), stagnancy 84.3%
[35m[MSG][0m itr   756, best 5545.9971, time 1108.3, minPhero 0.01(232), stagnancy 84.7%
[35m[MSG][0m itr   757, best 5545.9971, time 1109.8, minPhero 0.01(232), stagnancy 85.0%
[35m[MSG][0m itr   758, best 5545.9971, time 1111.4, minPhero 0.01(232), stagnancy 85.3%
[35m[MSG][0m itr   759, best 5545.9971, time 1112.9, minPhero 0.01(232), stagnancy 85.7%
[35m[MSG][0m itr   760, best 5545.9971, time 1114.5, minPhero 0.01(232), stagnancy 86.0%
[35m[MSG][0m itr   761, best 5545.9971, time 1116.0, minPhero 0.01(232), stagnancy 86.3%
[35m[MSG][0m itr   762, best 5545.9971, time 1117.6, minPhero 0.01(232), stagnancy 86.7%
[35m[MSG][0m itr   763, best 5545.9971, time 1119.1, minPhero 0.01(232), stagnancy 87.0%
[35m[MSG][0m itr   764, best 5545.9971, time 1120.7, minPhero 0.01(232), stagnancy 87.3%
[35m[MSG][0m itr   765, best 5545.9971, time 1122.2, minPhero 0.01(232), stagnancy 87.7%
[35m[MSG][0m itr   766, best 5545.9971, time 1123.8, minPhero 0.01(232), stagnancy 88.0%
[35m[MSG][0m itr   767, best 5545.9971, time 1125.3, minPhero 0.01(232), stagnancy 88.3%
[35m[MSG][0m itr   768, best 5545.9971, time 1126.9, minPhero 0.01(232), stagnancy 88.7%
[35m[MSG][0m itr   769, best 5545.9971, time 1128.4, minPhero 0.01(232), stagnancy 89.0%
[35m[MSG][0m itr   770, best 5545.9971, time 1130.0, minPhero 0.01(232), stagnancy 89.3%
[35m[MSG][0m itr   771, best 5545.9971, time 1131.5, minPhero 0.01(232), stagnancy 89.7%
[35m[MSG][0m itr   772, best 5545.9971, time 1133.3, minPhero 0.01(232), stagnancy 90.0%
[35m[MSG][0m itr   773, best 5545.9971, time 1134.9, minPhero 0.01(232), stagnancy 90.3%
[35m[MSG][0m itr   774, best 5545.9971, time 1136.4, minPhero 0.01(232), stagnancy 90.7%
[35m[MSG][0m itr   775, best 5545.9971, time 1138.0, minPhero 0.01(232), stagnancy 91.0%
[35m[MSG][0m itr   776, best 5545.9971, time 1139.5, minPhero 0.01(232), stagnancy 91.3%
[35m[MSG][0m itr   777, best 5545.9971, time 1141.1, minPhero 0.01(232), stagnancy 91.7%
[35m[MSG][0m itr   778, best 5545.9971, time 1142.6, minPhero 0.01(232), stagnancy 92.0%
[35m[MSG][0m itr   779, best 5545.9971, time 1144.2, minPhero 0.01(232), stagnancy 92.3%
[35m[MSG][0m itr   780, best 5545.9971, time 1145.7, minPhero 0.01(232), stagnancy 92.7%
[35m[MSG][0m itr   781, best 5545.9971, time 1147.3, minPhero 0.01(232), stagnancy 93.0%
[35m[MSG][0m itr   782, best 5545.9971, time 1148.8, minPhero 0.01(232), stagnancy 93.3%
[35m[MSG][0m itr   783, best 5545.9971, time 1150.4, minPhero 0.01(232), stagnancy 93.7%
[35m[MSG][0m itr   784, best 5545.9971, time 1151.9, minPhero 0.01(232), stagnancy 94.0%
[35m[MSG][0m itr   785, best 5545.9971, time 1153.4, minPhero 0.01(232), stagnancy 94.3%
[35m[MSG][0m itr   786, best 5545.9971, time 1155.0, minPhero 0.01(232), stagnancy 94.7%
[35m[MSG][0m itr   787, best 5545.9971, time 1156.5, minPhero 0.01(232), stagnancy 95.0%
[35m[MSG][0m itr   788, best 5545.9971, time 1158.1, minPhero 0.01(232), stagnancy 95.3%
[35m[MSG][0m itr   789, best 5545.9971, time 1159.6, minPhero 0.01(232), stagnancy 95.7%
[35m[MSG][0m itr   790, best 5545.9971, time 1161.2, minPhero 0.01(232), stagnancy 96.0%
[35m[MSG][0m itr   791, best 5545.9971, time 1162.7, minPhero 0.01(232), stagnancy 96.3%
[35m[MSG][0m itr   792, best 5545.9971, time 1164.3, minPhero 0.01(232), stagnancy 96.7%
[35m[MSG][0m itr   793, best 5545.9971, time 1165.9, minPhero 0.01(232), stagnancy 97.0%
[35m[MSG][0m itr   794, best 5545.9971, time 1167.4, minPhero 0.01(232), stagnancy 97.3%
[35m[MSG][0m itr   795, best 5545.9971, time 1169.0, minPhero 0.01(232), stagnancy 97.7%
[35m[MSG][0m itr   796, best 5545.9971, time 1170.5, minPhero 0.01(232), stagnancy 98.0%
[35m[MSG][0m itr   797, best 5545.9971, time 1172.5, minPhero 0.01(232), stagnancy 98.3%
[35m[MSG][0m itr   798, best 5545.9971, time 1174.0, minPhero 0.01(232), stagnancy 98.7%
[35m[MSG][0m itr   799, best 5545.9971, time 1175.6, minPhero 0.01(232), stagnancy 99.0%
[35m[MSG][0m itr   800, best 5545.9971, time 1177.1, minPhero 0.01(232), stagnancy 99.3%
[35m[MSG][0m itr   801, best 5545.9971, time 1178.7, minPhero 0.01(232), stagnancy 99.7%
[35m[MSG][0m itr   802, best 5545.9971, time 1180.3, minPhero 0.01(232), stagnancy 100.0%
[35m[MSG][0m Solution converged. Reinitialising pheromones...
[35m[MSG][0m Time: 1180.34 s
[35m[MSG][0m Best cost: 5546.00
