[35m[MSG][0m Log level set to LOG_DEBUG
[35m[MSG][0m Parsing input from file "res/fruitybun250_2016.vrp"
[35m[MSG][0m Number of nodes: 250
[35m[MSG][0m Running ACO search
[35m[MSG][0m ACO settings: 
 alpha:     8.000
 beta:      1.000
 pers:      0.850
 minPhero:  0.015
 nbhood:    10
 popSize:   512
 maxStag:   300
[35m[MSG][0m itr     1, best 5800.3447, time    1.3, minPhero 0.85(28922), stagnancy 0.0%
[35m[MSG][0m itr     2, best 5736.1738, time    2.6, minPhero 0.72(28922), stagnancy 0.0%
[35m[MSG][0m itr     3, best 5736.1738, time    4.0, minPhero 0.61(28922), stagnancy 0.3%
[35m[MSG][0m itr     4, best 5736.1738, time    5.5, minPhero 0.52(28922), stagnancy 0.7%
[35m[MSG][0m itr     5, best 5736.1738, time    6.9, minPhero 0.44(28922), stagnancy 1.0%
[35m[MSG][0m itr     6, best 5736.1738, time    8.3, minPhero 0.38(28922), stagnancy 1.3%
[35m[MSG][0m itr     7, best 5736.1738, time    9.8, minPhero 0.32(28922), stagnancy 1.7%
[35m[MSG][0m itr     8, best 5736.1738, time   11.3, minPhero 0.27(28922), stagnancy 2.0%
[35m[MSG][0m itr     9, best 5688.8486, time   12.7, minPhero 0.23(28922), stagnancy 0.0%
[35m[MSG][0m itr    10, best 5688.8486, time   14.2, minPhero 0.20(28922), stagnancy 0.3%
[35m[MSG][0m itr    11, best 5688.8486, time   15.7, minPhero 0.17(28922), stagnancy 0.7%
[35m[MSG][0m itr    12, best 5688.8486, time   17.1, minPhero 0.14(28922), stagnancy 1.0%
[35m[MSG][0m itr    13, best 5688.8486, time   18.6, minPhero 0.12(28922), stagnancy 1.3%
[35m[MSG][0m itr    14, best 5666.1792, time   20.1, minPhero 0.10(28922), stagnancy 0.0%
[35m[MSG][0m itr    15, best 5666.1792, time   21.5, minPhero 0.09(28922), stagnancy 0.3%
[35m[MSG][0m itr    16, best 5644.0957, time   23.0, minPhero 0.07(28922), stagnancy 0.0%
[35m[MSG][0m itr    17, best 5644.0957, time   24.5, minPhero 0.06(28922), stagnancy 0.3%
[35m[MSG][0m itr    18, best 5644.0957, time   26.0, minPhero 0.05(28922), stagnancy 0.7%
[35m[MSG][0m itr    19, best 5644.0957, time   27.4, minPhero 0.05(28922), stagnancy 1.0%
[35m[MSG][0m itr    20, best 5644.0957, time   28.9, minPhero 0.04(28922), stagnancy 1.3%
[35m[MSG][0m itr    21, best 5644.0957, time   30.4, minPhero 0.03(28922), stagnancy 1.7%
[35m[MSG][0m itr    22, best 5634.1304, time   31.8, minPhero 0.03(28922), stagnancy 0.0%
[35m[MSG][0m itr    23, best 5634.1304, time   33.2, minPhero 0.02(454), stagnancy 0.3%
[35m[MSG][0m itr    24, best 5628.0674, time   34.6, minPhero 0.02(386), stagnancy 0.0%
[35m[MSG][0m itr    25, best 5623.1470, time   36.1, minPhero 0.02(387), stagnancy 0.0%
[35m[MSG][0m itr    26, best 5619.0889, time   37.5, minPhero 0.01(390), stagnancy 0.0%
[35m[MSG][0m itr    27, best 5619.0889, time   38.9, minPhero 0.01(390), stagnancy 0.3%
[35m[MSG][0m itr    28, best 5617.2817, time   40.4, minPhero 0.01(393), stagnancy 0.0%
[35m[MSG][0m itr    29, best 5614.0713, time   41.8, minPhero 0.01(393), stagnancy 0.0%
[35m[MSG][0m itr    30, best 5612.5137, time   43.3, minPhero 0.01(393), stagnancy 0.0%
[35m[MSG][0m itr    31, best 5607.4966, time   44.8, minPhero 0.01(329), stagnancy 0.0%
[35m[MSG][0m itr    32, best 5607.0581, time   46.3, minPhero 0.01(322), stagnancy 0.0%
[35m[MSG][0m itr    33, best 5607.0581, time   47.7, minPhero 0.01(322), stagnancy 0.3%
[35m[MSG][0m itr    34, best 5601.9771, time   49.1, minPhero 0.01(305), stagnancy 0.0%
[35m[MSG][0m itr    35, best 5601.5176, time   50.6, minPhero 0.01(303), stagnancy 0.0%
[35m[MSG][0m itr    36, best 5599.3091, time   52.0, minPhero 0.01(297), stagnancy 0.0%
[35m[MSG][0m itr    37, best 5599.1089, time   53.5, minPhero 0.01(291), stagnancy 0.0%
[35m[MSG][0m itr    38, best 5596.2012, time   55.0, minPhero 0.01(288), stagnancy 0.0%
[35m[MSG][0m itr    39, best 5596.0010, time   56.4, minPhero 0.01(283), stagnancy 0.0%
[35m[MSG][0m itr    40, best 5595.7090, time   57.9, minPhero 0.01(280), stagnancy 0.0%
[35m[MSG][0m itr    41, best 5595.7090, time   59.3, minPhero 0.01(277), stagnancy 0.3%
[35m[MSG][0m itr    42, best 5595.2334, time   60.8, minPhero 0.01(278), stagnancy 0.0%
[35m[MSG][0m itr    43, best 5594.7412, time   62.2, minPhero 0.01(273), stagnancy 0.0%
[35m[MSG][0m itr    44, best 5594.6982, time   63.7, minPhero 0.01(271), stagnancy 0.0%
[35m[MSG][0m itr    45, best 5594.5898, time   65.1, minPhero 0.01(268), stagnancy 0.0%
[35m[MSG][0m itr    46, best 5593.3740, time   66.6, minPhero 0.01(270), stagnancy 0.0%
[35m[MSG][0m itr    47, best 5593.2222, time   68.0, minPhero 0.01(265), stagnancy 0.0%
[35m[MSG][0m itr    48, best 5589.5156, time   69.4, minPhero 0.01(265), stagnancy 0.0%
[35m[MSG][0m itr    49, best 5589.4722, time   70.9, minPhero 0.01(263), stagnancy 0.0%
[35m[MSG][0m itr    50, best 5588.4395, time   72.4, minPhero 0.01(263), stagnancy 0.0%
[35m[MSG][0m itr    51, best 5588.1475, time   73.6, minPhero 0.01(262), stagnancy 0.0%
[35m[MSG][0m itr    52, best 5585.8340, time   75.1, minPhero 0.01(263), stagnancy 0.0%
[35m[MSG][0m itr    53, best 5584.7158, time   76.5, minPhero 0.01(257), stagnancy 0.0%
[35m[MSG][0m itr    54, best 5584.7153, time   77.9, minPhero 0.01(255), stagnancy 0.0%
[35m[MSG][0m itr    55, best 5584.4233, time   79.4, minPhero 0.01(253), stagnancy 0.0%
[35m[MSG][0m itr    56, best 5584.4233, time   80.8, minPhero 0.01(252), stagnancy 0.3%
[35m[MSG][0m itr    57, best 5584.3145, time   82.2, minPhero 0.01(252), stagnancy 0.0%
[35m[MSG][0m itr    58, best 5583.7773, time   83.7, minPhero 0.01(258), stagnancy 0.0%
[35m[MSG][0m itr    59, best 5583.6714, time   85.1, minPhero 0.01(258), stagnancy 0.0%
[35m[MSG][0m itr    60, best 5581.2915, time   86.5, minPhero 0.01(262), stagnancy 0.0%
[35m[MSG][0m itr    61, best 5581.2915, time   88.0, minPhero 0.01(262), stagnancy 0.3%
[35m[MSG][0m itr    62, best 5581.2485, time   89.4, minPhero 0.01(262), stagnancy 0.0%
[35m[MSG][0m itr    63, best 5581.2485, time   90.8, minPhero 0.01(262), stagnancy 0.3%
[35m[MSG][0m itr    64, best 5581.0913, time   92.3, minPhero 0.01(264), stagnancy 0.0%
[35m[MSG][0m itr    65, best 5581.0913, time   93.7, minPhero 0.01(264), stagnancy 0.3%
[35m[MSG][0m itr    66, best 5581.0479, time   95.2, minPhero 0.01(264), stagnancy 0.0%
[35m[MSG][0m itr    67, best 5580.2896, time   96.6, minPhero 0.01(265), stagnancy 0.0%
[35m[MSG][0m itr    68, best 5580.2671, time   98.0, minPhero 0.01(265), stagnancy 0.0%
[35m[MSG][0m itr    69, best 5579.9580, time   99.5, minPhero 0.01(265), stagnancy 0.0%
[35m[MSG][0m itr    70, best 5579.9580, time  100.9, minPhero 0.01(263), stagnancy 0.3%
[35m[MSG][0m itr    71, best 5579.9580, time  102.3, minPhero 0.01(263), stagnancy 0.7%
[35m[MSG][0m itr    72, best 5579.9580, time  103.8, minPhero 0.01(261), stagnancy 1.0%
[35m[MSG][0m itr    73, best 5579.9580, time  105.2, minPhero 0.01(260), stagnancy 1.3%
[35m[MSG][0m itr    74, best 5579.9580, time  106.7, minPhero 0.01(257), stagnancy 1.7%
[35m[MSG][0m itr    75, best 5579.9580, time  108.1, minPhero 0.01(257), stagnancy 2.0%
[35m[MSG][0m itr    76, best 5579.9580, time  109.5, minPhero 0.01(257), stagnancy 2.3%
[35m[MSG][0m itr    77, best 5579.9580, time  110.9, minPhero 0.01(254), stagnancy 2.7%
[35m[MSG][0m itr    78, best 5579.9580, time  112.4, minPhero 0.01(254), stagnancy 3.0%
[35m[MSG][0m itr    79, best 5579.9580, time  113.8, minPhero 0.01(252), stagnancy 3.3%
[35m[MSG][0m itr    80, best 5579.9580, time  115.2, minPhero 0.01(252), stagnancy 3.7%
[35m[MSG][0m itr    81, best 5579.9580, time  116.6, minPhero 0.01(251), stagnancy 4.0%
[35m[MSG][0m itr    82, best 5579.9580, time  118.1, minPhero 0.01(245), stagnancy 4.3%
[35m[MSG][0m itr    83, best 5579.9580, time  119.5, minPhero 0.01(245), stagnancy 4.7%
[35m[MSG][0m itr    84, best 5579.9580, time  120.9, minPhero 0.01(245), stagnancy 5.0%
[35m[MSG][0m itr    85, best 5579.9580, time  122.4, minPhero 0.01(243), stagnancy 5.3%
[35m[MSG][0m itr    86, best 5579.9580, time  123.8, minPhero 0.01(243), stagnancy 5.7%
[35m[MSG][0m itr    87, best 5579.9580, time  125.1, minPhero 0.01(242), stagnancy 6.0%
[35m[MSG][0m itr    88, best 5579.9580, time  126.4, minPhero 0.01(239), stagnancy 6.3%
[35m[MSG][0m itr    89, best 5579.9575, time  127.8, minPhero 0.01(233), stagnancy 0.0%
[35m[MSG][0m itr    90, best 5579.9575, time  129.2, minPhero 0.01(233), stagnancy 0.3%
[35m[MSG][0m itr    91, best 5579.9575, time  130.7, minPhero 0.01(232), stagnancy 0.7%
[35m[MSG][0m itr    92, best 5579.9575, time  132.1, minPhero 0.01(232), stagnancy 1.0%
[35m[MSG][0m itr    93, best 5579.9575, time  133.5, minPhero 0.01(232), stagnancy 1.3%
[35m[MSG][0m itr    94, best 5576.8262, time  135.0, minPhero 0.01(242), stagnancy 0.0%
[35m[MSG][0m itr    95, best 5576.8262, time  136.4, minPhero 0.01(242), stagnancy 0.3%
[35m[MSG][0m itr    96, best 5576.8262, time  137.9, minPhero 0.01(242), stagnancy 0.7%
[35m[MSG][0m itr    97, best 5576.8262, time  139.3, minPhero 0.01(242), stagnancy 1.0%
[35m[MSG][0m itr    98, best 5576.8262, time  140.8, minPhero 0.01(242), stagnancy 1.3%
[35m[MSG][0m itr    99, best 5576.8262, time  142.1, minPhero 0.01(242), stagnancy 1.7%
[35m[MSG][0m itr   100, best 5576.8262, time  143.5, minPhero 0.01(242), stagnancy 2.0%
[35m[MSG][0m itr   101, best 5576.8262, time  144.9, minPhero 0.01(242), stagnancy 2.3%
[35m[MSG][0m itr   102, best 5576.8262, time  146.3, minPhero 0.01(242), stagnancy 2.7%
[35m[MSG][0m itr   103, best 5576.8262, time  147.8, minPhero 0.01(242), stagnancy 3.0%
[35m[MSG][0m itr   104, best 5576.8262, time  149.2, minPhero 0.01(242), stagnancy 3.3%
[35m[MSG][0m itr   105, best 5576.8262, time  150.6, minPhero 0.01(242), stagnancy 3.7%
[35m[MSG][0m itr   106, best 5576.8262, time  152.1, minPhero 0.01(242), stagnancy 4.0%
[35m[MSG][0m itr   107, best 5576.8262, time  153.5, minPhero 0.01(242), stagnancy 4.3%
[35m[MSG][0m itr   108, best 5576.8262, time  154.9, minPhero 0.01(242), stagnancy 4.7%
[35m[MSG][0m itr   109, best 5576.8262, time  156.4, minPhero 0.01(242), stagnancy 5.0%
[35m[MSG][0m itr   110, best 5576.8262, time  157.8, minPhero 0.01(242), stagnancy 5.3%
[35m[MSG][0m itr   111, best 5576.8262, time  159.2, minPhero 0.01(242), stagnancy 5.7%
[35m[MSG][0m itr   112, best 5576.8262, time  160.6, minPhero 0.01(242), stagnancy 6.0%
[35m[MSG][0m itr   113, best 5576.8262, time  162.1, minPhero 0.01(242), stagnancy 6.3%
[35m[MSG][0m itr   114, best 5576.8262, time  163.5, minPhero 0.01(242), stagnancy 6.7%
[35m[MSG][0m itr   115, best 5576.8262, time  164.9, minPhero 0.01(242), stagnancy 7.0%
[35m[MSG][0m itr   116, best 5576.8262, time  166.4, minPhero 0.01(232), stagnancy 7.3%
[35m[MSG][0m itr   117, best 5576.8262, time  167.8, minPhero 0.01(232), stagnancy 7.7%
[35m[MSG][0m itr   118, best 5576.8262, time  169.2, minPhero 0.01(232), stagnancy 8.0%
[35m[MSG][0m itr   119, best 5576.8262, time  170.6, minPhero 0.01(232), stagnancy 8.3%
[35m[MSG][0m itr   120, best 5576.8262, time  172.0, minPhero 0.01(232), stagnancy 8.7%
[35m[MSG][0m itr   121, best 5576.8262, time  173.5, minPhero 0.01(232), stagnancy 9.0%
[35m[MSG][0m itr   122, best 5576.8262, time  174.9, minPhero 0.01(232), stagnancy 9.3%
[35m[MSG][0m itr   123, best 5576.8262, time  176.3, minPhero 0.01(232), stagnancy 9.7%
[35m[MSG][0m itr   124, best 5576.8262, time  177.8, minPhero 0.01(232), stagnancy 10.0%
[35m[MSG][0m itr   125, best 5576.8262, time  179.2, minPhero 0.01(232), stagnancy 10.3%
[35m[MSG][0m itr   126, best 5576.8262, time  180.6, minPhero 0.01(232), stagnancy 10.7%
[35m[MSG][0m itr   127, best 5576.8262, time  182.0, minPhero 0.01(232), stagnancy 11.0%
[35m[MSG][0m itr   128, best 5576.8262, time  183.5, minPhero 0.01(232), stagnancy 11.3%
[35m[MSG][0m itr   129, best 5576.8262, time  184.9, minPhero 0.01(232), stagnancy 11.7%
[35m[MSG][0m itr   130, best 5576.8262, time  186.4, minPhero 0.01(232), stagnancy 12.0%
[35m[MSG][0m itr   131, best 5576.8262, time  187.8, minPhero 0.01(232), stagnancy 12.3%
[35m[MSG][0m itr   132, best 5576.8262, time  189.2, minPhero 0.01(232), stagnancy 12.7%
[35m[MSG][0m itr   133, best 5576.8262, time  190.6, minPhero 0.01(232), stagnancy 13.0%
[35m[MSG][0m itr   134, best 5576.8262, time  192.0, minPhero 0.01(232), stagnancy 13.3%
[35m[MSG][0m itr   135, best 5576.8262, time  193.5, minPhero 0.01(232), stagnancy 13.7%
[35m[MSG][0m itr   136, best 5576.8262, time  194.9, minPhero 0.01(232), stagnancy 14.0%
[35m[MSG][0m itr   137, best 5576.8262, time  196.3, minPhero 0.01(232), stagnancy 14.3%
[35m[MSG][0m itr   138, best 5576.8262, time  197.8, minPhero 0.01(232), stagnancy 14.7%
[35m[MSG][0m itr   139, best 5576.8262, time  199.2, minPhero 0.01(232), stagnancy 15.0%
[35m[MSG][0m itr   140, best 5576.8262, time  200.6, minPhero 0.01(232), stagnancy 15.3%
[35m[MSG][0m itr   141, best 5576.8262, time  202.1, minPhero 0.01(232), stagnancy 15.7%
[35m[MSG][0m itr   142, best 5576.8262, time  203.5, minPhero 0.01(232), stagnancy 16.0%
[35m[MSG][0m itr   143, best 5576.8262, time  205.0, minPhero 0.01(232), stagnancy 16.3%
[35m[MSG][0m itr   144, best 5576.8262, time  206.4, minPhero 0.01(232), stagnancy 16.7%
[35m[MSG][0m itr   145, best 5576.8262, time  207.8, minPhero 0.01(232), stagnancy 17.0%
[35m[MSG][0m itr   146, best 5576.8262, time  209.2, minPhero 0.01(232), stagnancy 17.3%
[35m[MSG][0m itr   147, best 5576.8262, time  210.7, minPhero 0.01(232), stagnancy 17.7%
[35m[MSG][0m itr   148, best 5576.8262, time  212.1, minPhero 0.01(232), stagnancy 18.0%
[35m[MSG][0m itr   149, best 5576.8262, time  213.5, minPhero 0.01(232), stagnancy 18.3%
[35m[MSG][0m itr   150, best 5576.8262, time  215.0, minPhero 0.01(232), stagnancy 18.7%
[35m[MSG][0m itr   151, best 5576.8262, time  216.4, minPhero 0.01(232), stagnancy 19.0%
[35m[MSG][0m itr   152, best 5576.8262, time  217.9, minPhero 0.01(232), stagnancy 19.3%
[35m[MSG][0m itr   153, best 5576.8262, time  219.3, minPhero 0.01(232), stagnancy 19.7%
[35m[MSG][0m itr   154, best 5576.8262, time  220.7, minPhero 0.01(232), stagnancy 20.0%
[35m[MSG][0m itr   155, best 5576.8262, time  222.1, minPhero 0.01(232), stagnancy 20.3%
[35m[MSG][0m itr   156, best 5576.8262, time  223.5, minPhero 0.01(232), stagnancy 20.7%
[35m[MSG][0m itr   157, best 5576.8262, time  225.0, minPhero 0.01(232), stagnancy 21.0%
[35m[MSG][0m itr   158, best 5576.8262, time  226.4, minPhero 0.01(232), stagnancy 21.3%
[35m[MSG][0m itr   159, best 5576.8262, time  227.8, minPhero 0.01(232), stagnancy 21.7%
[35m[MSG][0m itr   160, best 5576.8262, time  229.3, minPhero 0.01(232), stagnancy 22.0%
[35m[MSG][0m itr   161, best 5576.8262, time  230.7, minPhero 0.01(232), stagnancy 22.3%
[35m[MSG][0m itr   162, best 5576.8262, time  232.1, minPhero 0.01(232), stagnancy 22.7%
[35m[MSG][0m itr   163, best 5576.8262, time  233.6, minPhero 0.01(232), stagnancy 23.0%
[35m[MSG][0m itr   164, best 5576.8262, time  235.0, minPhero 0.01(232), stagnancy 23.3%
[35m[MSG][0m itr   165, best 5576.8262, time  236.4, minPhero 0.01(232), stagnancy 23.7%
[35m[MSG][0m itr   166, best 5576.8262, time  237.9, minPhero 0.01(232), stagnancy 24.0%
[35m[MSG][0m itr   167, best 5576.8262, time  239.4, minPhero 0.01(232), stagnancy 24.3%
[35m[MSG][0m itr   168, best 5576.8262, time  240.8, minPhero 0.01(232), stagnancy 24.7%
[35m[MSG][0m itr   169, best 5576.8262, time  242.2, minPhero 0.01(232), stagnancy 25.0%
[35m[MSG][0m itr   170, best 5576.8262, time  243.6, minPhero 0.01(232), stagnancy 25.3%
[35m[MSG][0m itr   171, best 5576.8262, time  245.1, minPhero 0.01(232), stagnancy 25.7%
[35m[MSG][0m itr   172, best 5576.8262, time  246.5, minPhero 0.01(232), stagnancy 26.0%
[35m[MSG][0m itr   173, best 5576.8262, time  247.9, minPhero 0.01(232), stagnancy 26.3%
[35m[MSG][0m itr   174, best 5576.8262, time  249.4, minPhero 0.01(232), stagnancy 26.7%
[35m[MSG][0m itr   175, best 5576.8262, time  250.8, minPhero 0.01(232), stagnancy 27.0%
[35m[MSG][0m itr   176, best 5576.8262, time  252.2, minPhero 0.01(232), stagnancy 27.3%
[35m[MSG][0m itr   177, best 5576.6426, time  253.6, minPhero 0.01(243), stagnancy 0.0%
[35m[MSG][0m itr   178, best 5576.6426, time  255.0, minPhero 0.01(243), stagnancy 0.3%
[35m[MSG][0m itr   179, best 5576.6426, time  256.4, minPhero 0.01(243), stagnancy 0.7%
[35m[MSG][0m itr   180, best 5574.2124, time  257.9, minPhero 0.01(243), stagnancy 0.0%
[35m[MSG][0m itr   181, best 5574.2124, time  259.3, minPhero 0.01(243), stagnancy 0.3%
[35m[MSG][0m itr   182, best 5574.2124, time  260.8, minPhero 0.01(243), stagnancy 0.7%
[35m[MSG][0m itr   183, best 5573.8496, time  262.2, minPhero 0.01(248), stagnancy 0.0%
[35m[MSG][0m itr   184, best 5573.8496, time  263.7, minPhero 0.01(248), stagnancy 0.3%
[35m[MSG][0m itr   185, best 5573.8496, time  265.1, minPhero 0.01(248), stagnancy 0.7%
[35m[MSG][0m itr   186, best 5573.8496, time  266.5, minPhero 0.01(248), stagnancy 1.0%
[35m[MSG][0m itr   187, best 5573.8496, time  268.0, minPhero 0.01(248), stagnancy 1.3%
[35m[MSG][0m itr   188, best 5573.8496, time  269.4, minPhero 0.01(248), stagnancy 1.7%
[35m[MSG][0m itr   189, best 5573.8496, time  270.9, minPhero 0.01(248), stagnancy 2.0%
[35m[MSG][0m itr   190, best 5573.8291, time  272.3, minPhero 0.01(253), stagnancy 0.0%
[35m[MSG][0m itr   191, best 5573.6494, time  273.8, minPhero 0.01(253), stagnancy 0.0%
[35m[MSG][0m itr   192, best 5573.6494, time  275.2, minPhero 0.01(253), stagnancy 0.3%
[35m[MSG][0m itr   193, best 5573.6494, time  276.7, minPhero 0.01(253), stagnancy 0.7%
[35m[MSG][0m itr   194, best 5573.6494, time  278.1, minPhero 0.01(253), stagnancy 1.0%
[35m[MSG][0m itr   195, best 5573.6494, time  279.5, minPhero 0.01(253), stagnancy 1.3%
[35m[MSG][0m itr   196, best 5573.6494, time  281.0, minPhero 0.01(249), stagnancy 1.7%
[35m[MSG][0m itr   197, best 5573.6494, time  282.4, minPhero 0.01(249), stagnancy 2.0%
[35m[MSG][0m itr   198, best 5573.6494, time  283.8, minPhero 0.01(249), stagnancy 2.3%
[35m[MSG][0m itr   199, best 5573.6494, time  285.3, minPhero 0.01(243), stagnancy 2.7%
[35m[MSG][0m itr   200, best 5573.6494, time  286.7, minPhero 0.01(243), stagnancy 3.0%
[35m[MSG][0m itr   201, best 5573.6494, time  288.2, minPhero 0.01(243), stagnancy 3.3%
[35m[MSG][0m itr   202, best 5573.6494, time  289.6, minPhero 0.01(238), stagnancy 3.7%
[35m[MSG][0m itr   203, best 5573.6494, time  291.1, minPhero 0.01(238), stagnancy 4.0%
[35m[MSG][0m itr   204, best 5573.6494, time  292.5, minPhero 0.01(238), stagnancy 4.3%
[35m[MSG][0m itr   205, best 5573.6494, time  294.0, minPhero 0.01(234), stagnancy 4.7%
[35m[MSG][0m itr   206, best 5573.6494, time  295.5, minPhero 0.01(234), stagnancy 5.0%
[35m[MSG][0m itr   207, best 5573.6494, time  296.7, minPhero 0.01(234), stagnancy 5.3%
[35m[MSG][0m itr   208, best 5573.1982, time  298.2, minPhero 0.01(240), stagnancy 0.0%
[35m[MSG][0m itr   209, best 5573.1982, time  299.6, minPhero 0.01(240), stagnancy 0.3%
[35m[MSG][0m itr   210, best 5573.1982, time  301.1, minPhero 0.01(240), stagnancy 0.7%
[35m[MSG][0m itr   211, best 5573.1978, time  302.4, minPhero 0.01(240), stagnancy 0.0%
[35m[MSG][0m itr   212, best 5573.1978, time  303.8, minPhero 0.01(238), stagnancy 0.3%
[35m[MSG][0m itr   213, best 5573.1978, time  305.3, minPhero 0.01(238), stagnancy 0.7%
[35m[MSG][0m itr   214, best 5573.1978, time  306.7, minPhero 0.01(238), stagnancy 1.0%
[35m[MSG][0m itr   215, best 5573.1978, time  308.2, minPhero 0.01(238), stagnancy 1.3%
[35m[MSG][0m itr   216, best 5573.1978, time  309.6, minPhero 0.01(238), stagnancy 1.7%
[35m[MSG][0m itr   217, best 5573.1978, time  311.1, minPhero 0.01(238), stagnancy 2.0%
[35m[MSG][0m itr   218, best 5573.1978, time  312.5, minPhero 0.01(238), stagnancy 2.3%
[35m[MSG][0m itr   219, best 5573.1978, time  313.9, minPhero 0.01(238), stagnancy 2.7%
[35m[MSG][0m itr   220, best 5573.1978, time  315.4, minPhero 0.01(238), stagnancy 3.0%
[35m[MSG][0m itr   221, best 5573.1978, time  316.8, minPhero 0.01(238), stagnancy 3.3%
[35m[MSG][0m itr   222, best 5573.1978, time  318.2, minPhero 0.01(238), stagnancy 3.7%
[35m[MSG][0m itr   223, best 5573.1978, time  319.7, minPhero 0.01(238), stagnancy 4.0%
[35m[MSG][0m itr   224, best 5573.1978, time  321.1, minPhero 0.01(238), stagnancy 4.3%
[35m[MSG][0m itr   225, best 5573.1978, time  322.6, minPhero 0.01(238), stagnancy 4.7%
[35m[MSG][0m itr   226, best 5573.1978, time  324.0, minPhero 0.01(238), stagnancy 5.0%
[35m[MSG][0m itr   227, best 5573.1978, time  325.4, minPhero 0.01(238), stagnancy 5.3%
[35m[MSG][0m itr   228, best 5573.1978, time  326.8, minPhero 0.01(238), stagnancy 5.7%
[35m[MSG][0m itr   229, best 5573.1978, time  328.3, minPhero 0.01(238), stagnancy 6.0%
[35m[MSG][0m itr   230, best 5573.1978, time  329.7, minPhero 0.01(232), stagnancy 6.3%
[35m[MSG][0m itr   231, best 5573.1978, time  331.1, minPhero 0.01(232), stagnancy 6.7%
[35m[MSG][0m itr   232, best 5573.1978, time  332.5, minPhero 0.01(232), stagnancy 7.0%
[35m[MSG][0m itr   233, best 5573.1978, time  333.9, minPhero 0.01(232), stagnancy 7.3%
[35m[MSG][0m itr   234, best 5573.1978, time  335.3, minPhero 0.01(232), stagnancy 7.7%
[35m[MSG][0m itr   235, best 5573.1978, time  336.8, minPhero 0.01(232), stagnancy 8.0%
[35m[MSG][0m itr   236, best 5573.1978, time  338.2, minPhero 0.01(232), stagnancy 8.3%
[35m[MSG][0m itr   237, best 5573.1978, time  339.6, minPhero 0.01(232), stagnancy 8.7%
[35m[MSG][0m itr   238, best 5573.1978, time  341.1, minPhero 0.01(232), stagnancy 9.0%
[35m[MSG][0m itr   239, best 5573.1978, time  342.5, minPhero 0.01(232), stagnancy 9.3%
[35m[MSG][0m itr   240, best 5573.1978, time  344.0, minPhero 0.01(232), stagnancy 9.7%
[35m[MSG][0m itr   241, best 5573.1978, time  345.3, minPhero 0.01(232), stagnancy 10.0%
[35m[MSG][0m itr   242, best 5573.1978, time  346.7, minPhero 0.01(232), stagnancy 10.3%
[35m[MSG][0m itr   243, best 5573.1978, time  348.1, minPhero 0.01(232), stagnancy 10.7%
[35m[MSG][0m itr   244, best 5573.1973, time  349.6, minPhero 0.01(232), stagnancy 0.0%
[35m[MSG][0m itr   245, best 5573.1973, time  351.0, minPhero 0.01(232), stagnancy 0.3%
[35m[MSG][0m itr   246, best 5573.1973, time  352.4, minPhero 0.01(232), stagnancy 0.7%
[35m[MSG][0m itr   247, best 5573.1973, time  353.8, minPhero 0.01(232), stagnancy 1.0%
[35m[MSG][0m itr   248, best 5573.1973, time  355.3, minPhero 0.01(232), stagnancy 1.3%
[35m[MSG][0m itr   249, best 5573.1973, time  356.8, minPhero 0.01(232), stagnancy 1.7%
[35m[MSG][0m itr   250, best 5573.1973, time  358.0, minPhero 0.01(232), stagnancy 2.0%
[35m[MSG][0m itr   251, best 5573.1973, time  359.5, minPhero 0.01(232), stagnancy 2.3%
[35m[MSG][0m itr   252, best 5573.1973, time  360.9, minPhero 0.01(232), stagnancy 2.7%
[35m[MSG][0m itr   253, best 5573.1973, time  362.3, minPhero 0.01(232), stagnancy 3.0%
[35m[MSG][0m itr   254, best 5573.1973, time  363.8, minPhero 0.01(232), stagnancy 3.3%
[35m[MSG][0m itr   255, best 5573.1973, time  365.2, minPhero 0.01(232), stagnancy 3.7%
[35m[MSG][0m itr   256, best 5573.1973, time  366.5, minPhero 0.01(232), stagnancy 4.0%
[35m[MSG][0m itr   257, best 5573.1973, time  367.8, minPhero 0.01(232), stagnancy 4.3%
[35m[MSG][0m itr   258, best 5573.1973, time  369.2, minPhero 0.01(232), stagnancy 4.7%
[35m[MSG][0m itr   259, best 5573.1973, time  370.7, minPhero 0.01(232), stagnancy 5.0%
[35m[MSG][0m itr   260, best 5573.1973, time  372.1, minPhero 0.01(232), stagnancy 5.3%
[35m[MSG][0m itr   261, best 5573.1973, time  373.4, minPhero 0.01(232), stagnancy 5.7%
[35m[MSG][0m itr   262, best 5573.1973, time  374.9, minPhero 0.01(232), stagnancy 6.0%
[35m[MSG][0m itr   263, best 5573.1973, time  376.3, minPhero 0.01(232), stagnancy 6.3%
[35m[MSG][0m itr   264, best 5573.1973, time  377.7, minPhero 0.01(232), stagnancy 6.7%
[35m[MSG][0m itr   265, best 5573.1973, time  379.1, minPhero 0.01(232), stagnancy 7.0%
[35m[MSG][0m itr   266, best 5573.1973, time  380.6, minPhero 0.01(232), stagnancy 7.3%
[35m[MSG][0m itr   267, best 5573.1973, time  382.0, minPhero 0.01(232), stagnancy 7.7%
[35m[MSG][0m itr   268, best 5573.1973, time  383.5, minPhero 0.01(232), stagnancy 8.0%
[35m[MSG][0m itr   269, best 5573.1973, time  384.9, minPhero 0.01(232), stagnancy 8.3%
[35m[MSG][0m itr   270, best 5573.1973, time  386.3, minPhero 0.01(232), stagnancy 8.7%
[35m[MSG][0m itr   271, best 5573.1973, time  387.8, minPhero 0.01(232), stagnancy 9.0%
[35m[MSG][0m itr   272, best 5573.1973, time  389.2, minPhero 0.01(232), stagnancy 9.3%
[35m[MSG][0m itr   273, best 5573.1973, time  390.6, minPhero 0.01(232), stagnancy 9.7%
[35m[MSG][0m itr   274, best 5573.1973, time  392.0, minPhero 0.01(232), stagnancy 10.0%
[35m[MSG][0m itr   275, best 5573.1973, time  393.5, minPhero 0.01(232), stagnancy 10.3%
[35m[MSG][0m itr   276, best 5573.1973, time  394.9, minPhero 0.01(232), stagnancy 10.7%
[35m[MSG][0m itr   277, best 5573.1973, time  396.3, minPhero 0.01(232), stagnancy 11.0%
[35m[MSG][0m itr   278, best 5573.1973, time  397.8, minPhero 0.01(232), stagnancy 11.3%
[35m[MSG][0m itr   279, best 5573.1973, time  399.2, minPhero 0.01(232), stagnancy 11.7%
[35m[MSG][0m itr   280, best 5573.1973, time  400.7, minPhero 0.01(232), stagnancy 12.0%
[35m[MSG][0m itr   281, best 5573.1973, time  402.1, minPhero 0.01(232), stagnancy 12.3%
[35m[MSG][0m itr   282, best 5573.1973, time  403.5, minPhero 0.01(232), stagnancy 12.7%
[35m[MSG][0m itr   283, best 5573.1973, time  405.0, minPhero 0.01(232), stagnancy 13.0%
[35m[MSG][0m itr   284, best 5573.1973, time  406.4, minPhero 0.01(232), stagnancy 13.3%
[35m[MSG][0m itr   285, best 5573.1973, time  407.8, minPhero 0.01(232), stagnancy 13.7%
[35m[MSG][0m itr   286, best 5573.1973, time  409.3, minPhero 0.01(232), stagnancy 14.0%
[35m[MSG][0m itr   287, best 5573.1973, time  410.7, minPhero 0.01(232), stagnancy 14.3%
[35m[MSG][0m itr   288, best 5573.1973, time  412.1, minPhero 0.01(232), stagnancy 14.7%
[35m[MSG][0m itr   289, best 5573.1973, time  413.6, minPhero 0.01(232), stagnancy 15.0%
[35m[MSG][0m itr   290, best 5573.1973, time  415.0, minPhero 0.01(232), stagnancy 15.3%
[35m[MSG][0m itr   291, best 5573.1973, time  416.4, minPhero 0.01(232), stagnancy 15.7%
[35m[MSG][0m itr   292, best 5573.1973, time  417.9, minPhero 0.01(232), stagnancy 16.0%
[35m[MSG][0m itr   293, best 5573.1973, time  419.3, minPhero 0.01(232), stagnancy 16.3%
[35m[MSG][0m itr   294, best 5573.1973, time  420.7, minPhero 0.01(232), stagnancy 16.7%
[35m[MSG][0m itr   295, best 5573.1973, time  422.2, minPhero 0.01(232), stagnancy 17.0%
[35m[MSG][0m itr   296, best 5573.1973, time  423.6, minPhero 0.01(232), stagnancy 17.3%
[35m[MSG][0m itr   297, best 5573.1973, time  425.0, minPhero 0.01(232), stagnancy 17.7%
[35m[MSG][0m itr   298, best 5573.1973, time  426.5, minPhero 0.01(232), stagnancy 18.0%
[35m[MSG][0m itr   299, best 5573.1973, time  427.9, minPhero 0.01(232), stagnancy 18.3%
[35m[MSG][0m itr   300, best 5573.1973, time  429.4, minPhero 0.01(232), stagnancy 18.7%
[35m[MSG][0m itr   301, best 5573.1973, time  430.8, minPhero 0.01(232), stagnancy 19.0%
[35m[MSG][0m itr   302, best 5573.1973, time  432.2, minPhero 0.01(232), stagnancy 19.3%
[35m[MSG][0m itr   303, best 5573.1973, time  433.7, minPhero 0.01(232), stagnancy 19.7%
[35m[MSG][0m itr   304, best 5573.1973, time  435.1, minPhero 0.01(232), stagnancy 20.0%
[35m[MSG][0m itr   305, best 5573.1973, time  436.5, minPhero 0.01(232), stagnancy 20.3%
[35m[MSG][0m itr   306, best 5573.1973, time  438.0, minPhero 0.01(232), stagnancy 20.7%
[35m[MSG][0m itr   307, best 5573.1973, time  439.4, minPhero 0.01(232), stagnancy 21.0%
[35m[MSG][0m itr   308, best 5573.1973, time  440.8, minPhero 0.01(232), stagnancy 21.3%
[35m[MSG][0m itr   309, best 5573.1973, time  442.3, minPhero 0.01(232), stagnancy 21.7%
[35m[MSG][0m itr   310, best 5573.1973, time  443.7, minPhero 0.01(232), stagnancy 22.0%
[35m[MSG][0m itr   311, best 5573.1973, time  445.2, minPhero 0.01(232), stagnancy 22.3%
[35m[MSG][0m itr   312, best 5573.1973, time  446.6, minPhero 0.01(232), stagnancy 22.7%
[35m[MSG][0m itr   313, best 5573.1973, time  448.1, minPhero 0.01(232), stagnancy 23.0%
[35m[MSG][0m itr   314, best 5573.1973, time  449.5, minPhero 0.01(232), stagnancy 23.3%
[35m[MSG][0m itr   315, best 5573.1973, time  450.9, minPhero 0.01(232), stagnancy 23.7%
[35m[MSG][0m itr   316, best 5573.1973, time  452.4, minPhero 0.01(232), stagnancy 24.0%
[35m[MSG][0m itr   317, best 5573.1973, time  453.8, minPhero 0.01(232), stagnancy 24.3%
[35m[MSG][0m itr   318, best 5573.1973, time  455.2, minPhero 0.01(232), stagnancy 24.7%
[35m[MSG][0m itr   319, best 5573.1973, time  456.7, minPhero 0.01(232), stagnancy 25.0%
[35m[MSG][0m itr   320, best 5573.1973, time  458.1, minPhero 0.01(232), stagnancy 25.3%
[35m[MSG][0m itr   321, best 5573.1973, time  459.4, minPhero 0.01(232), stagnancy 25.7%
[35m[MSG][0m itr   322, best 5573.1973, time  460.8, minPhero 0.01(232), stagnancy 26.0%
[35m[MSG][0m itr   323, best 5573.1973, time  462.1, minPhero 0.01(232), stagnancy 26.3%
[35m[MSG][0m itr   324, best 5573.1973, time  463.5, minPhero 0.01(232), stagnancy 26.7%
[35m[MSG][0m itr   325, best 5573.1973, time  464.9, minPhero 0.01(232), stagnancy 27.0%
[35m[MSG][0m itr   326, best 5573.1973, time  466.3, minPhero 0.01(232), stagnancy 27.3%
[35m[MSG][0m itr   327, best 5573.1973, time  467.8, minPhero 0.01(232), stagnancy 27.7%
[35m[MSG][0m itr   328, best 5573.1973, time  469.2, minPhero 0.01(232), stagnancy 28.0%
[35m[MSG][0m itr   329, best 5573.1973, time  470.7, minPhero 0.01(232), stagnancy 28.3%
[35m[MSG][0m itr   330, best 5573.1973, time  472.1, minPhero 0.01(232), stagnancy 28.7%
[35m[MSG][0m itr   331, best 5573.1973, time  473.6, minPhero 0.01(232), stagnancy 29.0%
[35m[MSG][0m itr   332, best 5573.1973, time  475.0, minPhero 0.01(232), stagnancy 29.3%
[35m[MSG][0m itr   333, best 5573.1973, time  476.4, minPhero 0.01(232), stagnancy 29.7%
[35m[MSG][0m itr   334, best 5573.1973, time  477.9, minPhero 0.01(232), stagnancy 30.0%
[35m[MSG][0m itr   335, best 5573.1973, time  479.3, minPhero 0.01(232), stagnancy 30.3%
[35m[MSG][0m itr   336, best 5573.1973, time  480.7, minPhero 0.01(232), stagnancy 30.7%
[35m[MSG][0m itr   337, best 5573.1973, time  482.1, minPhero 0.01(232), stagnancy 31.0%
[35m[MSG][0m itr   338, best 5573.1973, time  483.6, minPhero 0.01(232), stagnancy 31.3%
[35m[MSG][0m itr   339, best 5573.1973, time  485.0, minPhero 0.01(232), stagnancy 31.7%
[35m[MSG][0m itr   340, best 5573.1973, time  486.4, minPhero 0.01(232), stagnancy 32.0%
[35m[MSG][0m itr   341, best 5573.1973, time  487.9, minPhero 0.01(232), stagnancy 32.3%
[35m[MSG][0m itr   342, best 5573.1973, time  489.3, minPhero 0.01(232), stagnancy 32.7%
[35m[MSG][0m itr   343, best 5573.1973, time  490.7, minPhero 0.01(232), stagnancy 33.0%
[35m[MSG][0m itr   344, best 5573.1973, time  492.1, minPhero 0.01(232), stagnancy 33.3%
[35m[MSG][0m itr   345, best 5573.1973, time  493.5, minPhero 0.01(232), stagnancy 33.7%
[35m[MSG][0m itr   346, best 5573.1973, time  495.0, minPhero 0.01(232), stagnancy 34.0%
[35m[MSG][0m itr   347, best 5573.1973, time  496.4, minPhero 0.01(232), stagnancy 34.3%
[35m[MSG][0m itr   348, best 5573.1973, time  497.9, minPhero 0.01(232), stagnancy 34.7%
[35m[MSG][0m itr   349, best 5573.1973, time  499.3, minPhero 0.01(232), stagnancy 35.0%
[35m[MSG][0m itr   350, best 5571.0625, time  500.7, minPhero 0.01(240), stagnancy 0.0%
[35m[MSG][0m itr   351, best 5571.0625, time  502.2, minPhero 0.01(240), stagnancy 0.3%
[35m[MSG][0m itr   352, best 5571.0625, time  503.6, minPhero 0.01(240), stagnancy 0.7%
[35m[MSG][0m itr   353, best 5571.0596, time  505.1, minPhero 0.01(240), stagnancy 0.0%
[35m[MSG][0m itr   354, best 5571.0596, time  506.5, minPhero 0.01(240), stagnancy 0.3%
[35m[MSG][0m itr   355, best 5571.0596, time  507.9, minPhero 0.01(240), stagnancy 0.7%
[35m[MSG][0m itr   356, best 5571.0596, time  509.4, minPhero 0.01(240), stagnancy 1.0%
[35m[MSG][0m itr   357, best 5571.0596, time  510.9, minPhero 0.01(240), stagnancy 1.3%
[35m[MSG][0m itr   358, best 5571.0591, time  512.3, minPhero 0.01(240), stagnancy 0.0%
[35m[MSG][0m itr   359, best 5571.0591, time  513.7, minPhero 0.01(240), stagnancy 0.3%
[35m[MSG][0m itr   360, best 5571.0591, time  515.1, minPhero 0.01(240), stagnancy 0.7%
[35m[MSG][0m itr   361, best 5571.0591, time  516.5, minPhero 0.01(240), stagnancy 1.0%
[35m[MSG][0m itr   362, best 5571.0591, time  518.0, minPhero 0.01(240), stagnancy 1.3%
[35m[MSG][0m itr   363, best 5571.0591, time  519.3, minPhero 0.01(240), stagnancy 1.7%
[35m[MSG][0m itr   364, best 5571.0591, time  520.8, minPhero 0.01(240), stagnancy 2.0%
[35m[MSG][0m itr   365, best 5571.0591, time  522.3, minPhero 0.01(240), stagnancy 2.3%
[35m[MSG][0m itr   366, best 5571.0591, time  523.7, minPhero 0.01(240), stagnancy 2.7%
[35m[MSG][0m itr   367, best 5571.0591, time  525.2, minPhero 0.01(240), stagnancy 3.0%
[35m[MSG][0m itr   368, best 5571.0591, time  526.6, minPhero 0.01(240), stagnancy 3.3%
[35m[MSG][0m itr   369, best 5571.0591, time  528.0, minPhero 0.01(239), stagnancy 3.7%
[35m[MSG][0m itr   370, best 5571.0591, time  529.5, minPhero 0.01(239), stagnancy 4.0%
[35m[MSG][0m itr   371, best 5571.0591, time  530.9, minPhero 0.01(239), stagnancy 4.3%
[35m[MSG][0m itr   372, best 5571.0591, time  532.4, minPhero 0.01(232), stagnancy 4.7%
[35m[MSG][0m itr   373, best 5571.0591, time  533.8, minPhero 0.01(232), stagnancy 5.0%
[35m[MSG][0m itr   374, best 5571.0591, time  535.2, minPhero 0.01(232), stagnancy 5.3%
[35m[MSG][0m itr   375, best 5571.0591, time  536.7, minPhero 0.01(232), stagnancy 5.7%
[35m[MSG][0m itr   376, best 5571.0591, time  538.1, minPhero 0.01(232), stagnancy 6.0%
[35m[MSG][0m itr   377, best 5571.0591, time  539.6, minPhero 0.01(232), stagnancy 6.3%
[35m[MSG][0m itr   378, best 5571.0591, time  541.0, minPhero 0.01(232), stagnancy 6.7%
[35m[MSG][0m itr   379, best 5571.0591, time  542.4, minPhero 0.01(232), stagnancy 7.0%
[35m[MSG][0m itr   380, best 5571.0591, time  543.6, minPhero 0.01(232), stagnancy 7.3%
[35m[MSG][0m itr   381, best 5571.0591, time  545.0, minPhero 0.01(232), stagnancy 7.7%
[35m[MSG][0m itr   382, best 5571.0591, time  546.4, minPhero 0.01(232), stagnancy 8.0%
[35m[MSG][0m itr   383, best 5571.0591, time  547.8, minPhero 0.01(232), stagnancy 8.3%
[35m[MSG][0m itr   384, best 5571.0586, time  549.3, minPhero 0.01(232), stagnancy 0.0%
[35m[MSG][0m itr   385, best 5571.0586, time  550.7, minPhero 0.01(232), stagnancy 0.3%
[35m[MSG][0m itr   386, best 5571.0586, time  552.1, minPhero 0.01(232), stagnancy 0.7%
[35m[MSG][0m itr   387, best 5571.0586, time  553.6, minPhero 0.01(232), stagnancy 1.0%
[35m[MSG][0m itr   388, best 5571.0586, time  554.9, minPhero 0.01(232), stagnancy 1.3%
[35m[MSG][0m itr   389, best 5571.0586, time  556.2, minPhero 0.01(232), stagnancy 1.7%
[35m[MSG][0m itr   390, best 5571.0586, time  557.7, minPhero 0.01(232), stagnancy 2.0%
[35m[MSG][0m itr   391, best 5571.0586, time  559.1, minPhero 0.01(232), stagnancy 2.3%
[35m[MSG][0m itr   392, best 5571.0586, time  560.6, minPhero 0.01(232), stagnancy 2.7%
[35m[MSG][0m itr   393, best 5571.0586, time  562.0, minPhero 0.01(232), stagnancy 3.0%
[35m[MSG][0m itr   394, best 5567.5273, time  563.4, minPhero 0.01(236), stagnancy 0.0%
[35m[MSG][0m itr   395, best 5567.5273, time  564.8, minPhero 0.01(236), stagnancy 0.3%
[35m[MSG][0m itr   396, best 5567.5273, time  566.3, minPhero 0.01(236), stagnancy 0.7%
[35m[MSG][0m itr   397, best 5567.5269, time  567.7, minPhero 0.01(236), stagnancy 0.0%
[35m[MSG][0m itr   398, best 5567.5269, time  569.1, minPhero 0.01(236), stagnancy 0.3%
[35m[MSG][0m itr   399, best 5567.5269, time  570.5, minPhero 0.01(236), stagnancy 0.7%
[35m[MSG][0m itr   400, best 5567.5269, time  571.8, minPhero 0.01(236), stagnancy 1.0%
[35m[MSG][0m itr   401, best 5567.5269, time  573.3, minPhero 0.01(236), stagnancy 1.3%
[35m[MSG][0m itr   402, best 5567.5269, time  574.8, minPhero 0.01(236), stagnancy 1.7%
[35m[MSG][0m itr   403, best 5567.5269, time  576.2, minPhero 0.01(236), stagnancy 2.0%
[35m[MSG][0m itr   404, best 5567.5269, time  577.6, minPhero 0.01(236), stagnancy 2.3%
[35m[MSG][0m itr   405, best 5567.5269, time  579.1, minPhero 0.01(236), stagnancy 2.7%
[35m[MSG][0m itr   406, best 5567.5269, time  580.5, minPhero 0.01(236), stagnancy 3.0%
[35m[MSG][0m itr   407, best 5567.5269, time  581.9, minPhero 0.01(236), stagnancy 3.3%
[35m[MSG][0m itr   408, best 5567.5269, time  583.4, minPhero 0.01(236), stagnancy 3.7%
[35m[MSG][0m itr   409, best 5567.5269, time  584.8, minPhero 0.01(236), stagnancy 4.0%
[35m[MSG][0m itr   410, best 5567.5269, time  586.2, minPhero 0.01(236), stagnancy 4.3%
[35m[MSG][0m itr   411, best 5567.5269, time  587.6, minPhero 0.01(236), stagnancy 4.7%
[35m[MSG][0m itr   412, best 5567.5269, time  589.1, minPhero 0.01(236), stagnancy 5.0%
[35m[MSG][0m itr   413, best 5567.5269, time  590.5, minPhero 0.01(236), stagnancy 5.3%
[35m[MSG][0m itr   414, best 5567.5269, time  592.0, minPhero 0.01(236), stagnancy 5.7%
[35m[MSG][0m itr   415, best 5567.5269, time  593.4, minPhero 0.01(236), stagnancy 6.0%
[35m[MSG][0m itr   416, best 5565.9282, time  594.9, minPhero 0.01(239), stagnancy 0.0%
[35m[MSG][0m itr   417, best 5565.9282, time  596.3, minPhero 0.01(239), stagnancy 0.3%
[35m[MSG][0m itr   418, best 5565.9277, time  597.7, minPhero 0.01(239), stagnancy 0.0%
[35m[MSG][0m itr   419, best 5565.3564, time  599.2, minPhero 0.01(242), stagnancy 0.0%
[35m[MSG][0m itr   420, best 5565.3564, time  600.6, minPhero 0.01(242), stagnancy 0.3%
[35m[MSG][0m itr   421, best 5565.3564, time  602.1, minPhero 0.01(242), stagnancy 0.7%
[35m[MSG][0m itr   422, best 5565.3560, time  603.6, minPhero 0.01(242), stagnancy 0.0%
[35m[MSG][0m itr   423, best 5565.3560, time  605.0, minPhero 0.01(242), stagnancy 0.3%
[35m[MSG][0m itr   424, best 5565.3560, time  606.4, minPhero 0.01(242), stagnancy 0.7%
[35m[MSG][0m itr   425, best 5565.3560, time  607.8, minPhero 0.01(242), stagnancy 1.0%
[35m[MSG][0m itr   426, best 5565.3555, time  609.3, minPhero 0.01(242), stagnancy 0.0%
[35m[MSG][0m itr   427, best 5565.3555, time  610.7, minPhero 0.01(242), stagnancy 0.3%
[35m[MSG][0m itr   428, best 5565.3555, time  612.2, minPhero 0.01(242), stagnancy 0.7%
[35m[MSG][0m itr   429, best 5565.3555, time  613.7, minPhero 0.01(242), stagnancy 1.0%
[35m[MSG][0m itr   430, best 5565.3555, time  615.1, minPhero 0.01(242), stagnancy 1.3%
[35m[MSG][0m itr   431, best 5565.3555, time  616.5, minPhero 0.01(242), stagnancy 1.7%
[35m[MSG][0m itr   432, best 5565.3555, time  618.0, minPhero 0.01(242), stagnancy 2.0%
[35m[MSG][0m itr   433, best 5565.3555, time  619.4, minPhero 0.01(242), stagnancy 2.3%
[35m[MSG][0m itr   434, best 5565.3555, time  620.8, minPhero 0.01(242), stagnancy 2.7%
[35m[MSG][0m itr   435, best 5565.3555, time  622.3, minPhero 0.01(241), stagnancy 3.0%
[35m[MSG][0m itr   436, best 5565.3555, time  623.7, minPhero 0.01(241), stagnancy 3.3%
[35m[MSG][0m itr   437, best 5565.3555, time  625.2, minPhero 0.01(241), stagnancy 3.7%
[35m[MSG][0m itr   438, best 5565.3555, time  626.6, minPhero 0.01(234), stagnancy 4.0%
[35m[MSG][0m itr   439, best 5565.3555, time  628.0, minPhero 0.01(234), stagnancy 4.3%
[35m[MSG][0m itr   440, best 5565.3555, time  629.5, minPhero 0.01(234), stagnancy 4.7%
[35m[MSG][0m itr   441, best 5565.3555, time  630.9, minPhero 0.01(232), stagnancy 5.0%
[35m[MSG][0m itr   442, best 5565.3555, time  632.3, minPhero 0.01(232), stagnancy 5.3%
[35m[MSG][0m itr   443, best 5565.3555, time  633.7, minPhero 0.01(232), stagnancy 5.7%
[35m[MSG][0m itr   444, best 5565.3555, time  635.2, minPhero 0.01(232), stagnancy 6.0%
[35m[MSG][0m itr   445, best 5565.3555, time  636.5, minPhero 0.01(232), stagnancy 6.3%
[35m[MSG][0m itr   446, best 5565.3555, time  638.0, minPhero 0.01(232), stagnancy 6.7%
[35m[MSG][0m itr   447, best 5565.3555, time  639.4, minPhero 0.01(232), stagnancy 7.0%
[35m[MSG][0m itr   448, best 5565.3555, time  640.8, minPhero 0.01(232), stagnancy 7.3%
[35m[MSG][0m itr   449, best 5565.3555, time  642.3, minPhero 0.01(232), stagnancy 7.7%
[35m[MSG][0m itr   450, best 5565.3555, time  643.7, minPhero 0.01(232), stagnancy 8.0%
[35m[MSG][0m itr   451, best 5565.3555, time  645.1, minPhero 0.01(232), stagnancy 8.3%
[35m[MSG][0m itr   452, best 5565.3555, time  646.5, minPhero 0.01(232), stagnancy 8.7%
[35m[MSG][0m itr   453, best 5565.3555, time  647.9, minPhero 0.01(232), stagnancy 9.0%
[35m[MSG][0m itr   454, best 5565.3555, time  649.3, minPhero 0.01(232), stagnancy 9.3%
[35m[MSG][0m itr   455, best 5565.3555, time  650.6, minPhero 0.01(232), stagnancy 9.7%
[35m[MSG][0m itr   456, best 5565.3555, time  652.0, minPhero 0.01(232), stagnancy 10.0%
[35m[MSG][0m itr   457, best 5565.3555, time  653.3, minPhero 0.01(232), stagnancy 10.3%
[35m[MSG][0m itr   458, best 5565.3555, time  654.7, minPhero 0.01(232), stagnancy 10.7%
[35m[MSG][0m itr   459, best 5565.3555, time  656.0, minPhero 0.01(232), stagnancy 11.0%
[35m[MSG][0m itr   460, best 5565.3555, time  657.5, minPhero 0.01(232), stagnancy 11.3%
[35m[MSG][0m itr   461, best 5565.3555, time  658.9, minPhero 0.01(232), stagnancy 11.7%
[35m[MSG][0m itr   462, best 5565.3555, time  660.3, minPhero 0.01(232), stagnancy 12.0%
[35m[MSG][0m itr   463, best 5565.3555, time  661.7, minPhero 0.01(232), stagnancy 12.3%
[35m[MSG][0m itr   464, best 5565.3555, time  663.2, minPhero 0.01(232), stagnancy 12.7%
[35m[MSG][0m itr   465, best 5565.3555, time  664.6, minPhero 0.01(232), stagnancy 13.0%
[35m[MSG][0m itr   466, best 5565.3555, time  666.1, minPhero 0.01(232), stagnancy 13.3%
[35m[MSG][0m itr   467, best 5565.3555, time  667.5, minPhero 0.01(232), stagnancy 13.7%
[35m[MSG][0m itr   468, best 5565.3555, time  668.9, minPhero 0.01(232), stagnancy 14.0%
[35m[MSG][0m itr   469, best 5565.3555, time  670.3, minPhero 0.01(232), stagnancy 14.3%
[35m[MSG][0m itr   470, best 5565.3555, time  671.8, minPhero 0.01(232), stagnancy 14.7%
[35m[MSG][0m itr   471, best 5565.3555, time  673.2, minPhero 0.01(232), stagnancy 15.0%
[35m[MSG][0m itr   472, best 5565.3555, time  674.6, minPhero 0.01(232), stagnancy 15.3%
[35m[MSG][0m itr   473, best 5565.3555, time  676.0, minPhero 0.01(232), stagnancy 15.7%
[35m[MSG][0m itr   474, best 5565.3555, time  677.5, minPhero 0.01(232), stagnancy 16.0%
[35m[MSG][0m itr   475, best 5565.3555, time  678.9, minPhero 0.01(232), stagnancy 16.3%
[35m[MSG][0m itr   476, best 5565.3555, time  680.4, minPhero 0.01(232), stagnancy 16.7%
[35m[MSG][0m itr   477, best 5565.3555, time  681.8, minPhero 0.01(232), stagnancy 17.0%
[35m[MSG][0m itr   478, best 5565.3555, time  683.3, minPhero 0.01(232), stagnancy 17.3%
[35m[MSG][0m itr   479, best 5565.3555, time  684.7, minPhero 0.01(232), stagnancy 17.7%
[35m[MSG][0m itr   480, best 5565.3555, time  686.2, minPhero 0.01(232), stagnancy 18.0%
[35m[MSG][0m itr   481, best 5565.3555, time  687.6, minPhero 0.01(232), stagnancy 18.3%
[35m[MSG][0m itr   482, best 5565.3555, time  689.0, minPhero 0.01(232), stagnancy 18.7%
[35m[MSG][0m itr   483, best 5565.3555, time  690.5, minPhero 0.01(232), stagnancy 19.0%
[35m[MSG][0m itr   484, best 5565.3555, time  691.9, minPhero 0.01(232), stagnancy 19.3%
[35m[MSG][0m itr   485, best 5565.3555, time  693.4, minPhero 0.01(232), stagnancy 19.7%
[35m[MSG][0m itr   486, best 5565.3555, time  694.8, minPhero 0.01(232), stagnancy 20.0%
[35m[MSG][0m itr   487, best 5565.3555, time  696.2, minPhero 0.01(232), stagnancy 20.3%
[35m[MSG][0m itr   488, best 5565.3555, time  697.7, minPhero 0.01(232), stagnancy 20.7%
[35m[MSG][0m itr   489, best 5565.3555, time  699.1, minPhero 0.01(232), stagnancy 21.0%
[35m[MSG][0m itr   490, best 5565.3555, time  700.5, minPhero 0.01(232), stagnancy 21.3%
[35m[MSG][0m itr   491, best 5565.3555, time  701.9, minPhero 0.01(232), stagnancy 21.7%
[35m[MSG][0m itr   492, best 5565.3555, time  703.4, minPhero 0.01(232), stagnancy 22.0%
[35m[MSG][0m itr   493, best 5565.3555, time  704.8, minPhero 0.01(232), stagnancy 22.3%
[35m[MSG][0m itr   494, best 5565.3555, time  706.2, minPhero 0.01(232), stagnancy 22.7%
[35m[MSG][0m itr   495, best 5565.3555, time  707.6, minPhero 0.01(232), stagnancy 23.0%
[35m[MSG][0m itr   496, best 5565.3555, time  709.1, minPhero 0.01(232), stagnancy 23.3%
[35m[MSG][0m itr   497, best 5565.3555, time  710.5, minPhero 0.01(232), stagnancy 23.7%
[35m[MSG][0m itr   498, best 5565.3555, time  711.9, minPhero 0.01(232), stagnancy 24.0%
[35m[MSG][0m itr   499, best 5565.3555, time  713.4, minPhero 0.01(232), stagnancy 24.3%
[35m[MSG][0m itr   500, best 5565.3555, time  714.8, minPhero 0.01(232), stagnancy 24.7%
[35m[MSG][0m itr   501, best 5565.3555, time  716.2, minPhero 0.01(232), stagnancy 25.0%
[35m[MSG][0m itr   502, best 5565.3555, time  717.7, minPhero 0.01(232), stagnancy 25.3%
[35m[MSG][0m itr   503, best 5565.3555, time  719.1, minPhero 0.01(232), stagnancy 25.7%
[35m[MSG][0m itr   504, best 5565.3555, time  720.5, minPhero 0.01(232), stagnancy 26.0%
[35m[MSG][0m itr   505, best 5565.3555, time  722.0, minPhero 0.01(232), stagnancy 26.3%
[35m[MSG][0m itr   506, best 5565.3555, time  723.4, minPhero 0.01(232), stagnancy 26.7%
[35m[MSG][0m itr   507, best 5565.3555, time  724.9, minPhero 0.01(232), stagnancy 27.0%
[35m[MSG][0m itr   508, best 5565.3555, time  726.3, minPhero 0.01(232), stagnancy 27.3%
[35m[MSG][0m itr   509, best 5565.3555, time  727.7, minPhero 0.01(232), stagnancy 27.7%
[35m[MSG][0m itr   510, best 5565.3555, time  729.1, minPhero 0.01(232), stagnancy 28.0%
[35m[MSG][0m itr   511, best 5565.3555, time  730.6, minPhero 0.01(232), stagnancy 28.3%
[35m[MSG][0m itr   512, best 5565.3555, time  732.0, minPhero 0.01(232), stagnancy 28.7%
[35m[MSG][0m itr   513, best 5565.3555, time  733.5, minPhero 0.01(232), stagnancy 29.0%
[35m[MSG][0m itr   514, best 5565.3555, time  734.9, minPhero 0.01(232), stagnancy 29.3%
[35m[MSG][0m itr   515, best 5565.3555, time  736.3, minPhero 0.01(232), stagnancy 29.7%
[35m[MSG][0m itr   516, best 5565.3555, time  737.8, minPhero 0.01(232), stagnancy 30.0%
[35m[MSG][0m itr   517, best 5565.3555, time  739.2, minPhero 0.01(232), stagnancy 30.3%
[35m[MSG][0m itr   518, best 5565.3555, time  740.6, minPhero 0.01(232), stagnancy 30.7%
[35m[MSG][0m itr   519, best 5565.3555, time  742.1, minPhero 0.01(232), stagnancy 31.0%
[35m[MSG][0m itr   520, best 5565.3555, time  743.5, minPhero 0.01(232), stagnancy 31.3%
[35m[MSG][0m itr   521, best 5565.3555, time  745.0, minPhero 0.01(232), stagnancy 31.7%
[35m[MSG][0m itr   522, best 5565.3555, time  746.4, minPhero 0.01(232), stagnancy 32.0%
[35m[MSG][0m itr   523, best 5565.3555, time  747.9, minPhero 0.01(232), stagnancy 32.3%
[35m[MSG][0m itr   524, best 5565.3555, time  749.3, minPhero 0.01(232), stagnancy 32.7%
[35m[MSG][0m itr   525, best 5565.3555, time  750.7, minPhero 0.01(232), stagnancy 33.0%
[35m[MSG][0m itr   526, best 5565.3555, time  752.1, minPhero 0.01(232), stagnancy 33.3%
[35m[MSG][0m itr   527, best 5565.3555, time  753.6, minPhero 0.01(232), stagnancy 33.7%
[35m[MSG][0m itr   528, best 5565.3555, time  755.0, minPhero 0.01(232), stagnancy 34.0%
[35m[MSG][0m itr   529, best 5565.3555, time  756.4, minPhero 0.01(232), stagnancy 34.3%
[35m[MSG][0m itr   530, best 5565.3555, time  757.9, minPhero 0.01(232), stagnancy 34.7%
[35m[MSG][0m itr   531, best 5565.3555, time  759.2, minPhero 0.01(232), stagnancy 35.0%
[35m[MSG][0m itr   532, best 5565.3555, time  760.6, minPhero 0.01(232), stagnancy 35.3%
[35m[MSG][0m itr   533, best 5565.3555, time  762.0, minPhero 0.01(232), stagnancy 35.7%
[35m[MSG][0m itr   534, best 5565.3555, time  763.5, minPhero 0.01(232), stagnancy 36.0%
[35m[MSG][0m itr   535, best 5565.3555, time  764.9, minPhero 0.01(232), stagnancy 36.3%
[35m[MSG][0m itr   536, best 5565.3555, time  766.3, minPhero 0.01(232), stagnancy 36.7%
[35m[MSG][0m itr   537, best 5565.3555, time  767.8, minPhero 0.01(232), stagnancy 37.0%
[35m[MSG][0m itr   538, best 5565.3555, time  769.2, minPhero 0.01(232), stagnancy 37.3%
[35m[MSG][0m itr   539, best 5565.3555, time  770.7, minPhero 0.01(232), stagnancy 37.7%
[35m[MSG][0m itr   540, best 5565.3555, time  772.1, minPhero 0.01(232), stagnancy 38.0%
[35m[MSG][0m itr   541, best 5565.3555, time  773.6, minPhero 0.01(232), stagnancy 38.3%
[35m[MSG][0m itr   542, best 5565.3555, time  775.0, minPhero 0.01(232), stagnancy 38.7%
[35m[MSG][0m itr   543, best 5565.3555, time  776.4, minPhero 0.01(232), stagnancy 39.0%
[35m[MSG][0m itr   544, best 5565.3555, time  777.9, minPhero 0.01(232), stagnancy 39.3%
[35m[MSG][0m itr   545, best 5565.3555, time  779.3, minPhero 0.01(232), stagnancy 39.7%
[35m[MSG][0m itr   546, best 5565.3555, time  780.8, minPhero 0.01(232), stagnancy 40.0%
[35m[MSG][0m itr   547, best 5565.3555, time  782.2, minPhero 0.01(232), stagnancy 40.3%
[35m[MSG][0m itr   548, best 5565.3555, time  783.5, minPhero 0.01(232), stagnancy 40.7%
[35m[MSG][0m itr   549, best 5565.3555, time  784.9, minPhero 0.01(232), stagnancy 41.0%
[35m[MSG][0m itr   550, best 5565.3555, time  786.3, minPhero 0.01(232), stagnancy 41.3%
[35m[MSG][0m itr   551, best 5565.3555, time  787.7, minPhero 0.01(232), stagnancy 41.7%
[35m[MSG][0m itr   552, best 5565.3555, time  789.2, minPhero 0.01(232), stagnancy 42.0%
[35m[MSG][0m itr   553, best 5565.3555, time  790.6, minPhero 0.01(232), stagnancy 42.3%
[35m[MSG][0m itr   554, best 5565.3555, time  792.0, minPhero 0.01(232), stagnancy 42.7%
[35m[MSG][0m itr   555, best 5565.3555, time  793.5, minPhero 0.01(232), stagnancy 43.0%
[35m[MSG][0m itr   556, best 5565.3555, time  794.9, minPhero 0.01(232), stagnancy 43.3%
[35m[MSG][0m itr   557, best 5565.3555, time  796.4, minPhero 0.01(232), stagnancy 43.7%
[35m[MSG][0m itr   558, best 5565.3555, time  797.8, minPhero 0.01(232), stagnancy 44.0%
[35m[MSG][0m itr   559, best 5565.3555, time  799.2, minPhero 0.01(232), stagnancy 44.3%
[35m[MSG][0m itr   560, best 5565.3555, time  800.7, minPhero 0.01(232), stagnancy 44.7%
[35m[MSG][0m itr   561, best 5565.3555, time  802.1, minPhero 0.01(232), stagnancy 45.0%
[35m[MSG][0m itr   562, best 5565.3555, time  803.6, minPhero 0.01(232), stagnancy 45.3%
[35m[MSG][0m itr   563, best 5565.3555, time  805.0, minPhero 0.01(232), stagnancy 45.7%
[35m[MSG][0m itr   564, best 5565.3555, time  806.5, minPhero 0.01(232), stagnancy 46.0%
[35m[MSG][0m itr   565, best 5565.3555, time  807.8, minPhero 0.01(232), stagnancy 46.3%
[35m[MSG][0m itr   566, best 5565.3555, time  809.3, minPhero 0.01(232), stagnancy 46.7%
[35m[MSG][0m itr   567, best 5565.3555, time  810.7, minPhero 0.01(232), stagnancy 47.0%
[35m[MSG][0m itr   568, best 5565.3555, time  812.1, minPhero 0.01(232), stagnancy 47.3%
[35m[MSG][0m itr   569, best 5565.3555, time  813.6, minPhero 0.01(232), stagnancy 47.7%
[35m[MSG][0m itr   570, best 5565.1201, time  815.0, minPhero 0.01(236), stagnancy 0.0%
[35m[MSG][0m itr   571, best 5565.1201, time  816.5, minPhero 0.01(236), stagnancy 0.3%
[35m[MSG][0m itr   572, best 5565.1201, time  817.9, minPhero 0.01(236), stagnancy 0.7%
[35m[MSG][0m itr   573, best 5565.1201, time  819.3, minPhero 0.01(236), stagnancy 1.0%
[35m[MSG][0m itr   574, best 5565.1201, time  820.6, minPhero 0.01(236), stagnancy 1.3%
[35m[MSG][0m itr   575, best 5565.1201, time  822.0, minPhero 0.01(236), stagnancy 1.7%
[35m[MSG][0m itr   576, best 5565.1201, time  823.5, minPhero 0.01(236), stagnancy 2.0%
[35m[MSG][0m itr   577, best 5565.1201, time  824.9, minPhero 0.01(236), stagnancy 2.3%
[35m[MSG][0m itr   578, best 5565.1201, time  826.3, minPhero 0.01(236), stagnancy 2.7%
[35m[MSG][0m itr   579, best 5564.5103, time  827.8, minPhero 0.01(239), stagnancy 0.0%
[35m[MSG][0m itr   580, best 5564.5103, time  829.1, minPhero 0.01(239), stagnancy 0.3%
[35m[MSG][0m itr   581, best 5564.5103, time  830.5, minPhero 0.01(239), stagnancy 0.7%
[35m[MSG][0m itr   582, best 5564.5098, time  832.0, minPhero 0.01(239), stagnancy 0.0%
[35m[MSG][0m itr   583, best 5564.5098, time  833.4, minPhero 0.01(239), stagnancy 0.3%
[35m[MSG][0m itr   584, best 5564.5098, time  834.8, minPhero 0.01(239), stagnancy 0.7%
[35m[MSG][0m itr   585, best 5564.5098, time  836.3, minPhero 0.01(239), stagnancy 1.0%
[35m[MSG][0m itr   586, best 5564.5098, time  837.7, minPhero 0.01(239), stagnancy 1.3%
[35m[MSG][0m itr   587, best 5564.5098, time  839.1, minPhero 0.01(239), stagnancy 1.7%
[35m[MSG][0m itr   588, best 5564.5098, time  840.6, minPhero 0.01(239), stagnancy 2.0%
[35m[MSG][0m itr   589, best 5564.5098, time  842.0, minPhero 0.01(239), stagnancy 2.3%
[35m[MSG][0m itr   590, best 5564.5098, time  843.4, minPhero 0.01(239), stagnancy 2.7%
[35m[MSG][0m itr   591, best 5564.5098, time  844.9, minPhero 0.01(239), stagnancy 3.0%
[35m[MSG][0m itr   592, best 5564.5098, time  846.3, minPhero 0.01(235), stagnancy 3.3%
[35m[MSG][0m itr   593, best 5564.5098, time  847.7, minPhero 0.01(235), stagnancy 3.7%
[35m[MSG][0m itr   594, best 5564.5098, time  849.2, minPhero 0.01(235), stagnancy 4.0%
[35m[MSG][0m itr   595, best 5564.5098, time  850.6, minPhero 0.01(235), stagnancy 4.3%
[35m[MSG][0m itr   596, best 5564.5098, time  852.0, minPhero 0.01(235), stagnancy 4.7%
[35m[MSG][0m itr   597, best 5564.5098, time  853.5, minPhero 0.01(235), stagnancy 5.0%
[35m[MSG][0m itr   598, best 5564.5098, time  854.9, minPhero 0.01(235), stagnancy 5.3%
[35m[MSG][0m itr   599, best 5564.5098, time  856.3, minPhero 0.01(235), stagnancy 5.7%
[35m[MSG][0m itr   600, best 5564.5098, time  857.8, minPhero 0.01(233), stagnancy 6.0%
[35m[MSG][0m itr   601, best 5564.5098, time  859.2, minPhero 0.01(232), stagnancy 6.3%
[35m[MSG][0m itr   602, best 5564.5098, time  860.6, minPhero 0.01(232), stagnancy 6.7%
[35m[MSG][0m itr   603, best 5564.5098, time  862.1, minPhero 0.01(232), stagnancy 7.0%
[35m[MSG][0m itr   604, best 5564.5098, time  863.5, minPhero 0.01(232), stagnancy 7.3%
[35m[MSG][0m itr   605, best 5564.5098, time  864.9, minPhero 0.01(232), stagnancy 7.7%
[35m[MSG][0m itr   606, best 5564.5098, time  866.4, minPhero 0.01(232), stagnancy 8.0%
[35m[MSG][0m itr   607, best 5564.5098, time  867.8, minPhero 0.01(232), stagnancy 8.3%
[35m[MSG][0m itr   608, best 5564.5098, time  869.2, minPhero 0.01(232), stagnancy 8.7%
[35m[MSG][0m itr   609, best 5564.5098, time  870.6, minPhero 0.01(232), stagnancy 9.0%
[35m[MSG][0m itr   610, best 5564.5098, time  872.1, minPhero 0.01(232), stagnancy 9.3%
[35m[MSG][0m itr   611, best 5564.5098, time  873.5, minPhero 0.01(232), stagnancy 9.7%
[35m[MSG][0m itr   612, best 5564.5098, time  875.0, minPhero 0.01(232), stagnancy 10.0%
[35m[MSG][0m itr   613, best 5564.5098, time  876.4, minPhero 0.01(232), stagnancy 10.3%
[35m[MSG][0m itr   614, best 5564.5098, time  877.8, minPhero 0.01(232), stagnancy 10.7%
[35m[MSG][0m itr   615, best 5564.5098, time  879.2, minPhero 0.01(232), stagnancy 11.0%
[35m[MSG][0m itr   616, best 5564.5098, time  880.6, minPhero 0.01(232), stagnancy 11.3%
[35m[MSG][0m itr   617, best 5564.5098, time  882.0, minPhero 0.01(232), stagnancy 11.7%
[35m[MSG][0m itr   618, best 5564.5098, time  883.5, minPhero 0.01(232), stagnancy 12.0%
[35m[MSG][0m itr   619, best 5564.5098, time  884.9, minPhero 0.01(232), stagnancy 12.3%
[35m[MSG][0m itr   620, best 5564.5098, time  886.4, minPhero 0.01(232), stagnancy 12.7%
[35m[MSG][0m itr   621, best 5564.5098, time  887.8, minPhero 0.01(232), stagnancy 13.0%
[35m[MSG][0m itr   622, best 5564.5098, time  889.2, minPhero 0.01(232), stagnancy 13.3%
[35m[MSG][0m itr   623, best 5564.5098, time  890.7, minPhero 0.01(232), stagnancy 13.7%
[35m[MSG][0m itr   624, best 5564.5098, time  892.1, minPhero 0.01(232), stagnancy 14.0%
[35m[MSG][0m itr   625, best 5564.5098, time  893.5, minPhero 0.01(232), stagnancy 14.3%
[35m[MSG][0m itr   626, best 5564.5098, time  895.0, minPhero 0.01(232), stagnancy 14.7%
[35m[MSG][0m itr   627, best 5564.5098, time  896.4, minPhero 0.01(232), stagnancy 15.0%
[35m[MSG][0m itr   628, best 5564.5098, time  897.8, minPhero 0.01(232), stagnancy 15.3%
[35m[MSG][0m itr   629, best 5564.5098, time  899.3, minPhero 0.01(232), stagnancy 15.7%
[35m[MSG][0m itr   630, best 5564.5098, time  900.7, minPhero 0.01(232), stagnancy 16.0%
[35m[MSG][0m itr   631, best 5564.5098, time  902.2, minPhero 0.01(232), stagnancy 16.3%
[35m[MSG][0m itr   632, best 5564.5098, time  903.6, minPhero 0.01(232), stagnancy 16.7%
[35m[MSG][0m itr   633, best 5564.5098, time  905.1, minPhero 0.01(232), stagnancy 17.0%
[35m[MSG][0m itr   634, best 5564.5098, time  906.5, minPhero 0.01(232), stagnancy 17.3%
[35m[MSG][0m itr   635, best 5564.5098, time  908.0, minPhero 0.01(232), stagnancy 17.7%
[35m[MSG][0m itr   636, best 5564.5098, time  909.3, minPhero 0.01(232), stagnancy 18.0%
[35m[MSG][0m itr   637, best 5564.5098, time  910.7, minPhero 0.01(232), stagnancy 18.3%
[35m[MSG][0m itr   638, best 5564.5098, time  912.1, minPhero 0.01(232), stagnancy 18.7%
[35m[MSG][0m itr   639, best 5564.5098, time  913.6, minPhero 0.01(232), stagnancy 19.0%
[35m[MSG][0m itr   640, best 5564.5098, time  915.0, minPhero 0.01(232), stagnancy 19.3%
[35m[MSG][0m itr   641, best 5564.5098, time  916.2, minPhero 0.01(232), stagnancy 19.7%
[35m[MSG][0m itr   642, best 5564.5098, time  917.7, minPhero 0.01(232), stagnancy 20.0%
[35m[MSG][0m itr   643, best 5564.5098, time  919.1, minPhero 0.01(232), stagnancy 20.3%
[35m[MSG][0m itr   644, best 5564.5098, time  920.6, minPhero 0.01(232), stagnancy 20.7%
[35m[MSG][0m itr   645, best 5564.5098, time  922.0, minPhero 0.01(232), stagnancy 21.0%
[35m[MSG][0m itr   646, best 5564.5098, time  923.4, minPhero 0.01(232), stagnancy 21.3%
[35m[MSG][0m itr   647, best 5564.5098, time  924.9, minPhero 0.01(232), stagnancy 21.7%
[35m[MSG][0m itr   648, best 5564.5098, time  926.3, minPhero 0.01(232), stagnancy 22.0%
[35m[MSG][0m itr   649, best 5564.5098, time  927.8, minPhero 0.01(232), stagnancy 22.3%
[35m[MSG][0m itr   650, best 5564.5098, time  929.2, minPhero 0.01(232), stagnancy 22.7%
[35m[MSG][0m itr   651, best 5564.5098, time  930.7, minPhero 0.01(232), stagnancy 23.0%
[35m[MSG][0m itr   652, best 5564.5098, time  932.1, minPhero 0.01(232), stagnancy 23.3%
[35m[MSG][0m itr   653, best 5564.5098, time  933.5, minPhero 0.01(232), stagnancy 23.7%
[35m[MSG][0m itr   654, best 5564.5098, time  934.9, minPhero 0.01(232), stagnancy 24.0%
[35m[MSG][0m itr   655, best 5564.5098, time  936.3, minPhero 0.01(232), stagnancy 24.3%
[35m[MSG][0m itr   656, best 5564.5098, time  937.7, minPhero 0.01(232), stagnancy 24.7%
[35m[MSG][0m itr   657, best 5564.5098, time  939.1, minPhero 0.01(232), stagnancy 25.0%
[35m[MSG][0m itr   658, best 5564.5098, time  940.6, minPhero 0.01(232), stagnancy 25.3%
[35m[MSG][0m itr   659, best 5564.5098, time  942.0, minPhero 0.01(232), stagnancy 25.7%
[35m[MSG][0m itr   660, best 5564.5098, time  943.5, minPhero 0.01(232), stagnancy 26.0%
[35m[MSG][0m itr   661, best 5564.5098, time  944.9, minPhero 0.01(232), stagnancy 26.3%
[35m[MSG][0m itr   662, best 5564.5098, time  946.3, minPhero 0.01(232), stagnancy 26.7%
[35m[MSG][0m itr   663, best 5564.5098, time  947.8, minPhero 0.01(232), stagnancy 27.0%
[35m[MSG][0m itr   664, best 5564.5098, time  949.2, minPhero 0.01(232), stagnancy 27.3%
[35m[MSG][0m itr   665, best 5564.5098, time  950.6, minPhero 0.01(232), stagnancy 27.7%
[35m[MSG][0m itr   666, best 5564.5098, time  952.1, minPhero 0.01(232), stagnancy 28.0%
[35m[MSG][0m itr   667, best 5564.5098, time  953.5, minPhero 0.01(232), stagnancy 28.3%
[35m[MSG][0m itr   668, best 5564.5098, time  955.0, minPhero 0.01(232), stagnancy 28.7%
[35m[MSG][0m itr   669, best 5564.5098, time  956.4, minPhero 0.01(232), stagnancy 29.0%
[35m[MSG][0m itr   670, best 5564.5098, time  957.8, minPhero 0.01(232), stagnancy 29.3%
[35m[MSG][0m itr   671, best 5564.5098, time  959.3, minPhero 0.01(232), stagnancy 29.7%
[35m[MSG][0m itr   672, best 5564.5098, time  960.7, minPhero 0.01(232), stagnancy 30.0%
[35m[MSG][0m itr   673, best 5564.5098, time  962.1, minPhero 0.01(232), stagnancy 30.3%
[35m[MSG][0m itr   674, best 5564.5098, time  963.5, minPhero 0.01(232), stagnancy 30.7%
[35m[MSG][0m itr   675, best 5564.5098, time  965.0, minPhero 0.01(232), stagnancy 31.0%
[35m[MSG][0m itr   676, best 5564.5098, time  966.4, minPhero 0.01(232), stagnancy 31.3%
[35m[MSG][0m itr   677, best 5564.5098, time  967.8, minPhero 0.01(232), stagnancy 31.7%
[35m[MSG][0m itr   678, best 5564.5098, time  969.3, minPhero 0.01(232), stagnancy 32.0%
[35m[MSG][0m itr   679, best 5564.5098, time  970.7, minPhero 0.01(232), stagnancy 32.3%
[35m[MSG][0m itr   680, best 5564.5098, time  972.1, minPhero 0.01(232), stagnancy 32.7%
[35m[MSG][0m itr   681, best 5564.5098, time  973.4, minPhero 0.01(232), stagnancy 33.0%
[35m[MSG][0m itr   682, best 5564.5098, time  974.8, minPhero 0.01(232), stagnancy 33.3%
[35m[MSG][0m itr   683, best 5564.5098, time  976.3, minPhero 0.01(232), stagnancy 33.7%
[35m[MSG][0m itr   684, best 5564.5098, time  977.7, minPhero 0.01(232), stagnancy 34.0%
[35m[MSG][0m itr   685, best 5564.5098, time  979.1, minPhero 0.01(232), stagnancy 34.3%
[35m[MSG][0m itr   686, best 5564.5098, time  980.6, minPhero 0.01(232), stagnancy 34.7%
[35m[MSG][0m itr   687, best 5564.5098, time  982.0, minPhero 0.01(232), stagnancy 35.0%
[35m[MSG][0m itr   688, best 5564.5098, time  983.4, minPhero 0.01(232), stagnancy 35.3%
[35m[MSG][0m itr   689, best 5564.5098, time  984.8, minPhero 0.01(232), stagnancy 35.7%
[35m[MSG][0m itr   690, best 5564.5098, time  986.2, minPhero 0.01(232), stagnancy 36.0%
[35m[MSG][0m itr   691, best 5564.5098, time  987.7, minPhero 0.01(232), stagnancy 36.3%
[35m[MSG][0m itr   692, best 5564.5098, time  989.1, minPhero 0.01(232), stagnancy 36.7%
[35m[MSG][0m itr   693, best 5564.5098, time  990.6, minPhero 0.01(232), stagnancy 37.0%
[35m[MSG][0m itr   694, best 5564.5098, time  992.0, minPhero 0.01(232), stagnancy 37.3%
[35m[MSG][0m itr   695, best 5564.5098, time  993.4, minPhero 0.01(232), stagnancy 37.7%
[35m[MSG][0m itr   696, best 5564.5098, time  994.9, minPhero 0.01(232), stagnancy 38.0%
[35m[MSG][0m itr   697, best 5564.5098, time  996.3, minPhero 0.01(232), stagnancy 38.3%
[35m[MSG][0m itr   698, best 5564.5098, time  997.8, minPhero 0.01(232), stagnancy 38.7%
[35m[MSG][0m itr   699, best 5564.5098, time  999.2, minPhero 0.01(232), stagnancy 39.0%
[35m[MSG][0m itr   700, best 5564.5098, time 1000.6, minPhero 0.01(232), stagnancy 39.3%
[35m[MSG][0m itr   701, best 5564.5098, time 1002.1, minPhero 0.01(232), stagnancy 39.7%
[35m[MSG][0m itr   702, best 5564.5098, time 1003.5, minPhero 0.01(232), stagnancy 40.0%
[35m[MSG][0m itr   703, best 5564.5098, time 1004.9, minPhero 0.01(232), stagnancy 40.3%
[35m[MSG][0m itr   704, best 5564.5098, time 1006.4, minPhero 0.01(232), stagnancy 40.7%
[35m[MSG][0m itr   705, best 5564.5098, time 1007.8, minPhero 0.01(232), stagnancy 41.0%
[35m[MSG][0m itr   706, best 5564.5098, time 1009.2, minPhero 0.01(232), stagnancy 41.3%
[35m[MSG][0m itr   707, best 5564.5098, time 1010.7, minPhero 0.01(232), stagnancy 41.7%
[35m[MSG][0m itr   708, best 5564.5098, time 1012.1, minPhero 0.01(232), stagnancy 42.0%
[35m[MSG][0m itr   709, best 5564.5098, time 1013.6, minPhero 0.01(232), stagnancy 42.3%
[35m[MSG][0m itr   710, best 5564.5098, time 1015.0, minPhero 0.01(232), stagnancy 42.7%
[35m[MSG][0m itr   711, best 5564.5098, time 1016.5, minPhero 0.01(232), stagnancy 43.0%
[35m[MSG][0m itr   712, best 5564.5098, time 1017.9, minPhero 0.01(232), stagnancy 43.3%
[35m[MSG][0m itr   713, best 5564.5098, time 1019.3, minPhero 0.01(232), stagnancy 43.7%
[35m[MSG][0m itr   714, best 5564.5098, time 1020.8, minPhero 0.01(232), stagnancy 44.0%
[35m[MSG][0m itr   715, best 5564.5098, time 1022.2, minPhero 0.01(232), stagnancy 44.3%
[35m[MSG][0m itr   716, best 5564.5098, time 1023.7, minPhero 0.01(232), stagnancy 44.7%
[35m[MSG][0m itr   717, best 5564.5098, time 1025.1, minPhero 0.01(232), stagnancy 45.0%
[35m[MSG][0m itr   718, best 5564.5098, time 1026.6, minPhero 0.01(232), stagnancy 45.3%
[35m[MSG][0m itr   719, best 5564.5098, time 1028.0, minPhero 0.01(232), stagnancy 45.7%
[35m[MSG][0m itr   720, best 5564.5098, time 1029.4, minPhero 0.01(232), stagnancy 46.0%
[35m[MSG][0m itr   721, best 5564.5098, time 1030.9, minPhero 0.01(232), stagnancy 46.3%
[35m[MSG][0m itr   722, best 5564.5098, time 1032.3, minPhero 0.01(232), stagnancy 46.7%
[35m[MSG][0m itr   723, best 5564.5098, time 1033.8, minPhero 0.01(232), stagnancy 47.0%
[35m[MSG][0m itr   724, best 5564.5098, time 1035.2, minPhero 0.01(232), stagnancy 47.3%
[35m[MSG][0m itr   725, best 5564.5098, time 1036.7, minPhero 0.01(232), stagnancy 47.7%
[35m[MSG][0m itr   726, best 5564.5098, time 1038.1, minPhero 0.01(232), stagnancy 48.0%
[35m[MSG][0m itr   727, best 5564.5098, time 1039.5, minPhero 0.01(232), stagnancy 48.3%
[35m[MSG][0m itr   728, best 5564.5098, time 1040.9, minPhero 0.01(232), stagnancy 48.7%
[35m[MSG][0m itr   729, best 5564.5098, time 1042.4, minPhero 0.01(232), stagnancy 49.0%
[35m[MSG][0m itr   730, best 5564.5098, time 1043.8, minPhero 0.01(232), stagnancy 49.3%
[35m[MSG][0m itr   731, best 5564.5098, time 1045.2, minPhero 0.01(232), stagnancy 49.7%
[35m[MSG][0m itr   732, best 5564.5098, time 1046.7, minPhero 0.01(232), stagnancy 50.0%
[35m[MSG][0m itr   733, best 5564.5098, time 1048.1, minPhero 0.01(232), stagnancy 50.3%
[35m[MSG][0m itr   734, best 5564.5098, time 1049.6, minPhero 0.01(232), stagnancy 50.7%
[35m[MSG][0m itr   735, best 5564.5098, time 1051.0, minPhero 0.01(232), stagnancy 51.0%
[35m[MSG][0m itr   736, best 5564.5098, time 1052.4, minPhero 0.01(232), stagnancy 51.3%
[35m[MSG][0m itr   737, best 5564.5098, time 1053.9, minPhero 0.01(232), stagnancy 51.7%
[35m[MSG][0m itr   738, best 5564.5098, time 1055.2, minPhero 0.01(232), stagnancy 52.0%
[35m[MSG][0m itr   739, best 5564.5098, time 1056.5, minPhero 0.01(232), stagnancy 52.3%
[35m[MSG][0m itr   740, best 5564.5098, time 1058.0, minPhero 0.01(232), stagnancy 52.7%
[35m[MSG][0m itr   741, best 5564.5098, time 1059.4, minPhero 0.01(232), stagnancy 53.0%
[35m[MSG][0m itr   742, best 5564.5098, time 1060.6, minPhero 0.01(232), stagnancy 53.3%
[35m[MSG][0m itr   743, best 5564.5098, time 1062.1, minPhero 0.01(232), stagnancy 53.7%
[35m[MSG][0m itr   744, best 5564.5098, time 1063.5, minPhero 0.01(232), stagnancy 54.0%
[35m[MSG][0m itr   745, best 5564.5098, time 1065.0, minPhero 0.01(232), stagnancy 54.3%
[35m[MSG][0m itr   746, best 5564.5098, time 1066.4, minPhero 0.01(232), stagnancy 54.7%
[35m[MSG][0m itr   747, best 5564.5098, time 1067.7, minPhero 0.01(232), stagnancy 55.0%
[35m[MSG][0m itr   748, best 5564.5098, time 1069.2, minPhero 0.01(232), stagnancy 55.3%
[35m[MSG][0m itr   749, best 5564.5098, time 1070.7, minPhero 0.01(232), stagnancy 55.7%
[35m[MSG][0m itr   750, best 5564.5098, time 1072.2, minPhero 0.01(232), stagnancy 56.0%
[35m[MSG][0m itr   751, best 5564.5098, time 1073.5, minPhero 0.01(232), stagnancy 56.3%
[35m[MSG][0m itr   752, best 5564.5098, time 1074.9, minPhero 0.01(232), stagnancy 56.7%
[35m[MSG][0m itr   753, best 5564.5098, time 1076.4, minPhero 0.01(232), stagnancy 57.0%
[35m[MSG][0m itr   754, best 5564.5098, time 1077.8, minPhero 0.01(232), stagnancy 57.3%
[35m[MSG][0m itr   755, best 5564.5098, time 1079.3, minPhero 0.01(232), stagnancy 57.7%
[35m[MSG][0m itr   756, best 5564.5098, time 1080.7, minPhero 0.01(232), stagnancy 58.0%
[35m[MSG][0m itr   757, best 5564.5098, time 1082.1, minPhero 0.01(232), stagnancy 58.3%
[35m[MSG][0m itr   758, best 5564.5098, time 1083.6, minPhero 0.01(232), stagnancy 58.7%
[35m[MSG][0m itr   759, best 5564.5098, time 1085.0, minPhero 0.01(232), stagnancy 59.0%
[35m[MSG][0m itr   760, best 5564.5098, time 1086.4, minPhero 0.01(232), stagnancy 59.3%
[35m[MSG][0m itr   761, best 5564.5098, time 1087.9, minPhero 0.01(232), stagnancy 59.7%
[35m[MSG][0m itr   762, best 5564.5098, time 1089.3, minPhero 0.01(232), stagnancy 60.0%
[35m[MSG][0m itr   763, best 5564.5098, time 1090.8, minPhero 0.01(232), stagnancy 60.3%
[35m[MSG][0m itr   764, best 5564.5098, time 1092.2, minPhero 0.01(232), stagnancy 60.7%
[35m[MSG][0m itr   765, best 5564.5098, time 1093.6, minPhero 0.01(232), stagnancy 61.0%
[35m[MSG][0m itr   766, best 5564.5098, time 1095.0, minPhero 0.01(232), stagnancy 61.3%
[35m[MSG][0m itr   767, best 5564.5098, time 1096.4, minPhero 0.01(232), stagnancy 61.7%
[35m[MSG][0m itr   768, best 5564.5098, time 1097.9, minPhero 0.01(232), stagnancy 62.0%
[35m[MSG][0m itr   769, best 5564.5098, time 1099.3, minPhero 0.01(232), stagnancy 62.3%
[35m[MSG][0m itr   770, best 5564.5098, time 1100.8, minPhero 0.01(232), stagnancy 62.7%
[35m[MSG][0m itr   771, best 5564.5098, time 1102.2, minPhero 0.01(232), stagnancy 63.0%
[35m[MSG][0m itr   772, best 5564.5098, time 1103.7, minPhero 0.01(232), stagnancy 63.3%
[35m[MSG][0m itr   773, best 5564.5098, time 1105.0, minPhero 0.01(232), stagnancy 63.7%
[35m[MSG][0m itr   774, best 5564.5098, time 1106.4, minPhero 0.01(232), stagnancy 64.0%
[35m[MSG][0m itr   775, best 5564.5098, time 1107.9, minPhero 0.01(232), stagnancy 64.3%
[35m[MSG][0m itr   776, best 5564.5098, time 1109.3, minPhero 0.01(232), stagnancy 64.7%
[35m[MSG][0m itr   777, best 5564.5098, time 1110.8, minPhero 0.01(232), stagnancy 65.0%
[35m[MSG][0m itr   778, best 5564.5098, time 1112.2, minPhero 0.01(232), stagnancy 65.3%
[35m[MSG][0m itr   779, best 5564.5098, time 1113.7, minPhero 0.01(232), stagnancy 65.7%
[35m[MSG][0m itr   780, best 5564.5098, time 1115.0, minPhero 0.01(232), stagnancy 66.0%
[35m[MSG][0m itr   781, best 5564.5098, time 1116.4, minPhero 0.01(232), stagnancy 66.3%
[35m[MSG][0m itr   782, best 5564.5098, time 1117.8, minPhero 0.01(232), stagnancy 66.7%
[35m[MSG][0m itr   783, best 5564.5098, time 1119.3, minPhero 0.01(232), stagnancy 67.0%
[35m[MSG][0m itr   784, best 5564.5098, time 1120.7, minPhero 0.01(232), stagnancy 67.3%
[35m[MSG][0m itr   785, best 5564.5098, time 1122.1, minPhero 0.01(232), stagnancy 67.7%
[35m[MSG][0m itr   786, best 5564.5098, time 1123.6, minPhero 0.01(232), stagnancy 68.0%
[35m[MSG][0m itr   787, best 5564.5098, time 1125.0, minPhero 0.01(232), stagnancy 68.3%
[35m[MSG][0m itr   788, best 5564.5098, time 1126.4, minPhero 0.01(232), stagnancy 68.7%
[35m[MSG][0m itr   789, best 5564.5098, time 1127.9, minPhero 0.01(232), stagnancy 69.0%
[35m[MSG][0m itr   790, best 5564.5098, time 1129.3, minPhero 0.01(232), stagnancy 69.3%
[35m[MSG][0m itr   791, best 5564.5098, time 1130.7, minPhero 0.01(232), stagnancy 69.7%
[35m[MSG][0m itr   792, best 5564.5098, time 1132.1, minPhero 0.01(232), stagnancy 70.0%
[35m[MSG][0m itr   793, best 5564.5098, time 1133.4, minPhero 0.01(232), stagnancy 70.3%
[35m[MSG][0m itr   794, best 5564.5098, time 1134.8, minPhero 0.01(232), stagnancy 70.7%
[35m[MSG][0m itr   795, best 5564.5098, time 1136.3, minPhero 0.01(232), stagnancy 71.0%
[35m[MSG][0m itr   796, best 5564.5098, time 1137.7, minPhero 0.01(232), stagnancy 71.3%
[35m[MSG][0m itr   797, best 5564.5098, time 1139.1, minPhero 0.01(232), stagnancy 71.7%
[35m[MSG][0m itr   798, best 5564.5098, time 1140.6, minPhero 0.01(232), stagnancy 72.0%
[35m[MSG][0m itr   799, best 5564.5098, time 1142.0, minPhero 0.01(232), stagnancy 72.3%
[35m[MSG][0m itr   800, best 5564.5098, time 1143.4, minPhero 0.01(232), stagnancy 72.7%
[35m[MSG][0m itr   801, best 5564.5098, time 1144.8, minPhero 0.01(232), stagnancy 73.0%
[35m[MSG][0m itr   802, best 5564.5098, time 1146.1, minPhero 0.01(232), stagnancy 73.3%
[35m[MSG][0m itr   803, best 5564.5098, time 1147.6, minPhero 0.01(232), stagnancy 73.7%
[35m[MSG][0m itr   804, best 5564.5098, time 1149.1, minPhero 0.01(232), stagnancy 74.0%
[35m[MSG][0m itr   805, best 5564.5098, time 1150.7, minPhero 0.01(232), stagnancy 74.3%
[35m[MSG][0m itr   806, best 5564.5098, time 1152.4, minPhero 0.01(232), stagnancy 74.7%
[35m[MSG][0m itr   807, best 5564.5098, time 1153.9, minPhero 0.01(232), stagnancy 75.0%
[35m[MSG][0m itr   808, best 5564.5098, time 1155.2, minPhero 0.01(232), stagnancy 75.3%
[35m[MSG][0m itr   809, best 5564.5098, time 1156.7, minPhero 0.01(232), stagnancy 75.7%
[35m[MSG][0m itr   810, best 5564.5098, time 1158.1, minPhero 0.01(232), stagnancy 76.0%
[35m[MSG][0m itr   811, best 5564.5098, time 1159.5, minPhero 0.01(232), stagnancy 76.3%
[35m[MSG][0m itr   812, best 5564.5098, time 1161.0, minPhero 0.01(232), stagnancy 76.7%
[35m[MSG][0m itr   813, best 5564.5098, time 1162.4, minPhero 0.01(232), stagnancy 77.0%
[35m[MSG][0m itr   814, best 5564.5098, time 1164.1, minPhero 0.01(232), stagnancy 77.3%
[35m[MSG][0m itr   815, best 5564.5098, time 1165.8, minPhero 0.01(232), stagnancy 77.7%
[35m[MSG][0m itr   816, best 5564.5098, time 1167.6, minPhero 0.01(232), stagnancy 78.0%
[35m[MSG][0m itr   817, best 5564.5098, time 1169.5, minPhero 0.01(232), stagnancy 78.3%
[35m[MSG][0m itr   818, best 5564.5098, time 1171.3, minPhero 0.01(232), stagnancy 78.7%
[35m[MSG][0m itr   819, best 5564.5098, time 1173.0, minPhero 0.01(232), stagnancy 79.0%
[35m[MSG][0m itr   820, best 5564.5098, time 1174.7, minPhero 0.01(232), stagnancy 79.3%
[35m[MSG][0m itr   821, best 5564.5098, time 1176.6, minPhero 0.01(232), stagnancy 79.7%
[35m[MSG][0m itr   822, best 5564.5098, time 1178.2, minPhero 0.01(232), stagnancy 80.0%
[35m[MSG][0m itr   823, best 5564.5098, time 1179.9, minPhero 0.01(232), stagnancy 80.3%
[35m[MSG][0m itr   824, best 5564.5098, time 1181.6, minPhero 0.01(232), stagnancy 80.7%
[35m[MSG][0m itr   825, best 5564.5098, time 1183.4, minPhero 0.01(232), stagnancy 81.0%
[35m[MSG][0m itr   826, best 5564.5098, time 1185.5, minPhero 0.01(232), stagnancy 81.3%
[35m[MSG][0m itr   827, best 5564.5098, time 1187.3, minPhero 0.01(232), stagnancy 81.7%
[35m[MSG][0m itr   828, best 5564.5098, time 1188.7, minPhero 0.01(232), stagnancy 82.0%
[35m[MSG][0m itr   829, best 5564.5098, time 1190.1, minPhero 0.01(232), stagnancy 82.3%
[35m[MSG][0m itr   830, best 5564.5098, time 1191.6, minPhero 0.01(232), stagnancy 82.7%
[35m[MSG][0m itr   831, best 5564.5098, time 1193.4, minPhero 0.01(232), stagnancy 83.0%
[35m[MSG][0m itr   832, best 5564.5098, time 1195.0, minPhero 0.01(232), stagnancy 83.3%
[35m[MSG][0m itr   833, best 5564.5098, time 1196.5, minPhero 0.01(232), stagnancy 83.7%
[35m[MSG][0m itr   834, best 5564.5098, time 1198.1, minPhero 0.01(232), stagnancy 84.0%
[35m[MSG][0m itr   835, best 5564.5098, time 1199.4, minPhero 0.01(232), stagnancy 84.3%
[35m[MSG][0m itr   836, best 5564.5098, time 1200.9, minPhero 0.01(232), stagnancy 84.7%
[35m[MSG][0m itr   837, best 5564.5098, time 1202.5, minPhero 0.01(232), stagnancy 85.0%
[35m[MSG][0m itr   838, best 5564.5098, time 1203.9, minPhero 0.01(232), stagnancy 85.3%
[35m[MSG][0m itr   839, best 5564.5098, time 1205.3, minPhero 0.01(232), stagnancy 85.7%
[35m[MSG][0m itr   840, best 5564.5098, time 1206.8, minPhero 0.01(232), stagnancy 86.0%
[35m[MSG][0m itr   841, best 5564.5098, time 1208.2, minPhero 0.01(232), stagnancy 86.3%
[35m[MSG][0m itr   842, best 5564.5098, time 1209.7, minPhero 0.01(232), stagnancy 86.7%
[35m[MSG][0m itr   843, best 5564.5098, time 1211.1, minPhero 0.01(232), stagnancy 87.0%
[35m[MSG][0m itr   844, best 5564.5098, time 1212.5, minPhero 0.01(232), stagnancy 87.3%
[35m[MSG][0m itr   845, best 5564.5098, time 1213.9, minPhero 0.01(232), stagnancy 87.7%
[35m[MSG][0m itr   846, best 5564.5098, time 1215.3, minPhero 0.01(232), stagnancy 88.0%
[35m[MSG][0m itr   847, best 5564.5098, time 1216.7, minPhero 0.01(232), stagnancy 88.3%
[35m[MSG][0m itr   848, best 5564.5098, time 1218.2, minPhero 0.01(232), stagnancy 88.7%
[35m[MSG][0m itr   849, best 5564.5098, time 1219.6, minPhero 0.01(232), stagnancy 89.0%
[35m[MSG][0m itr   850, best 5564.5098, time 1221.0, minPhero 0.01(232), stagnancy 89.3%
[35m[MSG][0m itr   851, best 5564.5098, time 1222.5, minPhero 0.01(232), stagnancy 89.7%
[35m[MSG][0m itr   852, best 5564.5098, time 1223.9, minPhero 0.01(232), stagnancy 90.0%
[35m[MSG][0m itr   853, best 5564.5098, time 1225.4, minPhero 0.01(232), stagnancy 90.3%
[35m[MSG][0m itr   854, best 5564.5098, time 1226.8, minPhero 0.01(232), stagnancy 90.7%
[35m[MSG][0m itr   855, best 5564.5098, time 1228.3, minPhero 0.01(232), stagnancy 91.0%
[35m[MSG][0m itr   856, best 5564.5098, time 1229.7, minPhero 0.01(232), stagnancy 91.3%
[35m[MSG][0m itr   857, best 5564.5098, time 1231.1, minPhero 0.01(232), stagnancy 91.7%
[35m[MSG][0m itr   858, best 5564.5098, time 1232.6, minPhero 0.01(232), stagnancy 92.0%
[35m[MSG][0m itr   859, best 5564.5098, time 1234.0, minPhero 0.01(232), stagnancy 92.3%
[35m[MSG][0m itr   860, best 5564.5098, time 1235.4, minPhero 0.01(232), stagnancy 92.7%
[35m[MSG][0m itr   861, best 5564.5098, time 1236.9, minPhero 0.01(232), stagnancy 93.0%
[35m[MSG][0m itr   862, best 5564.5098, time 1238.3, minPhero 0.01(232), stagnancy 93.3%
[35m[MSG][0m itr   863, best 5564.5098, time 1239.8, minPhero 0.01(232), stagnancy 93.7%
[35m[MSG][0m itr   864, best 5564.5098, time 1241.2, minPhero 0.01(232), stagnancy 94.0%
[35m[MSG][0m itr   865, best 5564.5098, time 1242.6, minPhero 0.01(232), stagnancy 94.3%
[35m[MSG][0m itr   866, best 5564.5098, time 1244.1, minPhero 0.01(232), stagnancy 94.7%
[35m[MSG][0m itr   867, best 5564.5098, time 1245.5, minPhero 0.01(232), stagnancy 95.0%
[35m[MSG][0m itr   868, best 5564.5098, time 1246.9, minPhero 0.01(232), stagnancy 95.3%
[35m[MSG][0m itr   869, best 5564.5098, time 1248.4, minPhero 0.01(232), stagnancy 95.7%
[35m[MSG][0m itr   870, best 5564.5098, time 1249.8, minPhero 0.01(232), stagnancy 96.0%
[35m[MSG][0m itr   871, best 5564.5098, time 1251.2, minPhero 0.01(232), stagnancy 96.3%
[35m[MSG][0m itr   872, best 5564.5098, time 1252.6, minPhero 0.01(232), stagnancy 96.7%
[35m[MSG][0m itr   873, best 5564.5098, time 1254.0, minPhero 0.01(232), stagnancy 97.0%
[35m[MSG][0m itr   874, best 5564.5098, time 1255.4, minPhero 0.01(232), stagnancy 97.3%
[35m[MSG][0m itr   875, best 5564.5098, time 1256.9, minPhero 0.01(232), stagnancy 97.7%
[35m[MSG][0m itr   876, best 5564.5098, time 1258.3, minPhero 0.01(232), stagnancy 98.0%
[35m[MSG][0m itr   877, best 5564.5098, time 1259.7, minPhero 0.01(232), stagnancy 98.3%
[35m[MSG][0m itr   878, best 5564.5098, time 1261.2, minPhero 0.01(232), stagnancy 98.7%
[35m[MSG][0m itr   879, best 5564.5098, time 1262.6, minPhero 0.01(232), stagnancy 99.0%
[35m[MSG][0m itr   880, best 5564.5098, time 1264.0, minPhero 0.01(232), stagnancy 99.3%
[35m[MSG][0m itr   881, best 5564.5098, time 1265.5, minPhero 0.01(232), stagnancy 99.7%
[35m[MSG][0m itr   882, best 5564.5098, time 1266.9, minPhero 0.01(232), stagnancy 100.0%
[35m[MSG][0m Solution converged. Reinitialising pheromones...
[35m[MSG][0m Time: 1266.93 s
[35m[MSG][0m Best cost: 5564.51
