[35m[MSG][0m Log level set to LOG_DEBUG
[35m[MSG][0m Parsing input from file "res/fruitybun250_2016.vrp"
[35m[MSG][0m Number of nodes: 250
[35m[MSG][0m Running ACO search
[35m[MSG][0m ACO settings: 
 alpha:     8.000
 beta:      1.000
 pers:      0.850
 minPhero:  0.015
 nbhood:    10
 popSize:   512
 maxStag:   300
[35m[MSG][0m itr     1, best 5758.0684, time    1.3, minPhero 0.85(28922), stagnancy 0.0%
[35m[MSG][0m itr     2, best 5757.3218, time    2.6, minPhero 0.72(28922), stagnancy 0.0%
[35m[MSG][0m itr     3, best 5757.3218, time    4.1, minPhero 0.61(28922), stagnancy 0.3%
[35m[MSG][0m itr     4, best 5733.1836, time    5.5, minPhero 0.52(28922), stagnancy 0.0%
[35m[MSG][0m itr     5, best 5730.3428, time    7.0, minPhero 0.44(28922), stagnancy 0.0%
[35m[MSG][0m itr     6, best 5730.3428, time    8.4, minPhero 0.38(28922), stagnancy 0.3%
[35m[MSG][0m itr     7, best 5730.3428, time    9.9, minPhero 0.32(28922), stagnancy 0.7%
[35m[MSG][0m itr     8, best 5716.2075, time   11.4, minPhero 0.27(28922), stagnancy 0.0%
[35m[MSG][0m itr     9, best 5716.2075, time   12.9, minPhero 0.23(28922), stagnancy 0.3%
[35m[MSG][0m itr    10, best 5716.2075, time   14.3, minPhero 0.20(28922), stagnancy 0.7%
[35m[MSG][0m itr    11, best 5681.4541, time   15.8, minPhero 0.17(28922), stagnancy 0.0%
[35m[MSG][0m itr    12, best 5681.4541, time   17.3, minPhero 0.14(28922), stagnancy 0.3%
[35m[MSG][0m itr    13, best 5681.4541, time   18.7, minPhero 0.12(28922), stagnancy 0.7%
[35m[MSG][0m itr    14, best 5681.4541, time   20.2, minPhero 0.10(28922), stagnancy 1.0%
[35m[MSG][0m itr    15, best 5681.4541, time   21.7, minPhero 0.09(28922), stagnancy 1.3%
[35m[MSG][0m itr    16, best 5680.5728, time   23.1, minPhero 0.07(28922), stagnancy 0.0%
[35m[MSG][0m itr    17, best 5647.2500, time   24.6, minPhero 0.06(28922), stagnancy 0.0%
[35m[MSG][0m itr    18, best 5647.2500, time   26.0, minPhero 0.05(28922), stagnancy 0.3%
[35m[MSG][0m itr    19, best 5647.2500, time   27.5, minPhero 0.05(28922), stagnancy 0.7%
[35m[MSG][0m itr    20, best 5647.2500, time   29.0, minPhero 0.04(28922), stagnancy 1.0%
[35m[MSG][0m itr    21, best 5638.5527, time   30.5, minPhero 0.03(28922), stagnancy 0.0%
[35m[MSG][0m itr    22, best 5629.4380, time   31.9, minPhero 0.03(28922), stagnancy 0.0%
[35m[MSG][0m itr    23, best 5629.4380, time   33.4, minPhero 0.02(589), stagnancy 0.3%
[35m[MSG][0m itr    24, best 5629.4380, time   34.9, minPhero 0.02(552), stagnancy 0.7%
[35m[MSG][0m itr    25, best 5616.4116, time   36.4, minPhero 0.02(476), stagnancy 0.0%
[35m[MSG][0m itr    26, best 5616.4116, time   37.9, minPhero 0.01(465), stagnancy 0.3%
[35m[MSG][0m itr    27, best 5616.4116, time   39.3, minPhero 0.01(463), stagnancy 0.7%
[35m[MSG][0m itr    28, best 5616.4116, time   40.8, minPhero 0.01(425), stagnancy 1.0%
[35m[MSG][0m itr    29, best 5616.4116, time   42.3, minPhero 0.01(413), stagnancy 1.3%
[35m[MSG][0m itr    30, best 5616.4116, time   43.6, minPhero 0.01(359), stagnancy 1.7%
[35m[MSG][0m itr    31, best 5614.9951, time   45.0, minPhero 0.01(350), stagnancy 0.0%
[35m[MSG][0m itr    32, best 5612.2998, time   46.5, minPhero 0.01(346), stagnancy 0.0%
[35m[MSG][0m itr    33, best 5604.3662, time   47.9, minPhero 0.01(338), stagnancy 0.0%
[35m[MSG][0m itr    34, best 5603.3633, time   49.4, minPhero 0.01(335), stagnancy 0.0%
[35m[MSG][0m itr    35, best 5603.0801, time   50.8, minPhero 0.01(318), stagnancy 0.0%
[35m[MSG][0m itr    36, best 5603.0801, time   52.3, minPhero 0.01(312), stagnancy 0.3%
[35m[MSG][0m itr    37, best 5601.6294, time   53.8, minPhero 0.01(317), stagnancy 0.0%
[35m[MSG][0m itr    38, best 5596.7783, time   55.2, minPhero 0.01(318), stagnancy 0.0%
[35m[MSG][0m itr    39, best 5595.1689, time   56.6, minPhero 0.01(314), stagnancy 0.0%
[35m[MSG][0m itr    40, best 5591.8906, time   58.1, minPhero 0.01(314), stagnancy 0.0%
[35m[MSG][0m itr    41, best 5591.8906, time   59.5, minPhero 0.01(302), stagnancy 0.3%
[35m[MSG][0m itr    42, best 5589.9751, time   61.0, minPhero 0.01(297), stagnancy 0.0%
[35m[MSG][0m itr    43, best 5589.0430, time   62.4, minPhero 0.01(293), stagnancy 0.0%
[35m[MSG][0m itr    44, best 5587.7578, time   63.9, minPhero 0.01(290), stagnancy 0.0%
[35m[MSG][0m itr    45, best 5587.7578, time   65.3, minPhero 0.01(288), stagnancy 0.3%
[35m[MSG][0m itr    46, best 5587.7578, time   66.8, minPhero 0.01(287), stagnancy 0.7%
[35m[MSG][0m itr    47, best 5587.4912, time   68.2, minPhero 0.01(286), stagnancy 0.0%
[35m[MSG][0m itr    48, best 5587.1611, time   69.7, minPhero 0.01(287), stagnancy 0.0%
[35m[MSG][0m itr    49, best 5586.9888, time   71.1, minPhero 0.01(284), stagnancy 0.0%
[35m[MSG][0m itr    50, best 5585.9116, time   72.6, minPhero 0.01(276), stagnancy 0.0%
[35m[MSG][0m itr    51, best 5585.7046, time   73.8, minPhero 0.01(274), stagnancy 0.0%
[35m[MSG][0m Solution converged. Reinitialising pheromones...
[35m[MSG][0m itr    52, best 5585.7046, time   75.3, minPhero 0.85(28922), stagnancy 0.3%
[35m[MSG][0m itr    53, best 5585.7046, time   76.7, minPhero 0.72(28922), stagnancy 0.7%
[35m[MSG][0m itr    54, best 5585.7046, time   78.2, minPhero 0.61(28922), stagnancy 1.0%
[35m[MSG][0m itr    55, best 5585.7046, time   79.6, minPhero 0.52(28922), stagnancy 1.3%
[35m[MSG][0m itr    56, best 5585.7046, time   81.0, minPhero 0.44(28922), stagnancy 1.7%
[35m[MSG][0m itr    57, best 5585.7046, time   82.5, minPhero 0.38(28922), stagnancy 2.0%
[35m[MSG][0m itr    58, best 5585.7046, time   83.9, minPhero 0.32(28922), stagnancy 2.3%
[35m[MSG][0m itr    59, best 5585.7046, time   85.4, minPhero 0.27(28922), stagnancy 2.7%
[35m[MSG][0m itr    60, best 5585.7046, time   86.9, minPhero 0.23(28922), stagnancy 3.0%
[35m[MSG][0m itr    61, best 5585.7046, time   88.3, minPhero 0.20(28922), stagnancy 3.3%
[35m[MSG][0m itr    62, best 5585.7046, time   89.8, minPhero 0.17(28922), stagnancy 3.7%
[35m[MSG][0m itr    63, best 5585.7046, time   91.3, minPhero 0.14(28922), stagnancy 4.0%
[35m[MSG][0m itr    64, best 5585.7046, time   92.7, minPhero 0.12(28922), stagnancy 4.3%
[35m[MSG][0m itr    65, best 5585.7046, time   94.2, minPhero 0.10(28922), stagnancy 4.7%
[35m[MSG][0m itr    66, best 5585.7046, time   95.7, minPhero 0.09(28922), stagnancy 5.0%
[35m[MSG][0m itr    67, best 5585.7046, time   97.1, minPhero 0.07(28922), stagnancy 5.3%
[35m[MSG][0m itr    68, best 5585.7046, time   98.6, minPhero 0.06(28922), stagnancy 5.7%
[35m[MSG][0m itr    69, best 5585.7046, time  100.0, minPhero 0.05(28922), stagnancy 6.0%
[35m[MSG][0m itr    70, best 5585.7046, time  101.5, minPhero 0.05(28922), stagnancy 6.3%
[35m[MSG][0m itr    71, best 5585.7046, time  102.9, minPhero 0.04(28922), stagnancy 6.7%
[35m[MSG][0m itr    72, best 5585.6758, time  104.4, minPhero 0.03(28922), stagnancy 0.0%
[35m[MSG][0m itr    73, best 5585.6758, time  105.9, minPhero 0.03(28922), stagnancy 0.3%
[35m[MSG][0m itr    74, best 5585.6753, time  107.3, minPhero 0.02(235), stagnancy 0.0%
[35m[MSG][0m itr    75, best 5585.6475, time  108.8, minPhero 0.02(236), stagnancy 0.0%
[35m[MSG][0m itr    76, best 5585.6475, time  110.3, minPhero 0.02(236), stagnancy 0.3%
[35m[MSG][0m itr    77, best 5585.6475, time  111.7, minPhero 0.01(236), stagnancy 0.7%
[35m[MSG][0m itr    78, best 5585.4092, time  113.1, minPhero 0.01(238), stagnancy 0.0%
[35m[MSG][0m itr    79, best 5585.4087, time  114.4, minPhero 0.01(238), stagnancy 0.0%
[35m[MSG][0m itr    80, best 5585.0479, time  115.8, minPhero 0.01(240), stagnancy 0.0%
[35m[MSG][0m itr    81, best 5584.7812, time  117.2, minPhero 0.01(240), stagnancy 0.0%
[35m[MSG][0m itr    82, best 5584.7812, time  118.7, minPhero 0.01(240), stagnancy 0.3%
[35m[MSG][0m itr    83, best 5584.7812, time  120.1, minPhero 0.01(240), stagnancy 0.7%
[35m[MSG][0m itr    84, best 5584.7808, time  121.5, minPhero 0.01(240), stagnancy 0.0%
[35m[MSG][0m itr    85, best 5584.7808, time  123.0, minPhero 0.01(240), stagnancy 0.3%
[35m[MSG][0m itr    86, best 5584.7808, time  124.4, minPhero 0.01(240), stagnancy 0.7%
[35m[MSG][0m itr    87, best 5584.7808, time  125.8, minPhero 0.01(240), stagnancy 1.0%
[35m[MSG][0m itr    88, best 5584.7808, time  127.3, minPhero 0.01(240), stagnancy 1.3%
[35m[MSG][0m itr    89, best 5584.7808, time  128.7, minPhero 0.01(240), stagnancy 1.7%
[35m[MSG][0m itr    90, best 5584.7808, time  130.1, minPhero 0.01(240), stagnancy 2.0%
[35m[MSG][0m itr    91, best 5584.7808, time  131.6, minPhero 0.01(240), stagnancy 2.3%
[35m[MSG][0m itr    92, best 5584.7808, time  133.0, minPhero 0.01(240), stagnancy 2.7%
[35m[MSG][0m itr    93, best 5584.7808, time  134.4, minPhero 0.01(240), stagnancy 3.0%
[35m[MSG][0m itr    94, best 5584.7808, time  135.9, minPhero 0.01(238), stagnancy 3.3%
[35m[MSG][0m itr    95, best 5584.7808, time  137.3, minPhero 0.01(238), stagnancy 3.7%
[35m[MSG][0m itr    96, best 5584.7808, time  138.7, minPhero 0.01(238), stagnancy 4.0%
[35m[MSG][0m itr    97, best 5584.7808, time  140.2, minPhero 0.01(236), stagnancy 4.3%
[35m[MSG][0m itr    98, best 5584.7808, time  141.4, minPhero 0.01(236), stagnancy 4.7%
[35m[MSG][0m itr    99, best 5584.7808, time  142.8, minPhero 0.01(236), stagnancy 5.0%
[35m[MSG][0m itr   100, best 5584.7808, time  144.2, minPhero 0.01(236), stagnancy 5.3%
[35m[MSG][0m itr   101, best 5584.7808, time  145.7, minPhero 0.01(236), stagnancy 5.7%
[35m[MSG][0m itr   102, best 5584.7808, time  147.1, minPhero 0.01(232), stagnancy 6.0%
[35m[MSG][0m itr   103, best 5584.7808, time  148.5, minPhero 0.01(232), stagnancy 6.3%
[35m[MSG][0m itr   104, best 5584.7808, time  150.0, minPhero 0.01(232), stagnancy 6.7%
[35m[MSG][0m itr   105, best 5584.7808, time  151.4, minPhero 0.01(232), stagnancy 7.0%
[35m[MSG][0m itr   106, best 5584.7808, time  152.8, minPhero 0.01(232), stagnancy 7.3%
[35m[MSG][0m itr   107, best 5584.7808, time  154.2, minPhero 0.01(232), stagnancy 7.7%
[35m[MSG][0m itr   108, best 5584.7808, time  155.6, minPhero 0.01(232), stagnancy 8.0%
[35m[MSG][0m itr   109, best 5584.7808, time  157.1, minPhero 0.01(232), stagnancy 8.3%
[35m[MSG][0m itr   110, best 5584.7808, time  158.5, minPhero 0.01(232), stagnancy 8.7%
[35m[MSG][0m itr   111, best 5582.6978, time  159.9, minPhero 0.01(241), stagnancy 0.0%
[35m[MSG][0m itr   112, best 5582.6733, time  161.3, minPhero 0.01(244), stagnancy 0.0%
[35m[MSG][0m itr   113, best 5581.7134, time  162.8, minPhero 0.01(245), stagnancy 0.0%
[35m[MSG][0m itr   114, best 5581.4487, time  164.2, minPhero 0.01(245), stagnancy 0.0%
[35m[MSG][0m itr   115, best 5581.4487, time  165.7, minPhero 0.01(245), stagnancy 0.3%
[35m[MSG][0m itr   116, best 5581.4487, time  167.1, minPhero 0.01(245), stagnancy 0.7%
[35m[MSG][0m itr   117, best 5581.4487, time  168.6, minPhero 0.01(245), stagnancy 1.0%
[35m[MSG][0m itr   118, best 5581.4487, time  170.0, minPhero 0.01(245), stagnancy 1.3%
[35m[MSG][0m itr   119, best 5581.4487, time  171.3, minPhero 0.01(245), stagnancy 1.7%
[35m[MSG][0m itr   120, best 5581.4482, time  172.6, minPhero 0.01(245), stagnancy 0.0%
[35m[MSG][0m itr   121, best 5581.4482, time  174.0, minPhero 0.01(245), stagnancy 0.3%
[35m[MSG][0m itr   122, best 5581.4482, time  175.4, minPhero 0.01(245), stagnancy 0.7%
[35m[MSG][0m itr   123, best 5581.4482, time  176.9, minPhero 0.01(244), stagnancy 1.0%
[35m[MSG][0m itr   124, best 5581.4482, time  178.3, minPhero 0.01(241), stagnancy 1.3%
[35m[MSG][0m itr   125, best 5581.4482, time  179.7, minPhero 0.01(240), stagnancy 1.7%
[35m[MSG][0m itr   126, best 5581.4482, time  181.0, minPhero 0.01(240), stagnancy 2.0%
[35m[MSG][0m itr   127, best 5581.4482, time  182.4, minPhero 0.01(240), stagnancy 2.3%
[35m[MSG][0m itr   128, best 5581.4482, time  183.7, minPhero 0.01(240), stagnancy 2.7%
[35m[MSG][0m itr   129, best 5581.4482, time  185.1, minPhero 0.01(240), stagnancy 3.0%
[35m[MSG][0m itr   130, best 5581.4482, time  186.5, minPhero 0.01(240), stagnancy 3.3%
[35m[MSG][0m itr   131, best 5581.4482, time  188.0, minPhero 0.01(240), stagnancy 3.7%
[35m[MSG][0m itr   132, best 5581.4482, time  189.4, minPhero 0.01(240), stagnancy 4.0%
[35m[MSG][0m itr   133, best 5581.4482, time  190.8, minPhero 0.01(232), stagnancy 4.3%
[35m[MSG][0m itr   134, best 5581.4482, time  192.3, minPhero 0.01(232), stagnancy 4.7%
[35m[MSG][0m itr   135, best 5581.4482, time  193.6, minPhero 0.01(232), stagnancy 5.0%
[35m[MSG][0m itr   136, best 5581.4482, time  195.1, minPhero 0.01(232), stagnancy 5.3%
[35m[MSG][0m itr   137, best 5581.4482, time  196.5, minPhero 0.01(232), stagnancy 5.7%
[35m[MSG][0m itr   138, best 5581.4482, time  197.9, minPhero 0.01(232), stagnancy 6.0%
[35m[MSG][0m itr   139, best 5581.4482, time  199.4, minPhero 0.01(232), stagnancy 6.3%
[35m[MSG][0m itr   140, best 5581.4482, time  200.8, minPhero 0.01(232), stagnancy 6.7%
[35m[MSG][0m itr   141, best 5581.4482, time  202.2, minPhero 0.01(232), stagnancy 7.0%
[35m[MSG][0m itr   142, best 5581.4482, time  203.6, minPhero 0.01(232), stagnancy 7.3%
[35m[MSG][0m itr   143, best 5581.4482, time  205.0, minPhero 0.01(232), stagnancy 7.7%
[35m[MSG][0m itr   144, best 5581.4482, time  206.5, minPhero 0.01(232), stagnancy 8.0%
[35m[MSG][0m itr   145, best 5581.4482, time  207.9, minPhero 0.01(232), stagnancy 8.3%
[35m[MSG][0m itr   146, best 5581.4482, time  209.4, minPhero 0.01(232), stagnancy 8.7%
[35m[MSG][0m itr   147, best 5581.1299, time  210.8, minPhero 0.01(240), stagnancy 0.0%
[35m[MSG][0m itr   148, best 5581.1299, time  212.2, minPhero 0.01(240), stagnancy 0.3%
[35m[MSG][0m itr   149, best 5581.1299, time  213.6, minPhero 0.01(240), stagnancy 0.7%
[35m[MSG][0m itr   150, best 5581.1299, time  215.1, minPhero 0.01(240), stagnancy 1.0%
[35m[MSG][0m itr   151, best 5581.1299, time  216.5, minPhero 0.01(240), stagnancy 1.3%
[35m[MSG][0m itr   152, best 5581.1299, time  218.0, minPhero 0.01(240), stagnancy 1.7%
[35m[MSG][0m itr   153, best 5581.1299, time  219.4, minPhero 0.01(240), stagnancy 2.0%
[35m[MSG][0m itr   154, best 5579.4561, time  220.9, minPhero 0.01(247), stagnancy 0.0%
[35m[MSG][0m itr   155, best 5579.4561, time  222.4, minPhero 0.01(247), stagnancy 0.3%
[35m[MSG][0m itr   156, best 5578.6064, time  223.7, minPhero 0.01(247), stagnancy 0.0%
[35m[MSG][0m itr   157, best 5578.6064, time  225.2, minPhero 0.01(247), stagnancy 0.3%
[35m[MSG][0m itr   158, best 5578.6064, time  226.5, minPhero 0.01(247), stagnancy 0.7%
[35m[MSG][0m itr   159, best 5577.0454, time  228.0, minPhero 0.01(247), stagnancy 0.0%
[35m[MSG][0m itr   160, best 5577.0454, time  229.4, minPhero 0.01(247), stagnancy 0.3%
[35m[MSG][0m itr   161, best 5577.0454, time  230.9, minPhero 0.01(247), stagnancy 0.7%
[35m[MSG][0m itr   162, best 5577.0449, time  232.3, minPhero 0.01(247), stagnancy 0.0%
[35m[MSG][0m itr   163, best 5577.0449, time  233.8, minPhero 0.01(247), stagnancy 0.3%
[35m[MSG][0m itr   164, best 5577.0449, time  235.3, minPhero 0.01(247), stagnancy 0.7%
[35m[MSG][0m itr   165, best 5577.0449, time  236.7, minPhero 0.01(247), stagnancy 1.0%
[35m[MSG][0m itr   166, best 5577.0449, time  238.1, minPhero 0.01(247), stagnancy 1.3%
[35m[MSG][0m itr   167, best 5577.0449, time  239.6, minPhero 0.01(247), stagnancy 1.7%
[35m[MSG][0m itr   168, best 5577.0449, time  241.0, minPhero 0.01(247), stagnancy 2.0%
[35m[MSG][0m itr   169, best 5577.0449, time  242.5, minPhero 0.01(240), stagnancy 2.3%
[35m[MSG][0m itr   170, best 5577.0449, time  243.9, minPhero 0.01(240), stagnancy 2.7%
[35m[MSG][0m itr   171, best 5577.0449, time  245.3, minPhero 0.01(238), stagnancy 3.0%
[35m[MSG][0m itr   172, best 5577.0449, time  246.8, minPhero 0.01(238), stagnancy 3.3%
[35m[MSG][0m itr   173, best 5577.0449, time  248.2, minPhero 0.01(238), stagnancy 3.7%
[35m[MSG][0m itr   174, best 5577.0449, time  249.6, minPhero 0.01(236), stagnancy 4.0%
[35m[MSG][0m itr   175, best 5577.0449, time  251.1, minPhero 0.01(236), stagnancy 4.3%
[35m[MSG][0m itr   176, best 5577.0449, time  252.5, minPhero 0.01(233), stagnancy 4.7%
[35m[MSG][0m itr   177, best 5577.0449, time  254.0, minPhero 0.01(233), stagnancy 5.0%
[35m[MSG][0m itr   178, best 5577.0449, time  255.4, minPhero 0.01(233), stagnancy 5.3%
[35m[MSG][0m itr   179, best 5577.0449, time  256.8, minPhero 0.01(233), stagnancy 5.7%
[35m[MSG][0m itr   180, best 5577.0449, time  258.3, minPhero 0.01(232), stagnancy 6.0%
[35m[MSG][0m itr   181, best 5577.0449, time  259.7, minPhero 0.01(232), stagnancy 6.3%
[35m[MSG][0m itr   182, best 5577.0449, time  261.1, minPhero 0.01(232), stagnancy 6.7%
[35m[MSG][0m itr   183, best 5577.0449, time  262.6, minPhero 0.01(232), stagnancy 7.0%
[35m[MSG][0m itr   184, best 5577.0449, time  264.0, minPhero 0.01(232), stagnancy 7.3%
[35m[MSG][0m itr   185, best 5577.0449, time  265.4, minPhero 0.01(232), stagnancy 7.7%
[35m[MSG][0m itr   186, best 5577.0449, time  266.9, minPhero 0.01(232), stagnancy 8.0%
[35m[MSG][0m itr   187, best 5577.0449, time  268.3, minPhero 0.01(232), stagnancy 8.3%
[35m[MSG][0m itr   188, best 5577.0449, time  269.7, minPhero 0.01(232), stagnancy 8.7%
[35m[MSG][0m itr   189, best 5577.0449, time  271.2, minPhero 0.01(232), stagnancy 9.0%
[35m[MSG][0m itr   190, best 5577.0449, time  272.7, minPhero 0.01(232), stagnancy 9.3%
[35m[MSG][0m itr   191, best 5577.0449, time  274.1, minPhero 0.01(232), stagnancy 9.7%
[35m[MSG][0m itr   192, best 5577.0449, time  275.6, minPhero 0.01(232), stagnancy 10.0%
[35m[MSG][0m itr   193, best 5577.0449, time  277.0, minPhero 0.01(232), stagnancy 10.3%
[35m[MSG][0m itr   194, best 5577.0449, time  278.4, minPhero 0.01(232), stagnancy 10.7%
[35m[MSG][0m itr   195, best 5577.0449, time  279.8, minPhero 0.01(232), stagnancy 11.0%
[35m[MSG][0m itr   196, best 5577.0449, time  281.3, minPhero 0.01(232), stagnancy 11.3%
[35m[MSG][0m itr   197, best 5576.4668, time  282.7, minPhero 0.01(235), stagnancy 0.0%
[35m[MSG][0m itr   198, best 5576.4668, time  284.2, minPhero 0.01(235), stagnancy 0.3%
[35m[MSG][0m itr   199, best 5576.4668, time  285.6, minPhero 0.01(235), stagnancy 0.7%
[35m[MSG][0m itr   200, best 5576.4668, time  287.0, minPhero 0.01(235), stagnancy 1.0%
[35m[MSG][0m itr   201, best 5576.4668, time  288.5, minPhero 0.01(235), stagnancy 1.3%
[35m[MSG][0m itr   202, best 5576.4668, time  289.9, minPhero 0.01(235), stagnancy 1.7%
[35m[MSG][0m itr   203, best 5576.4668, time  291.4, minPhero 0.01(235), stagnancy 2.0%
[35m[MSG][0m itr   204, best 5576.4668, time  292.8, minPhero 0.01(235), stagnancy 2.3%
[35m[MSG][0m itr   205, best 5576.4668, time  294.2, minPhero 0.01(235), stagnancy 2.7%
[35m[MSG][0m itr   206, best 5576.4668, time  295.7, minPhero 0.01(235), stagnancy 3.0%
[35m[MSG][0m itr   207, best 5576.4668, time  297.1, minPhero 0.01(235), stagnancy 3.3%
[35m[MSG][0m itr   208, best 5576.4668, time  298.6, minPhero 0.01(235), stagnancy 3.7%
[35m[MSG][0m itr   209, best 5576.4668, time  300.0, minPhero 0.01(235), stagnancy 4.0%
[35m[MSG][0m itr   210, best 5576.4668, time  301.4, minPhero 0.01(235), stagnancy 4.3%
[35m[MSG][0m itr   211, best 5576.4668, time  302.9, minPhero 0.01(235), stagnancy 4.7%
[35m[MSG][0m itr   212, best 5576.4668, time  304.3, minPhero 0.01(235), stagnancy 5.0%
[35m[MSG][0m itr   213, best 5576.4668, time  305.7, minPhero 0.01(235), stagnancy 5.3%
[35m[MSG][0m itr   214, best 5576.4668, time  307.2, minPhero 0.01(235), stagnancy 5.7%
[35m[MSG][0m itr   215, best 5576.4668, time  308.6, minPhero 0.01(235), stagnancy 6.0%
[35m[MSG][0m itr   216, best 5576.4668, time  310.0, minPhero 0.01(235), stagnancy 6.3%
[35m[MSG][0m itr   217, best 5576.4668, time  311.4, minPhero 0.01(235), stagnancy 6.7%
[35m[MSG][0m itr   218, best 5576.4668, time  312.9, minPhero 0.01(235), stagnancy 7.0%
[35m[MSG][0m itr   219, best 5576.4668, time  314.3, minPhero 0.01(232), stagnancy 7.3%
[35m[MSG][0m itr   220, best 5576.4668, time  315.8, minPhero 0.01(232), stagnancy 7.7%
[35m[MSG][0m itr   221, best 5576.4668, time  317.2, minPhero 0.01(232), stagnancy 8.0%
[35m[MSG][0m itr   222, best 5576.4668, time  318.6, minPhero 0.01(232), stagnancy 8.3%
[35m[MSG][0m itr   223, best 5576.4668, time  320.0, minPhero 0.01(232), stagnancy 8.7%
[35m[MSG][0m itr   224, best 5576.4668, time  321.5, minPhero 0.01(232), stagnancy 9.0%
[35m[MSG][0m itr   225, best 5576.4668, time  322.9, minPhero 0.01(232), stagnancy 9.3%
[35m[MSG][0m itr   226, best 5576.4668, time  324.4, minPhero 0.01(232), stagnancy 9.7%
[35m[MSG][0m itr   227, best 5576.4668, time  325.8, minPhero 0.01(232), stagnancy 10.0%
[35m[MSG][0m itr   228, best 5576.4668, time  327.3, minPhero 0.01(232), stagnancy 10.3%
[35m[MSG][0m itr   229, best 5576.4668, time  328.7, minPhero 0.01(232), stagnancy 10.7%
[35m[MSG][0m itr   230, best 5576.4668, time  330.1, minPhero 0.01(232), stagnancy 11.0%
[35m[MSG][0m itr   231, best 5576.4668, time  331.6, minPhero 0.01(232), stagnancy 11.3%
[35m[MSG][0m itr   232, best 5576.4668, time  333.0, minPhero 0.01(232), stagnancy 11.7%
[35m[MSG][0m itr   233, best 5576.4668, time  334.4, minPhero 0.01(232), stagnancy 12.0%
[35m[MSG][0m itr   234, best 5576.4668, time  335.9, minPhero 0.01(232), stagnancy 12.3%
[35m[MSG][0m itr   235, best 5576.4668, time  337.3, minPhero 0.01(232), stagnancy 12.7%
[35m[MSG][0m itr   236, best 5576.4668, time  338.7, minPhero 0.01(232), stagnancy 13.0%
[35m[MSG][0m itr   237, best 5576.4668, time  340.2, minPhero 0.01(232), stagnancy 13.3%
[35m[MSG][0m itr   238, best 5576.4668, time  341.6, minPhero 0.01(232), stagnancy 13.7%
[35m[MSG][0m itr   239, best 5576.4668, time  343.0, minPhero 0.01(232), stagnancy 14.0%
[35m[MSG][0m itr   240, best 5576.4668, time  344.5, minPhero 0.01(232), stagnancy 14.3%
[35m[MSG][0m itr   241, best 5576.4668, time  345.9, minPhero 0.01(232), stagnancy 14.7%
[35m[MSG][0m itr   242, best 5576.4668, time  347.3, minPhero 0.01(232), stagnancy 15.0%
[35m[MSG][0m itr   243, best 5576.4668, time  348.8, minPhero 0.01(232), stagnancy 15.3%
[35m[MSG][0m itr   244, best 5576.4668, time  350.2, minPhero 0.01(232), stagnancy 15.7%
[35m[MSG][0m itr   245, best 5576.4668, time  351.7, minPhero 0.01(232), stagnancy 16.0%
[35m[MSG][0m itr   246, best 5576.4668, time  353.1, minPhero 0.01(232), stagnancy 16.3%
[35m[MSG][0m itr   247, best 5576.4668, time  354.6, minPhero 0.01(232), stagnancy 16.7%
[35m[MSG][0m itr   248, best 5576.4668, time  356.0, minPhero 0.01(232), stagnancy 17.0%
[35m[MSG][0m itr   249, best 5576.4668, time  357.5, minPhero 0.01(232), stagnancy 17.3%
[35m[MSG][0m itr   250, best 5576.4668, time  358.9, minPhero 0.01(232), stagnancy 17.7%
[35m[MSG][0m itr   251, best 5576.4668, time  360.3, minPhero 0.01(232), stagnancy 18.0%
[35m[MSG][0m itr   252, best 5576.4551, time  361.8, minPhero 0.01(238), stagnancy 0.0%
[35m[MSG][0m itr   253, best 5576.4551, time  363.2, minPhero 0.01(238), stagnancy 0.3%
[35m[MSG][0m itr   254, best 5576.4551, time  364.6, minPhero 0.01(238), stagnancy 0.7%
[35m[MSG][0m itr   255, best 5576.4551, time  366.1, minPhero 0.01(238), stagnancy 1.0%
[35m[MSG][0m itr   256, best 5576.4551, time  367.5, minPhero 0.01(238), stagnancy 1.3%
[35m[MSG][0m itr   257, best 5576.4551, time  369.0, minPhero 0.01(238), stagnancy 1.7%
[35m[MSG][0m itr   258, best 5576.4551, time  370.4, minPhero 0.01(238), stagnancy 2.0%
[35m[MSG][0m itr   259, best 5576.4551, time  371.8, minPhero 0.01(238), stagnancy 2.3%
[35m[MSG][0m itr   260, best 5576.4551, time  373.3, minPhero 0.01(238), stagnancy 2.7%
[35m[MSG][0m itr   261, best 5576.4546, time  374.7, minPhero 0.01(238), stagnancy 0.0%
[35m[MSG][0m itr   262, best 5576.4546, time  376.1, minPhero 0.01(238), stagnancy 0.3%
[35m[MSG][0m itr   263, best 5576.4546, time  377.6, minPhero 0.01(238), stagnancy 0.7%
[35m[MSG][0m itr   264, best 5576.4546, time  379.0, minPhero 0.01(238), stagnancy 1.0%
[35m[MSG][0m itr   265, best 5576.4546, time  380.4, minPhero 0.01(238), stagnancy 1.3%
[35m[MSG][0m itr   266, best 5576.4546, time  381.9, minPhero 0.01(238), stagnancy 1.7%
[35m[MSG][0m itr   267, best 5576.4546, time  383.3, minPhero 0.01(238), stagnancy 2.0%
[35m[MSG][0m itr   268, best 5576.4546, time  384.8, minPhero 0.01(238), stagnancy 2.3%
[35m[MSG][0m itr   269, best 5576.4546, time  386.2, minPhero 0.01(238), stagnancy 2.7%
[35m[MSG][0m itr   270, best 5576.4546, time  387.6, minPhero 0.01(238), stagnancy 3.0%
[35m[MSG][0m itr   271, best 5576.4546, time  389.1, minPhero 0.01(238), stagnancy 3.3%
[35m[MSG][0m itr   272, best 5576.4546, time  390.5, minPhero 0.01(238), stagnancy 3.7%
[35m[MSG][0m itr   273, best 5576.4546, time  391.8, minPhero 0.01(238), stagnancy 4.0%
[35m[MSG][0m itr   274, best 5576.4546, time  393.3, minPhero 0.01(232), stagnancy 4.3%
[35m[MSG][0m itr   275, best 5576.4546, time  394.7, minPhero 0.01(232), stagnancy 4.7%
[35m[MSG][0m itr   276, best 5576.4546, time  396.1, minPhero 0.01(232), stagnancy 5.0%
[35m[MSG][0m itr   277, best 5576.4546, time  397.6, minPhero 0.01(232), stagnancy 5.3%
[35m[MSG][0m itr   278, best 5576.4546, time  399.0, minPhero 0.01(232), stagnancy 5.7%
[35m[MSG][0m itr   279, best 5576.4546, time  400.5, minPhero 0.01(232), stagnancy 6.0%
[35m[MSG][0m itr   280, best 5576.4546, time  402.0, minPhero 0.01(232), stagnancy 6.3%
[35m[MSG][0m itr   281, best 5576.4546, time  403.4, minPhero 0.01(232), stagnancy 6.7%
[35m[MSG][0m itr   282, best 5576.4546, time  404.9, minPhero 0.01(232), stagnancy 7.0%
[35m[MSG][0m itr   283, best 5576.4546, time  406.3, minPhero 0.01(232), stagnancy 7.3%
[35m[MSG][0m itr   284, best 5576.4546, time  407.6, minPhero 0.01(232), stagnancy 7.7%
[35m[MSG][0m itr   285, best 5576.4546, time  409.1, minPhero 0.01(232), stagnancy 8.0%
[35m[MSG][0m itr   286, best 5576.4546, time  410.5, minPhero 0.01(232), stagnancy 8.3%
[35m[MSG][0m itr   287, best 5576.4546, time  412.0, minPhero 0.01(232), stagnancy 8.7%
[35m[MSG][0m itr   288, best 5576.4546, time  413.4, minPhero 0.01(232), stagnancy 9.0%
[35m[MSG][0m itr   289, best 5576.4546, time  414.8, minPhero 0.01(232), stagnancy 9.3%
[35m[MSG][0m itr   290, best 5576.4546, time  416.3, minPhero 0.01(232), stagnancy 9.7%
[35m[MSG][0m itr   291, best 5576.4546, time  417.8, minPhero 0.01(232), stagnancy 10.0%
[35m[MSG][0m itr   292, best 5576.4546, time  419.2, minPhero 0.01(232), stagnancy 10.3%
[35m[MSG][0m itr   293, best 5576.4546, time  420.7, minPhero 0.01(232), stagnancy 10.7%
[35m[MSG][0m itr   294, best 5576.4546, time  422.1, minPhero 0.01(232), stagnancy 11.0%
[35m[MSG][0m itr   295, best 5576.4546, time  423.5, minPhero 0.01(232), stagnancy 11.3%
[35m[MSG][0m itr   296, best 5576.4546, time  425.0, minPhero 0.01(232), stagnancy 11.7%
[35m[MSG][0m itr   297, best 5576.4546, time  426.4, minPhero 0.01(232), stagnancy 12.0%
[35m[MSG][0m itr   298, best 5576.4546, time  427.9, minPhero 0.01(232), stagnancy 12.3%
[35m[MSG][0m itr   299, best 5576.4546, time  429.3, minPhero 0.01(232), stagnancy 12.7%
[35m[MSG][0m itr   300, best 5575.5498, time  430.8, minPhero 0.01(237), stagnancy 0.0%
[35m[MSG][0m itr   301, best 5575.5498, time  432.1, minPhero 0.01(237), stagnancy 0.3%
[35m[MSG][0m itr   302, best 5575.5498, time  433.6, minPhero 0.01(237), stagnancy 0.7%
[35m[MSG][0m itr   303, best 5575.5493, time  435.0, minPhero 0.01(237), stagnancy 0.0%
[35m[MSG][0m itr   304, best 5575.5493, time  436.4, minPhero 0.01(237), stagnancy 0.3%
[35m[MSG][0m itr   305, best 5575.5493, time  437.9, minPhero 0.01(237), stagnancy 0.7%
[35m[MSG][0m itr   306, best 5575.5493, time  439.4, minPhero 0.01(237), stagnancy 1.0%
[35m[MSG][0m itr   307, best 5575.5493, time  440.8, minPhero 0.01(237), stagnancy 1.3%
[35m[MSG][0m itr   308, best 5575.5493, time  442.3, minPhero 0.01(237), stagnancy 1.7%
[35m[MSG][0m itr   309, best 5575.5493, time  443.7, minPhero 0.01(237), stagnancy 2.0%
[35m[MSG][0m itr   310, best 5575.5493, time  445.2, minPhero 0.01(237), stagnancy 2.3%
[35m[MSG][0m itr   311, best 5575.5493, time  446.6, minPhero 0.01(237), stagnancy 2.7%
[35m[MSG][0m itr   312, best 5575.5493, time  448.1, minPhero 0.01(237), stagnancy 3.0%
[35m[MSG][0m itr   313, best 5575.5493, time  449.5, minPhero 0.01(237), stagnancy 3.3%
[35m[MSG][0m itr   314, best 5575.5493, time  451.0, minPhero 0.01(237), stagnancy 3.7%
[35m[MSG][0m itr   315, best 5575.5493, time  452.4, minPhero 0.01(237), stagnancy 4.0%
[35m[MSG][0m itr   316, best 5575.5493, time  453.8, minPhero 0.01(237), stagnancy 4.3%
[35m[MSG][0m itr   317, best 5575.5493, time  455.2, minPhero 0.01(237), stagnancy 4.7%
[35m[MSG][0m itr   318, best 5575.5493, time  456.7, minPhero 0.01(237), stagnancy 5.0%
[35m[MSG][0m itr   319, best 5575.5493, time  458.1, minPhero 0.01(237), stagnancy 5.3%
[35m[MSG][0m itr   320, best 5575.5493, time  459.6, minPhero 0.01(237), stagnancy 5.7%
[35m[MSG][0m itr   321, best 5575.5493, time  461.0, minPhero 0.01(237), stagnancy 6.0%
[35m[MSG][0m itr   322, best 5575.5493, time  462.5, minPhero 0.01(232), stagnancy 6.3%
[35m[MSG][0m itr   323, best 5575.5493, time  463.9, minPhero 0.01(232), stagnancy 6.7%
[35m[MSG][0m itr   324, best 5575.5493, time  465.4, minPhero 0.01(232), stagnancy 7.0%
[35m[MSG][0m itr   325, best 5575.5493, time  466.8, minPhero 0.01(232), stagnancy 7.3%
[35m[MSG][0m itr   326, best 5575.5493, time  468.3, minPhero 0.01(232), stagnancy 7.7%
[35m[MSG][0m itr   327, best 5575.5493, time  469.7, minPhero 0.01(232), stagnancy 8.0%
[35m[MSG][0m itr   328, best 5575.5493, time  471.2, minPhero 0.01(232), stagnancy 8.3%
[35m[MSG][0m itr   329, best 5575.5493, time  472.6, minPhero 0.01(232), stagnancy 8.7%
[35m[MSG][0m itr   330, best 5575.5493, time  474.0, minPhero 0.01(232), stagnancy 9.0%
[35m[MSG][0m itr   331, best 5575.5493, time  475.5, minPhero 0.01(232), stagnancy 9.3%
[35m[MSG][0m itr   332, best 5575.5493, time  476.9, minPhero 0.01(232), stagnancy 9.7%
[35m[MSG][0m itr   333, best 5575.5493, time  478.4, minPhero 0.01(232), stagnancy 10.0%
[35m[MSG][0m itr   334, best 5575.5493, time  479.8, minPhero 0.01(232), stagnancy 10.3%
[35m[MSG][0m itr   335, best 5575.5493, time  481.3, minPhero 0.01(232), stagnancy 10.7%
[35m[MSG][0m itr   336, best 5575.5493, time  482.7, minPhero 0.01(232), stagnancy 11.0%
[35m[MSG][0m itr   337, best 5575.5493, time  484.0, minPhero 0.01(232), stagnancy 11.3%
[35m[MSG][0m itr   338, best 5575.5493, time  485.3, minPhero 0.01(232), stagnancy 11.7%
[35m[MSG][0m itr   339, best 5575.5493, time  486.7, minPhero 0.01(232), stagnancy 12.0%
[35m[MSG][0m itr   340, best 5575.5493, time  488.2, minPhero 0.01(232), stagnancy 12.3%
[35m[MSG][0m itr   341, best 5575.5493, time  489.6, minPhero 0.01(232), stagnancy 12.7%
[35m[MSG][0m itr   342, best 5575.5493, time  491.0, minPhero 0.01(232), stagnancy 13.0%
[35m[MSG][0m itr   343, best 5575.5493, time  492.5, minPhero 0.01(232), stagnancy 13.3%
[35m[MSG][0m itr   344, best 5575.5493, time  493.9, minPhero 0.01(232), stagnancy 13.7%
[35m[MSG][0m itr   345, best 5575.5493, time  495.4, minPhero 0.01(232), stagnancy 14.0%
[35m[MSG][0m itr   346, best 5575.5493, time  496.8, minPhero 0.01(232), stagnancy 14.3%
[35m[MSG][0m itr   347, best 5575.5493, time  498.2, minPhero 0.01(232), stagnancy 14.7%
[35m[MSG][0m itr   348, best 5575.5493, time  499.7, minPhero 0.01(232), stagnancy 15.0%
[35m[MSG][0m itr   349, best 5575.5493, time  501.1, minPhero 0.01(232), stagnancy 15.3%
[35m[MSG][0m itr   350, best 5575.5493, time  502.6, minPhero 0.01(232), stagnancy 15.7%
[35m[MSG][0m itr   351, best 5575.5493, time  504.0, minPhero 0.01(232), stagnancy 16.0%
[35m[MSG][0m itr   352, best 5575.5493, time  505.5, minPhero 0.01(232), stagnancy 16.3%
[35m[MSG][0m itr   353, best 5575.5493, time  506.9, minPhero 0.01(232), stagnancy 16.7%
[35m[MSG][0m itr   354, best 5575.5493, time  508.3, minPhero 0.01(232), stagnancy 17.0%
[35m[MSG][0m itr   355, best 5575.5493, time  509.8, minPhero 0.01(232), stagnancy 17.3%
[35m[MSG][0m itr   356, best 5575.5493, time  511.2, minPhero 0.01(232), stagnancy 17.7%
[35m[MSG][0m itr   357, best 5575.5493, time  512.7, minPhero 0.01(232), stagnancy 18.0%
[35m[MSG][0m itr   358, best 5575.5493, time  514.1, minPhero 0.01(232), stagnancy 18.3%
[35m[MSG][0m itr   359, best 5575.5493, time  515.5, minPhero 0.01(232), stagnancy 18.7%
[35m[MSG][0m itr   360, best 5575.5493, time  516.9, minPhero 0.01(232), stagnancy 19.0%
[35m[MSG][0m itr   361, best 5575.5493, time  518.4, minPhero 0.01(232), stagnancy 19.3%
[35m[MSG][0m itr   362, best 5575.5493, time  519.8, minPhero 0.01(232), stagnancy 19.7%
[35m[MSG][0m itr   363, best 5575.5493, time  521.2, minPhero 0.01(232), stagnancy 20.0%
[35m[MSG][0m itr   364, best 5575.5493, time  522.7, minPhero 0.01(232), stagnancy 20.3%
[35m[MSG][0m itr   365, best 5575.5493, time  524.2, minPhero 0.01(232), stagnancy 20.7%
[35m[MSG][0m itr   366, best 5575.5493, time  525.6, minPhero 0.01(232), stagnancy 21.0%
[35m[MSG][0m itr   367, best 5575.5493, time  527.1, minPhero 0.01(232), stagnancy 21.3%
[35m[MSG][0m itr   368, best 5575.5493, time  528.5, minPhero 0.01(232), stagnancy 21.7%
[35m[MSG][0m itr   369, best 5575.5493, time  530.0, minPhero 0.01(232), stagnancy 22.0%
[35m[MSG][0m itr   370, best 5575.5493, time  531.4, minPhero 0.01(232), stagnancy 22.3%
[35m[MSG][0m itr   371, best 5575.5493, time  532.8, minPhero 0.01(232), stagnancy 22.7%
[35m[MSG][0m itr   372, best 5575.5493, time  534.1, minPhero 0.01(232), stagnancy 23.0%
[35m[MSG][0m itr   373, best 5575.5493, time  535.4, minPhero 0.01(232), stagnancy 23.3%
[35m[MSG][0m itr   374, best 5575.5493, time  536.9, minPhero 0.01(232), stagnancy 23.7%
[35m[MSG][0m itr   375, best 5575.5493, time  538.3, minPhero 0.01(232), stagnancy 24.0%
[35m[MSG][0m itr   376, best 5575.5493, time  539.8, minPhero 0.01(232), stagnancy 24.3%
[35m[MSG][0m itr   377, best 5575.5493, time  541.2, minPhero 0.01(232), stagnancy 24.7%
[35m[MSG][0m itr   378, best 5575.5493, time  542.7, minPhero 0.01(232), stagnancy 25.0%
[35m[MSG][0m itr   379, best 5575.5493, time  544.1, minPhero 0.01(232), stagnancy 25.3%
[35m[MSG][0m itr   380, best 5575.5493, time  545.5, minPhero 0.01(232), stagnancy 25.7%
[35m[MSG][0m itr   381, best 5575.5493, time  546.9, minPhero 0.01(232), stagnancy 26.0%
[35m[MSG][0m itr   382, best 5575.5493, time  548.4, minPhero 0.01(232), stagnancy 26.3%
[35m[MSG][0m itr   383, best 5575.5493, time  549.9, minPhero 0.01(232), stagnancy 26.7%
[35m[MSG][0m itr   384, best 5575.5493, time  551.3, minPhero 0.01(232), stagnancy 27.0%
[35m[MSG][0m itr   385, best 5575.5493, time  552.8, minPhero 0.01(232), stagnancy 27.3%
[35m[MSG][0m itr   386, best 5575.5493, time  554.2, minPhero 0.01(232), stagnancy 27.7%
[35m[MSG][0m itr   387, best 5575.5493, time  555.7, minPhero 0.01(232), stagnancy 28.0%
[35m[MSG][0m itr   388, best 5575.5493, time  557.1, minPhero 0.01(232), stagnancy 28.3%
[35m[MSG][0m itr   389, best 5575.5493, time  558.5, minPhero 0.01(232), stagnancy 28.7%
[35m[MSG][0m itr   390, best 5575.5493, time  560.0, minPhero 0.01(232), stagnancy 29.0%
[35m[MSG][0m itr   391, best 5575.5493, time  561.4, minPhero 0.01(232), stagnancy 29.3%
[35m[MSG][0m itr   392, best 5575.5493, time  562.9, minPhero 0.01(232), stagnancy 29.7%
[35m[MSG][0m itr   393, best 5575.5493, time  564.3, minPhero 0.01(232), stagnancy 30.0%
[35m[MSG][0m itr   394, best 5575.5493, time  565.7, minPhero 0.01(232), stagnancy 30.3%
[35m[MSG][0m itr   395, best 5575.5493, time  567.2, minPhero 0.01(232), stagnancy 30.7%
[35m[MSG][0m itr   396, best 5575.5493, time  568.6, minPhero 0.01(232), stagnancy 31.0%
[35m[MSG][0m itr   397, best 5575.5493, time  570.1, minPhero 0.01(232), stagnancy 31.3%
[35m[MSG][0m itr   398, best 5575.5493, time  571.5, minPhero 0.01(232), stagnancy 31.7%
[35m[MSG][0m itr   399, best 5575.5493, time  572.9, minPhero 0.01(232), stagnancy 32.0%
[35m[MSG][0m itr   400, best 5575.5493, time  574.4, minPhero 0.01(232), stagnancy 32.3%
[35m[MSG][0m itr   401, best 5575.5493, time  575.8, minPhero 0.01(232), stagnancy 32.7%
[35m[MSG][0m itr   402, best 5575.5493, time  577.2, minPhero 0.01(232), stagnancy 33.0%
[35m[MSG][0m itr   403, best 5575.5493, time  578.7, minPhero 0.01(232), stagnancy 33.3%
[35m[MSG][0m itr   404, best 5575.5493, time  580.1, minPhero 0.01(232), stagnancy 33.7%
[35m[MSG][0m itr   405, best 5575.5493, time  581.5, minPhero 0.01(232), stagnancy 34.0%
[35m[MSG][0m itr   406, best 5575.5493, time  583.0, minPhero 0.01(232), stagnancy 34.3%
[35m[MSG][0m itr   407, best 5575.5493, time  584.4, minPhero 0.01(232), stagnancy 34.7%
[35m[MSG][0m itr   408, best 5575.5493, time  585.9, minPhero 0.01(232), stagnancy 35.0%
[35m[MSG][0m itr   409, best 5575.5493, time  587.3, minPhero 0.01(232), stagnancy 35.3%
[35m[MSG][0m itr   410, best 5575.5493, time  588.7, minPhero 0.01(232), stagnancy 35.7%
[35m[MSG][0m itr   411, best 5575.5493, time  590.2, minPhero 0.01(232), stagnancy 36.0%
[35m[MSG][0m itr   412, best 5575.5493, time  591.6, minPhero 0.01(232), stagnancy 36.3%
[35m[MSG][0m itr   413, best 5575.5493, time  593.0, minPhero 0.01(232), stagnancy 36.7%
[35m[MSG][0m itr   414, best 5575.5493, time  594.5, minPhero 0.01(232), stagnancy 37.0%
[35m[MSG][0m itr   415, best 5575.5493, time  595.9, minPhero 0.01(232), stagnancy 37.3%
[35m[MSG][0m itr   416, best 5575.5493, time  597.4, minPhero 0.01(232), stagnancy 37.7%
[35m[MSG][0m itr   417, best 5575.5493, time  598.8, minPhero 0.01(232), stagnancy 38.0%
[35m[MSG][0m itr   418, best 5575.5493, time  600.2, minPhero 0.01(232), stagnancy 38.3%
[35m[MSG][0m itr   419, best 5575.5493, time  601.7, minPhero 0.01(232), stagnancy 38.7%
[35m[MSG][0m itr   420, best 5575.5493, time  603.1, minPhero 0.01(232), stagnancy 39.0%
[35m[MSG][0m itr   421, best 5575.5493, time  604.4, minPhero 0.01(232), stagnancy 39.3%
[35m[MSG][0m itr   422, best 5575.5493, time  605.8, minPhero 0.01(232), stagnancy 39.7%
[35m[MSG][0m itr   423, best 5575.5493, time  607.2, minPhero 0.01(232), stagnancy 40.0%
[35m[MSG][0m itr   424, best 5575.5493, time  608.7, minPhero 0.01(232), stagnancy 40.3%
[35m[MSG][0m itr   425, best 5575.5493, time  610.1, minPhero 0.01(232), stagnancy 40.7%
[35m[MSG][0m itr   426, best 5575.5493, time  611.5, minPhero 0.01(232), stagnancy 41.0%
[35m[MSG][0m itr   427, best 5575.5493, time  612.9, minPhero 0.01(232), stagnancy 41.3%
[35m[MSG][0m itr   428, best 5575.5493, time  614.4, minPhero 0.01(232), stagnancy 41.7%
[35m[MSG][0m itr   429, best 5575.5493, time  615.8, minPhero 0.01(232), stagnancy 42.0%
[35m[MSG][0m itr   430, best 5575.5493, time  617.3, minPhero 0.01(232), stagnancy 42.3%
[35m[MSG][0m itr   431, best 5575.5493, time  618.7, minPhero 0.01(232), stagnancy 42.7%
[35m[MSG][0m itr   432, best 5575.5493, time  620.2, minPhero 0.01(232), stagnancy 43.0%
[35m[MSG][0m itr   433, best 5575.5493, time  621.6, minPhero 0.01(232), stagnancy 43.3%
[35m[MSG][0m itr   434, best 5575.5493, time  623.1, minPhero 0.01(232), stagnancy 43.7%
[35m[MSG][0m itr   435, best 5575.5493, time  624.5, minPhero 0.01(232), stagnancy 44.0%
[35m[MSG][0m itr   436, best 5575.5493, time  625.9, minPhero 0.01(232), stagnancy 44.3%
[35m[MSG][0m itr   437, best 5575.5493, time  627.4, minPhero 0.01(232), stagnancy 44.7%
[35m[MSG][0m itr   438, best 5575.5493, time  628.8, minPhero 0.01(232), stagnancy 45.0%
[35m[MSG][0m itr   439, best 5575.5493, time  630.2, minPhero 0.01(232), stagnancy 45.3%
[35m[MSG][0m itr   440, best 5575.5493, time  631.6, minPhero 0.01(232), stagnancy 45.7%
[35m[MSG][0m itr   441, best 5575.5493, time  633.0, minPhero 0.01(232), stagnancy 46.0%
[35m[MSG][0m itr   442, best 5575.5493, time  634.4, minPhero 0.01(232), stagnancy 46.3%
[35m[MSG][0m itr   443, best 5575.5493, time  635.8, minPhero 0.01(232), stagnancy 46.7%
[35m[MSG][0m itr   444, best 5575.5493, time  637.1, minPhero 0.01(232), stagnancy 47.0%
[35m[MSG][0m itr   445, best 5575.5493, time  638.5, minPhero 0.01(232), stagnancy 47.3%
[35m[MSG][0m itr   446, best 5575.5493, time  639.9, minPhero 0.01(232), stagnancy 47.7%
[35m[MSG][0m itr   447, best 5575.5493, time  641.4, minPhero 0.01(232), stagnancy 48.0%
[35m[MSG][0m itr   448, best 5575.5493, time  642.7, minPhero 0.01(232), stagnancy 48.3%
[35m[MSG][0m itr   449, best 5575.5493, time  644.1, minPhero 0.01(232), stagnancy 48.7%
[35m[MSG][0m itr   450, best 5575.5493, time  645.5, minPhero 0.01(232), stagnancy 49.0%
[35m[MSG][0m itr   451, best 5575.5493, time  647.0, minPhero 0.01(232), stagnancy 49.3%
[35m[MSG][0m itr   452, best 5575.5493, time  648.4, minPhero 0.01(232), stagnancy 49.7%
[35m[MSG][0m itr   453, best 5575.5493, time  649.7, minPhero 0.01(232), stagnancy 50.0%
[35m[MSG][0m itr   454, best 5575.5493, time  651.2, minPhero 0.01(232), stagnancy 50.3%
[35m[MSG][0m itr   455, best 5575.5493, time  652.5, minPhero 0.01(232), stagnancy 50.7%
[35m[MSG][0m itr   456, best 5575.5493, time  654.0, minPhero 0.01(232), stagnancy 51.0%
[35m[MSG][0m itr   457, best 5575.5493, time  655.3, minPhero 0.01(232), stagnancy 51.3%
[35m[MSG][0m itr   458, best 5575.5493, time  656.6, minPhero 0.01(232), stagnancy 51.7%
[35m[MSG][0m itr   459, best 5575.5493, time  658.0, minPhero 0.01(232), stagnancy 52.0%
[35m[MSG][0m itr   460, best 5575.5493, time  659.4, minPhero 0.01(232), stagnancy 52.3%
[35m[MSG][0m itr   461, best 5575.5493, time  660.8, minPhero 0.01(232), stagnancy 52.7%
[35m[MSG][0m itr   462, best 5575.5493, time  662.3, minPhero 0.01(232), stagnancy 53.0%
[35m[MSG][0m itr   463, best 5575.5493, time  663.7, minPhero 0.01(232), stagnancy 53.3%
[35m[MSG][0m itr   464, best 5575.5493, time  665.1, minPhero 0.01(232), stagnancy 53.7%
[35m[MSG][0m itr   465, best 5575.5493, time  666.6, minPhero 0.01(232), stagnancy 54.0%
[35m[MSG][0m itr   466, best 5575.5493, time  668.0, minPhero 0.01(232), stagnancy 54.3%
[35m[MSG][0m itr   467, best 5575.5493, time  669.4, minPhero 0.01(232), stagnancy 54.7%
[35m[MSG][0m itr   468, best 5575.5493, time  670.9, minPhero 0.01(232), stagnancy 55.0%
[35m[MSG][0m itr   469, best 5575.5493, time  672.3, minPhero 0.01(232), stagnancy 55.3%
[35m[MSG][0m itr   470, best 5575.5493, time  673.7, minPhero 0.01(232), stagnancy 55.7%
[35m[MSG][0m itr   471, best 5575.5493, time  675.2, minPhero 0.01(232), stagnancy 56.0%
[35m[MSG][0m itr   472, best 5575.5493, time  676.6, minPhero 0.01(232), stagnancy 56.3%
[35m[MSG][0m itr   473, best 5575.5493, time  678.0, minPhero 0.01(232), stagnancy 56.7%
[35m[MSG][0m itr   474, best 5575.5493, time  679.5, minPhero 0.01(232), stagnancy 57.0%
[35m[MSG][0m itr   475, best 5575.5493, time  680.9, minPhero 0.01(232), stagnancy 57.3%
[35m[MSG][0m itr   476, best 5575.5493, time  682.3, minPhero 0.01(232), stagnancy 57.7%
[35m[MSG][0m itr   477, best 5575.5493, time  683.8, minPhero 0.01(232), stagnancy 58.0%
[35m[MSG][0m itr   478, best 5575.5493, time  685.2, minPhero 0.01(232), stagnancy 58.3%
[35m[MSG][0m itr   479, best 5575.5493, time  686.7, minPhero 0.01(232), stagnancy 58.7%
[35m[MSG][0m itr   480, best 5575.5493, time  688.1, minPhero 0.01(232), stagnancy 59.0%
[35m[MSG][0m itr   481, best 5575.5493, time  689.6, minPhero 0.01(232), stagnancy 59.3%
[35m[MSG][0m itr   482, best 5575.5493, time  691.0, minPhero 0.01(232), stagnancy 59.7%
[35m[MSG][0m itr   483, best 5575.5493, time  692.5, minPhero 0.01(232), stagnancy 60.0%
[35m[MSG][0m itr   484, best 5575.5493, time  693.9, minPhero 0.01(232), stagnancy 60.3%
[35m[MSG][0m itr   485, best 5575.5493, time  695.4, minPhero 0.01(232), stagnancy 60.7%
[35m[MSG][0m itr   486, best 5575.5493, time  696.8, minPhero 0.01(232), stagnancy 61.0%
[35m[MSG][0m itr   487, best 5575.5493, time  698.2, minPhero 0.01(232), stagnancy 61.3%
[35m[MSG][0m itr   488, best 5575.5493, time  699.7, minPhero 0.01(232), stagnancy 61.7%
[35m[MSG][0m itr   489, best 5575.5493, time  701.1, minPhero 0.01(232), stagnancy 62.0%
[35m[MSG][0m itr   490, best 5575.5493, time  702.5, minPhero 0.01(232), stagnancy 62.3%
[35m[MSG][0m itr   491, best 5575.5493, time  704.0, minPhero 0.01(232), stagnancy 62.7%
[35m[MSG][0m itr   492, best 5575.5493, time  705.4, minPhero 0.01(232), stagnancy 63.0%
[35m[MSG][0m itr   493, best 5575.5493, time  706.9, minPhero 0.01(232), stagnancy 63.3%
[35m[MSG][0m itr   494, best 5575.5493, time  708.3, minPhero 0.01(232), stagnancy 63.7%
[35m[MSG][0m itr   495, best 5575.5493, time  709.7, minPhero 0.01(232), stagnancy 64.0%
[35m[MSG][0m itr   496, best 5575.5493, time  711.2, minPhero 0.01(232), stagnancy 64.3%
[35m[MSG][0m itr   497, best 5575.5493, time  712.6, minPhero 0.01(232), stagnancy 64.7%
[35m[MSG][0m itr   498, best 5575.5493, time  714.0, minPhero 0.01(232), stagnancy 65.0%
[35m[MSG][0m itr   499, best 5575.5493, time  715.5, minPhero 0.01(232), stagnancy 65.3%
[35m[MSG][0m itr   500, best 5575.5493, time  717.0, minPhero 0.01(232), stagnancy 65.7%
[35m[MSG][0m itr   501, best 5575.5493, time  718.4, minPhero 0.01(232), stagnancy 66.0%
[35m[MSG][0m itr   502, best 5575.5493, time  719.8, minPhero 0.01(232), stagnancy 66.3%
[35m[MSG][0m itr   503, best 5575.5493, time  721.3, minPhero 0.01(232), stagnancy 66.7%
[35m[MSG][0m itr   504, best 5575.5493, time  722.7, minPhero 0.01(232), stagnancy 67.0%
[35m[MSG][0m itr   505, best 5575.5493, time  724.2, minPhero 0.01(232), stagnancy 67.3%
[35m[MSG][0m itr   506, best 5575.5493, time  725.6, minPhero 0.01(232), stagnancy 67.7%
[35m[MSG][0m itr   507, best 5575.5493, time  727.1, minPhero 0.01(232), stagnancy 68.0%
[35m[MSG][0m itr   508, best 5575.5493, time  728.5, minPhero 0.01(232), stagnancy 68.3%
[35m[MSG][0m itr   509, best 5575.5493, time  729.9, minPhero 0.01(232), stagnancy 68.7%
[35m[MSG][0m itr   510, best 5575.5493, time  731.4, minPhero 0.01(232), stagnancy 69.0%
[35m[MSG][0m itr   511, best 5575.5493, time  732.8, minPhero 0.01(232), stagnancy 69.3%
[35m[MSG][0m itr   512, best 5575.5493, time  734.2, minPhero 0.01(232), stagnancy 69.7%
[35m[MSG][0m itr   513, best 5575.5493, time  735.7, minPhero 0.01(232), stagnancy 70.0%
[35m[MSG][0m itr   514, best 5575.5493, time  737.1, minPhero 0.01(232), stagnancy 70.3%
[35m[MSG][0m itr   515, best 5575.5493, time  738.5, minPhero 0.01(232), stagnancy 70.7%
[35m[MSG][0m itr   516, best 5575.5493, time  740.0, minPhero 0.01(232), stagnancy 71.0%
[35m[MSG][0m itr   517, best 5575.5493, time  741.3, minPhero 0.01(232), stagnancy 71.3%
[35m[MSG][0m itr   518, best 5575.5493, time  742.8, minPhero 0.01(232), stagnancy 71.7%
[35m[MSG][0m itr   519, best 5575.5493, time  744.2, minPhero 0.01(232), stagnancy 72.0%
[35m[MSG][0m itr   520, best 5575.5493, time  745.7, minPhero 0.01(232), stagnancy 72.3%
[35m[MSG][0m itr   521, best 5575.5493, time  747.1, minPhero 0.01(232), stagnancy 72.7%
[35m[MSG][0m itr   522, best 5575.5493, time  748.5, minPhero 0.01(232), stagnancy 73.0%
[35m[MSG][0m itr   523, best 5575.5493, time  750.0, minPhero 0.01(232), stagnancy 73.3%
[35m[MSG][0m itr   524, best 5575.5493, time  751.4, minPhero 0.01(232), stagnancy 73.7%
[35m[MSG][0m itr   525, best 5575.5493, time  752.8, minPhero 0.01(232), stagnancy 74.0%
[35m[MSG][0m itr   526, best 5575.5493, time  754.3, minPhero 0.01(232), stagnancy 74.3%
[35m[MSG][0m itr   527, best 5575.5493, time  755.7, minPhero 0.01(232), stagnancy 74.7%
[35m[MSG][0m itr   528, best 5575.5493, time  757.2, minPhero 0.01(232), stagnancy 75.0%
[35m[MSG][0m itr   529, best 5575.5493, time  758.6, minPhero 0.01(232), stagnancy 75.3%
[35m[MSG][0m itr   530, best 5575.5493, time  760.0, minPhero 0.01(232), stagnancy 75.7%
[35m[MSG][0m itr   531, best 5575.5493, time  761.5, minPhero 0.01(232), stagnancy 76.0%
[35m[MSG][0m itr   532, best 5575.5493, time  762.9, minPhero 0.01(232), stagnancy 76.3%
[35m[MSG][0m itr   533, best 5575.5493, time  764.4, minPhero 0.01(232), stagnancy 76.7%
[35m[MSG][0m itr   534, best 5575.5493, time  765.8, minPhero 0.01(232), stagnancy 77.0%
[35m[MSG][0m itr   535, best 5575.5493, time  767.1, minPhero 0.01(232), stagnancy 77.3%
[35m[MSG][0m itr   536, best 5575.5493, time  768.5, minPhero 0.01(232), stagnancy 77.7%
[35m[MSG][0m itr   537, best 5575.5493, time  769.9, minPhero 0.01(232), stagnancy 78.0%
[35m[MSG][0m itr   538, best 5575.5493, time  771.4, minPhero 0.01(232), stagnancy 78.3%
[35m[MSG][0m itr   539, best 5575.5493, time  772.8, minPhero 0.01(232), stagnancy 78.7%
[35m[MSG][0m itr   540, best 5575.5493, time  774.2, minPhero 0.01(232), stagnancy 79.0%
[35m[MSG][0m itr   541, best 5575.5493, time  775.7, minPhero 0.01(232), stagnancy 79.3%
[35m[MSG][0m itr   542, best 5575.5493, time  777.1, minPhero 0.01(232), stagnancy 79.7%
[35m[MSG][0m itr   543, best 5575.5493, time  778.5, minPhero 0.01(232), stagnancy 80.0%
[35m[MSG][0m itr   544, best 5575.5493, time  780.0, minPhero 0.01(232), stagnancy 80.3%
[35m[MSG][0m itr   545, best 5575.5493, time  781.4, minPhero 0.01(232), stagnancy 80.7%
[35m[MSG][0m itr   546, best 5575.5493, time  782.8, minPhero 0.01(232), stagnancy 81.0%
[35m[MSG][0m itr   547, best 5575.5493, time  784.3, minPhero 0.01(232), stagnancy 81.3%
[35m[MSG][0m itr   548, best 5575.5493, time  785.7, minPhero 0.01(232), stagnancy 81.7%
[35m[MSG][0m itr   549, best 5575.5493, time  787.2, minPhero 0.01(232), stagnancy 82.0%
[35m[MSG][0m itr   550, best 5575.5493, time  788.6, minPhero 0.01(232), stagnancy 82.3%
[35m[MSG][0m itr   551, best 5575.5493, time  790.0, minPhero 0.01(232), stagnancy 82.7%
[35m[MSG][0m itr   552, best 5575.5493, time  791.5, minPhero 0.01(232), stagnancy 83.0%
[35m[MSG][0m itr   553, best 5575.5493, time  792.9, minPhero 0.01(232), stagnancy 83.3%
[35m[MSG][0m itr   554, best 5575.5493, time  794.3, minPhero 0.01(232), stagnancy 83.7%
[35m[MSG][0m itr   555, best 5575.5493, time  795.8, minPhero 0.01(232), stagnancy 84.0%
[35m[MSG][0m itr   556, best 5575.5493, time  797.2, minPhero 0.01(232), stagnancy 84.3%
[35m[MSG][0m itr   557, best 5575.5493, time  798.7, minPhero 0.01(232), stagnancy 84.7%
[35m[MSG][0m itr   558, best 5575.5493, time  800.1, minPhero 0.01(232), stagnancy 85.0%
[35m[MSG][0m itr   559, best 5575.5493, time  801.6, minPhero 0.01(232), stagnancy 85.3%
[35m[MSG][0m itr   560, best 5575.5493, time  803.0, minPhero 0.01(232), stagnancy 85.7%
[35m[MSG][0m itr   561, best 5575.5493, time  804.5, minPhero 0.01(232), stagnancy 86.0%
[35m[MSG][0m itr   562, best 5575.5493, time  805.9, minPhero 0.01(232), stagnancy 86.3%
[35m[MSG][0m itr   563, best 5575.5493, time  807.3, minPhero 0.01(232), stagnancy 86.7%
[35m[MSG][0m itr   564, best 5575.5493, time  808.8, minPhero 0.01(232), stagnancy 87.0%
[35m[MSG][0m itr   565, best 5575.5493, time  810.2, minPhero 0.01(232), stagnancy 87.3%
[35m[MSG][0m itr   566, best 5575.5493, time  811.6, minPhero 0.01(232), stagnancy 87.7%
[35m[MSG][0m itr   567, best 5575.5493, time  813.1, minPhero 0.01(232), stagnancy 88.0%
[35m[MSG][0m itr   568, best 5575.5493, time  814.5, minPhero 0.01(232), stagnancy 88.3%
[35m[MSG][0m itr   569, best 5575.5493, time  815.9, minPhero 0.01(232), stagnancy 88.7%
[35m[MSG][0m itr   570, best 5575.5493, time  817.4, minPhero 0.01(232), stagnancy 89.0%
[35m[MSG][0m itr   571, best 5575.5493, time  818.8, minPhero 0.01(232), stagnancy 89.3%
[35m[MSG][0m itr   572, best 5575.5493, time  820.3, minPhero 0.01(232), stagnancy 89.7%
[35m[MSG][0m itr   573, best 5575.5493, time  821.7, minPhero 0.01(232), stagnancy 90.0%
[35m[MSG][0m itr   574, best 5575.5493, time  823.1, minPhero 0.01(232), stagnancy 90.3%
[35m[MSG][0m itr   575, best 5575.5493, time  824.5, minPhero 0.01(232), stagnancy 90.7%
[35m[MSG][0m itr   576, best 5575.5493, time  825.9, minPhero 0.01(232), stagnancy 91.0%
[35m[MSG][0m itr   577, best 5575.5493, time  827.4, minPhero 0.01(232), stagnancy 91.3%
[35m[MSG][0m itr   578, best 5575.5493, time  828.8, minPhero 0.01(232), stagnancy 91.7%
[35m[MSG][0m itr   579, best 5575.5493, time  830.2, minPhero 0.01(232), stagnancy 92.0%
[35m[MSG][0m itr   580, best 5575.5493, time  831.6, minPhero 0.01(232), stagnancy 92.3%
[35m[MSG][0m itr   581, best 5575.5493, time  832.9, minPhero 0.01(232), stagnancy 92.7%
[35m[MSG][0m itr   582, best 5575.5493, time  834.2, minPhero 0.01(232), stagnancy 93.0%
[35m[MSG][0m itr   583, best 5575.5493, time  835.6, minPhero 0.01(232), stagnancy 93.3%
[35m[MSG][0m itr   584, best 5575.5493, time  837.1, minPhero 0.01(232), stagnancy 93.7%
[35m[MSG][0m itr   585, best 5575.5493, time  838.5, minPhero 0.01(232), stagnancy 94.0%
[35m[MSG][0m itr   586, best 5575.5493, time  839.9, minPhero 0.01(232), stagnancy 94.3%
[35m[MSG][0m itr   587, best 5575.5493, time  841.3, minPhero 0.01(232), stagnancy 94.7%
[35m[MSG][0m itr   588, best 5575.5493, time  842.8, minPhero 0.01(232), stagnancy 95.0%
[35m[MSG][0m itr   589, best 5575.5493, time  844.2, minPhero 0.01(232), stagnancy 95.3%
[35m[MSG][0m itr   590, best 5575.5493, time  845.5, minPhero 0.01(232), stagnancy 95.7%
[35m[MSG][0m itr   591, best 5575.5493, time  846.9, minPhero 0.01(232), stagnancy 96.0%
[35m[MSG][0m itr   592, best 5575.5493, time  848.4, minPhero 0.01(232), stagnancy 96.3%
[35m[MSG][0m itr   593, best 5575.5493, time  849.8, minPhero 0.01(232), stagnancy 96.7%
[35m[MSG][0m itr   594, best 5575.5493, time  851.2, minPhero 0.01(232), stagnancy 97.0%
[35m[MSG][0m itr   595, best 5575.5493, time  852.7, minPhero 0.01(232), stagnancy 97.3%
[35m[MSG][0m itr   596, best 5575.5493, time  854.1, minPhero 0.01(232), stagnancy 97.7%
[35m[MSG][0m itr   597, best 5575.5493, time  855.5, minPhero 0.01(232), stagnancy 98.0%
[35m[MSG][0m itr   598, best 5575.5493, time  857.0, minPhero 0.01(232), stagnancy 98.3%
[35m[MSG][0m itr   599, best 5575.5493, time  858.4, minPhero 0.01(232), stagnancy 98.7%
[35m[MSG][0m itr   600, best 5575.5493, time  859.8, minPhero 0.01(232), stagnancy 99.0%
[35m[MSG][0m itr   601, best 5575.5493, time  861.3, minPhero 0.01(232), stagnancy 99.3%
[35m[MSG][0m itr   602, best 5575.5493, time  862.7, minPhero 0.01(232), stagnancy 99.7%
[35m[MSG][0m itr   603, best 5575.5493, time  864.2, minPhero 0.01(232), stagnancy 100.0%
[35m[MSG][0m Solution converged. Reinitialising pheromones...
[35m[MSG][0m Time: 864.18 s
[35m[MSG][0m Best cost: 5575.55
