[35m[MSG][0m Log level set to LOG_DEBUG
[35m[MSG][0m Parsing input from file "res/fruitybun250_2016.vrp"
[35m[MSG][0m Number of nodes: 250
[35m[MSG][0m Running ACO search
[35m[MSG][0m ACO settings: 
 alpha:     8.000
 beta:      1.000
 pers:      0.850
 minPhero:  0.015
 nbhood:    10
 popSize:   512
 maxStag:   300
[35m[MSG][0m itr     1, best 5771.6509, time    1.3, minPhero 0.85(28922), stagnancy 0.0%
[35m[MSG][0m itr     2, best 5771.6509, time    2.6, minPhero 0.72(28922), stagnancy 0.3%
[35m[MSG][0m itr     3, best 5746.7847, time    4.0, minPhero 0.61(28922), stagnancy 0.0%
[35m[MSG][0m itr     4, best 5714.3662, time    5.4, minPhero 0.52(28922), stagnancy 0.0%
[35m[MSG][0m itr     5, best 5714.3662, time    6.9, minPhero 0.44(28922), stagnancy 0.3%
[35m[MSG][0m itr     6, best 5714.3662, time    8.3, minPhero 0.38(28922), stagnancy 0.7%
[35m[MSG][0m itr     7, best 5714.3662, time    9.8, minPhero 0.32(28922), stagnancy 1.0%
[35m[MSG][0m itr     8, best 5714.3662, time   11.2, minPhero 0.27(28922), stagnancy 1.3%
[35m[MSG][0m itr     9, best 5714.3662, time   12.7, minPhero 0.23(28922), stagnancy 1.7%
[35m[MSG][0m itr    10, best 5713.9536, time   14.2, minPhero 0.20(28922), stagnancy 0.0%
[35m[MSG][0m itr    11, best 5713.9536, time   15.6, minPhero 0.17(28922), stagnancy 0.3%
[35m[MSG][0m itr    12, best 5713.9536, time   17.1, minPhero 0.14(28922), stagnancy 0.7%
[35m[MSG][0m itr    13, best 5688.6992, time   18.5, minPhero 0.12(28922), stagnancy 0.0%
[35m[MSG][0m itr    14, best 5688.6992, time   20.0, minPhero 0.10(28922), stagnancy 0.3%
[35m[MSG][0m itr    15, best 5666.2461, time   21.5, minPhero 0.09(28922), stagnancy 0.0%
[35m[MSG][0m itr    16, best 5666.2461, time   23.0, minPhero 0.07(28922), stagnancy 0.3%
[35m[MSG][0m itr    17, best 5653.1680, time   24.4, minPhero 0.06(28922), stagnancy 0.0%
[35m[MSG][0m itr    18, best 5653.1680, time   25.9, minPhero 0.05(28922), stagnancy 0.3%
[35m[MSG][0m itr    19, best 5653.1680, time   27.4, minPhero 0.05(28922), stagnancy 0.7%
[35m[MSG][0m itr    20, best 5653.1680, time   28.9, minPhero 0.04(28922), stagnancy 1.0%
[35m[MSG][0m itr    21, best 5652.0884, time   30.4, minPhero 0.03(28922), stagnancy 0.0%
[35m[MSG][0m itr    22, best 5652.0884, time   31.8, minPhero 0.03(28922), stagnancy 0.3%
[35m[MSG][0m itr    23, best 5649.5547, time   33.3, minPhero 0.02(537), stagnancy 0.0%
[35m[MSG][0m itr    24, best 5649.5547, time   34.8, minPhero 0.02(537), stagnancy 0.3%
[35m[MSG][0m itr    25, best 5649.5547, time   36.3, minPhero 0.02(430), stagnancy 0.7%
[35m[MSG][0m itr    26, best 5649.5547, time   37.8, minPhero 0.01(419), stagnancy 1.0%
[35m[MSG][0m itr    27, best 5648.3354, time   39.3, minPhero 0.01(426), stagnancy 0.0%
[35m[MSG][0m itr    28, best 5648.3354, time   40.7, minPhero 0.01(426), stagnancy 0.3%
[35m[MSG][0m itr    29, best 5641.8643, time   42.2, minPhero 0.01(433), stagnancy 0.0%
[35m[MSG][0m itr    30, best 5641.8643, time   43.7, minPhero 0.01(433), stagnancy 0.3%
[35m[MSG][0m itr    31, best 5641.8643, time   45.1, minPhero 0.01(378), stagnancy 0.7%
[35m[MSG][0m itr    32, best 5633.8477, time   46.6, minPhero 0.01(370), stagnancy 0.0%
[35m[MSG][0m itr    33, best 5633.8477, time   48.1, minPhero 0.01(352), stagnancy 0.3%
[35m[MSG][0m itr    34, best 5628.8823, time   49.6, minPhero 0.01(361), stagnancy 0.0%
[35m[MSG][0m itr    35, best 5628.8823, time   51.1, minPhero 0.01(352), stagnancy 0.3%
[35m[MSG][0m itr    36, best 5620.2607, time   52.5, minPhero 0.01(350), stagnancy 0.0%
[35m[MSG][0m itr    37, best 5611.8999, time   54.0, minPhero 0.01(349), stagnancy 0.0%
[35m[MSG][0m itr    38, best 5611.5420, time   55.5, minPhero 0.01(345), stagnancy 0.0%
[35m[MSG][0m itr    39, best 5607.5723, time   56.9, minPhero 0.01(335), stagnancy 0.0%
[35m[MSG][0m itr    40, best 5605.2227, time   58.4, minPhero 0.01(336), stagnancy 0.0%
[35m[MSG][0m itr    41, best 5601.6807, time   59.8, minPhero 0.01(336), stagnancy 0.0%
[35m[MSG][0m itr    42, best 5601.6807, time   61.3, minPhero 0.01(334), stagnancy 0.3%
[35m[MSG][0m itr    43, best 5601.6807, time   62.8, minPhero 0.01(333), stagnancy 0.7%
[35m[MSG][0m itr    44, best 5601.1895, time   64.2, minPhero 0.01(326), stagnancy 0.0%
[35m[MSG][0m itr    45, best 5600.3750, time   65.7, minPhero 0.01(313), stagnancy 0.0%
[35m[MSG][0m itr    46, best 5600.3750, time   67.1, minPhero 0.01(307), stagnancy 0.3%
[35m[MSG][0m itr    47, best 5599.8818, time   68.6, minPhero 0.01(306), stagnancy 0.0%
[35m[MSG][0m itr    48, best 5599.8818, time   70.1, minPhero 0.01(297), stagnancy 0.3%
[35m[MSG][0m itr    49, best 5599.6162, time   71.5, minPhero 0.01(282), stagnancy 0.0%
[35m[MSG][0m itr    50, best 5598.4922, time   73.0, minPhero 0.01(276), stagnancy 0.0%
[35m[MSG][0m itr    51, best 5597.6436, time   74.4, minPhero 0.01(276), stagnancy 0.0%
[35m[MSG][0m itr    52, best 5597.6436, time   75.9, minPhero 0.01(273), stagnancy 0.3%
[35m[MSG][0m itr    53, best 5597.6436, time   77.3, minPhero 0.01(267), stagnancy 0.7%
[35m[MSG][0m itr    54, best 5597.6436, time   78.8, minPhero 0.01(259), stagnancy 1.0%
[35m[MSG][0m itr    55, best 5597.6436, time   80.3, minPhero 0.01(258), stagnancy 1.3%
[35m[MSG][0m itr    56, best 5597.6436, time   81.8, minPhero 0.01(257), stagnancy 1.7%
[35m[MSG][0m itr    57, best 5597.6426, time   83.2, minPhero 0.01(254), stagnancy 0.0%
[35m[MSG][0m itr    58, best 5597.4756, time   84.7, minPhero 0.01(255), stagnancy 0.0%
[35m[MSG][0m itr    59, best 5597.4160, time   86.2, minPhero 0.01(255), stagnancy 0.0%
[35m[MSG][0m itr    60, best 5597.4160, time   87.6, minPhero 0.01(255), stagnancy 0.3%
[35m[MSG][0m itr    61, best 5596.5605, time   89.1, minPhero 0.01(258), stagnancy 0.0%
[35m[MSG][0m itr    62, best 5596.5605, time   90.5, minPhero 0.01(254), stagnancy 0.3%
[35m[MSG][0m itr    63, best 5596.2354, time   92.0, minPhero 0.01(256), stagnancy 0.0%
[35m[MSG][0m itr    64, best 5596.2354, time   93.4, minPhero 0.01(255), stagnancy 0.3%
[35m[MSG][0m itr    65, best 5596.2354, time   94.9, minPhero 0.01(255), stagnancy 0.7%
[35m[MSG][0m itr    66, best 5596.2354, time   96.3, minPhero 0.01(255), stagnancy 1.0%
[35m[MSG][0m itr    67, best 5594.8965, time   97.8, minPhero 0.01(259), stagnancy 0.0%
[35m[MSG][0m itr    68, best 5594.8965, time   99.2, minPhero 0.01(257), stagnancy 0.3%
[35m[MSG][0m itr    69, best 5594.8960, time  100.7, minPhero 0.01(257), stagnancy 0.0%
[35m[MSG][0m itr    70, best 5594.8960, time  102.2, minPhero 0.01(257), stagnancy 0.3%
[35m[MSG][0m itr    71, best 5594.8960, time  103.6, minPhero 0.01(257), stagnancy 0.7%
[35m[MSG][0m itr    72, best 5592.4399, time  105.1, minPhero 0.01(257), stagnancy 0.0%
[35m[MSG][0m itr    73, best 5592.4399, time  106.5, minPhero 0.01(250), stagnancy 0.3%
[35m[MSG][0m itr    74, best 5590.6030, time  108.0, minPhero 0.01(253), stagnancy 0.0%
[35m[MSG][0m itr    75, best 5590.5483, time  109.4, minPhero 0.01(255), stagnancy 0.0%
[35m[MSG][0m itr    76, best 5590.5483, time  110.9, minPhero 0.01(254), stagnancy 0.3%
[35m[MSG][0m itr    77, best 5590.5483, time  112.3, minPhero 0.01(254), stagnancy 0.7%
[35m[MSG][0m itr    78, best 5589.2632, time  113.7, minPhero 0.01(252), stagnancy 0.0%
[35m[MSG][0m itr    79, best 5589.2632, time  115.2, minPhero 0.01(251), stagnancy 0.3%
[35m[MSG][0m itr    80, best 5589.2632, time  116.6, minPhero 0.01(251), stagnancy 0.7%
[35m[MSG][0m itr    81, best 5589.2632, time  118.1, minPhero 0.01(251), stagnancy 1.0%
[35m[MSG][0m itr    82, best 5589.2632, time  119.5, minPhero 0.01(251), stagnancy 1.3%
[35m[MSG][0m itr    83, best 5589.2632, time  121.0, minPhero 0.01(247), stagnancy 1.7%
[35m[MSG][0m itr    84, best 5589.2632, time  122.4, minPhero 0.01(247), stagnancy 2.0%
[35m[MSG][0m itr    85, best 5589.2632, time  123.9, minPhero 0.01(246), stagnancy 2.3%
[35m[MSG][0m itr    86, best 5586.0786, time  125.3, minPhero 0.01(254), stagnancy 0.0%
[35m[MSG][0m itr    87, best 5585.9312, time  126.7, minPhero 0.01(254), stagnancy 0.0%
[35m[MSG][0m itr    88, best 5585.9312, time  128.2, minPhero 0.01(254), stagnancy 0.3%
[35m[MSG][0m itr    89, best 5585.9312, time  129.6, minPhero 0.01(253), stagnancy 0.7%
[35m[MSG][0m itr    90, best 5585.9312, time  131.1, minPhero 0.01(251), stagnancy 1.0%
[35m[MSG][0m itr    91, best 5585.9312, time  132.5, minPhero 0.01(251), stagnancy 1.3%
[35m[MSG][0m itr    92, best 5585.9312, time  133.9, minPhero 0.01(249), stagnancy 1.7%
[35m[MSG][0m itr    93, best 5585.9312, time  135.4, minPhero 0.01(249), stagnancy 2.0%
[35m[MSG][0m itr    94, best 5585.9312, time  136.8, minPhero 0.01(245), stagnancy 2.3%
[35m[MSG][0m itr    95, best 5585.9312, time  138.3, minPhero 0.01(245), stagnancy 2.7%
[35m[MSG][0m itr    96, best 5585.9312, time  139.7, minPhero 0.01(244), stagnancy 3.0%
[35m[MSG][0m itr    97, best 5585.9312, time  141.2, minPhero 0.01(244), stagnancy 3.3%
[35m[MSG][0m itr    98, best 5585.9312, time  142.6, minPhero 0.01(241), stagnancy 3.7%
[35m[MSG][0m itr    99, best 5585.9312, time  144.1, minPhero 0.01(241), stagnancy 4.0%
[35m[MSG][0m itr   100, best 5585.9312, time  145.5, minPhero 0.01(240), stagnancy 4.3%
[35m[MSG][0m itr   101, best 5585.9312, time  146.9, minPhero 0.01(240), stagnancy 4.7%
[35m[MSG][0m itr   102, best 5585.9312, time  148.4, minPhero 0.01(240), stagnancy 5.0%
[35m[MSG][0m itr   103, best 5585.9312, time  149.8, minPhero 0.01(240), stagnancy 5.3%
[35m[MSG][0m itr   104, best 5585.9312, time  151.2, minPhero 0.01(240), stagnancy 5.7%
[35m[MSG][0m itr   105, best 5585.9312, time  152.7, minPhero 0.01(240), stagnancy 6.0%
[35m[MSG][0m itr   106, best 5585.9312, time  154.2, minPhero 0.01(237), stagnancy 6.3%
[35m[MSG][0m itr   107, best 5585.9312, time  155.5, minPhero 0.01(237), stagnancy 6.7%
[35m[MSG][0m itr   108, best 5585.9312, time  156.8, minPhero 0.01(232), stagnancy 7.0%
[35m[MSG][0m itr   109, best 5585.9312, time  158.2, minPhero 0.01(232), stagnancy 7.3%
[35m[MSG][0m itr   110, best 5585.9312, time  159.7, minPhero 0.01(232), stagnancy 7.7%
[35m[MSG][0m itr   111, best 5585.9312, time  161.1, minPhero 0.01(232), stagnancy 8.0%
[35m[MSG][0m itr   112, best 5585.9312, time  162.5, minPhero 0.01(232), stagnancy 8.3%
[35m[MSG][0m itr   113, best 5585.9312, time  164.0, minPhero 0.01(232), stagnancy 8.7%
[35m[MSG][0m itr   114, best 5585.9312, time  165.4, minPhero 0.01(232), stagnancy 9.0%
[35m[MSG][0m itr   115, best 5585.9312, time  166.6, minPhero 0.01(232), stagnancy 9.3%
[35m[MSG][0m itr   116, best 5585.9312, time  168.1, minPhero 0.01(232), stagnancy 9.7%
[35m[MSG][0m itr   117, best 5585.9312, time  169.5, minPhero 0.01(232), stagnancy 10.0%
[35m[MSG][0m itr   118, best 5585.9312, time  170.9, minPhero 0.01(232), stagnancy 10.3%
[35m[MSG][0m itr   119, best 5585.9312, time  172.4, minPhero 0.01(232), stagnancy 10.7%
[35m[MSG][0m itr   120, best 5585.9312, time  173.8, minPhero 0.01(232), stagnancy 11.0%
[35m[MSG][0m itr   121, best 5585.9312, time  175.3, minPhero 0.01(232), stagnancy 11.3%
[35m[MSG][0m itr   122, best 5585.9312, time  176.7, minPhero 0.01(232), stagnancy 11.7%
[35m[MSG][0m itr   123, best 5585.9312, time  178.1, minPhero 0.01(232), stagnancy 12.0%
[35m[MSG][0m itr   124, best 5585.9312, time  179.6, minPhero 0.01(232), stagnancy 12.3%
[35m[MSG][0m itr   125, best 5585.9312, time  181.0, minPhero 0.01(232), stagnancy 12.7%
[35m[MSG][0m itr   126, best 5585.9307, time  182.5, minPhero 0.01(232), stagnancy 0.0%
[35m[MSG][0m itr   127, best 5585.9307, time  183.9, minPhero 0.01(232), stagnancy 0.3%
[35m[MSG][0m itr   128, best 5585.9307, time  185.3, minPhero 0.01(232), stagnancy 0.7%
[35m[MSG][0m itr   129, best 5585.9307, time  186.7, minPhero 0.01(232), stagnancy 1.0%
[35m[MSG][0m itr   130, best 5583.8892, time  188.2, minPhero 0.01(237), stagnancy 0.0%
[35m[MSG][0m itr   131, best 5583.8892, time  189.6, minPhero 0.01(237), stagnancy 0.3%
[35m[MSG][0m itr   132, best 5581.7441, time  191.1, minPhero 0.01(242), stagnancy 0.0%
[35m[MSG][0m itr   133, best 5581.7437, time  192.5, minPhero 0.01(242), stagnancy 0.0%
[35m[MSG][0m itr   134, best 5581.7437, time  193.9, minPhero 0.01(242), stagnancy 0.3%
[35m[MSG][0m itr   135, best 5581.7437, time  195.4, minPhero 0.01(242), stagnancy 0.7%
[35m[MSG][0m itr   136, best 5581.7437, time  196.8, minPhero 0.01(242), stagnancy 1.0%
[35m[MSG][0m itr   137, best 5581.7437, time  198.3, minPhero 0.01(242), stagnancy 1.3%
[35m[MSG][0m itr   138, best 5581.7437, time  199.7, minPhero 0.01(242), stagnancy 1.7%
[35m[MSG][0m itr   139, best 5581.7437, time  201.2, minPhero 0.01(242), stagnancy 2.0%
[35m[MSG][0m itr   140, best 5580.1313, time  202.6, minPhero 0.01(247), stagnancy 0.0%
[35m[MSG][0m itr   141, best 5579.1958, time  204.1, minPhero 0.01(247), stagnancy 0.0%
[35m[MSG][0m itr   142, best 5579.1958, time  205.5, minPhero 0.01(247), stagnancy 0.3%
[35m[MSG][0m itr   143, best 5578.9663, time  207.0, minPhero 0.01(248), stagnancy 0.0%
[35m[MSG][0m itr   144, best 5578.9658, time  208.4, minPhero 0.01(248), stagnancy 0.0%
[35m[MSG][0m itr   145, best 5578.9653, time  209.8, minPhero 0.01(248), stagnancy 0.0%
[35m[MSG][0m itr   146, best 5578.7241, time  211.3, minPhero 0.01(255), stagnancy 0.0%
[35m[MSG][0m itr   147, best 5578.7241, time  212.8, minPhero 0.01(252), stagnancy 0.3%
[35m[MSG][0m itr   148, best 5578.5708, time  214.2, minPhero 0.01(256), stagnancy 0.0%
[35m[MSG][0m itr   149, best 5578.1440, time  215.7, minPhero 0.01(256), stagnancy 0.0%
[35m[MSG][0m itr   150, best 5578.1440, time  217.1, minPhero 0.01(256), stagnancy 0.3%
[35m[MSG][0m itr   151, best 5578.1440, time  218.6, minPhero 0.01(256), stagnancy 0.7%
[35m[MSG][0m itr   152, best 5578.1440, time  220.0, minPhero 0.01(251), stagnancy 1.0%
[35m[MSG][0m itr   153, best 5578.1440, time  221.5, minPhero 0.01(251), stagnancy 1.3%
[35m[MSG][0m itr   154, best 5578.1440, time  222.9, minPhero 0.01(247), stagnancy 1.7%
[35m[MSG][0m itr   155, best 5578.1436, time  224.4, minPhero 0.01(247), stagnancy 0.0%
[35m[MSG][0m itr   156, best 5578.1436, time  225.8, minPhero 0.01(247), stagnancy 0.3%
[35m[MSG][0m itr   157, best 5578.1436, time  227.2, minPhero 0.01(247), stagnancy 0.7%
[35m[MSG][0m itr   158, best 5578.1436, time  228.7, minPhero 0.01(247), stagnancy 1.0%
[35m[MSG][0m itr   159, best 5578.1436, time  230.2, minPhero 0.01(247), stagnancy 1.3%
[35m[MSG][0m itr   160, best 5578.1436, time  231.6, minPhero 0.01(243), stagnancy 1.7%
[35m[MSG][0m itr   161, best 5578.1436, time  233.1, minPhero 0.01(243), stagnancy 2.0%
[35m[MSG][0m itr   162, best 5578.1436, time  234.5, minPhero 0.01(241), stagnancy 2.3%
[35m[MSG][0m itr   163, best 5578.1436, time  236.0, minPhero 0.01(238), stagnancy 2.7%
[35m[MSG][0m itr   164, best 5578.1436, time  237.4, minPhero 0.01(237), stagnancy 3.0%
[35m[MSG][0m itr   165, best 5578.1436, time  238.9, minPhero 0.01(237), stagnancy 3.3%
[35m[MSG][0m itr   166, best 5578.1436, time  240.3, minPhero 0.01(237), stagnancy 3.7%
[35m[MSG][0m itr   167, best 5578.1436, time  241.7, minPhero 0.01(237), stagnancy 4.0%
[35m[MSG][0m itr   168, best 5578.1436, time  243.1, minPhero 0.01(232), stagnancy 4.3%
[35m[MSG][0m itr   169, best 5578.1436, time  244.6, minPhero 0.01(232), stagnancy 4.7%
[35m[MSG][0m itr   170, best 5578.1436, time  246.0, minPhero 0.01(232), stagnancy 5.0%
[35m[MSG][0m itr   171, best 5578.1436, time  247.5, minPhero 0.01(232), stagnancy 5.3%
[35m[MSG][0m itr   172, best 5578.1436, time  248.9, minPhero 0.01(232), stagnancy 5.7%
[35m[MSG][0m itr   173, best 5578.1436, time  250.4, minPhero 0.01(232), stagnancy 6.0%
[35m[MSG][0m itr   174, best 5578.1436, time  251.8, minPhero 0.01(232), stagnancy 6.3%
[35m[MSG][0m itr   175, best 5578.1436, time  253.3, minPhero 0.01(232), stagnancy 6.7%
[35m[MSG][0m itr   176, best 5578.1436, time  254.7, minPhero 0.01(232), stagnancy 7.0%
[35m[MSG][0m itr   177, best 5578.1436, time  256.0, minPhero 0.01(232), stagnancy 7.3%
[35m[MSG][0m itr   178, best 5578.1436, time  257.3, minPhero 0.01(232), stagnancy 7.7%
[35m[MSG][0m itr   179, best 5578.1436, time  258.8, minPhero 0.01(232), stagnancy 8.0%
[35m[MSG][0m itr   180, best 5578.1436, time  260.2, minPhero 0.01(232), stagnancy 8.3%
[35m[MSG][0m itr   181, best 5578.1436, time  261.6, minPhero 0.01(232), stagnancy 8.7%
[35m[MSG][0m itr   182, best 5578.1436, time  263.1, minPhero 0.01(232), stagnancy 9.0%
[35m[MSG][0m itr   183, best 5578.1436, time  264.5, minPhero 0.01(232), stagnancy 9.3%
[35m[MSG][0m itr   184, best 5578.1436, time  266.0, minPhero 0.01(232), stagnancy 9.7%
[35m[MSG][0m itr   185, best 5578.1436, time  267.4, minPhero 0.01(232), stagnancy 10.0%
[35m[MSG][0m itr   186, best 5578.1436, time  268.9, minPhero 0.01(232), stagnancy 10.3%
[35m[MSG][0m itr   187, best 5578.1436, time  270.3, minPhero 0.01(232), stagnancy 10.7%
[35m[MSG][0m itr   188, best 5578.1436, time  271.7, minPhero 0.01(232), stagnancy 11.0%
[35m[MSG][0m itr   189, best 5578.1436, time  273.2, minPhero 0.01(232), stagnancy 11.3%
[35m[MSG][0m itr   190, best 5578.1436, time  274.7, minPhero 0.01(232), stagnancy 11.7%
[35m[MSG][0m itr   191, best 5578.1436, time  276.1, minPhero 0.01(232), stagnancy 12.0%
[35m[MSG][0m itr   192, best 5578.1436, time  277.5, minPhero 0.01(232), stagnancy 12.3%
[35m[MSG][0m itr   193, best 5578.1436, time  279.0, minPhero 0.01(232), stagnancy 12.7%
[35m[MSG][0m itr   194, best 5578.1436, time  280.4, minPhero 0.01(232), stagnancy 13.0%
[35m[MSG][0m itr   195, best 5578.1436, time  281.8, minPhero 0.01(232), stagnancy 13.3%
[35m[MSG][0m itr   196, best 5578.1436, time  283.3, minPhero 0.01(232), stagnancy 13.7%
[35m[MSG][0m itr   197, best 5578.1436, time  284.7, minPhero 0.01(232), stagnancy 14.0%
[35m[MSG][0m itr   198, best 5578.1436, time  286.2, minPhero 0.01(232), stagnancy 14.3%
[35m[MSG][0m itr   199, best 5578.1436, time  287.6, minPhero 0.01(232), stagnancy 14.7%
[35m[MSG][0m itr   200, best 5578.1436, time  289.1, minPhero 0.01(232), stagnancy 15.0%
[35m[MSG][0m itr   201, best 5578.1436, time  290.5, minPhero 0.01(232), stagnancy 15.3%
[35m[MSG][0m itr   202, best 5578.1436, time  291.9, minPhero 0.01(232), stagnancy 15.7%
[35m[MSG][0m itr   203, best 5578.1436, time  293.4, minPhero 0.01(232), stagnancy 16.0%
[35m[MSG][0m itr   204, best 5578.1436, time  294.7, minPhero 0.01(232), stagnancy 16.3%
[35m[MSG][0m itr   205, best 5578.1436, time  296.1, minPhero 0.01(232), stagnancy 16.7%
[35m[MSG][0m itr   206, best 5578.1436, time  297.6, minPhero 0.01(232), stagnancy 17.0%
[35m[MSG][0m itr   207, best 5578.1436, time  299.1, minPhero 0.01(232), stagnancy 17.3%
[35m[MSG][0m itr   208, best 5578.1436, time  300.5, minPhero 0.01(232), stagnancy 17.7%
[35m[MSG][0m itr   209, best 5578.1436, time  301.9, minPhero 0.01(232), stagnancy 18.0%
[35m[MSG][0m itr   210, best 5577.9878, time  303.3, minPhero 0.01(236), stagnancy 0.0%
[35m[MSG][0m itr   211, best 5577.9878, time  304.8, minPhero 0.01(236), stagnancy 0.3%
[35m[MSG][0m itr   212, best 5577.9878, time  306.2, minPhero 0.01(236), stagnancy 0.7%
[35m[MSG][0m itr   213, best 5577.9873, time  307.7, minPhero 0.01(236), stagnancy 0.0%
[35m[MSG][0m itr   214, best 5577.9873, time  309.1, minPhero 0.01(236), stagnancy 0.3%
[35m[MSG][0m itr   215, best 5577.9873, time  310.4, minPhero 0.01(236), stagnancy 0.7%
[35m[MSG][0m itr   216, best 5577.9873, time  311.9, minPhero 0.01(236), stagnancy 1.0%
[35m[MSG][0m itr   217, best 5577.9873, time  313.3, minPhero 0.01(236), stagnancy 1.3%
[35m[MSG][0m itr   218, best 5577.9873, time  314.8, minPhero 0.01(236), stagnancy 1.7%
[35m[MSG][0m itr   219, best 5577.9873, time  316.2, minPhero 0.01(236), stagnancy 2.0%
[35m[MSG][0m itr   220, best 5577.9873, time  317.7, minPhero 0.01(236), stagnancy 2.3%
[35m[MSG][0m itr   221, best 5577.9873, time  319.1, minPhero 0.01(236), stagnancy 2.7%
[35m[MSG][0m itr   222, best 5577.9873, time  320.5, minPhero 0.01(236), stagnancy 3.0%
[35m[MSG][0m itr   223, best 5577.9873, time  321.9, minPhero 0.01(236), stagnancy 3.3%
[35m[MSG][0m itr   224, best 5577.9873, time  323.4, minPhero 0.01(236), stagnancy 3.7%
[35m[MSG][0m itr   225, best 5577.9873, time  324.8, minPhero 0.01(236), stagnancy 4.0%
[35m[MSG][0m itr   226, best 5577.9873, time  326.3, minPhero 0.01(236), stagnancy 4.3%
[35m[MSG][0m itr   227, best 5577.9873, time  327.7, minPhero 0.01(236), stagnancy 4.7%
[35m[MSG][0m itr   228, best 5577.9873, time  329.2, minPhero 0.01(236), stagnancy 5.0%
[35m[MSG][0m itr   229, best 5577.9873, time  330.6, minPhero 0.01(236), stagnancy 5.3%
[35m[MSG][0m itr   230, best 5577.9873, time  332.1, minPhero 0.01(236), stagnancy 5.7%
[35m[MSG][0m itr   231, best 5577.9873, time  333.5, minPhero 0.01(236), stagnancy 6.0%
[35m[MSG][0m itr   232, best 5577.9873, time  334.9, minPhero 0.01(232), stagnancy 6.3%
[35m[MSG][0m itr   233, best 5577.9873, time  336.4, minPhero 0.01(232), stagnancy 6.7%
[35m[MSG][0m itr   234, best 5577.9873, time  337.8, minPhero 0.01(232), stagnancy 7.0%
[35m[MSG][0m itr   235, best 5577.9873, time  339.3, minPhero 0.01(232), stagnancy 7.3%
[35m[MSG][0m itr   236, best 5577.9873, time  340.8, minPhero 0.01(232), stagnancy 7.7%
[35m[MSG][0m itr   237, best 5577.9873, time  342.2, minPhero 0.01(232), stagnancy 8.0%
[35m[MSG][0m itr   238, best 5577.9873, time  343.7, minPhero 0.01(232), stagnancy 8.3%
[35m[MSG][0m itr   239, best 5577.9873, time  345.1, minPhero 0.01(232), stagnancy 8.7%
[35m[MSG][0m itr   240, best 5577.9873, time  346.6, minPhero 0.01(232), stagnancy 9.0%
[35m[MSG][0m itr   241, best 5577.9873, time  348.0, minPhero 0.01(232), stagnancy 9.3%
[35m[MSG][0m itr   242, best 5577.9873, time  349.5, minPhero 0.01(232), stagnancy 9.7%
[35m[MSG][0m itr   243, best 5577.9873, time  351.0, minPhero 0.01(232), stagnancy 10.0%
[35m[MSG][0m itr   244, best 5577.9873, time  352.4, minPhero 0.01(232), stagnancy 10.3%
[35m[MSG][0m itr   245, best 5577.9873, time  353.8, minPhero 0.01(232), stagnancy 10.7%
[35m[MSG][0m itr   246, best 5577.9873, time  355.3, minPhero 0.01(232), stagnancy 11.0%
[35m[MSG][0m itr   247, best 5577.9873, time  356.7, minPhero 0.01(232), stagnancy 11.3%
[35m[MSG][0m itr   248, best 5577.9873, time  358.2, minPhero 0.01(232), stagnancy 11.7%
[35m[MSG][0m itr   249, best 5577.9873, time  359.6, minPhero 0.01(232), stagnancy 12.0%
[35m[MSG][0m itr   250, best 5577.9873, time  361.0, minPhero 0.01(232), stagnancy 12.3%
[35m[MSG][0m itr   251, best 5577.9873, time  362.4, minPhero 0.01(232), stagnancy 12.7%
[35m[MSG][0m itr   252, best 5577.9873, time  363.8, minPhero 0.01(232), stagnancy 13.0%
[35m[MSG][0m itr   253, best 5577.9873, time  365.1, minPhero 0.01(232), stagnancy 13.3%
[35m[MSG][0m itr   254, best 5577.9873, time  366.6, minPhero 0.01(232), stagnancy 13.7%
[35m[MSG][0m itr   255, best 5577.9873, time  368.0, minPhero 0.01(232), stagnancy 14.0%
[35m[MSG][0m itr   256, best 5577.9873, time  369.5, minPhero 0.01(232), stagnancy 14.3%
[35m[MSG][0m itr   257, best 5577.9873, time  371.0, minPhero 0.01(232), stagnancy 14.7%
[35m[MSG][0m itr   258, best 5577.9873, time  372.4, minPhero 0.01(232), stagnancy 15.0%
[35m[MSG][0m itr   259, best 5577.9873, time  373.9, minPhero 0.01(232), stagnancy 15.3%
[35m[MSG][0m itr   260, best 5577.9873, time  375.3, minPhero 0.01(232), stagnancy 15.7%
[35m[MSG][0m itr   261, best 5577.9873, time  376.7, minPhero 0.01(232), stagnancy 16.0%
[35m[MSG][0m itr   262, best 5577.1890, time  378.2, minPhero 0.01(240), stagnancy 0.0%
[35m[MSG][0m itr   263, best 5577.1890, time  379.6, minPhero 0.01(240), stagnancy 0.3%
[35m[MSG][0m itr   264, best 5577.1890, time  381.1, minPhero 0.01(240), stagnancy 0.7%
[35m[MSG][0m itr   265, best 5577.1890, time  382.5, minPhero 0.01(240), stagnancy 1.0%
[35m[MSG][0m itr   266, best 5577.1890, time  384.0, minPhero 0.01(240), stagnancy 1.3%
[35m[MSG][0m itr   267, best 5577.1196, time  385.5, minPhero 0.01(241), stagnancy 0.0%
[35m[MSG][0m itr   268, best 5577.1196, time  386.9, minPhero 0.01(241), stagnancy 0.3%
[35m[MSG][0m itr   269, best 5577.1196, time  388.4, minPhero 0.01(241), stagnancy 0.7%
[35m[MSG][0m itr   270, best 5577.1196, time  389.9, minPhero 0.01(241), stagnancy 1.0%
[35m[MSG][0m itr   271, best 5577.1196, time  391.3, minPhero 0.01(241), stagnancy 1.3%
[35m[MSG][0m itr   272, best 5577.1196, time  392.7, minPhero 0.01(241), stagnancy 1.7%
[35m[MSG][0m itr   273, best 5577.1196, time  394.2, minPhero 0.01(241), stagnancy 2.0%
[35m[MSG][0m itr   274, best 5577.1196, time  395.6, minPhero 0.01(241), stagnancy 2.3%
[35m[MSG][0m itr   275, best 5577.1196, time  397.1, minPhero 0.01(241), stagnancy 2.7%
[35m[MSG][0m itr   276, best 5577.1196, time  398.6, minPhero 0.01(241), stagnancy 3.0%
[35m[MSG][0m itr   277, best 5577.1196, time  400.0, minPhero 0.01(241), stagnancy 3.3%
[35m[MSG][0m itr   278, best 5577.1196, time  401.4, minPhero 0.01(241), stagnancy 3.7%
[35m[MSG][0m itr   279, best 5577.1196, time  402.9, minPhero 0.01(241), stagnancy 4.0%
[35m[MSG][0m itr   280, best 5577.1196, time  404.3, minPhero 0.01(241), stagnancy 4.3%
[35m[MSG][0m itr   281, best 5577.1191, time  405.8, minPhero 0.01(241), stagnancy 0.0%
[35m[MSG][0m itr   282, best 5577.1191, time  407.2, minPhero 0.01(241), stagnancy 0.3%
[35m[MSG][0m itr   283, best 5577.1191, time  408.7, minPhero 0.01(241), stagnancy 0.7%
[35m[MSG][0m itr   284, best 5577.1191, time  410.1, minPhero 0.01(233), stagnancy 1.0%
[35m[MSG][0m itr   285, best 5577.1191, time  411.6, minPhero 0.01(233), stagnancy 1.3%
[35m[MSG][0m itr   286, best 5577.1191, time  413.0, minPhero 0.01(233), stagnancy 1.7%
[35m[MSG][0m itr   287, best 5577.1191, time  414.5, minPhero 0.01(233), stagnancy 2.0%
[35m[MSG][0m itr   288, best 5577.1191, time  415.9, minPhero 0.01(233), stagnancy 2.3%
[35m[MSG][0m itr   289, best 5577.1191, time  417.4, minPhero 0.01(232), stagnancy 2.7%
[35m[MSG][0m itr   290, best 5577.1191, time  418.8, minPhero 0.01(232), stagnancy 3.0%
[35m[MSG][0m itr   291, best 5577.1191, time  420.3, minPhero 0.01(232), stagnancy 3.3%
[35m[MSG][0m itr   292, best 5577.1191, time  421.7, minPhero 0.01(232), stagnancy 3.7%
[35m[MSG][0m itr   293, best 5577.1191, time  423.1, minPhero 0.01(232), stagnancy 4.0%
[35m[MSG][0m itr   294, best 5577.1191, time  424.6, minPhero 0.01(232), stagnancy 4.3%
[35m[MSG][0m itr   295, best 5577.1191, time  426.0, minPhero 0.01(232), stagnancy 4.7%
[35m[MSG][0m itr   296, best 5577.1191, time  427.5, minPhero 0.01(232), stagnancy 5.0%
[35m[MSG][0m itr   297, best 5577.1191, time  428.9, minPhero 0.01(232), stagnancy 5.3%
[35m[MSG][0m itr   298, best 5577.1191, time  430.4, minPhero 0.01(232), stagnancy 5.7%
[35m[MSG][0m itr   299, best 5577.1191, time  431.8, minPhero 0.01(232), stagnancy 6.0%
[35m[MSG][0m itr   300, best 5577.1191, time  433.2, minPhero 0.01(232), stagnancy 6.3%
[35m[MSG][0m itr   301, best 5577.1191, time  434.6, minPhero 0.01(232), stagnancy 6.7%
[35m[MSG][0m itr   302, best 5577.1191, time  436.0, minPhero 0.01(232), stagnancy 7.0%
[35m[MSG][0m itr   303, best 5577.1191, time  437.5, minPhero 0.01(232), stagnancy 7.3%
[35m[MSG][0m itr   304, best 5577.1191, time  438.9, minPhero 0.01(232), stagnancy 7.7%
[35m[MSG][0m itr   305, best 5577.1191, time  440.4, minPhero 0.01(232), stagnancy 8.0%
[35m[MSG][0m itr   306, best 5577.1191, time  441.8, minPhero 0.01(232), stagnancy 8.3%
[35m[MSG][0m itr   307, best 5577.1191, time  443.3, minPhero 0.01(232), stagnancy 8.7%
[35m[MSG][0m itr   308, best 5577.1191, time  444.7, minPhero 0.01(232), stagnancy 9.0%
[35m[MSG][0m itr   309, best 5577.1191, time  446.1, minPhero 0.01(232), stagnancy 9.3%
[35m[MSG][0m itr   310, best 5577.1191, time  447.6, minPhero 0.01(232), stagnancy 9.7%
[35m[MSG][0m itr   311, best 5577.1191, time  449.0, minPhero 0.01(232), stagnancy 10.0%
[35m[MSG][0m itr   312, best 5577.1191, time  450.5, minPhero 0.01(232), stagnancy 10.3%
[35m[MSG][0m itr   313, best 5577.1191, time  451.9, minPhero 0.01(232), stagnancy 10.7%
[35m[MSG][0m itr   314, best 5577.1191, time  453.3, minPhero 0.01(232), stagnancy 11.0%
[35m[MSG][0m itr   315, best 5577.1191, time  454.8, minPhero 0.01(232), stagnancy 11.3%
[35m[MSG][0m itr   316, best 5577.1191, time  456.2, minPhero 0.01(232), stagnancy 11.7%
[35m[MSG][0m itr   317, best 5577.1191, time  457.6, minPhero 0.01(232), stagnancy 12.0%
[35m[MSG][0m itr   318, best 5577.1191, time  459.1, minPhero 0.01(232), stagnancy 12.3%
[35m[MSG][0m itr   319, best 5577.1191, time  460.6, minPhero 0.01(232), stagnancy 12.7%
[35m[MSG][0m itr   320, best 5577.1191, time  462.0, minPhero 0.01(232), stagnancy 13.0%
[35m[MSG][0m itr   321, best 5577.1191, time  463.5, minPhero 0.01(232), stagnancy 13.3%
[35m[MSG][0m itr   322, best 5577.1191, time  464.9, minPhero 0.01(232), stagnancy 13.7%
[35m[MSG][0m itr   323, best 5577.1191, time  466.2, minPhero 0.01(232), stagnancy 14.0%
[35m[MSG][0m itr   324, best 5577.1191, time  467.6, minPhero 0.01(232), stagnancy 14.3%
[35m[MSG][0m itr   325, best 5577.1191, time  469.0, minPhero 0.01(232), stagnancy 14.7%
[35m[MSG][0m itr   326, best 5577.1191, time  470.5, minPhero 0.01(232), stagnancy 15.0%
[35m[MSG][0m itr   327, best 5577.1191, time  471.9, minPhero 0.01(232), stagnancy 15.3%
[35m[MSG][0m itr   328, best 5577.1191, time  473.3, minPhero 0.01(232), stagnancy 15.7%
[35m[MSG][0m itr   329, best 5577.1191, time  474.8, minPhero 0.01(232), stagnancy 16.0%
[35m[MSG][0m itr   330, best 5577.1191, time  476.2, minPhero 0.01(232), stagnancy 16.3%
[35m[MSG][0m itr   331, best 5577.1191, time  477.7, minPhero 0.01(232), stagnancy 16.7%
[35m[MSG][0m itr   332, best 5577.1191, time  479.1, minPhero 0.01(232), stagnancy 17.0%
[35m[MSG][0m itr   333, best 5577.1191, time  480.6, minPhero 0.01(232), stagnancy 17.3%
[35m[MSG][0m itr   334, best 5577.1191, time  482.0, minPhero 0.01(232), stagnancy 17.7%
[35m[MSG][0m itr   335, best 5577.1191, time  483.5, minPhero 0.01(232), stagnancy 18.0%
[35m[MSG][0m itr   336, best 5577.1191, time  484.9, minPhero 0.01(232), stagnancy 18.3%
[35m[MSG][0m itr   337, best 5572.3252, time  486.3, minPhero 0.01(238), stagnancy 0.0%
[35m[MSG][0m itr   338, best 5572.3252, time  487.8, minPhero 0.01(238), stagnancy 0.3%
[35m[MSG][0m itr   339, best 5572.3252, time  489.3, minPhero 0.01(238), stagnancy 0.7%
[35m[MSG][0m itr   340, best 5572.3252, time  490.7, minPhero 0.01(238), stagnancy 1.0%
[35m[MSG][0m itr   341, best 5572.3247, time  492.1, minPhero 0.01(238), stagnancy 0.0%
[35m[MSG][0m itr   342, best 5572.3247, time  493.6, minPhero 0.01(238), stagnancy 0.3%
[35m[MSG][0m itr   343, best 5572.3247, time  495.1, minPhero 0.01(238), stagnancy 0.7%
[35m[MSG][0m itr   344, best 5572.3247, time  496.5, minPhero 0.01(238), stagnancy 1.0%
[35m[MSG][0m itr   345, best 5572.3247, time  497.9, minPhero 0.01(238), stagnancy 1.3%
[35m[MSG][0m itr   346, best 5572.3247, time  499.4, minPhero 0.01(238), stagnancy 1.7%
[35m[MSG][0m itr   347, best 5572.3247, time  500.9, minPhero 0.01(238), stagnancy 2.0%
[35m[MSG][0m itr   348, best 5572.3247, time  502.3, minPhero 0.01(238), stagnancy 2.3%
[35m[MSG][0m itr   349, best 5572.3247, time  503.8, minPhero 0.01(238), stagnancy 2.7%
[35m[MSG][0m itr   350, best 5572.3247, time  505.2, minPhero 0.01(238), stagnancy 3.0%
[35m[MSG][0m itr   351, best 5572.3247, time  506.7, minPhero 0.01(238), stagnancy 3.3%
[35m[MSG][0m itr   352, best 5572.3247, time  508.1, minPhero 0.01(238), stagnancy 3.7%
[35m[MSG][0m itr   353, best 5572.3247, time  509.6, minPhero 0.01(238), stagnancy 4.0%
[35m[MSG][0m itr   354, best 5572.3247, time  511.0, minPhero 0.01(238), stagnancy 4.3%
[35m[MSG][0m itr   355, best 5572.3247, time  512.5, minPhero 0.01(238), stagnancy 4.7%
[35m[MSG][0m itr   356, best 5572.3247, time  513.9, minPhero 0.01(238), stagnancy 5.0%
[35m[MSG][0m itr   357, best 5572.3247, time  515.4, minPhero 0.01(238), stagnancy 5.3%
[35m[MSG][0m itr   358, best 5572.3247, time  516.8, minPhero 0.01(238), stagnancy 5.7%
[35m[MSG][0m itr   359, best 5572.3247, time  518.2, minPhero 0.01(232), stagnancy 6.0%
[35m[MSG][0m itr   360, best 5572.3247, time  519.7, minPhero 0.01(232), stagnancy 6.3%
[35m[MSG][0m itr   361, best 5572.3247, time  521.1, minPhero 0.01(232), stagnancy 6.7%
[35m[MSG][0m itr   362, best 5572.3247, time  522.5, minPhero 0.01(232), stagnancy 7.0%
[35m[MSG][0m itr   363, best 5572.3247, time  524.0, minPhero 0.01(232), stagnancy 7.3%
[35m[MSG][0m itr   364, best 5572.3247, time  525.4, minPhero 0.01(232), stagnancy 7.7%
[35m[MSG][0m itr   365, best 5572.3247, time  526.9, minPhero 0.01(232), stagnancy 8.0%
[35m[MSG][0m itr   366, best 5572.3247, time  528.3, minPhero 0.01(232), stagnancy 8.3%
[35m[MSG][0m itr   367, best 5572.3247, time  529.8, minPhero 0.01(232), stagnancy 8.7%
[35m[MSG][0m itr   368, best 5572.3247, time  531.2, minPhero 0.01(232), stagnancy 9.0%
[35m[MSG][0m itr   369, best 5572.3247, time  532.6, minPhero 0.01(232), stagnancy 9.3%
[35m[MSG][0m itr   370, best 5572.3247, time  534.0, minPhero 0.01(232), stagnancy 9.7%
[35m[MSG][0m itr   371, best 5572.3247, time  535.5, minPhero 0.01(232), stagnancy 10.0%
[35m[MSG][0m itr   372, best 5572.3247, time  536.9, minPhero 0.01(232), stagnancy 10.3%
[35m[MSG][0m itr   373, best 5572.3247, time  538.4, minPhero 0.01(232), stagnancy 10.7%
[35m[MSG][0m itr   374, best 5572.3247, time  539.8, minPhero 0.01(232), stagnancy 11.0%
[35m[MSG][0m itr   375, best 5572.3247, time  541.2, minPhero 0.01(232), stagnancy 11.3%
[35m[MSG][0m itr   376, best 5571.9180, time  542.7, minPhero 0.01(239), stagnancy 0.0%
[35m[MSG][0m itr   377, best 5571.9180, time  544.2, minPhero 0.01(239), stagnancy 0.3%
[35m[MSG][0m itr   378, best 5571.9180, time  545.6, minPhero 0.01(239), stagnancy 0.7%
[35m[MSG][0m itr   379, best 5571.9180, time  547.0, minPhero 0.01(239), stagnancy 1.0%
[35m[MSG][0m itr   380, best 5571.9180, time  548.5, minPhero 0.01(239), stagnancy 1.3%
[35m[MSG][0m itr   381, best 5571.9180, time  550.0, minPhero 0.01(239), stagnancy 1.7%
[35m[MSG][0m itr   382, best 5571.9180, time  551.4, minPhero 0.01(239), stagnancy 2.0%
[35m[MSG][0m itr   383, best 5571.9180, time  552.9, minPhero 0.01(239), stagnancy 2.3%
[35m[MSG][0m itr   384, best 5571.9180, time  554.3, minPhero 0.01(239), stagnancy 2.7%
[35m[MSG][0m itr   385, best 5571.6074, time  555.8, minPhero 0.01(241), stagnancy 0.0%
[35m[MSG][0m itr   386, best 5571.6074, time  557.3, minPhero 0.01(241), stagnancy 0.3%
[35m[MSG][0m itr   387, best 5571.6069, time  558.7, minPhero 0.01(241), stagnancy 0.0%
[35m[MSG][0m itr   388, best 5571.6069, time  560.2, minPhero 0.01(241), stagnancy 0.3%
[35m[MSG][0m itr   389, best 5571.6069, time  561.6, minPhero 0.01(241), stagnancy 0.7%
[35m[MSG][0m itr   390, best 5571.6069, time  563.1, minPhero 0.01(241), stagnancy 1.0%
[35m[MSG][0m itr   391, best 5571.6069, time  564.5, minPhero 0.01(241), stagnancy 1.3%
[35m[MSG][0m itr   392, best 5571.6069, time  565.9, minPhero 0.01(241), stagnancy 1.7%
[35m[MSG][0m itr   393, best 5571.6069, time  567.4, minPhero 0.01(241), stagnancy 2.0%
[35m[MSG][0m itr   394, best 5571.6069, time  568.8, minPhero 0.01(241), stagnancy 2.3%
[35m[MSG][0m itr   395, best 5571.6069, time  570.2, minPhero 0.01(241), stagnancy 2.7%
[35m[MSG][0m itr   396, best 5571.6069, time  571.6, minPhero 0.01(241), stagnancy 3.0%
[35m[MSG][0m itr   397, best 5571.6069, time  573.1, minPhero 0.01(241), stagnancy 3.3%
[35m[MSG][0m itr   398, best 5571.6069, time  574.5, minPhero 0.01(234), stagnancy 3.7%
[35m[MSG][0m itr   399, best 5571.6069, time  576.0, minPhero 0.01(234), stagnancy 4.0%
[35m[MSG][0m itr   400, best 5571.6069, time  577.4, minPhero 0.01(234), stagnancy 4.3%
[35m[MSG][0m itr   401, best 5571.6064, time  578.8, minPhero 0.01(234), stagnancy 0.0%
[35m[MSG][0m itr   402, best 5571.6064, time  580.3, minPhero 0.01(234), stagnancy 0.3%
[35m[MSG][0m itr   403, best 5571.6064, time  581.7, minPhero 0.01(234), stagnancy 0.7%
[35m[MSG][0m itr   404, best 5571.6064, time  583.1, minPhero 0.01(234), stagnancy 1.0%
[35m[MSG][0m itr   405, best 5571.6064, time  584.5, minPhero 0.01(234), stagnancy 1.3%
[35m[MSG][0m itr   406, best 5571.6064, time  586.0, minPhero 0.01(233), stagnancy 1.7%
[35m[MSG][0m itr   407, best 5571.6064, time  587.4, minPhero 0.01(232), stagnancy 2.0%
[35m[MSG][0m itr   408, best 5571.6064, time  588.9, minPhero 0.01(232), stagnancy 2.3%
[35m[MSG][0m itr   409, best 5571.6064, time  590.3, minPhero 0.01(232), stagnancy 2.7%
[35m[MSG][0m itr   410, best 5571.6064, time  591.8, minPhero 0.01(232), stagnancy 3.0%
[35m[MSG][0m itr   411, best 5571.6064, time  593.2, minPhero 0.01(232), stagnancy 3.3%
[35m[MSG][0m itr   412, best 5571.6064, time  594.6, minPhero 0.01(232), stagnancy 3.7%
[35m[MSG][0m itr   413, best 5571.6064, time  596.1, minPhero 0.01(232), stagnancy 4.0%
[35m[MSG][0m itr   414, best 5571.6064, time  597.5, minPhero 0.01(232), stagnancy 4.3%
[35m[MSG][0m itr   415, best 5571.6064, time  599.0, minPhero 0.01(232), stagnancy 4.7%
[35m[MSG][0m itr   416, best 5571.6064, time  600.4, minPhero 0.01(232), stagnancy 5.0%
[35m[MSG][0m itr   417, best 5571.6064, time  601.9, minPhero 0.01(232), stagnancy 5.3%
[35m[MSG][0m itr   418, best 5571.6064, time  603.3, minPhero 0.01(232), stagnancy 5.7%
[35m[MSG][0m itr   419, best 5571.6064, time  604.6, minPhero 0.01(232), stagnancy 6.0%
[35m[MSG][0m itr   420, best 5571.6064, time  606.0, minPhero 0.01(232), stagnancy 6.3%
[35m[MSG][0m itr   421, best 5571.6064, time  607.4, minPhero 0.01(232), stagnancy 6.7%
[35m[MSG][0m itr   422, best 5571.6064, time  608.9, minPhero 0.01(232), stagnancy 7.0%
[35m[MSG][0m itr   423, best 5571.6064, time  610.3, minPhero 0.01(232), stagnancy 7.3%
[35m[MSG][0m itr   424, best 5571.6064, time  611.8, minPhero 0.01(232), stagnancy 7.7%
[35m[MSG][0m itr   425, best 5571.6064, time  613.2, minPhero 0.01(232), stagnancy 8.0%
[35m[MSG][0m itr   426, best 5571.6064, time  614.7, minPhero 0.01(232), stagnancy 8.3%
[35m[MSG][0m itr   427, best 5571.6064, time  616.1, minPhero 0.01(232), stagnancy 8.7%
[35m[MSG][0m itr   428, best 5571.6064, time  617.5, minPhero 0.01(232), stagnancy 9.0%
[35m[MSG][0m itr   429, best 5571.6064, time  619.0, minPhero 0.01(232), stagnancy 9.3%
[35m[MSG][0m itr   430, best 5571.6064, time  620.5, minPhero 0.01(232), stagnancy 9.7%
[35m[MSG][0m itr   431, best 5571.6064, time  621.9, minPhero 0.01(232), stagnancy 10.0%
[35m[MSG][0m itr   432, best 5571.6064, time  623.4, minPhero 0.01(232), stagnancy 10.3%
[35m[MSG][0m itr   433, best 5571.6064, time  624.8, minPhero 0.01(232), stagnancy 10.7%
[35m[MSG][0m itr   434, best 5571.6064, time  626.3, minPhero 0.01(232), stagnancy 11.0%
[35m[MSG][0m itr   435, best 5571.6064, time  627.7, minPhero 0.01(232), stagnancy 11.3%
[35m[MSG][0m itr   436, best 5571.6064, time  629.1, minPhero 0.01(232), stagnancy 11.7%
[35m[MSG][0m itr   437, best 5571.6064, time  630.6, minPhero 0.01(232), stagnancy 12.0%
[35m[MSG][0m itr   438, best 5571.6064, time  631.9, minPhero 0.01(232), stagnancy 12.3%
[35m[MSG][0m itr   439, best 5571.6064, time  633.3, minPhero 0.01(232), stagnancy 12.7%
[35m[MSG][0m itr   440, best 5571.6064, time  634.7, minPhero 0.01(232), stagnancy 13.0%
[35m[MSG][0m itr   441, best 5571.6064, time  636.1, minPhero 0.01(232), stagnancy 13.3%
[35m[MSG][0m itr   442, best 5571.6064, time  637.5, minPhero 0.01(232), stagnancy 13.7%
[35m[MSG][0m itr   443, best 5571.6064, time  638.9, minPhero 0.01(232), stagnancy 14.0%
[35m[MSG][0m itr   444, best 5571.6064, time  640.4, minPhero 0.01(232), stagnancy 14.3%
[35m[MSG][0m itr   445, best 5571.6064, time  641.7, minPhero 0.01(232), stagnancy 14.7%
[35m[MSG][0m itr   446, best 5571.6064, time  643.2, minPhero 0.01(232), stagnancy 15.0%
[35m[MSG][0m itr   447, best 5571.6064, time  644.5, minPhero 0.01(232), stagnancy 15.3%
[35m[MSG][0m itr   448, best 5571.6064, time  645.8, minPhero 0.01(232), stagnancy 15.7%
[35m[MSG][0m itr   449, best 5571.6064, time  647.2, minPhero 0.01(232), stagnancy 16.0%
[35m[MSG][0m itr   450, best 5571.6064, time  648.5, minPhero 0.01(232), stagnancy 16.3%
[35m[MSG][0m itr   451, best 5571.6064, time  650.0, minPhero 0.01(232), stagnancy 16.7%
[35m[MSG][0m itr   452, best 5571.6064, time  651.4, minPhero 0.01(232), stagnancy 17.0%
[35m[MSG][0m itr   453, best 5571.6064, time  652.9, minPhero 0.01(232), stagnancy 17.3%
[35m[MSG][0m itr   454, best 5571.6064, time  654.2, minPhero 0.01(232), stagnancy 17.7%
[35m[MSG][0m itr   455, best 5571.6064, time  655.7, minPhero 0.01(232), stagnancy 18.0%
[35m[MSG][0m itr   456, best 5571.6064, time  657.0, minPhero 0.01(232), stagnancy 18.3%
[35m[MSG][0m itr   457, best 5571.6064, time  658.4, minPhero 0.01(232), stagnancy 18.7%
[35m[MSG][0m itr   458, best 5571.6064, time  659.8, minPhero 0.01(232), stagnancy 19.0%
[35m[MSG][0m itr   459, best 5571.6064, time  661.3, minPhero 0.01(232), stagnancy 19.3%
[35m[MSG][0m itr   460, best 5571.6064, time  662.7, minPhero 0.01(232), stagnancy 19.7%
[35m[MSG][0m itr   461, best 5571.6064, time  664.2, minPhero 0.01(232), stagnancy 20.0%
[35m[MSG][0m itr   462, best 5571.6064, time  665.6, minPhero 0.01(232), stagnancy 20.3%
[35m[MSG][0m itr   463, best 5571.6064, time  667.0, minPhero 0.01(232), stagnancy 20.7%
[35m[MSG][0m itr   464, best 5571.6064, time  668.5, minPhero 0.01(232), stagnancy 21.0%
[35m[MSG][0m itr   465, best 5571.6064, time  669.9, minPhero 0.01(232), stagnancy 21.3%
[35m[MSG][0m itr   466, best 5571.6064, time  671.4, minPhero 0.01(232), stagnancy 21.7%
[35m[MSG][0m itr   467, best 5571.6064, time  672.8, minPhero 0.01(232), stagnancy 22.0%
[35m[MSG][0m itr   468, best 5571.6064, time  674.3, minPhero 0.01(232), stagnancy 22.3%
[35m[MSG][0m itr   469, best 5571.6064, time  675.7, minPhero 0.01(232), stagnancy 22.7%
[35m[MSG][0m itr   470, best 5571.6064, time  677.1, minPhero 0.01(232), stagnancy 23.0%
[35m[MSG][0m itr   471, best 5571.6064, time  678.6, minPhero 0.01(232), stagnancy 23.3%
[35m[MSG][0m itr   472, best 5571.6064, time  680.0, minPhero 0.01(232), stagnancy 23.7%
[35m[MSG][0m itr   473, best 5571.6064, time  681.4, minPhero 0.01(232), stagnancy 24.0%
[35m[MSG][0m itr   474, best 5571.6064, time  682.9, minPhero 0.01(232), stagnancy 24.3%
[35m[MSG][0m itr   475, best 5571.6064, time  684.3, minPhero 0.01(232), stagnancy 24.7%
[35m[MSG][0m itr   476, best 5571.6064, time  685.8, minPhero 0.01(232), stagnancy 25.0%
[35m[MSG][0m itr   477, best 5571.6064, time  687.3, minPhero 0.01(232), stagnancy 25.3%
[35m[MSG][0m itr   478, best 5571.6064, time  688.7, minPhero 0.01(232), stagnancy 25.7%
[35m[MSG][0m itr   479, best 5571.6064, time  690.1, minPhero 0.01(232), stagnancy 26.0%
[35m[MSG][0m itr   480, best 5571.6064, time  691.5, minPhero 0.01(232), stagnancy 26.3%
[35m[MSG][0m itr   481, best 5571.6064, time  693.0, minPhero 0.01(232), stagnancy 26.7%
[35m[MSG][0m itr   482, best 5571.6064, time  694.5, minPhero 0.01(232), stagnancy 27.0%
[35m[MSG][0m itr   483, best 5571.6064, time  695.9, minPhero 0.01(232), stagnancy 27.3%
[35m[MSG][0m itr   484, best 5571.6064, time  697.4, minPhero 0.01(232), stagnancy 27.7%
[35m[MSG][0m itr   485, best 5571.6064, time  698.8, minPhero 0.01(232), stagnancy 28.0%
[35m[MSG][0m itr   486, best 5571.6064, time  700.3, minPhero 0.01(232), stagnancy 28.3%
[35m[MSG][0m itr   487, best 5571.6064, time  701.7, minPhero 0.01(232), stagnancy 28.7%
[35m[MSG][0m itr   488, best 5571.6064, time  703.0, minPhero 0.01(232), stagnancy 29.0%
[35m[MSG][0m itr   489, best 5571.6064, time  704.4, minPhero 0.01(232), stagnancy 29.3%
[35m[MSG][0m itr   490, best 5571.6064, time  705.9, minPhero 0.01(232), stagnancy 29.7%
[35m[MSG][0m itr   491, best 5571.6064, time  707.3, minPhero 0.01(232), stagnancy 30.0%
[35m[MSG][0m itr   492, best 5571.6064, time  708.8, minPhero 0.01(232), stagnancy 30.3%
[35m[MSG][0m itr   493, best 5571.6064, time  710.2, minPhero 0.01(232), stagnancy 30.7%
[35m[MSG][0m itr   494, best 5571.6064, time  711.7, minPhero 0.01(232), stagnancy 31.0%
[35m[MSG][0m itr   495, best 5571.6064, time  713.1, minPhero 0.01(232), stagnancy 31.3%
[35m[MSG][0m itr   496, best 5571.6064, time  714.5, minPhero 0.01(232), stagnancy 31.7%
[35m[MSG][0m itr   497, best 5571.6064, time  716.0, minPhero 0.01(232), stagnancy 32.0%
[35m[MSG][0m itr   498, best 5571.6064, time  717.4, minPhero 0.01(232), stagnancy 32.3%
[35m[MSG][0m itr   499, best 5571.6064, time  718.9, minPhero 0.01(232), stagnancy 32.7%
[35m[MSG][0m itr   500, best 5571.6064, time  720.4, minPhero 0.01(232), stagnancy 33.0%
[35m[MSG][0m itr   501, best 5571.6064, time  721.8, minPhero 0.01(232), stagnancy 33.3%
[35m[MSG][0m itr   502, best 5571.6064, time  723.1, minPhero 0.01(232), stagnancy 33.7%
[35m[MSG][0m itr   503, best 5571.6064, time  724.4, minPhero 0.01(232), stagnancy 34.0%
[35m[MSG][0m itr   504, best 5571.6064, time  725.9, minPhero 0.01(232), stagnancy 34.3%
[35m[MSG][0m itr   505, best 5571.6064, time  727.4, minPhero 0.01(232), stagnancy 34.7%
[35m[MSG][0m itr   506, best 5571.6064, time  728.8, minPhero 0.01(232), stagnancy 35.0%
[35m[MSG][0m itr   507, best 5571.6064, time  730.2, minPhero 0.01(232), stagnancy 35.3%
[35m[MSG][0m itr   508, best 5571.6064, time  731.7, minPhero 0.01(232), stagnancy 35.7%
[35m[MSG][0m itr   509, best 5571.6064, time  733.1, minPhero 0.01(232), stagnancy 36.0%
[35m[MSG][0m itr   510, best 5571.6064, time  734.6, minPhero 0.01(232), stagnancy 36.3%
[35m[MSG][0m itr   511, best 5571.6064, time  736.0, minPhero 0.01(232), stagnancy 36.7%
[35m[MSG][0m itr   512, best 5571.6064, time  737.4, minPhero 0.01(232), stagnancy 37.0%
[35m[MSG][0m itr   513, best 5571.6064, time  738.9, minPhero 0.01(232), stagnancy 37.3%
[35m[MSG][0m itr   514, best 5571.6064, time  740.3, minPhero 0.01(232), stagnancy 37.7%
[35m[MSG][0m itr   515, best 5571.6064, time  741.8, minPhero 0.01(232), stagnancy 38.0%
[35m[MSG][0m itr   516, best 5571.6064, time  743.2, minPhero 0.01(232), stagnancy 38.3%
[35m[MSG][0m itr   517, best 5571.6064, time  744.7, minPhero 0.01(232), stagnancy 38.7%
[35m[MSG][0m itr   518, best 5571.6064, time  746.1, minPhero 0.01(232), stagnancy 39.0%
[35m[MSG][0m itr   519, best 5571.6064, time  747.5, minPhero 0.01(232), stagnancy 39.3%
[35m[MSG][0m itr   520, best 5571.6064, time  749.0, minPhero 0.01(232), stagnancy 39.7%
[35m[MSG][0m itr   521, best 5571.6064, time  750.4, minPhero 0.01(232), stagnancy 40.0%
[35m[MSG][0m itr   522, best 5571.6064, time  751.9, minPhero 0.01(232), stagnancy 40.3%
[35m[MSG][0m itr   523, best 5571.6064, time  753.3, minPhero 0.01(232), stagnancy 40.7%
[35m[MSG][0m itr   524, best 5571.6064, time  754.7, minPhero 0.01(232), stagnancy 41.0%
[35m[MSG][0m itr   525, best 5571.6064, time  756.2, minPhero 0.01(232), stagnancy 41.3%
[35m[MSG][0m itr   526, best 5571.6064, time  757.6, minPhero 0.01(232), stagnancy 41.7%
[35m[MSG][0m itr   527, best 5571.6064, time  759.1, minPhero 0.01(232), stagnancy 42.0%
[35m[MSG][0m itr   528, best 5571.6064, time  760.5, minPhero 0.01(232), stagnancy 42.3%
[35m[MSG][0m itr   529, best 5571.6064, time  762.0, minPhero 0.01(232), stagnancy 42.7%
[35m[MSG][0m itr   530, best 5571.6064, time  763.4, minPhero 0.01(232), stagnancy 43.0%
[35m[MSG][0m itr   531, best 5571.6064, time  764.7, minPhero 0.01(232), stagnancy 43.3%
[35m[MSG][0m itr   532, best 5571.6064, time  766.0, minPhero 0.01(232), stagnancy 43.7%
[35m[MSG][0m itr   533, best 5571.6064, time  767.5, minPhero 0.01(232), stagnancy 44.0%
[35m[MSG][0m itr   534, best 5571.6064, time  768.9, minPhero 0.01(232), stagnancy 44.3%
[35m[MSG][0m itr   535, best 5571.6064, time  770.3, minPhero 0.01(232), stagnancy 44.7%
[35m[MSG][0m itr   536, best 5571.6064, time  771.6, minPhero 0.01(232), stagnancy 45.0%
[35m[MSG][0m itr   537, best 5571.6064, time  773.0, minPhero 0.01(232), stagnancy 45.3%
[35m[MSG][0m itr   538, best 5571.6064, time  774.5, minPhero 0.01(232), stagnancy 45.7%
[35m[MSG][0m itr   539, best 5571.6064, time  775.9, minPhero 0.01(232), stagnancy 46.0%
[35m[MSG][0m itr   540, best 5571.6064, time  777.3, minPhero 0.01(232), stagnancy 46.3%
[35m[MSG][0m itr   541, best 5571.6064, time  778.8, minPhero 0.01(232), stagnancy 46.7%
[35m[MSG][0m itr   542, best 5571.6064, time  780.2, minPhero 0.01(232), stagnancy 47.0%
[35m[MSG][0m itr   543, best 5571.6064, time  781.6, minPhero 0.01(232), stagnancy 47.3%
[35m[MSG][0m itr   544, best 5571.6064, time  783.1, minPhero 0.01(232), stagnancy 47.7%
[35m[MSG][0m itr   545, best 5571.6064, time  784.4, minPhero 0.01(232), stagnancy 48.0%
[35m[MSG][0m itr   546, best 5571.6064, time  785.9, minPhero 0.01(232), stagnancy 48.3%
[35m[MSG][0m itr   547, best 5571.6064, time  787.3, minPhero 0.01(232), stagnancy 48.7%
[35m[MSG][0m itr   548, best 5571.6064, time  788.8, minPhero 0.01(232), stagnancy 49.0%
[35m[MSG][0m itr   549, best 5571.6064, time  790.2, minPhero 0.01(232), stagnancy 49.3%
[35m[MSG][0m itr   550, best 5571.6064, time  791.6, minPhero 0.01(232), stagnancy 49.7%
[35m[MSG][0m itr   551, best 5571.6064, time  793.1, minPhero 0.01(232), stagnancy 50.0%
[35m[MSG][0m itr   552, best 5571.6064, time  794.5, minPhero 0.01(232), stagnancy 50.3%
[35m[MSG][0m itr   553, best 5571.6064, time  795.9, minPhero 0.01(232), stagnancy 50.7%
[35m[MSG][0m itr   554, best 5571.6064, time  797.2, minPhero 0.01(232), stagnancy 51.0%
[35m[MSG][0m itr   555, best 5571.6064, time  798.7, minPhero 0.01(232), stagnancy 51.3%
[35m[MSG][0m itr   556, best 5571.6064, time  800.1, minPhero 0.01(232), stagnancy 51.7%
[35m[MSG][0m itr   557, best 5571.6064, time  801.5, minPhero 0.01(232), stagnancy 52.0%
[35m[MSG][0m itr   558, best 5571.6064, time  802.9, minPhero 0.01(232), stagnancy 52.3%
[35m[MSG][0m itr   559, best 5571.6064, time  804.3, minPhero 0.01(232), stagnancy 52.7%
[35m[MSG][0m itr   560, best 5571.6064, time  805.7, minPhero 0.01(232), stagnancy 53.0%
[35m[MSG][0m itr   561, best 5571.6064, time  807.1, minPhero 0.01(232), stagnancy 53.3%
[35m[MSG][0m itr   562, best 5571.6064, time  808.6, minPhero 0.01(232), stagnancy 53.7%
[35m[MSG][0m itr   563, best 5571.6064, time  810.0, minPhero 0.01(232), stagnancy 54.0%
[35m[MSG][0m itr   564, best 5571.6064, time  811.4, minPhero 0.01(232), stagnancy 54.3%
[35m[MSG][0m itr   565, best 5571.6064, time  812.8, minPhero 0.01(232), stagnancy 54.7%
[35m[MSG][0m itr   566, best 5571.6064, time  814.3, minPhero 0.01(232), stagnancy 55.0%
[35m[MSG][0m itr   567, best 5571.6064, time  815.7, minPhero 0.01(232), stagnancy 55.3%
[35m[MSG][0m itr   568, best 5571.6064, time  817.1, minPhero 0.01(232), stagnancy 55.7%
[35m[MSG][0m itr   569, best 5571.6064, time  818.6, minPhero 0.01(232), stagnancy 56.0%
[35m[MSG][0m itr   570, best 5571.6064, time  820.0, minPhero 0.01(232), stagnancy 56.3%
[35m[MSG][0m itr   571, best 5571.6064, time  821.5, minPhero 0.01(232), stagnancy 56.7%
[35m[MSG][0m itr   572, best 5571.6064, time  822.9, minPhero 0.01(232), stagnancy 57.0%
[35m[MSG][0m itr   573, best 5571.6064, time  824.3, minPhero 0.01(232), stagnancy 57.3%
[35m[MSG][0m itr   574, best 5571.6064, time  825.8, minPhero 0.01(232), stagnancy 57.7%
[35m[MSG][0m itr   575, best 5571.6064, time  827.2, minPhero 0.01(232), stagnancy 58.0%
[35m[MSG][0m itr   576, best 5571.6064, time  828.7, minPhero 0.01(232), stagnancy 58.3%
[35m[MSG][0m itr   577, best 5571.6064, time  830.1, minPhero 0.01(232), stagnancy 58.7%
[35m[MSG][0m itr   578, best 5571.6064, time  831.5, minPhero 0.01(232), stagnancy 59.0%
[35m[MSG][0m itr   579, best 5571.6064, time  833.0, minPhero 0.01(232), stagnancy 59.3%
[35m[MSG][0m itr   580, best 5571.6064, time  834.4, minPhero 0.01(232), stagnancy 59.7%
[35m[MSG][0m itr   581, best 5571.6064, time  835.9, minPhero 0.01(232), stagnancy 60.0%
[35m[MSG][0m itr   582, best 5571.6064, time  837.3, minPhero 0.01(232), stagnancy 60.3%
[35m[MSG][0m itr   583, best 5571.6064, time  838.8, minPhero 0.01(232), stagnancy 60.7%
[35m[MSG][0m itr   584, best 5571.6064, time  840.2, minPhero 0.01(232), stagnancy 61.0%
[35m[MSG][0m itr   585, best 5571.6064, time  841.7, minPhero 0.01(232), stagnancy 61.3%
[35m[MSG][0m itr   586, best 5571.6064, time  843.1, minPhero 0.01(232), stagnancy 61.7%
[35m[MSG][0m itr   587, best 5571.6064, time  844.5, minPhero 0.01(232), stagnancy 62.0%
[35m[MSG][0m itr   588, best 5571.6064, time  845.9, minPhero 0.01(232), stagnancy 62.3%
[35m[MSG][0m itr   589, best 5571.6064, time  847.4, minPhero 0.01(232), stagnancy 62.7%
[35m[MSG][0m itr   590, best 5571.6064, time  848.8, minPhero 0.01(232), stagnancy 63.0%
[35m[MSG][0m itr   591, best 5571.6064, time  850.1, minPhero 0.01(232), stagnancy 63.3%
[35m[MSG][0m itr   592, best 5571.6064, time  851.6, minPhero 0.01(232), stagnancy 63.7%
[35m[MSG][0m itr   593, best 5571.6064, time  853.0, minPhero 0.01(232), stagnancy 64.0%
[35m[MSG][0m itr   594, best 5571.6064, time  854.5, minPhero 0.01(232), stagnancy 64.3%
[35m[MSG][0m itr   595, best 5571.6064, time  855.9, minPhero 0.01(232), stagnancy 64.7%
[35m[MSG][0m itr   596, best 5571.6064, time  857.4, minPhero 0.01(232), stagnancy 65.0%
[35m[MSG][0m itr   597, best 5571.6064, time  858.8, minPhero 0.01(232), stagnancy 65.3%
[35m[MSG][0m itr   598, best 5571.6064, time  860.3, minPhero 0.01(232), stagnancy 65.7%
[35m[MSG][0m itr   599, best 5571.6064, time  861.7, minPhero 0.01(232), stagnancy 66.0%
[35m[MSG][0m itr   600, best 5571.6064, time  863.1, minPhero 0.01(232), stagnancy 66.3%
[35m[MSG][0m itr   601, best 5571.6064, time  864.6, minPhero 0.01(232), stagnancy 66.7%
[35m[MSG][0m itr   602, best 5571.6064, time  866.0, minPhero 0.01(232), stagnancy 67.0%
[35m[MSG][0m itr   603, best 5571.6064, time  867.5, minPhero 0.01(232), stagnancy 67.3%
[35m[MSG][0m itr   604, best 5571.6064, time  868.9, minPhero 0.01(232), stagnancy 67.7%
[35m[MSG][0m itr   605, best 5571.6064, time  870.3, minPhero 0.01(232), stagnancy 68.0%
[35m[MSG][0m itr   606, best 5571.6064, time  871.7, minPhero 0.01(232), stagnancy 68.3%
[35m[MSG][0m itr   607, best 5571.6064, time  873.2, minPhero 0.01(232), stagnancy 68.7%
[35m[MSG][0m itr   608, best 5571.6064, time  874.6, minPhero 0.01(232), stagnancy 69.0%
[35m[MSG][0m itr   609, best 5571.6064, time  876.1, minPhero 0.01(232), stagnancy 69.3%
[35m[MSG][0m itr   610, best 5571.6064, time  877.5, minPhero 0.01(232), stagnancy 69.7%
[35m[MSG][0m itr   611, best 5571.6064, time  879.0, minPhero 0.01(232), stagnancy 70.0%
[35m[MSG][0m itr   612, best 5571.6064, time  880.4, minPhero 0.01(232), stagnancy 70.3%
[35m[MSG][0m itr   613, best 5571.6064, time  881.8, minPhero 0.01(232), stagnancy 70.7%
[35m[MSG][0m itr   614, best 5571.6064, time  883.3, minPhero 0.01(232), stagnancy 71.0%
[35m[MSG][0m itr   615, best 5571.6064, time  884.8, minPhero 0.01(232), stagnancy 71.3%
[35m[MSG][0m itr   616, best 5571.6064, time  886.2, minPhero 0.01(232), stagnancy 71.7%
[35m[MSG][0m itr   617, best 5571.6064, time  887.6, minPhero 0.01(232), stagnancy 72.0%
[35m[MSG][0m itr   618, best 5571.6064, time  889.1, minPhero 0.01(232), stagnancy 72.3%
[35m[MSG][0m itr   619, best 5571.6064, time  890.5, minPhero 0.01(232), stagnancy 72.7%
[35m[MSG][0m itr   620, best 5571.6064, time  892.0, minPhero 0.01(232), stagnancy 73.0%
[35m[MSG][0m itr   621, best 5571.6064, time  893.4, minPhero 0.01(232), stagnancy 73.3%
[35m[MSG][0m itr   622, best 5571.6064, time  894.9, minPhero 0.01(232), stagnancy 73.7%
[35m[MSG][0m itr   623, best 5571.6064, time  896.3, minPhero 0.01(232), stagnancy 74.0%
[35m[MSG][0m itr   624, best 5571.6064, time  897.7, minPhero 0.01(232), stagnancy 74.3%
[35m[MSG][0m itr   625, best 5571.6064, time  899.2, minPhero 0.01(232), stagnancy 74.7%
[35m[MSG][0m itr   626, best 5571.6064, time  900.6, minPhero 0.01(232), stagnancy 75.0%
[35m[MSG][0m itr   627, best 5571.6064, time  902.1, minPhero 0.01(232), stagnancy 75.3%
[35m[MSG][0m itr   628, best 5571.6064, time  903.5, minPhero 0.01(232), stagnancy 75.7%
[35m[MSG][0m itr   629, best 5571.6064, time  905.0, minPhero 0.01(232), stagnancy 76.0%
[35m[MSG][0m itr   630, best 5571.6064, time  906.4, minPhero 0.01(232), stagnancy 76.3%
[35m[MSG][0m itr   631, best 5571.6064, time  907.8, minPhero 0.01(232), stagnancy 76.7%
[35m[MSG][0m itr   632, best 5571.6064, time  909.3, minPhero 0.01(232), stagnancy 77.0%
[35m[MSG][0m itr   633, best 5571.6064, time  910.7, minPhero 0.01(232), stagnancy 77.3%
[35m[MSG][0m itr   634, best 5571.6064, time  912.2, minPhero 0.01(232), stagnancy 77.7%
[35m[MSG][0m itr   635, best 5571.6064, time  913.6, minPhero 0.01(232), stagnancy 78.0%
[35m[MSG][0m itr   636, best 5571.6064, time  915.0, minPhero 0.01(232), stagnancy 78.3%
[35m[MSG][0m itr   637, best 5571.6064, time  916.5, minPhero 0.01(232), stagnancy 78.7%
[35m[MSG][0m itr   638, best 5571.6064, time  917.9, minPhero 0.01(232), stagnancy 79.0%
[35m[MSG][0m itr   639, best 5571.6064, time  919.4, minPhero 0.01(232), stagnancy 79.3%
[35m[MSG][0m itr   640, best 5571.6064, time  920.8, minPhero 0.01(232), stagnancy 79.7%
[35m[MSG][0m itr   641, best 5571.6064, time  922.2, minPhero 0.01(232), stagnancy 80.0%
[35m[MSG][0m itr   642, best 5571.6064, time  923.7, minPhero 0.01(232), stagnancy 80.3%
[35m[MSG][0m itr   643, best 5571.6064, time  925.2, minPhero 0.01(232), stagnancy 80.7%
[35m[MSG][0m itr   644, best 5571.6064, time  926.6, minPhero 0.01(232), stagnancy 81.0%
[35m[MSG][0m itr   645, best 5571.6064, time  928.0, minPhero 0.01(232), stagnancy 81.3%
[35m[MSG][0m itr   646, best 5571.6064, time  929.5, minPhero 0.01(232), stagnancy 81.7%
[35m[MSG][0m itr   647, best 5571.6064, time  930.9, minPhero 0.01(232), stagnancy 82.0%
[35m[MSG][0m itr   648, best 5571.6064, time  932.3, minPhero 0.01(232), stagnancy 82.3%
[35m[MSG][0m itr   649, best 5571.6064, time  933.8, minPhero 0.01(232), stagnancy 82.7%
[35m[MSG][0m itr   650, best 5571.6064, time  935.2, minPhero 0.01(232), stagnancy 83.0%
[35m[MSG][0m itr   651, best 5571.6064, time  936.6, minPhero 0.01(232), stagnancy 83.3%
[35m[MSG][0m itr   652, best 5571.6064, time  938.1, minPhero 0.01(232), stagnancy 83.7%
[35m[MSG][0m itr   653, best 5571.6064, time  939.5, minPhero 0.01(232), stagnancy 84.0%
[35m[MSG][0m itr   654, best 5571.6064, time  941.0, minPhero 0.01(232), stagnancy 84.3%
[35m[MSG][0m itr   655, best 5571.6064, time  942.4, minPhero 0.01(232), stagnancy 84.7%
[35m[MSG][0m itr   656, best 5571.6064, time  943.9, minPhero 0.01(232), stagnancy 85.0%
[35m[MSG][0m itr   657, best 5571.6064, time  945.3, minPhero 0.01(232), stagnancy 85.3%
[35m[MSG][0m itr   658, best 5571.6064, time  946.7, minPhero 0.01(232), stagnancy 85.7%
[35m[MSG][0m itr   659, best 5571.6064, time  948.2, minPhero 0.01(232), stagnancy 86.0%
[35m[MSG][0m itr   660, best 5571.6064, time  949.6, minPhero 0.01(232), stagnancy 86.3%
[35m[MSG][0m itr   661, best 5571.6064, time  951.0, minPhero 0.01(232), stagnancy 86.7%
[35m[MSG][0m itr   662, best 5571.6064, time  952.5, minPhero 0.01(232), stagnancy 87.0%
[35m[MSG][0m itr   663, best 5571.6064, time  953.9, minPhero 0.01(232), stagnancy 87.3%
[35m[MSG][0m itr   664, best 5571.6064, time  955.4, minPhero 0.01(232), stagnancy 87.7%
[35m[MSG][0m itr   665, best 5571.6064, time  956.8, minPhero 0.01(232), stagnancy 88.0%
[35m[MSG][0m itr   666, best 5571.6064, time  958.3, minPhero 0.01(232), stagnancy 88.3%
[35m[MSG][0m itr   667, best 5571.6064, time  959.7, minPhero 0.01(232), stagnancy 88.7%
[35m[MSG][0m itr   668, best 5571.6064, time  961.2, minPhero 0.01(232), stagnancy 89.0%
[35m[MSG][0m itr   669, best 5571.6064, time  962.6, minPhero 0.01(232), stagnancy 89.3%
[35m[MSG][0m itr   670, best 5571.6064, time  964.1, minPhero 0.01(232), stagnancy 89.7%
[35m[MSG][0m itr   671, best 5571.6064, time  965.5, minPhero 0.01(232), stagnancy 90.0%
[35m[MSG][0m itr   672, best 5571.6064, time  966.9, minPhero 0.01(232), stagnancy 90.3%
[35m[MSG][0m itr   673, best 5571.6064, time  968.4, minPhero 0.01(232), stagnancy 90.7%
[35m[MSG][0m itr   674, best 5571.6064, time  969.8, minPhero 0.01(232), stagnancy 91.0%
[35m[MSG][0m itr   675, best 5571.6064, time  971.1, minPhero 0.01(232), stagnancy 91.3%
[35m[MSG][0m itr   676, best 5571.6064, time  972.4, minPhero 0.01(232), stagnancy 91.7%
[35m[MSG][0m itr   677, best 5571.6064, time  973.9, minPhero 0.01(232), stagnancy 92.0%
[35m[MSG][0m itr   678, best 5571.6064, time  975.3, minPhero 0.01(232), stagnancy 92.3%
[35m[MSG][0m itr   679, best 5571.6064, time  976.7, minPhero 0.01(232), stagnancy 92.7%
[35m[MSG][0m itr   680, best 5571.6064, time  978.2, minPhero 0.01(232), stagnancy 93.0%
[35m[MSG][0m itr   681, best 5571.6064, time  979.6, minPhero 0.01(232), stagnancy 93.3%
[35m[MSG][0m itr   682, best 5571.6064, time  981.0, minPhero 0.01(232), stagnancy 93.7%
[35m[MSG][0m itr   683, best 5571.6064, time  982.5, minPhero 0.01(232), stagnancy 94.0%
[35m[MSG][0m itr   684, best 5571.6064, time  983.9, minPhero 0.01(232), stagnancy 94.3%
[35m[MSG][0m itr   685, best 5571.6064, time  985.3, minPhero 0.01(232), stagnancy 94.7%
[35m[MSG][0m itr   686, best 5571.6064, time  986.8, minPhero 0.01(232), stagnancy 95.0%
[35m[MSG][0m itr   687, best 5571.6064, time  988.2, minPhero 0.01(232), stagnancy 95.3%
[35m[MSG][0m itr   688, best 5571.6064, time  989.7, minPhero 0.01(232), stagnancy 95.7%
[35m[MSG][0m itr   689, best 5571.6064, time  991.1, minPhero 0.01(232), stagnancy 96.0%
[35m[MSG][0m itr   690, best 5571.6064, time  992.5, minPhero 0.01(232), stagnancy 96.3%
[35m[MSG][0m itr   691, best 5571.6064, time  994.0, minPhero 0.01(232), stagnancy 96.7%
[35m[MSG][0m itr   692, best 5571.6064, time  995.4, minPhero 0.01(232), stagnancy 97.0%
[35m[MSG][0m itr   693, best 5571.6064, time  996.9, minPhero 0.01(232), stagnancy 97.3%
[35m[MSG][0m itr   694, best 5571.6064, time  998.3, minPhero 0.01(232), stagnancy 97.7%
[35m[MSG][0m itr   695, best 5571.6064, time  999.7, minPhero 0.01(232), stagnancy 98.0%
[35m[MSG][0m itr   696, best 5571.6064, time 1001.2, minPhero 0.01(232), stagnancy 98.3%
[35m[MSG][0m itr   697, best 5571.6064, time 1002.6, minPhero 0.01(232), stagnancy 98.7%
[35m[MSG][0m itr   698, best 5571.6064, time 1004.0, minPhero 0.01(232), stagnancy 99.0%
[35m[MSG][0m itr   699, best 5571.6064, time 1005.5, minPhero 0.01(232), stagnancy 99.3%
[35m[MSG][0m itr   700, best 5571.6064, time 1006.9, minPhero 0.01(232), stagnancy 99.7%
[35m[MSG][0m itr   701, best 5571.6064, time 1008.3, minPhero 0.01(232), stagnancy 100.0%
[35m[MSG][0m Solution converged. Reinitialising pheromones...
[35m[MSG][0m Time: 1008.33 s
[35m[MSG][0m Best cost: 5571.61
