[35m[MSG][0m Log level set to LOG_DEBUG
[35m[MSG][0m Parsing input from file "res/fruitybun250_2016.vrp"
[35m[MSG][0m Number of nodes: 250
[35m[MSG][0m Running ACO search
[35m[MSG][0m ACO settings: 
 alpha:     8.000
 beta:      1.000
 pers:      0.850
 minPhero:  0.015
 nbhood:    10
 popSize:   512
 maxStag:   300
[35m[MSG][0m itr     1, best 5750.1094, time    1.3, minPhero 0.85(28922), stagnancy 0.0%
[35m[MSG][0m itr     2, best 5750.1094, time    2.7, minPhero 0.72(28922), stagnancy 0.3%
[35m[MSG][0m itr     3, best 5730.5571, time    4.1, minPhero 0.61(28922), stagnancy 0.0%
[35m[MSG][0m itr     4, best 5730.5571, time    5.5, minPhero 0.52(28922), stagnancy 0.3%
[35m[MSG][0m itr     5, best 5717.8169, time    6.9, minPhero 0.44(28922), stagnancy 0.0%
[35m[MSG][0m itr     6, best 5694.8223, time    8.4, minPhero 0.38(28922), stagnancy 0.0%
[35m[MSG][0m itr     7, best 5694.8223, time    9.8, minPhero 0.32(28922), stagnancy 0.3%
[35m[MSG][0m itr     8, best 5694.8223, time   11.3, minPhero 0.27(28922), stagnancy 0.7%
[35m[MSG][0m itr     9, best 5694.8223, time   12.7, minPhero 0.23(28922), stagnancy 1.0%
[35m[MSG][0m itr    10, best 5694.8223, time   14.2, minPhero 0.20(28922), stagnancy 1.3%
[35m[MSG][0m itr    11, best 5694.8223, time   15.7, minPhero 0.17(28922), stagnancy 1.7%
[35m[MSG][0m itr    12, best 5694.8223, time   17.1, minPhero 0.14(28922), stagnancy 2.0%
[35m[MSG][0m itr    13, best 5694.8223, time   18.6, minPhero 0.12(28922), stagnancy 2.3%
[35m[MSG][0m itr    14, best 5669.8892, time   20.0, minPhero 0.10(28922), stagnancy 0.0%
[35m[MSG][0m itr    15, best 5669.8892, time   21.5, minPhero 0.09(28922), stagnancy 0.3%
[35m[MSG][0m itr    16, best 5669.8892, time   23.0, minPhero 0.07(28922), stagnancy 0.7%
[35m[MSG][0m itr    17, best 5669.8892, time   24.4, minPhero 0.06(28922), stagnancy 1.0%
[35m[MSG][0m itr    18, best 5656.2139, time   25.9, minPhero 0.05(28922), stagnancy 0.0%
[35m[MSG][0m itr    19, best 5656.2139, time   27.4, minPhero 0.05(28922), stagnancy 0.3%
[35m[MSG][0m itr    20, best 5652.9053, time   28.8, minPhero 0.04(28922), stagnancy 0.0%
[35m[MSG][0m itr    21, best 5652.9053, time   30.3, minPhero 0.03(28922), stagnancy 0.3%
[35m[MSG][0m itr    22, best 5643.4722, time   31.8, minPhero 0.03(28922), stagnancy 0.0%
[35m[MSG][0m itr    23, best 5643.4722, time   33.3, minPhero 0.02(545), stagnancy 0.3%
[35m[MSG][0m itr    24, best 5626.0801, time   34.7, minPhero 0.02(549), stagnancy 0.0%
[35m[MSG][0m itr    25, best 5626.0801, time   36.2, minPhero 0.02(464), stagnancy 0.3%
[35m[MSG][0m itr    26, best 5626.0801, time   37.6, minPhero 0.01(419), stagnancy 0.7%
[35m[MSG][0m itr    27, best 5626.0801, time   39.1, minPhero 0.01(394), stagnancy 1.0%
[35m[MSG][0m itr    28, best 5620.6763, time   40.6, minPhero 0.01(392), stagnancy 0.0%
[35m[MSG][0m itr    29, best 5620.3076, time   42.1, minPhero 0.01(393), stagnancy 0.0%
[35m[MSG][0m itr    30, best 5620.3076, time   43.5, minPhero 0.01(393), stagnancy 0.3%
[35m[MSG][0m itr    31, best 5619.4888, time   45.0, minPhero 0.01(397), stagnancy 0.0%
[35m[MSG][0m itr    32, best 5604.9663, time   46.5, minPhero 0.01(399), stagnancy 0.0%
[35m[MSG][0m itr    33, best 5604.7812, time   47.9, minPhero 0.01(399), stagnancy 0.0%
[35m[MSG][0m itr    34, best 5604.7812, time   49.4, minPhero 0.01(399), stagnancy 0.3%
[35m[MSG][0m itr    35, best 5604.7812, time   50.8, minPhero 0.01(369), stagnancy 0.7%
[35m[MSG][0m itr    36, best 5602.0142, time   52.3, minPhero 0.01(341), stagnancy 0.0%
[35m[MSG][0m itr    37, best 5602.0142, time   53.7, minPhero 0.01(323), stagnancy 0.3%
[35m[MSG][0m itr    38, best 5602.0142, time   55.2, minPhero 0.01(322), stagnancy 0.7%
[35m[MSG][0m itr    39, best 5601.7393, time   56.7, minPhero 0.01(313), stagnancy 0.0%
[35m[MSG][0m itr    40, best 5601.7388, time   58.2, minPhero 0.01(291), stagnancy 0.0%
[35m[MSG][0m itr    41, best 5601.7388, time   59.6, minPhero 0.01(281), stagnancy 0.3%
[35m[MSG][0m itr    42, best 5601.7388, time   61.1, minPhero 0.01(277), stagnancy 0.7%
[35m[MSG][0m itr    43, best 5601.2104, time   62.6, minPhero 0.01(276), stagnancy 0.0%
[35m[MSG][0m itr    44, best 5601.1245, time   64.0, minPhero 0.01(273), stagnancy 0.0%
[35m[MSG][0m itr    45, best 5596.6797, time   65.5, minPhero 0.01(277), stagnancy 0.0%
[35m[MSG][0m itr    46, best 5594.7656, time   66.9, minPhero 0.01(283), stagnancy 0.0%
[35m[MSG][0m itr    47, best 5594.7656, time   68.4, minPhero 0.01(282), stagnancy 0.3%
[35m[MSG][0m itr    48, best 5589.7144, time   69.8, minPhero 0.01(281), stagnancy 0.0%
[35m[MSG][0m itr    49, best 5589.7144, time   71.3, minPhero 0.01(281), stagnancy 0.3%
[35m[MSG][0m itr    50, best 5589.7139, time   72.7, minPhero 0.01(280), stagnancy 0.0%
[35m[MSG][0m itr    51, best 5589.1362, time   74.2, minPhero 0.01(278), stagnancy 0.0%
[35m[MSG][0m itr    52, best 5589.1362, time   75.7, minPhero 0.01(270), stagnancy 0.3%
[35m[MSG][0m itr    53, best 5589.1362, time   77.1, minPhero 0.01(266), stagnancy 0.7%
[35m[MSG][0m itr    54, best 5589.1362, time   78.6, minPhero 0.01(265), stagnancy 1.0%
[35m[MSG][0m itr    55, best 5589.1362, time   80.1, minPhero 0.01(264), stagnancy 1.3%
[35m[MSG][0m itr    56, best 5589.0215, time   81.5, minPhero 0.01(266), stagnancy 0.0%
[35m[MSG][0m itr    57, best 5588.9351, time   83.0, minPhero 0.01(261), stagnancy 0.0%
[35m[MSG][0m itr    58, best 5588.4751, time   84.4, minPhero 0.01(271), stagnancy 0.0%
[35m[MSG][0m itr    59, best 5588.0884, time   85.9, minPhero 0.01(273), stagnancy 0.0%
[35m[MSG][0m itr    60, best 5588.0884, time   87.3, minPhero 0.01(271), stagnancy 0.3%
[35m[MSG][0m itr    61, best 5587.9263, time   88.8, minPhero 0.01(276), stagnancy 0.0%
[35m[MSG][0m itr    62, best 5587.8545, time   90.1, minPhero 0.01(276), stagnancy 0.0%
[35m[MSG][0m itr    63, best 5587.8223, time   91.6, minPhero 0.01(281), stagnancy 0.0%
[35m[MSG][0m itr    64, best 5585.6069, time   93.0, minPhero 0.01(282), stagnancy 0.0%
[35m[MSG][0m itr    65, best 5585.6069, time   94.5, minPhero 0.01(282), stagnancy 0.3%
[35m[MSG][0m itr    66, best 5585.3306, time   96.0, minPhero 0.01(282), stagnancy 0.0%
[35m[MSG][0m itr    67, best 5585.2334, time   97.5, minPhero 0.01(281), stagnancy 0.0%
[35m[MSG][0m itr    68, best 5585.2334, time   98.9, minPhero 0.01(270), stagnancy 0.3%
[35m[MSG][0m itr    69, best 5585.1621, time  100.4, minPhero 0.01(267), stagnancy 0.0%
[35m[MSG][0m itr    70, best 5585.1621, time  101.8, minPhero 0.01(258), stagnancy 0.3%
[35m[MSG][0m itr    71, best 5578.3306, time  103.3, minPhero 0.01(269), stagnancy 0.0%
[35m[MSG][0m itr    72, best 5578.3306, time  104.8, minPhero 0.01(268), stagnancy 0.3%
[35m[MSG][0m itr    73, best 5578.3306, time  106.2, minPhero 0.01(267), stagnancy 0.7%
[35m[MSG][0m itr    74, best 5578.0913, time  107.7, minPhero 0.01(267), stagnancy 0.0%
[35m[MSG][0m itr    75, best 5578.0913, time  109.2, minPhero 0.01(267), stagnancy 0.3%
[35m[MSG][0m itr    76, best 5578.0913, time  110.6, minPhero 0.01(265), stagnancy 0.7%
[35m[MSG][0m itr    77, best 5578.0913, time  112.1, minPhero 0.01(264), stagnancy 1.0%
[35m[MSG][0m itr    78, best 5577.8911, time  113.5, minPhero 0.01(265), stagnancy 0.0%
[35m[MSG][0m itr    79, best 5577.8911, time  115.0, minPhero 0.01(265), stagnancy 0.3%
[35m[MSG][0m itr    80, best 5577.8906, time  116.5, minPhero 0.01(265), stagnancy 0.0%
[35m[MSG][0m itr    81, best 5577.8906, time  117.9, minPhero 0.01(262), stagnancy 0.3%
[35m[MSG][0m itr    82, best 5577.8906, time  119.4, minPhero 0.01(260), stagnancy 0.7%
[35m[MSG][0m itr    83, best 5577.8906, time  120.8, minPhero 0.01(260), stagnancy 1.0%
[35m[MSG][0m itr    84, best 5577.8906, time  122.3, minPhero 0.01(257), stagnancy 1.3%
[35m[MSG][0m itr    85, best 5577.8906, time  123.7, minPhero 0.01(251), stagnancy 1.7%
[35m[MSG][0m itr    86, best 5577.8906, time  125.2, minPhero 0.01(251), stagnancy 2.0%
[35m[MSG][0m itr    87, best 5577.8906, time  126.7, minPhero 0.01(251), stagnancy 2.3%
[35m[MSG][0m itr    88, best 5577.8906, time  128.1, minPhero 0.01(250), stagnancy 2.7%
[35m[MSG][0m itr    89, best 5577.8906, time  129.6, minPhero 0.01(250), stagnancy 3.0%
[35m[MSG][0m itr    90, best 5577.8906, time  131.1, minPhero 0.01(250), stagnancy 3.3%
[35m[MSG][0m itr    91, best 5575.8481, time  132.5, minPhero 0.01(255), stagnancy 0.0%
[35m[MSG][0m itr    92, best 5575.8481, time  133.9, minPhero 0.01(255), stagnancy 0.3%
[35m[MSG][0m itr    93, best 5575.8481, time  135.4, minPhero 0.01(240), stagnancy 0.7%
[35m[MSG][0m itr    94, best 5575.0293, time  136.9, minPhero 0.01(244), stagnancy 0.0%
[35m[MSG][0m itr    95, best 5574.4575, time  138.3, minPhero 0.01(246), stagnancy 0.0%
[35m[MSG][0m itr    96, best 5574.4575, time  139.8, minPhero 0.01(246), stagnancy 0.3%
[35m[MSG][0m itr    97, best 5574.4575, time  141.3, minPhero 0.01(246), stagnancy 0.7%
[35m[MSG][0m itr    98, best 5574.4575, time  142.7, minPhero 0.01(246), stagnancy 1.0%
[35m[MSG][0m itr    99, best 5572.4536, time  144.2, minPhero 0.01(249), stagnancy 0.0%
[35m[MSG][0m itr   100, best 5572.4536, time  145.7, minPhero 0.01(246), stagnancy 0.3%
[35m[MSG][0m itr   101, best 5572.4536, time  147.2, minPhero 0.01(246), stagnancy 0.7%
[35m[MSG][0m itr   102, best 5572.4536, time  148.7, minPhero 0.01(246), stagnancy 1.0%
[35m[MSG][0m itr   103, best 5572.4536, time  150.0, minPhero 0.01(246), stagnancy 1.3%
[35m[MSG][0m itr   104, best 5572.4536, time  151.5, minPhero 0.01(246), stagnancy 1.7%
[35m[MSG][0m itr   105, best 5572.4536, time  152.9, minPhero 0.01(246), stagnancy 2.0%
[35m[MSG][0m itr   106, best 5569.8359, time  154.4, minPhero 0.01(249), stagnancy 0.0%
[35m[MSG][0m itr   107, best 5569.8359, time  155.8, minPhero 0.01(249), stagnancy 0.3%
[35m[MSG][0m itr   108, best 5569.6763, time  157.4, minPhero 0.01(249), stagnancy 0.0%
[35m[MSG][0m itr   109, best 5569.6758, time  158.8, minPhero 0.01(249), stagnancy 0.0%
[35m[MSG][0m itr   110, best 5569.6758, time  160.3, minPhero 0.01(249), stagnancy 0.3%
[35m[MSG][0m itr   111, best 5569.6758, time  161.7, minPhero 0.01(249), stagnancy 0.7%
[35m[MSG][0m itr   112, best 5569.6758, time  163.2, minPhero 0.01(249), stagnancy 1.0%
[35m[MSG][0m itr   113, best 5569.6753, time  164.6, minPhero 0.01(244), stagnancy 0.0%
[35m[MSG][0m itr   114, best 5569.6753, time  166.1, minPhero 0.01(244), stagnancy 0.3%
[35m[MSG][0m itr   115, best 5569.6753, time  167.6, minPhero 0.01(244), stagnancy 0.7%
[35m[MSG][0m itr   116, best 5569.6753, time  169.0, minPhero 0.01(243), stagnancy 1.0%
[35m[MSG][0m itr   117, best 5566.7378, time  170.5, minPhero 0.01(246), stagnancy 0.0%
[35m[MSG][0m itr   118, best 5566.7378, time  171.9, minPhero 0.01(245), stagnancy 0.3%
[35m[MSG][0m itr   119, best 5566.7378, time  173.4, minPhero 0.01(244), stagnancy 0.7%
[35m[MSG][0m itr   120, best 5566.7378, time  174.9, minPhero 0.01(244), stagnancy 1.0%
[35m[MSG][0m itr   121, best 5566.7378, time  176.3, minPhero 0.01(241), stagnancy 1.3%
[35m[MSG][0m itr   122, best 5566.7378, time  177.8, minPhero 0.01(241), stagnancy 1.7%
[35m[MSG][0m itr   123, best 5566.7378, time  179.3, minPhero 0.01(240), stagnancy 2.0%
[35m[MSG][0m itr   124, best 5566.7378, time  180.7, minPhero 0.01(240), stagnancy 2.3%
[35m[MSG][0m itr   125, best 5566.7378, time  182.2, minPhero 0.01(240), stagnancy 2.7%
[35m[MSG][0m itr   126, best 5566.7378, time  183.7, minPhero 0.01(239), stagnancy 3.0%
[35m[MSG][0m itr   127, best 5566.7378, time  185.1, minPhero 0.01(237), stagnancy 3.3%
[35m[MSG][0m itr   128, best 5566.7378, time  186.6, minPhero 0.01(236), stagnancy 3.7%
[35m[MSG][0m itr   129, best 5565.5767, time  188.1, minPhero 0.01(243), stagnancy 0.0%
[35m[MSG][0m itr   130, best 5565.4971, time  189.5, minPhero 0.01(243), stagnancy 0.0%
[35m[MSG][0m itr   131, best 5565.4966, time  191.0, minPhero 0.01(243), stagnancy 0.0%
[35m[MSG][0m itr   132, best 5565.4966, time  192.5, minPhero 0.01(243), stagnancy 0.3%
[35m[MSG][0m itr   133, best 5565.4961, time  193.9, minPhero 0.01(243), stagnancy 0.0%
[35m[MSG][0m itr   134, best 5562.7510, time  195.4, minPhero 0.01(248), stagnancy 0.0%
[35m[MSG][0m itr   135, best 5562.7510, time  196.8, minPhero 0.01(248), stagnancy 0.3%
[35m[MSG][0m itr   136, best 5562.7510, time  198.3, minPhero 0.01(248), stagnancy 0.7%
[35m[MSG][0m itr   137, best 5562.7510, time  199.8, minPhero 0.01(248), stagnancy 1.0%
[35m[MSG][0m itr   138, best 5562.7510, time  201.2, minPhero 0.01(248), stagnancy 1.3%
[35m[MSG][0m itr   139, best 5562.7510, time  202.7, minPhero 0.01(244), stagnancy 1.7%
[35m[MSG][0m itr   140, best 5562.7510, time  204.2, minPhero 0.01(244), stagnancy 2.0%
[35m[MSG][0m itr   141, best 5562.7510, time  205.6, minPhero 0.01(241), stagnancy 2.3%
[35m[MSG][0m itr   142, best 5562.7510, time  207.1, minPhero 0.01(241), stagnancy 2.7%
[35m[MSG][0m itr   143, best 5562.7510, time  208.5, minPhero 0.01(241), stagnancy 3.0%
[35m[MSG][0m itr   144, best 5562.7510, time  210.0, minPhero 0.01(241), stagnancy 3.3%
[35m[MSG][0m itr   145, best 5562.7505, time  211.5, minPhero 0.01(241), stagnancy 0.0%
[35m[MSG][0m itr   146, best 5562.7505, time  212.9, minPhero 0.01(241), stagnancy 0.3%
[35m[MSG][0m itr   147, best 5562.7505, time  214.4, minPhero 0.01(241), stagnancy 0.7%
[35m[MSG][0m itr   148, best 5562.7505, time  215.8, minPhero 0.01(241), stagnancy 1.0%
[35m[MSG][0m itr   149, best 5562.7505, time  217.3, minPhero 0.01(241), stagnancy 1.3%
[35m[MSG][0m itr   150, best 5562.7505, time  218.8, minPhero 0.01(240), stagnancy 1.7%
[35m[MSG][0m itr   151, best 5562.7505, time  220.2, minPhero 0.01(237), stagnancy 2.0%
[35m[MSG][0m itr   152, best 5562.7505, time  221.7, minPhero 0.01(237), stagnancy 2.3%
[35m[MSG][0m itr   153, best 5562.7505, time  223.2, minPhero 0.01(236), stagnancy 2.7%
[35m[MSG][0m itr   154, best 5562.7505, time  224.6, minPhero 0.01(236), stagnancy 3.0%
[35m[MSG][0m itr   155, best 5562.7505, time  226.1, minPhero 0.01(236), stagnancy 3.3%
[35m[MSG][0m itr   156, best 5562.7505, time  227.6, minPhero 0.01(232), stagnancy 3.7%
[35m[MSG][0m itr   157, best 5562.0786, time  229.1, minPhero 0.01(240), stagnancy 0.0%
[35m[MSG][0m itr   158, best 5562.0786, time  230.5, minPhero 0.01(240), stagnancy 0.3%
[35m[MSG][0m itr   159, best 5562.0786, time  232.0, minPhero 0.01(240), stagnancy 0.7%
[35m[MSG][0m itr   160, best 5560.8452, time  233.5, minPhero 0.01(243), stagnancy 0.0%
[35m[MSG][0m itr   161, best 5560.8447, time  234.9, minPhero 0.01(243), stagnancy 0.0%
[35m[MSG][0m itr   162, best 5560.6743, time  236.4, minPhero 0.01(243), stagnancy 0.0%
[35m[MSG][0m itr   163, best 5560.6743, time  237.9, minPhero 0.01(243), stagnancy 0.3%
[35m[MSG][0m itr   164, best 5560.6743, time  239.3, minPhero 0.01(243), stagnancy 0.7%
[35m[MSG][0m itr   165, best 5560.6743, time  240.8, minPhero 0.01(243), stagnancy 1.0%
[35m[MSG][0m itr   166, best 5560.6743, time  242.2, minPhero 0.01(243), stagnancy 1.3%
[35m[MSG][0m itr   167, best 5560.6743, time  243.7, minPhero 0.01(243), stagnancy 1.7%
[35m[MSG][0m itr   168, best 5560.6743, time  245.1, minPhero 0.01(243), stagnancy 2.0%
[35m[MSG][0m itr   169, best 5560.6743, time  246.6, minPhero 0.01(243), stagnancy 2.3%
[35m[MSG][0m itr   170, best 5560.6743, time  248.1, minPhero 0.01(243), stagnancy 2.7%
[35m[MSG][0m itr   171, best 5560.6743, time  249.6, minPhero 0.01(243), stagnancy 3.0%
[35m[MSG][0m itr   172, best 5560.6743, time  251.0, minPhero 0.01(243), stagnancy 3.3%
[35m[MSG][0m itr   173, best 5560.6743, time  252.5, minPhero 0.01(243), stagnancy 3.7%
[35m[MSG][0m itr   174, best 5560.6743, time  254.0, minPhero 0.01(243), stagnancy 4.0%
[35m[MSG][0m itr   175, best 5560.6743, time  255.5, minPhero 0.01(243), stagnancy 4.3%
[35m[MSG][0m itr   176, best 5560.6743, time  256.9, minPhero 0.01(240), stagnancy 4.7%
[35m[MSG][0m itr   177, best 5560.6743, time  258.4, minPhero 0.01(240), stagnancy 5.0%
[35m[MSG][0m itr   178, best 5560.6743, time  259.9, minPhero 0.01(240), stagnancy 5.3%
[35m[MSG][0m itr   179, best 5560.6714, time  261.3, minPhero 0.01(238), stagnancy 0.0%
[35m[MSG][0m itr   180, best 5560.6714, time  262.8, minPhero 0.01(238), stagnancy 0.3%
[35m[MSG][0m itr   181, best 5560.6714, time  264.3, minPhero 0.01(236), stagnancy 0.7%
[35m[MSG][0m itr   182, best 5560.6714, time  265.8, minPhero 0.01(235), stagnancy 1.0%
[35m[MSG][0m itr   183, best 5560.6714, time  267.2, minPhero 0.01(235), stagnancy 1.3%
[35m[MSG][0m itr   184, best 5560.6714, time  268.6, minPhero 0.01(235), stagnancy 1.7%
[35m[MSG][0m itr   185, best 5560.6714, time  270.1, minPhero 0.01(235), stagnancy 2.0%
[35m[MSG][0m itr   186, best 5560.6714, time  271.6, minPhero 0.01(235), stagnancy 2.3%
[35m[MSG][0m itr   187, best 5560.6714, time  273.1, minPhero 0.01(235), stagnancy 2.7%
[35m[MSG][0m itr   188, best 5560.6714, time  274.5, minPhero 0.01(235), stagnancy 3.0%
[35m[MSG][0m itr   189, best 5560.6714, time  276.0, minPhero 0.01(235), stagnancy 3.3%
[35m[MSG][0m itr   190, best 5560.6714, time  277.5, minPhero 0.01(235), stagnancy 3.7%
[35m[MSG][0m itr   191, best 5560.6714, time  278.9, minPhero 0.01(235), stagnancy 4.0%
[35m[MSG][0m itr   192, best 5560.6709, time  280.4, minPhero 0.01(235), stagnancy 0.0%
[35m[MSG][0m itr   193, best 5560.6709, time  281.9, minPhero 0.01(235), stagnancy 0.3%
[35m[MSG][0m itr   194, best 5560.6709, time  283.4, minPhero 0.01(235), stagnancy 0.7%
[35m[MSG][0m itr   195, best 5560.6709, time  284.8, minPhero 0.01(235), stagnancy 1.0%
[35m[MSG][0m itr   196, best 5560.6709, time  286.3, minPhero 0.01(235), stagnancy 1.3%
[35m[MSG][0m itr   197, best 5560.6709, time  287.7, minPhero 0.01(235), stagnancy 1.7%
[35m[MSG][0m itr   198, best 5560.6709, time  289.2, minPhero 0.01(235), stagnancy 2.0%
[35m[MSG][0m itr   199, best 5560.6709, time  290.7, minPhero 0.01(235), stagnancy 2.3%
[35m[MSG][0m itr   200, best 5560.6709, time  292.1, minPhero 0.01(235), stagnancy 2.7%
[35m[MSG][0m itr   201, best 5560.6709, time  293.6, minPhero 0.01(232), stagnancy 3.0%
[35m[MSG][0m itr   202, best 5560.6709, time  295.1, minPhero 0.01(232), stagnancy 3.3%
[35m[MSG][0m itr   203, best 5560.6709, time  296.6, minPhero 0.01(232), stagnancy 3.7%
[35m[MSG][0m itr   204, best 5560.6709, time  298.0, minPhero 0.01(232), stagnancy 4.0%
[35m[MSG][0m itr   205, best 5560.6709, time  299.5, minPhero 0.01(232), stagnancy 4.3%
[35m[MSG][0m itr   206, best 5560.6709, time  301.0, minPhero 0.01(232), stagnancy 4.7%
[35m[MSG][0m itr   207, best 5560.6709, time  302.5, minPhero 0.01(232), stagnancy 5.0%
[35m[MSG][0m itr   208, best 5560.6709, time  303.9, minPhero 0.01(232), stagnancy 5.3%
[35m[MSG][0m itr   209, best 5560.6709, time  305.4, minPhero 0.01(232), stagnancy 5.7%
[35m[MSG][0m itr   210, best 5560.6709, time  306.9, minPhero 0.01(232), stagnancy 6.0%
[35m[MSG][0m itr   211, best 5560.6709, time  308.3, minPhero 0.01(232), stagnancy 6.3%
[35m[MSG][0m itr   212, best 5560.6709, time  309.8, minPhero 0.01(232), stagnancy 6.7%
[35m[MSG][0m itr   213, best 5560.6709, time  311.3, minPhero 0.01(232), stagnancy 7.0%
[35m[MSG][0m itr   214, best 5560.6709, time  312.7, minPhero 0.01(232), stagnancy 7.3%
[35m[MSG][0m itr   215, best 5560.6709, time  314.2, minPhero 0.01(232), stagnancy 7.7%
[35m[MSG][0m itr   216, best 5560.6709, time  315.6, minPhero 0.01(232), stagnancy 8.0%
[35m[MSG][0m itr   217, best 5560.6709, time  317.1, minPhero 0.01(232), stagnancy 8.3%
[35m[MSG][0m itr   218, best 5560.6709, time  318.6, minPhero 0.01(232), stagnancy 8.7%
[35m[MSG][0m itr   219, best 5560.6709, time  320.0, minPhero 0.01(232), stagnancy 9.0%
[35m[MSG][0m itr   220, best 5560.6709, time  321.5, minPhero 0.01(232), stagnancy 9.3%
[35m[MSG][0m itr   221, best 5560.6709, time  323.0, minPhero 0.01(232), stagnancy 9.7%
[35m[MSG][0m itr   222, best 5560.6709, time  324.5, minPhero 0.01(232), stagnancy 10.0%
[35m[MSG][0m itr   223, best 5560.6709, time  326.0, minPhero 0.01(232), stagnancy 10.3%
[35m[MSG][0m itr   224, best 5560.6709, time  327.5, minPhero 0.01(232), stagnancy 10.7%
[35m[MSG][0m itr   225, best 5560.6709, time  329.0, minPhero 0.01(232), stagnancy 11.0%
[35m[MSG][0m itr   226, best 5560.6709, time  330.4, minPhero 0.01(232), stagnancy 11.3%
[35m[MSG][0m itr   227, best 5560.6709, time  331.7, minPhero 0.01(232), stagnancy 11.7%
[35m[MSG][0m itr   228, best 5560.6709, time  333.1, minPhero 0.01(232), stagnancy 12.0%
[35m[MSG][0m itr   229, best 5560.6709, time  334.6, minPhero 0.01(232), stagnancy 12.3%
[35m[MSG][0m itr   230, best 5560.6709, time  336.1, minPhero 0.01(232), stagnancy 12.7%
[35m[MSG][0m itr   231, best 5560.6709, time  337.5, minPhero 0.01(232), stagnancy 13.0%
[35m[MSG][0m itr   232, best 5560.6709, time  339.0, minPhero 0.01(232), stagnancy 13.3%
[35m[MSG][0m itr   233, best 5560.6709, time  340.5, minPhero 0.01(232), stagnancy 13.7%
[35m[MSG][0m itr   234, best 5560.6709, time  342.0, minPhero 0.01(232), stagnancy 14.0%
[35m[MSG][0m itr   235, best 5560.6709, time  343.4, minPhero 0.01(232), stagnancy 14.3%
[35m[MSG][0m itr   236, best 5560.6709, time  344.9, minPhero 0.01(232), stagnancy 14.7%
[35m[MSG][0m itr   237, best 5560.6709, time  346.4, minPhero 0.01(232), stagnancy 15.0%
[35m[MSG][0m itr   238, best 5560.6709, time  347.8, minPhero 0.01(232), stagnancy 15.3%
[35m[MSG][0m itr   239, best 5560.6709, time  349.3, minPhero 0.01(232), stagnancy 15.7%
[35m[MSG][0m itr   240, best 5560.6709, time  350.8, minPhero 0.01(232), stagnancy 16.0%
[35m[MSG][0m itr   241, best 5560.6709, time  352.2, minPhero 0.01(232), stagnancy 16.3%
[35m[MSG][0m itr   242, best 5560.6709, time  353.7, minPhero 0.01(232), stagnancy 16.7%
[35m[MSG][0m itr   243, best 5560.6709, time  355.2, minPhero 0.01(232), stagnancy 17.0%
[35m[MSG][0m itr   244, best 5560.6709, time  356.7, minPhero 0.01(232), stagnancy 17.3%
[35m[MSG][0m itr   245, best 5560.6709, time  358.1, minPhero 0.01(232), stagnancy 17.7%
[35m[MSG][0m itr   246, best 5560.6709, time  359.6, minPhero 0.01(232), stagnancy 18.0%
[35m[MSG][0m itr   247, best 5560.6709, time  361.1, minPhero 0.01(232), stagnancy 18.3%
[35m[MSG][0m itr   248, best 5560.6709, time  362.5, minPhero 0.01(232), stagnancy 18.7%
[35m[MSG][0m itr   249, best 5560.6709, time  364.0, minPhero 0.01(232), stagnancy 19.0%
[35m[MSG][0m itr   250, best 5560.6709, time  365.5, minPhero 0.01(232), stagnancy 19.3%
[35m[MSG][0m itr   251, best 5560.6709, time  367.0, minPhero 0.01(232), stagnancy 19.7%
[35m[MSG][0m itr   252, best 5560.6709, time  368.5, minPhero 0.01(232), stagnancy 20.0%
[35m[MSG][0m itr   253, best 5560.6709, time  369.9, minPhero 0.01(232), stagnancy 20.3%
[35m[MSG][0m itr   254, best 5560.6709, time  371.4, minPhero 0.01(232), stagnancy 20.7%
[35m[MSG][0m itr   255, best 5560.6704, time  372.9, minPhero 0.01(232), stagnancy 0.0%
[35m[MSG][0m itr   256, best 5560.6704, time  374.3, minPhero 0.01(232), stagnancy 0.3%
[35m[MSG][0m itr   257, best 5560.6704, time  375.8, minPhero 0.01(232), stagnancy 0.7%
[35m[MSG][0m itr   258, best 5560.6704, time  377.3, minPhero 0.01(232), stagnancy 1.0%
[35m[MSG][0m itr   259, best 5560.6704, time  378.7, minPhero 0.01(232), stagnancy 1.3%
[35m[MSG][0m itr   260, best 5560.6704, time  380.2, minPhero 0.01(232), stagnancy 1.7%
[35m[MSG][0m itr   261, best 5560.6704, time  381.7, minPhero 0.01(232), stagnancy 2.0%
[35m[MSG][0m itr   262, best 5560.6704, time  383.1, minPhero 0.01(232), stagnancy 2.3%
[35m[MSG][0m itr   263, best 5560.6704, time  384.6, minPhero 0.01(232), stagnancy 2.7%
[35m[MSG][0m itr   264, best 5560.6704, time  386.0, minPhero 0.01(232), stagnancy 3.0%
[35m[MSG][0m itr   265, best 5560.6704, time  387.5, minPhero 0.01(232), stagnancy 3.3%
[35m[MSG][0m itr   266, best 5560.6704, time  389.0, minPhero 0.01(232), stagnancy 3.7%
[35m[MSG][0m itr   267, best 5560.6704, time  390.5, minPhero 0.01(232), stagnancy 4.0%
[35m[MSG][0m itr   268, best 5560.6704, time  391.9, minPhero 0.01(232), stagnancy 4.3%
[35m[MSG][0m itr   269, best 5560.6704, time  393.4, minPhero 0.01(232), stagnancy 4.7%
[35m[MSG][0m itr   270, best 5560.6704, time  394.8, minPhero 0.01(232), stagnancy 5.0%
[35m[MSG][0m itr   271, best 5560.6704, time  396.3, minPhero 0.01(232), stagnancy 5.3%
[35m[MSG][0m itr   272, best 5560.6704, time  397.7, minPhero 0.01(232), stagnancy 5.7%
[35m[MSG][0m itr   273, best 5560.6704, time  399.2, minPhero 0.01(232), stagnancy 6.0%
[35m[MSG][0m itr   274, best 5560.6704, time  400.6, minPhero 0.01(232), stagnancy 6.3%
[35m[MSG][0m itr   275, best 5560.6704, time  402.1, minPhero 0.01(232), stagnancy 6.7%
[35m[MSG][0m itr   276, best 5560.6704, time  403.6, minPhero 0.01(232), stagnancy 7.0%
[35m[MSG][0m itr   277, best 5560.6704, time  405.0, minPhero 0.01(232), stagnancy 7.3%
[35m[MSG][0m itr   278, best 5560.6704, time  406.5, minPhero 0.01(232), stagnancy 7.7%
[35m[MSG][0m itr   279, best 5560.6704, time  408.0, minPhero 0.01(232), stagnancy 8.0%
[35m[MSG][0m itr   280, best 5560.6704, time  409.4, minPhero 0.01(232), stagnancy 8.3%
[35m[MSG][0m itr   281, best 5560.6704, time  410.9, minPhero 0.01(232), stagnancy 8.7%
[35m[MSG][0m itr   282, best 5560.6704, time  412.4, minPhero 0.01(232), stagnancy 9.0%
[35m[MSG][0m itr   283, best 5560.6704, time  413.8, minPhero 0.01(232), stagnancy 9.3%
[35m[MSG][0m itr   284, best 5560.6704, time  415.3, minPhero 0.01(232), stagnancy 9.7%
[35m[MSG][0m itr   285, best 5560.6704, time  416.7, minPhero 0.01(232), stagnancy 10.0%
[35m[MSG][0m itr   286, best 5560.6704, time  418.2, minPhero 0.01(232), stagnancy 10.3%
[35m[MSG][0m itr   287, best 5560.6704, time  419.6, minPhero 0.01(232), stagnancy 10.7%
[35m[MSG][0m itr   288, best 5560.6704, time  421.1, minPhero 0.01(232), stagnancy 11.0%
[35m[MSG][0m itr   289, best 5560.6704, time  422.6, minPhero 0.01(232), stagnancy 11.3%
[35m[MSG][0m itr   290, best 5560.6704, time  424.0, minPhero 0.01(232), stagnancy 11.7%
[35m[MSG][0m itr   291, best 5560.6704, time  425.5, minPhero 0.01(232), stagnancy 12.0%
[35m[MSG][0m itr   292, best 5560.6704, time  426.9, minPhero 0.01(232), stagnancy 12.3%
[35m[MSG][0m itr   293, best 5560.6704, time  428.4, minPhero 0.01(232), stagnancy 12.7%
[35m[MSG][0m itr   294, best 5560.6704, time  429.8, minPhero 0.01(232), stagnancy 13.0%
[35m[MSG][0m itr   295, best 5560.6704, time  431.3, minPhero 0.01(232), stagnancy 13.3%
[35m[MSG][0m itr   296, best 5560.6704, time  432.7, minPhero 0.01(232), stagnancy 13.7%
[35m[MSG][0m itr   297, best 5560.6704, time  434.2, minPhero 0.01(232), stagnancy 14.0%
[35m[MSG][0m itr   298, best 5560.6704, time  435.7, minPhero 0.01(232), stagnancy 14.3%
[35m[MSG][0m itr   299, best 5560.6704, time  437.2, minPhero 0.01(232), stagnancy 14.7%
[35m[MSG][0m itr   300, best 5560.6704, time  438.6, minPhero 0.01(232), stagnancy 15.0%
[35m[MSG][0m itr   301, best 5560.6704, time  440.1, minPhero 0.01(232), stagnancy 15.3%
[35m[MSG][0m itr   302, best 5560.6704, time  441.6, minPhero 0.01(232), stagnancy 15.7%
[35m[MSG][0m itr   303, best 5560.6704, time  443.0, minPhero 0.01(232), stagnancy 16.0%
[35m[MSG][0m itr   304, best 5560.6704, time  444.5, minPhero 0.01(232), stagnancy 16.3%
[35m[MSG][0m itr   305, best 5560.6704, time  446.0, minPhero 0.01(232), stagnancy 16.7%
[35m[MSG][0m itr   306, best 5560.6704, time  447.4, minPhero 0.01(232), stagnancy 17.0%
[35m[MSG][0m itr   307, best 5560.6704, time  448.9, minPhero 0.01(232), stagnancy 17.3%
[35m[MSG][0m itr   308, best 5560.6704, time  450.4, minPhero 0.01(232), stagnancy 17.7%
[35m[MSG][0m itr   309, best 5560.6704, time  451.9, minPhero 0.01(232), stagnancy 18.0%
[35m[MSG][0m itr   310, best 5560.6704, time  453.3, minPhero 0.01(232), stagnancy 18.3%
[35m[MSG][0m itr   311, best 5560.6704, time  454.8, minPhero 0.01(232), stagnancy 18.7%
[35m[MSG][0m itr   312, best 5560.6704, time  456.2, minPhero 0.01(232), stagnancy 19.0%
[35m[MSG][0m itr   313, best 5560.6704, time  457.7, minPhero 0.01(232), stagnancy 19.3%
[35m[MSG][0m itr   314, best 5560.6704, time  459.2, minPhero 0.01(232), stagnancy 19.7%
[35m[MSG][0m itr   315, best 5560.6704, time  460.6, minPhero 0.01(232), stagnancy 20.0%
[35m[MSG][0m itr   316, best 5560.6704, time  462.1, minPhero 0.01(232), stagnancy 20.3%
[35m[MSG][0m itr   317, best 5560.6704, time  463.6, minPhero 0.01(232), stagnancy 20.7%
[35m[MSG][0m itr   318, best 5560.6704, time  465.0, minPhero 0.01(232), stagnancy 21.0%
[35m[MSG][0m itr   319, best 5560.6704, time  466.5, minPhero 0.01(232), stagnancy 21.3%
[35m[MSG][0m itr   320, best 5560.6704, time  468.0, minPhero 0.01(232), stagnancy 21.7%
[35m[MSG][0m itr   321, best 5560.6704, time  469.4, minPhero 0.01(232), stagnancy 22.0%
[35m[MSG][0m itr   322, best 5560.6704, time  470.9, minPhero 0.01(232), stagnancy 22.3%
[35m[MSG][0m itr   323, best 5560.6704, time  472.4, minPhero 0.01(232), stagnancy 22.7%
[35m[MSG][0m itr   324, best 5560.6704, time  473.9, minPhero 0.01(232), stagnancy 23.0%
[35m[MSG][0m itr   325, best 5560.6704, time  475.3, minPhero 0.01(232), stagnancy 23.3%
[35m[MSG][0m itr   326, best 5560.6704, time  476.8, minPhero 0.01(232), stagnancy 23.7%
[35m[MSG][0m itr   327, best 5560.6704, time  478.3, minPhero 0.01(232), stagnancy 24.0%
[35m[MSG][0m itr   328, best 5560.6704, time  479.8, minPhero 0.01(232), stagnancy 24.3%
[35m[MSG][0m itr   329, best 5560.6704, time  481.2, minPhero 0.01(232), stagnancy 24.7%
[35m[MSG][0m itr   330, best 5560.6704, time  482.7, minPhero 0.01(232), stagnancy 25.0%
[35m[MSG][0m itr   331, best 5560.6704, time  484.2, minPhero 0.01(232), stagnancy 25.3%
[35m[MSG][0m itr   332, best 5560.6704, time  485.6, minPhero 0.01(232), stagnancy 25.7%
[35m[MSG][0m itr   333, best 5560.6704, time  487.1, minPhero 0.01(232), stagnancy 26.0%
[35m[MSG][0m itr   334, best 5560.6704, time  488.6, minPhero 0.01(232), stagnancy 26.3%
[35m[MSG][0m itr   335, best 5560.6704, time  490.1, minPhero 0.01(232), stagnancy 26.7%
[35m[MSG][0m itr   336, best 5560.6704, time  491.5, minPhero 0.01(232), stagnancy 27.0%
[35m[MSG][0m itr   337, best 5560.6704, time  493.0, minPhero 0.01(232), stagnancy 27.3%
[35m[MSG][0m itr   338, best 5560.6704, time  494.5, minPhero 0.01(232), stagnancy 27.7%
[35m[MSG][0m itr   339, best 5560.6704, time  495.9, minPhero 0.01(232), stagnancy 28.0%
[35m[MSG][0m itr   340, best 5560.6704, time  497.4, minPhero 0.01(232), stagnancy 28.3%
[35m[MSG][0m itr   341, best 5560.6704, time  498.9, minPhero 0.01(232), stagnancy 28.7%
[35m[MSG][0m itr   342, best 5560.6704, time  500.3, minPhero 0.01(232), stagnancy 29.0%
[35m[MSG][0m itr   343, best 5560.6704, time  501.8, minPhero 0.01(232), stagnancy 29.3%
[35m[MSG][0m itr   344, best 5560.6704, time  503.3, minPhero 0.01(232), stagnancy 29.7%
[35m[MSG][0m itr   345, best 5560.6704, time  504.6, minPhero 0.01(232), stagnancy 30.0%
[35m[MSG][0m itr   346, best 5560.6704, time  506.1, minPhero 0.01(232), stagnancy 30.3%
[35m[MSG][0m itr   347, best 5560.6704, time  507.6, minPhero 0.01(232), stagnancy 30.7%
[35m[MSG][0m itr   348, best 5560.6704, time  509.0, minPhero 0.01(232), stagnancy 31.0%
[35m[MSG][0m itr   349, best 5560.6704, time  510.5, minPhero 0.01(232), stagnancy 31.3%
[35m[MSG][0m itr   350, best 5560.6704, time  511.9, minPhero 0.01(232), stagnancy 31.7%
[35m[MSG][0m itr   351, best 5560.6704, time  513.4, minPhero 0.01(232), stagnancy 32.0%
[35m[MSG][0m itr   352, best 5560.6704, time  514.9, minPhero 0.01(232), stagnancy 32.3%
[35m[MSG][0m itr   353, best 5560.6704, time  516.4, minPhero 0.01(232), stagnancy 32.7%
[35m[MSG][0m itr   354, best 5560.6704, time  517.8, minPhero 0.01(232), stagnancy 33.0%
[35m[MSG][0m itr   355, best 5560.6704, time  519.3, minPhero 0.01(232), stagnancy 33.3%
[35m[MSG][0m itr   356, best 5560.6704, time  520.7, minPhero 0.01(232), stagnancy 33.7%
[35m[MSG][0m itr   357, best 5560.6704, time  522.2, minPhero 0.01(232), stagnancy 34.0%
[35m[MSG][0m itr   358, best 5560.6704, time  523.7, minPhero 0.01(232), stagnancy 34.3%
[35m[MSG][0m itr   359, best 5560.6704, time  525.1, minPhero 0.01(232), stagnancy 34.7%
[35m[MSG][0m itr   360, best 5560.6704, time  526.6, minPhero 0.01(232), stagnancy 35.0%
[35m[MSG][0m itr   361, best 5560.6704, time  528.1, minPhero 0.01(232), stagnancy 35.3%
[35m[MSG][0m itr   362, best 5560.6704, time  529.6, minPhero 0.01(232), stagnancy 35.7%
[35m[MSG][0m itr   363, best 5560.6704, time  531.0, minPhero 0.01(232), stagnancy 36.0%
[35m[MSG][0m itr   364, best 5560.6704, time  532.5, minPhero 0.01(232), stagnancy 36.3%
[35m[MSG][0m itr   365, best 5560.6704, time  534.0, minPhero 0.01(232), stagnancy 36.7%
[35m[MSG][0m itr   366, best 5560.6704, time  535.5, minPhero 0.01(232), stagnancy 37.0%
[35m[MSG][0m itr   367, best 5560.6704, time  536.9, minPhero 0.01(232), stagnancy 37.3%
[35m[MSG][0m itr   368, best 5560.6704, time  538.4, minPhero 0.01(232), stagnancy 37.7%
[35m[MSG][0m itr   369, best 5560.6704, time  539.8, minPhero 0.01(232), stagnancy 38.0%
[35m[MSG][0m itr   370, best 5560.6704, time  541.3, minPhero 0.01(232), stagnancy 38.3%
[35m[MSG][0m itr   371, best 5560.6704, time  542.8, minPhero 0.01(232), stagnancy 38.7%
[35m[MSG][0m itr   372, best 5560.6704, time  544.2, minPhero 0.01(232), stagnancy 39.0%
[35m[MSG][0m itr   373, best 5560.6704, time  545.7, minPhero 0.01(232), stagnancy 39.3%
[35m[MSG][0m itr   374, best 5560.6704, time  547.1, minPhero 0.01(232), stagnancy 39.7%
[35m[MSG][0m itr   375, best 5560.6704, time  548.6, minPhero 0.01(232), stagnancy 40.0%
[35m[MSG][0m itr   376, best 5560.6704, time  550.1, minPhero 0.01(232), stagnancy 40.3%
[35m[MSG][0m itr   377, best 5560.6704, time  551.5, minPhero 0.01(232), stagnancy 40.7%
[35m[MSG][0m itr   378, best 5560.6704, time  553.0, minPhero 0.01(232), stagnancy 41.0%
[35m[MSG][0m itr   379, best 5560.6704, time  554.5, minPhero 0.01(232), stagnancy 41.3%
[35m[MSG][0m itr   380, best 5560.6704, time  555.9, minPhero 0.01(232), stagnancy 41.7%
[35m[MSG][0m itr   381, best 5560.6704, time  557.4, minPhero 0.01(232), stagnancy 42.0%
[35m[MSG][0m itr   382, best 5560.6704, time  558.8, minPhero 0.01(232), stagnancy 42.3%
[35m[MSG][0m itr   383, best 5560.6704, time  560.3, minPhero 0.01(232), stagnancy 42.7%
[35m[MSG][0m itr   384, best 5560.6704, time  561.8, minPhero 0.01(232), stagnancy 43.0%
[35m[MSG][0m itr   385, best 5560.6704, time  563.2, minPhero 0.01(232), stagnancy 43.3%
[35m[MSG][0m itr   386, best 5560.6704, time  564.7, minPhero 0.01(232), stagnancy 43.7%
[35m[MSG][0m itr   387, best 5560.6704, time  566.2, minPhero 0.01(232), stagnancy 44.0%
[35m[MSG][0m itr   388, best 5560.6704, time  567.7, minPhero 0.01(232), stagnancy 44.3%
[35m[MSG][0m itr   389, best 5560.6704, time  569.2, minPhero 0.01(232), stagnancy 44.7%
[35m[MSG][0m itr   390, best 5560.6704, time  570.6, minPhero 0.01(232), stagnancy 45.0%
[35m[MSG][0m itr   391, best 5560.6704, time  572.1, minPhero 0.01(232), stagnancy 45.3%
[35m[MSG][0m itr   392, best 5560.6704, time  573.6, minPhero 0.01(232), stagnancy 45.7%
[35m[MSG][0m itr   393, best 5560.6704, time  575.1, minPhero 0.01(232), stagnancy 46.0%
[35m[MSG][0m itr   394, best 5560.6704, time  576.4, minPhero 0.01(232), stagnancy 46.3%
[35m[MSG][0m itr   395, best 5560.6704, time  577.9, minPhero 0.01(232), stagnancy 46.7%
[35m[MSG][0m itr   396, best 5560.6704, time  579.3, minPhero 0.01(232), stagnancy 47.0%
[35m[MSG][0m itr   397, best 5560.6704, time  580.8, minPhero 0.01(232), stagnancy 47.3%
[35m[MSG][0m itr   398, best 5560.6704, time  582.3, minPhero 0.01(232), stagnancy 47.7%
[35m[MSG][0m itr   399, best 5560.6704, time  583.8, minPhero 0.01(232), stagnancy 48.0%
[35m[MSG][0m itr   400, best 5560.6704, time  585.2, minPhero 0.01(232), stagnancy 48.3%
[35m[MSG][0m itr   401, best 5560.6704, time  586.7, minPhero 0.01(232), stagnancy 48.7%
[35m[MSG][0m itr   402, best 5560.6704, time  588.2, minPhero 0.01(232), stagnancy 49.0%
[35m[MSG][0m itr   403, best 5560.6704, time  589.6, minPhero 0.01(232), stagnancy 49.3%
[35m[MSG][0m itr   404, best 5560.6704, time  591.1, minPhero 0.01(232), stagnancy 49.7%
[35m[MSG][0m itr   405, best 5560.6704, time  592.6, minPhero 0.01(232), stagnancy 50.0%
[35m[MSG][0m itr   406, best 5560.6704, time  594.0, minPhero 0.01(232), stagnancy 50.3%
[35m[MSG][0m itr   407, best 5560.6704, time  595.5, minPhero 0.01(232), stagnancy 50.7%
[35m[MSG][0m itr   408, best 5560.6704, time  597.0, minPhero 0.01(232), stagnancy 51.0%
[35m[MSG][0m itr   409, best 5560.6704, time  598.4, minPhero 0.01(232), stagnancy 51.3%
[35m[MSG][0m itr   410, best 5560.6704, time  599.9, minPhero 0.01(232), stagnancy 51.7%
[35m[MSG][0m itr   411, best 5560.6704, time  601.3, minPhero 0.01(232), stagnancy 52.0%
[35m[MSG][0m itr   412, best 5560.6704, time  602.8, minPhero 0.01(232), stagnancy 52.3%
[35m[MSG][0m itr   413, best 5560.6704, time  604.3, minPhero 0.01(232), stagnancy 52.7%
[35m[MSG][0m itr   414, best 5560.6704, time  605.6, minPhero 0.01(232), stagnancy 53.0%
[35m[MSG][0m itr   415, best 5560.6704, time  607.0, minPhero 0.01(232), stagnancy 53.3%
[35m[MSG][0m itr   416, best 5560.6704, time  608.4, minPhero 0.01(232), stagnancy 53.7%
[35m[MSG][0m itr   417, best 5560.6704, time  609.9, minPhero 0.01(232), stagnancy 54.0%
[35m[MSG][0m itr   418, best 5560.6704, time  611.4, minPhero 0.01(232), stagnancy 54.3%
[35m[MSG][0m itr   419, best 5560.6704, time  612.9, minPhero 0.01(232), stagnancy 54.7%
[35m[MSG][0m itr   420, best 5560.6704, time  614.3, minPhero 0.01(232), stagnancy 55.0%
[35m[MSG][0m itr   421, best 5560.6704, time  615.8, minPhero 0.01(232), stagnancy 55.3%
[35m[MSG][0m itr   422, best 5560.6704, time  617.3, minPhero 0.01(232), stagnancy 55.7%
[35m[MSG][0m itr   423, best 5560.6704, time  618.7, minPhero 0.01(232), stagnancy 56.0%
[35m[MSG][0m itr   424, best 5560.6704, time  620.2, minPhero 0.01(232), stagnancy 56.3%
[35m[MSG][0m itr   425, best 5560.6704, time  621.7, minPhero 0.01(232), stagnancy 56.7%
[35m[MSG][0m itr   426, best 5560.6704, time  623.1, minPhero 0.01(232), stagnancy 57.0%
[35m[MSG][0m itr   427, best 5560.6704, time  624.6, minPhero 0.01(232), stagnancy 57.3%
[35m[MSG][0m itr   428, best 5560.6704, time  626.1, minPhero 0.01(232), stagnancy 57.7%
[35m[MSG][0m itr   429, best 5560.6704, time  627.6, minPhero 0.01(232), stagnancy 58.0%
[35m[MSG][0m itr   430, best 5560.6704, time  629.0, minPhero 0.01(232), stagnancy 58.3%
[35m[MSG][0m itr   431, best 5560.6704, time  630.5, minPhero 0.01(232), stagnancy 58.7%
[35m[MSG][0m itr   432, best 5560.2637, time  632.0, minPhero 0.01(238), stagnancy 0.0%
[35m[MSG][0m itr   433, best 5560.2637, time  633.4, minPhero 0.01(238), stagnancy 0.3%
[35m[MSG][0m itr   434, best 5560.2637, time  634.9, minPhero 0.01(238), stagnancy 0.7%
[35m[MSG][0m itr   435, best 5560.2637, time  636.3, minPhero 0.01(238), stagnancy 1.0%
[35m[MSG][0m itr   436, best 5560.2637, time  637.7, minPhero 0.01(238), stagnancy 1.3%
[35m[MSG][0m itr   437, best 5560.2637, time  639.2, minPhero 0.01(238), stagnancy 1.7%
[35m[MSG][0m itr   438, best 5560.2637, time  640.6, minPhero 0.01(238), stagnancy 2.0%
[35m[MSG][0m itr   439, best 5560.1299, time  642.1, minPhero 0.01(241), stagnancy 0.0%
[35m[MSG][0m itr   440, best 5560.1299, time  643.4, minPhero 0.01(241), stagnancy 0.3%
[35m[MSG][0m itr   441, best 5559.9624, time  644.8, minPhero 0.01(242), stagnancy 0.0%
[35m[MSG][0m itr   442, best 5559.9624, time  646.2, minPhero 0.01(242), stagnancy 0.3%
[35m[MSG][0m itr   443, best 5559.9624, time  647.6, minPhero 0.01(242), stagnancy 0.7%
[35m[MSG][0m itr   444, best 5559.9624, time  649.0, minPhero 0.01(242), stagnancy 1.0%
[35m[MSG][0m itr   445, best 5559.9624, time  650.4, minPhero 0.01(242), stagnancy 1.3%
[35m[MSG][0m itr   446, best 5559.9624, time  651.9, minPhero 0.01(242), stagnancy 1.7%
[35m[MSG][0m itr   447, best 5559.9624, time  653.3, minPhero 0.01(242), stagnancy 2.0%
[35m[MSG][0m itr   448, best 5559.9624, time  654.8, minPhero 0.01(242), stagnancy 2.3%
[35m[MSG][0m itr   449, best 5559.9619, time  656.2, minPhero 0.01(242), stagnancy 0.0%
[35m[MSG][0m itr   450, best 5559.9619, time  657.6, minPhero 0.01(242), stagnancy 0.3%
[35m[MSG][0m itr   451, best 5559.9619, time  659.0, minPhero 0.01(242), stagnancy 0.7%
[35m[MSG][0m itr   452, best 5559.9619, time  660.4, minPhero 0.01(242), stagnancy 1.0%
[35m[MSG][0m itr   453, best 5559.9619, time  661.9, minPhero 0.01(242), stagnancy 1.3%
[35m[MSG][0m itr   454, best 5559.9619, time  663.3, minPhero 0.01(236), stagnancy 1.7%
[35m[MSG][0m itr   455, best 5559.9619, time  664.8, minPhero 0.01(236), stagnancy 2.0%
[35m[MSG][0m itr   456, best 5559.9619, time  666.2, minPhero 0.01(235), stagnancy 2.3%
[35m[MSG][0m itr   457, best 5559.9619, time  667.7, minPhero 0.01(235), stagnancy 2.7%
[35m[MSG][0m itr   458, best 5559.9619, time  669.2, minPhero 0.01(235), stagnancy 3.0%
[35m[MSG][0m itr   459, best 5559.9619, time  670.7, minPhero 0.01(233), stagnancy 3.3%
[35m[MSG][0m itr   460, best 5559.9619, time  672.1, minPhero 0.01(233), stagnancy 3.7%
[35m[MSG][0m itr   461, best 5559.9619, time  673.6, minPhero 0.01(232), stagnancy 4.0%
[35m[MSG][0m itr   462, best 5559.9619, time  675.0, minPhero 0.01(232), stagnancy 4.3%
[35m[MSG][0m itr   463, best 5559.9619, time  676.5, minPhero 0.01(232), stagnancy 4.7%
[35m[MSG][0m itr   464, best 5559.9619, time  678.0, minPhero 0.01(232), stagnancy 5.0%
[35m[MSG][0m itr   465, best 5559.9619, time  679.5, minPhero 0.01(232), stagnancy 5.3%
[35m[MSG][0m itr   466, best 5559.9619, time  680.9, minPhero 0.01(232), stagnancy 5.7%
[35m[MSG][0m itr   467, best 5559.9619, time  682.4, minPhero 0.01(232), stagnancy 6.0%
[35m[MSG][0m itr   468, best 5559.9619, time  683.9, minPhero 0.01(232), stagnancy 6.3%
[35m[MSG][0m itr   469, best 5559.9619, time  685.4, minPhero 0.01(232), stagnancy 6.7%
[35m[MSG][0m itr   470, best 5559.9619, time  686.8, minPhero 0.01(232), stagnancy 7.0%
[35m[MSG][0m itr   471, best 5559.9619, time  688.1, minPhero 0.01(232), stagnancy 7.3%
[35m[MSG][0m itr   472, best 5559.9619, time  689.5, minPhero 0.01(232), stagnancy 7.7%
[35m[MSG][0m itr   473, best 5559.9619, time  691.0, minPhero 0.01(232), stagnancy 8.0%
[35m[MSG][0m itr   474, best 5559.9619, time  692.4, minPhero 0.01(232), stagnancy 8.3%
[35m[MSG][0m itr   475, best 5559.9619, time  693.9, minPhero 0.01(232), stagnancy 8.7%
[35m[MSG][0m itr   476, best 5559.9619, time  695.4, minPhero 0.01(232), stagnancy 9.0%
[35m[MSG][0m itr   477, best 5559.9619, time  696.8, minPhero 0.01(232), stagnancy 9.3%
[35m[MSG][0m itr   478, best 5559.9619, time  698.3, minPhero 0.01(232), stagnancy 9.7%
[35m[MSG][0m itr   479, best 5559.9619, time  699.8, minPhero 0.01(232), stagnancy 10.0%
[35m[MSG][0m itr   480, best 5559.9619, time  701.2, minPhero 0.01(232), stagnancy 10.3%
[35m[MSG][0m itr   481, best 5559.9619, time  702.7, minPhero 0.01(232), stagnancy 10.7%
[35m[MSG][0m itr   482, best 5559.9619, time  704.2, minPhero 0.01(232), stagnancy 11.0%
[35m[MSG][0m itr   483, best 5559.9619, time  705.6, minPhero 0.01(232), stagnancy 11.3%
[35m[MSG][0m itr   484, best 5559.9619, time  707.1, minPhero 0.01(232), stagnancy 11.7%
[35m[MSG][0m itr   485, best 5559.9619, time  708.6, minPhero 0.01(232), stagnancy 12.0%
[35m[MSG][0m itr   486, best 5559.9619, time  710.1, minPhero 0.01(232), stagnancy 12.3%
[35m[MSG][0m itr   487, best 5559.9619, time  711.5, minPhero 0.01(232), stagnancy 12.7%
[35m[MSG][0m itr   488, best 5559.9619, time  713.0, minPhero 0.01(232), stagnancy 13.0%
[35m[MSG][0m itr   489, best 5559.9619, time  714.5, minPhero 0.01(232), stagnancy 13.3%
[35m[MSG][0m itr   490, best 5559.9619, time  716.0, minPhero 0.01(232), stagnancy 13.7%
[35m[MSG][0m itr   491, best 5559.9619, time  717.4, minPhero 0.01(232), stagnancy 14.0%
[35m[MSG][0m itr   492, best 5559.9619, time  718.9, minPhero 0.01(232), stagnancy 14.3%
[35m[MSG][0m itr   493, best 5559.9619, time  720.4, minPhero 0.01(232), stagnancy 14.7%
[35m[MSG][0m itr   494, best 5559.9619, time  721.8, minPhero 0.01(232), stagnancy 15.0%
[35m[MSG][0m itr   495, best 5559.9619, time  723.3, minPhero 0.01(232), stagnancy 15.3%
[35m[MSG][0m itr   496, best 5559.9619, time  724.7, minPhero 0.01(232), stagnancy 15.7%
[35m[MSG][0m itr   497, best 5559.9619, time  726.2, minPhero 0.01(232), stagnancy 16.0%
[35m[MSG][0m itr   498, best 5559.9619, time  727.6, minPhero 0.01(232), stagnancy 16.3%
[35m[MSG][0m itr   499, best 5559.9619, time  729.1, minPhero 0.01(232), stagnancy 16.7%
[35m[MSG][0m itr   500, best 5559.9619, time  730.6, minPhero 0.01(232), stagnancy 17.0%
[35m[MSG][0m itr   501, best 5559.9619, time  732.1, minPhero 0.01(232), stagnancy 17.3%
[35m[MSG][0m itr   502, best 5559.9619, time  733.5, minPhero 0.01(232), stagnancy 17.7%
[35m[MSG][0m itr   503, best 5559.9619, time  735.0, minPhero 0.01(232), stagnancy 18.0%
[35m[MSG][0m itr   504, best 5559.9619, time  736.5, minPhero 0.01(232), stagnancy 18.3%
[35m[MSG][0m itr   505, best 5559.9619, time  738.0, minPhero 0.01(232), stagnancy 18.7%
[35m[MSG][0m itr   506, best 5559.9619, time  739.5, minPhero 0.01(232), stagnancy 19.0%
[35m[MSG][0m itr   507, best 5559.9619, time  740.9, minPhero 0.01(232), stagnancy 19.3%
[35m[MSG][0m itr   508, best 5559.9619, time  742.4, minPhero 0.01(232), stagnancy 19.7%
[35m[MSG][0m itr   509, best 5559.9619, time  743.8, minPhero 0.01(232), stagnancy 20.0%
[35m[MSG][0m itr   510, best 5559.9619, time  745.3, minPhero 0.01(232), stagnancy 20.3%
[35m[MSG][0m itr   511, best 5559.9619, time  746.8, minPhero 0.01(232), stagnancy 20.7%
[35m[MSG][0m itr   512, best 5559.9619, time  748.3, minPhero 0.01(232), stagnancy 21.0%
[35m[MSG][0m itr   513, best 5559.9619, time  749.8, minPhero 0.01(232), stagnancy 21.3%
[35m[MSG][0m itr   514, best 5559.9619, time  751.2, minPhero 0.01(232), stagnancy 21.7%
[35m[MSG][0m itr   515, best 5559.9619, time  752.7, minPhero 0.01(232), stagnancy 22.0%
[35m[MSG][0m itr   516, best 5559.9619, time  754.2, minPhero 0.01(232), stagnancy 22.3%
[35m[MSG][0m itr   517, best 5559.9619, time  755.7, minPhero 0.01(232), stagnancy 22.7%
[35m[MSG][0m itr   518, best 5559.9619, time  757.2, minPhero 0.01(232), stagnancy 23.0%
[35m[MSG][0m itr   519, best 5559.9619, time  758.7, minPhero 0.01(232), stagnancy 23.3%
[35m[MSG][0m itr   520, best 5559.9619, time  760.1, minPhero 0.01(232), stagnancy 23.7%
[35m[MSG][0m itr   521, best 5559.9619, time  761.6, minPhero 0.01(232), stagnancy 24.0%
[35m[MSG][0m itr   522, best 5559.9619, time  763.1, minPhero 0.01(232), stagnancy 24.3%
[35m[MSG][0m itr   523, best 5559.9619, time  764.5, minPhero 0.01(232), stagnancy 24.7%
[35m[MSG][0m itr   524, best 5559.9619, time  766.0, minPhero 0.01(232), stagnancy 25.0%
[35m[MSG][0m itr   525, best 5559.9619, time  767.5, minPhero 0.01(232), stagnancy 25.3%
[35m[MSG][0m itr   526, best 5559.9619, time  769.0, minPhero 0.01(232), stagnancy 25.7%
[35m[MSG][0m itr   527, best 5559.9619, time  770.4, minPhero 0.01(232), stagnancy 26.0%
[35m[MSG][0m itr   528, best 5559.9619, time  771.9, minPhero 0.01(232), stagnancy 26.3%
[35m[MSG][0m itr   529, best 5559.9619, time  773.4, minPhero 0.01(232), stagnancy 26.7%
[35m[MSG][0m itr   530, best 5559.9619, time  774.8, minPhero 0.01(232), stagnancy 27.0%
[35m[MSG][0m itr   531, best 5559.9619, time  776.3, minPhero 0.01(232), stagnancy 27.3%
[35m[MSG][0m itr   532, best 5559.9619, time  777.8, minPhero 0.01(232), stagnancy 27.7%
[35m[MSG][0m itr   533, best 5559.9619, time  779.2, minPhero 0.01(232), stagnancy 28.0%
[35m[MSG][0m itr   534, best 5559.9619, time  780.7, minPhero 0.01(232), stagnancy 28.3%
[35m[MSG][0m itr   535, best 5559.9619, time  782.2, minPhero 0.01(232), stagnancy 28.7%
[35m[MSG][0m itr   536, best 5559.9619, time  783.6, minPhero 0.01(232), stagnancy 29.0%
[35m[MSG][0m itr   537, best 5559.9619, time  785.1, minPhero 0.01(232), stagnancy 29.3%
[35m[MSG][0m itr   538, best 5559.9619, time  786.5, minPhero 0.01(232), stagnancy 29.7%
[35m[MSG][0m itr   539, best 5559.9619, time  788.0, minPhero 0.01(232), stagnancy 30.0%
[35m[MSG][0m itr   540, best 5559.9619, time  789.4, minPhero 0.01(232), stagnancy 30.3%
[35m[MSG][0m itr   541, best 5559.9619, time  790.9, minPhero 0.01(232), stagnancy 30.7%
[35m[MSG][0m itr   542, best 5559.9619, time  792.4, minPhero 0.01(232), stagnancy 31.0%
[35m[MSG][0m itr   543, best 5559.9619, time  793.9, minPhero 0.01(232), stagnancy 31.3%
[35m[MSG][0m itr   544, best 5559.9619, time  795.4, minPhero 0.01(232), stagnancy 31.7%
[35m[MSG][0m itr   545, best 5559.9619, time  796.8, minPhero 0.01(232), stagnancy 32.0%
[35m[MSG][0m itr   546, best 5559.9619, time  798.3, minPhero 0.01(232), stagnancy 32.3%
[35m[MSG][0m itr   547, best 5559.9619, time  799.8, minPhero 0.01(232), stagnancy 32.7%
[35m[MSG][0m itr   548, best 5559.9619, time  801.3, minPhero 0.01(232), stagnancy 33.0%
[35m[MSG][0m itr   549, best 5559.9619, time  802.7, minPhero 0.01(232), stagnancy 33.3%
[35m[MSG][0m itr   550, best 5559.9619, time  804.2, minPhero 0.01(232), stagnancy 33.7%
[35m[MSG][0m itr   551, best 5559.9619, time  805.7, minPhero 0.01(232), stagnancy 34.0%
[35m[MSG][0m itr   552, best 5559.9619, time  807.1, minPhero 0.01(232), stagnancy 34.3%
[35m[MSG][0m itr   553, best 5559.9619, time  808.5, minPhero 0.01(232), stagnancy 34.7%
[35m[MSG][0m itr   554, best 5559.9619, time  810.0, minPhero 0.01(232), stagnancy 35.0%
[35m[MSG][0m itr   555, best 5559.9619, time  811.5, minPhero 0.01(232), stagnancy 35.3%
[35m[MSG][0m itr   556, best 5559.9619, time  813.0, minPhero 0.01(232), stagnancy 35.7%
[35m[MSG][0m itr   557, best 5559.9619, time  814.4, minPhero 0.01(232), stagnancy 36.0%
[35m[MSG][0m itr   558, best 5559.9619, time  815.9, minPhero 0.01(232), stagnancy 36.3%
[35m[MSG][0m itr   559, best 5559.9619, time  817.4, minPhero 0.01(232), stagnancy 36.7%
[35m[MSG][0m itr   560, best 5559.9619, time  818.8, minPhero 0.01(232), stagnancy 37.0%
[35m[MSG][0m itr   561, best 5559.9619, time  820.1, minPhero 0.01(232), stagnancy 37.3%
[35m[MSG][0m itr   562, best 5559.9619, time  821.6, minPhero 0.01(232), stagnancy 37.7%
[35m[MSG][0m itr   563, best 5559.9619, time  823.1, minPhero 0.01(232), stagnancy 38.0%
[35m[MSG][0m itr   564, best 5559.9619, time  824.5, minPhero 0.01(232), stagnancy 38.3%
[35m[MSG][0m itr   565, best 5559.9619, time  826.0, minPhero 0.01(232), stagnancy 38.7%
[35m[MSG][0m itr   566, best 5559.9619, time  827.5, minPhero 0.01(232), stagnancy 39.0%
[35m[MSG][0m itr   567, best 5559.9619, time  828.9, minPhero 0.01(232), stagnancy 39.3%
[35m[MSG][0m itr   568, best 5559.9619, time  830.4, minPhero 0.01(232), stagnancy 39.7%
[35m[MSG][0m itr   569, best 5559.9619, time  831.8, minPhero 0.01(232), stagnancy 40.0%
[35m[MSG][0m itr   570, best 5559.9619, time  833.3, minPhero 0.01(232), stagnancy 40.3%
[35m[MSG][0m itr   571, best 5559.9619, time  834.7, minPhero 0.01(232), stagnancy 40.7%
[35m[MSG][0m itr   572, best 5559.9619, time  836.2, minPhero 0.01(232), stagnancy 41.0%
[35m[MSG][0m itr   573, best 5559.9619, time  837.7, minPhero 0.01(232), stagnancy 41.3%
[35m[MSG][0m itr   574, best 5559.9619, time  839.1, minPhero 0.01(232), stagnancy 41.7%
[35m[MSG][0m itr   575, best 5559.9619, time  840.6, minPhero 0.01(232), stagnancy 42.0%
[35m[MSG][0m itr   576, best 5559.9619, time  842.1, minPhero 0.01(232), stagnancy 42.3%
[35m[MSG][0m itr   577, best 5559.9619, time  843.4, minPhero 0.01(232), stagnancy 42.7%
[35m[MSG][0m itr   578, best 5559.9619, time  844.9, minPhero 0.01(232), stagnancy 43.0%
[35m[MSG][0m itr   579, best 5559.9619, time  846.4, minPhero 0.01(232), stagnancy 43.3%
[35m[MSG][0m itr   580, best 5559.9619, time  847.8, minPhero 0.01(232), stagnancy 43.7%
[35m[MSG][0m itr   581, best 5559.9619, time  849.3, minPhero 0.01(232), stagnancy 44.0%
[35m[MSG][0m itr   582, best 5559.9619, time  850.7, minPhero 0.01(232), stagnancy 44.3%
[35m[MSG][0m itr   583, best 5559.9619, time  852.1, minPhero 0.01(232), stagnancy 44.7%
[35m[MSG][0m itr   584, best 5559.9619, time  853.5, minPhero 0.01(232), stagnancy 45.0%
[35m[MSG][0m itr   585, best 5559.9619, time  855.0, minPhero 0.01(232), stagnancy 45.3%
[35m[MSG][0m itr   586, best 5559.9619, time  856.5, minPhero 0.01(232), stagnancy 45.7%
[35m[MSG][0m itr   587, best 5559.9619, time  857.9, minPhero 0.01(232), stagnancy 46.0%
[35m[MSG][0m itr   588, best 5559.9619, time  859.4, minPhero 0.01(232), stagnancy 46.3%
[35m[MSG][0m itr   589, best 5559.9619, time  860.8, minPhero 0.01(232), stagnancy 46.7%
[35m[MSG][0m itr   590, best 5559.9619, time  862.3, minPhero 0.01(232), stagnancy 47.0%
[35m[MSG][0m itr   591, best 5559.9619, time  863.8, minPhero 0.01(232), stagnancy 47.3%
[35m[MSG][0m itr   592, best 5559.9619, time  865.2, minPhero 0.01(232), stagnancy 47.7%
[35m[MSG][0m itr   593, best 5559.9619, time  866.6, minPhero 0.01(232), stagnancy 48.0%
[35m[MSG][0m itr   594, best 5559.9619, time  867.9, minPhero 0.01(232), stagnancy 48.3%
[35m[MSG][0m itr   595, best 5559.9619, time  869.4, minPhero 0.01(232), stagnancy 48.7%
[35m[MSG][0m itr   596, best 5559.9619, time  870.9, minPhero 0.01(232), stagnancy 49.0%
[35m[MSG][0m itr   597, best 5559.9619, time  872.3, minPhero 0.01(232), stagnancy 49.3%
[35m[MSG][0m itr   598, best 5559.9619, time  873.8, minPhero 0.01(232), stagnancy 49.7%
[35m[MSG][0m itr   599, best 5559.9619, time  875.3, minPhero 0.01(232), stagnancy 50.0%
[35m[MSG][0m itr   600, best 5559.9619, time  876.7, minPhero 0.01(232), stagnancy 50.3%
[35m[MSG][0m itr   601, best 5559.9619, time  878.1, minPhero 0.01(232), stagnancy 50.7%
[35m[MSG][0m itr   602, best 5559.9619, time  879.5, minPhero 0.01(232), stagnancy 51.0%
[35m[MSG][0m itr   603, best 5559.9619, time  880.9, minPhero 0.01(232), stagnancy 51.3%
[35m[MSG][0m itr   604, best 5559.9619, time  882.4, minPhero 0.01(232), stagnancy 51.7%
[35m[MSG][0m itr   605, best 5559.9619, time  883.9, minPhero 0.01(232), stagnancy 52.0%
[35m[MSG][0m itr   606, best 5559.9619, time  885.3, minPhero 0.01(232), stagnancy 52.3%
[35m[MSG][0m itr   607, best 5559.9619, time  886.8, minPhero 0.01(232), stagnancy 52.7%
[35m[MSG][0m itr   608, best 5559.9619, time  888.3, minPhero 0.01(232), stagnancy 53.0%
[35m[MSG][0m itr   609, best 5559.9619, time  889.8, minPhero 0.01(232), stagnancy 53.3%
[35m[MSG][0m itr   610, best 5559.9619, time  891.2, minPhero 0.01(232), stagnancy 53.7%
[35m[MSG][0m itr   611, best 5559.9619, time  892.7, minPhero 0.01(232), stagnancy 54.0%
[35m[MSG][0m itr   612, best 5559.9619, time  894.2, minPhero 0.01(232), stagnancy 54.3%
[35m[MSG][0m itr   613, best 5559.9619, time  895.6, minPhero 0.01(232), stagnancy 54.7%
[35m[MSG][0m itr   614, best 5559.9619, time  897.1, minPhero 0.01(232), stagnancy 55.0%
[35m[MSG][0m itr   615, best 5559.9619, time  898.6, minPhero 0.01(232), stagnancy 55.3%
[35m[MSG][0m itr   616, best 5559.9619, time  900.1, minPhero 0.01(232), stagnancy 55.7%
[35m[MSG][0m itr   617, best 5559.9619, time  901.5, minPhero 0.01(232), stagnancy 56.0%
[35m[MSG][0m itr   618, best 5559.9619, time  903.0, minPhero 0.01(232), stagnancy 56.3%
[35m[MSG][0m itr   619, best 5559.9619, time  904.5, minPhero 0.01(232), stagnancy 56.7%
[35m[MSG][0m itr   620, best 5559.9619, time  905.9, minPhero 0.01(232), stagnancy 57.0%
[35m[MSG][0m itr   621, best 5559.9619, time  907.4, minPhero 0.01(232), stagnancy 57.3%
[35m[MSG][0m itr   622, best 5559.9619, time  908.9, minPhero 0.01(232), stagnancy 57.7%
[35m[MSG][0m itr   623, best 5559.9619, time  910.3, minPhero 0.01(232), stagnancy 58.0%
[35m[MSG][0m itr   624, best 5559.9619, time  911.8, minPhero 0.01(232), stagnancy 58.3%
[35m[MSG][0m itr   625, best 5559.9619, time  913.3, minPhero 0.01(232), stagnancy 58.7%
[35m[MSG][0m itr   626, best 5559.9619, time  914.7, minPhero 0.01(232), stagnancy 59.0%
[35m[MSG][0m itr   627, best 5559.9619, time  916.2, minPhero 0.01(232), stagnancy 59.3%
[35m[MSG][0m itr   628, best 5559.9619, time  917.7, minPhero 0.01(232), stagnancy 59.7%
[35m[MSG][0m itr   629, best 5559.9619, time  919.2, minPhero 0.01(232), stagnancy 60.0%
[35m[MSG][0m itr   630, best 5559.9619, time  920.6, minPhero 0.01(232), stagnancy 60.3%
[35m[MSG][0m itr   631, best 5559.9619, time  922.1, minPhero 0.01(232), stagnancy 60.7%
[35m[MSG][0m itr   632, best 5559.9619, time  923.6, minPhero 0.01(232), stagnancy 61.0%
[35m[MSG][0m itr   633, best 5559.9619, time  925.0, minPhero 0.01(232), stagnancy 61.3%
[35m[MSG][0m itr   634, best 5559.9619, time  926.5, minPhero 0.01(232), stagnancy 61.7%
[35m[MSG][0m itr   635, best 5559.9619, time  928.0, minPhero 0.01(232), stagnancy 62.0%
[35m[MSG][0m itr   636, best 5559.9619, time  929.4, minPhero 0.01(232), stagnancy 62.3%
[35m[MSG][0m itr   637, best 5559.9619, time  930.9, minPhero 0.01(232), stagnancy 62.7%
[35m[MSG][0m itr   638, best 5559.9619, time  932.4, minPhero 0.01(232), stagnancy 63.0%
[35m[MSG][0m itr   639, best 5559.9619, time  933.9, minPhero 0.01(232), stagnancy 63.3%
[35m[MSG][0m itr   640, best 5559.9619, time  935.4, minPhero 0.01(232), stagnancy 63.7%
[35m[MSG][0m itr   641, best 5559.9619, time  936.8, minPhero 0.01(232), stagnancy 64.0%
[35m[MSG][0m itr   642, best 5559.9619, time  938.2, minPhero 0.01(232), stagnancy 64.3%
[35m[MSG][0m itr   643, best 5559.9619, time  939.6, minPhero 0.01(232), stagnancy 64.7%
[35m[MSG][0m itr   644, best 5559.9619, time  941.0, minPhero 0.01(232), stagnancy 65.0%
[35m[MSG][0m itr   645, best 5559.9619, time  942.5, minPhero 0.01(232), stagnancy 65.3%
[35m[MSG][0m itr   646, best 5559.9619, time  944.0, minPhero 0.01(232), stagnancy 65.7%
[35m[MSG][0m itr   647, best 5559.9619, time  945.4, minPhero 0.01(232), stagnancy 66.0%
[35m[MSG][0m itr   648, best 5559.9619, time  946.9, minPhero 0.01(232), stagnancy 66.3%
[35m[MSG][0m itr   649, best 5559.9619, time  948.4, minPhero 0.01(232), stagnancy 66.7%
[35m[MSG][0m itr   650, best 5559.9619, time  949.8, minPhero 0.01(232), stagnancy 67.0%
[35m[MSG][0m itr   651, best 5559.9619, time  951.3, minPhero 0.01(232), stagnancy 67.3%
[35m[MSG][0m itr   652, best 5559.9619, time  952.8, minPhero 0.01(232), stagnancy 67.7%
[35m[MSG][0m itr   653, best 5559.9619, time  954.2, minPhero 0.01(232), stagnancy 68.0%
[35m[MSG][0m itr   654, best 5559.9619, time  955.7, minPhero 0.01(232), stagnancy 68.3%
[35m[MSG][0m itr   655, best 5559.9619, time  957.2, minPhero 0.01(232), stagnancy 68.7%
[35m[MSG][0m itr   656, best 5559.9619, time  958.6, minPhero 0.01(232), stagnancy 69.0%
[35m[MSG][0m itr   657, best 5559.9619, time  960.1, minPhero 0.01(232), stagnancy 69.3%
[35m[MSG][0m itr   658, best 5559.9619, time  961.5, minPhero 0.01(232), stagnancy 69.7%
[35m[MSG][0m itr   659, best 5559.9619, time  963.0, minPhero 0.01(232), stagnancy 70.0%
[35m[MSG][0m itr   660, best 5559.9619, time  964.5, minPhero 0.01(232), stagnancy 70.3%
[35m[MSG][0m itr   661, best 5559.9619, time  965.9, minPhero 0.01(232), stagnancy 70.7%
[35m[MSG][0m itr   662, best 5559.9619, time  967.4, minPhero 0.01(232), stagnancy 71.0%
[35m[MSG][0m itr   663, best 5559.9619, time  968.8, minPhero 0.01(232), stagnancy 71.3%
[35m[MSG][0m itr   664, best 5559.9619, time  970.3, minPhero 0.01(232), stagnancy 71.7%
[35m[MSG][0m itr   665, best 5559.9619, time  971.7, minPhero 0.01(232), stagnancy 72.0%
[35m[MSG][0m itr   666, best 5559.9619, time  973.0, minPhero 0.01(232), stagnancy 72.3%
[35m[MSG][0m itr   667, best 5559.9619, time  974.4, minPhero 0.01(232), stagnancy 72.7%
[35m[MSG][0m itr   668, best 5559.9619, time  975.9, minPhero 0.01(232), stagnancy 73.0%
[35m[MSG][0m itr   669, best 5559.9619, time  977.3, minPhero 0.01(232), stagnancy 73.3%
[35m[MSG][0m itr   670, best 5559.9619, time  978.8, minPhero 0.01(232), stagnancy 73.7%
[35m[MSG][0m itr   671, best 5559.9619, time  980.3, minPhero 0.01(232), stagnancy 74.0%
[35m[MSG][0m itr   672, best 5559.9619, time  981.7, minPhero 0.01(232), stagnancy 74.3%
[35m[MSG][0m itr   673, best 5559.9619, time  983.2, minPhero 0.01(232), stagnancy 74.7%
[35m[MSG][0m itr   674, best 5559.9619, time  984.6, minPhero 0.01(232), stagnancy 75.0%
[35m[MSG][0m itr   675, best 5559.9619, time  986.1, minPhero 0.01(232), stagnancy 75.3%
[35m[MSG][0m itr   676, best 5559.9619, time  987.6, minPhero 0.01(232), stagnancy 75.7%
[35m[MSG][0m itr   677, best 5559.9619, time  989.0, minPhero 0.01(232), stagnancy 76.0%
[35m[MSG][0m itr   678, best 5559.9619, time  990.5, minPhero 0.01(232), stagnancy 76.3%
[35m[MSG][0m itr   679, best 5559.9619, time  992.0, minPhero 0.01(232), stagnancy 76.7%
[35m[MSG][0m itr   680, best 5559.9619, time  993.5, minPhero 0.01(232), stagnancy 77.0%
[35m[MSG][0m itr   681, best 5559.9619, time  994.9, minPhero 0.01(232), stagnancy 77.3%
[35m[MSG][0m itr   682, best 5559.9619, time  996.4, minPhero 0.01(232), stagnancy 77.7%
[35m[MSG][0m itr   683, best 5559.9619, time  997.9, minPhero 0.01(232), stagnancy 78.0%
[35m[MSG][0m itr   684, best 5559.9619, time  999.4, minPhero 0.01(232), stagnancy 78.3%
[35m[MSG][0m itr   685, best 5559.9619, time 1000.8, minPhero 0.01(232), stagnancy 78.7%
[35m[MSG][0m itr   686, best 5559.9619, time 1002.3, minPhero 0.01(232), stagnancy 79.0%
[35m[MSG][0m itr   687, best 5559.9619, time 1003.7, minPhero 0.01(232), stagnancy 79.3%
[35m[MSG][0m itr   688, best 5559.9619, time 1005.2, minPhero 0.01(232), stagnancy 79.7%
[35m[MSG][0m itr   689, best 5559.9619, time 1006.6, minPhero 0.01(232), stagnancy 80.0%
[35m[MSG][0m itr   690, best 5559.9619, time 1008.1, minPhero 0.01(232), stagnancy 80.3%
[35m[MSG][0m itr   691, best 5559.9619, time 1009.6, minPhero 0.01(232), stagnancy 80.7%
[35m[MSG][0m itr   692, best 5559.9619, time 1011.0, minPhero 0.01(232), stagnancy 81.0%
[35m[MSG][0m itr   693, best 5559.9619, time 1012.5, minPhero 0.01(232), stagnancy 81.3%
[35m[MSG][0m itr   694, best 5559.9619, time 1014.0, minPhero 0.01(232), stagnancy 81.7%
[35m[MSG][0m itr   695, best 5559.9619, time 1015.4, minPhero 0.01(232), stagnancy 82.0%
[35m[MSG][0m itr   696, best 5559.9619, time 1016.9, minPhero 0.01(232), stagnancy 82.3%
[35m[MSG][0m itr   697, best 5559.9619, time 1018.4, minPhero 0.01(232), stagnancy 82.7%
[35m[MSG][0m itr   698, best 5559.9619, time 1019.8, minPhero 0.01(232), stagnancy 83.0%
[35m[MSG][0m itr   699, best 5559.9619, time 1021.3, minPhero 0.01(232), stagnancy 83.3%
[35m[MSG][0m itr   700, best 5559.9619, time 1022.8, minPhero 0.01(232), stagnancy 83.7%
[35m[MSG][0m itr   701, best 5559.9619, time 1024.2, minPhero 0.01(232), stagnancy 84.0%
[35m[MSG][0m itr   702, best 5559.9619, time 1025.7, minPhero 0.01(232), stagnancy 84.3%
[35m[MSG][0m itr   703, best 5559.9619, time 1027.1, minPhero 0.01(232), stagnancy 84.7%
[35m[MSG][0m itr   704, best 5559.9619, time 1028.6, minPhero 0.01(232), stagnancy 85.0%
[35m[MSG][0m itr   705, best 5559.9619, time 1030.1, minPhero 0.01(232), stagnancy 85.3%
[35m[MSG][0m itr   706, best 5559.9619, time 1031.5, minPhero 0.01(232), stagnancy 85.7%
[35m[MSG][0m itr   707, best 5559.9619, time 1033.0, minPhero 0.01(232), stagnancy 86.0%
[35m[MSG][0m itr   708, best 5559.9619, time 1034.5, minPhero 0.01(232), stagnancy 86.3%
[35m[MSG][0m itr   709, best 5559.9619, time 1035.9, minPhero 0.01(232), stagnancy 86.7%
[35m[MSG][0m itr   710, best 5559.9619, time 1037.4, minPhero 0.01(232), stagnancy 87.0%
[35m[MSG][0m itr   711, best 5559.9619, time 1038.9, minPhero 0.01(232), stagnancy 87.3%
[35m[MSG][0m itr   712, best 5559.9619, time 1040.3, minPhero 0.01(232), stagnancy 87.7%
[35m[MSG][0m itr   713, best 5559.9619, time 1041.8, minPhero 0.01(232), stagnancy 88.0%
[35m[MSG][0m itr   714, best 5559.9619, time 1043.2, minPhero 0.01(232), stagnancy 88.3%
[35m[MSG][0m itr   715, best 5559.9619, time 1044.7, minPhero 0.01(232), stagnancy 88.7%
[35m[MSG][0m itr   716, best 5559.9619, time 1046.2, minPhero 0.01(232), stagnancy 89.0%
[35m[MSG][0m itr   717, best 5559.9619, time 1047.7, minPhero 0.01(232), stagnancy 89.3%
[35m[MSG][0m itr   718, best 5559.9619, time 1049.2, minPhero 0.01(232), stagnancy 89.7%
[35m[MSG][0m itr   719, best 5559.9619, time 1050.6, minPhero 0.01(232), stagnancy 90.0%
[35m[MSG][0m itr   720, best 5559.9619, time 1052.1, minPhero 0.01(232), stagnancy 90.3%
[35m[MSG][0m itr   721, best 5559.9619, time 1053.6, minPhero 0.01(232), stagnancy 90.7%
[35m[MSG][0m itr   722, best 5559.9619, time 1055.0, minPhero 0.01(232), stagnancy 91.0%
[35m[MSG][0m itr   723, best 5559.9619, time 1056.5, minPhero 0.01(232), stagnancy 91.3%
[35m[MSG][0m itr   724, best 5559.9619, time 1058.0, minPhero 0.01(232), stagnancy 91.7%
[35m[MSG][0m itr   725, best 5559.9619, time 1059.4, minPhero 0.01(232), stagnancy 92.0%
[35m[MSG][0m itr   726, best 5559.9619, time 1060.9, minPhero 0.01(232), stagnancy 92.3%
[35m[MSG][0m itr   727, best 5559.9619, time 1062.4, minPhero 0.01(232), stagnancy 92.7%
[35m[MSG][0m itr   728, best 5559.9619, time 1063.9, minPhero 0.01(232), stagnancy 93.0%
[35m[MSG][0m itr   729, best 5559.9619, time 1065.3, minPhero 0.01(232), stagnancy 93.3%
[35m[MSG][0m itr   730, best 5559.9619, time 1066.8, minPhero 0.01(232), stagnancy 93.7%
[35m[MSG][0m itr   731, best 5559.9619, time 1068.3, minPhero 0.01(232), stagnancy 94.0%
[35m[MSG][0m itr   732, best 5559.9619, time 1069.7, minPhero 0.01(232), stagnancy 94.3%
[35m[MSG][0m itr   733, best 5559.9619, time 1071.2, minPhero 0.01(232), stagnancy 94.7%
[35m[MSG][0m itr   734, best 5559.9619, time 1072.6, minPhero 0.01(232), stagnancy 95.0%
[35m[MSG][0m itr   735, best 5559.9619, time 1073.9, minPhero 0.01(232), stagnancy 95.3%
[35m[MSG][0m itr   736, best 5559.9619, time 1075.4, minPhero 0.01(232), stagnancy 95.7%
[35m[MSG][0m itr   737, best 5559.9619, time 1076.9, minPhero 0.01(232), stagnancy 96.0%
[35m[MSG][0m itr   738, best 5559.9619, time 1078.4, minPhero 0.01(232), stagnancy 96.3%
[35m[MSG][0m itr   739, best 5559.9619, time 1079.9, minPhero 0.01(232), stagnancy 96.7%
[35m[MSG][0m itr   740, best 5559.9619, time 1081.3, minPhero 0.01(232), stagnancy 97.0%
[35m[MSG][0m itr   741, best 5559.9619, time 1082.8, minPhero 0.01(232), stagnancy 97.3%
[35m[MSG][0m itr   742, best 5559.9619, time 1084.2, minPhero 0.01(232), stagnancy 97.7%
[35m[MSG][0m itr   743, best 5559.9619, time 1085.7, minPhero 0.01(232), stagnancy 98.0%
[35m[MSG][0m itr   744, best 5559.9619, time 1087.2, minPhero 0.01(232), stagnancy 98.3%
[35m[MSG][0m itr   745, best 5559.9619, time 1088.7, minPhero 0.01(232), stagnancy 98.7%
[35m[MSG][0m itr   746, best 5559.9619, time 1090.1, minPhero 0.01(232), stagnancy 99.0%
[35m[MSG][0m itr   747, best 5559.9619, time 1091.6, minPhero 0.01(232), stagnancy 99.3%
[35m[MSG][0m itr   748, best 5559.9619, time 1093.1, minPhero 0.01(232), stagnancy 99.7%
[35m[MSG][0m itr   749, best 5559.9619, time 1094.5, minPhero 0.01(232), stagnancy 100.0%
[35m[MSG][0m Solution converged. Reinitialising pheromones...
[35m[MSG][0m Time: 1094.55 s
[35m[MSG][0m Best cost: 5559.96
