[35m[MSG][0m Log level set to LOG_DEBUG
[35m[MSG][0m Parsing input from file "res/fruitybun250_2016.vrp"
[35m[MSG][0m Number of nodes: 250
[35m[MSG][0m Running ACO search
[35m[MSG][0m ACO settings: 
 alpha:     8.000
 beta:      1.000
 pers:      0.870
 minPhero:  0.015
 nbhood:    10
 popSize:   256
 maxStag:   300
[35m[MSG][0m itr     1, best 5730.0244, time    1.2, minPhero 0.87(28922), stagnancy 0.0%
[35m[MSG][0m itr     2, best 5730.0244, time    2.3, minPhero 0.76(28922), stagnancy 0.3%
[35m[MSG][0m itr     3, best 5730.0244, time    3.5, minPhero 0.66(28922), stagnancy 0.7%
[35m[MSG][0m itr     4, best 5730.0244, time    4.6, minPhero 0.57(28922), stagnancy 1.0%
[35m[MSG][0m itr     5, best 5730.0244, time    5.8, minPhero 0.50(28922), stagnancy 1.3%
[35m[MSG][0m itr     6, best 5730.0244, time    6.9, minPhero 0.43(28922), stagnancy 1.7%
[35m[MSG][0m itr     7, best 5730.0244, time    8.0, minPhero 0.38(28922), stagnancy 2.0%
[35m[MSG][0m itr     8, best 5715.3633, time    9.3, minPhero 0.33(28922), stagnancy 0.0%
[35m[MSG][0m itr     9, best 5715.3633, time   10.6, minPhero 0.29(28922), stagnancy 0.3%
[35m[MSG][0m itr    10, best 5710.5840, time   11.9, minPhero 0.25(28922), stagnancy 0.0%
[35m[MSG][0m itr    11, best 5688.2861, time   13.0, minPhero 0.22(28922), stagnancy 0.0%
[35m[MSG][0m itr    12, best 5688.2861, time   14.0, minPhero 0.19(28922), stagnancy 0.3%
[35m[MSG][0m itr    13, best 5688.2861, time   15.2, minPhero 0.16(28922), stagnancy 0.7%
[35m[MSG][0m itr    14, best 5688.2861, time   16.3, minPhero 0.14(28922), stagnancy 1.0%
[35m[MSG][0m itr    15, best 5688.2861, time   17.3, minPhero 0.12(28922), stagnancy 1.3%
[35m[MSG][0m itr    16, best 5688.2861, time   18.4, minPhero 0.11(28922), stagnancy 1.7%
[35m[MSG][0m itr    17, best 5688.2861, time   19.5, minPhero 0.09(28922), stagnancy 2.0%
[35m[MSG][0m itr    18, best 5688.2861, time   20.6, minPhero 0.08(28922), stagnancy 2.3%
[35m[MSG][0m itr    19, best 5667.3765, time   21.7, minPhero 0.07(28922), stagnancy 0.0%
[35m[MSG][0m itr    20, best 5667.3765, time   22.8, minPhero 0.06(28922), stagnancy 0.3%
[35m[MSG][0m itr    21, best 5660.3350, time   23.9, minPhero 0.05(28922), stagnancy 0.0%
[35m[MSG][0m itr    22, best 5660.3350, time   25.0, minPhero 0.05(28922), stagnancy 0.3%
[35m[MSG][0m itr    23, best 5660.3350, time   26.0, minPhero 0.04(28922), stagnancy 0.7%
[35m[MSG][0m itr    24, best 5660.3350, time   27.2, minPhero 0.04(28922), stagnancy 1.0%
[35m[MSG][0m itr    25, best 5660.3350, time   28.3, minPhero 0.03(28922), stagnancy 1.3%
[35m[MSG][0m itr    26, best 5660.3350, time   29.4, minPhero 0.03(28922), stagnancy 1.7%
[35m[MSG][0m itr    27, best 5644.8379, time   30.6, minPhero 0.02(479), stagnancy 0.0%
[35m[MSG][0m itr    28, best 5644.8379, time   31.8, minPhero 0.02(479), stagnancy 0.3%
[35m[MSG][0m itr    29, best 5630.3193, time   33.1, minPhero 0.02(487), stagnancy 0.0%
[35m[MSG][0m itr    30, best 5630.3193, time   34.3, minPhero 0.02(454), stagnancy 0.3%
[35m[MSG][0m itr    31, best 5626.5405, time   35.4, minPhero 0.01(407), stagnancy 0.0%
[35m[MSG][0m itr    32, best 5626.5405, time   36.5, minPhero 0.01(407), stagnancy 0.3%
[35m[MSG][0m itr    33, best 5621.3628, time   37.6, minPhero 0.01(406), stagnancy 0.0%
[35m[MSG][0m itr    34, best 5619.7842, time   38.7, minPhero 0.01(377), stagnancy 0.0%
[35m[MSG][0m itr    35, best 5618.0869, time   39.8, minPhero 0.01(375), stagnancy 0.0%
[35m[MSG][0m itr    36, best 5618.0869, time   41.0, minPhero 0.01(375), stagnancy 0.3%
[35m[MSG][0m itr    37, best 5618.0869, time   42.1, minPhero 0.01(366), stagnancy 0.7%
[35m[MSG][0m itr    38, best 5616.6641, time   43.4, minPhero 0.01(356), stagnancy 0.0%
[35m[MSG][0m itr    39, best 5613.4492, time   44.5, minPhero 0.01(356), stagnancy 0.0%
[35m[MSG][0m itr    40, best 5613.0791, time   45.7, minPhero 0.01(356), stagnancy 0.0%
[35m[MSG][0m itr    41, best 5612.3340, time   46.7, minPhero 0.01(352), stagnancy 0.0%
[35m[MSG][0m itr    42, best 5612.3340, time   47.8, minPhero 0.01(352), stagnancy 0.3%
[35m[MSG][0m itr    43, best 5609.3442, time   48.8, minPhero 0.01(339), stagnancy 0.0%
[35m[MSG][0m itr    44, best 5609.3442, time   49.9, minPhero 0.01(334), stagnancy 0.3%
[35m[MSG][0m itr    45, best 5609.3442, time   51.0, minPhero 0.01(327), stagnancy 0.7%
[35m[MSG][0m itr    46, best 5609.3442, time   52.2, minPhero 0.01(316), stagnancy 1.0%
[35m[MSG][0m itr    47, best 5609.3442, time   53.3, minPhero 0.01(306), stagnancy 1.3%
[35m[MSG][0m itr    48, best 5596.2251, time   54.3, minPhero 0.01(308), stagnancy 0.0%
[35m[MSG][0m itr    49, best 5590.7021, time   55.5, minPhero 0.01(295), stagnancy 0.0%
[35m[MSG][0m itr    50, best 5587.6240, time   56.7, minPhero 0.01(293), stagnancy 0.0%
[35m[MSG][0m itr    51, best 5584.2930, time   57.8, minPhero 0.01(292), stagnancy 0.0%
[35m[MSG][0m itr    52, best 5581.7002, time   58.9, minPhero 0.01(282), stagnancy 0.0%
[35m[MSG][0m itr    53, best 5581.7002, time   59.9, minPhero 0.01(279), stagnancy 0.3%
[35m[MSG][0m itr    54, best 5581.7002, time   61.0, minPhero 0.01(278), stagnancy 0.7%
[35m[MSG][0m itr    55, best 5581.4082, time   62.1, minPhero 0.01(274), stagnancy 0.0%
[35m[MSG][0m Solution converged. Reinitialising pheromones...
[35m[MSG][0m itr    56, best 5581.4082, time   63.2, minPhero 0.87(28922), stagnancy 0.3%
[35m[MSG][0m itr    57, best 5581.4082, time   64.4, minPhero 0.76(28922), stagnancy 0.7%
[35m[MSG][0m itr    58, best 5581.4082, time   65.6, minPhero 0.66(28922), stagnancy 1.0%
[35m[MSG][0m itr    59, best 5581.4082, time   66.7, minPhero 0.57(28922), stagnancy 1.3%
[35m[MSG][0m itr    60, best 5581.4082, time   68.0, minPhero 0.50(28922), stagnancy 1.7%
[35m[MSG][0m itr    61, best 5581.4082, time   69.1, minPhero 0.43(28922), stagnancy 2.0%
[35m[MSG][0m itr    62, best 5581.4082, time   70.2, minPhero 0.38(28922), stagnancy 2.3%
[35m[MSG][0m itr    63, best 5581.4082, time   71.4, minPhero 0.33(28922), stagnancy 2.7%
[35m[MSG][0m itr    64, best 5581.4082, time   72.5, minPhero 0.29(28922), stagnancy 3.0%
[35m[MSG][0m itr    65, best 5581.4082, time   73.7, minPhero 0.25(28922), stagnancy 3.3%
[35m[MSG][0m itr    66, best 5581.4082, time   74.9, minPhero 0.22(28922), stagnancy 3.7%
[35m[MSG][0m itr    67, best 5581.4082, time   75.9, minPhero 0.19(28922), stagnancy 4.0%
[35m[MSG][0m itr    68, best 5581.4082, time   77.0, minPhero 0.16(28922), stagnancy 4.3%
[35m[MSG][0m itr    69, best 5581.4082, time   78.1, minPhero 0.14(28922), stagnancy 4.7%
[35m[MSG][0m itr    70, best 5581.4082, time   79.2, minPhero 0.12(28922), stagnancy 5.0%
[35m[MSG][0m itr    71, best 5581.4082, time   80.3, minPhero 0.11(28922), stagnancy 5.3%
[35m[MSG][0m itr    72, best 5581.4082, time   81.4, minPhero 0.09(28922), stagnancy 5.7%
[35m[MSG][0m itr    73, best 5581.4082, time   82.5, minPhero 0.08(28922), stagnancy 6.0%
[35m[MSG][0m itr    74, best 5581.4082, time   83.6, minPhero 0.07(28922), stagnancy 6.3%
[35m[MSG][0m itr    75, best 5581.4004, time   84.8, minPhero 0.06(28922), stagnancy 0.0%
[35m[MSG][0m itr    76, best 5581.4004, time   85.9, minPhero 0.05(28922), stagnancy 0.3%
[35m[MSG][0m itr    77, best 5581.4004, time   87.0, minPhero 0.05(28922), stagnancy 0.7%
[35m[MSG][0m itr    78, best 5581.4004, time   88.2, minPhero 0.04(28922), stagnancy 1.0%
[35m[MSG][0m itr    79, best 5581.3535, time   89.4, minPhero 0.04(28922), stagnancy 0.0%
[35m[MSG][0m itr    80, best 5581.3535, time   90.5, minPhero 0.03(28922), stagnancy 0.3%
[35m[MSG][0m itr    81, best 5581.3535, time   91.5, minPhero 0.03(28922), stagnancy 0.7%
[35m[MSG][0m itr    82, best 5580.7803, time   92.7, minPhero 0.02(241), stagnancy 0.0%
[35m[MSG][0m itr    83, best 5580.7803, time   93.8, minPhero 0.02(241), stagnancy 0.3%
[35m[MSG][0m itr    84, best 5580.7803, time   95.0, minPhero 0.02(241), stagnancy 0.7%
[35m[MSG][0m itr    85, best 5580.7803, time   96.1, minPhero 0.02(241), stagnancy 1.0%
[35m[MSG][0m itr    86, best 5580.7803, time   97.2, minPhero 0.01(241), stagnancy 1.3%
[35m[MSG][0m itr    87, best 5580.7793, time   98.2, minPhero 0.01(241), stagnancy 0.0%
[35m[MSG][0m itr    88, best 5580.7793, time   99.4, minPhero 0.01(241), stagnancy 0.3%
[35m[MSG][0m itr    89, best 5580.7793, time  100.6, minPhero 0.01(241), stagnancy 0.7%
[35m[MSG][0m itr    90, best 5580.7793, time  101.6, minPhero 0.01(241), stagnancy 1.0%
[35m[MSG][0m itr    91, best 5580.7793, time  102.7, minPhero 0.01(241), stagnancy 1.3%
[35m[MSG][0m itr    92, best 5580.3574, time  103.9, minPhero 0.01(247), stagnancy 0.0%
[35m[MSG][0m itr    93, best 5580.3574, time  105.1, minPhero 0.01(247), stagnancy 0.3%
[35m[MSG][0m itr    94, best 5580.3574, time  106.2, minPhero 0.01(247), stagnancy 0.7%
[35m[MSG][0m itr    95, best 5580.3574, time  107.3, minPhero 0.01(247), stagnancy 1.0%
[35m[MSG][0m itr    96, best 5580.3574, time  108.4, minPhero 0.01(247), stagnancy 1.3%
[35m[MSG][0m itr    97, best 5580.3574, time  109.6, minPhero 0.01(247), stagnancy 1.7%
[35m[MSG][0m itr    98, best 5580.3574, time  110.7, minPhero 0.01(247), stagnancy 2.0%
[35m[MSG][0m itr    99, best 5580.3574, time  111.8, minPhero 0.01(247), stagnancy 2.3%
[35m[MSG][0m itr   100, best 5580.3574, time  112.9, minPhero 0.01(246), stagnancy 2.7%
[35m[MSG][0m itr   101, best 5580.3574, time  114.1, minPhero 0.01(241), stagnancy 3.0%
[35m[MSG][0m itr   102, best 5580.3574, time  115.2, minPhero 0.01(241), stagnancy 3.3%
[35m[MSG][0m itr   103, best 5580.2065, time  116.3, minPhero 0.01(243), stagnancy 0.0%
[35m[MSG][0m itr   104, best 5580.2065, time  117.4, minPhero 0.01(243), stagnancy 0.3%
[35m[MSG][0m itr   105, best 5580.2065, time  118.6, minPhero 0.01(241), stagnancy 0.7%
[35m[MSG][0m itr   106, best 5580.2065, time  119.6, minPhero 0.01(241), stagnancy 1.0%
[35m[MSG][0m itr   107, best 5580.2041, time  120.7, minPhero 0.01(242), stagnancy 0.0%
[35m[MSG][0m itr   108, best 5580.2041, time  121.8, minPhero 0.01(241), stagnancy 0.3%
[35m[MSG][0m itr   109, best 5580.2041, time  122.8, minPhero 0.01(241), stagnancy 0.7%
[35m[MSG][0m itr   110, best 5580.2041, time  124.0, minPhero 0.01(241), stagnancy 1.0%
[35m[MSG][0m itr   111, best 5577.3813, time  125.1, minPhero 0.01(246), stagnancy 0.0%
[35m[MSG][0m itr   112, best 5577.3813, time  126.2, minPhero 0.01(246), stagnancy 0.3%
[35m[MSG][0m itr   113, best 5577.3813, time  127.3, minPhero 0.01(246), stagnancy 0.7%
[35m[MSG][0m itr   114, best 5577.3809, time  128.4, minPhero 0.01(248), stagnancy 0.0%
[35m[MSG][0m itr   115, best 5577.3809, time  129.5, minPhero 0.01(248), stagnancy 0.3%
[35m[MSG][0m itr   116, best 5577.3779, time  130.7, minPhero 0.01(248), stagnancy 0.0%
[35m[MSG][0m itr   117, best 5577.3779, time  131.9, minPhero 0.01(248), stagnancy 0.3%
[35m[MSG][0m itr   118, best 5577.3779, time  132.9, minPhero 0.01(243), stagnancy 0.7%
[35m[MSG][0m itr   119, best 5577.3779, time  134.0, minPhero 0.01(243), stagnancy 1.0%
[35m[MSG][0m itr   120, best 5577.3779, time  135.1, minPhero 0.01(243), stagnancy 1.3%
[35m[MSG][0m itr   121, best 5577.3779, time  136.2, minPhero 0.01(243), stagnancy 1.7%
[35m[MSG][0m itr   122, best 5577.3779, time  137.3, minPhero 0.01(242), stagnancy 2.0%
[35m[MSG][0m itr   123, best 5577.3779, time  138.4, minPhero 0.01(242), stagnancy 2.3%
[35m[MSG][0m itr   124, best 5577.3779, time  139.5, minPhero 0.01(242), stagnancy 2.7%
[35m[MSG][0m itr   125, best 5577.3779, time  140.6, minPhero 0.01(242), stagnancy 3.0%
[35m[MSG][0m itr   126, best 5577.3779, time  141.7, minPhero 0.01(242), stagnancy 3.3%
[35m[MSG][0m itr   127, best 5577.3779, time  142.9, minPhero 0.01(242), stagnancy 3.7%
[35m[MSG][0m itr   128, best 5577.3779, time  144.0, minPhero 0.01(242), stagnancy 4.0%
[35m[MSG][0m itr   129, best 5577.3779, time  145.2, minPhero 0.01(240), stagnancy 4.3%
[35m[MSG][0m itr   130, best 5577.3779, time  146.3, minPhero 0.01(240), stagnancy 4.7%
[35m[MSG][0m itr   131, best 5577.3779, time  147.4, minPhero 0.01(240), stagnancy 5.0%
[35m[MSG][0m itr   132, best 5577.3779, time  148.5, minPhero 0.01(240), stagnancy 5.3%
[35m[MSG][0m itr   133, best 5577.3774, time  149.6, minPhero 0.01(240), stagnancy 0.0%
[35m[MSG][0m itr   134, best 5577.3774, time  150.7, minPhero 0.01(240), stagnancy 0.3%
[35m[MSG][0m itr   135, best 5577.3774, time  151.8, minPhero 0.01(240), stagnancy 0.7%
[35m[MSG][0m itr   136, best 5577.3774, time  152.9, minPhero 0.01(240), stagnancy 1.0%
[35m[MSG][0m itr   137, best 5577.3774, time  153.9, minPhero 0.01(235), stagnancy 1.3%
[35m[MSG][0m itr   138, best 5577.3774, time  155.0, minPhero 0.01(235), stagnancy 1.7%
[35m[MSG][0m itr   139, best 5577.3774, time  156.1, minPhero 0.01(235), stagnancy 2.0%
[35m[MSG][0m itr   140, best 5577.3774, time  157.3, minPhero 0.01(232), stagnancy 2.3%
[35m[MSG][0m itr   141, best 5577.3774, time  158.4, minPhero 0.01(232), stagnancy 2.7%
[35m[MSG][0m itr   142, best 5577.3774, time  159.5, minPhero 0.01(232), stagnancy 3.0%
[35m[MSG][0m itr   143, best 5577.3774, time  160.6, minPhero 0.01(232), stagnancy 3.3%
[35m[MSG][0m itr   144, best 5577.3774, time  161.9, minPhero 0.01(232), stagnancy 3.7%
[35m[MSG][0m itr   145, best 5577.3774, time  163.0, minPhero 0.01(232), stagnancy 4.0%
[35m[MSG][0m itr   146, best 5577.3774, time  164.1, minPhero 0.01(232), stagnancy 4.3%
[35m[MSG][0m itr   147, best 5577.3774, time  165.1, minPhero 0.01(232), stagnancy 4.7%
[35m[MSG][0m itr   148, best 5577.3774, time  166.2, minPhero 0.01(232), stagnancy 5.0%
[35m[MSG][0m itr   149, best 5577.3774, time  167.2, minPhero 0.01(232), stagnancy 5.3%
[35m[MSG][0m itr   150, best 5577.3774, time  168.4, minPhero 0.01(232), stagnancy 5.7%
[35m[MSG][0m itr   151, best 5577.3774, time  169.5, minPhero 0.01(232), stagnancy 6.0%
[35m[MSG][0m itr   152, best 5577.3774, time  170.6, minPhero 0.01(232), stagnancy 6.3%
[35m[MSG][0m itr   153, best 5577.3774, time  171.6, minPhero 0.01(232), stagnancy 6.7%
[35m[MSG][0m itr   154, best 5577.3774, time  172.6, minPhero 0.01(232), stagnancy 7.0%
[35m[MSG][0m itr   155, best 5577.3774, time  173.7, minPhero 0.01(232), stagnancy 7.3%
[35m[MSG][0m itr   156, best 5577.3774, time  175.0, minPhero 0.01(232), stagnancy 7.7%
[35m[MSG][0m itr   157, best 5577.3774, time  176.0, minPhero 0.01(232), stagnancy 8.0%
[35m[MSG][0m itr   158, best 5577.3774, time  177.1, minPhero 0.01(232), stagnancy 8.3%
[35m[MSG][0m itr   159, best 5577.3774, time  178.3, minPhero 0.01(232), stagnancy 8.7%
[35m[MSG][0m itr   160, best 5577.3774, time  179.3, minPhero 0.01(232), stagnancy 9.0%
[35m[MSG][0m itr   161, best 5577.3774, time  180.5, minPhero 0.01(232), stagnancy 9.3%
[35m[MSG][0m itr   162, best 5577.3774, time  181.6, minPhero 0.01(232), stagnancy 9.7%
[35m[MSG][0m itr   163, best 5577.3774, time  182.7, minPhero 0.01(232), stagnancy 10.0%
[35m[MSG][0m itr   164, best 5577.3774, time  183.8, minPhero 0.01(232), stagnancy 10.3%
[35m[MSG][0m itr   165, best 5577.3774, time  184.9, minPhero 0.01(232), stagnancy 10.7%
[35m[MSG][0m itr   166, best 5577.3774, time  186.1, minPhero 0.01(232), stagnancy 11.0%
[35m[MSG][0m itr   167, best 5577.3774, time  187.2, minPhero 0.01(232), stagnancy 11.3%
[35m[MSG][0m itr   168, best 5577.3774, time  188.3, minPhero 0.01(232), stagnancy 11.7%
[35m[MSG][0m itr   169, best 5577.3774, time  189.4, minPhero 0.01(232), stagnancy 12.0%
[35m[MSG][0m itr   170, best 5577.3774, time  190.4, minPhero 0.01(232), stagnancy 12.3%
[35m[MSG][0m itr   171, best 5577.3774, time  191.5, minPhero 0.01(232), stagnancy 12.7%
[35m[MSG][0m itr   172, best 5577.3774, time  192.7, minPhero 0.01(232), stagnancy 13.0%
[35m[MSG][0m itr   173, best 5577.3774, time  193.8, minPhero 0.01(232), stagnancy 13.3%
[35m[MSG][0m itr   174, best 5577.3774, time  194.9, minPhero 0.01(232), stagnancy 13.7%
[35m[MSG][0m itr   175, best 5577.3774, time  196.0, minPhero 0.01(232), stagnancy 14.0%
[35m[MSG][0m itr   176, best 5577.3774, time  197.1, minPhero 0.01(232), stagnancy 14.3%
[35m[MSG][0m itr   177, best 5577.3774, time  198.2, minPhero 0.01(232), stagnancy 14.7%
[35m[MSG][0m itr   178, best 5577.3774, time  199.3, minPhero 0.01(232), stagnancy 15.0%
[35m[MSG][0m itr   179, best 5577.3774, time  200.4, minPhero 0.01(232), stagnancy 15.3%
[35m[MSG][0m itr   180, best 5577.3774, time  201.5, minPhero 0.01(232), stagnancy 15.7%
[35m[MSG][0m itr   181, best 5577.3774, time  202.7, minPhero 0.01(232), stagnancy 16.0%
[35m[MSG][0m itr   182, best 5577.3774, time  203.7, minPhero 0.01(232), stagnancy 16.3%
[35m[MSG][0m itr   183, best 5577.3774, time  205.0, minPhero 0.01(232), stagnancy 16.7%
[35m[MSG][0m itr   184, best 5577.3774, time  206.2, minPhero 0.01(232), stagnancy 17.0%
[35m[MSG][0m itr   185, best 5577.3774, time  207.2, minPhero 0.01(232), stagnancy 17.3%
[35m[MSG][0m itr   186, best 5574.9189, time  208.3, minPhero 0.01(236), stagnancy 0.0%
[35m[MSG][0m itr   187, best 5574.9189, time  209.3, minPhero 0.01(236), stagnancy 0.3%
[35m[MSG][0m itr   188, best 5574.9189, time  210.3, minPhero 0.01(236), stagnancy 0.7%
[35m[MSG][0m itr   189, best 5574.9189, time  211.4, minPhero 0.01(236), stagnancy 1.0%
[35m[MSG][0m itr   190, best 5574.9189, time  212.5, minPhero 0.01(236), stagnancy 1.3%
[35m[MSG][0m itr   191, best 5574.9189, time  213.5, minPhero 0.01(236), stagnancy 1.7%
[35m[MSG][0m itr   192, best 5574.9189, time  214.5, minPhero 0.01(236), stagnancy 2.0%
[35m[MSG][0m itr   193, best 5574.9185, time  215.6, minPhero 0.01(236), stagnancy 0.0%
[35m[MSG][0m itr   194, best 5574.9185, time  216.6, minPhero 0.01(236), stagnancy 0.3%
[35m[MSG][0m itr   195, best 5574.9185, time  217.7, minPhero 0.01(236), stagnancy 0.7%
[35m[MSG][0m itr   196, best 5574.9185, time  218.8, minPhero 0.01(236), stagnancy 1.0%
[35m[MSG][0m itr   197, best 5574.9185, time  219.9, minPhero 0.01(236), stagnancy 1.3%
[35m[MSG][0m itr   198, best 5574.9185, time  221.0, minPhero 0.01(236), stagnancy 1.7%
[35m[MSG][0m itr   199, best 5574.9185, time  222.1, minPhero 0.01(236), stagnancy 2.0%
[35m[MSG][0m itr   200, best 5574.9185, time  223.1, minPhero 0.01(236), stagnancy 2.3%
[35m[MSG][0m itr   201, best 5574.9185, time  224.2, minPhero 0.01(236), stagnancy 2.7%
[35m[MSG][0m itr   202, best 5574.9185, time  225.2, minPhero 0.01(236), stagnancy 3.0%
[35m[MSG][0m itr   203, best 5574.9185, time  226.3, minPhero 0.01(236), stagnancy 3.3%
[35m[MSG][0m itr   204, best 5574.9185, time  227.4, minPhero 0.01(236), stagnancy 3.7%
[35m[MSG][0m itr   205, best 5574.9185, time  228.4, minPhero 0.01(236), stagnancy 4.0%
[35m[MSG][0m itr   206, best 5574.9185, time  229.6, minPhero 0.01(236), stagnancy 4.3%
[35m[MSG][0m itr   207, best 5574.9185, time  230.7, minPhero 0.01(236), stagnancy 4.7%
[35m[MSG][0m itr   208, best 5574.9185, time  231.7, minPhero 0.01(236), stagnancy 5.0%
[35m[MSG][0m itr   209, best 5574.9185, time  232.9, minPhero 0.01(236), stagnancy 5.3%
[35m[MSG][0m itr   210, best 5574.9185, time  233.9, minPhero 0.01(236), stagnancy 5.7%
[35m[MSG][0m itr   211, best 5574.9185, time  235.0, minPhero 0.01(236), stagnancy 6.0%
[35m[MSG][0m itr   212, best 5574.9185, time  236.1, minPhero 0.01(232), stagnancy 6.3%
[35m[MSG][0m itr   213, best 5574.9185, time  237.1, minPhero 0.01(232), stagnancy 6.7%
[35m[MSG][0m itr   214, best 5574.9185, time  238.2, minPhero 0.01(232), stagnancy 7.0%
[35m[MSG][0m itr   215, best 5574.9185, time  239.5, minPhero 0.01(232), stagnancy 7.3%
[35m[MSG][0m itr   216, best 5574.9185, time  240.6, minPhero 0.01(232), stagnancy 7.7%
[35m[MSG][0m itr   217, best 5574.9185, time  241.8, minPhero 0.01(232), stagnancy 8.0%
[35m[MSG][0m itr   218, best 5574.9185, time  242.9, minPhero 0.01(232), stagnancy 8.3%
[35m[MSG][0m itr   219, best 5574.9185, time  244.0, minPhero 0.01(232), stagnancy 8.7%
[35m[MSG][0m itr   220, best 5574.9185, time  245.1, minPhero 0.01(232), stagnancy 9.0%
[35m[MSG][0m itr   221, best 5574.9185, time  246.2, minPhero 0.01(232), stagnancy 9.3%
[35m[MSG][0m itr   222, best 5574.9185, time  247.3, minPhero 0.01(232), stagnancy 9.7%
[35m[MSG][0m itr   223, best 5574.9185, time  248.5, minPhero 0.01(232), stagnancy 10.0%
[35m[MSG][0m itr   224, best 5574.9185, time  249.6, minPhero 0.01(232), stagnancy 10.3%
[35m[MSG][0m itr   225, best 5574.9185, time  250.8, minPhero 0.01(232), stagnancy 10.7%
[35m[MSG][0m itr   226, best 5574.9185, time  251.9, minPhero 0.01(232), stagnancy 11.0%
[35m[MSG][0m itr   227, best 5574.9185, time  253.1, minPhero 0.01(232), stagnancy 11.3%
[35m[MSG][0m itr   228, best 5574.9180, time  254.2, minPhero 0.01(232), stagnancy 0.0%
[35m[MSG][0m itr   229, best 5574.9180, time  255.4, minPhero 0.01(232), stagnancy 0.3%
[35m[MSG][0m itr   230, best 5574.9180, time  256.5, minPhero 0.01(232), stagnancy 0.7%
[35m[MSG][0m itr   231, best 5574.9180, time  257.6, minPhero 0.01(232), stagnancy 1.0%
[35m[MSG][0m itr   232, best 5574.9180, time  258.8, minPhero 0.01(232), stagnancy 1.3%
[35m[MSG][0m itr   233, best 5574.9180, time  259.8, minPhero 0.01(232), stagnancy 1.7%
[35m[MSG][0m itr   234, best 5574.9180, time  260.9, minPhero 0.01(232), stagnancy 2.0%
[35m[MSG][0m itr   235, best 5574.9180, time  262.1, minPhero 0.01(232), stagnancy 2.3%
[35m[MSG][0m itr   236, best 5574.9180, time  263.2, minPhero 0.01(232), stagnancy 2.7%
[35m[MSG][0m itr   237, best 5574.9180, time  264.3, minPhero 0.01(232), stagnancy 3.0%
[35m[MSG][0m itr   238, best 5574.9180, time  265.5, minPhero 0.01(232), stagnancy 3.3%
[35m[MSG][0m itr   239, best 5574.9180, time  266.6, minPhero 0.01(232), stagnancy 3.7%
[35m[MSG][0m itr   240, best 5574.9180, time  267.6, minPhero 0.01(232), stagnancy 4.0%
[35m[MSG][0m itr   241, best 5574.9180, time  268.7, minPhero 0.01(232), stagnancy 4.3%
[35m[MSG][0m itr   242, best 5574.9180, time  269.8, minPhero 0.01(232), stagnancy 4.7%
[35m[MSG][0m itr   243, best 5574.9180, time  270.8, minPhero 0.01(232), stagnancy 5.0%
[35m[MSG][0m itr   244, best 5574.9180, time  271.9, minPhero 0.01(232), stagnancy 5.3%
[35m[MSG][0m itr   245, best 5574.9180, time  273.0, minPhero 0.01(232), stagnancy 5.7%
[35m[MSG][0m itr   246, best 5574.9180, time  274.1, minPhero 0.01(232), stagnancy 6.0%
[35m[MSG][0m itr   247, best 5574.9180, time  275.2, minPhero 0.01(232), stagnancy 6.3%
[35m[MSG][0m itr   248, best 5574.9180, time  276.2, minPhero 0.01(232), stagnancy 6.7%
[35m[MSG][0m itr   249, best 5574.9180, time  277.2, minPhero 0.01(232), stagnancy 7.0%
[35m[MSG][0m itr   250, best 5569.3267, time  278.4, minPhero 0.01(238), stagnancy 0.0%
[35m[MSG][0m itr   251, best 5569.3267, time  279.5, minPhero 0.01(238), stagnancy 0.3%
[35m[MSG][0m itr   252, best 5569.3262, time  280.5, minPhero 0.01(238), stagnancy 0.0%
[35m[MSG][0m itr   253, best 5569.3262, time  281.8, minPhero 0.01(238), stagnancy 0.3%
[35m[MSG][0m itr   254, best 5569.3262, time  282.9, minPhero 0.01(238), stagnancy 0.7%
[35m[MSG][0m itr   255, best 5569.3262, time  284.0, minPhero 0.01(238), stagnancy 1.0%
[35m[MSG][0m itr   256, best 5569.3262, time  285.1, minPhero 0.01(238), stagnancy 1.3%
[35m[MSG][0m itr   257, best 5569.3262, time  286.2, minPhero 0.01(238), stagnancy 1.7%
[35m[MSG][0m itr   258, best 5569.3262, time  287.3, minPhero 0.01(238), stagnancy 2.0%
[35m[MSG][0m itr   259, best 5569.3262, time  288.5, minPhero 0.01(238), stagnancy 2.3%
[35m[MSG][0m itr   260, best 5569.3262, time  289.7, minPhero 0.01(238), stagnancy 2.7%
[35m[MSG][0m itr   261, best 5569.3262, time  290.9, minPhero 0.01(238), stagnancy 3.0%
[35m[MSG][0m itr   262, best 5569.3262, time  292.0, minPhero 0.01(238), stagnancy 3.3%
[35m[MSG][0m itr   263, best 5567.0908, time  293.1, minPhero 0.01(243), stagnancy 0.0%
[35m[MSG][0m itr   264, best 5567.0908, time  294.2, minPhero 0.01(243), stagnancy 0.3%
[35m[MSG][0m itr   265, best 5566.4243, time  295.3, minPhero 0.01(244), stagnancy 0.0%
[35m[MSG][0m itr   266, best 5566.4243, time  296.5, minPhero 0.01(244), stagnancy 0.3%
[35m[MSG][0m itr   267, best 5566.4243, time  297.7, minPhero 0.01(244), stagnancy 0.7%
[35m[MSG][0m itr   268, best 5566.4243, time  298.8, minPhero 0.01(244), stagnancy 1.0%
[35m[MSG][0m itr   269, best 5566.4238, time  299.8, minPhero 0.01(244), stagnancy 0.0%
[35m[MSG][0m itr   270, best 5566.4238, time  301.1, minPhero 0.01(244), stagnancy 0.3%
[35m[MSG][0m itr   271, best 5566.1401, time  302.3, minPhero 0.01(247), stagnancy 0.0%
[35m[MSG][0m itr   272, best 5566.1396, time  303.3, minPhero 0.01(247), stagnancy 0.0%
[35m[MSG][0m itr   273, best 5566.1396, time  304.4, minPhero 0.01(247), stagnancy 0.3%
[35m[MSG][0m itr   274, best 5566.1396, time  305.6, minPhero 0.01(247), stagnancy 0.7%
[35m[MSG][0m itr   275, best 5566.1396, time  306.7, minPhero 0.01(247), stagnancy 1.0%
[35m[MSG][0m itr   276, best 5566.1392, time  307.9, minPhero 0.01(241), stagnancy 0.0%
[35m[MSG][0m itr   277, best 5566.1392, time  309.0, minPhero 0.01(241), stagnancy 0.3%
[35m[MSG][0m itr   278, best 5566.1392, time  310.2, minPhero 0.01(241), stagnancy 0.7%
[35m[MSG][0m itr   279, best 5566.1392, time  311.3, minPhero 0.01(241), stagnancy 1.0%
[35m[MSG][0m itr   280, best 5566.1392, time  312.4, minPhero 0.01(241), stagnancy 1.3%
[35m[MSG][0m itr   281, best 5566.1392, time  313.5, minPhero 0.01(240), stagnancy 1.7%
[35m[MSG][0m itr   282, best 5566.1392, time  314.7, minPhero 0.01(240), stagnancy 2.0%
[35m[MSG][0m itr   283, best 5566.1392, time  315.8, minPhero 0.01(240), stagnancy 2.3%
[35m[MSG][0m itr   284, best 5566.1392, time  316.9, minPhero 0.01(240), stagnancy 2.7%
[35m[MSG][0m itr   285, best 5566.1392, time  318.0, minPhero 0.01(240), stagnancy 3.0%
[35m[MSG][0m itr   286, best 5566.1392, time  319.0, minPhero 0.01(240), stagnancy 3.3%
[35m[MSG][0m itr   287, best 5566.1392, time  320.2, minPhero 0.01(240), stagnancy 3.7%
[35m[MSG][0m itr   288, best 5566.1392, time  321.3, minPhero 0.01(239), stagnancy 4.0%
[35m[MSG][0m itr   289, best 5566.1392, time  322.5, minPhero 0.01(235), stagnancy 4.3%
[35m[MSG][0m itr   290, best 5566.1392, time  323.6, minPhero 0.01(235), stagnancy 4.7%
[35m[MSG][0m itr   291, best 5561.4355, time  324.8, minPhero 0.01(240), stagnancy 0.0%
[35m[MSG][0m itr   292, best 5561.4355, time  325.9, minPhero 0.01(240), stagnancy 0.3%
[35m[MSG][0m itr   293, best 5561.4355, time  327.1, minPhero 0.01(240), stagnancy 0.7%
[35m[MSG][0m itr   294, best 5561.4355, time  328.2, minPhero 0.01(240), stagnancy 1.0%
[35m[MSG][0m itr   295, best 5561.4355, time  329.4, minPhero 0.01(240), stagnancy 1.3%
[35m[MSG][0m itr   296, best 5561.4355, time  330.5, minPhero 0.01(240), stagnancy 1.7%
[35m[MSG][0m itr   297, best 5561.4355, time  331.6, minPhero 0.01(237), stagnancy 2.0%
[35m[MSG][0m itr   298, best 5561.4355, time  332.8, minPhero 0.01(237), stagnancy 2.3%
[35m[MSG][0m itr   299, best 5561.4355, time  333.9, minPhero 0.01(237), stagnancy 2.7%
[35m[MSG][0m itr   300, best 5561.4355, time  335.0, minPhero 0.01(237), stagnancy 3.0%
[35m[MSG][0m itr   301, best 5561.4355, time  336.1, minPhero 0.01(237), stagnancy 3.3%
[35m[MSG][0m itr   302, best 5561.4355, time  337.1, minPhero 0.01(237), stagnancy 3.7%
[35m[MSG][0m itr   303, best 5561.4355, time  338.2, minPhero 0.01(237), stagnancy 4.0%
[35m[MSG][0m itr   304, best 5561.4355, time  339.4, minPhero 0.01(237), stagnancy 4.3%
[35m[MSG][0m itr   305, best 5561.4355, time  340.4, minPhero 0.01(237), stagnancy 4.7%
[35m[MSG][0m itr   306, best 5561.4355, time  341.5, minPhero 0.01(237), stagnancy 5.0%
[35m[MSG][0m itr   307, best 5561.4355, time  342.7, minPhero 0.01(237), stagnancy 5.3%
[35m[MSG][0m itr   308, best 5561.0820, time  343.7, minPhero 0.01(240), stagnancy 0.0%
[35m[MSG][0m itr   309, best 5561.0820, time  344.8, minPhero 0.01(240), stagnancy 0.3%
[35m[MSG][0m itr   310, best 5561.0815, time  346.0, minPhero 0.01(240), stagnancy 0.0%
[35m[MSG][0m itr   311, best 5561.0815, time  347.0, minPhero 0.01(240), stagnancy 0.3%
[35m[MSG][0m itr   312, best 5561.0815, time  348.1, minPhero 0.01(240), stagnancy 0.7%
[35m[MSG][0m itr   313, best 5561.0815, time  349.2, minPhero 0.01(240), stagnancy 1.0%
[35m[MSG][0m itr   314, best 5561.0815, time  350.6, minPhero 0.01(240), stagnancy 1.3%
[35m[MSG][0m itr   315, best 5561.0815, time  352.1, minPhero 0.01(240), stagnancy 1.7%
[35m[MSG][0m itr   316, best 5561.0815, time  353.5, minPhero 0.01(240), stagnancy 2.0%
[35m[MSG][0m itr   317, best 5561.0815, time  354.6, minPhero 0.01(235), stagnancy 2.3%
[35m[MSG][0m itr   318, best 5561.0815, time  355.8, minPhero 0.01(235), stagnancy 2.7%
[35m[MSG][0m itr   319, best 5561.0815, time  357.0, minPhero 0.01(235), stagnancy 3.0%
[35m[MSG][0m itr   320, best 5561.0815, time  358.1, minPhero 0.01(235), stagnancy 3.3%
[35m[MSG][0m itr   321, best 5561.0815, time  359.2, minPhero 0.01(235), stagnancy 3.7%
[35m[MSG][0m itr   322, best 5561.0815, time  360.3, minPhero 0.01(235), stagnancy 4.0%
[35m[MSG][0m itr   323, best 5561.0815, time  361.4, minPhero 0.01(235), stagnancy 4.3%
[35m[MSG][0m itr   324, best 5561.0815, time  362.5, minPhero 0.01(235), stagnancy 4.7%
[35m[MSG][0m itr   325, best 5561.0815, time  363.6, minPhero 0.01(235), stagnancy 5.0%
[35m[MSG][0m itr   326, best 5561.0815, time  364.9, minPhero 0.01(235), stagnancy 5.3%
[35m[MSG][0m itr   327, best 5561.0815, time  366.1, minPhero 0.01(235), stagnancy 5.7%
[35m[MSG][0m itr   328, best 5561.0815, time  367.7, minPhero 0.01(235), stagnancy 6.0%
[35m[MSG][0m itr   329, best 5561.0815, time  369.2, minPhero 0.01(235), stagnancy 6.3%
[35m[MSG][0m itr   330, best 5561.0815, time  370.6, minPhero 0.01(235), stagnancy 6.7%
[35m[MSG][0m itr   331, best 5561.0815, time  372.0, minPhero 0.01(235), stagnancy 7.0%
[35m[MSG][0m itr   332, best 5561.0815, time  373.4, minPhero 0.01(235), stagnancy 7.3%
[35m[MSG][0m itr   333, best 5561.0815, time  374.9, minPhero 0.01(233), stagnancy 7.7%
[35m[MSG][0m itr   334, best 5561.0815, time  376.4, minPhero 0.01(232), stagnancy 8.0%
[35m[MSG][0m itr   335, best 5561.0815, time  377.8, minPhero 0.01(232), stagnancy 8.3%
[35m[MSG][0m itr   336, best 5561.0815, time  379.2, minPhero 0.01(232), stagnancy 8.7%
[35m[MSG][0m itr   337, best 5561.0815, time  380.7, minPhero 0.01(232), stagnancy 9.0%
[35m[MSG][0m itr   338, best 5561.0815, time  382.0, minPhero 0.01(232), stagnancy 9.3%
[35m[MSG][0m itr   339, best 5561.0815, time  383.5, minPhero 0.01(232), stagnancy 9.7%
[35m[MSG][0m itr   340, best 5561.0815, time  384.9, minPhero 0.01(232), stagnancy 10.0%
[35m[MSG][0m itr   341, best 5561.0815, time  386.3, minPhero 0.01(232), stagnancy 10.3%
[35m[MSG][0m itr   342, best 5561.0815, time  387.8, minPhero 0.01(232), stagnancy 10.7%
[35m[MSG][0m itr   343, best 5561.0815, time  389.2, minPhero 0.01(232), stagnancy 11.0%
[35m[MSG][0m itr   344, best 5561.0815, time  390.6, minPhero 0.01(232), stagnancy 11.3%
[35m[MSG][0m itr   345, best 5561.0815, time  391.9, minPhero 0.01(232), stagnancy 11.7%
[35m[MSG][0m itr   346, best 5561.0815, time  393.2, minPhero 0.01(232), stagnancy 12.0%
[35m[MSG][0m itr   347, best 5561.0815, time  394.5, minPhero 0.01(232), stagnancy 12.3%
[35m[MSG][0m itr   348, best 5561.0815, time  395.9, minPhero 0.01(232), stagnancy 12.7%
[35m[MSG][0m itr   349, best 5561.0815, time  397.2, minPhero 0.01(232), stagnancy 13.0%
[35m[MSG][0m itr   350, best 5561.0815, time  398.9, minPhero 0.01(232), stagnancy 13.3%
[35m[MSG][0m itr   351, best 5561.0815, time  400.4, minPhero 0.01(232), stagnancy 13.7%
[35m[MSG][0m itr   352, best 5561.0815, time  401.7, minPhero 0.01(232), stagnancy 14.0%
[35m[MSG][0m itr   353, best 5561.0815, time  403.0, minPhero 0.01(232), stagnancy 14.3%
[35m[MSG][0m itr   354, best 5561.0815, time  404.2, minPhero 0.01(232), stagnancy 14.7%
[35m[MSG][0m itr   355, best 5561.0815, time  405.7, minPhero 0.01(232), stagnancy 15.0%
[35m[MSG][0m itr   356, best 5561.0815, time  406.9, minPhero 0.01(232), stagnancy 15.3%
[35m[MSG][0m itr   357, best 5561.0815, time  408.0, minPhero 0.01(232), stagnancy 15.7%
[35m[MSG][0m itr   358, best 5561.0815, time  409.1, minPhero 0.01(232), stagnancy 16.0%
[35m[MSG][0m itr   359, best 5561.0815, time  410.1, minPhero 0.01(232), stagnancy 16.3%
[35m[MSG][0m itr   360, best 5561.0815, time  411.4, minPhero 0.01(232), stagnancy 16.7%
[35m[MSG][0m itr   361, best 5561.0815, time  412.5, minPhero 0.01(232), stagnancy 17.0%
[35m[MSG][0m itr   362, best 5561.0815, time  413.6, minPhero 0.01(232), stagnancy 17.3%
[35m[MSG][0m itr   363, best 5561.0815, time  414.7, minPhero 0.01(232), stagnancy 17.7%
[35m[MSG][0m itr   364, best 5561.0815, time  415.7, minPhero 0.01(232), stagnancy 18.0%
[35m[MSG][0m itr   365, best 5561.0815, time  416.8, minPhero 0.01(232), stagnancy 18.3%
[35m[MSG][0m itr   366, best 5561.0815, time  418.0, minPhero 0.01(232), stagnancy 18.7%
[35m[MSG][0m itr   367, best 5561.0815, time  419.1, minPhero 0.01(232), stagnancy 19.0%
[35m[MSG][0m itr   368, best 5561.0815, time  420.2, minPhero 0.01(232), stagnancy 19.3%
[35m[MSG][0m itr   369, best 5561.0815, time  421.2, minPhero 0.01(232), stagnancy 19.7%
[35m[MSG][0m itr   370, best 5561.0815, time  422.5, minPhero 0.01(232), stagnancy 20.0%
[35m[MSG][0m itr   371, best 5561.0815, time  423.6, minPhero 0.01(232), stagnancy 20.3%
[35m[MSG][0m itr   372, best 5561.0815, time  424.6, minPhero 0.01(232), stagnancy 20.7%
[35m[MSG][0m itr   373, best 5561.0815, time  425.7, minPhero 0.01(232), stagnancy 21.0%
[35m[MSG][0m itr   374, best 5561.0815, time  426.9, minPhero 0.01(232), stagnancy 21.3%
[35m[MSG][0m itr   375, best 5561.0815, time  428.1, minPhero 0.01(232), stagnancy 21.7%
[35m[MSG][0m itr   376, best 5561.0815, time  429.1, minPhero 0.01(232), stagnancy 22.0%
[35m[MSG][0m itr   377, best 5561.0815, time  430.2, minPhero 0.01(232), stagnancy 22.3%
[35m[MSG][0m itr   378, best 5561.0815, time  431.3, minPhero 0.01(232), stagnancy 22.7%
[35m[MSG][0m itr   379, best 5561.0815, time  432.5, minPhero 0.01(232), stagnancy 23.0%
[35m[MSG][0m itr   380, best 5561.0815, time  433.6, minPhero 0.01(232), stagnancy 23.3%
[35m[MSG][0m itr   381, best 5561.0815, time  434.7, minPhero 0.01(232), stagnancy 23.7%
[35m[MSG][0m itr   382, best 5561.0815, time  435.9, minPhero 0.01(232), stagnancy 24.0%
[35m[MSG][0m itr   383, best 5561.0815, time  437.0, minPhero 0.01(232), stagnancy 24.3%
[35m[MSG][0m itr   384, best 5561.0815, time  438.2, minPhero 0.01(232), stagnancy 24.7%
[35m[MSG][0m itr   385, best 5561.0815, time  439.2, minPhero 0.01(232), stagnancy 25.0%
[35m[MSG][0m itr   386, best 5561.0815, time  440.3, minPhero 0.01(232), stagnancy 25.3%
[35m[MSG][0m itr   387, best 5561.0815, time  441.3, minPhero 0.01(232), stagnancy 25.7%
[35m[MSG][0m itr   388, best 5561.0815, time  442.4, minPhero 0.01(232), stagnancy 26.0%
[35m[MSG][0m itr   389, best 5561.0815, time  443.4, minPhero 0.01(232), stagnancy 26.3%
[35m[MSG][0m itr   390, best 5561.0815, time  444.5, minPhero 0.01(232), stagnancy 26.7%
[35m[MSG][0m itr   391, best 5561.0815, time  445.6, minPhero 0.01(232), stagnancy 27.0%
[35m[MSG][0m itr   392, best 5561.0815, time  446.7, minPhero 0.01(232), stagnancy 27.3%
[35m[MSG][0m itr   393, best 5561.0815, time  447.8, minPhero 0.01(232), stagnancy 27.7%
[35m[MSG][0m itr   394, best 5561.0815, time  448.9, minPhero 0.01(232), stagnancy 28.0%
[35m[MSG][0m itr   395, best 5561.0815, time  450.1, minPhero 0.01(232), stagnancy 28.3%
[35m[MSG][0m itr   396, best 5561.0815, time  451.2, minPhero 0.01(232), stagnancy 28.7%
[35m[MSG][0m itr   397, best 5561.0815, time  452.3, minPhero 0.01(232), stagnancy 29.0%
[35m[MSG][0m itr   398, best 5561.0815, time  453.5, minPhero 0.01(232), stagnancy 29.3%
[35m[MSG][0m itr   399, best 5561.0815, time  454.6, minPhero 0.01(232), stagnancy 29.7%
[35m[MSG][0m itr   400, best 5561.0815, time  455.7, minPhero 0.01(232), stagnancy 30.0%
[35m[MSG][0m itr   401, best 5561.0815, time  456.8, minPhero 0.01(232), stagnancy 30.3%
[35m[MSG][0m itr   402, best 5561.0815, time  457.9, minPhero 0.01(232), stagnancy 30.7%
[35m[MSG][0m itr   403, best 5561.0815, time  459.0, minPhero 0.01(232), stagnancy 31.0%
[35m[MSG][0m itr   404, best 5561.0815, time  460.1, minPhero 0.01(232), stagnancy 31.3%
[35m[MSG][0m itr   405, best 5561.0815, time  461.2, minPhero 0.01(232), stagnancy 31.7%
[35m[MSG][0m itr   406, best 5561.0815, time  462.4, minPhero 0.01(232), stagnancy 32.0%
[35m[MSG][0m itr   407, best 5561.0815, time  463.5, minPhero 0.01(232), stagnancy 32.3%
[35m[MSG][0m itr   408, best 5561.0815, time  464.7, minPhero 0.01(232), stagnancy 32.7%
[35m[MSG][0m itr   409, best 5561.0815, time  465.9, minPhero 0.01(232), stagnancy 33.0%
[35m[MSG][0m itr   410, best 5561.0815, time  467.0, minPhero 0.01(232), stagnancy 33.3%
[35m[MSG][0m itr   411, best 5561.0815, time  468.2, minPhero 0.01(232), stagnancy 33.7%
[35m[MSG][0m itr   412, best 5561.0815, time  469.3, minPhero 0.01(232), stagnancy 34.0%
[35m[MSG][0m itr   413, best 5561.0815, time  470.4, minPhero 0.01(232), stagnancy 34.3%
[35m[MSG][0m itr   414, best 5561.0815, time  471.5, minPhero 0.01(232), stagnancy 34.7%
[35m[MSG][0m itr   415, best 5561.0815, time  472.6, minPhero 0.01(232), stagnancy 35.0%
[35m[MSG][0m itr   416, best 5561.0815, time  473.6, minPhero 0.01(232), stagnancy 35.3%
[35m[MSG][0m itr   417, best 5561.0815, time  474.7, minPhero 0.01(232), stagnancy 35.7%
[35m[MSG][0m itr   418, best 5561.0815, time  475.9, minPhero 0.01(232), stagnancy 36.0%
[35m[MSG][0m itr   419, best 5561.0815, time  477.0, minPhero 0.01(232), stagnancy 36.3%
[35m[MSG][0m itr   420, best 5561.0815, time  478.1, minPhero 0.01(232), stagnancy 36.7%
[35m[MSG][0m itr   421, best 5561.0815, time  479.2, minPhero 0.01(232), stagnancy 37.0%
[35m[MSG][0m itr   422, best 5561.0815, time  480.3, minPhero 0.01(232), stagnancy 37.3%
[35m[MSG][0m itr   423, best 5561.0815, time  481.5, minPhero 0.01(232), stagnancy 37.7%
[35m[MSG][0m itr   424, best 5561.0815, time  482.6, minPhero 0.01(232), stagnancy 38.0%
[35m[MSG][0m itr   425, best 5561.0815, time  483.7, minPhero 0.01(232), stagnancy 38.3%
[35m[MSG][0m itr   426, best 5561.0815, time  484.8, minPhero 0.01(232), stagnancy 38.7%
[35m[MSG][0m itr   427, best 5561.0815, time  485.9, minPhero 0.01(232), stagnancy 39.0%
[35m[MSG][0m itr   428, best 5561.0815, time  486.9, minPhero 0.01(232), stagnancy 39.3%
[35m[MSG][0m itr   429, best 5561.0815, time  488.1, minPhero 0.01(232), stagnancy 39.7%
[35m[MSG][0m itr   430, best 5561.0815, time  489.1, minPhero 0.01(232), stagnancy 40.0%
[35m[MSG][0m itr   431, best 5561.0815, time  490.2, minPhero 0.01(232), stagnancy 40.3%
[35m[MSG][0m itr   432, best 5561.0815, time  491.5, minPhero 0.01(232), stagnancy 40.7%
[35m[MSG][0m itr   433, best 5561.0815, time  492.5, minPhero 0.01(232), stagnancy 41.0%
[35m[MSG][0m itr   434, best 5561.0815, time  493.6, minPhero 0.01(232), stagnancy 41.3%
[35m[MSG][0m itr   435, best 5561.0815, time  494.7, minPhero 0.01(232), stagnancy 41.7%
[35m[MSG][0m itr   436, best 5561.0815, time  495.8, minPhero 0.01(232), stagnancy 42.0%
[35m[MSG][0m itr   437, best 5561.0815, time  496.8, minPhero 0.01(232), stagnancy 42.3%
[35m[MSG][0m itr   438, best 5561.0815, time  497.8, minPhero 0.01(232), stagnancy 42.7%
[35m[MSG][0m itr   439, best 5561.0815, time  498.9, minPhero 0.01(232), stagnancy 43.0%
[35m[MSG][0m itr   440, best 5561.0815, time  500.1, minPhero 0.01(232), stagnancy 43.3%
[35m[MSG][0m itr   441, best 5561.0815, time  501.1, minPhero 0.01(232), stagnancy 43.7%
[35m[MSG][0m itr   442, best 5561.0815, time  502.2, minPhero 0.01(232), stagnancy 44.0%
[35m[MSG][0m itr   443, best 5561.0815, time  503.3, minPhero 0.01(232), stagnancy 44.3%
[35m[MSG][0m itr   444, best 5561.0815, time  504.5, minPhero 0.01(232), stagnancy 44.7%
[35m[MSG][0m itr   445, best 5561.0815, time  505.6, minPhero 0.01(232), stagnancy 45.0%
[35m[MSG][0m itr   446, best 5561.0815, time  506.8, minPhero 0.01(232), stagnancy 45.3%
[35m[MSG][0m itr   447, best 5561.0815, time  507.8, minPhero 0.01(232), stagnancy 45.7%
[35m[MSG][0m itr   448, best 5561.0815, time  508.9, minPhero 0.01(232), stagnancy 46.0%
[35m[MSG][0m itr   449, best 5561.0815, time  510.1, minPhero 0.01(232), stagnancy 46.3%
[35m[MSG][0m itr   450, best 5561.0815, time  511.1, minPhero 0.01(232), stagnancy 46.7%
[35m[MSG][0m itr   451, best 5561.0815, time  512.3, minPhero 0.01(232), stagnancy 47.0%
[35m[MSG][0m itr   452, best 5561.0815, time  513.4, minPhero 0.01(232), stagnancy 47.3%
[35m[MSG][0m itr   453, best 5561.0815, time  514.6, minPhero 0.01(232), stagnancy 47.7%
[35m[MSG][0m itr   454, best 5561.0815, time  515.9, minPhero 0.01(232), stagnancy 48.0%
[35m[MSG][0m itr   455, best 5561.0815, time  517.0, minPhero 0.01(232), stagnancy 48.3%
[35m[MSG][0m itr   456, best 5561.0815, time  518.1, minPhero 0.01(232), stagnancy 48.7%
[35m[MSG][0m itr   457, best 5561.0815, time  519.3, minPhero 0.01(232), stagnancy 49.0%
[35m[MSG][0m itr   458, best 5561.0815, time  520.5, minPhero 0.01(232), stagnancy 49.3%
[35m[MSG][0m itr   459, best 5561.0815, time  521.6, minPhero 0.01(232), stagnancy 49.7%
[35m[MSG][0m itr   460, best 5561.0815, time  522.7, minPhero 0.01(232), stagnancy 50.0%
[35m[MSG][0m itr   461, best 5561.0815, time  523.8, minPhero 0.01(232), stagnancy 50.3%
[35m[MSG][0m itr   462, best 5561.0815, time  525.0, minPhero 0.01(232), stagnancy 50.7%
[35m[MSG][0m itr   463, best 5561.0815, time  526.0, minPhero 0.01(232), stagnancy 51.0%
[35m[MSG][0m itr   464, best 5561.0815, time  527.1, minPhero 0.01(232), stagnancy 51.3%
[35m[MSG][0m itr   465, best 5561.0815, time  528.3, minPhero 0.01(232), stagnancy 51.7%
[35m[MSG][0m itr   466, best 5561.0815, time  529.5, minPhero 0.01(232), stagnancy 52.0%
[35m[MSG][0m itr   467, best 5561.0815, time  530.6, minPhero 0.01(232), stagnancy 52.3%
[35m[MSG][0m itr   468, best 5561.0815, time  531.7, minPhero 0.01(232), stagnancy 52.7%
[35m[MSG][0m itr   469, best 5561.0815, time  532.8, minPhero 0.01(232), stagnancy 53.0%
[35m[MSG][0m itr   470, best 5561.0815, time  534.0, minPhero 0.01(232), stagnancy 53.3%
[35m[MSG][0m itr   471, best 5561.0815, time  535.2, minPhero 0.01(232), stagnancy 53.7%
[35m[MSG][0m itr   472, best 5561.0815, time  536.3, minPhero 0.01(232), stagnancy 54.0%
[35m[MSG][0m itr   473, best 5561.0815, time  537.4, minPhero 0.01(232), stagnancy 54.3%
[35m[MSG][0m itr   474, best 5561.0815, time  538.7, minPhero 0.01(232), stagnancy 54.7%
[35m[MSG][0m itr   475, best 5561.0815, time  539.8, minPhero 0.01(232), stagnancy 55.0%
[35m[MSG][0m itr   476, best 5561.0815, time  540.9, minPhero 0.01(232), stagnancy 55.3%
[35m[MSG][0m itr   477, best 5561.0815, time  542.1, minPhero 0.01(232), stagnancy 55.7%
[35m[MSG][0m itr   478, best 5561.0815, time  543.2, minPhero 0.01(232), stagnancy 56.0%
[35m[MSG][0m itr   479, best 5561.0815, time  544.3, minPhero 0.01(232), stagnancy 56.3%
[35m[MSG][0m itr   480, best 5561.0815, time  545.5, minPhero 0.01(232), stagnancy 56.7%
[35m[MSG][0m itr   481, best 5561.0815, time  546.6, minPhero 0.01(232), stagnancy 57.0%
[35m[MSG][0m itr   482, best 5561.0815, time  547.8, minPhero 0.01(232), stagnancy 57.3%
[35m[MSG][0m itr   483, best 5561.0815, time  548.9, minPhero 0.01(232), stagnancy 57.7%
[35m[MSG][0m itr   484, best 5561.0815, time  550.0, minPhero 0.01(232), stagnancy 58.0%
[35m[MSG][0m itr   485, best 5561.0815, time  551.1, minPhero 0.01(232), stagnancy 58.3%
[35m[MSG][0m itr   486, best 5561.0815, time  552.3, minPhero 0.01(232), stagnancy 58.7%
[35m[MSG][0m itr   487, best 5561.0815, time  553.6, minPhero 0.01(232), stagnancy 59.0%
[35m[MSG][0m itr   488, best 5561.0815, time  554.8, minPhero 0.01(232), stagnancy 59.3%
[35m[MSG][0m itr   489, best 5561.0815, time  555.9, minPhero 0.01(232), stagnancy 59.7%
[35m[MSG][0m itr   490, best 5561.0815, time  557.0, minPhero 0.01(232), stagnancy 60.0%
[35m[MSG][0m itr   491, best 5561.0815, time  558.1, minPhero 0.01(232), stagnancy 60.3%
[35m[MSG][0m itr   492, best 5561.0815, time  559.2, minPhero 0.01(232), stagnancy 60.7%
[35m[MSG][0m itr   493, best 5561.0815, time  560.4, minPhero 0.01(232), stagnancy 61.0%
[35m[MSG][0m itr   494, best 5561.0815, time  561.5, minPhero 0.01(232), stagnancy 61.3%
[35m[MSG][0m itr   495, best 5561.0815, time  562.6, minPhero 0.01(232), stagnancy 61.7%
[35m[MSG][0m itr   496, best 5561.0815, time  563.8, minPhero 0.01(232), stagnancy 62.0%
[35m[MSG][0m itr   497, best 5561.0815, time  564.9, minPhero 0.01(232), stagnancy 62.3%
[35m[MSG][0m itr   498, best 5561.0815, time  566.0, minPhero 0.01(232), stagnancy 62.7%
[35m[MSG][0m itr   499, best 5561.0815, time  567.2, minPhero 0.01(232), stagnancy 63.0%
[35m[MSG][0m itr   500, best 5561.0815, time  568.4, minPhero 0.01(232), stagnancy 63.3%
[35m[MSG][0m itr   501, best 5561.0815, time  569.5, minPhero 0.01(232), stagnancy 63.7%
[35m[MSG][0m itr   502, best 5561.0815, time  570.6, minPhero 0.01(232), stagnancy 64.0%
[35m[MSG][0m itr   503, best 5561.0815, time  571.8, minPhero 0.01(232), stagnancy 64.3%
[35m[MSG][0m itr   504, best 5561.0815, time  572.9, minPhero 0.01(232), stagnancy 64.7%
[35m[MSG][0m itr   505, best 5561.0815, time  574.0, minPhero 0.01(232), stagnancy 65.0%
[35m[MSG][0m itr   506, best 5561.0815, time  575.2, minPhero 0.01(232), stagnancy 65.3%
[35m[MSG][0m itr   507, best 5561.0815, time  576.3, minPhero 0.01(232), stagnancy 65.7%
[35m[MSG][0m itr   508, best 5561.0815, time  577.4, minPhero 0.01(232), stagnancy 66.0%
[35m[MSG][0m itr   509, best 5561.0815, time  578.6, minPhero 0.01(232), stagnancy 66.3%
[35m[MSG][0m itr   510, best 5561.0815, time  579.7, minPhero 0.01(232), stagnancy 66.7%
[35m[MSG][0m itr   511, best 5561.0815, time  580.8, minPhero 0.01(232), stagnancy 67.0%
[35m[MSG][0m itr   512, best 5561.0815, time  581.9, minPhero 0.01(232), stagnancy 67.3%
[35m[MSG][0m itr   513, best 5561.0815, time  583.0, minPhero 0.01(232), stagnancy 67.7%
[35m[MSG][0m itr   514, best 5561.0815, time  584.1, minPhero 0.01(232), stagnancy 68.0%
[35m[MSG][0m itr   515, best 5561.0815, time  585.3, minPhero 0.01(232), stagnancy 68.3%
[35m[MSG][0m itr   516, best 5561.0815, time  586.4, minPhero 0.01(232), stagnancy 68.7%
[35m[MSG][0m itr   517, best 5561.0815, time  587.5, minPhero 0.01(232), stagnancy 69.0%
[35m[MSG][0m itr   518, best 5561.0815, time  588.6, minPhero 0.01(232), stagnancy 69.3%
[35m[MSG][0m itr   519, best 5561.0815, time  589.8, minPhero 0.01(232), stagnancy 69.7%
[35m[MSG][0m itr   520, best 5561.0815, time  590.9, minPhero 0.01(232), stagnancy 70.0%
[35m[MSG][0m itr   521, best 5561.0815, time  592.1, minPhero 0.01(232), stagnancy 70.3%
[35m[MSG][0m itr   522, best 5561.0815, time  593.2, minPhero 0.01(232), stagnancy 70.7%
[35m[MSG][0m itr   523, best 5561.0815, time  594.3, minPhero 0.01(232), stagnancy 71.0%
[35m[MSG][0m itr   524, best 5561.0815, time  595.5, minPhero 0.01(232), stagnancy 71.3%
[35m[MSG][0m itr   525, best 5561.0815, time  596.6, minPhero 0.01(232), stagnancy 71.7%
[35m[MSG][0m itr   526, best 5561.0815, time  597.7, minPhero 0.01(232), stagnancy 72.0%
[35m[MSG][0m itr   527, best 5561.0815, time  598.8, minPhero 0.01(232), stagnancy 72.3%
[35m[MSG][0m itr   528, best 5561.0815, time  599.9, minPhero 0.01(232), stagnancy 72.7%
[35m[MSG][0m itr   529, best 5561.0815, time  601.0, minPhero 0.01(232), stagnancy 73.0%
[35m[MSG][0m itr   530, best 5561.0815, time  602.2, minPhero 0.01(232), stagnancy 73.3%
[35m[MSG][0m itr   531, best 5561.0815, time  603.3, minPhero 0.01(232), stagnancy 73.7%
[35m[MSG][0m itr   532, best 5561.0815, time  604.4, minPhero 0.01(232), stagnancy 74.0%
[35m[MSG][0m itr   533, best 5561.0815, time  605.5, minPhero 0.01(232), stagnancy 74.3%
[35m[MSG][0m itr   534, best 5561.0815, time  606.6, minPhero 0.01(232), stagnancy 74.7%
[35m[MSG][0m itr   535, best 5561.0815, time  607.7, minPhero 0.01(232), stagnancy 75.0%
[35m[MSG][0m itr   536, best 5561.0815, time  608.9, minPhero 0.01(232), stagnancy 75.3%
[35m[MSG][0m itr   537, best 5561.0815, time  610.1, minPhero 0.01(232), stagnancy 75.7%
[35m[MSG][0m itr   538, best 5560.6558, time  611.2, minPhero 0.01(246), stagnancy 0.0%
[35m[MSG][0m itr   539, best 5560.6558, time  612.3, minPhero 0.01(246), stagnancy 0.3%
[35m[MSG][0m itr   540, best 5558.7944, time  613.4, minPhero 0.01(248), stagnancy 0.0%
[35m[MSG][0m itr   541, best 5558.7944, time  614.5, minPhero 0.01(248), stagnancy 0.3%
[35m[MSG][0m itr   542, best 5558.7944, time  615.7, minPhero 0.01(248), stagnancy 0.7%
[35m[MSG][0m itr   543, best 5558.7944, time  616.8, minPhero 0.01(248), stagnancy 1.0%
[35m[MSG][0m itr   544, best 5558.7944, time  618.0, minPhero 0.01(248), stagnancy 1.3%
[35m[MSG][0m itr   545, best 5558.7939, time  619.3, minPhero 0.01(248), stagnancy 0.0%
[35m[MSG][0m itr   546, best 5558.7939, time  620.4, minPhero 0.01(248), stagnancy 0.3%
[35m[MSG][0m itr   547, best 5558.7939, time  621.5, minPhero 0.01(248), stagnancy 0.7%
[35m[MSG][0m itr   548, best 5558.7939, time  622.6, minPhero 0.01(248), stagnancy 1.0%
[35m[MSG][0m itr   549, best 5558.7939, time  623.7, minPhero 0.01(248), stagnancy 1.3%
[35m[MSG][0m itr   550, best 5558.7510, time  624.8, minPhero 0.01(249), stagnancy 0.0%
[35m[MSG][0m itr   551, best 5558.7510, time  625.9, minPhero 0.01(249), stagnancy 0.3%
[35m[MSG][0m itr   552, best 5558.7510, time  627.1, minPhero 0.01(249), stagnancy 0.7%
[35m[MSG][0m itr   553, best 5558.7510, time  628.3, minPhero 0.01(249), stagnancy 1.0%
[35m[MSG][0m itr   554, best 5558.7510, time  629.5, minPhero 0.01(249), stagnancy 1.3%
[35m[MSG][0m itr   555, best 5558.7510, time  630.7, minPhero 0.01(249), stagnancy 1.7%
[35m[MSG][0m itr   556, best 5558.7510, time  631.8, minPhero 0.01(244), stagnancy 2.0%
[35m[MSG][0m itr   557, best 5558.7505, time  632.9, minPhero 0.01(244), stagnancy 0.0%
[35m[MSG][0m itr   558, best 5558.7505, time  634.0, minPhero 0.01(244), stagnancy 0.3%
[35m[MSG][0m itr   559, best 5558.7505, time  635.1, minPhero 0.01(244), stagnancy 0.7%
[35m[MSG][0m itr   560, best 5558.6426, time  636.3, minPhero 0.01(245), stagnancy 0.0%
[35m[MSG][0m itr   561, best 5558.6426, time  637.5, minPhero 0.01(245), stagnancy 0.3%
[35m[MSG][0m itr   562, best 5558.6426, time  638.8, minPhero 0.01(245), stagnancy 0.7%
[35m[MSG][0m itr   563, best 5558.6426, time  640.0, minPhero 0.01(245), stagnancy 1.0%
[35m[MSG][0m itr   564, best 5558.6426, time  641.0, minPhero 0.01(234), stagnancy 1.3%
[35m[MSG][0m itr   565, best 5558.6426, time  642.1, minPhero 0.01(234), stagnancy 1.7%
[35m[MSG][0m itr   566, best 5558.6426, time  643.2, minPhero 0.01(234), stagnancy 2.0%
[35m[MSG][0m itr   567, best 5558.6426, time  644.3, minPhero 0.01(234), stagnancy 2.3%
[35m[MSG][0m itr   568, best 5558.6426, time  645.5, minPhero 0.01(234), stagnancy 2.7%
[35m[MSG][0m itr   569, best 5558.6426, time  646.6, minPhero 0.01(234), stagnancy 3.0%
[35m[MSG][0m itr   570, best 5558.6426, time  647.7, minPhero 0.01(234), stagnancy 3.3%
[35m[MSG][0m itr   571, best 5558.6426, time  648.9, minPhero 0.01(234), stagnancy 3.7%
[35m[MSG][0m itr   572, best 5558.6426, time  650.0, minPhero 0.01(234), stagnancy 4.0%
[35m[MSG][0m itr   573, best 5558.6426, time  651.1, minPhero 0.01(234), stagnancy 4.3%
[35m[MSG][0m itr   574, best 5558.6426, time  652.1, minPhero 0.01(234), stagnancy 4.7%
[35m[MSG][0m itr   575, best 5558.6426, time  653.2, minPhero 0.01(234), stagnancy 5.0%
[35m[MSG][0m itr   576, best 5558.6426, time  654.3, minPhero 0.01(233), stagnancy 5.3%
[35m[MSG][0m itr   577, best 5558.6426, time  655.4, minPhero 0.01(233), stagnancy 5.7%
[35m[MSG][0m itr   578, best 5558.6426, time  656.4, minPhero 0.01(233), stagnancy 6.0%
[35m[MSG][0m itr   579, best 5558.6426, time  657.5, minPhero 0.01(233), stagnancy 6.3%
[35m[MSG][0m itr   580, best 5558.6426, time  658.7, minPhero 0.01(233), stagnancy 6.7%
[35m[MSG][0m itr   581, best 5558.6426, time  659.9, minPhero 0.01(233), stagnancy 7.0%
[35m[MSG][0m itr   582, best 5558.6421, time  661.0, minPhero 0.01(233), stagnancy 0.0%
[35m[MSG][0m itr   583, best 5558.6421, time  662.0, minPhero 0.01(233), stagnancy 0.3%
[35m[MSG][0m itr   584, best 5558.6421, time  663.1, minPhero 0.01(233), stagnancy 0.7%
[35m[MSG][0m itr   585, best 5558.6421, time  664.2, minPhero 0.01(233), stagnancy 1.0%
[35m[MSG][0m itr   586, best 5558.6421, time  665.4, minPhero 0.01(232), stagnancy 1.3%
[35m[MSG][0m itr   587, best 5558.6421, time  666.5, minPhero 0.01(232), stagnancy 1.7%
[35m[MSG][0m itr   588, best 5558.6421, time  667.6, minPhero 0.01(232), stagnancy 2.0%
[35m[MSG][0m itr   589, best 5558.6421, time  668.7, minPhero 0.01(232), stagnancy 2.3%
[35m[MSG][0m itr   590, best 5558.6421, time  669.7, minPhero 0.01(232), stagnancy 2.7%
[35m[MSG][0m itr   591, best 5558.6421, time  670.8, minPhero 0.01(232), stagnancy 3.0%
[35m[MSG][0m itr   592, best 5558.6421, time  671.9, minPhero 0.01(232), stagnancy 3.3%
[35m[MSG][0m itr   593, best 5558.6421, time  673.1, minPhero 0.01(232), stagnancy 3.7%
[35m[MSG][0m itr   594, best 5558.6421, time  674.2, minPhero 0.01(232), stagnancy 4.0%
[35m[MSG][0m itr   595, best 5558.6421, time  675.4, minPhero 0.01(232), stagnancy 4.3%
[35m[MSG][0m itr   596, best 5558.6421, time  676.6, minPhero 0.01(232), stagnancy 4.7%
[35m[MSG][0m itr   597, best 5558.6421, time  677.7, minPhero 0.01(232), stagnancy 5.0%
[35m[MSG][0m itr   598, best 5558.6421, time  678.8, minPhero 0.01(232), stagnancy 5.3%
[35m[MSG][0m itr   599, best 5558.6421, time  679.8, minPhero 0.01(232), stagnancy 5.7%
[35m[MSG][0m itr   600, best 5558.6421, time  680.9, minPhero 0.01(232), stagnancy 6.0%
[35m[MSG][0m itr   601, best 5558.6421, time  682.0, minPhero 0.01(232), stagnancy 6.3%
[35m[MSG][0m itr   602, best 5558.6421, time  683.1, minPhero 0.01(232), stagnancy 6.7%
[35m[MSG][0m itr   603, best 5558.6421, time  684.3, minPhero 0.01(232), stagnancy 7.0%
[35m[MSG][0m itr   604, best 5558.6421, time  685.4, minPhero 0.01(232), stagnancy 7.3%
[35m[MSG][0m itr   605, best 5558.6421, time  686.5, minPhero 0.01(232), stagnancy 7.7%
[35m[MSG][0m itr   606, best 5558.6421, time  687.7, minPhero 0.01(232), stagnancy 8.0%
[35m[MSG][0m itr   607, best 5558.6421, time  688.7, minPhero 0.01(232), stagnancy 8.3%
[35m[MSG][0m itr   608, best 5558.6421, time  689.9, minPhero 0.01(232), stagnancy 8.7%
[35m[MSG][0m itr   609, best 5558.6421, time  691.0, minPhero 0.01(232), stagnancy 9.0%
[35m[MSG][0m itr   610, best 5558.6421, time  692.1, minPhero 0.01(232), stagnancy 9.3%
[35m[MSG][0m itr   611, best 5558.6421, time  693.2, minPhero 0.01(232), stagnancy 9.7%
[35m[MSG][0m itr   612, best 5558.6421, time  694.4, minPhero 0.01(232), stagnancy 10.0%
[35m[MSG][0m itr   613, best 5558.6421, time  695.5, minPhero 0.01(232), stagnancy 10.3%
[35m[MSG][0m itr   614, best 5558.6421, time  696.7, minPhero 0.01(232), stagnancy 10.7%
[35m[MSG][0m itr   615, best 5558.6421, time  697.8, minPhero 0.01(232), stagnancy 11.0%
[35m[MSG][0m itr   616, best 5558.6421, time  698.9, minPhero 0.01(232), stagnancy 11.3%
[35m[MSG][0m itr   617, best 5558.6421, time  700.0, minPhero 0.01(232), stagnancy 11.7%
[35m[MSG][0m itr   618, best 5558.6421, time  701.0, minPhero 0.01(232), stagnancy 12.0%
[35m[MSG][0m itr   619, best 5558.6421, time  702.2, minPhero 0.01(232), stagnancy 12.3%
[35m[MSG][0m itr   620, best 5558.6421, time  703.2, minPhero 0.01(232), stagnancy 12.7%
[35m[MSG][0m itr   621, best 5558.6421, time  704.3, minPhero 0.01(232), stagnancy 13.0%
[35m[MSG][0m itr   622, best 5558.6421, time  705.4, minPhero 0.01(232), stagnancy 13.3%
[35m[MSG][0m itr   623, best 5558.6421, time  706.5, minPhero 0.01(232), stagnancy 13.7%
[35m[MSG][0m itr   624, best 5558.6421, time  707.6, minPhero 0.01(232), stagnancy 14.0%
[35m[MSG][0m itr   625, best 5558.6421, time  708.8, minPhero 0.01(232), stagnancy 14.3%
[35m[MSG][0m itr   626, best 5558.6421, time  710.0, minPhero 0.01(232), stagnancy 14.7%
[35m[MSG][0m itr   627, best 5558.6421, time  711.1, minPhero 0.01(232), stagnancy 15.0%
[35m[MSG][0m itr   628, best 5558.6421, time  712.2, minPhero 0.01(232), stagnancy 15.3%
[35m[MSG][0m itr   629, best 5558.6421, time  713.3, minPhero 0.01(232), stagnancy 15.7%
[35m[MSG][0m itr   630, best 5558.6421, time  714.4, minPhero 0.01(232), stagnancy 16.0%
[35m[MSG][0m itr   631, best 5558.6421, time  715.5, minPhero 0.01(232), stagnancy 16.3%
[35m[MSG][0m itr   632, best 5558.6421, time  716.6, minPhero 0.01(232), stagnancy 16.7%
[35m[MSG][0m itr   633, best 5558.6421, time  717.7, minPhero 0.01(232), stagnancy 17.0%
[35m[MSG][0m itr   634, best 5558.6421, time  718.8, minPhero 0.01(232), stagnancy 17.3%
[35m[MSG][0m itr   635, best 5558.6421, time  719.9, minPhero 0.01(232), stagnancy 17.7%
[35m[MSG][0m itr   636, best 5558.6421, time  721.0, minPhero 0.01(232), stagnancy 18.0%
[35m[MSG][0m itr   637, best 5558.6421, time  722.1, minPhero 0.01(232), stagnancy 18.3%
[35m[MSG][0m itr   638, best 5558.6421, time  723.2, minPhero 0.01(232), stagnancy 18.7%
[35m[MSG][0m itr   639, best 5558.6421, time  724.3, minPhero 0.01(232), stagnancy 19.0%
[35m[MSG][0m itr   640, best 5558.6421, time  725.5, minPhero 0.01(232), stagnancy 19.3%
[35m[MSG][0m itr   641, best 5558.6421, time  726.6, minPhero 0.01(232), stagnancy 19.7%
[35m[MSG][0m itr   642, best 5558.6421, time  727.7, minPhero 0.01(232), stagnancy 20.0%
[35m[MSG][0m itr   643, best 5558.6421, time  728.8, minPhero 0.01(232), stagnancy 20.3%
[35m[MSG][0m itr   644, best 5558.6421, time  730.0, minPhero 0.01(232), stagnancy 20.7%
[35m[MSG][0m itr   645, best 5558.6421, time  731.0, minPhero 0.01(232), stagnancy 21.0%
[35m[MSG][0m itr   646, best 5558.6421, time  732.0, minPhero 0.01(232), stagnancy 21.3%
[35m[MSG][0m itr   647, best 5558.6421, time  733.2, minPhero 0.01(232), stagnancy 21.7%
[35m[MSG][0m itr   648, best 5558.6421, time  734.2, minPhero 0.01(232), stagnancy 22.0%
[35m[MSG][0m itr   649, best 5558.6421, time  735.5, minPhero 0.01(232), stagnancy 22.3%
[35m[MSG][0m itr   650, best 5558.6421, time  736.5, minPhero 0.01(232), stagnancy 22.7%
[35m[MSG][0m itr   651, best 5558.6421, time  737.5, minPhero 0.01(232), stagnancy 23.0%
[35m[MSG][0m itr   652, best 5558.6421, time  738.6, minPhero 0.01(232), stagnancy 23.3%
[35m[MSG][0m itr   653, best 5558.6421, time  739.6, minPhero 0.01(232), stagnancy 23.7%
[35m[MSG][0m itr   654, best 5558.6421, time  740.6, minPhero 0.01(232), stagnancy 24.0%
[35m[MSG][0m itr   655, best 5558.6421, time  741.7, minPhero 0.01(232), stagnancy 24.3%
[35m[MSG][0m itr   656, best 5558.6421, time  742.8, minPhero 0.01(232), stagnancy 24.7%
[35m[MSG][0m itr   657, best 5558.6421, time  743.9, minPhero 0.01(232), stagnancy 25.0%
[35m[MSG][0m itr   658, best 5558.6421, time  744.9, minPhero 0.01(232), stagnancy 25.3%
[35m[MSG][0m itr   659, best 5558.6421, time  746.1, minPhero 0.01(232), stagnancy 25.7%
[35m[MSG][0m itr   660, best 5558.6421, time  747.3, minPhero 0.01(232), stagnancy 26.0%
[35m[MSG][0m itr   661, best 5558.6421, time  748.3, minPhero 0.01(232), stagnancy 26.3%
[35m[MSG][0m itr   662, best 5558.6421, time  749.5, minPhero 0.01(232), stagnancy 26.7%
[35m[MSG][0m itr   663, best 5558.6421, time  750.5, minPhero 0.01(232), stagnancy 27.0%
[35m[MSG][0m itr   664, best 5558.6421, time  751.7, minPhero 0.01(232), stagnancy 27.3%
[35m[MSG][0m itr   665, best 5558.6421, time  752.8, minPhero 0.01(232), stagnancy 27.7%
[35m[MSG][0m itr   666, best 5558.6421, time  753.8, minPhero 0.01(232), stagnancy 28.0%
[35m[MSG][0m itr   667, best 5558.6421, time  755.0, minPhero 0.01(232), stagnancy 28.3%
[35m[MSG][0m itr   668, best 5558.6421, time  756.1, minPhero 0.01(232), stagnancy 28.7%
[35m[MSG][0m itr   669, best 5558.6421, time  757.3, minPhero 0.01(232), stagnancy 29.0%
[35m[MSG][0m itr   670, best 5558.6421, time  758.5, minPhero 0.01(232), stagnancy 29.3%
[35m[MSG][0m itr   671, best 5558.6421, time  759.7, minPhero 0.01(232), stagnancy 29.7%
[35m[MSG][0m itr   672, best 5558.6421, time  760.8, minPhero 0.01(232), stagnancy 30.0%
[35m[MSG][0m itr   673, best 5558.6421, time  761.8, minPhero 0.01(232), stagnancy 30.3%
[35m[MSG][0m itr   674, best 5558.6421, time  762.9, minPhero 0.01(232), stagnancy 30.7%
[35m[MSG][0m itr   675, best 5558.6421, time  764.0, minPhero 0.01(232), stagnancy 31.0%
[35m[MSG][0m itr   676, best 5558.6421, time  765.1, minPhero 0.01(232), stagnancy 31.3%
[35m[MSG][0m itr   677, best 5558.6421, time  766.3, minPhero 0.01(232), stagnancy 31.7%
[35m[MSG][0m itr   678, best 5558.6421, time  767.4, minPhero 0.01(232), stagnancy 32.0%
[35m[MSG][0m itr   679, best 5558.6421, time  768.5, minPhero 0.01(232), stagnancy 32.3%
[35m[MSG][0m itr   680, best 5558.6421, time  769.7, minPhero 0.01(232), stagnancy 32.7%
[35m[MSG][0m itr   681, best 5558.6421, time  770.8, minPhero 0.01(232), stagnancy 33.0%
[35m[MSG][0m itr   682, best 5558.6421, time  772.0, minPhero 0.01(232), stagnancy 33.3%
[35m[MSG][0m itr   683, best 5558.6421, time  773.1, minPhero 0.01(232), stagnancy 33.7%
[35m[MSG][0m itr   684, best 5558.6421, time  774.4, minPhero 0.01(232), stagnancy 34.0%
[35m[MSG][0m itr   685, best 5558.6421, time  775.6, minPhero 0.01(232), stagnancy 34.3%
[35m[MSG][0m itr   686, best 5558.6421, time  776.7, minPhero 0.01(232), stagnancy 34.7%
[35m[MSG][0m itr   687, best 5558.6421, time  777.8, minPhero 0.01(232), stagnancy 35.0%
[35m[MSG][0m itr   688, best 5558.6421, time  778.9, minPhero 0.01(232), stagnancy 35.3%
[35m[MSG][0m itr   689, best 5558.6421, time  780.0, minPhero 0.01(232), stagnancy 35.7%
[35m[MSG][0m itr   690, best 5558.6421, time  781.0, minPhero 0.01(232), stagnancy 36.0%
[35m[MSG][0m itr   691, best 5558.6421, time  782.1, minPhero 0.01(232), stagnancy 36.3%
[35m[MSG][0m itr   692, best 5558.6421, time  783.2, minPhero 0.01(232), stagnancy 36.7%
[35m[MSG][0m itr   693, best 5558.6421, time  784.3, minPhero 0.01(232), stagnancy 37.0%
[35m[MSG][0m itr   694, best 5558.6421, time  785.4, minPhero 0.01(232), stagnancy 37.3%
[35m[MSG][0m itr   695, best 5558.6421, time  786.4, minPhero 0.01(232), stagnancy 37.7%
[35m[MSG][0m itr   696, best 5558.6421, time  787.6, minPhero 0.01(232), stagnancy 38.0%
[35m[MSG][0m itr   697, best 5558.6421, time  788.7, minPhero 0.01(232), stagnancy 38.3%
[35m[MSG][0m itr   698, best 5558.6421, time  789.8, minPhero 0.01(232), stagnancy 38.7%
[35m[MSG][0m itr   699, best 5558.6421, time  790.9, minPhero 0.01(232), stagnancy 39.0%
[35m[MSG][0m itr   700, best 5558.6421, time  792.0, minPhero 0.01(232), stagnancy 39.3%
[35m[MSG][0m itr   701, best 5558.6421, time  793.1, minPhero 0.01(232), stagnancy 39.7%
[35m[MSG][0m itr   702, best 5558.6421, time  794.1, minPhero 0.01(232), stagnancy 40.0%
[35m[MSG][0m itr   703, best 5558.6421, time  795.2, minPhero 0.01(232), stagnancy 40.3%
[35m[MSG][0m itr   704, best 5558.6421, time  796.4, minPhero 0.01(232), stagnancy 40.7%
[35m[MSG][0m itr   705, best 5558.6421, time  797.5, minPhero 0.01(232), stagnancy 41.0%
[35m[MSG][0m itr   706, best 5558.6421, time  798.6, minPhero 0.01(232), stagnancy 41.3%
[35m[MSG][0m itr   707, best 5558.6421, time  799.7, minPhero 0.01(232), stagnancy 41.7%
[35m[MSG][0m itr   708, best 5558.6421, time  800.8, minPhero 0.01(232), stagnancy 42.0%
[35m[MSG][0m itr   709, best 5558.6421, time  802.1, minPhero 0.01(232), stagnancy 42.3%
[35m[MSG][0m itr   710, best 5558.6421, time  803.3, minPhero 0.01(232), stagnancy 42.7%
[35m[MSG][0m itr   711, best 5558.6421, time  804.3, minPhero 0.01(232), stagnancy 43.0%
[35m[MSG][0m itr   712, best 5558.6421, time  805.5, minPhero 0.01(232), stagnancy 43.3%
[35m[MSG][0m itr   713, best 5558.6421, time  806.6, minPhero 0.01(232), stagnancy 43.7%
[35m[MSG][0m itr   714, best 5558.6421, time  807.6, minPhero 0.01(232), stagnancy 44.0%
[35m[MSG][0m itr   715, best 5558.6421, time  808.8, minPhero 0.01(232), stagnancy 44.3%
[35m[MSG][0m itr   716, best 5558.6421, time  809.9, minPhero 0.01(232), stagnancy 44.7%
[35m[MSG][0m itr   717, best 5558.6421, time  811.0, minPhero 0.01(232), stagnancy 45.0%
[35m[MSG][0m itr   718, best 5558.6421, time  812.2, minPhero 0.01(232), stagnancy 45.3%
[35m[MSG][0m itr   719, best 5558.6421, time  813.3, minPhero 0.01(232), stagnancy 45.7%
[35m[MSG][0m itr   720, best 5558.6421, time  814.4, minPhero 0.01(232), stagnancy 46.0%
[35m[MSG][0m itr   721, best 5558.6421, time  815.4, minPhero 0.01(232), stagnancy 46.3%
[35m[MSG][0m itr   722, best 5558.6421, time  816.5, minPhero 0.01(232), stagnancy 46.7%
[35m[MSG][0m itr   723, best 5558.6421, time  817.6, minPhero 0.01(232), stagnancy 47.0%
[35m[MSG][0m itr   724, best 5558.6421, time  818.8, minPhero 0.01(232), stagnancy 47.3%
[35m[MSG][0m itr   725, best 5558.6421, time  819.9, minPhero 0.01(232), stagnancy 47.7%
[35m[MSG][0m itr   726, best 5558.6421, time  821.1, minPhero 0.01(232), stagnancy 48.0%
[35m[MSG][0m itr   727, best 5558.6421, time  822.2, minPhero 0.01(232), stagnancy 48.3%
[35m[MSG][0m itr   728, best 5558.6421, time  823.3, minPhero 0.01(232), stagnancy 48.7%
[35m[MSG][0m itr   729, best 5558.6421, time  824.4, minPhero 0.01(232), stagnancy 49.0%
[35m[MSG][0m itr   730, best 5558.6421, time  825.4, minPhero 0.01(232), stagnancy 49.3%
[35m[MSG][0m itr   731, best 5558.6421, time  826.5, minPhero 0.01(232), stagnancy 49.7%
[35m[MSG][0m itr   732, best 5558.6421, time  827.6, minPhero 0.01(232), stagnancy 50.0%
[35m[MSG][0m itr   733, best 5558.6421, time  828.8, minPhero 0.01(232), stagnancy 50.3%
[35m[MSG][0m itr   734, best 5558.6421, time  829.9, minPhero 0.01(232), stagnancy 50.7%
[35m[MSG][0m itr   735, best 5558.6421, time  831.0, minPhero 0.01(232), stagnancy 51.0%
[35m[MSG][0m itr   736, best 5558.6421, time  832.1, minPhero 0.01(232), stagnancy 51.3%
[35m[MSG][0m itr   737, best 5558.6421, time  833.2, minPhero 0.01(232), stagnancy 51.7%
[35m[MSG][0m itr   738, best 5558.6421, time  834.3, minPhero 0.01(232), stagnancy 52.0%
[35m[MSG][0m itr   739, best 5558.6421, time  835.4, minPhero 0.01(232), stagnancy 52.3%
[35m[MSG][0m itr   740, best 5558.6421, time  836.5, minPhero 0.01(232), stagnancy 52.7%
[35m[MSG][0m itr   741, best 5558.6421, time  837.5, minPhero 0.01(232), stagnancy 53.0%
[35m[MSG][0m itr   742, best 5558.6421, time  838.7, minPhero 0.01(232), stagnancy 53.3%
[35m[MSG][0m itr   743, best 5558.6421, time  839.9, minPhero 0.01(232), stagnancy 53.7%
[35m[MSG][0m itr   744, best 5558.6421, time  841.1, minPhero 0.01(232), stagnancy 54.0%
[35m[MSG][0m itr   745, best 5558.6421, time  842.2, minPhero 0.01(232), stagnancy 54.3%
[35m[MSG][0m itr   746, best 5558.6421, time  843.3, minPhero 0.01(232), stagnancy 54.7%
[35m[MSG][0m itr   747, best 5558.6421, time  844.5, minPhero 0.01(232), stagnancy 55.0%
[35m[MSG][0m itr   748, best 5558.6421, time  845.6, minPhero 0.01(232), stagnancy 55.3%
[35m[MSG][0m itr   749, best 5558.6421, time  846.8, minPhero 0.01(232), stagnancy 55.7%
[35m[MSG][0m itr   750, best 5558.6421, time  848.0, minPhero 0.01(232), stagnancy 56.0%
[35m[MSG][0m itr   751, best 5558.6421, time  849.0, minPhero 0.01(232), stagnancy 56.3%
[35m[MSG][0m itr   752, best 5558.6421, time  850.2, minPhero 0.01(232), stagnancy 56.7%
[35m[MSG][0m itr   753, best 5558.6421, time  851.3, minPhero 0.01(232), stagnancy 57.0%
[35m[MSG][0m itr   754, best 5558.6421, time  852.5, minPhero 0.01(232), stagnancy 57.3%
[35m[MSG][0m itr   755, best 5558.6421, time  853.5, minPhero 0.01(232), stagnancy 57.7%
[35m[MSG][0m itr   756, best 5558.6421, time  854.6, minPhero 0.01(232), stagnancy 58.0%
[35m[MSG][0m itr   757, best 5558.6421, time  855.8, minPhero 0.01(232), stagnancy 58.3%
[35m[MSG][0m itr   758, best 5558.6421, time  856.8, minPhero 0.01(232), stagnancy 58.7%
[35m[MSG][0m itr   759, best 5558.6421, time  857.9, minPhero 0.01(232), stagnancy 59.0%
[35m[MSG][0m itr   760, best 5558.6421, time  859.1, minPhero 0.01(232), stagnancy 59.3%
[35m[MSG][0m itr   761, best 5558.6421, time  860.2, minPhero 0.01(232), stagnancy 59.7%
[35m[MSG][0m itr   762, best 5558.6421, time  861.4, minPhero 0.01(232), stagnancy 60.0%
[35m[MSG][0m itr   763, best 5558.6421, time  862.5, minPhero 0.01(232), stagnancy 60.3%
[35m[MSG][0m itr   764, best 5558.6421, time  863.5, minPhero 0.01(232), stagnancy 60.7%
[35m[MSG][0m itr   765, best 5558.6421, time  864.6, minPhero 0.01(232), stagnancy 61.0%
[35m[MSG][0m itr   766, best 5558.6421, time  865.8, minPhero 0.01(232), stagnancy 61.3%
[35m[MSG][0m itr   767, best 5558.6421, time  866.9, minPhero 0.01(232), stagnancy 61.7%
[35m[MSG][0m itr   768, best 5558.6421, time  868.1, minPhero 0.01(232), stagnancy 62.0%
[35m[MSG][0m itr   769, best 5558.6421, time  869.3, minPhero 0.01(232), stagnancy 62.3%
[35m[MSG][0m itr   770, best 5558.6421, time  870.4, minPhero 0.01(232), stagnancy 62.7%
[35m[MSG][0m itr   771, best 5558.6421, time  871.5, minPhero 0.01(232), stagnancy 63.0%
[35m[MSG][0m itr   772, best 5558.6421, time  872.6, minPhero 0.01(232), stagnancy 63.3%
[35m[MSG][0m itr   773, best 5558.6421, time  873.8, minPhero 0.01(232), stagnancy 63.7%
[35m[MSG][0m itr   774, best 5558.6421, time  874.9, minPhero 0.01(232), stagnancy 64.0%
[35m[MSG][0m itr   775, best 5558.6421, time  876.1, minPhero 0.01(232), stagnancy 64.3%
[35m[MSG][0m itr   776, best 5558.6421, time  877.2, minPhero 0.01(232), stagnancy 64.7%
[35m[MSG][0m itr   777, best 5558.6421, time  878.3, minPhero 0.01(232), stagnancy 65.0%
[35m[MSG][0m itr   778, best 5558.6421, time  879.4, minPhero 0.01(232), stagnancy 65.3%
[35m[MSG][0m itr   779, best 5558.6421, time  880.5, minPhero 0.01(232), stagnancy 65.7%
[35m[MSG][0m itr   780, best 5558.6421, time  881.6, minPhero 0.01(232), stagnancy 66.0%
[35m[MSG][0m itr   781, best 5558.6421, time  882.7, minPhero 0.01(232), stagnancy 66.3%
[35m[MSG][0m itr   782, best 5558.6421, time  883.7, minPhero 0.01(232), stagnancy 66.7%
[35m[MSG][0m itr   783, best 5558.6421, time  884.8, minPhero 0.01(232), stagnancy 67.0%
[35m[MSG][0m itr   784, best 5558.6421, time  885.8, minPhero 0.01(232), stagnancy 67.3%
[35m[MSG][0m itr   785, best 5558.6421, time  886.9, minPhero 0.01(232), stagnancy 67.7%
[35m[MSG][0m itr   786, best 5558.6421, time  888.0, minPhero 0.01(232), stagnancy 68.0%
[35m[MSG][0m itr   787, best 5558.6421, time  889.0, minPhero 0.01(232), stagnancy 68.3%
[35m[MSG][0m itr   788, best 5558.6421, time  890.1, minPhero 0.01(232), stagnancy 68.7%
[35m[MSG][0m itr   789, best 5558.6421, time  891.2, minPhero 0.01(232), stagnancy 69.0%
[35m[MSG][0m itr   790, best 5558.6421, time  892.3, minPhero 0.01(232), stagnancy 69.3%
[35m[MSG][0m itr   791, best 5558.6421, time  893.4, minPhero 0.01(232), stagnancy 69.7%
[35m[MSG][0m itr   792, best 5558.6421, time  894.6, minPhero 0.01(232), stagnancy 70.0%
[35m[MSG][0m itr   793, best 5558.6421, time  895.7, minPhero 0.01(232), stagnancy 70.3%
[35m[MSG][0m itr   794, best 5558.6421, time  896.7, minPhero 0.01(232), stagnancy 70.7%
[35m[MSG][0m itr   795, best 5558.6421, time  897.8, minPhero 0.01(232), stagnancy 71.0%
[35m[MSG][0m itr   796, best 5558.6421, time  898.8, minPhero 0.01(232), stagnancy 71.3%
[35m[MSG][0m itr   797, best 5558.6421, time  899.9, minPhero 0.01(232), stagnancy 71.7%
[35m[MSG][0m itr   798, best 5558.6421, time  901.1, minPhero 0.01(232), stagnancy 72.0%
[35m[MSG][0m itr   799, best 5558.6421, time  902.2, minPhero 0.01(232), stagnancy 72.3%
[35m[MSG][0m itr   800, best 5558.6421, time  903.5, minPhero 0.01(232), stagnancy 72.7%
[35m[MSG][0m itr   801, best 5558.6421, time  904.6, minPhero 0.01(232), stagnancy 73.0%
[35m[MSG][0m itr   802, best 5558.6421, time  905.7, minPhero 0.01(232), stagnancy 73.3%
[35m[MSG][0m itr   803, best 5558.6421, time  906.9, minPhero 0.01(232), stagnancy 73.7%
[35m[MSG][0m itr   804, best 5558.6421, time  908.0, minPhero 0.01(232), stagnancy 74.0%
[35m[MSG][0m itr   805, best 5558.6421, time  909.1, minPhero 0.01(232), stagnancy 74.3%
[35m[MSG][0m itr   806, best 5558.6421, time  910.2, minPhero 0.01(232), stagnancy 74.7%
[35m[MSG][0m itr   807, best 5558.6421, time  911.4, minPhero 0.01(232), stagnancy 75.0%
[35m[MSG][0m itr   808, best 5558.6421, time  912.5, minPhero 0.01(232), stagnancy 75.3%
[35m[MSG][0m itr   809, best 5558.6421, time  913.5, minPhero 0.01(232), stagnancy 75.7%
[35m[MSG][0m itr   810, best 5558.6421, time  914.6, minPhero 0.01(232), stagnancy 76.0%
[35m[MSG][0m itr   811, best 5558.6421, time  915.7, minPhero 0.01(232), stagnancy 76.3%
[35m[MSG][0m itr   812, best 5558.6421, time  916.7, minPhero 0.01(232), stagnancy 76.7%
[35m[MSG][0m itr   813, best 5558.6421, time  917.8, minPhero 0.01(232), stagnancy 77.0%
[35m[MSG][0m itr   814, best 5558.6421, time  919.0, minPhero 0.01(232), stagnancy 77.3%
[35m[MSG][0m itr   815, best 5558.6421, time  920.1, minPhero 0.01(232), stagnancy 77.7%
[35m[MSG][0m itr   816, best 5558.6421, time  921.2, minPhero 0.01(232), stagnancy 78.0%
[35m[MSG][0m itr   817, best 5558.6421, time  922.3, minPhero 0.01(232), stagnancy 78.3%
[35m[MSG][0m itr   818, best 5558.6421, time  923.4, minPhero 0.01(232), stagnancy 78.7%
[35m[MSG][0m itr   819, best 5558.6421, time  924.5, minPhero 0.01(232), stagnancy 79.0%
[35m[MSG][0m itr   820, best 5558.6421, time  925.6, minPhero 0.01(232), stagnancy 79.3%
[35m[MSG][0m itr   821, best 5558.6421, time  926.6, minPhero 0.01(232), stagnancy 79.7%
[35m[MSG][0m itr   822, best 5558.6421, time  927.7, minPhero 0.01(232), stagnancy 80.0%
[35m[MSG][0m itr   823, best 5558.6421, time  928.8, minPhero 0.01(232), stagnancy 80.3%
[35m[MSG][0m itr   824, best 5558.6421, time  929.9, minPhero 0.01(232), stagnancy 80.7%
[35m[MSG][0m itr   825, best 5558.6421, time  931.0, minPhero 0.01(232), stagnancy 81.0%
[35m[MSG][0m itr   826, best 5558.6421, time  932.1, minPhero 0.01(232), stagnancy 81.3%
[35m[MSG][0m itr   827, best 5558.6421, time  933.2, minPhero 0.01(232), stagnancy 81.7%
[35m[MSG][0m itr   828, best 5558.6421, time  934.2, minPhero 0.01(232), stagnancy 82.0%
[35m[MSG][0m itr   829, best 5558.6421, time  935.3, minPhero 0.01(232), stagnancy 82.3%
[35m[MSG][0m itr   830, best 5558.6421, time  936.3, minPhero 0.01(232), stagnancy 82.7%
[35m[MSG][0m itr   831, best 5558.6421, time  937.5, minPhero 0.01(232), stagnancy 83.0%
[35m[MSG][0m itr   832, best 5558.6421, time  938.6, minPhero 0.01(232), stagnancy 83.3%
[35m[MSG][0m itr   833, best 5558.6421, time  939.7, minPhero 0.01(232), stagnancy 83.7%
[35m[MSG][0m itr   834, best 5558.6421, time  940.8, minPhero 0.01(232), stagnancy 84.0%
[35m[MSG][0m itr   835, best 5558.6421, time  941.8, minPhero 0.01(232), stagnancy 84.3%
[35m[MSG][0m itr   836, best 5558.6421, time  942.9, minPhero 0.01(232), stagnancy 84.7%
[35m[MSG][0m itr   837, best 5558.6421, time  943.9, minPhero 0.01(232), stagnancy 85.0%
[35m[MSG][0m itr   838, best 5558.6421, time  945.1, minPhero 0.01(232), stagnancy 85.3%
[35m[MSG][0m itr   839, best 5558.6421, time  946.1, minPhero 0.01(232), stagnancy 85.7%
[35m[MSG][0m itr   840, best 5558.6421, time  947.2, minPhero 0.01(232), stagnancy 86.0%
[35m[MSG][0m itr   841, best 5558.6421, time  948.3, minPhero 0.01(232), stagnancy 86.3%
[35m[MSG][0m itr   842, best 5558.6421, time  949.7, minPhero 0.01(232), stagnancy 86.7%
[35m[MSG][0m itr   843, best 5558.6421, time  950.8, minPhero 0.01(232), stagnancy 87.0%
[35m[MSG][0m itr   844, best 5558.6421, time  951.8, minPhero 0.01(232), stagnancy 87.3%
[35m[MSG][0m itr   845, best 5558.6421, time  953.0, minPhero 0.01(232), stagnancy 87.7%
[35m[MSG][0m itr   846, best 5558.6421, time  954.1, minPhero 0.01(232), stagnancy 88.0%
[35m[MSG][0m itr   847, best 5558.6421, time  955.1, minPhero 0.01(232), stagnancy 88.3%
[35m[MSG][0m itr   848, best 5558.6421, time  956.3, minPhero 0.01(232), stagnancy 88.7%
[35m[MSG][0m itr   849, best 5558.6421, time  957.4, minPhero 0.01(232), stagnancy 89.0%
[35m[MSG][0m itr   850, best 5558.6421, time  958.5, minPhero 0.01(232), stagnancy 89.3%
[35m[MSG][0m itr   851, best 5558.6421, time  959.6, minPhero 0.01(232), stagnancy 89.7%
[35m[MSG][0m itr   852, best 5558.6421, time  960.8, minPhero 0.01(232), stagnancy 90.0%
[35m[MSG][0m itr   853, best 5558.6421, time  961.9, minPhero 0.01(232), stagnancy 90.3%
[35m[MSG][0m itr   854, best 5558.6421, time  962.9, minPhero 0.01(232), stagnancy 90.7%
[35m[MSG][0m itr   855, best 5558.6421, time  964.1, minPhero 0.01(232), stagnancy 91.0%
[35m[MSG][0m itr   856, best 5558.6421, time  965.3, minPhero 0.01(232), stagnancy 91.3%
[35m[MSG][0m itr   857, best 5558.6421, time  966.5, minPhero 0.01(232), stagnancy 91.7%
[35m[MSG][0m itr   858, best 5558.6421, time  967.6, minPhero 0.01(232), stagnancy 92.0%
[35m[MSG][0m itr   859, best 5558.6421, time  968.6, minPhero 0.01(232), stagnancy 92.3%
[35m[MSG][0m itr   860, best 5558.6421, time  969.7, minPhero 0.01(232), stagnancy 92.7%
[35m[MSG][0m itr   861, best 5558.6421, time  970.7, minPhero 0.01(232), stagnancy 93.0%
[35m[MSG][0m itr   862, best 5558.6421, time  971.8, minPhero 0.01(232), stagnancy 93.3%
[35m[MSG][0m itr   863, best 5558.6421, time  972.9, minPhero 0.01(232), stagnancy 93.7%
[35m[MSG][0m itr   864, best 5558.6421, time  974.0, minPhero 0.01(232), stagnancy 94.0%
[35m[MSG][0m itr   865, best 5558.6421, time  975.1, minPhero 0.01(232), stagnancy 94.3%
[35m[MSG][0m itr   866, best 5558.6421, time  976.2, minPhero 0.01(232), stagnancy 94.7%
[35m[MSG][0m itr   867, best 5558.6421, time  977.3, minPhero 0.01(232), stagnancy 95.0%
[35m[MSG][0m itr   868, best 5558.6421, time  978.5, minPhero 0.01(232), stagnancy 95.3%
[35m[MSG][0m itr   869, best 5558.6421, time  979.5, minPhero 0.01(232), stagnancy 95.7%
[35m[MSG][0m itr   870, best 5558.6421, time  980.6, minPhero 0.01(232), stagnancy 96.0%
[35m[MSG][0m itr   871, best 5558.6421, time  981.6, minPhero 0.01(232), stagnancy 96.3%
[35m[MSG][0m itr   872, best 5558.6421, time  982.8, minPhero 0.01(232), stagnancy 96.7%
[35m[MSG][0m itr   873, best 5558.6421, time  984.0, minPhero 0.01(232), stagnancy 97.0%
[35m[MSG][0m itr   874, best 5558.6421, time  985.1, minPhero 0.01(232), stagnancy 97.3%
[35m[MSG][0m itr   875, best 5558.6421, time  986.3, minPhero 0.01(232), stagnancy 97.7%
[35m[MSG][0m itr   876, best 5558.6421, time  987.3, minPhero 0.01(232), stagnancy 98.0%
[35m[MSG][0m itr   877, best 5558.6421, time  988.4, minPhero 0.01(232), stagnancy 98.3%
[35m[MSG][0m itr   878, best 5558.6421, time  989.5, minPhero 0.01(232), stagnancy 98.7%
[35m[MSG][0m itr   879, best 5558.6421, time  990.5, minPhero 0.01(232), stagnancy 99.0%
[35m[MSG][0m itr   880, best 5558.6421, time  991.6, minPhero 0.01(232), stagnancy 99.3%
[35m[MSG][0m itr   881, best 5558.6421, time  992.8, minPhero 0.01(232), stagnancy 99.7%
[35m[MSG][0m itr   882, best 5558.6421, time  993.9, minPhero 0.01(232), stagnancy 100.0%
[35m[MSG][0m Solution converged. Reinitialising pheromones...
[35m[MSG][0m Time: 993.96 s
[35m[MSG][0m Best cost: 5558.64
