[35m[MSG][0m Log level set to LOG_DEBUG
[35m[MSG][0m Parsing input from file "res/fruitybun250_2016.vrp"
[35m[MSG][0m Number of nodes: 250
[35m[MSG][0m Running ACO search
[35m[MSG][0m ACO settings: 
 alpha:     8.000
 beta:      1.000
 pers:      0.850
 minPhero:  0.015
 nbhood:    10
 popSize:   512
 maxStag:   300
[35m[MSG][0m itr     1, best 5758.8887, time    1.3, minPhero 0.85(28922), stagnancy 0.0%
[35m[MSG][0m itr     2, best 5758.8887, time    2.7, minPhero 0.72(28922), stagnancy 0.3%
[35m[MSG][0m itr     3, best 5756.1411, time    4.2, minPhero 0.61(28922), stagnancy 0.0%
[35m[MSG][0m itr     4, best 5756.1411, time    5.8, minPhero 0.52(28922), stagnancy 0.3%
[35m[MSG][0m itr     5, best 5746.8618, time    7.3, minPhero 0.44(28922), stagnancy 0.0%
[35m[MSG][0m itr     6, best 5729.1450, time    8.9, minPhero 0.38(28922), stagnancy 0.0%
[35m[MSG][0m itr     7, best 5718.7617, time   10.4, minPhero 0.32(28922), stagnancy 0.0%
[35m[MSG][0m itr     8, best 5718.7617, time   12.0, minPhero 0.27(28922), stagnancy 0.3%
[35m[MSG][0m itr     9, best 5718.7617, time   13.6, minPhero 0.23(28922), stagnancy 0.7%
[35m[MSG][0m itr    10, best 5708.4155, time   15.0, minPhero 0.20(28922), stagnancy 0.0%
[35m[MSG][0m itr    11, best 5708.4155, time   16.6, minPhero 0.17(28922), stagnancy 0.3%
[35m[MSG][0m itr    12, best 5701.6367, time   18.1, minPhero 0.14(28922), stagnancy 0.0%
[35m[MSG][0m itr    13, best 5701.6367, time   19.5, minPhero 0.12(28922), stagnancy 0.3%
[35m[MSG][0m itr    14, best 5685.5034, time   21.0, minPhero 0.10(28922), stagnancy 0.0%
[35m[MSG][0m itr    15, best 5685.5034, time   22.5, minPhero 0.09(28922), stagnancy 0.3%
[35m[MSG][0m itr    16, best 5683.8276, time   24.0, minPhero 0.07(28922), stagnancy 0.0%
[35m[MSG][0m itr    17, best 5674.2441, time   25.5, minPhero 0.06(28922), stagnancy 0.0%
[35m[MSG][0m itr    18, best 5672.2837, time   26.9, minPhero 0.05(28922), stagnancy 0.0%
[35m[MSG][0m itr    19, best 5672.2837, time   28.4, minPhero 0.05(28922), stagnancy 0.3%
[35m[MSG][0m itr    20, best 5672.2837, time   29.9, minPhero 0.04(28922), stagnancy 0.7%
[35m[MSG][0m itr    21, best 5661.6353, time   31.3, minPhero 0.03(28922), stagnancy 0.0%
[35m[MSG][0m itr    22, best 5653.2056, time   32.8, minPhero 0.03(28922), stagnancy 0.0%
[35m[MSG][0m itr    23, best 5653.2056, time   34.3, minPhero 0.02(673), stagnancy 0.3%
[35m[MSG][0m itr    24, best 5651.2012, time   35.7, minPhero 0.02(681), stagnancy 0.0%
[35m[MSG][0m itr    25, best 5651.2012, time   37.2, minPhero 0.02(594), stagnancy 0.3%
[35m[MSG][0m itr    26, best 5647.3252, time   38.6, minPhero 0.01(565), stagnancy 0.0%
[35m[MSG][0m itr    27, best 5639.0713, time   40.1, minPhero 0.01(549), stagnancy 0.0%
[35m[MSG][0m itr    28, best 5624.7856, time   41.5, minPhero 0.01(550), stagnancy 0.0%
[35m[MSG][0m itr    29, best 5624.7856, time   43.0, minPhero 0.01(521), stagnancy 0.3%
[35m[MSG][0m itr    30, best 5624.2363, time   44.4, minPhero 0.01(499), stagnancy 0.0%
[35m[MSG][0m itr    31, best 5615.9863, time   45.9, minPhero 0.01(458), stagnancy 0.0%
[35m[MSG][0m itr    32, best 5615.9863, time   47.5, minPhero 0.01(436), stagnancy 0.3%
[35m[MSG][0m itr    33, best 5615.9863, time   49.0, minPhero 0.01(421), stagnancy 0.7%
[35m[MSG][0m itr    34, best 5609.1646, time   50.5, minPhero 0.01(399), stagnancy 0.0%
[35m[MSG][0m itr    35, best 5609.1646, time   52.1, minPhero 0.01(394), stagnancy 0.3%
[35m[MSG][0m itr    36, best 5606.6836, time   53.6, minPhero 0.01(375), stagnancy 0.0%
[35m[MSG][0m itr    37, best 5606.3755, time   55.4, minPhero 0.01(369), stagnancy 0.0%
[35m[MSG][0m itr    38, best 5604.9863, time   56.9, minPhero 0.01(347), stagnancy 0.0%
[35m[MSG][0m itr    39, best 5603.3691, time   58.4, minPhero 0.01(336), stagnancy 0.0%
[35m[MSG][0m itr    40, best 5603.3691, time   59.9, minPhero 0.01(329), stagnancy 0.3%
[35m[MSG][0m itr    41, best 5602.7573, time   61.4, minPhero 0.01(312), stagnancy 0.0%
[35m[MSG][0m itr    42, best 5600.6880, time   62.8, minPhero 0.01(302), stagnancy 0.0%
[35m[MSG][0m itr    43, best 5599.8472, time   64.2, minPhero 0.01(305), stagnancy 0.0%
[35m[MSG][0m itr    44, best 5598.0503, time   65.7, minPhero 0.01(303), stagnancy 0.0%
[35m[MSG][0m itr    45, best 5595.6719, time   67.1, minPhero 0.01(295), stagnancy 0.0%
[35m[MSG][0m itr    46, best 5595.4277, time   68.6, minPhero 0.01(293), stagnancy 0.0%
[35m[MSG][0m itr    47, best 5595.4277, time   70.1, minPhero 0.01(287), stagnancy 0.3%
[35m[MSG][0m itr    48, best 5595.1348, time   71.5, minPhero 0.01(284), stagnancy 0.0%
[35m[MSG][0m itr    49, best 5595.1323, time   73.0, minPhero 0.01(281), stagnancy 0.0%
[35m[MSG][0m itr    50, best 5590.8223, time   74.4, minPhero 0.01(280), stagnancy 0.0%
[35m[MSG][0m itr    51, best 5590.8223, time   75.8, minPhero 0.01(277), stagnancy 0.3%
[35m[MSG][0m itr    52, best 5590.8223, time   77.3, minPhero 0.01(273), stagnancy 0.7%
[35m[MSG][0m itr    53, best 5590.8198, time   78.7, minPhero 0.01(272), stagnancy 0.0%
[35m[MSG][0m itr    54, best 5590.8188, time   80.1, minPhero 0.01(272), stagnancy 0.0%
[35m[MSG][0m itr    55, best 5590.8188, time   81.6, minPhero 0.01(264), stagnancy 0.3%
[35m[MSG][0m itr    56, best 5590.8188, time   83.0, minPhero 0.01(258), stagnancy 0.7%
[35m[MSG][0m itr    57, best 5590.8188, time   84.4, minPhero 0.01(257), stagnancy 1.0%
[35m[MSG][0m itr    58, best 5590.8188, time   85.8, minPhero 0.01(254), stagnancy 1.3%
[35m[MSG][0m itr    59, best 5590.7075, time   87.3, minPhero 0.01(256), stagnancy 0.0%
[35m[MSG][0m itr    60, best 5590.7075, time   88.7, minPhero 0.01(254), stagnancy 0.3%
[35m[MSG][0m itr    61, best 5590.7075, time   90.1, minPhero 0.01(252), stagnancy 0.7%
[35m[MSG][0m itr    62, best 5590.7075, time   91.6, minPhero 0.01(252), stagnancy 1.0%
[35m[MSG][0m itr    63, best 5590.7075, time   93.0, minPhero 0.01(250), stagnancy 1.3%
[35m[MSG][0m itr    64, best 5590.7075, time   94.4, minPhero 0.01(250), stagnancy 1.7%
[35m[MSG][0m itr    65, best 5590.7075, time   95.9, minPhero 0.01(249), stagnancy 2.0%
[35m[MSG][0m itr    66, best 5590.7075, time   97.3, minPhero 0.01(245), stagnancy 2.3%
[35m[MSG][0m itr    67, best 5590.7075, time   98.7, minPhero 0.01(244), stagnancy 2.7%
[35m[MSG][0m itr    68, best 5590.7075, time  100.2, minPhero 0.01(242), stagnancy 3.0%
[35m[MSG][0m itr    69, best 5590.7075, time  101.5, minPhero 0.01(239), stagnancy 3.3%
[35m[MSG][0m itr    70, best 5590.7075, time  103.0, minPhero 0.01(239), stagnancy 3.7%
[35m[MSG][0m itr    71, best 5590.7075, time  104.4, minPhero 0.01(239), stagnancy 4.0%
[35m[MSG][0m itr    72, best 5590.7075, time  105.8, minPhero 0.01(236), stagnancy 4.3%
[35m[MSG][0m itr    73, best 5590.7075, time  107.2, minPhero 0.01(235), stagnancy 4.7%
[35m[MSG][0m itr    74, best 5590.7075, time  108.7, minPhero 0.01(235), stagnancy 5.0%
[35m[MSG][0m itr    75, best 5590.6528, time  110.1, minPhero 0.01(242), stagnancy 0.0%
[35m[MSG][0m itr    76, best 5590.0796, time  111.5, minPhero 0.01(243), stagnancy 0.0%
[35m[MSG][0m itr    77, best 5590.0796, time  112.8, minPhero 0.01(243), stagnancy 0.3%
[35m[MSG][0m itr    78, best 5590.0796, time  114.2, minPhero 0.01(243), stagnancy 0.7%
[35m[MSG][0m itr    79, best 5590.0796, time  115.6, minPhero 0.01(243), stagnancy 1.0%
[35m[MSG][0m itr    80, best 5590.0796, time  117.0, minPhero 0.01(243), stagnancy 1.3%
[35m[MSG][0m itr    81, best 5590.0796, time  118.4, minPhero 0.01(240), stagnancy 1.7%
[35m[MSG][0m itr    82, best 5590.0796, time  119.9, minPhero 0.01(240), stagnancy 2.0%
[35m[MSG][0m itr    83, best 5590.0796, time  121.3, minPhero 0.01(240), stagnancy 2.3%
[35m[MSG][0m itr    84, best 5590.0796, time  122.8, minPhero 0.01(240), stagnancy 2.7%
[35m[MSG][0m itr    85, best 5590.0796, time  124.2, minPhero 0.01(240), stagnancy 3.0%
[35m[MSG][0m itr    86, best 5590.0796, time  125.6, minPhero 0.01(240), stagnancy 3.3%
[35m[MSG][0m itr    87, best 5590.0796, time  127.1, minPhero 0.01(238), stagnancy 3.7%
[35m[MSG][0m itr    88, best 5590.0796, time  128.5, minPhero 0.01(238), stagnancy 4.0%
[35m[MSG][0m itr    89, best 5590.0796, time  130.0, minPhero 0.01(238), stagnancy 4.3%
[35m[MSG][0m itr    90, best 5590.0796, time  131.4, minPhero 0.01(238), stagnancy 4.7%
[35m[MSG][0m itr    91, best 5590.0796, time  132.9, minPhero 0.01(238), stagnancy 5.0%
[35m[MSG][0m itr    92, best 5590.0796, time  134.3, minPhero 0.01(238), stagnancy 5.3%
[35m[MSG][0m itr    93, best 5590.0796, time  135.7, minPhero 0.01(238), stagnancy 5.7%
[35m[MSG][0m itr    94, best 5590.0796, time  137.2, minPhero 0.01(238), stagnancy 6.0%
[35m[MSG][0m itr    95, best 5590.0796, time  138.7, minPhero 0.01(238), stagnancy 6.3%
[35m[MSG][0m itr    96, best 5590.0796, time  140.1, minPhero 0.01(238), stagnancy 6.7%
[35m[MSG][0m itr    97, best 5590.0796, time  141.5, minPhero 0.01(233), stagnancy 7.0%
[35m[MSG][0m itr    98, best 5590.0796, time  142.9, minPhero 0.01(232), stagnancy 7.3%
[35m[MSG][0m itr    99, best 5590.0796, time  144.4, minPhero 0.01(232), stagnancy 7.7%
[35m[MSG][0m itr   100, best 5590.0796, time  145.8, minPhero 0.01(232), stagnancy 8.0%
[35m[MSG][0m itr   101, best 5590.0796, time  147.3, minPhero 0.01(232), stagnancy 8.3%
[35m[MSG][0m itr   102, best 5590.0796, time  148.7, minPhero 0.01(232), stagnancy 8.7%
[35m[MSG][0m itr   103, best 5590.0796, time  150.1, minPhero 0.01(232), stagnancy 9.0%
[35m[MSG][0m itr   104, best 5590.0796, time  151.4, minPhero 0.01(232), stagnancy 9.3%
[35m[MSG][0m itr   105, best 5590.0796, time  152.9, minPhero 0.01(232), stagnancy 9.7%
[35m[MSG][0m itr   106, best 5590.0796, time  154.3, minPhero 0.01(232), stagnancy 10.0%
[35m[MSG][0m itr   107, best 5590.0796, time  155.7, minPhero 0.01(232), stagnancy 10.3%
[35m[MSG][0m itr   108, best 5590.0796, time  157.1, minPhero 0.01(232), stagnancy 10.7%
[35m[MSG][0m itr   109, best 5590.0796, time  158.6, minPhero 0.01(232), stagnancy 11.0%
[35m[MSG][0m itr   110, best 5590.0796, time  160.0, minPhero 0.01(232), stagnancy 11.3%
[35m[MSG][0m itr   111, best 5590.0796, time  161.4, minPhero 0.01(232), stagnancy 11.7%
[35m[MSG][0m itr   112, best 5590.0796, time  162.9, minPhero 0.01(232), stagnancy 12.0%
[35m[MSG][0m itr   113, best 5590.0796, time  164.3, minPhero 0.01(232), stagnancy 12.3%
[35m[MSG][0m itr   114, best 5590.0796, time  165.7, minPhero 0.01(232), stagnancy 12.7%
[35m[MSG][0m itr   115, best 5590.0796, time  167.2, minPhero 0.01(232), stagnancy 13.0%
[35m[MSG][0m itr   116, best 5590.0796, time  168.6, minPhero 0.01(232), stagnancy 13.3%
[35m[MSG][0m itr   117, best 5590.0796, time  170.2, minPhero 0.01(232), stagnancy 13.7%
[35m[MSG][0m itr   118, best 5590.0796, time  172.1, minPhero 0.01(232), stagnancy 14.0%
[35m[MSG][0m itr   119, best 5589.0562, time  173.8, minPhero 0.01(238), stagnancy 0.0%
[35m[MSG][0m itr   120, best 5589.0562, time  175.3, minPhero 0.01(238), stagnancy 0.3%
[35m[MSG][0m itr   121, best 5589.0562, time  176.6, minPhero 0.01(238), stagnancy 0.7%
[35m[MSG][0m itr   122, best 5589.0562, time  178.0, minPhero 0.01(238), stagnancy 1.0%
[35m[MSG][0m itr   123, best 5589.0562, time  179.5, minPhero 0.01(238), stagnancy 1.3%
[35m[MSG][0m itr   124, best 5588.1128, time  180.9, minPhero 0.01(244), stagnancy 0.0%
[35m[MSG][0m itr   125, best 5587.7744, time  182.4, minPhero 0.01(251), stagnancy 0.0%
[35m[MSG][0m itr   126, best 5587.7744, time  183.8, minPhero 0.01(251), stagnancy 0.3%
[35m[MSG][0m itr   127, best 5587.7744, time  185.1, minPhero 0.01(251), stagnancy 0.7%
[35m[MSG][0m itr   128, best 5587.7744, time  186.6, minPhero 0.01(251), stagnancy 1.0%
[35m[MSG][0m itr   129, best 5587.7744, time  188.4, minPhero 0.01(251), stagnancy 1.3%
[35m[MSG][0m itr   130, best 5587.7744, time  190.1, minPhero 0.01(251), stagnancy 1.7%
[35m[MSG][0m itr   131, best 5587.7744, time  191.6, minPhero 0.01(251), stagnancy 2.0%
[35m[MSG][0m itr   132, best 5587.7744, time  193.0, minPhero 0.01(251), stagnancy 2.3%
[35m[MSG][0m itr   133, best 5587.7744, time  194.3, minPhero 0.01(251), stagnancy 2.7%
[35m[MSG][0m itr   134, best 5587.7744, time  195.8, minPhero 0.01(251), stagnancy 3.0%
[35m[MSG][0m itr   135, best 5587.7744, time  197.3, minPhero 0.01(251), stagnancy 3.3%
[35m[MSG][0m itr   136, best 5587.7744, time  198.8, minPhero 0.01(245), stagnancy 3.7%
[35m[MSG][0m itr   137, best 5587.7744, time  200.4, minPhero 0.01(245), stagnancy 4.0%
[35m[MSG][0m itr   138, best 5587.7744, time  202.0, minPhero 0.01(245), stagnancy 4.3%
[35m[MSG][0m itr   139, best 5587.7744, time  203.5, minPhero 0.01(245), stagnancy 4.7%
[35m[MSG][0m itr   140, best 5587.7744, time  204.8, minPhero 0.01(245), stagnancy 5.0%
[35m[MSG][0m itr   141, best 5587.7744, time  206.1, minPhero 0.01(245), stagnancy 5.3%
[35m[MSG][0m itr   142, best 5587.7744, time  207.4, minPhero 0.01(245), stagnancy 5.7%
[35m[MSG][0m itr   143, best 5587.7744, time  208.9, minPhero 0.01(239), stagnancy 6.0%
[35m[MSG][0m itr   144, best 5587.7744, time  210.3, minPhero 0.01(239), stagnancy 6.3%
[35m[MSG][0m itr   145, best 5587.7744, time  211.7, minPhero 0.01(239), stagnancy 6.7%
[35m[MSG][0m itr   146, best 5587.7744, time  213.4, minPhero 0.01(239), stagnancy 7.0%
[35m[MSG][0m itr   147, best 5587.7744, time  215.3, minPhero 0.01(232), stagnancy 7.3%
[35m[MSG][0m itr   148, best 5587.7744, time  217.2, minPhero 0.01(232), stagnancy 7.7%
[35m[MSG][0m itr   149, best 5587.7744, time  218.8, minPhero 0.01(232), stagnancy 8.0%
[35m[MSG][0m itr   150, best 5587.7744, time  220.2, minPhero 0.01(232), stagnancy 8.3%
[35m[MSG][0m itr   151, best 5587.7744, time  221.6, minPhero 0.01(232), stagnancy 8.7%
[35m[MSG][0m itr   152, best 5587.7744, time  223.0, minPhero 0.01(232), stagnancy 9.0%
[35m[MSG][0m itr   153, best 5587.7744, time  224.4, minPhero 0.01(232), stagnancy 9.3%
[35m[MSG][0m itr   154, best 5587.7744, time  225.8, minPhero 0.01(232), stagnancy 9.7%
[35m[MSG][0m itr   155, best 5587.7744, time  227.4, minPhero 0.01(232), stagnancy 10.0%
[35m[MSG][0m itr   156, best 5587.7744, time  229.1, minPhero 0.01(232), stagnancy 10.3%
[35m[MSG][0m itr   157, best 5587.7744, time  230.7, minPhero 0.01(232), stagnancy 10.7%
[35m[MSG][0m itr   158, best 5587.7744, time  232.5, minPhero 0.01(232), stagnancy 11.0%
[35m[MSG][0m itr   159, best 5587.7744, time  234.3, minPhero 0.01(232), stagnancy 11.3%
[35m[MSG][0m itr   160, best 5587.7744, time  235.8, minPhero 0.01(232), stagnancy 11.7%
[35m[MSG][0m itr   161, best 5587.7744, time  237.4, minPhero 0.01(232), stagnancy 12.0%
[35m[MSG][0m itr   162, best 5587.7744, time  238.9, minPhero 0.01(232), stagnancy 12.3%
[35m[MSG][0m itr   163, best 5587.7744, time  240.4, minPhero 0.01(232), stagnancy 12.7%
[35m[MSG][0m itr   164, best 5587.7744, time  242.1, minPhero 0.01(232), stagnancy 13.0%
[35m[MSG][0m itr   165, best 5587.7744, time  243.7, minPhero 0.01(232), stagnancy 13.3%
[35m[MSG][0m itr   166, best 5587.7744, time  245.4, minPhero 0.01(232), stagnancy 13.7%
[35m[MSG][0m itr   167, best 5587.7744, time  247.2, minPhero 0.01(232), stagnancy 14.0%
[35m[MSG][0m itr   168, best 5587.7744, time  248.8, minPhero 0.01(232), stagnancy 14.3%
[35m[MSG][0m itr   169, best 5587.7744, time  250.3, minPhero 0.01(232), stagnancy 14.7%
[35m[MSG][0m itr   170, best 5587.7744, time  251.8, minPhero 0.01(232), stagnancy 15.0%
[35m[MSG][0m itr   171, best 5587.7744, time  253.3, minPhero 0.01(232), stagnancy 15.3%
[35m[MSG][0m itr   172, best 5587.7744, time  254.7, minPhero 0.01(232), stagnancy 15.7%
[35m[MSG][0m itr   173, best 5587.7744, time  256.2, minPhero 0.01(232), stagnancy 16.0%
[35m[MSG][0m itr   174, best 5587.7744, time  257.6, minPhero 0.01(232), stagnancy 16.3%
[35m[MSG][0m itr   175, best 5587.7744, time  259.1, minPhero 0.01(232), stagnancy 16.7%
[35m[MSG][0m itr   176, best 5587.7744, time  260.5, minPhero 0.01(232), stagnancy 17.0%
[35m[MSG][0m itr   177, best 5582.9668, time  261.8, minPhero 0.01(247), stagnancy 0.0%
[35m[MSG][0m itr   178, best 5581.4517, time  263.3, minPhero 0.01(252), stagnancy 0.0%
[35m[MSG][0m itr   179, best 5581.3403, time  264.8, minPhero 0.01(252), stagnancy 0.0%
[35m[MSG][0m itr   180, best 5581.3403, time  266.2, minPhero 0.01(252), stagnancy 0.3%
[35m[MSG][0m itr   181, best 5581.3403, time  267.7, minPhero 0.01(252), stagnancy 0.7%
[35m[MSG][0m itr   182, best 5581.3403, time  269.1, minPhero 0.01(252), stagnancy 1.0%
[35m[MSG][0m itr   183, best 5581.3398, time  270.6, minPhero 0.01(252), stagnancy 0.0%
[35m[MSG][0m itr   184, best 5581.3398, time  272.0, minPhero 0.01(252), stagnancy 0.3%
[35m[MSG][0m itr   185, best 5581.3398, time  273.5, minPhero 0.01(252), stagnancy 0.7%
[35m[MSG][0m itr   186, best 5581.3398, time  274.9, minPhero 0.01(252), stagnancy 1.0%
[35m[MSG][0m itr   187, best 5581.3398, time  276.3, minPhero 0.01(252), stagnancy 1.3%
[35m[MSG][0m itr   188, best 5581.3398, time  277.8, minPhero 0.01(252), stagnancy 1.7%
[35m[MSG][0m itr   189, best 5581.3398, time  279.3, minPhero 0.01(246), stagnancy 2.0%
[35m[MSG][0m itr   190, best 5581.3398, time  280.7, minPhero 0.01(243), stagnancy 2.3%
[35m[MSG][0m itr   191, best 5579.6841, time  282.1, minPhero 0.01(251), stagnancy 0.0%
[35m[MSG][0m itr   192, best 5579.6841, time  283.6, minPhero 0.01(251), stagnancy 0.3%
[35m[MSG][0m itr   193, best 5579.6841, time  285.2, minPhero 0.01(251), stagnancy 0.7%
[35m[MSG][0m itr   194, best 5579.6841, time  286.8, minPhero 0.01(251), stagnancy 1.0%
[35m[MSG][0m itr   195, best 5579.6841, time  288.2, minPhero 0.01(251), stagnancy 1.3%
[35m[MSG][0m itr   196, best 5579.6841, time  289.6, minPhero 0.01(251), stagnancy 1.7%
[35m[MSG][0m itr   197, best 5579.6841, time  290.8, minPhero 0.01(251), stagnancy 2.0%
[35m[MSG][0m itr   198, best 5579.6841, time  292.2, minPhero 0.01(251), stagnancy 2.3%
[35m[MSG][0m itr   199, best 5579.6841, time  293.7, minPhero 0.01(240), stagnancy 2.7%
[35m[MSG][0m itr   200, best 5579.6841, time  295.1, minPhero 0.01(240), stagnancy 3.0%
[35m[MSG][0m itr   201, best 5579.6841, time  296.6, minPhero 0.01(240), stagnancy 3.3%
[35m[MSG][0m itr   202, best 5579.6841, time  298.1, minPhero 0.01(240), stagnancy 3.7%
[35m[MSG][0m itr   203, best 5579.6841, time  299.6, minPhero 0.01(240), stagnancy 4.0%
[35m[MSG][0m itr   204, best 5579.5771, time  301.3, minPhero 0.01(247), stagnancy 0.0%
[35m[MSG][0m itr   205, best 5578.5776, time  303.0, minPhero 0.01(251), stagnancy 0.0%
[35m[MSG][0m itr   206, best 5578.5776, time  304.8, minPhero 0.01(251), stagnancy 0.3%
[35m[MSG][0m itr   207, best 5578.5776, time  306.7, minPhero 0.01(251), stagnancy 0.7%
[35m[MSG][0m itr   208, best 5578.5771, time  308.3, minPhero 0.01(251), stagnancy 0.0%
[35m[MSG][0m itr   209, best 5576.8076, time  310.2, minPhero 0.01(254), stagnancy 0.0%
[35m[MSG][0m itr   210, best 5574.7358, time  311.9, minPhero 0.01(257), stagnancy 0.0%
[35m[MSG][0m itr   211, best 5573.8350, time  313.5, minPhero 0.01(259), stagnancy 0.0%
[35m[MSG][0m itr   212, best 5573.3403, time  315.3, minPhero 0.01(259), stagnancy 0.0%
[35m[MSG][0m itr   213, best 5573.3403, time  317.0, minPhero 0.01(251), stagnancy 0.3%
[35m[MSG][0m itr   214, best 5573.3403, time  318.8, minPhero 0.01(251), stagnancy 0.7%
[35m[MSG][0m itr   215, best 5573.3403, time  320.9, minPhero 0.01(251), stagnancy 1.0%
[35m[MSG][0m itr   216, best 5573.3398, time  322.3, minPhero 0.01(251), stagnancy 0.0%
[35m[MSG][0m itr   217, best 5573.3398, time  323.8, minPhero 0.01(251), stagnancy 0.3%
[35m[MSG][0m itr   218, best 5573.3398, time  325.2, minPhero 0.01(251), stagnancy 0.7%
[35m[MSG][0m itr   219, best 5573.3398, time  326.7, minPhero 0.01(251), stagnancy 1.0%
[35m[MSG][0m itr   220, best 5573.3398, time  328.2, minPhero 0.01(251), stagnancy 1.3%
[35m[MSG][0m itr   221, best 5573.3398, time  329.9, minPhero 0.01(250), stagnancy 1.7%
[35m[MSG][0m itr   222, best 5573.3398, time  331.5, minPhero 0.01(250), stagnancy 2.0%
[35m[MSG][0m itr   223, best 5573.3398, time  332.9, minPhero 0.01(250), stagnancy 2.3%
[35m[MSG][0m itr   224, best 5573.3398, time  334.5, minPhero 0.01(250), stagnancy 2.7%
[35m[MSG][0m itr   225, best 5573.3398, time  335.8, minPhero 0.01(250), stagnancy 3.0%
[35m[MSG][0m itr   226, best 5573.3398, time  337.4, minPhero 0.01(243), stagnancy 3.3%
[35m[MSG][0m itr   227, best 5573.3398, time  338.7, minPhero 0.01(236), stagnancy 3.7%
[35m[MSG][0m itr   228, best 5573.3398, time  340.2, minPhero 0.01(234), stagnancy 4.0%
[35m[MSG][0m itr   229, best 5573.3398, time  341.6, minPhero 0.01(234), stagnancy 4.3%
[35m[MSG][0m itr   230, best 5573.3398, time  343.1, minPhero 0.01(233), stagnancy 4.7%
[35m[MSG][0m itr   231, best 5573.3398, time  344.6, minPhero 0.01(233), stagnancy 5.0%
[35m[MSG][0m itr   232, best 5570.5142, time  346.0, minPhero 0.01(238), stagnancy 0.0%
[35m[MSG][0m itr   233, best 5570.5142, time  347.5, minPhero 0.01(237), stagnancy 0.3%
[35m[MSG][0m itr   234, best 5570.5142, time  349.0, minPhero 0.01(237), stagnancy 0.7%
[35m[MSG][0m itr   235, best 5570.5142, time  350.5, minPhero 0.01(237), stagnancy 1.0%
[35m[MSG][0m itr   236, best 5570.5142, time  352.0, minPhero 0.01(237), stagnancy 1.3%
[35m[MSG][0m itr   237, best 5570.5142, time  353.6, minPhero 0.01(237), stagnancy 1.7%
[35m[MSG][0m itr   238, best 5570.5142, time  355.0, minPhero 0.01(237), stagnancy 2.0%
[35m[MSG][0m itr   239, best 5570.5142, time  356.4, minPhero 0.01(237), stagnancy 2.3%
[35m[MSG][0m itr   240, best 5570.5142, time  357.7, minPhero 0.01(237), stagnancy 2.7%
[35m[MSG][0m itr   241, best 5570.5142, time  359.1, minPhero 0.01(237), stagnancy 3.0%
[35m[MSG][0m itr   242, best 5570.5137, time  360.6, minPhero 0.01(237), stagnancy 0.0%
[35m[MSG][0m itr   243, best 5570.5137, time  362.0, minPhero 0.01(237), stagnancy 0.3%
[35m[MSG][0m itr   244, best 5570.5137, time  363.5, minPhero 0.01(237), stagnancy 0.7%
[35m[MSG][0m itr   245, best 5570.5137, time  364.9, minPhero 0.01(237), stagnancy 1.0%
[35m[MSG][0m itr   246, best 5570.5137, time  366.4, minPhero 0.01(237), stagnancy 1.3%
[35m[MSG][0m itr   247, best 5570.5137, time  367.8, minPhero 0.01(237), stagnancy 1.7%
[35m[MSG][0m itr   248, best 5570.5137, time  369.4, minPhero 0.01(237), stagnancy 2.0%
[35m[MSG][0m itr   249, best 5570.5137, time  370.9, minPhero 0.01(237), stagnancy 2.3%
[35m[MSG][0m itr   250, best 5570.5137, time  372.7, minPhero 0.01(237), stagnancy 2.7%
[35m[MSG][0m itr   251, best 5570.5137, time  374.6, minPhero 0.01(237), stagnancy 3.0%
[35m[MSG][0m itr   252, best 5570.5137, time  376.1, minPhero 0.01(237), stagnancy 3.3%
[35m[MSG][0m itr   253, best 5570.5137, time  377.5, minPhero 0.01(237), stagnancy 3.7%
[35m[MSG][0m itr   254, best 5570.5137, time  378.9, minPhero 0.01(232), stagnancy 4.0%
[35m[MSG][0m itr   255, best 5570.5137, time  380.4, minPhero 0.01(232), stagnancy 4.3%
[35m[MSG][0m itr   256, best 5570.5137, time  382.1, minPhero 0.01(232), stagnancy 4.7%
[35m[MSG][0m itr   257, best 5570.5137, time  383.6, minPhero 0.01(232), stagnancy 5.0%
[35m[MSG][0m itr   258, best 5570.5137, time  385.2, minPhero 0.01(232), stagnancy 5.3%
[35m[MSG][0m itr   259, best 5570.5137, time  386.6, minPhero 0.01(232), stagnancy 5.7%
[35m[MSG][0m itr   260, best 5570.5137, time  388.0, minPhero 0.01(232), stagnancy 6.0%
[35m[MSG][0m itr   261, best 5570.5137, time  389.5, minPhero 0.01(232), stagnancy 6.3%
[35m[MSG][0m itr   262, best 5570.5137, time  390.8, minPhero 0.01(232), stagnancy 6.7%
[35m[MSG][0m itr   263, best 5570.5137, time  392.1, minPhero 0.01(232), stagnancy 7.0%
[35m[MSG][0m itr   264, best 5570.5137, time  393.6, minPhero 0.01(232), stagnancy 7.3%
[35m[MSG][0m itr   265, best 5570.5137, time  395.0, minPhero 0.01(232), stagnancy 7.7%
[35m[MSG][0m itr   266, best 5570.5137, time  396.4, minPhero 0.01(232), stagnancy 8.0%
[35m[MSG][0m itr   267, best 5570.5137, time  397.9, minPhero 0.01(232), stagnancy 8.3%
[35m[MSG][0m itr   268, best 5570.5137, time  399.3, minPhero 0.01(232), stagnancy 8.7%
[35m[MSG][0m itr   269, best 5570.5137, time  400.8, minPhero 0.01(232), stagnancy 9.0%
[35m[MSG][0m itr   270, best 5570.5137, time  402.2, minPhero 0.01(232), stagnancy 9.3%
[35m[MSG][0m itr   271, best 5570.5137, time  403.7, minPhero 0.01(232), stagnancy 9.7%
[35m[MSG][0m itr   272, best 5570.5137, time  405.2, minPhero 0.01(232), stagnancy 10.0%
[35m[MSG][0m itr   273, best 5570.5137, time  406.8, minPhero 0.01(232), stagnancy 10.3%
[35m[MSG][0m itr   274, best 5570.5137, time  408.4, minPhero 0.01(232), stagnancy 10.7%
[35m[MSG][0m itr   275, best 5570.5137, time  410.2, minPhero 0.01(232), stagnancy 11.0%
[35m[MSG][0m itr   276, best 5570.5137, time  411.8, minPhero 0.01(232), stagnancy 11.3%
[35m[MSG][0m itr   277, best 5570.5137, time  413.3, minPhero 0.01(232), stagnancy 11.7%
[35m[MSG][0m itr   278, best 5570.5137, time  414.8, minPhero 0.01(232), stagnancy 12.0%
[35m[MSG][0m itr   279, best 5570.5137, time  416.3, minPhero 0.01(232), stagnancy 12.3%
[35m[MSG][0m itr   280, best 5570.5137, time  417.7, minPhero 0.01(232), stagnancy 12.7%
[35m[MSG][0m itr   281, best 5570.5137, time  419.2, minPhero 0.01(232), stagnancy 13.0%
[35m[MSG][0m itr   282, best 5570.5137, time  420.7, minPhero 0.01(232), stagnancy 13.3%
[35m[MSG][0m itr   283, best 5570.5137, time  422.2, minPhero 0.01(232), stagnancy 13.7%
[35m[MSG][0m itr   284, best 5570.5137, time  423.6, minPhero 0.01(232), stagnancy 14.0%
[35m[MSG][0m itr   285, best 5570.5137, time  424.9, minPhero 0.01(232), stagnancy 14.3%
[35m[MSG][0m itr   286, best 5570.5137, time  426.3, minPhero 0.01(232), stagnancy 14.7%
[35m[MSG][0m itr   287, best 5570.5137, time  427.7, minPhero 0.01(232), stagnancy 15.0%
[35m[MSG][0m itr   288, best 5570.5137, time  429.2, minPhero 0.01(232), stagnancy 15.3%
[35m[MSG][0m itr   289, best 5570.5137, time  430.5, minPhero 0.01(232), stagnancy 15.7%
[35m[MSG][0m itr   290, best 5570.5137, time  432.0, minPhero 0.01(232), stagnancy 16.0%
[35m[MSG][0m itr   291, best 5570.5137, time  433.5, minPhero 0.01(232), stagnancy 16.3%
[35m[MSG][0m itr   292, best 5570.5137, time  435.0, minPhero 0.01(232), stagnancy 16.7%
[35m[MSG][0m itr   293, best 5570.5137, time  436.4, minPhero 0.01(232), stagnancy 17.0%
[35m[MSG][0m itr   294, best 5570.5137, time  437.8, minPhero 0.01(232), stagnancy 17.3%
[35m[MSG][0m itr   295, best 5570.5137, time  439.3, minPhero 0.01(232), stagnancy 17.7%
[35m[MSG][0m itr   296, best 5570.5137, time  440.8, minPhero 0.01(232), stagnancy 18.0%
[35m[MSG][0m itr   297, best 5570.5137, time  442.2, minPhero 0.01(232), stagnancy 18.3%
[35m[MSG][0m itr   298, best 5570.5137, time  443.7, minPhero 0.01(232), stagnancy 18.7%
[35m[MSG][0m itr   299, best 5570.5137, time  445.2, minPhero 0.01(232), stagnancy 19.0%
[35m[MSG][0m itr   300, best 5570.5137, time  446.6, minPhero 0.01(232), stagnancy 19.3%
[35m[MSG][0m itr   301, best 5570.5137, time  448.1, minPhero 0.01(232), stagnancy 19.7%
[35m[MSG][0m itr   302, best 5570.5137, time  449.6, minPhero 0.01(232), stagnancy 20.0%
[35m[MSG][0m itr   303, best 5570.5137, time  451.1, minPhero 0.01(232), stagnancy 20.3%
[35m[MSG][0m itr   304, best 5570.5137, time  452.6, minPhero 0.01(232), stagnancy 20.7%
[35m[MSG][0m itr   305, best 5570.5137, time  454.2, minPhero 0.01(232), stagnancy 21.0%
[35m[MSG][0m itr   306, best 5570.5137, time  455.7, minPhero 0.01(232), stagnancy 21.3%
[35m[MSG][0m itr   307, best 5570.5137, time  457.2, minPhero 0.01(232), stagnancy 21.7%
[35m[MSG][0m itr   308, best 5570.5137, time  458.7, minPhero 0.01(232), stagnancy 22.0%
[35m[MSG][0m itr   309, best 5570.5137, time  460.2, minPhero 0.01(232), stagnancy 22.3%
[35m[MSG][0m itr   310, best 5570.5137, time  461.7, minPhero 0.01(232), stagnancy 22.7%
[35m[MSG][0m itr   311, best 5570.5137, time  463.3, minPhero 0.01(232), stagnancy 23.0%
[35m[MSG][0m itr   312, best 5570.5137, time  465.0, minPhero 0.01(232), stagnancy 23.3%
[35m[MSG][0m itr   313, best 5570.5137, time  466.5, minPhero 0.01(232), stagnancy 23.7%
[35m[MSG][0m itr   314, best 5570.5137, time  468.1, minPhero 0.01(232), stagnancy 24.0%
[35m[MSG][0m itr   315, best 5570.5137, time  469.6, minPhero 0.01(232), stagnancy 24.3%
[35m[MSG][0m itr   316, best 5570.5137, time  471.1, minPhero 0.01(232), stagnancy 24.7%
[35m[MSG][0m itr   317, best 5570.5137, time  472.6, minPhero 0.01(232), stagnancy 25.0%
[35m[MSG][0m itr   318, best 5570.5137, time  474.1, minPhero 0.01(232), stagnancy 25.3%
[35m[MSG][0m itr   319, best 5570.5137, time  475.7, minPhero 0.01(232), stagnancy 25.7%
[35m[MSG][0m itr   320, best 5570.5137, time  477.1, minPhero 0.01(232), stagnancy 26.0%
[35m[MSG][0m itr   321, best 5570.5137, time  478.4, minPhero 0.01(232), stagnancy 26.3%
[35m[MSG][0m itr   322, best 5570.5137, time  479.9, minPhero 0.01(232), stagnancy 26.7%
[35m[MSG][0m itr   323, best 5570.5137, time  481.3, minPhero 0.01(232), stagnancy 27.0%
[35m[MSG][0m itr   324, best 5570.5137, time  482.7, minPhero 0.01(232), stagnancy 27.3%
[35m[MSG][0m itr   325, best 5570.5137, time  484.2, minPhero 0.01(232), stagnancy 27.7%
[35m[MSG][0m itr   326, best 5570.5137, time  485.7, minPhero 0.01(232), stagnancy 28.0%
[35m[MSG][0m itr   327, best 5570.5137, time  487.1, minPhero 0.01(232), stagnancy 28.3%
[35m[MSG][0m itr   328, best 5570.5137, time  488.6, minPhero 0.01(232), stagnancy 28.7%
[35m[MSG][0m itr   329, best 5570.5137, time  490.0, minPhero 0.01(232), stagnancy 29.0%
[35m[MSG][0m itr   330, best 5570.5137, time  491.4, minPhero 0.01(232), stagnancy 29.3%
[35m[MSG][0m itr   331, best 5570.5137, time  492.8, minPhero 0.01(232), stagnancy 29.7%
[35m[MSG][0m itr   332, best 5570.5137, time  494.2, minPhero 0.01(232), stagnancy 30.0%
[35m[MSG][0m itr   333, best 5569.1055, time  495.7, minPhero 0.01(243), stagnancy 0.0%
[35m[MSG][0m itr   334, best 5569.1050, time  497.0, minPhero 0.01(243), stagnancy 0.0%
[35m[MSG][0m itr   335, best 5569.1050, time  498.5, minPhero 0.01(243), stagnancy 0.3%
[35m[MSG][0m itr   336, best 5569.1050, time  499.9, minPhero 0.01(243), stagnancy 0.7%
[35m[MSG][0m itr   337, best 5568.9390, time  501.3, minPhero 0.01(247), stagnancy 0.0%
[35m[MSG][0m itr   338, best 5568.9390, time  502.7, minPhero 0.01(247), stagnancy 0.3%
[35m[MSG][0m itr   339, best 5567.2886, time  504.2, minPhero 0.01(250), stagnancy 0.0%
[35m[MSG][0m itr   340, best 5566.5586, time  505.5, minPhero 0.01(250), stagnancy 0.0%
[35m[MSG][0m itr   341, best 5565.3701, time  506.9, minPhero 0.01(257), stagnancy 0.0%
[35m[MSG][0m itr   342, best 5565.3701, time  508.4, minPhero 0.01(257), stagnancy 0.3%
[35m[MSG][0m itr   343, best 5564.9224, time  509.8, minPhero 0.01(257), stagnancy 0.0%
[35m[MSG][0m itr   344, best 5564.9224, time  511.2, minPhero 0.01(257), stagnancy 0.3%
[35m[MSG][0m itr   345, best 5564.1875, time  512.7, minPhero 0.01(258), stagnancy 0.0%
[35m[MSG][0m itr   346, best 5564.1875, time  514.1, minPhero 0.01(258), stagnancy 0.3%
[35m[MSG][0m itr   347, best 5564.1875, time  515.5, minPhero 0.01(258), stagnancy 0.7%
[35m[MSG][0m itr   348, best 5564.1875, time  517.0, minPhero 0.01(258), stagnancy 1.0%
[35m[MSG][0m itr   349, best 5564.1875, time  518.5, minPhero 0.01(258), stagnancy 1.3%
[35m[MSG][0m itr   350, best 5564.1870, time  519.9, minPhero 0.01(258), stagnancy 0.0%
[35m[MSG][0m itr   351, best 5564.1870, time  521.4, minPhero 0.01(257), stagnancy 0.3%
[35m[MSG][0m itr   352, best 5562.5562, time  522.8, minPhero 0.01(263), stagnancy 0.0%
[35m[MSG][0m itr   353, best 5562.0195, time  524.3, minPhero 0.01(263), stagnancy 0.0%
[35m[MSG][0m itr   354, best 5562.0195, time  525.7, minPhero 0.01(263), stagnancy 0.3%
[35m[MSG][0m itr   355, best 5559.6929, time  527.2, minPhero 0.01(260), stagnancy 0.0%
[35m[MSG][0m itr   356, best 5559.6929, time  528.6, minPhero 0.01(259), stagnancy 0.3%
[35m[MSG][0m itr   357, best 5559.6929, time  530.0, minPhero 0.01(259), stagnancy 0.7%
[35m[MSG][0m itr   358, best 5559.6919, time  531.5, minPhero 0.01(255), stagnancy 0.0%
[35m[MSG][0m itr   359, best 5559.6919, time  532.9, minPhero 0.01(252), stagnancy 0.3%
[35m[MSG][0m itr   360, best 5559.6919, time  534.4, minPhero 0.01(252), stagnancy 0.7%
[35m[MSG][0m itr   361, best 5559.6919, time  535.8, minPhero 0.01(249), stagnancy 1.0%
[35m[MSG][0m itr   362, best 5557.3179, time  537.2, minPhero 0.01(254), stagnancy 0.0%
[35m[MSG][0m itr   363, best 5557.3179, time  538.6, minPhero 0.01(252), stagnancy 0.3%
[35m[MSG][0m itr   364, best 5557.3179, time  540.1, minPhero 0.01(249), stagnancy 0.7%
[35m[MSG][0m itr   365, best 5557.3154, time  541.5, minPhero 0.01(249), stagnancy 0.0%
[35m[MSG][0m itr   366, best 5557.3154, time  543.0, minPhero 0.01(248), stagnancy 0.3%
[35m[MSG][0m itr   367, best 5557.3149, time  544.5, minPhero 0.01(248), stagnancy 0.0%
[35m[MSG][0m itr   368, best 5557.3149, time  545.9, minPhero 0.01(248), stagnancy 0.3%
[35m[MSG][0m itr   369, best 5557.3149, time  547.4, minPhero 0.01(248), stagnancy 0.7%
[35m[MSG][0m itr   370, best 5557.3149, time  548.8, minPhero 0.01(248), stagnancy 1.0%
[35m[MSG][0m itr   371, best 5557.3149, time  550.3, minPhero 0.01(247), stagnancy 1.3%
[35m[MSG][0m itr   372, best 5556.9619, time  551.7, minPhero 0.01(248), stagnancy 0.0%
[35m[MSG][0m itr   373, best 5556.9619, time  553.2, minPhero 0.01(248), stagnancy 0.3%
[35m[MSG][0m itr   374, best 5556.9619, time  554.6, minPhero 0.01(246), stagnancy 0.7%
[35m[MSG][0m itr   375, best 5556.9619, time  556.1, minPhero 0.01(246), stagnancy 1.0%
[35m[MSG][0m itr   376, best 5556.9619, time  557.6, minPhero 0.01(246), stagnancy 1.3%
[35m[MSG][0m itr   377, best 5556.9619, time  559.2, minPhero 0.01(244), stagnancy 1.7%
[35m[MSG][0m itr   378, best 5556.6777, time  560.7, minPhero 0.01(247), stagnancy 0.0%
[35m[MSG][0m itr   379, best 5556.6777, time  562.3, minPhero 0.01(247), stagnancy 0.3%
[35m[MSG][0m itr   380, best 5556.6777, time  564.0, minPhero 0.01(247), stagnancy 0.7%
[35m[MSG][0m itr   381, best 5556.6777, time  565.7, minPhero 0.01(246), stagnancy 1.0%
[35m[MSG][0m itr   382, best 5556.6777, time  567.2, minPhero 0.01(242), stagnancy 1.3%
[35m[MSG][0m itr   383, best 5556.6777, time  568.8, minPhero 0.01(242), stagnancy 1.7%
[35m[MSG][0m itr   384, best 5556.6772, time  570.3, minPhero 0.01(240), stagnancy 0.0%
[35m[MSG][0m itr   385, best 5556.6772, time  571.7, minPhero 0.01(240), stagnancy 0.3%
[35m[MSG][0m itr   386, best 5556.6772, time  573.1, minPhero 0.01(240), stagnancy 0.7%
[35m[MSG][0m itr   387, best 5556.6772, time  574.5, minPhero 0.01(240), stagnancy 1.0%
[35m[MSG][0m itr   388, best 5556.6772, time  576.0, minPhero 0.01(240), stagnancy 1.3%
[35m[MSG][0m itr   389, best 5556.6772, time  577.4, minPhero 0.01(238), stagnancy 1.7%
[35m[MSG][0m itr   390, best 5556.6772, time  578.7, minPhero 0.01(238), stagnancy 2.0%
[35m[MSG][0m itr   391, best 5556.6772, time  580.1, minPhero 0.01(238), stagnancy 2.3%
[35m[MSG][0m itr   392, best 5556.6772, time  581.6, minPhero 0.01(238), stagnancy 2.7%
[35m[MSG][0m itr   393, best 5556.6772, time  583.1, minPhero 0.01(237), stagnancy 3.0%
[35m[MSG][0m itr   394, best 5556.6772, time  584.4, minPhero 0.01(235), stagnancy 3.3%
[35m[MSG][0m itr   395, best 5556.6772, time  585.7, minPhero 0.01(235), stagnancy 3.7%
[35m[MSG][0m itr   396, best 5556.6772, time  587.2, minPhero 0.01(235), stagnancy 4.0%
[35m[MSG][0m itr   397, best 5556.6772, time  588.7, minPhero 0.01(235), stagnancy 4.3%
[35m[MSG][0m itr   398, best 5556.6772, time  590.1, minPhero 0.01(235), stagnancy 4.7%
[35m[MSG][0m itr   399, best 5556.6772, time  591.6, minPhero 0.01(235), stagnancy 5.0%
[35m[MSG][0m itr   400, best 5556.6772, time  593.1, minPhero 0.01(232), stagnancy 5.3%
[35m[MSG][0m itr   401, best 5556.6772, time  594.5, minPhero 0.01(232), stagnancy 5.7%
[35m[MSG][0m itr   402, best 5556.6772, time  595.9, minPhero 0.01(232), stagnancy 6.0%
[35m[MSG][0m itr   403, best 5556.6772, time  597.3, minPhero 0.01(232), stagnancy 6.3%
[35m[MSG][0m itr   404, best 5556.6772, time  598.7, minPhero 0.01(232), stagnancy 6.7%
[35m[MSG][0m itr   405, best 5556.6772, time  600.2, minPhero 0.01(232), stagnancy 7.0%
[35m[MSG][0m itr   406, best 5556.6772, time  601.6, minPhero 0.01(232), stagnancy 7.3%
[35m[MSG][0m itr   407, best 5556.6772, time  603.1, minPhero 0.01(232), stagnancy 7.7%
[35m[MSG][0m itr   408, best 5556.6772, time  604.3, minPhero 0.01(232), stagnancy 8.0%
[35m[MSG][0m itr   409, best 5556.6772, time  605.8, minPhero 0.01(232), stagnancy 8.3%
[35m[MSG][0m itr   410, best 5556.6772, time  607.2, minPhero 0.01(232), stagnancy 8.7%
[35m[MSG][0m itr   411, best 5556.6772, time  608.6, minPhero 0.01(232), stagnancy 9.0%
[35m[MSG][0m itr   412, best 5556.6772, time  610.1, minPhero 0.01(232), stagnancy 9.3%
[35m[MSG][0m itr   413, best 5556.6772, time  611.5, minPhero 0.01(232), stagnancy 9.7%
[35m[MSG][0m itr   414, best 5556.6772, time  613.0, minPhero 0.01(232), stagnancy 10.0%
[35m[MSG][0m itr   415, best 5556.6772, time  614.4, minPhero 0.01(232), stagnancy 10.3%
[35m[MSG][0m itr   416, best 5556.6772, time  615.8, minPhero 0.01(232), stagnancy 10.7%
[35m[MSG][0m itr   417, best 5556.6772, time  617.3, minPhero 0.01(232), stagnancy 11.0%
[35m[MSG][0m itr   418, best 5556.6772, time  618.7, minPhero 0.01(232), stagnancy 11.3%
[35m[MSG][0m itr   419, best 5556.6772, time  620.2, minPhero 0.01(232), stagnancy 11.7%
[35m[MSG][0m itr   420, best 5556.6772, time  621.6, minPhero 0.01(232), stagnancy 12.0%
[35m[MSG][0m itr   421, best 5556.6772, time  623.0, minPhero 0.01(232), stagnancy 12.3%
[35m[MSG][0m itr   422, best 5556.6772, time  624.4, minPhero 0.01(232), stagnancy 12.7%
[35m[MSG][0m itr   423, best 5556.6772, time  625.7, minPhero 0.01(232), stagnancy 13.0%
[35m[MSG][0m itr   424, best 5556.6772, time  627.1, minPhero 0.01(232), stagnancy 13.3%
[35m[MSG][0m itr   425, best 5556.6772, time  628.6, minPhero 0.01(232), stagnancy 13.7%
[35m[MSG][0m itr   426, best 5556.6772, time  630.0, minPhero 0.01(232), stagnancy 14.0%
[35m[MSG][0m itr   427, best 5556.6772, time  631.4, minPhero 0.01(232), stagnancy 14.3%
[35m[MSG][0m itr   428, best 5556.6772, time  632.8, minPhero 0.01(232), stagnancy 14.7%
[35m[MSG][0m itr   429, best 5556.6772, time  634.3, minPhero 0.01(232), stagnancy 15.0%
[35m[MSG][0m itr   430, best 5556.6772, time  635.6, minPhero 0.01(232), stagnancy 15.3%
[35m[MSG][0m itr   431, best 5556.6772, time  636.9, minPhero 0.01(232), stagnancy 15.7%
[35m[MSG][0m itr   432, best 5556.6772, time  638.3, minPhero 0.01(232), stagnancy 16.0%
[35m[MSG][0m itr   433, best 5556.6772, time  639.6, minPhero 0.01(232), stagnancy 16.3%
[35m[MSG][0m itr   434, best 5556.6772, time  641.0, minPhero 0.01(232), stagnancy 16.7%
[35m[MSG][0m itr   435, best 5556.6772, time  642.3, minPhero 0.01(232), stagnancy 17.0%
[35m[MSG][0m itr   436, best 5556.6772, time  643.8, minPhero 0.01(232), stagnancy 17.3%
[35m[MSG][0m itr   437, best 5556.6772, time  645.1, minPhero 0.01(232), stagnancy 17.7%
[35m[MSG][0m itr   438, best 5556.6772, time  646.5, minPhero 0.01(232), stagnancy 18.0%
[35m[MSG][0m itr   439, best 5556.6772, time  648.0, minPhero 0.01(232), stagnancy 18.3%
[35m[MSG][0m itr   440, best 5556.6772, time  649.3, minPhero 0.01(232), stagnancy 18.7%
[35m[MSG][0m itr   441, best 5556.6772, time  650.8, minPhero 0.01(232), stagnancy 19.0%
[35m[MSG][0m itr   442, best 5556.6772, time  652.1, minPhero 0.01(232), stagnancy 19.3%
[35m[MSG][0m itr   443, best 5556.6772, time  653.6, minPhero 0.01(232), stagnancy 19.7%
[35m[MSG][0m itr   444, best 5556.6772, time  654.9, minPhero 0.01(232), stagnancy 20.0%
[35m[MSG][0m itr   445, best 5556.6772, time  656.4, minPhero 0.01(232), stagnancy 20.3%
[35m[MSG][0m itr   446, best 5556.6772, time  657.7, minPhero 0.01(232), stagnancy 20.7%
[35m[MSG][0m itr   447, best 5556.6772, time  659.1, minPhero 0.01(232), stagnancy 21.0%
[35m[MSG][0m itr   448, best 5556.6772, time  660.6, minPhero 0.01(232), stagnancy 21.3%
[35m[MSG][0m itr   449, best 5556.6772, time  662.0, minPhero 0.01(232), stagnancy 21.7%
[35m[MSG][0m itr   450, best 5556.6772, time  663.4, minPhero 0.01(232), stagnancy 22.0%
[35m[MSG][0m itr   451, best 5556.6772, time  664.9, minPhero 0.01(232), stagnancy 22.3%
[35m[MSG][0m itr   452, best 5556.6772, time  666.3, minPhero 0.01(232), stagnancy 22.7%
[35m[MSG][0m itr   453, best 5556.6772, time  667.8, minPhero 0.01(232), stagnancy 23.0%
[35m[MSG][0m itr   454, best 5556.6772, time  669.2, minPhero 0.01(232), stagnancy 23.3%
[35m[MSG][0m itr   455, best 5556.6772, time  670.6, minPhero 0.01(232), stagnancy 23.7%
[35m[MSG][0m itr   456, best 5556.6772, time  672.1, minPhero 0.01(232), stagnancy 24.0%
[35m[MSG][0m itr   457, best 5556.6772, time  673.5, minPhero 0.01(232), stagnancy 24.3%
[35m[MSG][0m itr   458, best 5556.6772, time  675.0, minPhero 0.01(232), stagnancy 24.7%
[35m[MSG][0m itr   459, best 5556.6772, time  676.4, minPhero 0.01(232), stagnancy 25.0%
[35m[MSG][0m itr   460, best 5556.6772, time  677.8, minPhero 0.01(232), stagnancy 25.3%
[35m[MSG][0m itr   461, best 5556.6772, time  679.3, minPhero 0.01(232), stagnancy 25.7%
[35m[MSG][0m itr   462, best 5556.6772, time  680.8, minPhero 0.01(232), stagnancy 26.0%
[35m[MSG][0m itr   463, best 5556.6772, time  682.2, minPhero 0.01(232), stagnancy 26.3%
[35m[MSG][0m itr   464, best 5556.6772, time  683.7, minPhero 0.01(232), stagnancy 26.7%
[35m[MSG][0m itr   465, best 5556.6772, time  685.1, minPhero 0.01(232), stagnancy 27.0%
[35m[MSG][0m itr   466, best 5556.6772, time  686.6, minPhero 0.01(232), stagnancy 27.3%
[35m[MSG][0m itr   467, best 5556.6772, time  688.0, minPhero 0.01(232), stagnancy 27.7%
[35m[MSG][0m itr   468, best 5556.6772, time  689.5, minPhero 0.01(232), stagnancy 28.0%
[35m[MSG][0m itr   469, best 5556.6772, time  690.9, minPhero 0.01(232), stagnancy 28.3%
[35m[MSG][0m itr   470, best 5556.6772, time  692.4, minPhero 0.01(232), stagnancy 28.7%
[35m[MSG][0m itr   471, best 5556.6772, time  693.8, minPhero 0.01(232), stagnancy 29.0%
[35m[MSG][0m itr   472, best 5556.6772, time  695.3, minPhero 0.01(232), stagnancy 29.3%
[35m[MSG][0m itr   473, best 5556.6772, time  696.7, minPhero 0.01(232), stagnancy 29.7%
[35m[MSG][0m itr   474, best 5556.6772, time  698.1, minPhero 0.01(232), stagnancy 30.0%
[35m[MSG][0m itr   475, best 5556.6772, time  699.6, minPhero 0.01(232), stagnancy 30.3%
[35m[MSG][0m itr   476, best 5556.6772, time  701.0, minPhero 0.01(232), stagnancy 30.7%
[35m[MSG][0m itr   477, best 5556.6772, time  702.5, minPhero 0.01(232), stagnancy 31.0%
[35m[MSG][0m itr   478, best 5556.6772, time  703.9, minPhero 0.01(232), stagnancy 31.3%
[35m[MSG][0m itr   479, best 5556.6772, time  705.4, minPhero 0.01(232), stagnancy 31.7%
[35m[MSG][0m itr   480, best 5556.6772, time  706.7, minPhero 0.01(232), stagnancy 32.0%
[35m[MSG][0m itr   481, best 5556.6772, time  708.1, minPhero 0.01(232), stagnancy 32.3%
[35m[MSG][0m itr   482, best 5556.6772, time  709.6, minPhero 0.01(232), stagnancy 32.7%
[35m[MSG][0m itr   483, best 5556.6772, time  711.1, minPhero 0.01(232), stagnancy 33.0%
[35m[MSG][0m itr   484, best 5556.6772, time  712.5, minPhero 0.01(232), stagnancy 33.3%
[35m[MSG][0m itr   485, best 5556.6772, time  713.9, minPhero 0.01(232), stagnancy 33.7%
[35m[MSG][0m itr   486, best 5556.6772, time  715.4, minPhero 0.01(232), stagnancy 34.0%
[35m[MSG][0m itr   487, best 5556.6772, time  716.8, minPhero 0.01(232), stagnancy 34.3%
[35m[MSG][0m itr   488, best 5556.6772, time  718.2, minPhero 0.01(232), stagnancy 34.7%
[35m[MSG][0m itr   489, best 5556.6772, time  719.7, minPhero 0.01(232), stagnancy 35.0%
[35m[MSG][0m itr   490, best 5556.6772, time  721.1, minPhero 0.01(232), stagnancy 35.3%
[35m[MSG][0m itr   491, best 5556.6772, time  722.5, minPhero 0.01(232), stagnancy 35.7%
[35m[MSG][0m itr   492, best 5556.6772, time  724.0, minPhero 0.01(232), stagnancy 36.0%
[35m[MSG][0m itr   493, best 5556.6772, time  725.4, minPhero 0.01(232), stagnancy 36.3%
[35m[MSG][0m itr   494, best 5556.6772, time  726.8, minPhero 0.01(232), stagnancy 36.7%
[35m[MSG][0m itr   495, best 5556.6772, time  728.3, minPhero 0.01(232), stagnancy 37.0%
[35m[MSG][0m itr   496, best 5556.6772, time  729.7, minPhero 0.01(232), stagnancy 37.3%
[35m[MSG][0m itr   497, best 5556.6772, time  731.2, minPhero 0.01(232), stagnancy 37.7%
[35m[MSG][0m itr   498, best 5556.6772, time  732.6, minPhero 0.01(232), stagnancy 38.0%
[35m[MSG][0m itr   499, best 5556.6772, time  734.0, minPhero 0.01(232), stagnancy 38.3%
[35m[MSG][0m itr   500, best 5556.6772, time  735.5, minPhero 0.01(232), stagnancy 38.7%
[35m[MSG][0m itr   501, best 5556.6772, time  737.1, minPhero 0.01(232), stagnancy 39.0%
[35m[MSG][0m itr   502, best 5556.6772, time  738.7, minPhero 0.01(232), stagnancy 39.3%
[35m[MSG][0m itr   503, best 5556.6772, time  740.1, minPhero 0.01(232), stagnancy 39.7%
[35m[MSG][0m itr   504, best 5556.6772, time  741.6, minPhero 0.01(232), stagnancy 40.0%
[35m[MSG][0m itr   505, best 5556.6772, time  743.2, minPhero 0.01(232), stagnancy 40.3%
[35m[MSG][0m itr   506, best 5556.6772, time  744.6, minPhero 0.01(232), stagnancy 40.7%
[35m[MSG][0m itr   507, best 5556.6772, time  746.2, minPhero 0.01(232), stagnancy 41.0%
[35m[MSG][0m itr   508, best 5556.6772, time  747.6, minPhero 0.01(232), stagnancy 41.3%
[35m[MSG][0m itr   509, best 5556.6772, time  749.1, minPhero 0.01(232), stagnancy 41.7%
[35m[MSG][0m itr   510, best 5556.6772, time  750.5, minPhero 0.01(232), stagnancy 42.0%
[35m[MSG][0m itr   511, best 5556.6772, time  752.0, minPhero 0.01(232), stagnancy 42.3%
[35m[MSG][0m itr   512, best 5556.6772, time  753.4, minPhero 0.01(232), stagnancy 42.7%
[35m[MSG][0m itr   513, best 5556.6772, time  754.8, minPhero 0.01(232), stagnancy 43.0%
[35m[MSG][0m itr   514, best 5556.6772, time  756.2, minPhero 0.01(232), stagnancy 43.3%
[35m[MSG][0m itr   515, best 5556.6772, time  757.7, minPhero 0.01(232), stagnancy 43.7%
[35m[MSG][0m itr   516, best 5556.6772, time  759.1, minPhero 0.01(232), stagnancy 44.0%
[35m[MSG][0m itr   517, best 5556.6772, time  760.6, minPhero 0.01(232), stagnancy 44.3%
[35m[MSG][0m itr   518, best 5556.6772, time  762.0, minPhero 0.01(232), stagnancy 44.7%
[35m[MSG][0m itr   519, best 5556.6772, time  763.4, minPhero 0.01(232), stagnancy 45.0%
[35m[MSG][0m itr   520, best 5556.6772, time  765.0, minPhero 0.01(232), stagnancy 45.3%
[35m[MSG][0m itr   521, best 5556.6772, time  766.5, minPhero 0.01(232), stagnancy 45.7%
[35m[MSG][0m itr   522, best 5556.6772, time  768.1, minPhero 0.01(232), stagnancy 46.0%
[35m[MSG][0m itr   523, best 5556.6772, time  769.7, minPhero 0.01(232), stagnancy 46.3%
[35m[MSG][0m itr   524, best 5556.6772, time  771.2, minPhero 0.01(232), stagnancy 46.7%
[35m[MSG][0m itr   525, best 5556.6772, time  772.7, minPhero 0.01(232), stagnancy 47.0%
[35m[MSG][0m itr   526, best 5556.6772, time  774.2, minPhero 0.01(232), stagnancy 47.3%
[35m[MSG][0m itr   527, best 5556.6772, time  775.6, minPhero 0.01(232), stagnancy 47.7%
[35m[MSG][0m itr   528, best 5556.6772, time  777.0, minPhero 0.01(232), stagnancy 48.0%
[35m[MSG][0m itr   529, best 5556.6772, time  778.4, minPhero 0.01(232), stagnancy 48.3%
[35m[MSG][0m itr   530, best 5556.6772, time  779.9, minPhero 0.01(232), stagnancy 48.7%
[35m[MSG][0m itr   531, best 5556.6772, time  781.5, minPhero 0.01(232), stagnancy 49.0%
[35m[MSG][0m itr   532, best 5556.6772, time  783.0, minPhero 0.01(232), stagnancy 49.3%
[35m[MSG][0m itr   533, best 5556.6772, time  784.5, minPhero 0.01(232), stagnancy 49.7%
[35m[MSG][0m itr   534, best 5556.6772, time  786.0, minPhero 0.01(232), stagnancy 50.0%
[35m[MSG][0m itr   535, best 5556.6772, time  787.4, minPhero 0.01(232), stagnancy 50.3%
[35m[MSG][0m itr   536, best 5556.6772, time  788.9, minPhero 0.01(232), stagnancy 50.7%
[35m[MSG][0m itr   537, best 5556.6772, time  790.4, minPhero 0.01(232), stagnancy 51.0%
[35m[MSG][0m itr   538, best 5556.6772, time  791.8, minPhero 0.01(232), stagnancy 51.3%
[35m[MSG][0m itr   539, best 5556.6772, time  793.3, minPhero 0.01(232), stagnancy 51.7%
[35m[MSG][0m itr   540, best 5556.6772, time  794.7, minPhero 0.01(232), stagnancy 52.0%
[35m[MSG][0m itr   541, best 5556.6772, time  796.1, minPhero 0.01(232), stagnancy 52.3%
[35m[MSG][0m itr   542, best 5556.6772, time  797.5, minPhero 0.01(232), stagnancy 52.7%
[35m[MSG][0m itr   543, best 5556.6772, time  799.0, minPhero 0.01(232), stagnancy 53.0%
[35m[MSG][0m itr   544, best 5556.6772, time  800.4, minPhero 0.01(232), stagnancy 53.3%
[35m[MSG][0m itr   545, best 5556.6772, time  801.8, minPhero 0.01(232), stagnancy 53.7%
[35m[MSG][0m itr   546, best 5556.6772, time  803.3, minPhero 0.01(232), stagnancy 54.0%
[35m[MSG][0m itr   547, best 5556.6772, time  804.8, minPhero 0.01(232), stagnancy 54.3%
[35m[MSG][0m itr   548, best 5556.6772, time  806.2, minPhero 0.01(232), stagnancy 54.7%
[35m[MSG][0m itr   549, best 5556.6772, time  807.8, minPhero 0.01(232), stagnancy 55.0%
[35m[MSG][0m itr   550, best 5556.6772, time  809.3, minPhero 0.01(232), stagnancy 55.3%
[35m[MSG][0m itr   551, best 5556.6772, time  810.7, minPhero 0.01(232), stagnancy 55.7%
[35m[MSG][0m itr   552, best 5556.6772, time  812.1, minPhero 0.01(232), stagnancy 56.0%
[35m[MSG][0m itr   553, best 5556.6772, time  813.6, minPhero 0.01(232), stagnancy 56.3%
[35m[MSG][0m itr   554, best 5556.6772, time  815.0, minPhero 0.01(232), stagnancy 56.7%
[35m[MSG][0m itr   555, best 5556.6772, time  816.5, minPhero 0.01(232), stagnancy 57.0%
[35m[MSG][0m itr   556, best 5556.6772, time  817.9, minPhero 0.01(232), stagnancy 57.3%
[35m[MSG][0m itr   557, best 5556.6772, time  819.4, minPhero 0.01(232), stagnancy 57.7%
[35m[MSG][0m itr   558, best 5556.6772, time  820.8, minPhero 0.01(232), stagnancy 58.0%
[35m[MSG][0m itr   559, best 5556.6772, time  822.3, minPhero 0.01(232), stagnancy 58.3%
[35m[MSG][0m itr   560, best 5556.6772, time  823.7, minPhero 0.01(232), stagnancy 58.7%
[35m[MSG][0m itr   561, best 5556.6772, time  825.2, minPhero 0.01(232), stagnancy 59.0%
[35m[MSG][0m itr   562, best 5556.6772, time  826.6, minPhero 0.01(232), stagnancy 59.3%
[35m[MSG][0m itr   563, best 5556.6772, time  828.1, minPhero 0.01(232), stagnancy 59.7%
[35m[MSG][0m itr   564, best 5556.6772, time  829.6, minPhero 0.01(232), stagnancy 60.0%
[35m[MSG][0m itr   565, best 5556.6772, time  831.1, minPhero 0.01(232), stagnancy 60.3%
[35m[MSG][0m itr   566, best 5556.6772, time  832.6, minPhero 0.01(232), stagnancy 60.7%
[35m[MSG][0m itr   567, best 5556.6772, time  834.1, minPhero 0.01(232), stagnancy 61.0%
[35m[MSG][0m itr   568, best 5556.6772, time  835.5, minPhero 0.01(232), stagnancy 61.3%
[35m[MSG][0m itr   569, best 5556.6772, time  837.0, minPhero 0.01(232), stagnancy 61.7%
[35m[MSG][0m itr   570, best 5556.6772, time  838.4, minPhero 0.01(232), stagnancy 62.0%
[35m[MSG][0m itr   571, best 5556.6772, time  839.9, minPhero 0.01(232), stagnancy 62.3%
[35m[MSG][0m itr   572, best 5556.6772, time  841.3, minPhero 0.01(232), stagnancy 62.7%
[35m[MSG][0m itr   573, best 5556.6772, time  842.7, minPhero 0.01(232), stagnancy 63.0%
[35m[MSG][0m itr   574, best 5556.6772, time  844.2, minPhero 0.01(232), stagnancy 63.3%
[35m[MSG][0m itr   575, best 5556.6772, time  845.7, minPhero 0.01(232), stagnancy 63.7%
[35m[MSG][0m itr   576, best 5556.6772, time  847.1, minPhero 0.01(232), stagnancy 64.0%
[35m[MSG][0m itr   577, best 5556.6772, time  848.5, minPhero 0.01(232), stagnancy 64.3%
[35m[MSG][0m itr   578, best 5556.6772, time  850.0, minPhero 0.01(232), stagnancy 64.7%
[35m[MSG][0m itr   579, best 5556.6772, time  851.5, minPhero 0.01(232), stagnancy 65.0%
[35m[MSG][0m itr   580, best 5556.6772, time  852.9, minPhero 0.01(232), stagnancy 65.3%
[35m[MSG][0m itr   581, best 5556.6772, time  854.4, minPhero 0.01(232), stagnancy 65.7%
[35m[MSG][0m itr   582, best 5556.6772, time  855.8, minPhero 0.01(232), stagnancy 66.0%
[35m[MSG][0m itr   583, best 5556.6772, time  857.3, minPhero 0.01(232), stagnancy 66.3%
[35m[MSG][0m itr   584, best 5556.6772, time  858.7, minPhero 0.01(232), stagnancy 66.7%
[35m[MSG][0m itr   585, best 5556.6772, time  860.1, minPhero 0.01(232), stagnancy 67.0%
[35m[MSG][0m itr   586, best 5556.6772, time  861.6, minPhero 0.01(232), stagnancy 67.3%
[35m[MSG][0m itr   587, best 5556.6772, time  862.9, minPhero 0.01(232), stagnancy 67.7%
[35m[MSG][0m itr   588, best 5556.6772, time  864.3, minPhero 0.01(232), stagnancy 68.0%
[35m[MSG][0m itr   589, best 5556.6772, time  865.7, minPhero 0.01(232), stagnancy 68.3%
[35m[MSG][0m itr   590, best 5556.6772, time  867.2, minPhero 0.01(232), stagnancy 68.7%
[35m[MSG][0m itr   591, best 5556.6772, time  868.6, minPhero 0.01(232), stagnancy 69.0%
[35m[MSG][0m itr   592, best 5556.6772, time  870.1, minPhero 0.01(232), stagnancy 69.3%
[35m[MSG][0m itr   593, best 5556.6772, time  871.6, minPhero 0.01(232), stagnancy 69.7%
[35m[MSG][0m itr   594, best 5556.6772, time  873.0, minPhero 0.01(232), stagnancy 70.0%
[35m[MSG][0m itr   595, best 5556.6772, time  874.5, minPhero 0.01(232), stagnancy 70.3%
[35m[MSG][0m itr   596, best 5556.6772, time  875.9, minPhero 0.01(232), stagnancy 70.7%
[35m[MSG][0m itr   597, best 5556.6772, time  877.4, minPhero 0.01(232), stagnancy 71.0%
[35m[MSG][0m itr   598, best 5556.6772, time  878.8, minPhero 0.01(232), stagnancy 71.3%
[35m[MSG][0m itr   599, best 5556.6772, time  880.3, minPhero 0.01(232), stagnancy 71.7%
[35m[MSG][0m itr   600, best 5556.6772, time  881.7, minPhero 0.01(232), stagnancy 72.0%
[35m[MSG][0m itr   601, best 5556.6772, time  883.1, minPhero 0.01(232), stagnancy 72.3%
[35m[MSG][0m itr   602, best 5556.6772, time  884.6, minPhero 0.01(232), stagnancy 72.7%
[35m[MSG][0m itr   603, best 5556.6772, time  886.0, minPhero 0.01(232), stagnancy 73.0%
[35m[MSG][0m itr   604, best 5556.6772, time  887.5, minPhero 0.01(232), stagnancy 73.3%
[35m[MSG][0m itr   605, best 5556.6772, time  888.9, minPhero 0.01(232), stagnancy 73.7%
[35m[MSG][0m itr   606, best 5556.6772, time  890.3, minPhero 0.01(232), stagnancy 74.0%
[35m[MSG][0m itr   607, best 5556.6772, time  891.8, minPhero 0.01(232), stagnancy 74.3%
[35m[MSG][0m itr   608, best 5556.6772, time  893.2, minPhero 0.01(232), stagnancy 74.7%
[35m[MSG][0m itr   609, best 5556.6772, time  894.7, minPhero 0.01(232), stagnancy 75.0%
[35m[MSG][0m itr   610, best 5556.6772, time  896.1, minPhero 0.01(232), stagnancy 75.3%
[35m[MSG][0m itr   611, best 5556.6772, time  897.6, minPhero 0.01(232), stagnancy 75.7%
[35m[MSG][0m itr   612, best 5556.6772, time  899.0, minPhero 0.01(232), stagnancy 76.0%
[35m[MSG][0m itr   613, best 5556.6772, time  900.4, minPhero 0.01(232), stagnancy 76.3%
[35m[MSG][0m itr   614, best 5556.6772, time  901.8, minPhero 0.01(232), stagnancy 76.7%
[35m[MSG][0m itr   615, best 5556.6772, time  903.3, minPhero 0.01(232), stagnancy 77.0%
[35m[MSG][0m itr   616, best 5556.6772, time  904.7, minPhero 0.01(232), stagnancy 77.3%
[35m[MSG][0m itr   617, best 5556.6772, time  906.1, minPhero 0.01(232), stagnancy 77.7%
[35m[MSG][0m itr   618, best 5556.6772, time  907.6, minPhero 0.01(232), stagnancy 78.0%
[35m[MSG][0m itr   619, best 5556.6772, time  909.0, minPhero 0.01(232), stagnancy 78.3%
[35m[MSG][0m itr   620, best 5556.6772, time  910.5, minPhero 0.01(232), stagnancy 78.7%
[35m[MSG][0m itr   621, best 5556.6772, time  911.9, minPhero 0.01(232), stagnancy 79.0%
[35m[MSG][0m itr   622, best 5556.6772, time  913.4, minPhero 0.01(232), stagnancy 79.3%
[35m[MSG][0m itr   623, best 5556.6772, time  914.8, minPhero 0.01(232), stagnancy 79.7%
[35m[MSG][0m itr   624, best 5556.6772, time  916.3, minPhero 0.01(232), stagnancy 80.0%
[35m[MSG][0m itr   625, best 5556.6772, time  917.7, minPhero 0.01(232), stagnancy 80.3%
[35m[MSG][0m itr   626, best 5556.6772, time  919.2, minPhero 0.01(232), stagnancy 80.7%
[35m[MSG][0m itr   627, best 5556.6772, time  920.6, minPhero 0.01(232), stagnancy 81.0%
[35m[MSG][0m itr   628, best 5556.6772, time  922.1, minPhero 0.01(232), stagnancy 81.3%
[35m[MSG][0m itr   629, best 5556.6772, time  923.5, minPhero 0.01(232), stagnancy 81.7%
[35m[MSG][0m itr   630, best 5556.6772, time  925.0, minPhero 0.01(232), stagnancy 82.0%
[35m[MSG][0m itr   631, best 5556.6772, time  926.4, minPhero 0.01(232), stagnancy 82.3%
[35m[MSG][0m itr   632, best 5556.6772, time  927.9, minPhero 0.01(232), stagnancy 82.7%
[35m[MSG][0m itr   633, best 5556.6772, time  929.3, minPhero 0.01(232), stagnancy 83.0%
[35m[MSG][0m itr   634, best 5556.6772, time  930.8, minPhero 0.01(232), stagnancy 83.3%
[35m[MSG][0m itr   635, best 5556.6772, time  932.2, minPhero 0.01(232), stagnancy 83.7%
[35m[MSG][0m itr   636, best 5556.6772, time  933.6, minPhero 0.01(232), stagnancy 84.0%
[35m[MSG][0m itr   637, best 5556.6772, time  935.1, minPhero 0.01(232), stagnancy 84.3%
[35m[MSG][0m itr   638, best 5556.6772, time  936.5, minPhero 0.01(232), stagnancy 84.7%
[35m[MSG][0m itr   639, best 5556.6772, time  938.0, minPhero 0.01(232), stagnancy 85.0%
[35m[MSG][0m itr   640, best 5556.6772, time  939.5, minPhero 0.01(232), stagnancy 85.3%
[35m[MSG][0m itr   641, best 5556.6772, time  940.9, minPhero 0.01(232), stagnancy 85.7%
[35m[MSG][0m itr   642, best 5556.6772, time  942.4, minPhero 0.01(232), stagnancy 86.0%
[35m[MSG][0m itr   643, best 5556.6772, time  943.8, minPhero 0.01(232), stagnancy 86.3%
[35m[MSG][0m itr   644, best 5556.6772, time  945.2, minPhero 0.01(232), stagnancy 86.7%
[35m[MSG][0m itr   645, best 5556.6772, time  946.7, minPhero 0.01(232), stagnancy 87.0%
[35m[MSG][0m itr   646, best 5556.6772, time  948.2, minPhero 0.01(232), stagnancy 87.3%
[35m[MSG][0m itr   647, best 5556.6772, time  949.7, minPhero 0.01(232), stagnancy 87.7%
[35m[MSG][0m itr   648, best 5556.6772, time  951.2, minPhero 0.01(232), stagnancy 88.0%
[35m[MSG][0m itr   649, best 5556.6772, time  952.7, minPhero 0.01(232), stagnancy 88.3%
[35m[MSG][0m itr   650, best 5556.6772, time  954.1, minPhero 0.01(232), stagnancy 88.7%
[35m[MSG][0m itr   651, best 5556.6772, time  955.6, minPhero 0.01(232), stagnancy 89.0%
[35m[MSG][0m itr   652, best 5556.6772, time  957.0, minPhero 0.01(232), stagnancy 89.3%
[35m[MSG][0m itr   653, best 5556.6772, time  958.5, minPhero 0.01(232), stagnancy 89.7%
[35m[MSG][0m itr   654, best 5556.6772, time  960.0, minPhero 0.01(232), stagnancy 90.0%
[35m[MSG][0m itr   655, best 5556.6772, time  961.4, minPhero 0.01(232), stagnancy 90.3%
[35m[MSG][0m itr   656, best 5556.6772, time  962.9, minPhero 0.01(232), stagnancy 90.7%
[35m[MSG][0m itr   657, best 5556.6772, time  964.3, minPhero 0.01(232), stagnancy 91.0%
[35m[MSG][0m itr   658, best 5556.6772, time  965.8, minPhero 0.01(232), stagnancy 91.3%
[35m[MSG][0m itr   659, best 5556.6772, time  967.3, minPhero 0.01(232), stagnancy 91.7%
[35m[MSG][0m itr   660, best 5556.6772, time  968.8, minPhero 0.01(232), stagnancy 92.0%
[35m[MSG][0m itr   661, best 5556.6772, time  970.3, minPhero 0.01(232), stagnancy 92.3%
[35m[MSG][0m itr   662, best 5556.6772, time  971.8, minPhero 0.01(232), stagnancy 92.7%
[35m[MSG][0m itr   663, best 5556.6772, time  973.3, minPhero 0.01(232), stagnancy 93.0%
[35m[MSG][0m itr   664, best 5556.6772, time  974.8, minPhero 0.01(232), stagnancy 93.3%
[35m[MSG][0m itr   665, best 5556.6772, time  976.2, minPhero 0.01(232), stagnancy 93.7%
[35m[MSG][0m itr   666, best 5556.6772, time  977.7, minPhero 0.01(232), stagnancy 94.0%
[35m[MSG][0m itr   667, best 5556.6772, time  979.2, minPhero 0.01(232), stagnancy 94.3%
[35m[MSG][0m itr   668, best 5556.6772, time  980.6, minPhero 0.01(232), stagnancy 94.7%
[35m[MSG][0m itr   669, best 5556.6772, time  982.1, minPhero 0.01(232), stagnancy 95.0%
[35m[MSG][0m itr   670, best 5556.6772, time  983.5, minPhero 0.01(232), stagnancy 95.3%
[35m[MSG][0m itr   671, best 5556.6772, time  985.0, minPhero 0.01(232), stagnancy 95.7%
[35m[MSG][0m itr   672, best 5556.6772, time  986.5, minPhero 0.01(232), stagnancy 96.0%
[35m[MSG][0m itr   673, best 5556.6772, time  987.9, minPhero 0.01(232), stagnancy 96.3%
[35m[MSG][0m itr   674, best 5556.6772, time  989.4, minPhero 0.01(232), stagnancy 96.7%
[35m[MSG][0m itr   675, best 5556.6772, time  990.9, minPhero 0.01(232), stagnancy 97.0%
[35m[MSG][0m itr   676, best 5556.6772, time  992.4, minPhero 0.01(232), stagnancy 97.3%
[35m[MSG][0m itr   677, best 5556.6772, time  993.8, minPhero 0.01(232), stagnancy 97.7%
[35m[MSG][0m itr   678, best 5556.6772, time  995.3, minPhero 0.01(232), stagnancy 98.0%
[35m[MSG][0m itr   679, best 5556.6772, time  996.8, minPhero 0.01(232), stagnancy 98.3%
[35m[MSG][0m itr   680, best 5556.6772, time  998.3, minPhero 0.01(232), stagnancy 98.7%
[35m[MSG][0m itr   681, best 5556.6772, time  999.7, minPhero 0.01(232), stagnancy 99.0%
[35m[MSG][0m itr   682, best 5556.6772, time 1001.2, minPhero 0.01(232), stagnancy 99.3%
[35m[MSG][0m itr   683, best 5556.6772, time 1002.7, minPhero 0.01(232), stagnancy 99.7%
[35m[MSG][0m itr   684, best 5556.6772, time 1004.1, minPhero 0.01(232), stagnancy 100.0%
[35m[MSG][0m Solution converged. Reinitialising pheromones...
[35m[MSG][0m Time: 1004.15 s
[35m[MSG][0m Best cost: 5556.68
