[35m[MSG][0m Log level set to LOG_DEBUG
[35m[MSG][0m Parsing input from file "res/fruitybun250_2016.vrp"
[35m[MSG][0m Number of nodes: 250
[35m[MSG][0m Running ACO search
[35m[MSG][0m ACO settings: 
 alpha:     8.000
 beta:      1.000
 pers:      0.850
 minPhero:  0.015
 nbhood:    10
 popSize:   512
 maxStag:   300
[35m[MSG][0m itr     1, best 5758.8511, time    1.5, minPhero 0.85(28922), stagnancy 0.0%
[35m[MSG][0m itr     2, best 5758.8511, time    2.9, minPhero 0.72(28922), stagnancy 0.3%
[35m[MSG][0m itr     3, best 5734.7856, time    4.4, minPhero 0.61(28922), stagnancy 0.0%
[35m[MSG][0m itr     4, best 5734.7856, time    5.8, minPhero 0.52(28922), stagnancy 0.3%
[35m[MSG][0m itr     5, best 5734.7856, time    7.2, minPhero 0.44(28922), stagnancy 0.7%
[35m[MSG][0m itr     6, best 5734.7856, time    8.7, minPhero 0.38(28922), stagnancy 1.0%
[35m[MSG][0m itr     7, best 5727.6665, time   10.2, minPhero 0.32(28922), stagnancy 0.0%
[35m[MSG][0m itr     8, best 5712.6221, time   11.6, minPhero 0.27(28922), stagnancy 0.0%
[35m[MSG][0m itr     9, best 5699.1748, time   13.1, minPhero 0.23(28922), stagnancy 0.0%
[35m[MSG][0m itr    10, best 5699.1748, time   14.5, minPhero 0.20(28922), stagnancy 0.3%
[35m[MSG][0m itr    11, best 5699.1748, time   16.0, minPhero 0.17(28922), stagnancy 0.7%
[35m[MSG][0m itr    12, best 5694.6919, time   17.4, minPhero 0.14(28922), stagnancy 0.0%
[35m[MSG][0m itr    13, best 5690.2637, time   18.9, minPhero 0.12(28922), stagnancy 0.0%
[35m[MSG][0m itr    14, best 5690.2637, time   20.3, minPhero 0.10(28922), stagnancy 0.3%
[35m[MSG][0m itr    15, best 5690.2637, time   21.8, minPhero 0.09(28922), stagnancy 0.7%
[35m[MSG][0m itr    16, best 5690.2637, time   23.3, minPhero 0.07(28922), stagnancy 1.0%
[35m[MSG][0m itr    17, best 5687.8438, time   24.7, minPhero 0.06(28922), stagnancy 0.0%
[35m[MSG][0m itr    18, best 5687.8438, time   26.2, minPhero 0.05(28922), stagnancy 0.3%
[35m[MSG][0m itr    19, best 5669.2461, time   27.7, minPhero 0.05(28922), stagnancy 0.0%
[35m[MSG][0m itr    20, best 5657.3350, time   29.1, minPhero 0.04(28922), stagnancy 0.0%
[35m[MSG][0m itr    21, best 5657.3350, time   30.6, minPhero 0.03(28922), stagnancy 0.3%
[35m[MSG][0m itr    22, best 5657.3350, time   32.1, minPhero 0.03(28922), stagnancy 0.7%
[35m[MSG][0m itr    23, best 5655.0420, time   33.5, minPhero 0.02(633), stagnancy 0.0%
[35m[MSG][0m itr    24, best 5655.0420, time   35.0, minPhero 0.02(633), stagnancy 0.3%
[35m[MSG][0m itr    25, best 5655.0420, time   36.5, minPhero 0.02(577), stagnancy 0.7%
[35m[MSG][0m itr    26, best 5653.5532, time   38.0, minPhero 0.01(521), stagnancy 0.0%
[35m[MSG][0m itr    27, best 5652.9355, time   39.4, minPhero 0.01(532), stagnancy 0.0%
[35m[MSG][0m itr    28, best 5652.9355, time   40.9, minPhero 0.01(491), stagnancy 0.3%
[35m[MSG][0m itr    29, best 5643.9009, time   42.4, minPhero 0.01(487), stagnancy 0.0%
[35m[MSG][0m itr    30, best 5643.9009, time   43.8, minPhero 0.01(480), stagnancy 0.3%
[35m[MSG][0m itr    31, best 5632.5415, time   45.3, minPhero 0.01(449), stagnancy 0.0%
[35m[MSG][0m itr    32, best 5628.4526, time   46.8, minPhero 0.01(435), stagnancy 0.0%
[35m[MSG][0m itr    33, best 5628.4526, time   48.3, minPhero 0.01(430), stagnancy 0.3%
[35m[MSG][0m itr    34, best 5618.0518, time   49.8, minPhero 0.01(422), stagnancy 0.0%
[35m[MSG][0m itr    35, best 5618.0518, time   51.2, minPhero 0.01(420), stagnancy 0.3%
[35m[MSG][0m itr    36, best 5618.0518, time   52.7, minPhero 0.01(403), stagnancy 0.7%
[35m[MSG][0m itr    37, best 5614.1016, time   54.2, minPhero 0.01(402), stagnancy 0.0%
[35m[MSG][0m itr    38, best 5614.1016, time   55.6, minPhero 0.01(395), stagnancy 0.3%
[35m[MSG][0m itr    39, best 5611.7163, time   57.1, minPhero 0.01(393), stagnancy 0.0%
[35m[MSG][0m itr    40, best 5611.0410, time   58.5, minPhero 0.01(366), stagnancy 0.0%
[35m[MSG][0m itr    41, best 5608.2739, time   60.0, minPhero 0.01(367), stagnancy 0.0%
[35m[MSG][0m itr    42, best 5607.4580, time   61.4, minPhero 0.01(367), stagnancy 0.0%
[35m[MSG][0m itr    43, best 5606.4668, time   62.9, minPhero 0.01(357), stagnancy 0.0%
[35m[MSG][0m itr    44, best 5604.3701, time   64.3, minPhero 0.01(337), stagnancy 0.0%
[35m[MSG][0m itr    45, best 5604.0762, time   65.8, minPhero 0.01(327), stagnancy 0.0%
[35m[MSG][0m itr    46, best 5604.0762, time   67.2, minPhero 0.01(315), stagnancy 0.3%
[35m[MSG][0m itr    47, best 5602.9414, time   68.7, minPhero 0.01(305), stagnancy 0.0%
[35m[MSG][0m itr    48, best 5602.9414, time   70.1, minPhero 0.01(295), stagnancy 0.3%
[35m[MSG][0m itr    49, best 5602.9414, time   71.6, minPhero 0.01(288), stagnancy 0.7%
[35m[MSG][0m itr    50, best 5601.8574, time   72.9, minPhero 0.01(285), stagnancy 0.0%
[35m[MSG][0m itr    51, best 5601.8574, time   74.4, minPhero 0.01(280), stagnancy 0.3%
[35m[MSG][0m itr    52, best 5601.6768, time   75.8, minPhero 0.01(275), stagnancy 0.0%
[35m[MSG][0m itr    53, best 5601.6768, time   77.3, minPhero 0.01(268), stagnancy 0.3%
[35m[MSG][0m itr    54, best 5601.6768, time   78.7, minPhero 0.01(264), stagnancy 0.7%
[35m[MSG][0m itr    55, best 5601.6768, time   80.2, minPhero 0.01(263), stagnancy 1.0%
[35m[MSG][0m itr    56, best 5600.8613, time   81.6, minPhero 0.01(265), stagnancy 0.0%
[35m[MSG][0m itr    57, best 5593.9873, time   83.1, minPhero 0.01(265), stagnancy 0.0%
[35m[MSG][0m itr    58, best 5593.8638, time   84.5, minPhero 0.01(269), stagnancy 0.0%
[35m[MSG][0m itr    59, best 5593.8076, time   86.0, minPhero 0.01(265), stagnancy 0.0%
[35m[MSG][0m itr    60, best 5593.8076, time   87.5, minPhero 0.01(264), stagnancy 0.3%
[35m[MSG][0m itr    61, best 5593.3130, time   88.9, minPhero 0.01(267), stagnancy 0.0%
[35m[MSG][0m itr    62, best 5593.1338, time   90.4, minPhero 0.01(265), stagnancy 0.0%
[35m[MSG][0m itr    63, best 5593.1338, time   91.9, minPhero 0.01(263), stagnancy 0.3%
[35m[MSG][0m itr    64, best 5593.1338, time   93.2, minPhero 0.01(263), stagnancy 0.7%
[35m[MSG][0m itr    65, best 5592.1704, time   94.6, minPhero 0.01(270), stagnancy 0.0%
[35m[MSG][0m itr    66, best 5589.0254, time   96.1, minPhero 0.01(271), stagnancy 0.0%
[35m[MSG][0m itr    67, best 5587.2793, time   97.5, minPhero 0.01(271), stagnancy 0.0%
[35m[MSG][0m itr    68, best 5587.2793, time   99.0, minPhero 0.01(268), stagnancy 0.3%
[35m[MSG][0m itr    69, best 5587.2793, time  100.4, minPhero 0.01(266), stagnancy 0.7%
[35m[MSG][0m itr    70, best 5587.2788, time  101.9, minPhero 0.01(265), stagnancy 0.0%
[35m[MSG][0m itr    71, best 5585.9937, time  103.3, minPhero 0.01(265), stagnancy 0.0%
[35m[MSG][0m itr    72, best 5585.9932, time  104.8, minPhero 0.01(264), stagnancy 0.0%
[35m[MSG][0m itr    73, best 5585.9932, time  106.2, minPhero 0.01(264), stagnancy 0.3%
[35m[MSG][0m itr    74, best 5585.9077, time  107.7, minPhero 0.01(265), stagnancy 0.0%
[35m[MSG][0m itr    75, best 5585.9072, time  109.1, minPhero 0.01(265), stagnancy 0.0%
[35m[MSG][0m itr    76, best 5584.9443, time  110.6, minPhero 0.01(265), stagnancy 0.0%
[35m[MSG][0m itr    77, best 5583.6587, time  112.0, minPhero 0.01(265), stagnancy 0.0%
[35m[MSG][0m itr    78, best 5583.6587, time  113.5, minPhero 0.01(264), stagnancy 0.3%
[35m[MSG][0m itr    79, best 5583.6587, time  114.9, minPhero 0.01(258), stagnancy 0.7%
[35m[MSG][0m itr    80, best 5583.6587, time  116.4, minPhero 0.01(255), stagnancy 1.0%
[35m[MSG][0m itr    81, best 5582.5112, time  117.8, minPhero 0.01(260), stagnancy 0.0%
[35m[MSG][0m itr    82, best 5581.6069, time  119.3, minPhero 0.01(259), stagnancy 0.0%
[35m[MSG][0m itr    83, best 5581.6069, time  120.7, minPhero 0.01(259), stagnancy 0.3%
[35m[MSG][0m itr    84, best 5581.6069, time  122.2, minPhero 0.01(259), stagnancy 0.7%
[35m[MSG][0m itr    85, best 5581.6069, time  123.6, minPhero 0.01(256), stagnancy 1.0%
[35m[MSG][0m itr    86, best 5581.6069, time  125.1, minPhero 0.01(254), stagnancy 1.3%
[35m[MSG][0m itr    87, best 5581.6069, time  126.5, minPhero 0.01(254), stagnancy 1.7%
[35m[MSG][0m itr    88, best 5581.6069, time  127.9, minPhero 0.01(252), stagnancy 2.0%
[35m[MSG][0m itr    89, best 5581.6069, time  129.3, minPhero 0.01(249), stagnancy 2.3%
[35m[MSG][0m itr    90, best 5581.6069, time  130.8, minPhero 0.01(249), stagnancy 2.7%
[35m[MSG][0m itr    91, best 5581.6069, time  132.2, minPhero 0.01(249), stagnancy 3.0%
[35m[MSG][0m itr    92, best 5581.6069, time  133.7, minPhero 0.01(249), stagnancy 3.3%
[35m[MSG][0m itr    93, best 5581.6069, time  135.1, minPhero 0.01(245), stagnancy 3.7%
[35m[MSG][0m itr    94, best 5581.6069, time  136.5, minPhero 0.01(245), stagnancy 4.0%
[35m[MSG][0m itr    95, best 5581.6069, time  138.0, minPhero 0.01(245), stagnancy 4.3%
[35m[MSG][0m itr    96, best 5581.6069, time  139.4, minPhero 0.01(245), stagnancy 4.7%
[35m[MSG][0m itr    97, best 5581.6069, time  140.9, minPhero 0.01(245), stagnancy 5.0%
[35m[MSG][0m itr    98, best 5581.6069, time  142.3, minPhero 0.01(237), stagnancy 5.3%
[35m[MSG][0m itr    99, best 5581.6069, time  143.7, minPhero 0.01(236), stagnancy 5.7%
[35m[MSG][0m itr   100, best 5581.6069, time  145.1, minPhero 0.01(236), stagnancy 6.0%
[35m[MSG][0m itr   101, best 5581.6069, time  146.6, minPhero 0.01(236), stagnancy 6.3%
[35m[MSG][0m itr   102, best 5581.6069, time  148.0, minPhero 0.01(236), stagnancy 6.7%
[35m[MSG][0m itr   103, best 5581.6069, time  149.5, minPhero 0.01(232), stagnancy 7.0%
[35m[MSG][0m itr   104, best 5581.6069, time  150.9, minPhero 0.01(232), stagnancy 7.3%
[35m[MSG][0m itr   105, best 5581.6069, time  152.3, minPhero 0.01(232), stagnancy 7.7%
[35m[MSG][0m itr   106, best 5581.6069, time  153.8, minPhero 0.01(232), stagnancy 8.0%
[35m[MSG][0m itr   107, best 5581.6069, time  155.2, minPhero 0.01(232), stagnancy 8.3%
[35m[MSG][0m itr   108, best 5581.6069, time  156.7, minPhero 0.01(232), stagnancy 8.7%
[35m[MSG][0m itr   109, best 5581.6069, time  158.2, minPhero 0.01(232), stagnancy 9.0%
[35m[MSG][0m itr   110, best 5581.6069, time  159.6, minPhero 0.01(232), stagnancy 9.3%
[35m[MSG][0m itr   111, best 5581.6069, time  161.0, minPhero 0.01(232), stagnancy 9.7%
[35m[MSG][0m itr   112, best 5581.6069, time  162.4, minPhero 0.01(232), stagnancy 10.0%
[35m[MSG][0m itr   113, best 5581.6069, time  163.9, minPhero 0.01(232), stagnancy 10.3%
[35m[MSG][0m itr   114, best 5581.6069, time  165.3, minPhero 0.01(232), stagnancy 10.7%
[35m[MSG][0m itr   115, best 5581.6069, time  166.7, minPhero 0.01(232), stagnancy 11.0%
[35m[MSG][0m itr   116, best 5581.6069, time  168.2, minPhero 0.01(232), stagnancy 11.3%
[35m[MSG][0m itr   117, best 5581.6069, time  169.6, minPhero 0.01(232), stagnancy 11.7%
[35m[MSG][0m itr   118, best 5581.6069, time  171.0, minPhero 0.01(232), stagnancy 12.0%
[35m[MSG][0m itr   119, best 5581.6069, time  172.5, minPhero 0.01(232), stagnancy 12.3%
[35m[MSG][0m itr   120, best 5581.6069, time  173.9, minPhero 0.01(232), stagnancy 12.7%
[35m[MSG][0m itr   121, best 5581.6069, time  175.4, minPhero 0.01(232), stagnancy 13.0%
[35m[MSG][0m itr   122, best 5581.6069, time  176.8, minPhero 0.01(232), stagnancy 13.3%
[35m[MSG][0m itr   123, best 5581.6069, time  178.2, minPhero 0.01(232), stagnancy 13.7%
[35m[MSG][0m itr   124, best 5581.6069, time  179.7, minPhero 0.01(232), stagnancy 14.0%
[35m[MSG][0m itr   125, best 5581.6069, time  181.2, minPhero 0.01(232), stagnancy 14.3%
[35m[MSG][0m itr   126, best 5581.6069, time  182.6, minPhero 0.01(232), stagnancy 14.7%
[35m[MSG][0m itr   127, best 5581.6064, time  184.1, minPhero 0.01(232), stagnancy 0.0%
[35m[MSG][0m itr   128, best 5581.6064, time  185.5, minPhero 0.01(232), stagnancy 0.3%
[35m[MSG][0m itr   129, best 5581.6064, time  186.9, minPhero 0.01(232), stagnancy 0.7%
[35m[MSG][0m itr   130, best 5581.6064, time  188.4, minPhero 0.01(232), stagnancy 1.0%
[35m[MSG][0m itr   131, best 5581.6064, time  189.9, minPhero 0.01(232), stagnancy 1.3%
[35m[MSG][0m itr   132, best 5581.6064, time  191.3, minPhero 0.01(232), stagnancy 1.7%
[35m[MSG][0m itr   133, best 5581.6064, time  192.7, minPhero 0.01(232), stagnancy 2.0%
[35m[MSG][0m itr   134, best 5581.6064, time  194.2, minPhero 0.01(232), stagnancy 2.3%
[35m[MSG][0m itr   135, best 5581.6064, time  195.6, minPhero 0.01(232), stagnancy 2.7%
[35m[MSG][0m itr   136, best 5581.6064, time  196.9, minPhero 0.01(232), stagnancy 3.0%
[35m[MSG][0m itr   137, best 5581.6064, time  198.3, minPhero 0.01(232), stagnancy 3.3%
[35m[MSG][0m itr   138, best 5581.6064, time  199.8, minPhero 0.01(232), stagnancy 3.7%
[35m[MSG][0m itr   139, best 5581.6064, time  201.2, minPhero 0.01(232), stagnancy 4.0%
[35m[MSG][0m itr   140, best 5581.6064, time  202.6, minPhero 0.01(232), stagnancy 4.3%
[35m[MSG][0m itr   141, best 5581.6064, time  204.1, minPhero 0.01(232), stagnancy 4.7%
[35m[MSG][0m itr   142, best 5581.6064, time  205.5, minPhero 0.01(232), stagnancy 5.0%
[35m[MSG][0m itr   143, best 5581.6064, time  207.0, minPhero 0.01(232), stagnancy 5.3%
[35m[MSG][0m itr   144, best 5581.6064, time  208.4, minPhero 0.01(232), stagnancy 5.7%
[35m[MSG][0m itr   145, best 5581.6064, time  209.9, minPhero 0.01(232), stagnancy 6.0%
[35m[MSG][0m itr   146, best 5581.6064, time  211.3, minPhero 0.01(232), stagnancy 6.3%
[35m[MSG][0m itr   147, best 5581.6064, time  212.8, minPhero 0.01(232), stagnancy 6.7%
[35m[MSG][0m itr   148, best 5581.6064, time  214.2, minPhero 0.01(232), stagnancy 7.0%
[35m[MSG][0m itr   149, best 5581.6064, time  215.6, minPhero 0.01(232), stagnancy 7.3%
[35m[MSG][0m itr   150, best 5581.6064, time  217.0, minPhero 0.01(232), stagnancy 7.7%
[35m[MSG][0m itr   151, best 5581.6064, time  218.5, minPhero 0.01(232), stagnancy 8.0%
[35m[MSG][0m itr   152, best 5581.6064, time  219.9, minPhero 0.01(232), stagnancy 8.3%
[35m[MSG][0m itr   153, best 5581.6064, time  221.4, minPhero 0.01(232), stagnancy 8.7%
[35m[MSG][0m itr   154, best 5581.6064, time  222.8, minPhero 0.01(232), stagnancy 9.0%
[35m[MSG][0m itr   155, best 5581.6064, time  224.2, minPhero 0.01(232), stagnancy 9.3%
[35m[MSG][0m itr   156, best 5581.6064, time  225.7, minPhero 0.01(232), stagnancy 9.7%
[35m[MSG][0m itr   157, best 5581.6064, time  227.1, minPhero 0.01(232), stagnancy 10.0%
[35m[MSG][0m itr   158, best 5581.6064, time  228.5, minPhero 0.01(232), stagnancy 10.3%
[35m[MSG][0m itr   159, best 5581.6064, time  230.0, minPhero 0.01(232), stagnancy 10.7%
[35m[MSG][0m itr   160, best 5581.6064, time  231.4, minPhero 0.01(232), stagnancy 11.0%
[35m[MSG][0m itr   161, best 5581.6064, time  232.9, minPhero 0.01(232), stagnancy 11.3%
[35m[MSG][0m itr   162, best 5581.6064, time  234.3, minPhero 0.01(232), stagnancy 11.7%
[35m[MSG][0m itr   163, best 5581.6064, time  235.7, minPhero 0.01(232), stagnancy 12.0%
[35m[MSG][0m itr   164, best 5581.6064, time  237.2, minPhero 0.01(232), stagnancy 12.3%
[35m[MSG][0m itr   165, best 5581.6064, time  238.6, minPhero 0.01(232), stagnancy 12.7%
[35m[MSG][0m itr   166, best 5581.6064, time  240.1, minPhero 0.01(232), stagnancy 13.0%
[35m[MSG][0m itr   167, best 5581.6064, time  241.5, minPhero 0.01(232), stagnancy 13.3%
[35m[MSG][0m itr   168, best 5581.6064, time  242.9, minPhero 0.01(232), stagnancy 13.7%
[35m[MSG][0m itr   169, best 5581.6064, time  244.4, minPhero 0.01(232), stagnancy 14.0%
[35m[MSG][0m itr   170, best 5581.6064, time  245.8, minPhero 0.01(232), stagnancy 14.3%
[35m[MSG][0m itr   171, best 5581.6064, time  247.3, minPhero 0.01(232), stagnancy 14.7%
[35m[MSG][0m itr   172, best 5581.6064, time  248.7, minPhero 0.01(232), stagnancy 15.0%
[35m[MSG][0m itr   173, best 5581.6064, time  250.2, minPhero 0.01(232), stagnancy 15.3%
[35m[MSG][0m itr   174, best 5581.6064, time  251.6, minPhero 0.01(232), stagnancy 15.7%
[35m[MSG][0m itr   175, best 5581.6064, time  253.1, minPhero 0.01(232), stagnancy 16.0%
[35m[MSG][0m itr   176, best 5581.6064, time  254.5, minPhero 0.01(232), stagnancy 16.3%
[35m[MSG][0m itr   177, best 5581.6064, time  256.0, minPhero 0.01(232), stagnancy 16.7%
[35m[MSG][0m itr   178, best 5581.6064, time  257.4, minPhero 0.01(232), stagnancy 17.0%
[35m[MSG][0m itr   179, best 5581.6064, time  258.8, minPhero 0.01(232), stagnancy 17.3%
[35m[MSG][0m itr   180, best 5581.6064, time  260.3, minPhero 0.01(232), stagnancy 17.7%
[35m[MSG][0m itr   181, best 5581.6064, time  261.7, minPhero 0.01(232), stagnancy 18.0%
[35m[MSG][0m itr   182, best 5581.6064, time  263.1, minPhero 0.01(232), stagnancy 18.3%
[35m[MSG][0m itr   183, best 5581.6064, time  264.6, minPhero 0.01(232), stagnancy 18.7%
[35m[MSG][0m itr   184, best 5581.6064, time  266.0, minPhero 0.01(232), stagnancy 19.0%
[35m[MSG][0m itr   185, best 5581.6064, time  267.4, minPhero 0.01(232), stagnancy 19.3%
[35m[MSG][0m itr   186, best 5581.6064, time  268.9, minPhero 0.01(232), stagnancy 19.7%
[35m[MSG][0m itr   187, best 5581.6064, time  270.3, minPhero 0.01(232), stagnancy 20.0%
[35m[MSG][0m itr   188, best 5581.6064, time  271.7, minPhero 0.01(232), stagnancy 20.3%
[35m[MSG][0m itr   189, best 5581.6064, time  273.2, minPhero 0.01(232), stagnancy 20.7%
[35m[MSG][0m itr   190, best 5581.6064, time  274.6, minPhero 0.01(232), stagnancy 21.0%
[35m[MSG][0m itr   191, best 5581.6064, time  276.0, minPhero 0.01(232), stagnancy 21.3%
[35m[MSG][0m itr   192, best 5581.6064, time  277.4, minPhero 0.01(232), stagnancy 21.7%
[35m[MSG][0m itr   193, best 5581.6064, time  278.9, minPhero 0.01(232), stagnancy 22.0%
[35m[MSG][0m itr   194, best 5581.6064, time  280.3, minPhero 0.01(232), stagnancy 22.3%
[35m[MSG][0m itr   195, best 5581.6064, time  281.7, minPhero 0.01(232), stagnancy 22.7%
[35m[MSG][0m itr   196, best 5581.6064, time  283.2, minPhero 0.01(232), stagnancy 23.0%
[35m[MSG][0m itr   197, best 5581.6064, time  284.6, minPhero 0.01(232), stagnancy 23.3%
[35m[MSG][0m itr   198, best 5581.6064, time  286.0, minPhero 0.01(232), stagnancy 23.7%
[35m[MSG][0m itr   199, best 5581.6064, time  287.5, minPhero 0.01(232), stagnancy 24.0%
[35m[MSG][0m itr   200, best 5581.6064, time  289.0, minPhero 0.01(232), stagnancy 24.3%
[35m[MSG][0m itr   201, best 5581.6064, time  290.4, minPhero 0.01(232), stagnancy 24.7%
[35m[MSG][0m itr   202, best 5581.6064, time  291.8, minPhero 0.01(232), stagnancy 25.0%
[35m[MSG][0m itr   203, best 5581.6064, time  293.3, minPhero 0.01(232), stagnancy 25.3%
[35m[MSG][0m itr   204, best 5581.6064, time  294.7, minPhero 0.01(232), stagnancy 25.7%
[35m[MSG][0m itr   205, best 5581.6064, time  296.1, minPhero 0.01(232), stagnancy 26.0%
[35m[MSG][0m itr   206, best 5581.6064, time  297.6, minPhero 0.01(232), stagnancy 26.3%
[35m[MSG][0m itr   207, best 5581.6064, time  299.0, minPhero 0.01(232), stagnancy 26.7%
[35m[MSG][0m itr   208, best 5581.1509, time  300.5, minPhero 0.01(238), stagnancy 0.0%
[35m[MSG][0m itr   209, best 5581.1509, time  301.9, minPhero 0.01(238), stagnancy 0.3%
[35m[MSG][0m itr   210, best 5581.1509, time  303.4, minPhero 0.01(238), stagnancy 0.7%
[35m[MSG][0m itr   211, best 5581.1509, time  304.8, minPhero 0.01(238), stagnancy 1.0%
[35m[MSG][0m itr   212, best 5581.1504, time  306.3, minPhero 0.01(238), stagnancy 0.0%
[35m[MSG][0m itr   213, best 5581.1504, time  307.7, minPhero 0.01(238), stagnancy 0.3%
[35m[MSG][0m itr   214, best 5581.1504, time  309.2, minPhero 0.01(238), stagnancy 0.7%
[35m[MSG][0m itr   215, best 5581.1504, time  310.6, minPhero 0.01(238), stagnancy 1.0%
[35m[MSG][0m itr   216, best 5581.1504, time  311.9, minPhero 0.01(238), stagnancy 1.3%
[35m[MSG][0m itr   217, best 5581.1504, time  313.3, minPhero 0.01(238), stagnancy 1.7%
[35m[MSG][0m itr   218, best 5581.1504, time  314.8, minPhero 0.01(238), stagnancy 2.0%
[35m[MSG][0m itr   219, best 5581.1504, time  316.2, minPhero 0.01(238), stagnancy 2.3%
[35m[MSG][0m itr   220, best 5581.1504, time  317.7, minPhero 0.01(238), stagnancy 2.7%
[35m[MSG][0m itr   221, best 5581.1504, time  319.1, minPhero 0.01(238), stagnancy 3.0%
[35m[MSG][0m itr   222, best 5580.3071, time  320.6, minPhero 0.01(246), stagnancy 0.0%
[35m[MSG][0m itr   223, best 5580.3071, time  322.0, minPhero 0.01(246), stagnancy 0.3%
[35m[MSG][0m itr   224, best 5580.3071, time  323.4, minPhero 0.01(246), stagnancy 0.7%
[35m[MSG][0m itr   225, best 5580.3071, time  324.9, minPhero 0.01(246), stagnancy 1.0%
[35m[MSG][0m itr   226, best 5580.3071, time  326.3, minPhero 0.01(246), stagnancy 1.3%
[35m[MSG][0m itr   227, best 5580.3071, time  327.8, minPhero 0.01(246), stagnancy 1.7%
[35m[MSG][0m itr   228, best 5580.3071, time  329.1, minPhero 0.01(246), stagnancy 2.0%
[35m[MSG][0m itr   229, best 5580.3071, time  330.6, minPhero 0.01(246), stagnancy 2.3%
[35m[MSG][0m itr   230, best 5580.3071, time  332.0, minPhero 0.01(240), stagnancy 2.7%
[35m[MSG][0m itr   231, best 5580.3071, time  333.5, minPhero 0.01(240), stagnancy 3.0%
[35m[MSG][0m itr   232, best 5580.3071, time  334.9, minPhero 0.01(240), stagnancy 3.3%
[35m[MSG][0m itr   233, best 5580.3071, time  336.4, minPhero 0.01(240), stagnancy 3.7%
[35m[MSG][0m itr   234, best 5580.3071, time  337.8, minPhero 0.01(240), stagnancy 4.0%
[35m[MSG][0m itr   235, best 5580.3071, time  339.3, minPhero 0.01(240), stagnancy 4.3%
[35m[MSG][0m itr   236, best 5580.3071, time  340.7, minPhero 0.01(240), stagnancy 4.7%
[35m[MSG][0m itr   237, best 5580.3071, time  342.1, minPhero 0.01(240), stagnancy 5.0%
[35m[MSG][0m itr   238, best 5580.3071, time  343.6, minPhero 0.01(240), stagnancy 5.3%
[35m[MSG][0m itr   239, best 5580.3071, time  345.0, minPhero 0.01(240), stagnancy 5.7%
[35m[MSG][0m itr   240, best 5580.3071, time  346.5, minPhero 0.01(240), stagnancy 6.0%
[35m[MSG][0m itr   241, best 5580.3071, time  347.9, minPhero 0.01(240), stagnancy 6.3%
[35m[MSG][0m itr   242, best 5580.3071, time  349.4, minPhero 0.01(240), stagnancy 6.7%
[35m[MSG][0m itr   243, best 5580.3071, time  350.8, minPhero 0.01(240), stagnancy 7.0%
[35m[MSG][0m itr   244, best 5580.3071, time  352.2, minPhero 0.01(232), stagnancy 7.3%
[35m[MSG][0m itr   245, best 5580.3071, time  353.7, minPhero 0.01(232), stagnancy 7.7%
[35m[MSG][0m itr   246, best 5580.3071, time  355.1, minPhero 0.01(232), stagnancy 8.0%
[35m[MSG][0m itr   247, best 5580.3071, time  356.5, minPhero 0.01(232), stagnancy 8.3%
[35m[MSG][0m itr   248, best 5580.3071, time  358.0, minPhero 0.01(232), stagnancy 8.7%
[35m[MSG][0m itr   249, best 5580.3071, time  359.4, minPhero 0.01(232), stagnancy 9.0%
[35m[MSG][0m itr   250, best 5580.3071, time  360.7, minPhero 0.01(232), stagnancy 9.3%
[35m[MSG][0m itr   251, best 5580.3071, time  362.1, minPhero 0.01(232), stagnancy 9.7%
[35m[MSG][0m itr   252, best 5580.3071, time  363.6, minPhero 0.01(232), stagnancy 10.0%
[35m[MSG][0m itr   253, best 5580.3071, time  365.0, minPhero 0.01(232), stagnancy 10.3%
[35m[MSG][0m itr   254, best 5580.3071, time  366.5, minPhero 0.01(232), stagnancy 10.7%
[35m[MSG][0m itr   255, best 5580.3071, time  367.9, minPhero 0.01(232), stagnancy 11.0%
[35m[MSG][0m itr   256, best 5580.3071, time  369.3, minPhero 0.01(232), stagnancy 11.3%
[35m[MSG][0m itr   257, best 5580.3071, time  370.8, minPhero 0.01(232), stagnancy 11.7%
[35m[MSG][0m itr   258, best 5580.3071, time  372.3, minPhero 0.01(232), stagnancy 12.0%
[35m[MSG][0m itr   259, best 5580.3071, time  373.7, minPhero 0.01(232), stagnancy 12.3%
[35m[MSG][0m itr   260, best 5580.3071, time  375.1, minPhero 0.01(232), stagnancy 12.7%
[35m[MSG][0m itr   261, best 5580.3071, time  376.6, minPhero 0.01(232), stagnancy 13.0%
[35m[MSG][0m itr   262, best 5580.3071, time  378.0, minPhero 0.01(232), stagnancy 13.3%
[35m[MSG][0m itr   263, best 5580.3071, time  379.4, minPhero 0.01(232), stagnancy 13.7%
[35m[MSG][0m itr   264, best 5580.3071, time  380.8, minPhero 0.01(232), stagnancy 14.0%
[35m[MSG][0m itr   265, best 5580.3071, time  382.3, minPhero 0.01(232), stagnancy 14.3%
[35m[MSG][0m itr   266, best 5580.3071, time  383.7, minPhero 0.01(232), stagnancy 14.7%
[35m[MSG][0m itr   267, best 5580.3071, time  385.2, minPhero 0.01(232), stagnancy 15.0%
[35m[MSG][0m itr   268, best 5580.3071, time  386.6, minPhero 0.01(232), stagnancy 15.3%
[35m[MSG][0m itr   269, best 5580.3071, time  388.0, minPhero 0.01(232), stagnancy 15.7%
[35m[MSG][0m itr   270, best 5580.3066, time  389.5, minPhero 0.01(232), stagnancy 0.0%
[35m[MSG][0m itr   271, best 5580.3066, time  390.9, minPhero 0.01(232), stagnancy 0.3%
[35m[MSG][0m itr   272, best 5580.3066, time  392.4, minPhero 0.01(232), stagnancy 0.7%
[35m[MSG][0m itr   273, best 5580.3066, time  393.8, minPhero 0.01(232), stagnancy 1.0%
[35m[MSG][0m itr   274, best 5580.3066, time  395.2, minPhero 0.01(232), stagnancy 1.3%
[35m[MSG][0m itr   275, best 5580.3066, time  396.7, minPhero 0.01(232), stagnancy 1.7%
[35m[MSG][0m itr   276, best 5580.3066, time  398.1, minPhero 0.01(232), stagnancy 2.0%
[35m[MSG][0m itr   277, best 5580.3066, time  399.6, minPhero 0.01(232), stagnancy 2.3%
[35m[MSG][0m itr   278, best 5580.3066, time  400.9, minPhero 0.01(232), stagnancy 2.7%
[35m[MSG][0m itr   279, best 5580.3066, time  402.4, minPhero 0.01(232), stagnancy 3.0%
[35m[MSG][0m itr   280, best 5580.3066, time  403.8, minPhero 0.01(232), stagnancy 3.3%
[35m[MSG][0m itr   281, best 5580.3066, time  405.2, minPhero 0.01(232), stagnancy 3.7%
[35m[MSG][0m itr   282, best 5580.3066, time  406.7, minPhero 0.01(232), stagnancy 4.0%
[35m[MSG][0m itr   283, best 5580.3066, time  408.0, minPhero 0.01(232), stagnancy 4.3%
[35m[MSG][0m itr   284, best 5580.3066, time  409.4, minPhero 0.01(232), stagnancy 4.7%
[35m[MSG][0m itr   285, best 5580.3066, time  410.8, minPhero 0.01(232), stagnancy 5.0%
[35m[MSG][0m itr   286, best 5580.3066, time  412.2, minPhero 0.01(232), stagnancy 5.3%
[35m[MSG][0m itr   287, best 5580.3066, time  413.7, minPhero 0.01(232), stagnancy 5.7%
[35m[MSG][0m itr   288, best 5580.3066, time  415.1, minPhero 0.01(232), stagnancy 6.0%
[35m[MSG][0m itr   289, best 5580.3066, time  416.6, minPhero 0.01(232), stagnancy 6.3%
[35m[MSG][0m itr   290, best 5580.3066, time  418.0, minPhero 0.01(232), stagnancy 6.7%
[35m[MSG][0m itr   291, best 5580.3066, time  419.5, minPhero 0.01(232), stagnancy 7.0%
[35m[MSG][0m itr   292, best 5580.3066, time  420.9, minPhero 0.01(232), stagnancy 7.3%
[35m[MSG][0m itr   293, best 5580.3066, time  422.3, minPhero 0.01(232), stagnancy 7.7%
[35m[MSG][0m itr   294, best 5580.3066, time  423.8, minPhero 0.01(232), stagnancy 8.0%
[35m[MSG][0m itr   295, best 5580.3066, time  425.2, minPhero 0.01(232), stagnancy 8.3%
[35m[MSG][0m itr   296, best 5580.3066, time  426.6, minPhero 0.01(232), stagnancy 8.7%
[35m[MSG][0m itr   297, best 5580.3066, time  428.1, minPhero 0.01(232), stagnancy 9.0%
[35m[MSG][0m itr   298, best 5580.3066, time  429.6, minPhero 0.01(232), stagnancy 9.3%
[35m[MSG][0m itr   299, best 5580.3066, time  431.0, minPhero 0.01(232), stagnancy 9.7%
[35m[MSG][0m itr   300, best 5580.3066, time  432.4, minPhero 0.01(232), stagnancy 10.0%
[35m[MSG][0m itr   301, best 5580.3066, time  433.9, minPhero 0.01(232), stagnancy 10.3%
[35m[MSG][0m itr   302, best 5580.3066, time  435.3, minPhero 0.01(232), stagnancy 10.7%
[35m[MSG][0m itr   303, best 5580.3066, time  436.7, minPhero 0.01(232), stagnancy 11.0%
[35m[MSG][0m itr   304, best 5580.3066, time  438.2, minPhero 0.01(232), stagnancy 11.3%
[35m[MSG][0m itr   305, best 5580.3066, time  439.6, minPhero 0.01(232), stagnancy 11.7%
[35m[MSG][0m itr   306, best 5580.3066, time  441.1, minPhero 0.01(232), stagnancy 12.0%
[35m[MSG][0m itr   307, best 5580.3066, time  442.5, minPhero 0.01(232), stagnancy 12.3%
[35m[MSG][0m itr   308, best 5580.3066, time  444.0, minPhero 0.01(232), stagnancy 12.7%
[35m[MSG][0m itr   309, best 5580.3066, time  445.4, minPhero 0.01(232), stagnancy 13.0%
[35m[MSG][0m itr   310, best 5580.3066, time  446.8, minPhero 0.01(232), stagnancy 13.3%
[35m[MSG][0m itr   311, best 5580.3066, time  448.3, minPhero 0.01(232), stagnancy 13.7%
[35m[MSG][0m itr   312, best 5580.3066, time  449.7, minPhero 0.01(232), stagnancy 14.0%
[35m[MSG][0m itr   313, best 5580.3066, time  451.2, minPhero 0.01(232), stagnancy 14.3%
[35m[MSG][0m itr   314, best 5580.3066, time  452.6, minPhero 0.01(232), stagnancy 14.7%
[35m[MSG][0m itr   315, best 5580.3066, time  454.0, minPhero 0.01(232), stagnancy 15.0%
[35m[MSG][0m itr   316, best 5580.3066, time  455.5, minPhero 0.01(232), stagnancy 15.3%
[35m[MSG][0m itr   317, best 5580.3066, time  457.0, minPhero 0.01(232), stagnancy 15.7%
[35m[MSG][0m itr   318, best 5580.3066, time  458.4, minPhero 0.01(232), stagnancy 16.0%
[35m[MSG][0m itr   319, best 5580.3066, time  459.8, minPhero 0.01(232), stagnancy 16.3%
[35m[MSG][0m itr   320, best 5580.3066, time  461.2, minPhero 0.01(232), stagnancy 16.7%
[35m[MSG][0m itr   321, best 5580.3066, time  462.7, minPhero 0.01(232), stagnancy 17.0%
[35m[MSG][0m itr   322, best 5580.3066, time  464.1, minPhero 0.01(232), stagnancy 17.3%
[35m[MSG][0m itr   323, best 5580.3066, time  465.5, minPhero 0.01(232), stagnancy 17.7%
[35m[MSG][0m itr   324, best 5580.3066, time  466.9, minPhero 0.01(232), stagnancy 18.0%
[35m[MSG][0m itr   325, best 5576.7373, time  468.4, minPhero 0.01(243), stagnancy 0.0%
[35m[MSG][0m itr   326, best 5576.7373, time  469.8, minPhero 0.01(243), stagnancy 0.3%
[35m[MSG][0m itr   327, best 5576.7373, time  471.3, minPhero 0.01(243), stagnancy 0.7%
[35m[MSG][0m itr   328, best 5576.7373, time  472.7, minPhero 0.01(243), stagnancy 1.0%
[35m[MSG][0m itr   329, best 5576.7373, time  474.2, minPhero 0.01(243), stagnancy 1.3%
[35m[MSG][0m itr   330, best 5574.1348, time  475.6, minPhero 0.01(243), stagnancy 0.0%
[35m[MSG][0m itr   331, best 5574.1348, time  477.0, minPhero 0.01(243), stagnancy 0.3%
[35m[MSG][0m itr   332, best 5574.1348, time  478.5, minPhero 0.01(243), stagnancy 0.7%
[35m[MSG][0m itr   333, best 5574.1348, time  479.9, minPhero 0.01(243), stagnancy 1.0%
[35m[MSG][0m itr   334, best 5574.1348, time  481.4, minPhero 0.01(243), stagnancy 1.3%
[35m[MSG][0m itr   335, best 5573.9800, time  482.8, minPhero 0.01(244), stagnancy 0.0%
[35m[MSG][0m itr   336, best 5573.9800, time  484.3, minPhero 0.01(244), stagnancy 0.3%
[35m[MSG][0m itr   337, best 5573.9795, time  485.7, minPhero 0.01(244), stagnancy 0.0%
[35m[MSG][0m itr   338, best 5573.9795, time  487.2, minPhero 0.01(244), stagnancy 0.3%
[35m[MSG][0m itr   339, best 5573.9795, time  488.6, minPhero 0.01(244), stagnancy 0.7%
[35m[MSG][0m itr   340, best 5573.9795, time  490.1, minPhero 0.01(244), stagnancy 1.0%
[35m[MSG][0m itr   341, best 5573.0293, time  491.5, minPhero 0.01(247), stagnancy 0.0%
[35m[MSG][0m itr   342, best 5572.8740, time  493.0, minPhero 0.01(247), stagnancy 0.0%
[35m[MSG][0m itr   343, best 5572.8740, time  494.4, minPhero 0.01(247), stagnancy 0.3%
[35m[MSG][0m itr   344, best 5572.1782, time  495.8, minPhero 0.01(248), stagnancy 0.0%
[35m[MSG][0m itr   345, best 5572.1782, time  497.3, minPhero 0.01(248), stagnancy 0.3%
[35m[MSG][0m itr   346, best 5572.1782, time  498.7, minPhero 0.01(248), stagnancy 0.7%
[35m[MSG][0m itr   347, best 5572.1782, time  500.1, minPhero 0.01(242), stagnancy 1.0%
[35m[MSG][0m itr   348, best 5572.1782, time  501.6, minPhero 0.01(242), stagnancy 1.3%
[35m[MSG][0m itr   349, best 5572.1782, time  503.0, minPhero 0.01(240), stagnancy 1.7%
[35m[MSG][0m itr   350, best 5572.1782, time  504.5, minPhero 0.01(240), stagnancy 2.0%
[35m[MSG][0m itr   351, best 5572.1782, time  505.9, minPhero 0.01(240), stagnancy 2.3%
[35m[MSG][0m itr   352, best 5572.1782, time  507.4, minPhero 0.01(240), stagnancy 2.7%
[35m[MSG][0m itr   353, best 5572.1782, time  508.8, minPhero 0.01(240), stagnancy 3.0%
[35m[MSG][0m itr   354, best 5572.1782, time  510.3, minPhero 0.01(240), stagnancy 3.3%
[35m[MSG][0m itr   355, best 5572.1782, time  511.7, minPhero 0.01(240), stagnancy 3.7%
[35m[MSG][0m itr   356, best 5572.1782, time  513.2, minPhero 0.01(240), stagnancy 4.0%
[35m[MSG][0m itr   357, best 5572.1782, time  514.7, minPhero 0.01(240), stagnancy 4.3%
[35m[MSG][0m itr   358, best 5572.1782, time  516.2, minPhero 0.01(240), stagnancy 4.7%
[35m[MSG][0m itr   359, best 5572.1782, time  517.6, minPhero 0.01(239), stagnancy 5.0%
[35m[MSG][0m itr   360, best 5572.1782, time  519.0, minPhero 0.01(239), stagnancy 5.3%
[35m[MSG][0m itr   361, best 5572.1782, time  520.5, minPhero 0.01(238), stagnancy 5.7%
[35m[MSG][0m itr   362, best 5572.1782, time  521.9, minPhero 0.01(238), stagnancy 6.0%
[35m[MSG][0m itr   363, best 5572.1782, time  523.4, minPhero 0.01(234), stagnancy 6.3%
[35m[MSG][0m itr   364, best 5572.1782, time  524.8, minPhero 0.01(233), stagnancy 6.7%
[35m[MSG][0m itr   365, best 5572.1782, time  526.2, minPhero 0.01(233), stagnancy 7.0%
[35m[MSG][0m itr   366, best 5572.1782, time  527.7, minPhero 0.01(232), stagnancy 7.3%
[35m[MSG][0m itr   367, best 5572.1782, time  529.1, minPhero 0.01(232), stagnancy 7.7%
[35m[MSG][0m itr   368, best 5572.1782, time  530.5, minPhero 0.01(232), stagnancy 8.0%
[35m[MSG][0m itr   369, best 5572.1782, time  532.0, minPhero 0.01(232), stagnancy 8.3%
[35m[MSG][0m itr   370, best 5572.1782, time  533.4, minPhero 0.01(232), stagnancy 8.7%
[35m[MSG][0m itr   371, best 5572.1782, time  534.9, minPhero 0.01(232), stagnancy 9.0%
[35m[MSG][0m itr   372, best 5572.1782, time  536.4, minPhero 0.01(232), stagnancy 9.3%
[35m[MSG][0m itr   373, best 5572.1782, time  537.8, minPhero 0.01(232), stagnancy 9.7%
[35m[MSG][0m itr   374, best 5572.1782, time  539.3, minPhero 0.01(232), stagnancy 10.0%
[35m[MSG][0m itr   375, best 5572.1782, time  540.7, minPhero 0.01(232), stagnancy 10.3%
[35m[MSG][0m itr   376, best 5572.1782, time  542.1, minPhero 0.01(232), stagnancy 10.7%
[35m[MSG][0m itr   377, best 5572.1782, time  543.6, minPhero 0.01(232), stagnancy 11.0%
[35m[MSG][0m itr   378, best 5572.1782, time  545.0, minPhero 0.01(232), stagnancy 11.3%
[35m[MSG][0m itr   379, best 5572.1782, time  546.4, minPhero 0.01(232), stagnancy 11.7%
[35m[MSG][0m itr   380, best 5572.1782, time  547.9, minPhero 0.01(232), stagnancy 12.0%
[35m[MSG][0m itr   381, best 5572.1782, time  549.3, minPhero 0.01(232), stagnancy 12.3%
[35m[MSG][0m itr   382, best 5572.1782, time  550.7, minPhero 0.01(232), stagnancy 12.7%
[35m[MSG][0m itr   383, best 5572.1782, time  552.1, minPhero 0.01(232), stagnancy 13.0%
[35m[MSG][0m itr   384, best 5572.1782, time  553.6, minPhero 0.01(232), stagnancy 13.3%
[35m[MSG][0m itr   385, best 5572.1782, time  555.0, minPhero 0.01(232), stagnancy 13.7%
[35m[MSG][0m itr   386, best 5572.1782, time  556.5, minPhero 0.01(232), stagnancy 14.0%
[35m[MSG][0m itr   387, best 5572.1782, time  557.9, minPhero 0.01(232), stagnancy 14.3%
[35m[MSG][0m itr   388, best 5572.1782, time  559.3, minPhero 0.01(232), stagnancy 14.7%
[35m[MSG][0m itr   389, best 5572.1782, time  560.8, minPhero 0.01(232), stagnancy 15.0%
[35m[MSG][0m itr   390, best 5572.1782, time  562.2, minPhero 0.01(232), stagnancy 15.3%
[35m[MSG][0m itr   391, best 5572.1782, time  563.7, minPhero 0.01(232), stagnancy 15.7%
[35m[MSG][0m itr   392, best 5572.1782, time  565.1, minPhero 0.01(232), stagnancy 16.0%
[35m[MSG][0m itr   393, best 5572.1782, time  566.6, minPhero 0.01(232), stagnancy 16.3%
[35m[MSG][0m itr   394, best 5572.1782, time  568.0, minPhero 0.01(232), stagnancy 16.7%
[35m[MSG][0m itr   395, best 5572.1782, time  569.4, minPhero 0.01(232), stagnancy 17.0%
[35m[MSG][0m itr   396, best 5572.1782, time  570.9, minPhero 0.01(232), stagnancy 17.3%
[35m[MSG][0m itr   397, best 5572.1782, time  572.3, minPhero 0.01(232), stagnancy 17.7%
[35m[MSG][0m itr   398, best 5572.1782, time  573.7, minPhero 0.01(232), stagnancy 18.0%
[35m[MSG][0m itr   399, best 5572.1782, time  575.2, minPhero 0.01(232), stagnancy 18.3%
[35m[MSG][0m itr   400, best 5572.1777, time  576.7, minPhero 0.01(232), stagnancy 0.0%
[35m[MSG][0m itr   401, best 5572.1777, time  578.1, minPhero 0.01(232), stagnancy 0.3%
[35m[MSG][0m itr   402, best 5572.1777, time  579.5, minPhero 0.01(232), stagnancy 0.7%
[35m[MSG][0m itr   403, best 5572.1777, time  581.0, minPhero 0.01(232), stagnancy 1.0%
[35m[MSG][0m itr   404, best 5572.1777, time  582.4, minPhero 0.01(232), stagnancy 1.3%
[35m[MSG][0m itr   405, best 5572.1777, time  583.8, minPhero 0.01(232), stagnancy 1.7%
[35m[MSG][0m itr   406, best 5572.1777, time  585.3, minPhero 0.01(232), stagnancy 2.0%
[35m[MSG][0m itr   407, best 5572.1777, time  586.7, minPhero 0.01(232), stagnancy 2.3%
[35m[MSG][0m itr   408, best 5572.1777, time  588.1, minPhero 0.01(232), stagnancy 2.7%
[35m[MSG][0m itr   409, best 5572.1777, time  589.6, minPhero 0.01(232), stagnancy 3.0%
[35m[MSG][0m itr   410, best 5572.1777, time  591.0, minPhero 0.01(232), stagnancy 3.3%
[35m[MSG][0m itr   411, best 5572.1777, time  592.5, minPhero 0.01(232), stagnancy 3.7%
[35m[MSG][0m itr   412, best 5572.1777, time  593.9, minPhero 0.01(232), stagnancy 4.0%
[35m[MSG][0m itr   413, best 5572.1777, time  595.3, minPhero 0.01(232), stagnancy 4.3%
[35m[MSG][0m itr   414, best 5572.1777, time  596.8, minPhero 0.01(232), stagnancy 4.7%
[35m[MSG][0m itr   415, best 5572.1777, time  598.2, minPhero 0.01(232), stagnancy 5.0%
[35m[MSG][0m itr   416, best 5572.1777, time  599.6, minPhero 0.01(232), stagnancy 5.3%
[35m[MSG][0m itr   417, best 5572.1777, time  601.1, minPhero 0.01(232), stagnancy 5.7%
[35m[MSG][0m itr   418, best 5572.1777, time  602.5, minPhero 0.01(232), stagnancy 6.0%
[35m[MSG][0m itr   419, best 5572.1777, time  603.9, minPhero 0.01(232), stagnancy 6.3%
[35m[MSG][0m itr   420, best 5572.1777, time  605.3, minPhero 0.01(232), stagnancy 6.7%
[35m[MSG][0m itr   421, best 5572.1777, time  606.8, minPhero 0.01(232), stagnancy 7.0%
[35m[MSG][0m itr   422, best 5572.1777, time  608.2, minPhero 0.01(232), stagnancy 7.3%
[35m[MSG][0m itr   423, best 5572.1777, time  609.7, minPhero 0.01(232), stagnancy 7.7%
[35m[MSG][0m itr   424, best 5572.1777, time  611.1, minPhero 0.01(232), stagnancy 8.0%
[35m[MSG][0m itr   425, best 5572.1777, time  612.5, minPhero 0.01(232), stagnancy 8.3%
[35m[MSG][0m itr   426, best 5572.1777, time  614.0, minPhero 0.01(232), stagnancy 8.7%
[35m[MSG][0m itr   427, best 5572.1777, time  615.4, minPhero 0.01(232), stagnancy 9.0%
[35m[MSG][0m itr   428, best 5572.1777, time  616.9, minPhero 0.01(232), stagnancy 9.3%
[35m[MSG][0m itr   429, best 5572.1777, time  618.3, minPhero 0.01(232), stagnancy 9.7%
[35m[MSG][0m itr   430, best 5572.1777, time  619.7, minPhero 0.01(232), stagnancy 10.0%
[35m[MSG][0m itr   431, best 5572.1777, time  621.2, minPhero 0.01(232), stagnancy 10.3%
[35m[MSG][0m itr   432, best 5572.1777, time  622.6, minPhero 0.01(232), stagnancy 10.7%
[35m[MSG][0m itr   433, best 5572.1777, time  624.1, minPhero 0.01(232), stagnancy 11.0%
[35m[MSG][0m itr   434, best 5572.1777, time  625.5, minPhero 0.01(232), stagnancy 11.3%
[35m[MSG][0m itr   435, best 5572.1777, time  626.9, minPhero 0.01(232), stagnancy 11.7%
[35m[MSG][0m itr   436, best 5572.1777, time  628.4, minPhero 0.01(232), stagnancy 12.0%
[35m[MSG][0m itr   437, best 5572.1777, time  629.8, minPhero 0.01(232), stagnancy 12.3%
[35m[MSG][0m itr   438, best 5572.1777, time  631.3, minPhero 0.01(232), stagnancy 12.7%
[35m[MSG][0m itr   439, best 5572.1777, time  632.7, minPhero 0.01(232), stagnancy 13.0%
[35m[MSG][0m itr   440, best 5572.1777, time  634.0, minPhero 0.01(232), stagnancy 13.3%
[35m[MSG][0m itr   441, best 5572.1777, time  635.5, minPhero 0.01(232), stagnancy 13.7%
[35m[MSG][0m itr   442, best 5572.1777, time  636.8, minPhero 0.01(232), stagnancy 14.0%
[35m[MSG][0m itr   443, best 5572.1777, time  638.3, minPhero 0.01(232), stagnancy 14.3%
[35m[MSG][0m itr   444, best 5572.1777, time  639.6, minPhero 0.01(232), stagnancy 14.7%
[35m[MSG][0m itr   445, best 5572.1777, time  641.0, minPhero 0.01(232), stagnancy 15.0%
[35m[MSG][0m itr   446, best 5572.1777, time  642.4, minPhero 0.01(232), stagnancy 15.3%
[35m[MSG][0m itr   447, best 5572.1777, time  643.9, minPhero 0.01(232), stagnancy 15.7%
[35m[MSG][0m itr   448, best 5572.1777, time  645.3, minPhero 0.01(232), stagnancy 16.0%
[35m[MSG][0m itr   449, best 5572.1777, time  646.7, minPhero 0.01(232), stagnancy 16.3%
[35m[MSG][0m itr   450, best 5572.1777, time  648.1, minPhero 0.01(232), stagnancy 16.7%
[35m[MSG][0m itr   451, best 5572.1777, time  649.4, minPhero 0.01(232), stagnancy 17.0%
[35m[MSG][0m itr   452, best 5572.1777, time  650.9, minPhero 0.01(232), stagnancy 17.3%
[35m[MSG][0m itr   453, best 5572.1777, time  652.3, minPhero 0.01(232), stagnancy 17.7%
[35m[MSG][0m itr   454, best 5572.1777, time  653.7, minPhero 0.01(232), stagnancy 18.0%
[35m[MSG][0m itr   455, best 5572.1777, time  655.1, minPhero 0.01(232), stagnancy 18.3%
[35m[MSG][0m itr   456, best 5572.1777, time  656.4, minPhero 0.01(232), stagnancy 18.7%
[35m[MSG][0m itr   457, best 5572.1777, time  657.8, minPhero 0.01(232), stagnancy 19.0%
[35m[MSG][0m itr   458, best 5572.1777, time  659.1, minPhero 0.01(232), stagnancy 19.3%
[35m[MSG][0m itr   459, best 5572.1777, time  660.6, minPhero 0.01(232), stagnancy 19.7%
[35m[MSG][0m itr   460, best 5572.1777, time  662.0, minPhero 0.01(232), stagnancy 20.0%
[35m[MSG][0m itr   461, best 5572.1777, time  663.5, minPhero 0.01(232), stagnancy 20.3%
[35m[MSG][0m itr   462, best 5572.1777, time  664.9, minPhero 0.01(232), stagnancy 20.7%
[35m[MSG][0m itr   463, best 5572.1777, time  666.3, minPhero 0.01(232), stagnancy 21.0%
[35m[MSG][0m itr   464, best 5572.1777, time  667.8, minPhero 0.01(232), stagnancy 21.3%
[35m[MSG][0m itr   465, best 5572.1777, time  669.2, minPhero 0.01(232), stagnancy 21.7%
[35m[MSG][0m itr   466, best 5572.1777, time  670.7, minPhero 0.01(232), stagnancy 22.0%
[35m[MSG][0m itr   467, best 5572.1777, time  672.1, minPhero 0.01(232), stagnancy 22.3%
[35m[MSG][0m itr   468, best 5572.1777, time  673.5, minPhero 0.01(232), stagnancy 22.7%
[35m[MSG][0m itr   469, best 5572.1777, time  675.0, minPhero 0.01(232), stagnancy 23.0%
[35m[MSG][0m itr   470, best 5572.1777, time  676.4, minPhero 0.01(232), stagnancy 23.3%
[35m[MSG][0m itr   471, best 5572.1777, time  677.9, minPhero 0.01(232), stagnancy 23.7%
[35m[MSG][0m itr   472, best 5572.1777, time  679.4, minPhero 0.01(232), stagnancy 24.0%
[35m[MSG][0m itr   473, best 5572.1777, time  680.8, minPhero 0.01(232), stagnancy 24.3%
[35m[MSG][0m itr   474, best 5572.1777, time  682.3, minPhero 0.01(232), stagnancy 24.7%
[35m[MSG][0m itr   475, best 5572.1777, time  683.7, minPhero 0.01(232), stagnancy 25.0%
[35m[MSG][0m itr   476, best 5572.1777, time  685.2, minPhero 0.01(232), stagnancy 25.3%
[35m[MSG][0m itr   477, best 5572.1777, time  686.6, minPhero 0.01(232), stagnancy 25.7%
[35m[MSG][0m itr   478, best 5572.1777, time  688.0, minPhero 0.01(232), stagnancy 26.0%
[35m[MSG][0m itr   479, best 5572.1777, time  689.3, minPhero 0.01(232), stagnancy 26.3%
[35m[MSG][0m itr   480, best 5572.1777, time  690.8, minPhero 0.01(232), stagnancy 26.7%
[35m[MSG][0m itr   481, best 5572.1777, time  692.2, minPhero 0.01(232), stagnancy 27.0%
[35m[MSG][0m itr   482, best 5572.1777, time  693.6, minPhero 0.01(232), stagnancy 27.3%
[35m[MSG][0m itr   483, best 5572.1777, time  695.1, minPhero 0.01(232), stagnancy 27.7%
[35m[MSG][0m itr   484, best 5572.1777, time  696.5, minPhero 0.01(232), stagnancy 28.0%
[35m[MSG][0m itr   485, best 5572.1777, time  697.9, minPhero 0.01(232), stagnancy 28.3%
[35m[MSG][0m itr   486, best 5572.1777, time  699.4, minPhero 0.01(232), stagnancy 28.7%
[35m[MSG][0m itr   487, best 5572.1777, time  700.8, minPhero 0.01(232), stagnancy 29.0%
[35m[MSG][0m itr   488, best 5572.1777, time  702.2, minPhero 0.01(232), stagnancy 29.3%
[35m[MSG][0m itr   489, best 5572.1777, time  703.7, minPhero 0.01(232), stagnancy 29.7%
[35m[MSG][0m itr   490, best 5572.1777, time  705.1, minPhero 0.01(232), stagnancy 30.0%
[35m[MSG][0m itr   491, best 5572.1777, time  706.5, minPhero 0.01(232), stagnancy 30.3%
[35m[MSG][0m itr   492, best 5572.1777, time  707.9, minPhero 0.01(232), stagnancy 30.7%
[35m[MSG][0m itr   493, best 5572.1777, time  709.3, minPhero 0.01(232), stagnancy 31.0%
[35m[MSG][0m itr   494, best 5572.1777, time  710.7, minPhero 0.01(232), stagnancy 31.3%
[35m[MSG][0m itr   495, best 5572.1777, time  712.2, minPhero 0.01(232), stagnancy 31.7%
[35m[MSG][0m itr   496, best 5572.1777, time  713.6, minPhero 0.01(232), stagnancy 32.0%
[35m[MSG][0m itr   497, best 5572.1777, time  715.0, minPhero 0.01(232), stagnancy 32.3%
[35m[MSG][0m itr   498, best 5572.1777, time  716.5, minPhero 0.01(232), stagnancy 32.7%
[35m[MSG][0m itr   499, best 5572.1777, time  717.9, minPhero 0.01(232), stagnancy 33.0%
[35m[MSG][0m itr   500, best 5572.1777, time  719.4, minPhero 0.01(232), stagnancy 33.3%
[35m[MSG][0m itr   501, best 5572.1777, time  720.8, minPhero 0.01(232), stagnancy 33.7%
[35m[MSG][0m itr   502, best 5572.1777, time  722.3, minPhero 0.01(232), stagnancy 34.0%
[35m[MSG][0m itr   503, best 5572.1777, time  723.7, minPhero 0.01(232), stagnancy 34.3%
[35m[MSG][0m itr   504, best 5572.1777, time  725.1, minPhero 0.01(232), stagnancy 34.7%
[35m[MSG][0m itr   505, best 5572.1777, time  726.6, minPhero 0.01(232), stagnancy 35.0%
[35m[MSG][0m itr   506, best 5572.1777, time  727.9, minPhero 0.01(232), stagnancy 35.3%
[35m[MSG][0m itr   507, best 5572.1777, time  729.3, minPhero 0.01(232), stagnancy 35.7%
[35m[MSG][0m itr   508, best 5572.1777, time  730.8, minPhero 0.01(232), stagnancy 36.0%
[35m[MSG][0m itr   509, best 5572.1777, time  732.2, minPhero 0.01(232), stagnancy 36.3%
[35m[MSG][0m itr   510, best 5572.1777, time  733.6, minPhero 0.01(232), stagnancy 36.7%
[35m[MSG][0m itr   511, best 5572.1777, time  734.9, minPhero 0.01(232), stagnancy 37.0%
[35m[MSG][0m itr   512, best 5572.1777, time  736.3, minPhero 0.01(232), stagnancy 37.3%
[35m[MSG][0m itr   513, best 5572.1777, time  737.7, minPhero 0.01(232), stagnancy 37.7%
[35m[MSG][0m itr   514, best 5572.1777, time  739.2, minPhero 0.01(232), stagnancy 38.0%
[35m[MSG][0m itr   515, best 5572.1777, time  740.6, minPhero 0.01(232), stagnancy 38.3%
[35m[MSG][0m itr   516, best 5572.1777, time  742.1, minPhero 0.01(232), stagnancy 38.7%
[35m[MSG][0m itr   517, best 5572.1777, time  743.5, minPhero 0.01(232), stagnancy 39.0%
[35m[MSG][0m itr   518, best 5572.1777, time  744.9, minPhero 0.01(232), stagnancy 39.3%
[35m[MSG][0m itr   519, best 5572.1777, time  746.4, minPhero 0.01(232), stagnancy 39.7%
[35m[MSG][0m itr   520, best 5572.1777, time  747.7, minPhero 0.01(232), stagnancy 40.0%
[35m[MSG][0m itr   521, best 5572.1777, time  749.1, minPhero 0.01(232), stagnancy 40.3%
[35m[MSG][0m itr   522, best 5572.1777, time  750.5, minPhero 0.01(232), stagnancy 40.7%
[35m[MSG][0m itr   523, best 5572.1777, time  752.0, minPhero 0.01(232), stagnancy 41.0%
[35m[MSG][0m itr   524, best 5572.1777, time  753.4, minPhero 0.01(232), stagnancy 41.3%
[35m[MSG][0m itr   525, best 5572.1777, time  754.9, minPhero 0.01(232), stagnancy 41.7%
[35m[MSG][0m itr   526, best 5572.1777, time  756.3, minPhero 0.01(232), stagnancy 42.0%
[35m[MSG][0m itr   527, best 5572.1777, time  757.8, minPhero 0.01(232), stagnancy 42.3%
[35m[MSG][0m itr   528, best 5572.1777, time  759.2, minPhero 0.01(232), stagnancy 42.7%
[35m[MSG][0m itr   529, best 5572.1777, time  760.6, minPhero 0.01(232), stagnancy 43.0%
[35m[MSG][0m itr   530, best 5572.1777, time  762.1, minPhero 0.01(232), stagnancy 43.3%
[35m[MSG][0m itr   531, best 5572.1777, time  763.5, minPhero 0.01(232), stagnancy 43.7%
[35m[MSG][0m itr   532, best 5572.1777, time  765.0, minPhero 0.01(232), stagnancy 44.0%
[35m[MSG][0m itr   533, best 5572.1777, time  766.5, minPhero 0.01(232), stagnancy 44.3%
[35m[MSG][0m itr   534, best 5572.1777, time  767.9, minPhero 0.01(232), stagnancy 44.7%
[35m[MSG][0m itr   535, best 5572.1777, time  769.4, minPhero 0.01(232), stagnancy 45.0%
[35m[MSG][0m itr   536, best 5572.1777, time  770.8, minPhero 0.01(232), stagnancy 45.3%
[35m[MSG][0m itr   537, best 5572.1777, time  772.2, minPhero 0.01(232), stagnancy 45.7%
[35m[MSG][0m itr   538, best 5572.1777, time  773.7, minPhero 0.01(232), stagnancy 46.0%
[35m[MSG][0m itr   539, best 5572.1777, time  775.1, minPhero 0.01(232), stagnancy 46.3%
[35m[MSG][0m itr   540, best 5572.1777, time  776.5, minPhero 0.01(232), stagnancy 46.7%
[35m[MSG][0m itr   541, best 5572.1777, time  778.0, minPhero 0.01(232), stagnancy 47.0%
[35m[MSG][0m itr   542, best 5572.1777, time  779.4, minPhero 0.01(232), stagnancy 47.3%
[35m[MSG][0m itr   543, best 5572.1777, time  780.9, minPhero 0.01(232), stagnancy 47.7%
[35m[MSG][0m itr   544, best 5572.1777, time  782.3, minPhero 0.01(232), stagnancy 48.0%
[35m[MSG][0m itr   545, best 5572.1777, time  783.8, minPhero 0.01(232), stagnancy 48.3%
[35m[MSG][0m itr   546, best 5572.1777, time  785.2, minPhero 0.01(232), stagnancy 48.7%
[35m[MSG][0m itr   547, best 5572.1777, time  786.7, minPhero 0.01(232), stagnancy 49.0%
[35m[MSG][0m itr   548, best 5572.1777, time  788.0, minPhero 0.01(232), stagnancy 49.3%
[35m[MSG][0m itr   549, best 5572.1777, time  789.4, minPhero 0.01(232), stagnancy 49.7%
[35m[MSG][0m itr   550, best 5572.1777, time  790.8, minPhero 0.01(232), stagnancy 50.0%
[35m[MSG][0m itr   551, best 5572.1777, time  792.3, minPhero 0.01(232), stagnancy 50.3%
[35m[MSG][0m itr   552, best 5572.1777, time  793.7, minPhero 0.01(232), stagnancy 50.7%
[35m[MSG][0m itr   553, best 5572.1777, time  795.2, minPhero 0.01(232), stagnancy 51.0%
[35m[MSG][0m itr   554, best 5572.1777, time  796.6, minPhero 0.01(232), stagnancy 51.3%
[35m[MSG][0m itr   555, best 5572.1777, time  798.1, minPhero 0.01(232), stagnancy 51.7%
[35m[MSG][0m itr   556, best 5572.1777, time  799.5, minPhero 0.01(232), stagnancy 52.0%
[35m[MSG][0m itr   557, best 5572.1777, time  801.0, minPhero 0.01(232), stagnancy 52.3%
[35m[MSG][0m itr   558, best 5572.1777, time  802.4, minPhero 0.01(232), stagnancy 52.7%
[35m[MSG][0m itr   559, best 5572.1777, time  803.8, minPhero 0.01(232), stagnancy 53.0%
[35m[MSG][0m itr   560, best 5572.1777, time  805.3, minPhero 0.01(232), stagnancy 53.3%
[35m[MSG][0m itr   561, best 5572.1777, time  806.7, minPhero 0.01(232), stagnancy 53.7%
[35m[MSG][0m itr   562, best 5572.1777, time  808.0, minPhero 0.01(232), stagnancy 54.0%
[35m[MSG][0m itr   563, best 5572.1777, time  809.4, minPhero 0.01(232), stagnancy 54.3%
[35m[MSG][0m itr   564, best 5572.1777, time  810.9, minPhero 0.01(232), stagnancy 54.7%
[35m[MSG][0m itr   565, best 5572.1777, time  812.3, minPhero 0.01(232), stagnancy 55.0%
[35m[MSG][0m itr   566, best 5572.1777, time  813.7, minPhero 0.01(232), stagnancy 55.3%
[35m[MSG][0m itr   567, best 5572.1777, time  815.2, minPhero 0.01(232), stagnancy 55.7%
[35m[MSG][0m itr   568, best 5572.1777, time  816.6, minPhero 0.01(232), stagnancy 56.0%
[35m[MSG][0m itr   569, best 5572.1777, time  818.1, minPhero 0.01(232), stagnancy 56.3%
[35m[MSG][0m itr   570, best 5572.1777, time  819.5, minPhero 0.01(232), stagnancy 56.7%
[35m[MSG][0m itr   571, best 5572.1777, time  820.9, minPhero 0.01(232), stagnancy 57.0%
[35m[MSG][0m itr   572, best 5572.1777, time  822.4, minPhero 0.01(232), stagnancy 57.3%
[35m[MSG][0m itr   573, best 5572.1777, time  823.8, minPhero 0.01(232), stagnancy 57.7%
[35m[MSG][0m itr   574, best 5572.1777, time  825.3, minPhero 0.01(232), stagnancy 58.0%
[35m[MSG][0m itr   575, best 5572.1777, time  826.7, minPhero 0.01(232), stagnancy 58.3%
[35m[MSG][0m itr   576, best 5572.1777, time  828.1, minPhero 0.01(232), stagnancy 58.7%
[35m[MSG][0m itr   577, best 5572.1777, time  829.6, minPhero 0.01(232), stagnancy 59.0%
[35m[MSG][0m itr   578, best 5572.1777, time  831.0, minPhero 0.01(232), stagnancy 59.3%
[35m[MSG][0m itr   579, best 5572.1777, time  832.4, minPhero 0.01(232), stagnancy 59.7%
[35m[MSG][0m itr   580, best 5572.1777, time  833.9, minPhero 0.01(232), stagnancy 60.0%
[35m[MSG][0m itr   581, best 5572.1777, time  835.3, minPhero 0.01(232), stagnancy 60.3%
[35m[MSG][0m itr   582, best 5572.1777, time  836.8, minPhero 0.01(232), stagnancy 60.7%
[35m[MSG][0m itr   583, best 5572.1777, time  838.2, minPhero 0.01(232), stagnancy 61.0%
[35m[MSG][0m itr   584, best 5572.1777, time  839.7, minPhero 0.01(232), stagnancy 61.3%
[35m[MSG][0m itr   585, best 5570.2715, time  841.1, minPhero 0.01(240), stagnancy 0.0%
[35m[MSG][0m itr   586, best 5570.2715, time  842.6, minPhero 0.01(240), stagnancy 0.3%
[35m[MSG][0m itr   587, best 5570.2715, time  844.0, minPhero 0.01(240), stagnancy 0.7%
[35m[MSG][0m itr   588, best 5570.2715, time  845.5, minPhero 0.01(240), stagnancy 1.0%
[35m[MSG][0m itr   589, best 5570.2715, time  847.0, minPhero 0.01(240), stagnancy 1.3%
[35m[MSG][0m itr   590, best 5569.4946, time  848.4, minPhero 0.01(241), stagnancy 0.0%
[35m[MSG][0m itr   591, best 5569.4946, time  849.8, minPhero 0.01(241), stagnancy 0.3%
[35m[MSG][0m itr   592, best 5569.4946, time  851.3, minPhero 0.01(241), stagnancy 0.7%
[35m[MSG][0m itr   593, best 5563.2007, time  852.7, minPhero 0.01(248), stagnancy 0.0%
[35m[MSG][0m itr   594, best 5563.2007, time  854.2, minPhero 0.01(248), stagnancy 0.3%
[35m[MSG][0m itr   595, best 5561.2852, time  855.6, minPhero 0.01(248), stagnancy 0.0%
[35m[MSG][0m itr   596, best 5561.2852, time  857.0, minPhero 0.01(248), stagnancy 0.3%
[35m[MSG][0m itr   597, best 5561.2852, time  858.5, minPhero 0.01(248), stagnancy 0.7%
[35m[MSG][0m itr   598, best 5561.2852, time  860.0, minPhero 0.01(248), stagnancy 1.0%
[35m[MSG][0m itr   599, best 5561.2852, time  861.4, minPhero 0.01(248), stagnancy 1.3%
[35m[MSG][0m itr   600, best 5561.2852, time  862.9, minPhero 0.01(248), stagnancy 1.7%
[35m[MSG][0m itr   601, best 5561.2852, time  864.3, minPhero 0.01(248), stagnancy 2.0%
[35m[MSG][0m itr   602, best 5561.2852, time  865.8, minPhero 0.01(248), stagnancy 2.3%
[35m[MSG][0m itr   603, best 5561.2852, time  867.2, minPhero 0.01(248), stagnancy 2.7%
[35m[MSG][0m itr   604, best 5561.2852, time  868.7, minPhero 0.01(248), stagnancy 3.0%
[35m[MSG][0m itr   605, best 5561.2852, time  870.2, minPhero 0.01(248), stagnancy 3.3%
[35m[MSG][0m itr   606, best 5561.2852, time  871.6, minPhero 0.01(248), stagnancy 3.7%
[35m[MSG][0m itr   607, best 5561.2852, time  873.0, minPhero 0.01(244), stagnancy 4.0%
[35m[MSG][0m itr   608, best 5561.2852, time  874.5, minPhero 0.01(244), stagnancy 4.3%
[35m[MSG][0m itr   609, best 5561.2852, time  875.9, minPhero 0.01(242), stagnancy 4.7%
[35m[MSG][0m itr   610, best 5561.2852, time  877.4, minPhero 0.01(240), stagnancy 5.0%
[35m[MSG][0m itr   611, best 5561.2852, time  878.8, minPhero 0.01(240), stagnancy 5.3%
[35m[MSG][0m itr   612, best 5561.2852, time  880.3, minPhero 0.01(240), stagnancy 5.7%
[35m[MSG][0m itr   613, best 5561.2852, time  881.7, minPhero 0.01(235), stagnancy 6.0%
[35m[MSG][0m itr   614, best 5561.2852, time  883.2, minPhero 0.01(235), stagnancy 6.3%
[35m[MSG][0m itr   615, best 5561.2852, time  884.6, minPhero 0.01(232), stagnancy 6.7%
[35m[MSG][0m itr   616, best 5561.2852, time  886.1, minPhero 0.01(232), stagnancy 7.0%
[35m[MSG][0m itr   617, best 5561.2852, time  887.5, minPhero 0.01(232), stagnancy 7.3%
[35m[MSG][0m itr   618, best 5561.2852, time  889.0, minPhero 0.01(232), stagnancy 7.7%
[35m[MSG][0m itr   619, best 5561.2852, time  890.4, minPhero 0.01(232), stagnancy 8.0%
[35m[MSG][0m itr   620, best 5561.2852, time  891.8, minPhero 0.01(232), stagnancy 8.3%
[35m[MSG][0m itr   621, best 5560.7344, time  893.3, minPhero 0.01(237), stagnancy 0.0%
[35m[MSG][0m itr   622, best 5560.7344, time  894.7, minPhero 0.01(237), stagnancy 0.3%
[35m[MSG][0m itr   623, best 5560.7344, time  896.1, minPhero 0.01(237), stagnancy 0.7%
[35m[MSG][0m itr   624, best 5560.7344, time  897.5, minPhero 0.01(237), stagnancy 1.0%
[35m[MSG][0m itr   625, best 5560.7344, time  898.8, minPhero 0.01(237), stagnancy 1.3%
[35m[MSG][0m itr   626, best 5560.7344, time  900.3, minPhero 0.01(237), stagnancy 1.7%
[35m[MSG][0m itr   627, best 5560.7344, time  901.7, minPhero 0.01(237), stagnancy 2.0%
[35m[MSG][0m itr   628, best 5560.7344, time  903.2, minPhero 0.01(237), stagnancy 2.3%
[35m[MSG][0m itr   629, best 5560.7344, time  904.7, minPhero 0.01(237), stagnancy 2.7%
[35m[MSG][0m itr   630, best 5560.7344, time  906.1, minPhero 0.01(237), stagnancy 3.0%
[35m[MSG][0m itr   631, best 5560.7344, time  907.6, minPhero 0.01(237), stagnancy 3.3%
[35m[MSG][0m itr   632, best 5560.7344, time  909.0, minPhero 0.01(237), stagnancy 3.7%
[35m[MSG][0m itr   633, best 5560.7344, time  910.5, minPhero 0.01(237), stagnancy 4.0%
[35m[MSG][0m itr   634, best 5560.7344, time  911.9, minPhero 0.01(237), stagnancy 4.3%
[35m[MSG][0m itr   635, best 5560.7339, time  913.4, minPhero 0.01(237), stagnancy 0.0%
[35m[MSG][0m itr   636, best 5560.7339, time  914.7, minPhero 0.01(237), stagnancy 0.3%
[35m[MSG][0m itr   637, best 5560.7339, time  916.2, minPhero 0.01(237), stagnancy 0.7%
[35m[MSG][0m itr   638, best 5560.7339, time  917.6, minPhero 0.01(237), stagnancy 1.0%
[35m[MSG][0m itr   639, best 5560.7339, time  919.1, minPhero 0.01(237), stagnancy 1.3%
[35m[MSG][0m itr   640, best 5560.7339, time  920.5, minPhero 0.01(237), stagnancy 1.7%
[35m[MSG][0m itr   641, best 5560.7339, time  922.0, minPhero 0.01(237), stagnancy 2.0%
[35m[MSG][0m itr   642, best 5560.7339, time  923.4, minPhero 0.01(237), stagnancy 2.3%
[35m[MSG][0m itr   643, best 5560.7339, time  924.8, minPhero 0.01(232), stagnancy 2.7%
[35m[MSG][0m itr   644, best 5560.7339, time  926.2, minPhero 0.01(232), stagnancy 3.0%
[35m[MSG][0m itr   645, best 5560.7339, time  927.7, minPhero 0.01(232), stagnancy 3.3%
[35m[MSG][0m itr   646, best 5560.7339, time  929.1, minPhero 0.01(232), stagnancy 3.7%
[35m[MSG][0m itr   647, best 5560.7339, time  930.5, minPhero 0.01(232), stagnancy 4.0%
[35m[MSG][0m itr   648, best 5560.7339, time  932.0, minPhero 0.01(232), stagnancy 4.3%
[35m[MSG][0m itr   649, best 5560.7339, time  933.4, minPhero 0.01(232), stagnancy 4.7%
[35m[MSG][0m itr   650, best 5560.7339, time  934.9, minPhero 0.01(232), stagnancy 5.0%
[35m[MSG][0m itr   651, best 5560.7339, time  936.3, minPhero 0.01(232), stagnancy 5.3%
[35m[MSG][0m itr   652, best 5560.7339, time  937.7, minPhero 0.01(232), stagnancy 5.7%
[35m[MSG][0m itr   653, best 5560.7339, time  939.2, minPhero 0.01(232), stagnancy 6.0%
[35m[MSG][0m itr   654, best 5560.7339, time  940.6, minPhero 0.01(232), stagnancy 6.3%
[35m[MSG][0m itr   655, best 5560.7339, time  942.1, minPhero 0.01(232), stagnancy 6.7%
[35m[MSG][0m itr   656, best 5560.7339, time  943.5, minPhero 0.01(232), stagnancy 7.0%
[35m[MSG][0m itr   657, best 5560.7339, time  945.0, minPhero 0.01(232), stagnancy 7.3%
[35m[MSG][0m itr   658, best 5560.7339, time  946.5, minPhero 0.01(232), stagnancy 7.7%
[35m[MSG][0m itr   659, best 5560.7339, time  947.9, minPhero 0.01(232), stagnancy 8.0%
[35m[MSG][0m itr   660, best 5560.7339, time  949.3, minPhero 0.01(232), stagnancy 8.3%
[35m[MSG][0m itr   661, best 5560.7339, time  950.8, minPhero 0.01(232), stagnancy 8.7%
[35m[MSG][0m itr   662, best 5560.7339, time  952.2, minPhero 0.01(232), stagnancy 9.0%
[35m[MSG][0m itr   663, best 5560.7339, time  953.7, minPhero 0.01(232), stagnancy 9.3%
[35m[MSG][0m itr   664, best 5560.7339, time  955.1, minPhero 0.01(232), stagnancy 9.7%
[35m[MSG][0m itr   665, best 5560.7339, time  956.6, minPhero 0.01(232), stagnancy 10.0%
[35m[MSG][0m itr   666, best 5560.7339, time  958.0, minPhero 0.01(232), stagnancy 10.3%
[35m[MSG][0m itr   667, best 5560.7339, time  959.4, minPhero 0.01(232), stagnancy 10.7%
[35m[MSG][0m itr   668, best 5560.7339, time  960.9, minPhero 0.01(232), stagnancy 11.0%
[35m[MSG][0m itr   669, best 5560.7339, time  962.3, minPhero 0.01(232), stagnancy 11.3%
[35m[MSG][0m itr   670, best 5560.7339, time  963.8, minPhero 0.01(232), stagnancy 11.7%
[35m[MSG][0m itr   671, best 5560.7339, time  965.2, minPhero 0.01(232), stagnancy 12.0%
[35m[MSG][0m itr   672, best 5560.7339, time  966.7, minPhero 0.01(232), stagnancy 12.3%
[35m[MSG][0m itr   673, best 5560.7339, time  968.0, minPhero 0.01(232), stagnancy 12.7%
[35m[MSG][0m itr   674, best 5560.7339, time  969.5, minPhero 0.01(232), stagnancy 13.0%
[35m[MSG][0m itr   675, best 5560.7339, time  971.0, minPhero 0.01(232), stagnancy 13.3%
[35m[MSG][0m itr   676, best 5560.7339, time  972.4, minPhero 0.01(232), stagnancy 13.7%
[35m[MSG][0m itr   677, best 5560.7339, time  973.7, minPhero 0.01(232), stagnancy 14.0%
[35m[MSG][0m itr   678, best 5560.7339, time  975.0, minPhero 0.01(232), stagnancy 14.3%
[35m[MSG][0m itr   679, best 5560.7339, time  976.4, minPhero 0.01(232), stagnancy 14.7%
[35m[MSG][0m itr   680, best 5560.7339, time  977.9, minPhero 0.01(232), stagnancy 15.0%
[35m[MSG][0m itr   681, best 5560.7339, time  979.3, minPhero 0.01(232), stagnancy 15.3%
[35m[MSG][0m itr   682, best 5560.7339, time  980.8, minPhero 0.01(232), stagnancy 15.7%
[35m[MSG][0m itr   683, best 5560.7339, time  982.2, minPhero 0.01(232), stagnancy 16.0%
[35m[MSG][0m itr   684, best 5560.7339, time  983.7, minPhero 0.01(232), stagnancy 16.3%
[35m[MSG][0m itr   685, best 5560.7339, time  985.1, minPhero 0.01(232), stagnancy 16.7%
[35m[MSG][0m itr   686, best 5560.7339, time  986.5, minPhero 0.01(232), stagnancy 17.0%
[35m[MSG][0m itr   687, best 5560.7339, time  987.9, minPhero 0.01(232), stagnancy 17.3%
[35m[MSG][0m itr   688, best 5560.7339, time  989.2, minPhero 0.01(232), stagnancy 17.7%
[35m[MSG][0m itr   689, best 5560.7339, time  990.6, minPhero 0.01(232), stagnancy 18.0%
[35m[MSG][0m itr   690, best 5560.7339, time  992.0, minPhero 0.01(232), stagnancy 18.3%
[35m[MSG][0m itr   691, best 5560.7339, time  993.5, minPhero 0.01(232), stagnancy 18.7%
[35m[MSG][0m itr   692, best 5560.7339, time  995.0, minPhero 0.01(232), stagnancy 19.0%
[35m[MSG][0m itr   693, best 5560.7339, time  996.4, minPhero 0.01(232), stagnancy 19.3%
[35m[MSG][0m itr   694, best 5560.7339, time  997.8, minPhero 0.01(232), stagnancy 19.7%
[35m[MSG][0m itr   695, best 5560.7339, time  999.3, minPhero 0.01(232), stagnancy 20.0%
[35m[MSG][0m itr   696, best 5560.7339, time 1000.7, minPhero 0.01(232), stagnancy 20.3%
[35m[MSG][0m itr   697, best 5560.7339, time 1002.2, minPhero 0.01(232), stagnancy 20.7%
[35m[MSG][0m itr   698, best 5560.7339, time 1003.6, minPhero 0.01(232), stagnancy 21.0%
[35m[MSG][0m itr   699, best 5560.7339, time 1005.1, minPhero 0.01(232), stagnancy 21.3%
[35m[MSG][0m itr   700, best 5560.7339, time 1006.6, minPhero 0.01(232), stagnancy 21.7%
[35m[MSG][0m itr   701, best 5560.7339, time 1008.1, minPhero 0.01(232), stagnancy 22.0%
[35m[MSG][0m itr   702, best 5560.7339, time 1009.5, minPhero 0.01(232), stagnancy 22.3%
[35m[MSG][0m itr   703, best 5560.7339, time 1011.0, minPhero 0.01(232), stagnancy 22.7%
[35m[MSG][0m itr   704, best 5560.7339, time 1012.4, minPhero 0.01(232), stagnancy 23.0%
[35m[MSG][0m itr   705, best 5560.7339, time 1013.9, minPhero 0.01(232), stagnancy 23.3%
[35m[MSG][0m itr   706, best 5560.7339, time 1015.3, minPhero 0.01(232), stagnancy 23.7%
[35m[MSG][0m itr   707, best 5560.7339, time 1016.8, minPhero 0.01(232), stagnancy 24.0%
[35m[MSG][0m itr   708, best 5560.7339, time 1018.3, minPhero 0.01(232), stagnancy 24.3%
[35m[MSG][0m itr   709, best 5560.7339, time 1019.7, minPhero 0.01(232), stagnancy 24.7%
[35m[MSG][0m itr   710, best 5560.7339, time 1021.2, minPhero 0.01(232), stagnancy 25.0%
[35m[MSG][0m itr   711, best 5560.7339, time 1022.6, minPhero 0.01(232), stagnancy 25.3%
[35m[MSG][0m itr   712, best 5560.7339, time 1024.0, minPhero 0.01(232), stagnancy 25.7%
[35m[MSG][0m itr   713, best 5560.7339, time 1025.5, minPhero 0.01(232), stagnancy 26.0%
[35m[MSG][0m itr   714, best 5560.7339, time 1027.0, minPhero 0.01(232), stagnancy 26.3%
[35m[MSG][0m itr   715, best 5560.7339, time 1028.4, minPhero 0.01(232), stagnancy 26.7%
[35m[MSG][0m itr   716, best 5560.7339, time 1029.8, minPhero 0.01(232), stagnancy 27.0%
[35m[MSG][0m itr   717, best 5560.7339, time 1031.3, minPhero 0.01(232), stagnancy 27.3%
[35m[MSG][0m itr   718, best 5560.7339, time 1032.7, minPhero 0.01(232), stagnancy 27.7%
[35m[MSG][0m itr   719, best 5560.7339, time 1034.2, minPhero 0.01(232), stagnancy 28.0%
[35m[MSG][0m itr   720, best 5560.7339, time 1035.6, minPhero 0.01(232), stagnancy 28.3%
[35m[MSG][0m itr   721, best 5560.7339, time 1037.1, minPhero 0.01(232), stagnancy 28.7%
[35m[MSG][0m itr   722, best 5560.7339, time 1038.6, minPhero 0.01(232), stagnancy 29.0%
[35m[MSG][0m itr   723, best 5560.7339, time 1040.0, minPhero 0.01(232), stagnancy 29.3%
[35m[MSG][0m itr   724, best 5560.7339, time 1041.5, minPhero 0.01(232), stagnancy 29.7%
[35m[MSG][0m itr   725, best 5560.7339, time 1042.9, minPhero 0.01(232), stagnancy 30.0%
[35m[MSG][0m itr   726, best 5560.7339, time 1044.4, minPhero 0.01(232), stagnancy 30.3%
[35m[MSG][0m itr   727, best 5560.7339, time 1045.8, minPhero 0.01(232), stagnancy 30.7%
[35m[MSG][0m itr   728, best 5560.7339, time 1047.3, minPhero 0.01(232), stagnancy 31.0%
[35m[MSG][0m itr   729, best 5560.7339, time 1048.8, minPhero 0.01(232), stagnancy 31.3%
[35m[MSG][0m itr   730, best 5560.7339, time 1050.2, minPhero 0.01(232), stagnancy 31.7%
[35m[MSG][0m itr   731, best 5560.7339, time 1051.7, minPhero 0.01(232), stagnancy 32.0%
[35m[MSG][0m itr   732, best 5560.7339, time 1053.1, minPhero 0.01(232), stagnancy 32.3%
[35m[MSG][0m itr   733, best 5560.7339, time 1054.6, minPhero 0.01(232), stagnancy 32.7%
[35m[MSG][0m itr   734, best 5560.7339, time 1056.0, minPhero 0.01(232), stagnancy 33.0%
[35m[MSG][0m itr   735, best 5560.7339, time 1057.4, minPhero 0.01(232), stagnancy 33.3%
[35m[MSG][0m itr   736, best 5560.7339, time 1058.9, minPhero 0.01(232), stagnancy 33.7%
[35m[MSG][0m itr   737, best 5560.7339, time 1060.4, minPhero 0.01(232), stagnancy 34.0%
[35m[MSG][0m itr   738, best 5560.7339, time 1061.8, minPhero 0.01(232), stagnancy 34.3%
[35m[MSG][0m itr   739, best 5560.7339, time 1063.3, minPhero 0.01(232), stagnancy 34.7%
[35m[MSG][0m itr   740, best 5560.7339, time 1064.6, minPhero 0.01(232), stagnancy 35.0%
[35m[MSG][0m itr   741, best 5560.7339, time 1066.0, minPhero 0.01(232), stagnancy 35.3%
[35m[MSG][0m itr   742, best 5560.7339, time 1067.4, minPhero 0.01(232), stagnancy 35.7%
[35m[MSG][0m itr   743, best 5560.7339, time 1068.9, minPhero 0.01(232), stagnancy 36.0%
[35m[MSG][0m itr   744, best 5560.7339, time 1070.3, minPhero 0.01(232), stagnancy 36.3%
[35m[MSG][0m itr   745, best 5560.7339, time 1071.8, minPhero 0.01(232), stagnancy 36.7%
[35m[MSG][0m itr   746, best 5560.7339, time 1073.2, minPhero 0.01(232), stagnancy 37.0%
[35m[MSG][0m itr   747, best 5560.7339, time 1074.7, minPhero 0.01(232), stagnancy 37.3%
[35m[MSG][0m itr   748, best 5560.7339, time 1076.1, minPhero 0.01(232), stagnancy 37.7%
[35m[MSG][0m itr   749, best 5560.7339, time 1077.5, minPhero 0.01(232), stagnancy 38.0%
[35m[MSG][0m itr   750, best 5560.7339, time 1078.9, minPhero 0.01(232), stagnancy 38.3%
[35m[MSG][0m itr   751, best 5560.7339, time 1080.4, minPhero 0.01(232), stagnancy 38.7%
[35m[MSG][0m itr   752, best 5560.7339, time 1081.9, minPhero 0.01(232), stagnancy 39.0%
[35m[MSG][0m itr   753, best 5560.7339, time 1083.3, minPhero 0.01(232), stagnancy 39.3%
[35m[MSG][0m itr   754, best 5560.7339, time 1084.7, minPhero 0.01(232), stagnancy 39.7%
[35m[MSG][0m itr   755, best 5560.7339, time 1086.2, minPhero 0.01(232), stagnancy 40.0%
[35m[MSG][0m itr   756, best 5560.7339, time 1087.6, minPhero 0.01(232), stagnancy 40.3%
[35m[MSG][0m itr   757, best 5560.7339, time 1089.0, minPhero 0.01(232), stagnancy 40.7%
[35m[MSG][0m itr   758, best 5560.7339, time 1090.5, minPhero 0.01(232), stagnancy 41.0%
[35m[MSG][0m itr   759, best 5560.7339, time 1092.0, minPhero 0.01(232), stagnancy 41.3%
[35m[MSG][0m itr   760, best 5560.7339, time 1093.4, minPhero 0.01(232), stagnancy 41.7%
[35m[MSG][0m itr   761, best 5560.7339, time 1094.7, minPhero 0.01(232), stagnancy 42.0%
[35m[MSG][0m itr   762, best 5560.7339, time 1096.1, minPhero 0.01(232), stagnancy 42.3%
[35m[MSG][0m itr   763, best 5560.7339, time 1097.5, minPhero 0.01(232), stagnancy 42.7%
[35m[MSG][0m itr   764, best 5560.7339, time 1099.0, minPhero 0.01(232), stagnancy 43.0%
[35m[MSG][0m itr   765, best 5560.7339, time 1100.4, minPhero 0.01(232), stagnancy 43.3%
[35m[MSG][0m itr   766, best 5560.7339, time 1101.8, minPhero 0.01(232), stagnancy 43.7%
[35m[MSG][0m itr   767, best 5560.7339, time 1103.3, minPhero 0.01(232), stagnancy 44.0%
[35m[MSG][0m itr   768, best 5560.7339, time 1104.7, minPhero 0.01(232), stagnancy 44.3%
[35m[MSG][0m itr   769, best 5560.7339, time 1106.2, minPhero 0.01(232), stagnancy 44.7%
[35m[MSG][0m itr   770, best 5560.7339, time 1107.6, minPhero 0.01(232), stagnancy 45.0%
[35m[MSG][0m itr   771, best 5560.7339, time 1109.1, minPhero 0.01(232), stagnancy 45.3%
[35m[MSG][0m itr   772, best 5560.7339, time 1110.6, minPhero 0.01(232), stagnancy 45.7%
[35m[MSG][0m itr   773, best 5560.7339, time 1112.0, minPhero 0.01(232), stagnancy 46.0%
[35m[MSG][0m itr   774, best 5560.7339, time 1113.5, minPhero 0.01(232), stagnancy 46.3%
[35m[MSG][0m itr   775, best 5560.7339, time 1114.9, minPhero 0.01(232), stagnancy 46.7%
[35m[MSG][0m itr   776, best 5560.7339, time 1116.4, minPhero 0.01(232), stagnancy 47.0%
[35m[MSG][0m itr   777, best 5560.7339, time 1117.8, minPhero 0.01(232), stagnancy 47.3%
[35m[MSG][0m itr   778, best 5560.7339, time 1119.3, minPhero 0.01(232), stagnancy 47.7%
[35m[MSG][0m itr   779, best 5560.7339, time 1120.7, minPhero 0.01(232), stagnancy 48.0%
[35m[MSG][0m itr   780, best 5560.7339, time 1122.2, minPhero 0.01(232), stagnancy 48.3%
[35m[MSG][0m itr   781, best 5560.7339, time 1123.6, minPhero 0.01(232), stagnancy 48.7%
[35m[MSG][0m itr   782, best 5560.7339, time 1125.1, minPhero 0.01(232), stagnancy 49.0%
[35m[MSG][0m itr   783, best 5560.7339, time 1126.5, minPhero 0.01(232), stagnancy 49.3%
[35m[MSG][0m itr   784, best 5560.7339, time 1128.0, minPhero 0.01(232), stagnancy 49.7%
[35m[MSG][0m itr   785, best 5560.7339, time 1129.4, minPhero 0.01(232), stagnancy 50.0%
[35m[MSG][0m itr   786, best 5560.7339, time 1130.9, minPhero 0.01(232), stagnancy 50.3%
[35m[MSG][0m itr   787, best 5560.7339, time 1132.4, minPhero 0.01(232), stagnancy 50.7%
[35m[MSG][0m itr   788, best 5560.7339, time 1133.8, minPhero 0.01(232), stagnancy 51.0%
[35m[MSG][0m itr   789, best 5560.7339, time 1135.3, minPhero 0.01(232), stagnancy 51.3%
[35m[MSG][0m itr   790, best 5560.7339, time 1136.7, minPhero 0.01(232), stagnancy 51.7%
[35m[MSG][0m itr   791, best 5560.7339, time 1138.1, minPhero 0.01(232), stagnancy 52.0%
[35m[MSG][0m itr   792, best 5560.7339, time 1139.6, minPhero 0.01(232), stagnancy 52.3%
[35m[MSG][0m itr   793, best 5560.7339, time 1141.1, minPhero 0.01(232), stagnancy 52.7%
[35m[MSG][0m itr   794, best 5560.7339, time 1142.5, minPhero 0.01(232), stagnancy 53.0%
[35m[MSG][0m itr   795, best 5560.7339, time 1144.0, minPhero 0.01(232), stagnancy 53.3%
[35m[MSG][0m itr   796, best 5560.7339, time 1145.4, minPhero 0.01(232), stagnancy 53.7%
[35m[MSG][0m itr   797, best 5560.7339, time 1146.8, minPhero 0.01(232), stagnancy 54.0%
[35m[MSG][0m itr   798, best 5560.7339, time 1148.3, minPhero 0.01(232), stagnancy 54.3%
[35m[MSG][0m itr   799, best 5560.7339, time 1149.7, minPhero 0.01(232), stagnancy 54.7%
[35m[MSG][0m itr   800, best 5560.7339, time 1151.1, minPhero 0.01(232), stagnancy 55.0%
[35m[MSG][0m itr   801, best 5560.7339, time 1152.6, minPhero 0.01(232), stagnancy 55.3%
[35m[MSG][0m itr   802, best 5560.7339, time 1154.0, minPhero 0.01(232), stagnancy 55.7%
[35m[MSG][0m itr   803, best 5560.7339, time 1155.5, minPhero 0.01(232), stagnancy 56.0%
[35m[MSG][0m itr   804, best 5560.7339, time 1156.9, minPhero 0.01(232), stagnancy 56.3%
[35m[MSG][0m itr   805, best 5560.7339, time 1158.4, minPhero 0.01(232), stagnancy 56.7%
[35m[MSG][0m itr   806, best 5560.7339, time 1159.8, minPhero 0.01(232), stagnancy 57.0%
[35m[MSG][0m itr   807, best 5560.7339, time 1161.3, minPhero 0.01(232), stagnancy 57.3%
[35m[MSG][0m itr   808, best 5560.7339, time 1162.8, minPhero 0.01(232), stagnancy 57.7%
[35m[MSG][0m itr   809, best 5560.7339, time 1164.2, minPhero 0.01(232), stagnancy 58.0%
[35m[MSG][0m itr   810, best 5560.7339, time 1165.6, minPhero 0.01(232), stagnancy 58.3%
[35m[MSG][0m itr   811, best 5560.7339, time 1167.1, minPhero 0.01(232), stagnancy 58.7%
[35m[MSG][0m itr   812, best 5560.7339, time 1168.6, minPhero 0.01(232), stagnancy 59.0%
[35m[MSG][0m itr   813, best 5560.7339, time 1170.0, minPhero 0.01(232), stagnancy 59.3%
[35m[MSG][0m itr   814, best 5560.7339, time 1171.4, minPhero 0.01(232), stagnancy 59.7%
[35m[MSG][0m itr   815, best 5560.7339, time 1172.9, minPhero 0.01(232), stagnancy 60.0%
[35m[MSG][0m itr   816, best 5560.7339, time 1174.3, minPhero 0.01(232), stagnancy 60.3%
[35m[MSG][0m itr   817, best 5560.7339, time 1175.7, minPhero 0.01(232), stagnancy 60.7%
[35m[MSG][0m itr   818, best 5560.7339, time 1177.2, minPhero 0.01(232), stagnancy 61.0%
[35m[MSG][0m itr   819, best 5560.7339, time 1178.6, minPhero 0.01(232), stagnancy 61.3%
[35m[MSG][0m itr   820, best 5560.7339, time 1180.0, minPhero 0.01(232), stagnancy 61.7%
[35m[MSG][0m itr   821, best 5560.7339, time 1181.5, minPhero 0.01(232), stagnancy 62.0%
[35m[MSG][0m itr   822, best 5560.7339, time 1183.0, minPhero 0.01(232), stagnancy 62.3%
[35m[MSG][0m itr   823, best 5560.7339, time 1184.4, minPhero 0.01(232), stagnancy 62.7%
[35m[MSG][0m itr   824, best 5560.7339, time 1185.8, minPhero 0.01(232), stagnancy 63.0%
[35m[MSG][0m itr   825, best 5560.7339, time 1187.3, minPhero 0.01(232), stagnancy 63.3%
[35m[MSG][0m itr   826, best 5560.7339, time 1188.7, minPhero 0.01(232), stagnancy 63.7%
[35m[MSG][0m itr   827, best 5560.7339, time 1190.2, minPhero 0.01(232), stagnancy 64.0%
[35m[MSG][0m itr   828, best 5560.7339, time 1191.6, minPhero 0.01(232), stagnancy 64.3%
[35m[MSG][0m itr   829, best 5560.7339, time 1193.1, minPhero 0.01(232), stagnancy 64.7%
[35m[MSG][0m itr   830, best 5560.7339, time 1194.5, minPhero 0.01(232), stagnancy 65.0%
[35m[MSG][0m itr   831, best 5560.7339, time 1196.0, minPhero 0.01(232), stagnancy 65.3%
[35m[MSG][0m itr   832, best 5560.7339, time 1197.4, minPhero 0.01(232), stagnancy 65.7%
[35m[MSG][0m itr   833, best 5560.7339, time 1198.9, minPhero 0.01(232), stagnancy 66.0%
[35m[MSG][0m itr   834, best 5560.7339, time 1200.3, minPhero 0.01(232), stagnancy 66.3%
[35m[MSG][0m itr   835, best 5560.7339, time 1201.7, minPhero 0.01(232), stagnancy 66.7%
[35m[MSG][0m itr   836, best 5560.7339, time 1203.2, minPhero 0.01(232), stagnancy 67.0%
[35m[MSG][0m itr   837, best 5560.7339, time 1204.6, minPhero 0.01(232), stagnancy 67.3%
[35m[MSG][0m itr   838, best 5560.7339, time 1206.0, minPhero 0.01(232), stagnancy 67.7%
[35m[MSG][0m itr   839, best 5560.7339, time 1207.5, minPhero 0.01(232), stagnancy 68.0%
[35m[MSG][0m itr   840, best 5560.7339, time 1208.9, minPhero 0.01(232), stagnancy 68.3%
[35m[MSG][0m itr   841, best 5560.7339, time 1210.4, minPhero 0.01(232), stagnancy 68.7%
[35m[MSG][0m itr   842, best 5560.7339, time 1211.8, minPhero 0.01(232), stagnancy 69.0%
[35m[MSG][0m itr   843, best 5560.7339, time 1213.3, minPhero 0.01(232), stagnancy 69.3%
[35m[MSG][0m itr   844, best 5560.7339, time 1214.7, minPhero 0.01(232), stagnancy 69.7%
[35m[MSG][0m itr   845, best 5560.7339, time 1216.1, minPhero 0.01(232), stagnancy 70.0%
[35m[MSG][0m itr   846, best 5560.7339, time 1217.6, minPhero 0.01(232), stagnancy 70.3%
[35m[MSG][0m itr   847, best 5560.7339, time 1219.1, minPhero 0.01(232), stagnancy 70.7%
[35m[MSG][0m itr   848, best 5560.7339, time 1220.5, minPhero 0.01(232), stagnancy 71.0%
[35m[MSG][0m itr   849, best 5560.7339, time 1221.9, minPhero 0.01(232), stagnancy 71.3%
[35m[MSG][0m itr   850, best 5560.7339, time 1223.3, minPhero 0.01(232), stagnancy 71.7%
[35m[MSG][0m itr   851, best 5560.7339, time 1224.8, minPhero 0.01(232), stagnancy 72.0%
[35m[MSG][0m itr   852, best 5560.7339, time 1226.3, minPhero 0.01(232), stagnancy 72.3%
[35m[MSG][0m itr   853, best 5560.7339, time 1227.7, minPhero 0.01(232), stagnancy 72.7%
[35m[MSG][0m itr   854, best 5560.7339, time 1229.1, minPhero 0.01(232), stagnancy 73.0%
[35m[MSG][0m itr   855, best 5560.7339, time 1230.6, minPhero 0.01(232), stagnancy 73.3%
[35m[MSG][0m itr   856, best 5560.7339, time 1232.0, minPhero 0.01(232), stagnancy 73.7%
[35m[MSG][0m itr   857, best 5560.7339, time 1233.5, minPhero 0.01(232), stagnancy 74.0%
[35m[MSG][0m itr   858, best 5560.7339, time 1234.9, minPhero 0.01(232), stagnancy 74.3%
[35m[MSG][0m itr   859, best 5560.7339, time 1236.3, minPhero 0.01(232), stagnancy 74.7%
[35m[MSG][0m itr   860, best 5560.7339, time 1237.8, minPhero 0.01(232), stagnancy 75.0%
[35m[MSG][0m itr   861, best 5560.7339, time 1239.2, minPhero 0.01(232), stagnancy 75.3%
[35m[MSG][0m itr   862, best 5560.7339, time 1240.7, minPhero 0.01(232), stagnancy 75.7%
[35m[MSG][0m itr   863, best 5560.7339, time 1242.1, minPhero 0.01(232), stagnancy 76.0%
[35m[MSG][0m itr   864, best 5560.7339, time 1243.6, minPhero 0.01(232), stagnancy 76.3%
[35m[MSG][0m itr   865, best 5560.7339, time 1245.0, minPhero 0.01(232), stagnancy 76.7%
[35m[MSG][0m itr   866, best 5560.7339, time 1246.5, minPhero 0.01(232), stagnancy 77.0%
[35m[MSG][0m itr   867, best 5560.7339, time 1247.8, minPhero 0.01(232), stagnancy 77.3%
[35m[MSG][0m itr   868, best 5560.7339, time 1249.2, minPhero 0.01(232), stagnancy 77.7%
[35m[MSG][0m itr   869, best 5560.7339, time 1250.7, minPhero 0.01(232), stagnancy 78.0%
[35m[MSG][0m itr   870, best 5560.7339, time 1252.1, minPhero 0.01(232), stagnancy 78.3%
[35m[MSG][0m itr   871, best 5560.7339, time 1253.6, minPhero 0.01(232), stagnancy 78.7%
[35m[MSG][0m itr   872, best 5560.7339, time 1255.0, minPhero 0.01(232), stagnancy 79.0%
[35m[MSG][0m itr   873, best 5560.7339, time 1256.5, minPhero 0.01(232), stagnancy 79.3%
[35m[MSG][0m itr   874, best 5560.7339, time 1257.9, minPhero 0.01(232), stagnancy 79.7%
[35m[MSG][0m itr   875, best 5560.7339, time 1259.4, minPhero 0.01(232), stagnancy 80.0%
[35m[MSG][0m itr   876, best 5560.7339, time 1260.8, minPhero 0.01(232), stagnancy 80.3%
[35m[MSG][0m itr   877, best 5560.7339, time 1262.3, minPhero 0.01(232), stagnancy 80.7%
[35m[MSG][0m itr   878, best 5560.7339, time 1263.7, minPhero 0.01(232), stagnancy 81.0%
[35m[MSG][0m itr   879, best 5560.7339, time 1265.2, minPhero 0.01(232), stagnancy 81.3%
[35m[MSG][0m itr   880, best 5560.7339, time 1266.7, minPhero 0.01(232), stagnancy 81.7%
[35m[MSG][0m itr   881, best 5560.7339, time 1268.1, minPhero 0.01(232), stagnancy 82.0%
[35m[MSG][0m itr   882, best 5560.7339, time 1269.5, minPhero 0.01(232), stagnancy 82.3%
[35m[MSG][0m itr   883, best 5560.7339, time 1271.0, minPhero 0.01(232), stagnancy 82.7%
[35m[MSG][0m itr   884, best 5560.7339, time 1272.4, minPhero 0.01(232), stagnancy 83.0%
[35m[MSG][0m itr   885, best 5560.7339, time 1273.9, minPhero 0.01(232), stagnancy 83.3%
[35m[MSG][0m itr   886, best 5560.7339, time 1275.3, minPhero 0.01(232), stagnancy 83.7%
[35m[MSG][0m itr   887, best 5560.7339, time 1276.8, minPhero 0.01(232), stagnancy 84.0%
[35m[MSG][0m itr   888, best 5560.7339, time 1278.2, minPhero 0.01(232), stagnancy 84.3%
[35m[MSG][0m itr   889, best 5560.7339, time 1279.7, minPhero 0.01(232), stagnancy 84.7%
[35m[MSG][0m itr   890, best 5560.7339, time 1281.1, minPhero 0.01(232), stagnancy 85.0%
[35m[MSG][0m itr   891, best 5560.7339, time 1282.6, minPhero 0.01(232), stagnancy 85.3%
[35m[MSG][0m itr   892, best 5560.7339, time 1284.0, minPhero 0.01(232), stagnancy 85.7%
[35m[MSG][0m itr   893, best 5560.7339, time 1285.4, minPhero 0.01(232), stagnancy 86.0%
[35m[MSG][0m itr   894, best 5560.7339, time 1286.9, minPhero 0.01(232), stagnancy 86.3%
[35m[MSG][0m itr   895, best 5560.7339, time 1288.3, minPhero 0.01(232), stagnancy 86.7%
[35m[MSG][0m itr   896, best 5560.7339, time 1289.8, minPhero 0.01(232), stagnancy 87.0%
[35m[MSG][0m itr   897, best 5560.7339, time 1291.2, minPhero 0.01(232), stagnancy 87.3%
[35m[MSG][0m itr   898, best 5560.7339, time 1292.7, minPhero 0.01(232), stagnancy 87.7%
[35m[MSG][0m itr   899, best 5560.7339, time 1294.1, minPhero 0.01(232), stagnancy 88.0%
[35m[MSG][0m itr   900, best 5560.7339, time 1295.4, minPhero 0.01(232), stagnancy 88.3%
[35m[MSG][0m itr   901, best 5560.7339, time 1296.9, minPhero 0.01(232), stagnancy 88.7%
[35m[MSG][0m itr   902, best 5560.7339, time 1298.3, minPhero 0.01(232), stagnancy 89.0%
[35m[MSG][0m itr   903, best 5560.7339, time 1299.8, minPhero 0.01(232), stagnancy 89.3%
[35m[MSG][0m itr   904, best 5560.7339, time 1301.2, minPhero 0.01(232), stagnancy 89.7%
[35m[MSG][0m itr   905, best 5560.7339, time 1302.7, minPhero 0.01(232), stagnancy 90.0%
[35m[MSG][0m itr   906, best 5560.7339, time 1304.1, minPhero 0.01(232), stagnancy 90.3%
[35m[MSG][0m itr   907, best 5560.7339, time 1305.6, minPhero 0.01(232), stagnancy 90.7%
[35m[MSG][0m itr   908, best 5560.7339, time 1307.0, minPhero 0.01(232), stagnancy 91.0%
[35m[MSG][0m itr   909, best 5560.7339, time 1308.4, minPhero 0.01(232), stagnancy 91.3%
[35m[MSG][0m itr   910, best 5560.7339, time 1309.9, minPhero 0.01(232), stagnancy 91.7%
[35m[MSG][0m itr   911, best 5560.7339, time 1311.4, minPhero 0.01(232), stagnancy 92.0%
[35m[MSG][0m itr   912, best 5560.7339, time 1312.9, minPhero 0.01(232), stagnancy 92.3%
[35m[MSG][0m itr   913, best 5560.7339, time 1314.3, minPhero 0.01(232), stagnancy 92.7%
[35m[MSG][0m itr   914, best 5560.7339, time 1315.7, minPhero 0.01(232), stagnancy 93.0%
[35m[MSG][0m itr   915, best 5560.7339, time 1317.2, minPhero 0.01(232), stagnancy 93.3%
[35m[MSG][0m itr   916, best 5560.7339, time 1318.7, minPhero 0.01(232), stagnancy 93.7%
[35m[MSG][0m itr   917, best 5560.7339, time 1320.1, minPhero 0.01(232), stagnancy 94.0%
[35m[MSG][0m itr   918, best 5560.7339, time 1321.6, minPhero 0.01(232), stagnancy 94.3%
[35m[MSG][0m itr   919, best 5560.7339, time 1323.0, minPhero 0.01(232), stagnancy 94.7%
[35m[MSG][0m itr   920, best 5560.7339, time 1324.5, minPhero 0.01(232), stagnancy 95.0%
[35m[MSG][0m itr   921, best 5560.7339, time 1325.9, minPhero 0.01(232), stagnancy 95.3%
[35m[MSG][0m itr   922, best 5560.7339, time 1327.4, minPhero 0.01(232), stagnancy 95.7%
[35m[MSG][0m itr   923, best 5560.7339, time 1328.9, minPhero 0.01(232), stagnancy 96.0%
[35m[MSG][0m itr   924, best 5560.7339, time 1330.3, minPhero 0.01(232), stagnancy 96.3%
[35m[MSG][0m itr   925, best 5560.7339, time 1331.8, minPhero 0.01(232), stagnancy 96.7%
[35m[MSG][0m itr   926, best 5560.7339, time 1333.2, minPhero 0.01(232), stagnancy 97.0%
[35m[MSG][0m itr   927, best 5560.7339, time 1334.6, minPhero 0.01(232), stagnancy 97.3%
[35m[MSG][0m itr   928, best 5560.7339, time 1336.0, minPhero 0.01(232), stagnancy 97.7%
[35m[MSG][0m itr   929, best 5560.7339, time 1337.5, minPhero 0.01(232), stagnancy 98.0%
[35m[MSG][0m itr   930, best 5560.7339, time 1338.9, minPhero 0.01(232), stagnancy 98.3%
[35m[MSG][0m itr   931, best 5560.7339, time 1340.4, minPhero 0.01(232), stagnancy 98.7%
[35m[MSG][0m itr   932, best 5560.7339, time 1341.8, minPhero 0.01(232), stagnancy 99.0%
[35m[MSG][0m itr   933, best 5560.7339, time 1343.3, minPhero 0.01(232), stagnancy 99.3%
[35m[MSG][0m itr   934, best 5560.7339, time 1344.7, minPhero 0.01(232), stagnancy 99.7%
[35m[MSG][0m itr   935, best 5560.7339, time 1346.2, minPhero 0.01(232), stagnancy 100.0%
[35m[MSG][0m Solution converged. Reinitialising pheromones...
[35m[MSG][0m Time: 1346.17 s
[35m[MSG][0m Best cost: 5560.73
