[35m[MSG][0m Log level set to LOG_DEBUG
[35m[MSG][0m Parsing input from file "res/fruitybun250_2016.vrp"
[35m[MSG][0m Number of nodes: 250
[35m[MSG][0m Running ACO search
[35m[MSG][0m ACO settings: 
 alpha:     8.000
 beta:      1.000
 pers:      0.850
 minPhero:  0.015
 nbhood:    10
 popSize:   512
 maxStag:   300
[35m[MSG][0m itr     1, best 5745.1895, time    1.3, minPhero 0.85(28922), stagnancy 0.0%
[35m[MSG][0m itr     2, best 5732.9756, time    2.7, minPhero 0.72(28922), stagnancy 0.0%
[35m[MSG][0m itr     3, best 5732.9756, time    4.2, minPhero 0.61(28922), stagnancy 0.3%
[35m[MSG][0m itr     4, best 5732.9756, time    5.6, minPhero 0.52(28922), stagnancy 0.7%
[35m[MSG][0m itr     5, best 5732.9756, time    7.1, minPhero 0.44(28922), stagnancy 1.0%
[35m[MSG][0m itr     6, best 5704.5151, time    8.5, minPhero 0.38(28922), stagnancy 0.0%
[35m[MSG][0m itr     7, best 5704.5151, time   10.0, minPhero 0.32(28922), stagnancy 0.3%
[35m[MSG][0m itr     8, best 5704.5151, time   11.4, minPhero 0.27(28922), stagnancy 0.7%
[35m[MSG][0m itr     9, best 5682.6685, time   12.9, minPhero 0.23(28922), stagnancy 0.0%
[35m[MSG][0m itr    10, best 5682.6685, time   14.4, minPhero 0.20(28922), stagnancy 0.3%
[35m[MSG][0m itr    11, best 5678.5415, time   15.9, minPhero 0.17(28922), stagnancy 0.0%
[35m[MSG][0m itr    12, best 5678.5415, time   17.3, minPhero 0.14(28922), stagnancy 0.3%
[35m[MSG][0m itr    13, best 5664.9663, time   18.8, minPhero 0.12(28922), stagnancy 0.0%
[35m[MSG][0m itr    14, best 5664.9663, time   20.1, minPhero 0.10(28922), stagnancy 0.3%
[35m[MSG][0m itr    15, best 5664.9663, time   21.6, minPhero 0.09(28922), stagnancy 0.7%
[35m[MSG][0m itr    16, best 5664.9663, time   23.0, minPhero 0.07(28922), stagnancy 1.0%
[35m[MSG][0m itr    17, best 5655.3569, time   24.5, minPhero 0.06(28922), stagnancy 0.0%
[35m[MSG][0m itr    18, best 5655.3569, time   26.0, minPhero 0.05(28922), stagnancy 0.3%
[35m[MSG][0m itr    19, best 5655.3569, time   27.5, minPhero 0.05(28922), stagnancy 0.7%
[35m[MSG][0m itr    20, best 5655.3569, time   29.0, minPhero 0.04(28922), stagnancy 1.0%
[35m[MSG][0m itr    21, best 5655.3569, time   30.4, minPhero 0.03(28922), stagnancy 1.3%
[35m[MSG][0m itr    22, best 5655.3569, time   31.9, minPhero 0.03(28922), stagnancy 1.7%
[35m[MSG][0m itr    23, best 5642.6460, time   33.4, minPhero 0.02(545), stagnancy 0.0%
[35m[MSG][0m itr    24, best 5642.6460, time   34.9, minPhero 0.02(489), stagnancy 0.3%
[35m[MSG][0m itr    25, best 5642.6460, time   36.4, minPhero 0.02(489), stagnancy 0.7%
[35m[MSG][0m itr    26, best 5641.1270, time   37.9, minPhero 0.01(495), stagnancy 0.0%
[35m[MSG][0m itr    27, best 5639.6929, time   39.3, minPhero 0.01(509), stagnancy 0.0%
[35m[MSG][0m itr    28, best 5622.8486, time   40.6, minPhero 0.01(468), stagnancy 0.0%
[35m[MSG][0m itr    29, best 5622.8486, time   42.0, minPhero 0.01(410), stagnancy 0.3%
[35m[MSG][0m itr    30, best 5617.8198, time   43.5, minPhero 0.01(389), stagnancy 0.0%
[35m[MSG][0m itr    31, best 5602.9780, time   44.8, minPhero 0.01(380), stagnancy 0.0%
[35m[MSG][0m itr    32, best 5601.3521, time   46.3, minPhero 0.01(373), stagnancy 0.0%
[35m[MSG][0m itr    33, best 5601.3521, time   47.7, minPhero 0.01(369), stagnancy 0.3%
[35m[MSG][0m itr    34, best 5601.1108, time   49.2, minPhero 0.01(367), stagnancy 0.0%
[35m[MSG][0m itr    35, best 5599.1055, time   50.6, minPhero 0.01(367), stagnancy 0.0%
[35m[MSG][0m itr    36, best 5599.1055, time   52.1, minPhero 0.01(351), stagnancy 0.3%
[35m[MSG][0m itr    37, best 5599.1055, time   53.6, minPhero 0.01(349), stagnancy 0.7%
[35m[MSG][0m itr    38, best 5597.9702, time   55.0, minPhero 0.01(340), stagnancy 0.0%
[35m[MSG][0m itr    39, best 5597.8999, time   56.5, minPhero 0.01(325), stagnancy 0.0%
[35m[MSG][0m itr    40, best 5597.1929, time   57.9, minPhero 0.01(321), stagnancy 0.0%
[35m[MSG][0m itr    41, best 5597.1929, time   59.3, minPhero 0.01(318), stagnancy 0.3%
[35m[MSG][0m itr    42, best 5597.1929, time   60.8, minPhero 0.01(314), stagnancy 0.7%
[35m[MSG][0m itr    43, best 5592.9683, time   62.2, minPhero 0.01(304), stagnancy 0.0%
[35m[MSG][0m itr    44, best 5591.7700, time   63.7, minPhero 0.01(298), stagnancy 0.0%
[35m[MSG][0m itr    45, best 5591.7700, time   65.1, minPhero 0.01(287), stagnancy 0.3%
[35m[MSG][0m itr    46, best 5591.7700, time   66.4, minPhero 0.01(281), stagnancy 0.7%
[35m[MSG][0m itr    47, best 5590.9302, time   67.8, minPhero 0.01(276), stagnancy 0.0%
[35m[MSG][0m itr    48, best 5590.9302, time   69.3, minPhero 0.01(271), stagnancy 0.3%
[35m[MSG][0m itr    49, best 5590.7051, time   70.7, minPhero 0.01(263), stagnancy 0.0%
[35m[MSG][0m itr    50, best 5590.7051, time   72.1, minPhero 0.01(258), stagnancy 0.3%
[35m[MSG][0m itr    51, best 5590.6074, time   73.6, minPhero 0.01(258), stagnancy 0.0%
[35m[MSG][0m itr    52, best 5590.6069, time   75.0, minPhero 0.01(254), stagnancy 0.0%
[35m[MSG][0m itr    53, best 5590.6069, time   76.5, minPhero 0.01(253), stagnancy 0.3%
[35m[MSG][0m itr    54, best 5590.6069, time   77.9, minPhero 0.01(252), stagnancy 0.7%
[35m[MSG][0m itr    55, best 5590.6069, time   79.4, minPhero 0.01(249), stagnancy 1.0%
[35m[MSG][0m itr    56, best 5590.6069, time   80.7, minPhero 0.01(249), stagnancy 1.3%
[35m[MSG][0m itr    57, best 5590.6069, time   82.1, minPhero 0.01(249), stagnancy 1.7%
[35m[MSG][0m itr    58, best 5590.5273, time   83.5, minPhero 0.01(252), stagnancy 0.0%
[35m[MSG][0m itr    59, best 5585.4238, time   85.0, minPhero 0.01(262), stagnancy 0.0%
[35m[MSG][0m itr    60, best 5585.4238, time   86.4, minPhero 0.01(262), stagnancy 0.3%
[35m[MSG][0m itr    61, best 5585.4238, time   87.9, minPhero 0.01(262), stagnancy 0.7%
[35m[MSG][0m itr    62, best 5585.2925, time   89.3, minPhero 0.01(262), stagnancy 0.0%
[35m[MSG][0m itr    63, best 5585.2642, time   90.8, minPhero 0.01(262), stagnancy 0.0%
[35m[MSG][0m itr    64, best 5584.5708, time   92.2, minPhero 0.01(264), stagnancy 0.0%
[35m[MSG][0m itr    65, best 5584.5708, time   93.6, minPhero 0.01(256), stagnancy 0.3%
[35m[MSG][0m itr    66, best 5584.5703, time   94.9, minPhero 0.01(255), stagnancy 0.0%
[35m[MSG][0m itr    67, best 5584.5195, time   96.4, minPhero 0.01(253), stagnancy 0.0%
[35m[MSG][0m itr    68, best 5584.4907, time   97.8, minPhero 0.01(253), stagnancy 0.0%
[35m[MSG][0m itr    69, best 5584.4907, time   99.3, minPhero 0.01(253), stagnancy 0.3%
[35m[MSG][0m itr    70, best 5584.4907, time  100.7, minPhero 0.01(253), stagnancy 0.7%
[35m[MSG][0m itr    71, best 5584.4907, time  102.2, minPhero 0.01(253), stagnancy 1.0%
[35m[MSG][0m itr    72, best 5584.4907, time  103.7, minPhero 0.01(253), stagnancy 1.3%
[35m[MSG][0m itr    73, best 5584.4902, time  105.0, minPhero 0.01(253), stagnancy 0.0%
[35m[MSG][0m itr    74, best 5583.2568, time  106.4, minPhero 0.01(258), stagnancy 0.0%
[35m[MSG][0m itr    75, best 5582.4390, time  107.7, minPhero 0.01(259), stagnancy 0.0%
[35m[MSG][0m itr    76, best 5582.4390, time  109.2, minPhero 0.01(259), stagnancy 0.3%
[35m[MSG][0m itr    77, best 5582.4390, time  110.6, minPhero 0.01(259), stagnancy 0.7%
[35m[MSG][0m itr    78, best 5582.4390, time  112.0, minPhero 0.01(258), stagnancy 1.0%
[35m[MSG][0m itr    79, best 5582.4390, time  113.5, minPhero 0.01(258), stagnancy 1.3%
[35m[MSG][0m itr    80, best 5582.4390, time  114.9, minPhero 0.01(258), stagnancy 1.7%
[35m[MSG][0m itr    81, best 5582.4390, time  116.4, minPhero 0.01(246), stagnancy 2.0%
[35m[MSG][0m itr    82, best 5582.4390, time  117.6, minPhero 0.01(244), stagnancy 2.3%
[35m[MSG][0m itr    83, best 5582.4390, time  119.1, minPhero 0.01(244), stagnancy 2.7%
[35m[MSG][0m itr    84, best 5582.4390, time  120.5, minPhero 0.01(244), stagnancy 3.0%
[35m[MSG][0m itr    85, best 5582.4390, time  122.0, minPhero 0.01(244), stagnancy 3.3%
[35m[MSG][0m itr    86, best 5582.4390, time  123.4, minPhero 0.01(239), stagnancy 3.7%
[35m[MSG][0m itr    87, best 5582.4390, time  124.9, minPhero 0.01(239), stagnancy 4.0%
[35m[MSG][0m itr    88, best 5582.4390, time  126.2, minPhero 0.01(239), stagnancy 4.3%
[35m[MSG][0m itr    89, best 5582.4390, time  127.6, minPhero 0.01(236), stagnancy 4.7%
[35m[MSG][0m itr    90, best 5582.4390, time  129.0, minPhero 0.01(236), stagnancy 5.0%
[35m[MSG][0m itr    91, best 5582.4390, time  130.5, minPhero 0.01(236), stagnancy 5.3%
[35m[MSG][0m itr    92, best 5582.4390, time  131.9, minPhero 0.01(236), stagnancy 5.7%
[35m[MSG][0m itr    93, best 5582.4390, time  133.3, minPhero 0.01(236), stagnancy 6.0%
[35m[MSG][0m itr    94, best 5582.4390, time  134.8, minPhero 0.01(236), stagnancy 6.3%
[35m[MSG][0m itr    95, best 5582.4390, time  136.2, minPhero 0.01(236), stagnancy 6.7%
[35m[MSG][0m itr    96, best 5582.4390, time  137.7, minPhero 0.01(232), stagnancy 7.0%
[35m[MSG][0m itr    97, best 5582.4390, time  139.1, minPhero 0.01(232), stagnancy 7.3%
[35m[MSG][0m itr    98, best 5582.4390, time  140.6, minPhero 0.01(232), stagnancy 7.7%
[35m[MSG][0m itr    99, best 5582.4390, time  142.0, minPhero 0.01(232), stagnancy 8.0%
[35m[MSG][0m itr   100, best 5582.4390, time  143.5, minPhero 0.01(232), stagnancy 8.3%
[35m[MSG][0m itr   101, best 5582.4390, time  144.9, minPhero 0.01(232), stagnancy 8.7%
[35m[MSG][0m itr   102, best 5582.4390, time  146.3, minPhero 0.01(232), stagnancy 9.0%
[35m[MSG][0m itr   103, best 5582.4390, time  147.8, minPhero 0.01(232), stagnancy 9.3%
[35m[MSG][0m itr   104, best 5582.4390, time  149.2, minPhero 0.01(232), stagnancy 9.7%
[35m[MSG][0m itr   105, best 5582.4390, time  150.6, minPhero 0.01(232), stagnancy 10.0%
[35m[MSG][0m itr   106, best 5582.4390, time  152.1, minPhero 0.01(232), stagnancy 10.3%
[35m[MSG][0m itr   107, best 5582.4390, time  153.5, minPhero 0.01(232), stagnancy 10.7%
[35m[MSG][0m itr   108, best 5582.4390, time  154.9, minPhero 0.01(232), stagnancy 11.0%
[35m[MSG][0m itr   109, best 5582.4390, time  156.4, minPhero 0.01(232), stagnancy 11.3%
[35m[MSG][0m itr   110, best 5582.4390, time  157.8, minPhero 0.01(232), stagnancy 11.7%
[35m[MSG][0m itr   111, best 5582.4390, time  159.2, minPhero 0.01(232), stagnancy 12.0%
[35m[MSG][0m itr   112, best 5582.4390, time  160.7, minPhero 0.01(232), stagnancy 12.3%
[35m[MSG][0m itr   113, best 5582.4390, time  162.2, minPhero 0.01(232), stagnancy 12.7%
[35m[MSG][0m itr   114, best 5582.4390, time  163.5, minPhero 0.01(232), stagnancy 13.0%
[35m[MSG][0m itr   115, best 5582.4390, time  165.0, minPhero 0.01(232), stagnancy 13.3%
[35m[MSG][0m itr   116, best 5582.4390, time  166.4, minPhero 0.01(232), stagnancy 13.7%
[35m[MSG][0m itr   117, best 5582.4390, time  167.8, minPhero 0.01(232), stagnancy 14.0%
[35m[MSG][0m itr   118, best 5582.4390, time  169.3, minPhero 0.01(232), stagnancy 14.3%
[35m[MSG][0m itr   119, best 5582.4390, time  170.7, minPhero 0.01(232), stagnancy 14.7%
[35m[MSG][0m itr   120, best 5582.4390, time  172.2, minPhero 0.01(232), stagnancy 15.0%
[35m[MSG][0m itr   121, best 5582.4390, time  173.6, minPhero 0.01(232), stagnancy 15.3%
[35m[MSG][0m itr   122, best 5582.4390, time  175.0, minPhero 0.01(232), stagnancy 15.7%
[35m[MSG][0m itr   123, best 5582.4390, time  176.5, minPhero 0.01(232), stagnancy 16.0%
[35m[MSG][0m itr   124, best 5582.4390, time  177.9, minPhero 0.01(232), stagnancy 16.3%
[35m[MSG][0m itr   125, best 5582.4390, time  179.4, minPhero 0.01(232), stagnancy 16.7%
[35m[MSG][0m itr   126, best 5582.4390, time  180.8, minPhero 0.01(232), stagnancy 17.0%
[35m[MSG][0m itr   127, best 5582.4390, time  182.2, minPhero 0.01(232), stagnancy 17.3%
[35m[MSG][0m itr   128, best 5582.4390, time  183.6, minPhero 0.01(232), stagnancy 17.7%
[35m[MSG][0m itr   129, best 5582.4390, time  184.9, minPhero 0.01(232), stagnancy 18.0%
[35m[MSG][0m itr   130, best 5582.4390, time  186.3, minPhero 0.01(232), stagnancy 18.3%
[35m[MSG][0m itr   131, best 5582.4390, time  187.7, minPhero 0.01(232), stagnancy 18.7%
[35m[MSG][0m itr   132, best 5582.4390, time  189.2, minPhero 0.01(232), stagnancy 19.0%
[35m[MSG][0m itr   133, best 5582.4390, time  190.6, minPhero 0.01(232), stagnancy 19.3%
[35m[MSG][0m itr   134, best 5582.4390, time  192.1, minPhero 0.01(232), stagnancy 19.7%
[35m[MSG][0m itr   135, best 5582.4390, time  193.5, minPhero 0.01(232), stagnancy 20.0%
[35m[MSG][0m itr   136, best 5582.4390, time  194.9, minPhero 0.01(232), stagnancy 20.3%
[35m[MSG][0m itr   137, best 5582.4390, time  196.4, minPhero 0.01(232), stagnancy 20.7%
[35m[MSG][0m itr   138, best 5582.4390, time  197.8, minPhero 0.01(232), stagnancy 21.0%
[35m[MSG][0m itr   139, best 5582.4390, time  199.2, minPhero 0.01(232), stagnancy 21.3%
[35m[MSG][0m itr   140, best 5582.4390, time  200.7, minPhero 0.01(232), stagnancy 21.7%
[35m[MSG][0m itr   141, best 5582.4390, time  202.1, minPhero 0.01(232), stagnancy 22.0%
[35m[MSG][0m itr   142, best 5582.4390, time  203.5, minPhero 0.01(232), stagnancy 22.3%
[35m[MSG][0m itr   143, best 5582.4390, time  205.0, minPhero 0.01(232), stagnancy 22.7%
[35m[MSG][0m itr   144, best 5582.4390, time  206.4, minPhero 0.01(232), stagnancy 23.0%
[35m[MSG][0m itr   145, best 5582.4390, time  207.9, minPhero 0.01(232), stagnancy 23.3%
[35m[MSG][0m itr   146, best 5582.4390, time  209.3, minPhero 0.01(232), stagnancy 23.7%
[35m[MSG][0m itr   147, best 5582.4390, time  210.8, minPhero 0.01(232), stagnancy 24.0%
[35m[MSG][0m itr   148, best 5582.4390, time  212.2, minPhero 0.01(232), stagnancy 24.3%
[35m[MSG][0m itr   149, best 5582.4390, time  213.6, minPhero 0.01(232), stagnancy 24.7%
[35m[MSG][0m itr   150, best 5582.4390, time  215.1, minPhero 0.01(232), stagnancy 25.0%
[35m[MSG][0m itr   151, best 5582.4390, time  216.5, minPhero 0.01(232), stagnancy 25.3%
[35m[MSG][0m itr   152, best 5582.4390, time  218.0, minPhero 0.01(232), stagnancy 25.7%
[35m[MSG][0m itr   153, best 5582.4390, time  219.4, minPhero 0.01(232), stagnancy 26.0%
[35m[MSG][0m itr   154, best 5581.8608, time  220.8, minPhero 0.01(235), stagnancy 0.0%
[35m[MSG][0m itr   155, best 5581.8608, time  222.3, minPhero 0.01(235), stagnancy 0.3%
[35m[MSG][0m itr   156, best 5581.8608, time  223.8, minPhero 0.01(235), stagnancy 0.7%
[35m[MSG][0m itr   157, best 5581.8608, time  225.2, minPhero 0.01(235), stagnancy 1.0%
[35m[MSG][0m itr   158, best 5581.8608, time  226.7, minPhero 0.01(235), stagnancy 1.3%
[35m[MSG][0m itr   159, best 5581.8608, time  228.1, minPhero 0.01(235), stagnancy 1.7%
[35m[MSG][0m itr   160, best 5581.8608, time  229.6, minPhero 0.01(235), stagnancy 2.0%
[35m[MSG][0m itr   161, best 5581.8608, time  231.0, minPhero 0.01(235), stagnancy 2.3%
[35m[MSG][0m itr   162, best 5581.8608, time  232.5, minPhero 0.01(235), stagnancy 2.7%
[35m[MSG][0m itr   163, best 5581.8608, time  233.9, minPhero 0.01(235), stagnancy 3.0%
[35m[MSG][0m itr   164, best 5581.8608, time  235.4, minPhero 0.01(235), stagnancy 3.3%
[35m[MSG][0m itr   165, best 5581.8608, time  236.8, minPhero 0.01(235), stagnancy 3.7%
[35m[MSG][0m itr   166, best 5581.8608, time  238.2, minPhero 0.01(235), stagnancy 4.0%
[35m[MSG][0m itr   167, best 5581.8608, time  239.7, minPhero 0.01(235), stagnancy 4.3%
[35m[MSG][0m itr   168, best 5581.8608, time  241.1, minPhero 0.01(235), stagnancy 4.7%
[35m[MSG][0m itr   169, best 5581.8608, time  242.5, minPhero 0.01(235), stagnancy 5.0%
[35m[MSG][0m itr   170, best 5581.8608, time  244.0, minPhero 0.01(235), stagnancy 5.3%
[35m[MSG][0m itr   171, best 5581.8608, time  245.4, minPhero 0.01(235), stagnancy 5.7%
[35m[MSG][0m itr   172, best 5581.8608, time  246.9, minPhero 0.01(235), stagnancy 6.0%
[35m[MSG][0m itr   173, best 5581.8608, time  248.3, minPhero 0.01(235), stagnancy 6.3%
[35m[MSG][0m itr   174, best 5581.8608, time  249.7, minPhero 0.01(235), stagnancy 6.7%
[35m[MSG][0m itr   175, best 5581.8608, time  251.2, minPhero 0.01(235), stagnancy 7.0%
[35m[MSG][0m itr   176, best 5581.8608, time  252.6, minPhero 0.01(232), stagnancy 7.3%
[35m[MSG][0m itr   177, best 5581.8608, time  253.9, minPhero 0.01(232), stagnancy 7.7%
[35m[MSG][0m itr   178, best 5581.8608, time  255.4, minPhero 0.01(232), stagnancy 8.0%
[35m[MSG][0m itr   179, best 5581.8608, time  256.8, minPhero 0.01(232), stagnancy 8.3%
[35m[MSG][0m itr   180, best 5581.8608, time  258.3, minPhero 0.01(232), stagnancy 8.7%
[35m[MSG][0m itr   181, best 5581.8608, time  259.6, minPhero 0.01(232), stagnancy 9.0%
[35m[MSG][0m itr   182, best 5581.8608, time  261.1, minPhero 0.01(232), stagnancy 9.3%
[35m[MSG][0m itr   183, best 5581.8608, time  262.5, minPhero 0.01(232), stagnancy 9.7%
[35m[MSG][0m itr   184, best 5581.8608, time  264.0, minPhero 0.01(232), stagnancy 10.0%
[35m[MSG][0m itr   185, best 5581.8608, time  265.4, minPhero 0.01(232), stagnancy 10.3%
[35m[MSG][0m itr   186, best 5581.8608, time  266.8, minPhero 0.01(232), stagnancy 10.7%
[35m[MSG][0m itr   187, best 5581.8608, time  268.3, minPhero 0.01(232), stagnancy 11.0%
[35m[MSG][0m itr   188, best 5581.8608, time  269.8, minPhero 0.01(232), stagnancy 11.3%
[35m[MSG][0m itr   189, best 5581.8608, time  271.2, minPhero 0.01(232), stagnancy 11.7%
[35m[MSG][0m itr   190, best 5581.8608, time  272.6, minPhero 0.01(232), stagnancy 12.0%
[35m[MSG][0m itr   191, best 5581.8608, time  274.1, minPhero 0.01(232), stagnancy 12.3%
[35m[MSG][0m itr   192, best 5581.8608, time  275.5, minPhero 0.01(232), stagnancy 12.7%
[35m[MSG][0m itr   193, best 5581.8608, time  276.9, minPhero 0.01(232), stagnancy 13.0%
[35m[MSG][0m itr   194, best 5581.8608, time  278.4, minPhero 0.01(232), stagnancy 13.3%
[35m[MSG][0m itr   195, best 5581.5205, time  279.8, minPhero 0.01(246), stagnancy 0.0%
[35m[MSG][0m itr   196, best 5579.9707, time  281.3, minPhero 0.01(246), stagnancy 0.0%
[35m[MSG][0m itr   197, best 5579.9707, time  282.7, minPhero 0.01(246), stagnancy 0.3%
[35m[MSG][0m itr   198, best 5579.9707, time  284.1, minPhero 0.01(246), stagnancy 0.7%
[35m[MSG][0m itr   199, best 5579.9707, time  285.5, minPhero 0.01(246), stagnancy 1.0%
[35m[MSG][0m itr   200, best 5579.9707, time  286.9, minPhero 0.01(246), stagnancy 1.3%
[35m[MSG][0m itr   201, best 5579.9707, time  288.3, minPhero 0.01(246), stagnancy 1.7%
[35m[MSG][0m itr   202, best 5579.9707, time  289.8, minPhero 0.01(246), stagnancy 2.0%
[35m[MSG][0m itr   203, best 5579.9702, time  291.2, minPhero 0.01(246), stagnancy 0.0%
[35m[MSG][0m itr   204, best 5579.9702, time  292.7, minPhero 0.01(246), stagnancy 0.3%
[35m[MSG][0m itr   205, best 5579.9702, time  294.1, minPhero 0.01(246), stagnancy 0.7%
[35m[MSG][0m itr   206, best 5579.9702, time  295.5, minPhero 0.01(246), stagnancy 1.0%
[35m[MSG][0m itr   207, best 5579.9702, time  296.9, minPhero 0.01(243), stagnancy 1.3%
[35m[MSG][0m itr   208, best 5579.9702, time  298.2, minPhero 0.01(243), stagnancy 1.7%
[35m[MSG][0m itr   209, best 5579.9702, time  299.6, minPhero 0.01(243), stagnancy 2.0%
[35m[MSG][0m itr   210, best 5579.9702, time  301.1, minPhero 0.01(243), stagnancy 2.3%
[35m[MSG][0m itr   211, best 5579.9702, time  302.5, minPhero 0.01(243), stagnancy 2.7%
[35m[MSG][0m itr   212, best 5579.9702, time  303.9, minPhero 0.01(243), stagnancy 3.0%
[35m[MSG][0m itr   213, best 5579.9702, time  305.4, minPhero 0.01(243), stagnancy 3.3%
[35m[MSG][0m itr   214, best 5579.9702, time  306.8, minPhero 0.01(243), stagnancy 3.7%
[35m[MSG][0m itr   215, best 5579.9702, time  308.3, minPhero 0.01(243), stagnancy 4.0%
[35m[MSG][0m itr   216, best 5579.9702, time  309.7, minPhero 0.01(243), stagnancy 4.3%
[35m[MSG][0m itr   217, best 5579.9702, time  311.2, minPhero 0.01(232), stagnancy 4.7%
[35m[MSG][0m itr   218, best 5579.9702, time  312.6, minPhero 0.01(232), stagnancy 5.0%
[35m[MSG][0m itr   219, best 5579.9702, time  314.0, minPhero 0.01(232), stagnancy 5.3%
[35m[MSG][0m itr   220, best 5579.9702, time  315.5, minPhero 0.01(232), stagnancy 5.7%
[35m[MSG][0m itr   221, best 5579.9702, time  316.9, minPhero 0.01(232), stagnancy 6.0%
[35m[MSG][0m itr   222, best 5579.9702, time  318.3, minPhero 0.01(232), stagnancy 6.3%
[35m[MSG][0m itr   223, best 5579.9702, time  319.8, minPhero 0.01(232), stagnancy 6.7%
[35m[MSG][0m itr   224, best 5579.9702, time  321.2, minPhero 0.01(232), stagnancy 7.0%
[35m[MSG][0m itr   225, best 5579.9702, time  322.7, minPhero 0.01(232), stagnancy 7.3%
[35m[MSG][0m itr   226, best 5579.9702, time  324.1, minPhero 0.01(232), stagnancy 7.7%
[35m[MSG][0m itr   227, best 5579.9702, time  325.4, minPhero 0.01(232), stagnancy 8.0%
[35m[MSG][0m itr   228, best 5579.9702, time  326.8, minPhero 0.01(232), stagnancy 8.3%
[35m[MSG][0m itr   229, best 5579.9702, time  328.2, minPhero 0.01(232), stagnancy 8.7%
[35m[MSG][0m itr   230, best 5579.9702, time  329.6, minPhero 0.01(232), stagnancy 9.0%
[35m[MSG][0m itr   231, best 5579.9702, time  331.1, minPhero 0.01(232), stagnancy 9.3%
[35m[MSG][0m itr   232, best 5579.9702, time  332.5, minPhero 0.01(232), stagnancy 9.7%
[35m[MSG][0m itr   233, best 5579.9702, time  334.0, minPhero 0.01(232), stagnancy 10.0%
[35m[MSG][0m itr   234, best 5579.9702, time  335.4, minPhero 0.01(232), stagnancy 10.3%
[35m[MSG][0m itr   235, best 5579.9702, time  336.9, minPhero 0.01(232), stagnancy 10.7%
[35m[MSG][0m itr   236, best 5579.9702, time  338.3, minPhero 0.01(232), stagnancy 11.0%
[35m[MSG][0m itr   237, best 5579.9702, time  339.7, minPhero 0.01(232), stagnancy 11.3%
[35m[MSG][0m itr   238, best 5579.9702, time  341.2, minPhero 0.01(232), stagnancy 11.7%
[35m[MSG][0m itr   239, best 5579.9702, time  342.6, minPhero 0.01(232), stagnancy 12.0%
[35m[MSG][0m itr   240, best 5579.9702, time  344.1, minPhero 0.01(232), stagnancy 12.3%
[35m[MSG][0m itr   241, best 5579.9702, time  345.5, minPhero 0.01(232), stagnancy 12.7%
[35m[MSG][0m itr   242, best 5579.9702, time  347.0, minPhero 0.01(232), stagnancy 13.0%
[35m[MSG][0m itr   243, best 5579.9702, time  348.4, minPhero 0.01(232), stagnancy 13.3%
[35m[MSG][0m itr   244, best 5579.9702, time  349.9, minPhero 0.01(232), stagnancy 13.7%
[35m[MSG][0m itr   245, best 5579.9702, time  351.3, minPhero 0.01(232), stagnancy 14.0%
[35m[MSG][0m itr   246, best 5579.9702, time  352.7, minPhero 0.01(232), stagnancy 14.3%
[35m[MSG][0m itr   247, best 5579.9702, time  354.2, minPhero 0.01(232), stagnancy 14.7%
[35m[MSG][0m itr   248, best 5579.9702, time  355.6, minPhero 0.01(232), stagnancy 15.0%
[35m[MSG][0m itr   249, best 5579.9702, time  357.0, minPhero 0.01(232), stagnancy 15.3%
[35m[MSG][0m itr   250, best 5579.9702, time  358.5, minPhero 0.01(232), stagnancy 15.7%
[35m[MSG][0m itr   251, best 5579.9702, time  359.9, minPhero 0.01(232), stagnancy 16.0%
[35m[MSG][0m itr   252, best 5579.9702, time  361.4, minPhero 0.01(232), stagnancy 16.3%
[35m[MSG][0m itr   253, best 5579.9702, time  362.8, minPhero 0.01(232), stagnancy 16.7%
[35m[MSG][0m itr   254, best 5579.9702, time  364.2, minPhero 0.01(232), stagnancy 17.0%
[35m[MSG][0m itr   255, best 5579.8940, time  365.7, minPhero 0.01(239), stagnancy 0.0%
[35m[MSG][0m itr   256, best 5579.8940, time  367.1, minPhero 0.01(239), stagnancy 0.3%
[35m[MSG][0m itr   257, best 5579.8140, time  368.6, minPhero 0.01(239), stagnancy 0.0%
[35m[MSG][0m itr   258, best 5579.8140, time  370.1, minPhero 0.01(239), stagnancy 0.3%
[35m[MSG][0m itr   259, best 5579.8140, time  371.5, minPhero 0.01(239), stagnancy 0.7%
[35m[MSG][0m itr   260, best 5579.8140, time  372.9, minPhero 0.01(239), stagnancy 1.0%
[35m[MSG][0m itr   261, best 5579.8140, time  374.4, minPhero 0.01(239), stagnancy 1.3%
[35m[MSG][0m itr   262, best 5579.8140, time  375.8, minPhero 0.01(239), stagnancy 1.7%
[35m[MSG][0m itr   263, best 5579.8140, time  377.3, minPhero 0.01(239), stagnancy 2.0%
[35m[MSG][0m itr   264, best 5579.8140, time  378.7, minPhero 0.01(239), stagnancy 2.3%
[35m[MSG][0m itr   265, best 5579.8140, time  380.2, minPhero 0.01(239), stagnancy 2.7%
[35m[MSG][0m itr   266, best 5579.8140, time  381.6, minPhero 0.01(239), stagnancy 3.0%
[35m[MSG][0m itr   267, best 5579.8140, time  383.1, minPhero 0.01(239), stagnancy 3.3%
[35m[MSG][0m itr   268, best 5579.8140, time  384.5, minPhero 0.01(239), stagnancy 3.7%
[35m[MSG][0m itr   269, best 5579.8140, time  386.0, minPhero 0.01(239), stagnancy 4.0%
[35m[MSG][0m itr   270, best 5579.8140, time  387.4, minPhero 0.01(239), stagnancy 4.3%
[35m[MSG][0m itr   271, best 5579.8140, time  388.8, minPhero 0.01(239), stagnancy 4.7%
[35m[MSG][0m itr   272, best 5579.8140, time  390.2, minPhero 0.01(236), stagnancy 5.0%
[35m[MSG][0m itr   273, best 5579.8140, time  391.7, minPhero 0.01(236), stagnancy 5.3%
[35m[MSG][0m itr   274, best 5579.8140, time  393.2, minPhero 0.01(236), stagnancy 5.7%
[35m[MSG][0m itr   275, best 5579.8140, time  394.6, minPhero 0.01(236), stagnancy 6.0%
[35m[MSG][0m itr   276, best 5579.8140, time  396.0, minPhero 0.01(236), stagnancy 6.3%
[35m[MSG][0m itr   277, best 5579.8140, time  397.5, minPhero 0.01(232), stagnancy 6.7%
[35m[MSG][0m itr   278, best 5579.8140, time  398.9, minPhero 0.01(232), stagnancy 7.0%
[35m[MSG][0m itr   279, best 5579.8140, time  400.3, minPhero 0.01(232), stagnancy 7.3%
[35m[MSG][0m itr   280, best 5579.8140, time  401.8, minPhero 0.01(232), stagnancy 7.7%
[35m[MSG][0m itr   281, best 5579.8140, time  403.2, minPhero 0.01(232), stagnancy 8.0%
[35m[MSG][0m itr   282, best 5579.8140, time  404.6, minPhero 0.01(232), stagnancy 8.3%
[35m[MSG][0m itr   283, best 5579.8140, time  406.1, minPhero 0.01(232), stagnancy 8.7%
[35m[MSG][0m itr   284, best 5579.8140, time  407.5, minPhero 0.01(232), stagnancy 9.0%
[35m[MSG][0m itr   285, best 5579.8140, time  409.0, minPhero 0.01(232), stagnancy 9.3%
[35m[MSG][0m itr   286, best 5579.8140, time  410.4, minPhero 0.01(232), stagnancy 9.7%
[35m[MSG][0m itr   287, best 5579.8140, time  411.9, minPhero 0.01(232), stagnancy 10.0%
[35m[MSG][0m itr   288, best 5579.8140, time  413.4, minPhero 0.01(232), stagnancy 10.3%
[35m[MSG][0m itr   289, best 5579.8140, time  414.8, minPhero 0.01(232), stagnancy 10.7%
[35m[MSG][0m itr   290, best 5579.8140, time  416.2, minPhero 0.01(232), stagnancy 11.0%
[35m[MSG][0m itr   291, best 5579.8140, time  417.7, minPhero 0.01(232), stagnancy 11.3%
[35m[MSG][0m itr   292, best 5579.8140, time  419.1, minPhero 0.01(232), stagnancy 11.7%
[35m[MSG][0m itr   293, best 5579.8140, time  420.5, minPhero 0.01(232), stagnancy 12.0%
[35m[MSG][0m itr   294, best 5579.8140, time  422.0, minPhero 0.01(232), stagnancy 12.3%
[35m[MSG][0m itr   295, best 5579.8140, time  423.4, minPhero 0.01(232), stagnancy 12.7%
[35m[MSG][0m itr   296, best 5579.8140, time  424.8, minPhero 0.01(232), stagnancy 13.0%
[35m[MSG][0m itr   297, best 5579.8140, time  426.2, minPhero 0.01(232), stagnancy 13.3%
[35m[MSG][0m itr   298, best 5579.8140, time  427.7, minPhero 0.01(232), stagnancy 13.7%
[35m[MSG][0m itr   299, best 5579.8140, time  429.1, minPhero 0.01(232), stagnancy 14.0%
[35m[MSG][0m itr   300, best 5579.8140, time  430.6, minPhero 0.01(232), stagnancy 14.3%
[35m[MSG][0m itr   301, best 5579.8140, time  432.0, minPhero 0.01(232), stagnancy 14.7%
[35m[MSG][0m itr   302, best 5579.8140, time  433.5, minPhero 0.01(232), stagnancy 15.0%
[35m[MSG][0m itr   303, best 5579.8140, time  434.9, minPhero 0.01(232), stagnancy 15.3%
[35m[MSG][0m itr   304, best 5579.8140, time  436.4, minPhero 0.01(232), stagnancy 15.7%
[35m[MSG][0m itr   305, best 5579.8140, time  437.8, minPhero 0.01(232), stagnancy 16.0%
[35m[MSG][0m itr   306, best 5579.8140, time  439.2, minPhero 0.01(232), stagnancy 16.3%
[35m[MSG][0m itr   307, best 5579.8140, time  440.7, minPhero 0.01(232), stagnancy 16.7%
[35m[MSG][0m itr   308, best 5579.8140, time  442.1, minPhero 0.01(232), stagnancy 17.0%
[35m[MSG][0m itr   309, best 5579.8140, time  443.5, minPhero 0.01(232), stagnancy 17.3%
[35m[MSG][0m itr   310, best 5579.8140, time  445.0, minPhero 0.01(232), stagnancy 17.7%
[35m[MSG][0m itr   311, best 5579.8140, time  446.4, minPhero 0.01(232), stagnancy 18.0%
[35m[MSG][0m itr   312, best 5579.8140, time  447.8, minPhero 0.01(232), stagnancy 18.3%
[35m[MSG][0m itr   313, best 5579.8140, time  449.3, minPhero 0.01(232), stagnancy 18.7%
[35m[MSG][0m itr   314, best 5579.8140, time  450.7, minPhero 0.01(232), stagnancy 19.0%
[35m[MSG][0m itr   315, best 5579.8140, time  452.2, minPhero 0.01(232), stagnancy 19.3%
[35m[MSG][0m itr   316, best 5579.8140, time  453.6, minPhero 0.01(232), stagnancy 19.7%
[35m[MSG][0m itr   317, best 5579.8140, time  455.0, minPhero 0.01(232), stagnancy 20.0%
[35m[MSG][0m itr   318, best 5579.8140, time  456.5, minPhero 0.01(232), stagnancy 20.3%
[35m[MSG][0m itr   319, best 5579.8140, time  457.9, minPhero 0.01(232), stagnancy 20.7%
[35m[MSG][0m itr   320, best 5579.8140, time  459.4, minPhero 0.01(232), stagnancy 21.0%
[35m[MSG][0m itr   321, best 5579.8140, time  460.8, minPhero 0.01(232), stagnancy 21.3%
[35m[MSG][0m itr   322, best 5579.8140, time  462.2, minPhero 0.01(232), stagnancy 21.7%
[35m[MSG][0m itr   323, best 5579.8140, time  463.6, minPhero 0.01(232), stagnancy 22.0%
[35m[MSG][0m itr   324, best 5579.8140, time  465.0, minPhero 0.01(232), stagnancy 22.3%
[35m[MSG][0m itr   325, best 5579.8140, time  466.5, minPhero 0.01(232), stagnancy 22.7%
[35m[MSG][0m itr   326, best 5579.8140, time  467.9, minPhero 0.01(232), stagnancy 23.0%
[35m[MSG][0m itr   327, best 5579.8140, time  469.4, minPhero 0.01(232), stagnancy 23.3%
[35m[MSG][0m itr   328, best 5579.8140, time  470.8, minPhero 0.01(232), stagnancy 23.7%
[35m[MSG][0m itr   329, best 5579.8140, time  472.3, minPhero 0.01(232), stagnancy 24.0%
[35m[MSG][0m itr   330, best 5579.8140, time  473.7, minPhero 0.01(232), stagnancy 24.3%
[35m[MSG][0m itr   331, best 5579.8140, time  475.2, minPhero 0.01(232), stagnancy 24.7%
[35m[MSG][0m itr   332, best 5579.8140, time  476.6, minPhero 0.01(232), stagnancy 25.0%
[35m[MSG][0m itr   333, best 5579.8140, time  478.1, minPhero 0.01(232), stagnancy 25.3%
[35m[MSG][0m itr   334, best 5579.8140, time  479.5, minPhero 0.01(232), stagnancy 25.7%
[35m[MSG][0m itr   335, best 5579.8140, time  480.9, minPhero 0.01(232), stagnancy 26.0%
[35m[MSG][0m itr   336, best 5579.8140, time  482.4, minPhero 0.01(232), stagnancy 26.3%
[35m[MSG][0m itr   337, best 5579.8140, time  483.8, minPhero 0.01(232), stagnancy 26.7%
[35m[MSG][0m itr   338, best 5579.8140, time  485.2, minPhero 0.01(232), stagnancy 27.0%
[35m[MSG][0m itr   339, best 5579.8140, time  486.7, minPhero 0.01(232), stagnancy 27.3%
[35m[MSG][0m itr   340, best 5579.8140, time  488.1, minPhero 0.01(232), stagnancy 27.7%
[35m[MSG][0m itr   341, best 5579.8140, time  489.6, minPhero 0.01(232), stagnancy 28.0%
[35m[MSG][0m itr   342, best 5579.8140, time  491.0, minPhero 0.01(232), stagnancy 28.3%
[35m[MSG][0m itr   343, best 5579.8140, time  492.5, minPhero 0.01(232), stagnancy 28.7%
[35m[MSG][0m itr   344, best 5579.8140, time  493.9, minPhero 0.01(232), stagnancy 29.0%
[35m[MSG][0m itr   345, best 5579.8140, time  495.3, minPhero 0.01(232), stagnancy 29.3%
[35m[MSG][0m itr   346, best 5579.8140, time  496.7, minPhero 0.01(232), stagnancy 29.7%
[35m[MSG][0m itr   347, best 5579.8140, time  498.2, minPhero 0.01(232), stagnancy 30.0%
[35m[MSG][0m itr   348, best 5579.8140, time  499.7, minPhero 0.01(232), stagnancy 30.3%
[35m[MSG][0m itr   349, best 5579.8140, time  501.1, minPhero 0.01(232), stagnancy 30.7%
[35m[MSG][0m itr   350, best 5579.8140, time  502.5, minPhero 0.01(232), stagnancy 31.0%
[35m[MSG][0m itr   351, best 5579.8140, time  504.0, minPhero 0.01(232), stagnancy 31.3%
[35m[MSG][0m itr   352, best 5579.8140, time  505.4, minPhero 0.01(232), stagnancy 31.7%
[35m[MSG][0m itr   353, best 5579.8140, time  506.9, minPhero 0.01(232), stagnancy 32.0%
[35m[MSG][0m itr   354, best 5579.8140, time  508.3, minPhero 0.01(232), stagnancy 32.3%
[35m[MSG][0m itr   355, best 5579.8140, time  509.8, minPhero 0.01(232), stagnancy 32.7%
[35m[MSG][0m itr   356, best 5579.8140, time  511.2, minPhero 0.01(232), stagnancy 33.0%
[35m[MSG][0m itr   357, best 5579.8140, time  512.7, minPhero 0.01(232), stagnancy 33.3%
[35m[MSG][0m itr   358, best 5579.8140, time  514.1, minPhero 0.01(232), stagnancy 33.7%
[35m[MSG][0m itr   359, best 5579.8140, time  515.5, minPhero 0.01(232), stagnancy 34.0%
[35m[MSG][0m itr   360, best 5579.8140, time  517.0, minPhero 0.01(232), stagnancy 34.3%
[35m[MSG][0m itr   361, best 5579.8140, time  518.4, minPhero 0.01(232), stagnancy 34.7%
[35m[MSG][0m itr   362, best 5579.8140, time  519.9, minPhero 0.01(232), stagnancy 35.0%
[35m[MSG][0m itr   363, best 5579.8140, time  521.3, minPhero 0.01(232), stagnancy 35.3%
[35m[MSG][0m itr   364, best 5579.8140, time  522.7, minPhero 0.01(232), stagnancy 35.7%
[35m[MSG][0m itr   365, best 5579.8140, time  524.1, minPhero 0.01(232), stagnancy 36.0%
[35m[MSG][0m itr   366, best 5579.8140, time  525.6, minPhero 0.01(232), stagnancy 36.3%
[35m[MSG][0m itr   367, best 5579.8140, time  527.0, minPhero 0.01(232), stagnancy 36.7%
[35m[MSG][0m itr   368, best 5579.8140, time  528.5, minPhero 0.01(232), stagnancy 37.0%
[35m[MSG][0m itr   369, best 5579.8140, time  529.9, minPhero 0.01(232), stagnancy 37.3%
[35m[MSG][0m itr   370, best 5579.8140, time  531.4, minPhero 0.01(232), stagnancy 37.7%
[35m[MSG][0m itr   371, best 5579.8140, time  532.8, minPhero 0.01(232), stagnancy 38.0%
[35m[MSG][0m itr   372, best 5579.8140, time  534.2, minPhero 0.01(232), stagnancy 38.3%
[35m[MSG][0m itr   373, best 5579.8140, time  535.7, minPhero 0.01(232), stagnancy 38.7%
[35m[MSG][0m itr   374, best 5579.8140, time  537.1, minPhero 0.01(232), stagnancy 39.0%
[35m[MSG][0m itr   375, best 5579.8140, time  538.6, minPhero 0.01(232), stagnancy 39.3%
[35m[MSG][0m itr   376, best 5579.8140, time  540.0, minPhero 0.01(232), stagnancy 39.7%
[35m[MSG][0m itr   377, best 5579.8140, time  541.4, minPhero 0.01(232), stagnancy 40.0%
[35m[MSG][0m itr   378, best 5579.8140, time  542.9, minPhero 0.01(232), stagnancy 40.3%
[35m[MSG][0m itr   379, best 5579.8140, time  544.3, minPhero 0.01(232), stagnancy 40.7%
[35m[MSG][0m itr   380, best 5579.8140, time  545.6, minPhero 0.01(232), stagnancy 41.0%
[35m[MSG][0m itr   381, best 5579.8140, time  547.0, minPhero 0.01(232), stagnancy 41.3%
[35m[MSG][0m itr   382, best 5579.8140, time  548.4, minPhero 0.01(232), stagnancy 41.7%
[35m[MSG][0m itr   383, best 5579.8140, time  549.8, minPhero 0.01(232), stagnancy 42.0%
[35m[MSG][0m itr   384, best 5579.8140, time  551.2, minPhero 0.01(232), stagnancy 42.3%
[35m[MSG][0m itr   385, best 5579.8140, time  552.7, minPhero 0.01(232), stagnancy 42.7%
[35m[MSG][0m itr   386, best 5579.8140, time  554.0, minPhero 0.01(232), stagnancy 43.0%
[35m[MSG][0m itr   387, best 5579.8140, time  555.3, minPhero 0.01(232), stagnancy 43.3%
[35m[MSG][0m itr   388, best 5579.8140, time  556.7, minPhero 0.01(232), stagnancy 43.7%
[35m[MSG][0m itr   389, best 5579.8140, time  558.2, minPhero 0.01(232), stagnancy 44.0%
[35m[MSG][0m itr   390, best 5579.8140, time  559.6, minPhero 0.01(232), stagnancy 44.3%
[35m[MSG][0m itr   391, best 5579.8140, time  561.0, minPhero 0.01(232), stagnancy 44.7%
[35m[MSG][0m itr   392, best 5579.8140, time  562.4, minPhero 0.01(232), stagnancy 45.0%
[35m[MSG][0m itr   393, best 5579.8140, time  563.7, minPhero 0.01(232), stagnancy 45.3%
[35m[MSG][0m itr   394, best 5579.8140, time  565.1, minPhero 0.01(232), stagnancy 45.7%
[35m[MSG][0m itr   395, best 5579.8140, time  566.5, minPhero 0.01(232), stagnancy 46.0%
[35m[MSG][0m itr   396, best 5579.8140, time  568.0, minPhero 0.01(232), stagnancy 46.3%
[35m[MSG][0m itr   397, best 5579.8140, time  569.4, minPhero 0.01(232), stagnancy 46.7%
[35m[MSG][0m itr   398, best 5579.8140, time  570.8, minPhero 0.01(232), stagnancy 47.0%
[35m[MSG][0m itr   399, best 5579.8140, time  572.2, minPhero 0.01(232), stagnancy 47.3%
[35m[MSG][0m itr   400, best 5579.8140, time  573.6, minPhero 0.01(232), stagnancy 47.7%
[35m[MSG][0m itr   401, best 5579.8140, time  575.1, minPhero 0.01(232), stagnancy 48.0%
[35m[MSG][0m itr   402, best 5579.8140, time  576.5, minPhero 0.01(232), stagnancy 48.3%
[35m[MSG][0m itr   403, best 5579.8140, time  577.9, minPhero 0.01(232), stagnancy 48.7%
[35m[MSG][0m itr   404, best 5579.8140, time  579.4, minPhero 0.01(232), stagnancy 49.0%
[35m[MSG][0m itr   405, best 5579.8140, time  580.8, minPhero 0.01(232), stagnancy 49.3%
[35m[MSG][0m itr   406, best 5579.8140, time  582.2, minPhero 0.01(232), stagnancy 49.7%
[35m[MSG][0m itr   407, best 5579.8140, time  583.6, minPhero 0.01(232), stagnancy 50.0%
[35m[MSG][0m itr   408, best 5579.8140, time  584.9, minPhero 0.01(232), stagnancy 50.3%
[35m[MSG][0m itr   409, best 5579.8140, time  586.4, minPhero 0.01(232), stagnancy 50.7%
[35m[MSG][0m itr   410, best 5579.8140, time  587.8, minPhero 0.01(232), stagnancy 51.0%
[35m[MSG][0m itr   411, best 5579.8140, time  589.2, minPhero 0.01(232), stagnancy 51.3%
[35m[MSG][0m itr   412, best 5579.8140, time  590.7, minPhero 0.01(232), stagnancy 51.7%
[35m[MSG][0m itr   413, best 5579.8140, time  592.1, minPhero 0.01(232), stagnancy 52.0%
[35m[MSG][0m itr   414, best 5579.8140, time  593.5, minPhero 0.01(232), stagnancy 52.3%
[35m[MSG][0m itr   415, best 5579.8140, time  594.9, minPhero 0.01(232), stagnancy 52.7%
[35m[MSG][0m itr   416, best 5579.8140, time  596.4, minPhero 0.01(232), stagnancy 53.0%
[35m[MSG][0m itr   417, best 5579.8140, time  597.8, minPhero 0.01(232), stagnancy 53.3%
[35m[MSG][0m itr   418, best 5579.8140, time  599.3, minPhero 0.01(232), stagnancy 53.7%
[35m[MSG][0m itr   419, best 5579.8140, time  600.7, minPhero 0.01(232), stagnancy 54.0%
[35m[MSG][0m itr   420, best 5579.8140, time  602.1, minPhero 0.01(232), stagnancy 54.3%
[35m[MSG][0m itr   421, best 5579.8140, time  603.5, minPhero 0.01(232), stagnancy 54.7%
[35m[MSG][0m itr   422, best 5579.8140, time  604.9, minPhero 0.01(232), stagnancy 55.0%
[35m[MSG][0m itr   423, best 5579.8140, time  606.4, minPhero 0.01(232), stagnancy 55.3%
[35m[MSG][0m itr   424, best 5579.8140, time  607.8, minPhero 0.01(232), stagnancy 55.7%
[35m[MSG][0m itr   425, best 5579.8140, time  609.3, minPhero 0.01(232), stagnancy 56.0%
[35m[MSG][0m itr   426, best 5579.8140, time  610.7, minPhero 0.01(232), stagnancy 56.3%
[35m[MSG][0m itr   427, best 5579.8140, time  612.2, minPhero 0.01(232), stagnancy 56.7%
[35m[MSG][0m itr   428, best 5579.8140, time  613.6, minPhero 0.01(232), stagnancy 57.0%
[35m[MSG][0m itr   429, best 5579.8140, time  615.1, minPhero 0.01(232), stagnancy 57.3%
[35m[MSG][0m itr   430, best 5579.8140, time  616.5, minPhero 0.01(232), stagnancy 57.7%
[35m[MSG][0m itr   431, best 5579.8140, time  618.0, minPhero 0.01(232), stagnancy 58.0%
[35m[MSG][0m itr   432, best 5579.8140, time  619.4, minPhero 0.01(232), stagnancy 58.3%
[35m[MSG][0m itr   433, best 5579.8140, time  620.8, minPhero 0.01(232), stagnancy 58.7%
[35m[MSG][0m itr   434, best 5579.8140, time  622.3, minPhero 0.01(232), stagnancy 59.0%
[35m[MSG][0m itr   435, best 5579.8140, time  623.5, minPhero 0.01(232), stagnancy 59.3%
[35m[MSG][0m itr   436, best 5579.8140, time  624.9, minPhero 0.01(232), stagnancy 59.7%
[35m[MSG][0m itr   437, best 5579.8140, time  626.4, minPhero 0.01(232), stagnancy 60.0%
[35m[MSG][0m itr   438, best 5579.8140, time  627.8, minPhero 0.01(232), stagnancy 60.3%
[35m[MSG][0m itr   439, best 5579.8140, time  629.3, minPhero 0.01(232), stagnancy 60.7%
[35m[MSG][0m itr   440, best 5579.8140, time  630.6, minPhero 0.01(232), stagnancy 61.0%
[35m[MSG][0m itr   441, best 5579.8140, time  631.9, minPhero 0.01(232), stagnancy 61.3%
[35m[MSG][0m itr   442, best 5579.8140, time  633.4, minPhero 0.01(232), stagnancy 61.7%
[35m[MSG][0m itr   443, best 5579.8140, time  634.7, minPhero 0.01(232), stagnancy 62.0%
[35m[MSG][0m itr   444, best 5579.8140, time  636.2, minPhero 0.01(232), stagnancy 62.3%
[35m[MSG][0m itr   445, best 5579.8140, time  637.5, minPhero 0.01(232), stagnancy 62.7%
[35m[MSG][0m itr   446, best 5579.8140, time  638.9, minPhero 0.01(232), stagnancy 63.0%
[35m[MSG][0m itr   447, best 5579.8140, time  640.3, minPhero 0.01(232), stagnancy 63.3%
[35m[MSG][0m itr   448, best 5579.8140, time  641.6, minPhero 0.01(232), stagnancy 63.7%
[35m[MSG][0m itr   449, best 5579.8140, time  643.0, minPhero 0.01(232), stagnancy 64.0%
[35m[MSG][0m itr   450, best 5579.8140, time  644.4, minPhero 0.01(232), stagnancy 64.3%
[35m[MSG][0m itr   451, best 5579.8140, time  645.9, minPhero 0.01(232), stagnancy 64.7%
[35m[MSG][0m itr   452, best 5579.8140, time  647.2, minPhero 0.01(232), stagnancy 65.0%
[35m[MSG][0m itr   453, best 5579.8140, time  648.7, minPhero 0.01(232), stagnancy 65.3%
[35m[MSG][0m itr   454, best 5579.8140, time  650.0, minPhero 0.01(232), stagnancy 65.7%
[35m[MSG][0m itr   455, best 5579.8140, time  651.4, minPhero 0.01(232), stagnancy 66.0%
[35m[MSG][0m itr   456, best 5579.8140, time  652.8, minPhero 0.01(232), stagnancy 66.3%
[35m[MSG][0m itr   457, best 5579.8140, time  654.1, minPhero 0.01(232), stagnancy 66.7%
[35m[MSG][0m itr   458, best 5579.8140, time  655.5, minPhero 0.01(232), stagnancy 67.0%
[35m[MSG][0m itr   459, best 5579.8140, time  656.9, minPhero 0.01(232), stagnancy 67.3%
[35m[MSG][0m itr   460, best 5579.8140, time  658.3, minPhero 0.01(232), stagnancy 67.7%
[35m[MSG][0m itr   461, best 5579.8140, time  659.8, minPhero 0.01(232), stagnancy 68.0%
[35m[MSG][0m itr   462, best 5579.8140, time  661.2, minPhero 0.01(232), stagnancy 68.3%
[35m[MSG][0m itr   463, best 5579.8140, time  662.7, minPhero 0.01(232), stagnancy 68.7%
[35m[MSG][0m itr   464, best 5579.8140, time  664.1, minPhero 0.01(232), stagnancy 69.0%
[35m[MSG][0m itr   465, best 5579.8140, time  665.5, minPhero 0.01(232), stagnancy 69.3%
[35m[MSG][0m itr   466, best 5579.8140, time  667.0, minPhero 0.01(232), stagnancy 69.7%
[35m[MSG][0m itr   467, best 5579.8140, time  668.4, minPhero 0.01(232), stagnancy 70.0%
[35m[MSG][0m itr   468, best 5579.8140, time  669.9, minPhero 0.01(232), stagnancy 70.3%
[35m[MSG][0m itr   469, best 5579.8140, time  671.3, minPhero 0.01(232), stagnancy 70.7%
[35m[MSG][0m itr   470, best 5579.8140, time  672.8, minPhero 0.01(232), stagnancy 71.0%
[35m[MSG][0m itr   471, best 5579.8140, time  674.2, minPhero 0.01(232), stagnancy 71.3%
[35m[MSG][0m itr   472, best 5579.8140, time  675.7, minPhero 0.01(232), stagnancy 71.7%
[35m[MSG][0m itr   473, best 5579.8140, time  677.1, minPhero 0.01(232), stagnancy 72.0%
[35m[MSG][0m itr   474, best 5579.8140, time  678.5, minPhero 0.01(232), stagnancy 72.3%
[35m[MSG][0m itr   475, best 5579.8140, time  680.0, minPhero 0.01(232), stagnancy 72.7%
[35m[MSG][0m itr   476, best 5579.8140, time  681.4, minPhero 0.01(232), stagnancy 73.0%
[35m[MSG][0m itr   477, best 5579.8140, time  682.9, minPhero 0.01(232), stagnancy 73.3%
[35m[MSG][0m itr   478, best 5579.8140, time  684.3, minPhero 0.01(232), stagnancy 73.7%
[35m[MSG][0m itr   479, best 5579.8140, time  685.7, minPhero 0.01(232), stagnancy 74.0%
[35m[MSG][0m itr   480, best 5579.8140, time  687.2, minPhero 0.01(232), stagnancy 74.3%
[35m[MSG][0m itr   481, best 5579.8140, time  688.6, minPhero 0.01(232), stagnancy 74.7%
[35m[MSG][0m itr   482, best 5579.8140, time  690.0, minPhero 0.01(232), stagnancy 75.0%
[35m[MSG][0m itr   483, best 5579.8140, time  691.4, minPhero 0.01(232), stagnancy 75.3%
[35m[MSG][0m itr   484, best 5579.8140, time  692.9, minPhero 0.01(232), stagnancy 75.7%
[35m[MSG][0m itr   485, best 5579.8140, time  694.3, minPhero 0.01(232), stagnancy 76.0%
[35m[MSG][0m itr   486, best 5579.8140, time  695.8, minPhero 0.01(232), stagnancy 76.3%
[35m[MSG][0m itr   487, best 5579.8140, time  697.2, minPhero 0.01(232), stagnancy 76.7%
[35m[MSG][0m itr   488, best 5579.8140, time  698.6, minPhero 0.01(232), stagnancy 77.0%
[35m[MSG][0m itr   489, best 5579.8140, time  700.1, minPhero 0.01(232), stagnancy 77.3%
[35m[MSG][0m itr   490, best 5579.8140, time  701.5, minPhero 0.01(232), stagnancy 77.7%
[35m[MSG][0m itr   491, best 5579.8140, time  703.0, minPhero 0.01(232), stagnancy 78.0%
[35m[MSG][0m itr   492, best 5579.8140, time  704.4, minPhero 0.01(232), stagnancy 78.3%
[35m[MSG][0m itr   493, best 5579.8140, time  705.9, minPhero 0.01(232), stagnancy 78.7%
[35m[MSG][0m itr   494, best 5579.8140, time  707.3, minPhero 0.01(232), stagnancy 79.0%
[35m[MSG][0m itr   495, best 5579.8140, time  708.7, minPhero 0.01(232), stagnancy 79.3%
[35m[MSG][0m itr   496, best 5579.8140, time  710.2, minPhero 0.01(232), stagnancy 79.7%
[35m[MSG][0m itr   497, best 5579.8140, time  711.6, minPhero 0.01(232), stagnancy 80.0%
[35m[MSG][0m itr   498, best 5579.8140, time  713.1, minPhero 0.01(232), stagnancy 80.3%
[35m[MSG][0m itr   499, best 5579.8140, time  714.5, minPhero 0.01(232), stagnancy 80.7%
[35m[MSG][0m itr   500, best 5579.8140, time  715.9, minPhero 0.01(232), stagnancy 81.0%
[35m[MSG][0m itr   501, best 5579.8140, time  717.4, minPhero 0.01(232), stagnancy 81.3%
[35m[MSG][0m itr   502, best 5579.8140, time  718.8, minPhero 0.01(232), stagnancy 81.7%
[35m[MSG][0m itr   503, best 5579.8140, time  720.3, minPhero 0.01(232), stagnancy 82.0%
[35m[MSG][0m itr   504, best 5579.8140, time  721.7, minPhero 0.01(232), stagnancy 82.3%
[35m[MSG][0m itr   505, best 5579.8140, time  723.2, minPhero 0.01(232), stagnancy 82.7%
[35m[MSG][0m itr   506, best 5579.8140, time  724.6, minPhero 0.01(232), stagnancy 83.0%
[35m[MSG][0m itr   507, best 5579.8140, time  725.9, minPhero 0.01(232), stagnancy 83.3%
[35m[MSG][0m itr   508, best 5579.8140, time  727.4, minPhero 0.01(232), stagnancy 83.7%
[35m[MSG][0m itr   509, best 5579.8140, time  728.8, minPhero 0.01(232), stagnancy 84.0%
[35m[MSG][0m itr   510, best 5579.8140, time  730.3, minPhero 0.01(232), stagnancy 84.3%
[35m[MSG][0m itr   511, best 5579.8140, time  731.7, minPhero 0.01(232), stagnancy 84.7%
[35m[MSG][0m itr   512, best 5579.8140, time  733.1, minPhero 0.01(232), stagnancy 85.0%
[35m[MSG][0m itr   513, best 5579.8140, time  734.6, minPhero 0.01(232), stagnancy 85.3%
[35m[MSG][0m itr   514, best 5579.8140, time  736.0, minPhero 0.01(232), stagnancy 85.7%
[35m[MSG][0m itr   515, best 5579.8140, time  737.5, minPhero 0.01(232), stagnancy 86.0%
[35m[MSG][0m itr   516, best 5579.8140, time  738.9, minPhero 0.01(232), stagnancy 86.3%
[35m[MSG][0m itr   517, best 5579.8140, time  740.3, minPhero 0.01(232), stagnancy 86.7%
[35m[MSG][0m itr   518, best 5579.8140, time  741.8, minPhero 0.01(232), stagnancy 87.0%
[35m[MSG][0m itr   519, best 5579.8140, time  743.2, minPhero 0.01(232), stagnancy 87.3%
[35m[MSG][0m itr   520, best 5579.8140, time  744.7, minPhero 0.01(232), stagnancy 87.7%
[35m[MSG][0m itr   521, best 5579.8140, time  746.1, minPhero 0.01(232), stagnancy 88.0%
[35m[MSG][0m itr   522, best 5579.8140, time  747.6, minPhero 0.01(232), stagnancy 88.3%
[35m[MSG][0m itr   523, best 5579.8140, time  749.0, minPhero 0.01(232), stagnancy 88.7%
[35m[MSG][0m itr   524, best 5579.8140, time  750.5, minPhero 0.01(232), stagnancy 89.0%
[35m[MSG][0m itr   525, best 5579.8140, time  751.9, minPhero 0.01(232), stagnancy 89.3%
[35m[MSG][0m itr   526, best 5579.8140, time  753.4, minPhero 0.01(232), stagnancy 89.7%
[35m[MSG][0m itr   527, best 5579.8140, time  754.8, minPhero 0.01(232), stagnancy 90.0%
[35m[MSG][0m itr   528, best 5579.8140, time  756.3, minPhero 0.01(232), stagnancy 90.3%
[35m[MSG][0m itr   529, best 5579.8140, time  757.7, minPhero 0.01(232), stagnancy 90.7%
[35m[MSG][0m itr   530, best 5579.8140, time  759.1, minPhero 0.01(232), stagnancy 91.0%
[35m[MSG][0m itr   531, best 5579.8140, time  760.6, minPhero 0.01(232), stagnancy 91.3%
[35m[MSG][0m itr   532, best 5579.8140, time  762.1, minPhero 0.01(232), stagnancy 91.7%
[35m[MSG][0m itr   533, best 5579.8140, time  763.3, minPhero 0.01(232), stagnancy 92.0%
[35m[MSG][0m itr   534, best 5579.8140, time  764.8, minPhero 0.01(232), stagnancy 92.3%
[35m[MSG][0m itr   535, best 5579.8140, time  766.3, minPhero 0.01(232), stagnancy 92.7%
[35m[MSG][0m itr   536, best 5579.8140, time  767.7, minPhero 0.01(232), stagnancy 93.0%
[35m[MSG][0m itr   537, best 5579.8140, time  769.1, minPhero 0.01(232), stagnancy 93.3%
[35m[MSG][0m itr   538, best 5579.8140, time  770.6, minPhero 0.01(232), stagnancy 93.7%
[35m[MSG][0m itr   539, best 5579.8140, time  772.0, minPhero 0.01(232), stagnancy 94.0%
[35m[MSG][0m itr   540, best 5579.8140, time  773.5, minPhero 0.01(232), stagnancy 94.3%
[35m[MSG][0m itr   541, best 5579.8140, time  774.9, minPhero 0.01(232), stagnancy 94.7%
[35m[MSG][0m itr   542, best 5579.8140, time  776.4, minPhero 0.01(232), stagnancy 95.0%
[35m[MSG][0m itr   543, best 5579.8140, time  777.8, minPhero 0.01(232), stagnancy 95.3%
[35m[MSG][0m itr   544, best 5579.8140, time  779.2, minPhero 0.01(232), stagnancy 95.7%
[35m[MSG][0m itr   545, best 5579.8140, time  780.7, minPhero 0.01(232), stagnancy 96.0%
[35m[MSG][0m itr   546, best 5579.8140, time  782.1, minPhero 0.01(232), stagnancy 96.3%
[35m[MSG][0m itr   547, best 5579.8140, time  783.5, minPhero 0.01(232), stagnancy 96.7%
[35m[MSG][0m itr   548, best 5579.8140, time  785.0, minPhero 0.01(232), stagnancy 97.0%
[35m[MSG][0m itr   549, best 5579.8140, time  786.5, minPhero 0.01(232), stagnancy 97.3%
[35m[MSG][0m itr   550, best 5579.8140, time  787.9, minPhero 0.01(232), stagnancy 97.7%
[35m[MSG][0m itr   551, best 5579.8140, time  789.4, minPhero 0.01(232), stagnancy 98.0%
[35m[MSG][0m itr   552, best 5579.8140, time  790.8, minPhero 0.01(232), stagnancy 98.3%
[35m[MSG][0m itr   553, best 5579.8140, time  792.3, minPhero 0.01(232), stagnancy 98.7%
[35m[MSG][0m itr   554, best 5579.8140, time  793.7, minPhero 0.01(232), stagnancy 99.0%
[35m[MSG][0m itr   555, best 5579.8140, time  795.1, minPhero 0.01(232), stagnancy 99.3%
[35m[MSG][0m itr   556, best 5579.8140, time  796.5, minPhero 0.01(232), stagnancy 99.7%
[35m[MSG][0m itr   557, best 5579.8140, time  798.0, minPhero 0.01(232), stagnancy 100.0%
[35m[MSG][0m Solution converged. Reinitialising pheromones...
[35m[MSG][0m Time: 797.96 s
[35m[MSG][0m Best cost: 5579.81
