[35m[MSG][0m Log level set to LOG_DEBUG
[35m[MSG][0m Parsing input from file "res/fruitybun250_2016.vrp"
[35m[MSG][0m Number of nodes: 250
[35m[MSG][0m Running ACO search
[35m[MSG][0m ACO settings: 
 alpha:     8.000
 beta:      1.000
 pers:      0.850
 minPhero:  0.015
 nbhood:    10
 popSize:   512
 maxStag:   300
[35m[MSG][0m itr     1, best 5757.7134, time    1.3, minPhero 0.85(28922), stagnancy 0.0%
[35m[MSG][0m itr     2, best 5745.7212, time    2.6, minPhero 0.72(28922), stagnancy 0.0%
[35m[MSG][0m itr     3, best 5745.7212, time    4.1, minPhero 0.61(28922), stagnancy 0.3%
[35m[MSG][0m itr     4, best 5745.7212, time    5.5, minPhero 0.52(28922), stagnancy 0.7%
[35m[MSG][0m itr     5, best 5745.7212, time    6.8, minPhero 0.44(28922), stagnancy 1.0%
[35m[MSG][0m itr     6, best 5745.7212, time    8.1, minPhero 0.38(28922), stagnancy 1.3%
[35m[MSG][0m itr     7, best 5703.5205, time    9.6, minPhero 0.32(28922), stagnancy 0.0%
[35m[MSG][0m itr     8, best 5703.5205, time   11.0, minPhero 0.27(28922), stagnancy 0.3%
[35m[MSG][0m itr     9, best 5703.5205, time   12.5, minPhero 0.23(28922), stagnancy 0.7%
[35m[MSG][0m itr    10, best 5702.5825, time   14.0, minPhero 0.20(28922), stagnancy 0.0%
[35m[MSG][0m itr    11, best 5702.5825, time   15.4, minPhero 0.17(28922), stagnancy 0.3%
[35m[MSG][0m itr    12, best 5702.5825, time   16.9, minPhero 0.14(28922), stagnancy 0.7%
[35m[MSG][0m itr    13, best 5702.5825, time   18.4, minPhero 0.12(28922), stagnancy 1.0%
[35m[MSG][0m itr    14, best 5696.9009, time   19.8, minPhero 0.10(28922), stagnancy 0.0%
[35m[MSG][0m itr    15, best 5658.8638, time   21.3, minPhero 0.09(28922), stagnancy 0.0%
[35m[MSG][0m itr    16, best 5658.8638, time   22.8, minPhero 0.07(28922), stagnancy 0.3%
[35m[MSG][0m itr    17, best 5656.3389, time   24.2, minPhero 0.06(28922), stagnancy 0.0%
[35m[MSG][0m itr    18, best 5656.3389, time   25.5, minPhero 0.05(28922), stagnancy 0.3%
[35m[MSG][0m itr    19, best 5656.3389, time   27.0, minPhero 0.05(28922), stagnancy 0.7%
[35m[MSG][0m itr    20, best 5656.3389, time   28.4, minPhero 0.04(28922), stagnancy 1.0%
[35m[MSG][0m itr    21, best 5656.3389, time   29.9, minPhero 0.03(28922), stagnancy 1.3%
[35m[MSG][0m itr    22, best 5654.4194, time   31.4, minPhero 0.03(28922), stagnancy 0.0%
[35m[MSG][0m itr    23, best 5654.4194, time   32.9, minPhero 0.02(566), stagnancy 0.3%
[35m[MSG][0m itr    24, best 5654.4194, time   34.3, minPhero 0.02(516), stagnancy 0.7%
[35m[MSG][0m itr    25, best 5641.1455, time   35.8, minPhero 0.02(521), stagnancy 0.0%
[35m[MSG][0m itr    26, best 5641.1455, time   37.3, minPhero 0.01(521), stagnancy 0.3%
[35m[MSG][0m itr    27, best 5641.1455, time   38.8, minPhero 0.01(521), stagnancy 0.7%
[35m[MSG][0m itr    28, best 5641.1455, time   40.3, minPhero 0.01(521), stagnancy 1.0%
[35m[MSG][0m itr    29, best 5638.9854, time   41.7, minPhero 0.01(407), stagnancy 0.0%
[35m[MSG][0m itr    30, best 5638.9854, time   43.2, minPhero 0.01(401), stagnancy 0.3%
[35m[MSG][0m itr    31, best 5632.2012, time   44.7, minPhero 0.01(413), stagnancy 0.0%
[35m[MSG][0m itr    32, best 5632.2012, time   46.1, minPhero 0.01(400), stagnancy 0.3%
[35m[MSG][0m itr    33, best 5619.8706, time   47.6, minPhero 0.01(368), stagnancy 0.0%
[35m[MSG][0m itr    34, best 5619.8706, time   49.1, minPhero 0.01(366), stagnancy 0.3%
[35m[MSG][0m itr    35, best 5619.8706, time   50.6, minPhero 0.01(353), stagnancy 0.7%
[35m[MSG][0m itr    36, best 5618.5820, time   52.0, minPhero 0.01(352), stagnancy 0.0%
[35m[MSG][0m itr    37, best 5615.5308, time   53.4, minPhero 0.01(343), stagnancy 0.0%
[35m[MSG][0m itr    38, best 5615.5308, time   54.9, minPhero 0.01(339), stagnancy 0.3%
[35m[MSG][0m itr    39, best 5614.0459, time   56.4, minPhero 0.01(340), stagnancy 0.0%
[35m[MSG][0m itr    40, best 5611.9004, time   57.9, minPhero 0.01(343), stagnancy 0.0%
[35m[MSG][0m itr    41, best 5611.3633, time   59.3, minPhero 0.01(326), stagnancy 0.0%
[35m[MSG][0m itr    42, best 5604.8906, time   60.8, minPhero 0.01(316), stagnancy 0.0%
[35m[MSG][0m itr    43, best 5598.6304, time   62.2, minPhero 0.01(317), stagnancy 0.0%
[35m[MSG][0m itr    44, best 5598.6304, time   63.7, minPhero 0.01(316), stagnancy 0.3%
[35m[MSG][0m itr    45, best 5598.6304, time   65.2, minPhero 0.01(314), stagnancy 0.7%
[35m[MSG][0m itr    46, best 5597.7974, time   66.6, minPhero 0.01(316), stagnancy 0.0%
[35m[MSG][0m itr    47, best 5597.7974, time   68.1, minPhero 0.01(313), stagnancy 0.3%
[35m[MSG][0m itr    48, best 5593.8003, time   69.6, minPhero 0.01(311), stagnancy 0.0%
[35m[MSG][0m itr    49, best 5592.3965, time   71.0, minPhero 0.01(314), stagnancy 0.0%
[35m[MSG][0m itr    50, best 5592.2505, time   72.3, minPhero 0.01(315), stagnancy 0.0%
[35m[MSG][0m itr    51, best 5591.8057, time   73.8, minPhero 0.01(319), stagnancy 0.0%
[35m[MSG][0m itr    52, best 5591.6343, time   75.2, minPhero 0.01(313), stagnancy 0.0%
[35m[MSG][0m itr    53, best 5591.5630, time   76.7, minPhero 0.01(301), stagnancy 0.0%
[35m[MSG][0m itr    54, best 5590.9907, time   78.1, minPhero 0.01(290), stagnancy 0.0%
[35m[MSG][0m itr    55, best 5588.1909, time   79.6, minPhero 0.01(289), stagnancy 0.0%
[35m[MSG][0m itr    56, best 5588.1909, time   81.0, minPhero 0.01(284), stagnancy 0.3%
[35m[MSG][0m itr    57, best 5585.3052, time   82.5, minPhero 0.01(290), stagnancy 0.0%
[35m[MSG][0m itr    58, best 5585.3052, time   83.9, minPhero 0.01(289), stagnancy 0.3%
[35m[MSG][0m itr    59, best 5583.5513, time   85.4, minPhero 0.01(288), stagnancy 0.0%
[35m[MSG][0m itr    60, best 5583.4800, time   86.9, minPhero 0.01(288), stagnancy 0.0%
[35m[MSG][0m itr    61, best 5583.4800, time   88.3, minPhero 0.01(288), stagnancy 0.3%
[35m[MSG][0m itr    62, best 5583.4800, time   89.8, minPhero 0.01(287), stagnancy 0.7%
[35m[MSG][0m itr    63, best 5583.4800, time   91.3, minPhero 0.01(282), stagnancy 1.0%
[35m[MSG][0m itr    64, best 5583.3130, time   92.7, minPhero 0.01(277), stagnancy 0.0%
[35m[MSG][0m itr    65, best 5583.2534, time   94.2, minPhero 0.01(276), stagnancy 0.0%
[35m[MSG][0m itr    66, best 5583.2534, time   95.6, minPhero 0.01(274), stagnancy 0.3%
[35m[MSG][0m Solution converged. Reinitialising pheromones...
[35m[MSG][0m itr    67, best 5583.2534, time   97.1, minPhero 0.85(28922), stagnancy 0.7%
[35m[MSG][0m itr    68, best 5583.2534, time   98.5, minPhero 0.72(28922), stagnancy 1.0%
[35m[MSG][0m itr    69, best 5583.2534, time  100.0, minPhero 0.61(28922), stagnancy 1.3%
[35m[MSG][0m itr    70, best 5583.2534, time  101.4, minPhero 0.52(28922), stagnancy 1.7%
[35m[MSG][0m itr    71, best 5583.2534, time  102.9, minPhero 0.44(28922), stagnancy 2.0%
[35m[MSG][0m itr    72, best 5583.2534, time  104.4, minPhero 0.38(28922), stagnancy 2.3%
[35m[MSG][0m itr    73, best 5583.2534, time  105.8, minPhero 0.32(28922), stagnancy 2.7%
[35m[MSG][0m itr    74, best 5583.2534, time  107.3, minPhero 0.27(28922), stagnancy 3.0%
[35m[MSG][0m itr    75, best 5583.2534, time  108.6, minPhero 0.23(28922), stagnancy 3.3%
[35m[MSG][0m itr    76, best 5583.2534, time  110.1, minPhero 0.20(28922), stagnancy 3.7%
[35m[MSG][0m itr    77, best 5583.2534, time  111.6, minPhero 0.17(28922), stagnancy 4.0%
[35m[MSG][0m itr    78, best 5583.2534, time  113.0, minPhero 0.14(28922), stagnancy 4.3%
[35m[MSG][0m itr    79, best 5583.2534, time  114.5, minPhero 0.12(28922), stagnancy 4.7%
[35m[MSG][0m itr    80, best 5583.2534, time  115.9, minPhero 0.10(28922), stagnancy 5.0%
[35m[MSG][0m itr    81, best 5583.2534, time  117.4, minPhero 0.09(28922), stagnancy 5.3%
[35m[MSG][0m itr    82, best 5583.2534, time  118.9, minPhero 0.07(28922), stagnancy 5.7%
[35m[MSG][0m itr    83, best 5583.2534, time  120.4, minPhero 0.06(28922), stagnancy 6.0%
[35m[MSG][0m itr    84, best 5583.2534, time  121.9, minPhero 0.05(28922), stagnancy 6.3%
[35m[MSG][0m itr    85, best 5583.2534, time  123.3, minPhero 0.05(28922), stagnancy 6.7%
[35m[MSG][0m itr    86, best 5583.2534, time  124.8, minPhero 0.04(28922), stagnancy 7.0%
[35m[MSG][0m itr    87, best 5583.2534, time  126.2, minPhero 0.03(28922), stagnancy 7.3%
[35m[MSG][0m itr    88, best 5583.2534, time  127.7, minPhero 0.03(28922), stagnancy 7.7%
[35m[MSG][0m itr    89, best 5583.2534, time  129.2, minPhero 0.02(232), stagnancy 8.0%
[35m[MSG][0m itr    90, best 5583.2056, time  130.6, minPhero 0.02(233), stagnancy 0.0%
[35m[MSG][0m itr    91, best 5583.2056, time  132.1, minPhero 0.02(233), stagnancy 0.3%
[35m[MSG][0m itr    92, best 5583.2056, time  133.5, minPhero 0.01(233), stagnancy 0.7%
[35m[MSG][0m itr    93, best 5583.2056, time  135.0, minPhero 0.01(233), stagnancy 1.0%
[35m[MSG][0m itr    94, best 5583.2056, time  136.4, minPhero 0.01(233), stagnancy 1.3%
[35m[MSG][0m itr    95, best 5583.2056, time  137.9, minPhero 0.01(233), stagnancy 1.7%
[35m[MSG][0m itr    96, best 5583.2056, time  139.3, minPhero 0.01(233), stagnancy 2.0%
[35m[MSG][0m itr    97, best 5583.2056, time  140.8, minPhero 0.01(233), stagnancy 2.3%
[35m[MSG][0m itr    98, best 5583.2056, time  142.2, minPhero 0.01(233), stagnancy 2.7%
[35m[MSG][0m itr    99, best 5583.2056, time  143.6, minPhero 0.01(233), stagnancy 3.0%
[35m[MSG][0m itr   100, best 5583.1948, time  145.1, minPhero 0.01(242), stagnancy 0.0%
[35m[MSG][0m itr   101, best 5583.1948, time  146.5, minPhero 0.01(242), stagnancy 0.3%
[35m[MSG][0m itr   102, best 5582.5742, time  148.0, minPhero 0.01(243), stagnancy 0.0%
[35m[MSG][0m itr   103, best 5582.5742, time  149.4, minPhero 0.01(243), stagnancy 0.3%
[35m[MSG][0m itr   104, best 5582.5742, time  150.9, minPhero 0.01(243), stagnancy 0.7%
[35m[MSG][0m itr   105, best 5582.5742, time  152.3, minPhero 0.01(243), stagnancy 1.0%
[35m[MSG][0m itr   106, best 5582.5742, time  153.8, minPhero 0.01(243), stagnancy 1.3%
[35m[MSG][0m itr   107, best 5582.4214, time  155.2, minPhero 0.01(246), stagnancy 0.0%
[35m[MSG][0m itr   108, best 5582.4214, time  156.7, minPhero 0.01(246), stagnancy 0.3%
[35m[MSG][0m itr   109, best 5582.4214, time  158.1, minPhero 0.01(246), stagnancy 0.7%
[35m[MSG][0m itr   110, best 5582.4214, time  159.6, minPhero 0.01(246), stagnancy 1.0%
[35m[MSG][0m itr   111, best 5582.4214, time  161.1, minPhero 0.01(246), stagnancy 1.3%
[35m[MSG][0m itr   112, best 5582.4214, time  162.5, minPhero 0.01(245), stagnancy 1.7%
[35m[MSG][0m itr   113, best 5582.4214, time  164.0, minPhero 0.01(245), stagnancy 2.0%
[35m[MSG][0m itr   114, best 5582.4214, time  165.4, minPhero 0.01(245), stagnancy 2.3%
[35m[MSG][0m itr   115, best 5582.4214, time  166.9, minPhero 0.01(245), stagnancy 2.7%
[35m[MSG][0m itr   116, best 5582.4214, time  168.3, minPhero 0.01(245), stagnancy 3.0%
[35m[MSG][0m itr   117, best 5582.4214, time  169.8, minPhero 0.01(242), stagnancy 3.3%
[35m[MSG][0m itr   118, best 5582.4209, time  171.2, minPhero 0.01(242), stagnancy 0.0%
[35m[MSG][0m itr   119, best 5582.3071, time  172.6, minPhero 0.01(246), stagnancy 0.0%
[35m[MSG][0m itr   120, best 5582.3071, time  174.1, minPhero 0.01(246), stagnancy 0.3%
[35m[MSG][0m itr   121, best 5582.3071, time  175.6, minPhero 0.01(246), stagnancy 0.7%
[35m[MSG][0m itr   122, best 5581.6401, time  177.0, minPhero 0.01(240), stagnancy 0.0%
[35m[MSG][0m itr   123, best 5581.6401, time  178.4, minPhero 0.01(240), stagnancy 0.3%
[35m[MSG][0m itr   124, best 5581.6401, time  179.9, minPhero 0.01(239), stagnancy 0.7%
[35m[MSG][0m itr   125, best 5581.6396, time  181.3, minPhero 0.01(239), stagnancy 0.0%
[35m[MSG][0m itr   126, best 5581.6396, time  182.8, minPhero 0.01(238), stagnancy 0.3%
[35m[MSG][0m itr   127, best 5581.6396, time  184.2, minPhero 0.01(238), stagnancy 0.7%
[35m[MSG][0m itr   128, best 5581.6396, time  185.7, minPhero 0.01(238), stagnancy 1.0%
[35m[MSG][0m itr   129, best 5581.6396, time  187.1, minPhero 0.01(236), stagnancy 1.3%
[35m[MSG][0m itr   130, best 5581.6396, time  188.6, minPhero 0.01(236), stagnancy 1.7%
[35m[MSG][0m itr   131, best 5581.6396, time  190.0, minPhero 0.01(236), stagnancy 2.0%
[35m[MSG][0m itr   132, best 5581.6396, time  191.4, minPhero 0.01(236), stagnancy 2.3%
[35m[MSG][0m itr   133, best 5581.6396, time  192.8, minPhero 0.01(236), stagnancy 2.7%
[35m[MSG][0m itr   134, best 5581.6396, time  194.2, minPhero 0.01(236), stagnancy 3.0%
[35m[MSG][0m itr   135, best 5581.6392, time  195.7, minPhero 0.01(236), stagnancy 0.0%
[35m[MSG][0m itr   136, best 5581.6392, time  197.1, minPhero 0.01(236), stagnancy 0.3%
[35m[MSG][0m itr   137, best 5581.6392, time  198.5, minPhero 0.01(236), stagnancy 0.7%
[35m[MSG][0m itr   138, best 5581.6392, time  200.0, minPhero 0.01(235), stagnancy 1.0%
[35m[MSG][0m itr   139, best 5580.6157, time  201.4, minPhero 0.01(241), stagnancy 0.0%
[35m[MSG][0m itr   140, best 5580.6157, time  202.9, minPhero 0.01(241), stagnancy 0.3%
[35m[MSG][0m itr   141, best 5580.6157, time  204.4, minPhero 0.01(238), stagnancy 0.7%
[35m[MSG][0m itr   142, best 5580.6157, time  205.8, minPhero 0.01(238), stagnancy 1.0%
[35m[MSG][0m itr   143, best 5580.6157, time  207.3, minPhero 0.01(238), stagnancy 1.3%
[35m[MSG][0m itr   144, best 5580.6157, time  208.7, minPhero 0.01(238), stagnancy 1.7%
[35m[MSG][0m itr   145, best 5580.6157, time  210.2, minPhero 0.01(238), stagnancy 2.0%
[35m[MSG][0m itr   146, best 5580.6157, time  211.5, minPhero 0.01(238), stagnancy 2.3%
[35m[MSG][0m itr   147, best 5576.6030, time  212.9, minPhero 0.01(246), stagnancy 0.0%
[35m[MSG][0m itr   148, best 5576.6030, time  214.4, minPhero 0.01(246), stagnancy 0.3%
[35m[MSG][0m itr   149, best 5576.6030, time  215.8, minPhero 0.01(246), stagnancy 0.7%
[35m[MSG][0m itr   150, best 5576.6030, time  217.2, minPhero 0.01(246), stagnancy 1.0%
[35m[MSG][0m itr   151, best 5576.6030, time  218.7, minPhero 0.01(246), stagnancy 1.3%
[35m[MSG][0m itr   152, best 5576.6030, time  220.1, minPhero 0.01(246), stagnancy 1.7%
[35m[MSG][0m itr   153, best 5576.6030, time  221.6, minPhero 0.01(246), stagnancy 2.0%
[35m[MSG][0m itr   154, best 5574.7300, time  223.0, minPhero 0.01(247), stagnancy 0.0%
[35m[MSG][0m itr   155, best 5574.7300, time  224.5, minPhero 0.01(247), stagnancy 0.3%
[35m[MSG][0m itr   156, best 5574.7300, time  226.0, minPhero 0.01(247), stagnancy 0.7%
[35m[MSG][0m itr   157, best 5574.7300, time  227.4, minPhero 0.01(247), stagnancy 1.0%
[35m[MSG][0m itr   158, best 5574.7295, time  228.8, minPhero 0.01(247), stagnancy 0.0%
[35m[MSG][0m itr   159, best 5574.7295, time  230.2, minPhero 0.01(247), stagnancy 0.3%
[35m[MSG][0m itr   160, best 5574.7295, time  231.7, minPhero 0.01(247), stagnancy 0.7%
[35m[MSG][0m itr   161, best 5574.7295, time  233.1, minPhero 0.01(241), stagnancy 1.0%
[35m[MSG][0m itr   162, best 5574.7295, time  234.6, minPhero 0.01(241), stagnancy 1.3%
[35m[MSG][0m itr   163, best 5574.7295, time  236.0, minPhero 0.01(241), stagnancy 1.7%
[35m[MSG][0m itr   164, best 5574.7295, time  237.5, minPhero 0.01(241), stagnancy 2.0%
[35m[MSG][0m itr   165, best 5574.7295, time  238.9, minPhero 0.01(241), stagnancy 2.3%
[35m[MSG][0m itr   166, best 5574.7295, time  240.4, minPhero 0.01(241), stagnancy 2.7%
[35m[MSG][0m itr   167, best 5574.7295, time  241.8, minPhero 0.01(241), stagnancy 3.0%
[35m[MSG][0m itr   168, best 5574.7295, time  243.3, minPhero 0.01(241), stagnancy 3.3%
[35m[MSG][0m itr   169, best 5574.7295, time  244.7, minPhero 0.01(234), stagnancy 3.7%
[35m[MSG][0m itr   170, best 5574.7295, time  246.2, minPhero 0.01(234), stagnancy 4.0%
[35m[MSG][0m itr   171, best 5574.7295, time  247.6, minPhero 0.01(234), stagnancy 4.3%
[35m[MSG][0m itr   172, best 5574.7295, time  249.1, minPhero 0.01(234), stagnancy 4.7%
[35m[MSG][0m itr   173, best 5574.7295, time  250.5, minPhero 0.01(234), stagnancy 5.0%
[35m[MSG][0m itr   174, best 5574.7290, time  252.0, minPhero 0.01(232), stagnancy 0.0%
[35m[MSG][0m itr   175, best 5574.7290, time  253.4, minPhero 0.01(232), stagnancy 0.3%
[35m[MSG][0m itr   176, best 5574.7290, time  254.9, minPhero 0.01(232), stagnancy 0.7%
[35m[MSG][0m itr   177, best 5574.7290, time  256.3, minPhero 0.01(232), stagnancy 1.0%
[35m[MSG][0m itr   178, best 5574.7290, time  257.8, minPhero 0.01(232), stagnancy 1.3%
[35m[MSG][0m itr   179, best 5574.7290, time  259.2, minPhero 0.01(232), stagnancy 1.7%
[35m[MSG][0m itr   180, best 5574.7290, time  260.7, minPhero 0.01(232), stagnancy 2.0%
[35m[MSG][0m itr   181, best 5574.7290, time  262.1, minPhero 0.01(232), stagnancy 2.3%
[35m[MSG][0m itr   182, best 5574.7290, time  263.5, minPhero 0.01(232), stagnancy 2.7%
[35m[MSG][0m itr   183, best 5574.7290, time  265.0, minPhero 0.01(232), stagnancy 3.0%
[35m[MSG][0m itr   184, best 5574.7290, time  266.4, minPhero 0.01(232), stagnancy 3.3%
[35m[MSG][0m itr   185, best 5574.7290, time  267.9, minPhero 0.01(232), stagnancy 3.7%
[35m[MSG][0m itr   186, best 5574.7290, time  269.3, minPhero 0.01(232), stagnancy 4.0%
[35m[MSG][0m itr   187, best 5574.7290, time  270.7, minPhero 0.01(232), stagnancy 4.3%
[35m[MSG][0m itr   188, best 5574.7290, time  272.2, minPhero 0.01(232), stagnancy 4.7%
[35m[MSG][0m itr   189, best 5574.7290, time  273.6, minPhero 0.01(232), stagnancy 5.0%
[35m[MSG][0m itr   190, best 5574.7290, time  275.1, minPhero 0.01(232), stagnancy 5.3%
[35m[MSG][0m itr   191, best 5574.7290, time  276.6, minPhero 0.01(232), stagnancy 5.7%
[35m[MSG][0m itr   192, best 5574.7290, time  278.0, minPhero 0.01(232), stagnancy 6.0%
[35m[MSG][0m itr   193, best 5574.7290, time  279.5, minPhero 0.01(232), stagnancy 6.3%
[35m[MSG][0m itr   194, best 5574.7290, time  280.8, minPhero 0.01(232), stagnancy 6.7%
[35m[MSG][0m itr   195, best 5574.7290, time  282.2, minPhero 0.01(232), stagnancy 7.0%
[35m[MSG][0m itr   196, best 5574.7290, time  283.7, minPhero 0.01(232), stagnancy 7.3%
[35m[MSG][0m itr   197, best 5574.7290, time  285.1, minPhero 0.01(232), stagnancy 7.7%
[35m[MSG][0m itr   198, best 5574.7290, time  286.6, minPhero 0.01(232), stagnancy 8.0%
[35m[MSG][0m itr   199, best 5574.7290, time  288.0, minPhero 0.01(232), stagnancy 8.3%
[35m[MSG][0m itr   200, best 5574.7290, time  289.5, minPhero 0.01(232), stagnancy 8.7%
[35m[MSG][0m itr   201, best 5574.7290, time  290.9, minPhero 0.01(232), stagnancy 9.0%
[35m[MSG][0m itr   202, best 5574.7290, time  292.4, minPhero 0.01(232), stagnancy 9.3%
[35m[MSG][0m itr   203, best 5574.7290, time  293.8, minPhero 0.01(232), stagnancy 9.7%
[35m[MSG][0m itr   204, best 5574.7290, time  295.3, minPhero 0.01(232), stagnancy 10.0%
[35m[MSG][0m itr   205, best 5574.7290, time  296.7, minPhero 0.01(232), stagnancy 10.3%
[35m[MSG][0m itr   206, best 5574.7290, time  298.2, minPhero 0.01(232), stagnancy 10.7%
[35m[MSG][0m itr   207, best 5574.7290, time  299.6, minPhero 0.01(232), stagnancy 11.0%
[35m[MSG][0m itr   208, best 5574.7290, time  301.1, minPhero 0.01(232), stagnancy 11.3%
[35m[MSG][0m itr   209, best 5574.7290, time  302.5, minPhero 0.01(232), stagnancy 11.7%
[35m[MSG][0m itr   210, best 5574.7290, time  304.0, minPhero 0.01(232), stagnancy 12.0%
[35m[MSG][0m itr   211, best 5574.7290, time  305.4, minPhero 0.01(232), stagnancy 12.3%
[35m[MSG][0m itr   212, best 5574.7290, time  306.8, minPhero 0.01(232), stagnancy 12.7%
[35m[MSG][0m itr   213, best 5574.7290, time  308.2, minPhero 0.01(232), stagnancy 13.0%
[35m[MSG][0m itr   214, best 5574.7290, time  309.7, minPhero 0.01(232), stagnancy 13.3%
[35m[MSG][0m itr   215, best 5574.7290, time  311.1, minPhero 0.01(232), stagnancy 13.7%
[35m[MSG][0m itr   216, best 5574.7290, time  312.6, minPhero 0.01(232), stagnancy 14.0%
[35m[MSG][0m itr   217, best 5574.7290, time  314.0, minPhero 0.01(232), stagnancy 14.3%
[35m[MSG][0m itr   218, best 5574.7290, time  315.5, minPhero 0.01(232), stagnancy 14.7%
[35m[MSG][0m itr   219, best 5574.7290, time  316.9, minPhero 0.01(232), stagnancy 15.0%
[35m[MSG][0m itr   220, best 5574.7290, time  318.4, minPhero 0.01(232), stagnancy 15.3%
[35m[MSG][0m itr   221, best 5574.7290, time  319.8, minPhero 0.01(232), stagnancy 15.7%
[35m[MSG][0m itr   222, best 5574.7290, time  321.3, minPhero 0.01(232), stagnancy 16.0%
[35m[MSG][0m itr   223, best 5574.7290, time  322.7, minPhero 0.01(232), stagnancy 16.3%
[35m[MSG][0m itr   224, best 5574.7290, time  324.2, minPhero 0.01(232), stagnancy 16.7%
[35m[MSG][0m itr   225, best 5574.7290, time  325.7, minPhero 0.01(232), stagnancy 17.0%
[35m[MSG][0m itr   226, best 5574.7290, time  327.0, minPhero 0.01(232), stagnancy 17.3%
[35m[MSG][0m itr   227, best 5574.7290, time  328.4, minPhero 0.01(232), stagnancy 17.7%
[35m[MSG][0m itr   228, best 5574.7290, time  329.9, minPhero 0.01(232), stagnancy 18.0%
[35m[MSG][0m itr   229, best 5568.7446, time  331.2, minPhero 0.01(242), stagnancy 0.0%
[35m[MSG][0m itr   230, best 5568.7446, time  332.6, minPhero 0.01(242), stagnancy 0.3%
[35m[MSG][0m itr   231, best 5568.7446, time  334.1, minPhero 0.01(242), stagnancy 0.7%
[35m[MSG][0m itr   232, best 5568.7446, time  335.5, minPhero 0.01(242), stagnancy 1.0%
[35m[MSG][0m itr   233, best 5568.7446, time  337.0, minPhero 0.01(242), stagnancy 1.3%
[35m[MSG][0m itr   234, best 5568.7446, time  338.4, minPhero 0.01(242), stagnancy 1.7%
[35m[MSG][0m itr   235, best 5568.7446, time  339.8, minPhero 0.01(242), stagnancy 2.0%
[35m[MSG][0m itr   236, best 5568.7446, time  341.3, minPhero 0.01(242), stagnancy 2.3%
[35m[MSG][0m itr   237, best 5568.7446, time  342.7, minPhero 0.01(242), stagnancy 2.7%
[35m[MSG][0m itr   238, best 5568.7446, time  344.2, minPhero 0.01(242), stagnancy 3.0%
[35m[MSG][0m itr   239, best 5568.7446, time  345.7, minPhero 0.01(242), stagnancy 3.3%
[35m[MSG][0m itr   240, best 5568.6655, time  347.1, minPhero 0.01(245), stagnancy 0.0%
[35m[MSG][0m itr   241, best 5568.6655, time  348.5, minPhero 0.01(245), stagnancy 0.3%
[35m[MSG][0m itr   242, best 5568.6655, time  350.0, minPhero 0.01(245), stagnancy 0.7%
[35m[MSG][0m itr   243, best 5568.6655, time  351.3, minPhero 0.01(245), stagnancy 1.0%
[35m[MSG][0m itr   244, best 5568.6655, time  352.8, minPhero 0.01(245), stagnancy 1.3%
[35m[MSG][0m itr   245, best 5568.6655, time  354.2, minPhero 0.01(245), stagnancy 1.7%
[35m[MSG][0m itr   246, best 5568.6655, time  355.7, minPhero 0.01(245), stagnancy 2.0%
[35m[MSG][0m itr   247, best 5568.6655, time  357.1, minPhero 0.01(245), stagnancy 2.3%
[35m[MSG][0m itr   248, best 5568.6650, time  358.6, minPhero 0.01(245), stagnancy 0.0%
[35m[MSG][0m itr   249, best 5568.6650, time  360.0, minPhero 0.01(245), stagnancy 0.3%
[35m[MSG][0m itr   250, best 5568.6650, time  361.5, minPhero 0.01(245), stagnancy 0.7%
[35m[MSG][0m itr   251, best 5568.6650, time  362.9, minPhero 0.01(235), stagnancy 1.0%
[35m[MSG][0m itr   252, best 5568.6650, time  364.4, minPhero 0.01(235), stagnancy 1.3%
[35m[MSG][0m itr   253, best 5568.6650, time  365.8, minPhero 0.01(235), stagnancy 1.7%
[35m[MSG][0m itr   254, best 5568.6650, time  367.2, minPhero 0.01(235), stagnancy 2.0%
[35m[MSG][0m itr   255, best 5568.6650, time  368.7, minPhero 0.01(235), stagnancy 2.3%
[35m[MSG][0m itr   256, best 5568.6650, time  370.1, minPhero 0.01(235), stagnancy 2.7%
[35m[MSG][0m itr   257, best 5568.6650, time  371.6, minPhero 0.01(235), stagnancy 3.0%
[35m[MSG][0m itr   258, best 5568.6650, time  373.0, minPhero 0.01(235), stagnancy 3.3%
[35m[MSG][0m itr   259, best 5568.6650, time  374.5, minPhero 0.01(235), stagnancy 3.7%
[35m[MSG][0m itr   260, best 5568.6650, time  375.9, minPhero 0.01(235), stagnancy 4.0%
[35m[MSG][0m itr   261, best 5568.6650, time  377.4, minPhero 0.01(234), stagnancy 4.3%
[35m[MSG][0m itr   262, best 5568.6650, time  378.9, minPhero 0.01(232), stagnancy 4.7%
[35m[MSG][0m itr   263, best 5568.6650, time  380.3, minPhero 0.01(232), stagnancy 5.0%
[35m[MSG][0m itr   264, best 5568.6650, time  381.8, minPhero 0.01(232), stagnancy 5.3%
[35m[MSG][0m itr   265, best 5568.6650, time  383.2, minPhero 0.01(232), stagnancy 5.7%
[35m[MSG][0m itr   266, best 5568.6650, time  384.7, minPhero 0.01(232), stagnancy 6.0%
[35m[MSG][0m itr   267, best 5568.6650, time  386.1, minPhero 0.01(232), stagnancy 6.3%
[35m[MSG][0m itr   268, best 5568.6650, time  387.6, minPhero 0.01(232), stagnancy 6.7%
[35m[MSG][0m itr   269, best 5568.6650, time  389.0, minPhero 0.01(232), stagnancy 7.0%
[35m[MSG][0m itr   270, best 5568.6650, time  390.5, minPhero 0.01(232), stagnancy 7.3%
[35m[MSG][0m itr   271, best 5568.6650, time  391.8, minPhero 0.01(232), stagnancy 7.7%
[35m[MSG][0m itr   272, best 5568.6650, time  393.2, minPhero 0.01(232), stagnancy 8.0%
[35m[MSG][0m itr   273, best 5568.6650, time  394.7, minPhero 0.01(232), stagnancy 8.3%
[35m[MSG][0m itr   274, best 5568.6650, time  396.1, minPhero 0.01(232), stagnancy 8.7%
[35m[MSG][0m itr   275, best 5568.6650, time  397.5, minPhero 0.01(232), stagnancy 9.0%
[35m[MSG][0m itr   276, best 5568.6650, time  399.0, minPhero 0.01(232), stagnancy 9.3%
[35m[MSG][0m itr   277, best 5568.6650, time  400.4, minPhero 0.01(232), stagnancy 9.7%
[35m[MSG][0m itr   278, best 5568.6650, time  401.9, minPhero 0.01(232), stagnancy 10.0%
[35m[MSG][0m itr   279, best 5568.6650, time  403.3, minPhero 0.01(232), stagnancy 10.3%
[35m[MSG][0m itr   280, best 5568.6650, time  404.8, minPhero 0.01(232), stagnancy 10.7%
[35m[MSG][0m itr   281, best 5568.6650, time  406.3, minPhero 0.01(232), stagnancy 11.0%
[35m[MSG][0m itr   282, best 5568.6650, time  407.7, minPhero 0.01(232), stagnancy 11.3%
[35m[MSG][0m itr   283, best 5568.6650, time  409.2, minPhero 0.01(232), stagnancy 11.7%
[35m[MSG][0m itr   284, best 5568.6650, time  410.6, minPhero 0.01(232), stagnancy 12.0%
[35m[MSG][0m itr   285, best 5568.6650, time  412.1, minPhero 0.01(232), stagnancy 12.3%
[35m[MSG][0m itr   286, best 5568.6650, time  413.5, minPhero 0.01(232), stagnancy 12.7%
[35m[MSG][0m itr   287, best 5568.6650, time  415.0, minPhero 0.01(232), stagnancy 13.0%
[35m[MSG][0m itr   288, best 5568.6650, time  416.4, minPhero 0.01(232), stagnancy 13.3%
[35m[MSG][0m itr   289, best 5568.6650, time  417.9, minPhero 0.01(232), stagnancy 13.7%
[35m[MSG][0m itr   290, best 5568.6650, time  419.3, minPhero 0.01(232), stagnancy 14.0%
[35m[MSG][0m itr   291, best 5568.6650, time  420.8, minPhero 0.01(232), stagnancy 14.3%
[35m[MSG][0m itr   292, best 5568.6650, time  422.2, minPhero 0.01(232), stagnancy 14.7%
[35m[MSG][0m itr   293, best 5568.6650, time  423.7, minPhero 0.01(232), stagnancy 15.0%
[35m[MSG][0m itr   294, best 5568.6650, time  425.1, minPhero 0.01(232), stagnancy 15.3%
[35m[MSG][0m itr   295, best 5568.6650, time  426.6, minPhero 0.01(232), stagnancy 15.7%
[35m[MSG][0m itr   296, best 5568.6650, time  428.0, minPhero 0.01(232), stagnancy 16.0%
[35m[MSG][0m itr   297, best 5568.6646, time  429.5, minPhero 0.01(232), stagnancy 0.0%
[35m[MSG][0m itr   298, best 5568.6646, time  430.9, minPhero 0.01(232), stagnancy 0.3%
[35m[MSG][0m itr   299, best 5568.6646, time  432.4, minPhero 0.01(232), stagnancy 0.7%
[35m[MSG][0m itr   300, best 5568.6646, time  433.9, minPhero 0.01(232), stagnancy 1.0%
[35m[MSG][0m itr   301, best 5568.6646, time  435.3, minPhero 0.01(232), stagnancy 1.3%
[35m[MSG][0m itr   302, best 5568.6646, time  436.8, minPhero 0.01(232), stagnancy 1.7%
[35m[MSG][0m itr   303, best 5568.6646, time  438.2, minPhero 0.01(232), stagnancy 2.0%
[35m[MSG][0m itr   304, best 5568.6646, time  439.7, minPhero 0.01(232), stagnancy 2.3%
[35m[MSG][0m itr   305, best 5568.6646, time  441.1, minPhero 0.01(232), stagnancy 2.7%
[35m[MSG][0m itr   306, best 5568.6646, time  442.6, minPhero 0.01(232), stagnancy 3.0%
[35m[MSG][0m itr   307, best 5568.6646, time  444.0, minPhero 0.01(232), stagnancy 3.3%
[35m[MSG][0m itr   308, best 5568.6646, time  445.5, minPhero 0.01(232), stagnancy 3.7%
[35m[MSG][0m itr   309, best 5568.6646, time  447.0, minPhero 0.01(232), stagnancy 4.0%
[35m[MSG][0m itr   310, best 5568.6646, time  448.4, minPhero 0.01(232), stagnancy 4.3%
[35m[MSG][0m itr   311, best 5568.6646, time  449.9, minPhero 0.01(232), stagnancy 4.7%
[35m[MSG][0m itr   312, best 5568.6646, time  451.3, minPhero 0.01(232), stagnancy 5.0%
[35m[MSG][0m itr   313, best 5568.6646, time  452.7, minPhero 0.01(232), stagnancy 5.3%
[35m[MSG][0m itr   314, best 5568.6646, time  454.2, minPhero 0.01(232), stagnancy 5.7%
[35m[MSG][0m itr   315, best 5568.6646, time  455.6, minPhero 0.01(232), stagnancy 6.0%
[35m[MSG][0m itr   316, best 5568.6646, time  457.1, minPhero 0.01(232), stagnancy 6.3%
[35m[MSG][0m itr   317, best 5568.6646, time  458.5, minPhero 0.01(232), stagnancy 6.7%
[35m[MSG][0m itr   318, best 5568.6646, time  459.9, minPhero 0.01(232), stagnancy 7.0%
[35m[MSG][0m itr   319, best 5568.6646, time  461.4, minPhero 0.01(232), stagnancy 7.3%
[35m[MSG][0m itr   320, best 5568.6646, time  462.9, minPhero 0.01(232), stagnancy 7.7%
[35m[MSG][0m itr   321, best 5568.6646, time  464.3, minPhero 0.01(232), stagnancy 8.0%
[35m[MSG][0m itr   322, best 5568.6646, time  465.8, minPhero 0.01(232), stagnancy 8.3%
[35m[MSG][0m itr   323, best 5568.6646, time  467.2, minPhero 0.01(232), stagnancy 8.7%
[35m[MSG][0m itr   324, best 5568.6646, time  468.6, minPhero 0.01(232), stagnancy 9.0%
[35m[MSG][0m itr   325, best 5568.6646, time  470.1, minPhero 0.01(232), stagnancy 9.3%
[35m[MSG][0m itr   326, best 5568.6646, time  471.6, minPhero 0.01(232), stagnancy 9.7%
[35m[MSG][0m itr   327, best 5568.6646, time  473.0, minPhero 0.01(232), stagnancy 10.0%
[35m[MSG][0m itr   328, best 5568.6646, time  474.5, minPhero 0.01(232), stagnancy 10.3%
[35m[MSG][0m itr   329, best 5568.6646, time  476.0, minPhero 0.01(232), stagnancy 10.7%
[35m[MSG][0m itr   330, best 5568.6646, time  477.4, minPhero 0.01(232), stagnancy 11.0%
[35m[MSG][0m itr   331, best 5568.6646, time  478.9, minPhero 0.01(232), stagnancy 11.3%
[35m[MSG][0m itr   332, best 5568.6646, time  480.3, minPhero 0.01(232), stagnancy 11.7%
[35m[MSG][0m itr   333, best 5568.6646, time  481.7, minPhero 0.01(232), stagnancy 12.0%
[35m[MSG][0m itr   334, best 5568.6646, time  483.2, minPhero 0.01(232), stagnancy 12.3%
[35m[MSG][0m itr   335, best 5568.6646, time  484.6, minPhero 0.01(232), stagnancy 12.7%
[35m[MSG][0m itr   336, best 5568.6646, time  486.1, minPhero 0.01(232), stagnancy 13.0%
[35m[MSG][0m itr   337, best 5568.6646, time  487.6, minPhero 0.01(232), stagnancy 13.3%
[35m[MSG][0m itr   338, best 5568.6646, time  489.0, minPhero 0.01(232), stagnancy 13.7%
[35m[MSG][0m itr   339, best 5568.6646, time  490.4, minPhero 0.01(232), stagnancy 14.0%
[35m[MSG][0m itr   340, best 5568.6646, time  491.8, minPhero 0.01(232), stagnancy 14.3%
[35m[MSG][0m itr   341, best 5568.6646, time  493.3, minPhero 0.01(232), stagnancy 14.7%
[35m[MSG][0m itr   342, best 5568.6646, time  494.7, minPhero 0.01(232), stagnancy 15.0%
[35m[MSG][0m itr   343, best 5568.6646, time  496.2, minPhero 0.01(232), stagnancy 15.3%
[35m[MSG][0m itr   344, best 5568.6646, time  497.6, minPhero 0.01(232), stagnancy 15.7%
[35m[MSG][0m itr   345, best 5568.6646, time  499.1, minPhero 0.01(232), stagnancy 16.0%
[35m[MSG][0m itr   346, best 5568.6646, time  500.5, minPhero 0.01(232), stagnancy 16.3%
[35m[MSG][0m itr   347, best 5568.6646, time  502.0, minPhero 0.01(232), stagnancy 16.7%
[35m[MSG][0m itr   348, best 5568.6646, time  503.5, minPhero 0.01(232), stagnancy 17.0%
[35m[MSG][0m itr   349, best 5568.6646, time  504.9, minPhero 0.01(232), stagnancy 17.3%
[35m[MSG][0m itr   350, best 5568.6646, time  506.3, minPhero 0.01(232), stagnancy 17.7%
[35m[MSG][0m itr   351, best 5568.6646, time  507.8, minPhero 0.01(232), stagnancy 18.0%
[35m[MSG][0m itr   352, best 5568.6646, time  509.3, minPhero 0.01(232), stagnancy 18.3%
[35m[MSG][0m itr   353, best 5568.0854, time  510.7, minPhero 0.01(235), stagnancy 0.0%
[35m[MSG][0m itr   354, best 5568.0854, time  512.1, minPhero 0.01(235), stagnancy 0.3%
[35m[MSG][0m itr   355, best 5568.0850, time  513.5, minPhero 0.01(235), stagnancy 0.0%
[35m[MSG][0m itr   356, best 5568.0850, time  515.0, minPhero 0.01(235), stagnancy 0.3%
[35m[MSG][0m itr   357, best 5568.0850, time  516.4, minPhero 0.01(235), stagnancy 0.7%
[35m[MSG][0m itr   358, best 5568.0850, time  517.9, minPhero 0.01(235), stagnancy 1.0%
[35m[MSG][0m itr   359, best 5568.0850, time  519.3, minPhero 0.01(235), stagnancy 1.3%
[35m[MSG][0m itr   360, best 5568.0850, time  520.8, minPhero 0.01(235), stagnancy 1.7%
[35m[MSG][0m itr   361, best 5568.0850, time  522.2, minPhero 0.01(235), stagnancy 2.0%
[35m[MSG][0m itr   362, best 5567.8276, time  523.7, minPhero 0.01(242), stagnancy 0.0%
[35m[MSG][0m itr   363, best 5567.8276, time  525.1, minPhero 0.01(242), stagnancy 0.3%
[35m[MSG][0m itr   364, best 5567.8276, time  526.6, minPhero 0.01(242), stagnancy 0.7%
[35m[MSG][0m itr   365, best 5567.8276, time  528.0, minPhero 0.01(242), stagnancy 1.0%
[35m[MSG][0m itr   366, best 5567.8276, time  529.5, minPhero 0.01(242), stagnancy 1.3%
[35m[MSG][0m itr   367, best 5567.8276, time  530.9, minPhero 0.01(242), stagnancy 1.7%
[35m[MSG][0m itr   368, best 5567.8276, time  532.4, minPhero 0.01(242), stagnancy 2.0%
[35m[MSG][0m itr   369, best 5567.8276, time  533.8, minPhero 0.01(242), stagnancy 2.3%
[35m[MSG][0m itr   370, best 5567.6919, time  535.3, minPhero 0.01(245), stagnancy 0.0%
[35m[MSG][0m itr   371, best 5567.6919, time  536.7, minPhero 0.01(245), stagnancy 0.3%
[35m[MSG][0m itr   372, best 5567.6919, time  538.2, minPhero 0.01(245), stagnancy 0.7%
[35m[MSG][0m itr   373, best 5567.6919, time  539.6, minPhero 0.01(245), stagnancy 1.0%
[35m[MSG][0m itr   374, best 5567.6919, time  541.1, minPhero 0.01(245), stagnancy 1.3%
[35m[MSG][0m itr   375, best 5567.6914, time  542.6, minPhero 0.01(242), stagnancy 0.0%
[35m[MSG][0m itr   376, best 5567.6914, time  544.0, minPhero 0.01(242), stagnancy 0.3%
[35m[MSG][0m itr   377, best 5567.4253, time  545.4, minPhero 0.01(244), stagnancy 0.0%
[35m[MSG][0m itr   378, best 5567.4253, time  546.9, minPhero 0.01(244), stagnancy 0.3%
[35m[MSG][0m itr   379, best 5567.4253, time  548.3, minPhero 0.01(244), stagnancy 0.7%
[35m[MSG][0m itr   380, best 5567.4253, time  549.8, minPhero 0.01(244), stagnancy 1.0%
[35m[MSG][0m itr   381, best 5567.4253, time  551.2, minPhero 0.01(244), stagnancy 1.3%
[35m[MSG][0m itr   382, best 5567.4253, time  552.7, minPhero 0.01(244), stagnancy 1.7%
[35m[MSG][0m itr   383, best 5567.4253, time  554.1, minPhero 0.01(244), stagnancy 2.0%
[35m[MSG][0m itr   384, best 5567.4253, time  555.6, minPhero 0.01(237), stagnancy 2.3%
[35m[MSG][0m itr   385, best 5567.4253, time  557.0, minPhero 0.01(237), stagnancy 2.7%
[35m[MSG][0m itr   386, best 5567.4253, time  558.5, minPhero 0.01(237), stagnancy 3.0%
[35m[MSG][0m itr   387, best 5567.4253, time  560.0, minPhero 0.01(237), stagnancy 3.3%
[35m[MSG][0m itr   388, best 5567.4253, time  561.4, minPhero 0.01(237), stagnancy 3.7%
[35m[MSG][0m itr   389, best 5567.4253, time  562.9, minPhero 0.01(237), stagnancy 4.0%
[35m[MSG][0m itr   390, best 5567.4253, time  564.4, minPhero 0.01(236), stagnancy 4.3%
[35m[MSG][0m itr   391, best 5567.4253, time  565.8, minPhero 0.01(236), stagnancy 4.7%
[35m[MSG][0m itr   392, best 5567.4253, time  567.3, minPhero 0.01(234), stagnancy 5.0%
[35m[MSG][0m itr   393, best 5567.4253, time  568.7, minPhero 0.01(234), stagnancy 5.3%
[35m[MSG][0m itr   394, best 5567.4253, time  570.2, minPhero 0.01(234), stagnancy 5.7%
[35m[MSG][0m itr   395, best 5567.4253, time  571.5, minPhero 0.01(234), stagnancy 6.0%
[35m[MSG][0m itr   396, best 5567.4253, time  573.0, minPhero 0.01(234), stagnancy 6.3%
[35m[MSG][0m itr   397, best 5567.4248, time  574.4, minPhero 0.01(233), stagnancy 0.0%
[35m[MSG][0m itr   398, best 5567.4248, time  575.9, minPhero 0.01(233), stagnancy 0.3%
[35m[MSG][0m itr   399, best 5567.4248, time  577.4, minPhero 0.01(232), stagnancy 0.7%
[35m[MSG][0m itr   400, best 5567.4248, time  578.8, minPhero 0.01(232), stagnancy 1.0%
[35m[MSG][0m itr   401, best 5567.4248, time  580.1, minPhero 0.01(232), stagnancy 1.3%
[35m[MSG][0m itr   402, best 5567.4248, time  581.6, minPhero 0.01(232), stagnancy 1.7%
[35m[MSG][0m itr   403, best 5567.4248, time  583.0, minPhero 0.01(232), stagnancy 2.0%
[35m[MSG][0m itr   404, best 5567.4248, time  584.5, minPhero 0.01(232), stagnancy 2.3%
[35m[MSG][0m itr   405, best 5567.4248, time  585.9, minPhero 0.01(232), stagnancy 2.7%
[35m[MSG][0m itr   406, best 5567.4248, time  587.4, minPhero 0.01(232), stagnancy 3.0%
[35m[MSG][0m itr   407, best 5567.4248, time  588.9, minPhero 0.01(232), stagnancy 3.3%
[35m[MSG][0m itr   408, best 5567.4248, time  590.3, minPhero 0.01(232), stagnancy 3.7%
[35m[MSG][0m itr   409, best 5567.4248, time  591.7, minPhero 0.01(232), stagnancy 4.0%
[35m[MSG][0m itr   410, best 5567.4248, time  593.2, minPhero 0.01(232), stagnancy 4.3%
[35m[MSG][0m itr   411, best 5567.4248, time  594.6, minPhero 0.01(232), stagnancy 4.7%
[35m[MSG][0m itr   412, best 5567.4248, time  596.0, minPhero 0.01(232), stagnancy 5.0%
[35m[MSG][0m itr   413, best 5567.4248, time  597.5, minPhero 0.01(232), stagnancy 5.3%
[35m[MSG][0m itr   414, best 5567.4248, time  599.0, minPhero 0.01(232), stagnancy 5.7%
[35m[MSG][0m itr   415, best 5567.4248, time  600.4, minPhero 0.01(232), stagnancy 6.0%
[35m[MSG][0m itr   416, best 5567.4248, time  601.8, minPhero 0.01(232), stagnancy 6.3%
[35m[MSG][0m itr   417, best 5567.4248, time  603.2, minPhero 0.01(232), stagnancy 6.7%
[35m[MSG][0m itr   418, best 5567.4248, time  604.6, minPhero 0.01(232), stagnancy 7.0%
[35m[MSG][0m itr   419, best 5567.4248, time  606.1, minPhero 0.01(232), stagnancy 7.3%
[35m[MSG][0m itr   420, best 5567.4248, time  607.5, minPhero 0.01(232), stagnancy 7.7%
[35m[MSG][0m itr   421, best 5567.4248, time  609.0, minPhero 0.01(232), stagnancy 8.0%
[35m[MSG][0m itr   422, best 5567.4248, time  610.4, minPhero 0.01(232), stagnancy 8.3%
[35m[MSG][0m itr   423, best 5567.4248, time  611.8, minPhero 0.01(232), stagnancy 8.7%
[35m[MSG][0m itr   424, best 5567.4248, time  613.3, minPhero 0.01(232), stagnancy 9.0%
[35m[MSG][0m itr   425, best 5567.4248, time  614.7, minPhero 0.01(232), stagnancy 9.3%
[35m[MSG][0m itr   426, best 5567.4248, time  616.2, minPhero 0.01(232), stagnancy 9.7%
[35m[MSG][0m itr   427, best 5567.4248, time  617.6, minPhero 0.01(232), stagnancy 10.0%
[35m[MSG][0m itr   428, best 5567.4248, time  619.1, minPhero 0.01(232), stagnancy 10.3%
[35m[MSG][0m itr   429, best 5567.4248, time  620.5, minPhero 0.01(232), stagnancy 10.7%
[35m[MSG][0m itr   430, best 5567.4248, time  622.0, minPhero 0.01(232), stagnancy 11.0%
[35m[MSG][0m itr   431, best 5567.4248, time  623.4, minPhero 0.01(232), stagnancy 11.3%
[35m[MSG][0m itr   432, best 5567.4248, time  624.9, minPhero 0.01(232), stagnancy 11.7%
[35m[MSG][0m itr   433, best 5567.4248, time  626.4, minPhero 0.01(232), stagnancy 12.0%
[35m[MSG][0m itr   434, best 5567.4248, time  627.8, minPhero 0.01(232), stagnancy 12.3%
[35m[MSG][0m itr   435, best 5567.4248, time  629.3, minPhero 0.01(232), stagnancy 12.7%
[35m[MSG][0m itr   436, best 5567.4248, time  630.7, minPhero 0.01(232), stagnancy 13.0%
[35m[MSG][0m itr   437, best 5567.4248, time  632.2, minPhero 0.01(232), stagnancy 13.3%
[35m[MSG][0m itr   438, best 5567.4248, time  633.5, minPhero 0.01(232), stagnancy 13.7%
[35m[MSG][0m itr   439, best 5567.4248, time  635.0, minPhero 0.01(232), stagnancy 14.0%
[35m[MSG][0m itr   440, best 5567.4248, time  636.5, minPhero 0.01(232), stagnancy 14.3%
[35m[MSG][0m itr   441, best 5567.4248, time  637.9, minPhero 0.01(232), stagnancy 14.7%
[35m[MSG][0m itr   442, best 5567.4248, time  639.3, minPhero 0.01(232), stagnancy 15.0%
[35m[MSG][0m itr   443, best 5567.4248, time  640.7, minPhero 0.01(232), stagnancy 15.3%
[35m[MSG][0m itr   444, best 5567.4248, time  642.1, minPhero 0.01(232), stagnancy 15.7%
[35m[MSG][0m itr   445, best 5567.4248, time  643.4, minPhero 0.01(232), stagnancy 16.0%
[35m[MSG][0m itr   446, best 5567.4248, time  644.9, minPhero 0.01(232), stagnancy 16.3%
[35m[MSG][0m itr   447, best 5567.4248, time  646.3, minPhero 0.01(232), stagnancy 16.7%
[35m[MSG][0m itr   448, best 5567.4248, time  647.8, minPhero 0.01(232), stagnancy 17.0%
[35m[MSG][0m itr   449, best 5567.4248, time  649.2, minPhero 0.01(232), stagnancy 17.3%
[35m[MSG][0m itr   450, best 5567.4248, time  650.7, minPhero 0.01(232), stagnancy 17.7%
[35m[MSG][0m itr   451, best 5567.4248, time  652.1, minPhero 0.01(232), stagnancy 18.0%
[35m[MSG][0m itr   452, best 5567.4248, time  653.5, minPhero 0.01(232), stagnancy 18.3%
[35m[MSG][0m itr   453, best 5567.4248, time  654.9, minPhero 0.01(232), stagnancy 18.7%
[35m[MSG][0m itr   454, best 5567.4248, time  656.3, minPhero 0.01(232), stagnancy 19.0%
[35m[MSG][0m itr   455, best 5567.4248, time  657.7, minPhero 0.01(232), stagnancy 19.3%
[35m[MSG][0m itr   456, best 5567.4248, time  659.1, minPhero 0.01(232), stagnancy 19.7%
[35m[MSG][0m itr   457, best 5567.4248, time  660.6, minPhero 0.01(232), stagnancy 20.0%
[35m[MSG][0m itr   458, best 5567.4248, time  662.1, minPhero 0.01(232), stagnancy 20.3%
[35m[MSG][0m itr   459, best 5567.4248, time  663.5, minPhero 0.01(232), stagnancy 20.7%
[35m[MSG][0m itr   460, best 5567.4248, time  665.0, minPhero 0.01(232), stagnancy 21.0%
[35m[MSG][0m itr   461, best 5567.4248, time  666.4, minPhero 0.01(232), stagnancy 21.3%
[35m[MSG][0m itr   462, best 5567.4248, time  667.9, minPhero 0.01(232), stagnancy 21.7%
[35m[MSG][0m itr   463, best 5567.4248, time  669.3, minPhero 0.01(232), stagnancy 22.0%
[35m[MSG][0m itr   464, best 5567.4248, time  670.8, minPhero 0.01(232), stagnancy 22.3%
[35m[MSG][0m itr   465, best 5567.4248, time  672.2, minPhero 0.01(232), stagnancy 22.7%
[35m[MSG][0m itr   466, best 5567.4248, time  673.7, minPhero 0.01(232), stagnancy 23.0%
[35m[MSG][0m itr   467, best 5567.4248, time  675.1, minPhero 0.01(232), stagnancy 23.3%
[35m[MSG][0m itr   468, best 5567.4248, time  676.6, minPhero 0.01(232), stagnancy 23.7%
[35m[MSG][0m itr   469, best 5567.4248, time  678.0, minPhero 0.01(232), stagnancy 24.0%
[35m[MSG][0m itr   470, best 5567.4248, time  679.4, minPhero 0.01(232), stagnancy 24.3%
[35m[MSG][0m itr   471, best 5567.4248, time  680.9, minPhero 0.01(232), stagnancy 24.7%
[35m[MSG][0m itr   472, best 5567.4248, time  682.3, minPhero 0.01(232), stagnancy 25.0%
[35m[MSG][0m itr   473, best 5567.4248, time  683.8, minPhero 0.01(232), stagnancy 25.3%
[35m[MSG][0m itr   474, best 5567.4248, time  685.2, minPhero 0.01(232), stagnancy 25.7%
[35m[MSG][0m itr   475, best 5567.4248, time  686.7, minPhero 0.01(232), stagnancy 26.0%
[35m[MSG][0m itr   476, best 5567.4248, time  688.1, minPhero 0.01(232), stagnancy 26.3%
[35m[MSG][0m itr   477, best 5567.4248, time  689.6, minPhero 0.01(232), stagnancy 26.7%
[35m[MSG][0m itr   478, best 5567.4248, time  691.0, minPhero 0.01(232), stagnancy 27.0%
[35m[MSG][0m itr   479, best 5567.4248, time  692.3, minPhero 0.01(232), stagnancy 27.3%
[35m[MSG][0m itr   480, best 5567.4248, time  693.8, minPhero 0.01(232), stagnancy 27.7%
[35m[MSG][0m itr   481, best 5567.4248, time  695.2, minPhero 0.01(232), stagnancy 28.0%
[35m[MSG][0m itr   482, best 5567.4248, time  696.7, minPhero 0.01(232), stagnancy 28.3%
[35m[MSG][0m itr   483, best 5567.4248, time  698.1, minPhero 0.01(232), stagnancy 28.7%
[35m[MSG][0m itr   484, best 5567.4248, time  699.5, minPhero 0.01(232), stagnancy 29.0%
[35m[MSG][0m itr   485, best 5567.4248, time  701.0, minPhero 0.01(232), stagnancy 29.3%
[35m[MSG][0m itr   486, best 5567.4248, time  702.4, minPhero 0.01(232), stagnancy 29.7%
[35m[MSG][0m itr   487, best 5567.4248, time  703.9, minPhero 0.01(232), stagnancy 30.0%
[35m[MSG][0m itr   488, best 5567.4248, time  705.3, minPhero 0.01(232), stagnancy 30.3%
[35m[MSG][0m itr   489, best 5567.4248, time  706.8, minPhero 0.01(232), stagnancy 30.7%
[35m[MSG][0m itr   490, best 5567.4248, time  708.2, minPhero 0.01(232), stagnancy 31.0%
[35m[MSG][0m itr   491, best 5567.4248, time  709.7, minPhero 0.01(232), stagnancy 31.3%
[35m[MSG][0m itr   492, best 5567.4248, time  711.1, minPhero 0.01(232), stagnancy 31.7%
[35m[MSG][0m itr   493, best 5567.4248, time  712.6, minPhero 0.01(232), stagnancy 32.0%
[35m[MSG][0m itr   494, best 5567.4248, time  714.1, minPhero 0.01(232), stagnancy 32.3%
[35m[MSG][0m itr   495, best 5567.4248, time  715.5, minPhero 0.01(232), stagnancy 32.7%
[35m[MSG][0m itr   496, best 5567.4248, time  717.0, minPhero 0.01(232), stagnancy 33.0%
[35m[MSG][0m itr   497, best 5567.4248, time  718.4, minPhero 0.01(232), stagnancy 33.3%
[35m[MSG][0m itr   498, best 5567.4248, time  719.9, minPhero 0.01(232), stagnancy 33.7%
[35m[MSG][0m itr   499, best 5567.4248, time  721.2, minPhero 0.01(232), stagnancy 34.0%
[35m[MSG][0m itr   500, best 5567.4248, time  722.5, minPhero 0.01(232), stagnancy 34.3%
[35m[MSG][0m itr   501, best 5567.4248, time  723.9, minPhero 0.01(232), stagnancy 34.7%
[35m[MSG][0m itr   502, best 5567.4248, time  725.3, minPhero 0.01(232), stagnancy 35.0%
[35m[MSG][0m itr   503, best 5567.4248, time  726.7, minPhero 0.01(232), stagnancy 35.3%
[35m[MSG][0m itr   504, best 5567.4248, time  728.2, minPhero 0.01(232), stagnancy 35.7%
[35m[MSG][0m itr   505, best 5567.4248, time  729.6, minPhero 0.01(232), stagnancy 36.0%
[35m[MSG][0m itr   506, best 5567.4248, time  731.1, minPhero 0.01(232), stagnancy 36.3%
[35m[MSG][0m itr   507, best 5567.4248, time  732.5, minPhero 0.01(232), stagnancy 36.7%
[35m[MSG][0m itr   508, best 5567.4248, time  734.0, minPhero 0.01(232), stagnancy 37.0%
[35m[MSG][0m itr   509, best 5567.4248, time  735.4, minPhero 0.01(232), stagnancy 37.3%
[35m[MSG][0m itr   510, best 5567.4248, time  736.9, minPhero 0.01(232), stagnancy 37.7%
[35m[MSG][0m itr   511, best 5567.4248, time  738.3, minPhero 0.01(232), stagnancy 38.0%
[35m[MSG][0m itr   512, best 5567.4248, time  739.8, minPhero 0.01(232), stagnancy 38.3%
[35m[MSG][0m itr   513, best 5567.4248, time  741.3, minPhero 0.01(232), stagnancy 38.7%
[35m[MSG][0m itr   514, best 5567.4248, time  742.7, minPhero 0.01(232), stagnancy 39.0%
[35m[MSG][0m itr   515, best 5567.4248, time  744.1, minPhero 0.01(232), stagnancy 39.3%
[35m[MSG][0m itr   516, best 5567.4248, time  745.6, minPhero 0.01(232), stagnancy 39.7%
[35m[MSG][0m itr   517, best 5567.4248, time  747.0, minPhero 0.01(232), stagnancy 40.0%
[35m[MSG][0m itr   518, best 5567.4248, time  748.5, minPhero 0.01(232), stagnancy 40.3%
[35m[MSG][0m itr   519, best 5567.4248, time  749.9, minPhero 0.01(232), stagnancy 40.7%
[35m[MSG][0m itr   520, best 5567.4248, time  751.3, minPhero 0.01(232), stagnancy 41.0%
[35m[MSG][0m itr   521, best 5567.4248, time  752.8, minPhero 0.01(232), stagnancy 41.3%
[35m[MSG][0m itr   522, best 5567.4248, time  754.2, minPhero 0.01(232), stagnancy 41.7%
[35m[MSG][0m itr   523, best 5567.4248, time  755.7, minPhero 0.01(232), stagnancy 42.0%
[35m[MSG][0m itr   524, best 5567.4248, time  757.1, minPhero 0.01(232), stagnancy 42.3%
[35m[MSG][0m itr   525, best 5567.4248, time  758.5, minPhero 0.01(232), stagnancy 42.7%
[35m[MSG][0m itr   526, best 5567.4248, time  760.0, minPhero 0.01(232), stagnancy 43.0%
[35m[MSG][0m itr   527, best 5567.4248, time  761.5, minPhero 0.01(232), stagnancy 43.3%
[35m[MSG][0m itr   528, best 5567.4248, time  762.8, minPhero 0.01(232), stagnancy 43.7%
[35m[MSG][0m itr   529, best 5567.4248, time  764.2, minPhero 0.01(232), stagnancy 44.0%
[35m[MSG][0m itr   530, best 5567.4248, time  765.7, minPhero 0.01(232), stagnancy 44.3%
[35m[MSG][0m itr   531, best 5567.4248, time  767.1, minPhero 0.01(232), stagnancy 44.7%
[35m[MSG][0m itr   532, best 5567.4248, time  768.6, minPhero 0.01(232), stagnancy 45.0%
[35m[MSG][0m itr   533, best 5567.4248, time  770.0, minPhero 0.01(232), stagnancy 45.3%
[35m[MSG][0m itr   534, best 5567.4248, time  771.5, minPhero 0.01(232), stagnancy 45.7%
[35m[MSG][0m itr   535, best 5567.4248, time  772.9, minPhero 0.01(232), stagnancy 46.0%
[35m[MSG][0m itr   536, best 5567.4248, time  774.4, minPhero 0.01(232), stagnancy 46.3%
[35m[MSG][0m itr   537, best 5567.4248, time  775.9, minPhero 0.01(232), stagnancy 46.7%
[35m[MSG][0m itr   538, best 5567.4248, time  777.3, minPhero 0.01(232), stagnancy 47.0%
[35m[MSG][0m itr   539, best 5567.4248, time  778.8, minPhero 0.01(232), stagnancy 47.3%
[35m[MSG][0m itr   540, best 5567.4248, time  780.2, minPhero 0.01(232), stagnancy 47.7%
[35m[MSG][0m itr   541, best 5567.4248, time  781.7, minPhero 0.01(232), stagnancy 48.0%
[35m[MSG][0m itr   542, best 5567.4248, time  783.1, minPhero 0.01(232), stagnancy 48.3%
[35m[MSG][0m itr   543, best 5567.4248, time  784.5, minPhero 0.01(232), stagnancy 48.7%
[35m[MSG][0m itr   544, best 5567.4248, time  785.8, minPhero 0.01(232), stagnancy 49.0%
[35m[MSG][0m itr   545, best 5567.4248, time  787.2, minPhero 0.01(232), stagnancy 49.3%
[35m[MSG][0m itr   546, best 5567.4248, time  788.7, minPhero 0.01(232), stagnancy 49.7%
[35m[MSG][0m itr   547, best 5567.4248, time  790.1, minPhero 0.01(232), stagnancy 50.0%
[35m[MSG][0m itr   548, best 5567.4248, time  791.6, minPhero 0.01(232), stagnancy 50.3%
[35m[MSG][0m itr   549, best 5567.4248, time  793.0, minPhero 0.01(232), stagnancy 50.7%
[35m[MSG][0m itr   550, best 5567.4248, time  794.5, minPhero 0.01(232), stagnancy 51.0%
[35m[MSG][0m itr   551, best 5567.4248, time  795.9, minPhero 0.01(232), stagnancy 51.3%
[35m[MSG][0m itr   552, best 5567.4248, time  797.4, minPhero 0.01(232), stagnancy 51.7%
[35m[MSG][0m itr   553, best 5567.4248, time  798.8, minPhero 0.01(232), stagnancy 52.0%
[35m[MSG][0m itr   554, best 5567.4248, time  800.3, minPhero 0.01(232), stagnancy 52.3%
[35m[MSG][0m itr   555, best 5567.4248, time  801.7, minPhero 0.01(232), stagnancy 52.7%
[35m[MSG][0m itr   556, best 5567.4248, time  803.2, minPhero 0.01(232), stagnancy 53.0%
[35m[MSG][0m itr   557, best 5567.4248, time  804.6, minPhero 0.01(232), stagnancy 53.3%
[35m[MSG][0m itr   558, best 5567.4248, time  806.1, minPhero 0.01(232), stagnancy 53.7%
[35m[MSG][0m itr   559, best 5567.4248, time  807.5, minPhero 0.01(232), stagnancy 54.0%
[35m[MSG][0m itr   560, best 5567.4248, time  809.0, minPhero 0.01(232), stagnancy 54.3%
[35m[MSG][0m itr   561, best 5567.4248, time  810.4, minPhero 0.01(232), stagnancy 54.7%
[35m[MSG][0m itr   562, best 5567.4248, time  811.8, minPhero 0.01(232), stagnancy 55.0%
[35m[MSG][0m itr   563, best 5567.4248, time  813.2, minPhero 0.01(232), stagnancy 55.3%
[35m[MSG][0m itr   564, best 5567.4248, time  814.6, minPhero 0.01(232), stagnancy 55.7%
[35m[MSG][0m itr   565, best 5567.4248, time  816.0, minPhero 0.01(232), stagnancy 56.0%
[35m[MSG][0m itr   566, best 5567.4248, time  817.5, minPhero 0.01(232), stagnancy 56.3%
[35m[MSG][0m itr   567, best 5567.4248, time  818.9, minPhero 0.01(232), stagnancy 56.7%
[35m[MSG][0m itr   568, best 5567.4248, time  820.4, minPhero 0.01(232), stagnancy 57.0%
[35m[MSG][0m itr   569, best 5567.4248, time  821.8, minPhero 0.01(232), stagnancy 57.3%
[35m[MSG][0m itr   570, best 5567.4248, time  823.3, minPhero 0.01(232), stagnancy 57.7%
[35m[MSG][0m itr   571, best 5567.4248, time  824.7, minPhero 0.01(232), stagnancy 58.0%
[35m[MSG][0m itr   572, best 5567.4248, time  826.2, minPhero 0.01(232), stagnancy 58.3%
[35m[MSG][0m itr   573, best 5567.4248, time  827.7, minPhero 0.01(232), stagnancy 58.7%
[35m[MSG][0m itr   574, best 5567.4248, time  829.1, minPhero 0.01(232), stagnancy 59.0%
[35m[MSG][0m itr   575, best 5567.4248, time  830.6, minPhero 0.01(232), stagnancy 59.3%
[35m[MSG][0m itr   576, best 5567.4248, time  832.1, minPhero 0.01(232), stagnancy 59.7%
[35m[MSG][0m itr   577, best 5567.4248, time  833.5, minPhero 0.01(232), stagnancy 60.0%
[35m[MSG][0m itr   578, best 5567.4248, time  835.0, minPhero 0.01(232), stagnancy 60.3%
[35m[MSG][0m itr   579, best 5567.4248, time  836.5, minPhero 0.01(232), stagnancy 60.7%
[35m[MSG][0m itr   580, best 5567.4248, time  837.9, minPhero 0.01(232), stagnancy 61.0%
[35m[MSG][0m itr   581, best 5567.4248, time  839.2, minPhero 0.01(232), stagnancy 61.3%
[35m[MSG][0m itr   582, best 5567.4248, time  840.7, minPhero 0.01(232), stagnancy 61.7%
[35m[MSG][0m itr   583, best 5567.4248, time  842.1, minPhero 0.01(232), stagnancy 62.0%
[35m[MSG][0m itr   584, best 5567.4248, time  843.5, minPhero 0.01(232), stagnancy 62.3%
[35m[MSG][0m itr   585, best 5567.4248, time  845.0, minPhero 0.01(232), stagnancy 62.7%
[35m[MSG][0m itr   586, best 5567.4248, time  846.4, minPhero 0.01(232), stagnancy 63.0%
[35m[MSG][0m itr   587, best 5567.4248, time  847.8, minPhero 0.01(232), stagnancy 63.3%
[35m[MSG][0m itr   588, best 5567.4248, time  849.3, minPhero 0.01(232), stagnancy 63.7%
[35m[MSG][0m itr   589, best 5567.4248, time  850.7, minPhero 0.01(232), stagnancy 64.0%
[35m[MSG][0m itr   590, best 5567.4248, time  852.2, minPhero 0.01(232), stagnancy 64.3%
[35m[MSG][0m itr   591, best 5567.4248, time  853.6, minPhero 0.01(232), stagnancy 64.7%
[35m[MSG][0m itr   592, best 5567.4248, time  855.1, minPhero 0.01(232), stagnancy 65.0%
[35m[MSG][0m itr   593, best 5567.4248, time  856.5, minPhero 0.01(232), stagnancy 65.3%
[35m[MSG][0m itr   594, best 5567.4248, time  858.0, minPhero 0.01(232), stagnancy 65.7%
[35m[MSG][0m itr   595, best 5567.4248, time  859.4, minPhero 0.01(232), stagnancy 66.0%
[35m[MSG][0m itr   596, best 5567.4248, time  860.9, minPhero 0.01(232), stagnancy 66.3%
[35m[MSG][0m itr   597, best 5567.4248, time  862.3, minPhero 0.01(232), stagnancy 66.7%
[35m[MSG][0m itr   598, best 5567.4248, time  863.7, minPhero 0.01(232), stagnancy 67.0%
[35m[MSG][0m itr   599, best 5567.4248, time  865.2, minPhero 0.01(232), stagnancy 67.3%
[35m[MSG][0m itr   600, best 5567.4248, time  866.7, minPhero 0.01(232), stagnancy 67.7%
[35m[MSG][0m itr   601, best 5567.4248, time  868.1, minPhero 0.01(232), stagnancy 68.0%
[35m[MSG][0m itr   602, best 5567.4248, time  869.4, minPhero 0.01(232), stagnancy 68.3%
[35m[MSG][0m itr   603, best 5567.4248, time  870.8, minPhero 0.01(232), stagnancy 68.7%
[35m[MSG][0m itr   604, best 5567.4248, time  872.2, minPhero 0.01(232), stagnancy 69.0%
[35m[MSG][0m itr   605, best 5567.4248, time  873.7, minPhero 0.01(232), stagnancy 69.3%
[35m[MSG][0m itr   606, best 5567.4248, time  875.1, minPhero 0.01(232), stagnancy 69.7%
[35m[MSG][0m itr   607, best 5567.4248, time  876.6, minPhero 0.01(232), stagnancy 70.0%
[35m[MSG][0m itr   608, best 5567.4248, time  878.0, minPhero 0.01(232), stagnancy 70.3%
[35m[MSG][0m itr   609, best 5567.4248, time  879.4, minPhero 0.01(232), stagnancy 70.7%
[35m[MSG][0m itr   610, best 5567.4248, time  880.9, minPhero 0.01(232), stagnancy 71.0%
[35m[MSG][0m itr   611, best 5567.4248, time  882.3, minPhero 0.01(232), stagnancy 71.3%
[35m[MSG][0m itr   612, best 5567.4248, time  883.8, minPhero 0.01(232), stagnancy 71.7%
[35m[MSG][0m itr   613, best 5567.4248, time  885.3, minPhero 0.01(232), stagnancy 72.0%
[35m[MSG][0m itr   614, best 5567.4248, time  886.7, minPhero 0.01(232), stagnancy 72.3%
[35m[MSG][0m itr   615, best 5567.4248, time  888.1, minPhero 0.01(232), stagnancy 72.7%
[35m[MSG][0m itr   616, best 5567.4248, time  889.6, minPhero 0.01(232), stagnancy 73.0%
[35m[MSG][0m itr   617, best 5567.4248, time  891.0, minPhero 0.01(232), stagnancy 73.3%
[35m[MSG][0m itr   618, best 5567.4248, time  892.5, minPhero 0.01(232), stagnancy 73.7%
[35m[MSG][0m itr   619, best 5567.4248, time  893.9, minPhero 0.01(232), stagnancy 74.0%
[35m[MSG][0m itr   620, best 5567.4248, time  895.3, minPhero 0.01(232), stagnancy 74.3%
[35m[MSG][0m itr   621, best 5567.4248, time  896.8, minPhero 0.01(232), stagnancy 74.7%
[35m[MSG][0m itr   622, best 5567.4248, time  898.2, minPhero 0.01(232), stagnancy 75.0%
[35m[MSG][0m itr   623, best 5567.4248, time  899.7, minPhero 0.01(232), stagnancy 75.3%
[35m[MSG][0m itr   624, best 5567.4248, time  901.1, minPhero 0.01(232), stagnancy 75.7%
[35m[MSG][0m itr   625, best 5567.4248, time  902.4, minPhero 0.01(232), stagnancy 76.0%
[35m[MSG][0m itr   626, best 5567.4248, time  903.7, minPhero 0.01(232), stagnancy 76.3%
[35m[MSG][0m itr   627, best 5567.4248, time  905.1, minPhero 0.01(232), stagnancy 76.7%
[35m[MSG][0m itr   628, best 5567.4248, time  906.5, minPhero 0.01(232), stagnancy 77.0%
[35m[MSG][0m itr   629, best 5567.4248, time  908.0, minPhero 0.01(232), stagnancy 77.3%
[35m[MSG][0m itr   630, best 5567.4248, time  909.4, minPhero 0.01(232), stagnancy 77.7%
[35m[MSG][0m itr   631, best 5567.4248, time  910.9, minPhero 0.01(232), stagnancy 78.0%
[35m[MSG][0m itr   632, best 5567.4248, time  912.3, minPhero 0.01(232), stagnancy 78.3%
[35m[MSG][0m itr   633, best 5567.4248, time  913.8, minPhero 0.01(232), stagnancy 78.7%
[35m[MSG][0m itr   634, best 5567.4248, time  915.2, minPhero 0.01(232), stagnancy 79.0%
[35m[MSG][0m itr   635, best 5567.4248, time  916.7, minPhero 0.01(232), stagnancy 79.3%
[35m[MSG][0m itr   636, best 5567.4248, time  918.1, minPhero 0.01(232), stagnancy 79.7%
[35m[MSG][0m itr   637, best 5567.4248, time  919.6, minPhero 0.01(232), stagnancy 80.0%
[35m[MSG][0m itr   638, best 5567.4248, time  921.0, minPhero 0.01(232), stagnancy 80.3%
[35m[MSG][0m itr   639, best 5567.4248, time  922.5, minPhero 0.01(232), stagnancy 80.7%
[35m[MSG][0m itr   640, best 5567.4248, time  923.9, minPhero 0.01(232), stagnancy 81.0%
[35m[MSG][0m itr   641, best 5567.4248, time  925.4, minPhero 0.01(232), stagnancy 81.3%
[35m[MSG][0m itr   642, best 5567.4248, time  926.8, minPhero 0.01(232), stagnancy 81.7%
[35m[MSG][0m itr   643, best 5567.4248, time  928.3, minPhero 0.01(232), stagnancy 82.0%
[35m[MSG][0m itr   644, best 5567.4248, time  929.7, minPhero 0.01(232), stagnancy 82.3%
[35m[MSG][0m itr   645, best 5567.4248, time  931.1, minPhero 0.01(232), stagnancy 82.7%
[35m[MSG][0m itr   646, best 5567.4248, time  932.5, minPhero 0.01(232), stagnancy 83.0%
[35m[MSG][0m itr   647, best 5567.4248, time  934.1, minPhero 0.01(232), stagnancy 83.3%
[35m[MSG][0m itr   648, best 5567.4248, time  935.5, minPhero 0.01(232), stagnancy 83.7%
[35m[MSG][0m itr   649, best 5567.4248, time  936.9, minPhero 0.01(232), stagnancy 84.0%
[35m[MSG][0m itr   650, best 5567.4248, time  938.4, minPhero 0.01(232), stagnancy 84.3%
[35m[MSG][0m itr   651, best 5567.4248, time  939.8, minPhero 0.01(232), stagnancy 84.7%
[35m[MSG][0m itr   652, best 5567.4248, time  941.3, minPhero 0.01(232), stagnancy 85.0%
[35m[MSG][0m itr   653, best 5567.4248, time  942.8, minPhero 0.01(232), stagnancy 85.3%
[35m[MSG][0m itr   654, best 5567.4248, time  944.2, minPhero 0.01(232), stagnancy 85.7%
[35m[MSG][0m itr   655, best 5567.4248, time  945.7, minPhero 0.01(232), stagnancy 86.0%
[35m[MSG][0m itr   656, best 5567.4248, time  947.1, minPhero 0.01(232), stagnancy 86.3%
[35m[MSG][0m itr   657, best 5567.4248, time  948.6, minPhero 0.01(232), stagnancy 86.7%
[35m[MSG][0m itr   658, best 5567.4248, time  950.0, minPhero 0.01(232), stagnancy 87.0%
[35m[MSG][0m itr   659, best 5567.4248, time  951.4, minPhero 0.01(232), stagnancy 87.3%
[35m[MSG][0m itr   660, best 5567.4248, time  952.9, minPhero 0.01(232), stagnancy 87.7%
[35m[MSG][0m itr   661, best 5567.4248, time  954.3, minPhero 0.01(232), stagnancy 88.0%
[35m[MSG][0m itr   662, best 5567.4248, time  955.8, minPhero 0.01(232), stagnancy 88.3%
[35m[MSG][0m itr   663, best 5567.4248, time  957.2, minPhero 0.01(232), stagnancy 88.7%
[35m[MSG][0m itr   664, best 5567.4248, time  958.7, minPhero 0.01(232), stagnancy 89.0%
[35m[MSG][0m itr   665, best 5567.4248, time  960.1, minPhero 0.01(232), stagnancy 89.3%
[35m[MSG][0m itr   666, best 5567.4248, time  961.6, minPhero 0.01(232), stagnancy 89.7%
[35m[MSG][0m itr   667, best 5567.4248, time  963.0, minPhero 0.01(232), stagnancy 90.0%
[35m[MSG][0m itr   668, best 5567.4248, time  964.4, minPhero 0.01(232), stagnancy 90.3%
[35m[MSG][0m itr   669, best 5567.4248, time  965.9, minPhero 0.01(232), stagnancy 90.7%
[35m[MSG][0m itr   670, best 5567.4248, time  967.3, minPhero 0.01(232), stagnancy 91.0%
[35m[MSG][0m itr   671, best 5567.4248, time  968.8, minPhero 0.01(232), stagnancy 91.3%
[35m[MSG][0m itr   672, best 5567.4248, time  970.2, minPhero 0.01(232), stagnancy 91.7%
[35m[MSG][0m itr   673, best 5567.4248, time  971.7, minPhero 0.01(232), stagnancy 92.0%
[35m[MSG][0m itr   674, best 5567.4248, time  973.1, minPhero 0.01(232), stagnancy 92.3%
[35m[MSG][0m itr   675, best 5567.4248, time  974.6, minPhero 0.01(232), stagnancy 92.7%
[35m[MSG][0m itr   676, best 5567.4248, time  976.1, minPhero 0.01(232), stagnancy 93.0%
[35m[MSG][0m itr   677, best 5567.4248, time  977.5, minPhero 0.01(232), stagnancy 93.3%
[35m[MSG][0m itr   678, best 5567.4248, time  979.0, minPhero 0.01(232), stagnancy 93.7%
[35m[MSG][0m itr   679, best 5567.4248, time  980.4, minPhero 0.01(232), stagnancy 94.0%
[35m[MSG][0m itr   680, best 5567.4248, time  981.9, minPhero 0.01(232), stagnancy 94.3%
[35m[MSG][0m itr   681, best 5567.4248, time  983.4, minPhero 0.01(232), stagnancy 94.7%
[35m[MSG][0m itr   682, best 5567.4248, time  984.8, minPhero 0.01(232), stagnancy 95.0%
[35m[MSG][0m itr   683, best 5567.4248, time  986.2, minPhero 0.01(232), stagnancy 95.3%
[35m[MSG][0m itr   684, best 5567.4248, time  987.7, minPhero 0.01(232), stagnancy 95.7%
[35m[MSG][0m itr   685, best 5567.4248, time  989.2, minPhero 0.01(232), stagnancy 96.0%
[35m[MSG][0m itr   686, best 5567.4248, time  990.6, minPhero 0.01(232), stagnancy 96.3%
[35m[MSG][0m itr   687, best 5567.4248, time  991.9, minPhero 0.01(232), stagnancy 96.7%
[35m[MSG][0m itr   688, best 5567.4248, time  993.4, minPhero 0.01(232), stagnancy 97.0%
[35m[MSG][0m itr   689, best 5567.4248, time  994.8, minPhero 0.01(232), stagnancy 97.3%
[35m[MSG][0m itr   690, best 5567.4248, time  996.3, minPhero 0.01(232), stagnancy 97.7%
[35m[MSG][0m itr   691, best 5567.4248, time  997.8, minPhero 0.01(232), stagnancy 98.0%
[35m[MSG][0m itr   692, best 5567.4248, time  999.2, minPhero 0.01(232), stagnancy 98.3%
[35m[MSG][0m itr   693, best 5567.4248, time 1000.7, minPhero 0.01(232), stagnancy 98.7%
[35m[MSG][0m itr   694, best 5567.4248, time 1002.1, minPhero 0.01(232), stagnancy 99.0%
[35m[MSG][0m itr   695, best 5567.4248, time 1003.6, minPhero 0.01(232), stagnancy 99.3%
[35m[MSG][0m itr   696, best 5567.4248, time 1005.0, minPhero 0.01(232), stagnancy 99.7%
[35m[MSG][0m itr   697, best 5567.4248, time 1006.5, minPhero 0.01(232), stagnancy 100.0%
[35m[MSG][0m Solution converged. Reinitialising pheromones...
[35m[MSG][0m Time: 1006.51 s
[35m[MSG][0m Best cost: 5567.42
