[35m[MSG][0m Log level set to LOG_DEBUG
[35m[MSG][0m Parsing input from file "res/fruitybun250_2016.vrp"
[35m[MSG][0m Number of nodes: 250
[35m[MSG][0m Running ACO search
[35m[MSG][0m ACO settings: 
 alpha:     8.000
 beta:      1.000
 pers:      0.870
 minPhero:  0.015
 nbhood:    10
 popSize:   256
 maxStag:   300
[35m[MSG][0m itr     1, best 5771.1987, time    1.5, minPhero 0.87(28922), stagnancy 0.0%
[35m[MSG][0m itr     2, best 5771.1987, time    2.7, minPhero 0.76(28922), stagnancy 0.3%
[35m[MSG][0m itr     3, best 5723.5679, time    3.8, minPhero 0.66(28922), stagnancy 0.0%
[35m[MSG][0m itr     4, best 5723.5679, time    5.0, minPhero 0.57(28922), stagnancy 0.3%
[35m[MSG][0m itr     5, best 5723.5679, time    6.1, minPhero 0.50(28922), stagnancy 0.7%
[35m[MSG][0m itr     6, best 5723.5679, time    7.2, minPhero 0.43(28922), stagnancy 1.0%
[35m[MSG][0m itr     7, best 5723.5679, time    8.4, minPhero 0.38(28922), stagnancy 1.3%
[35m[MSG][0m itr     8, best 5723.5679, time    9.5, minPhero 0.33(28922), stagnancy 1.7%
[35m[MSG][0m itr     9, best 5719.7734, time   10.7, minPhero 0.29(28922), stagnancy 0.0%
[35m[MSG][0m itr    10, best 5719.7734, time   11.8, minPhero 0.25(28922), stagnancy 0.3%
[35m[MSG][0m itr    11, best 5689.7056, time   13.0, minPhero 0.22(28922), stagnancy 0.0%
[35m[MSG][0m itr    12, best 5689.7056, time   14.1, minPhero 0.19(28922), stagnancy 0.3%
[35m[MSG][0m itr    13, best 5689.7056, time   15.2, minPhero 0.16(28922), stagnancy 0.7%
[35m[MSG][0m itr    14, best 5689.7056, time   16.3, minPhero 0.14(28922), stagnancy 1.0%
[35m[MSG][0m itr    15, best 5689.7056, time   17.5, minPhero 0.12(28922), stagnancy 1.3%
[35m[MSG][0m itr    16, best 5689.7056, time   18.6, minPhero 0.11(28922), stagnancy 1.7%
[35m[MSG][0m itr    17, best 5689.7056, time   19.7, minPhero 0.09(28922), stagnancy 2.0%
[35m[MSG][0m itr    18, best 5689.7056, time   20.9, minPhero 0.08(28922), stagnancy 2.3%
[35m[MSG][0m itr    19, best 5689.7056, time   22.0, minPhero 0.07(28922), stagnancy 2.7%
[35m[MSG][0m itr    20, best 5689.7056, time   23.1, minPhero 0.06(28922), stagnancy 3.0%
[35m[MSG][0m itr    21, best 5689.7056, time   24.3, minPhero 0.05(28922), stagnancy 3.3%
[35m[MSG][0m itr    22, best 5683.7329, time   25.4, minPhero 0.05(28922), stagnancy 0.0%
[35m[MSG][0m itr    23, best 5683.7329, time   26.6, minPhero 0.04(28922), stagnancy 0.3%
[35m[MSG][0m itr    24, best 5683.7329, time   27.8, minPhero 0.04(28922), stagnancy 0.7%
[35m[MSG][0m itr    25, best 5683.7329, time   28.9, minPhero 0.03(28922), stagnancy 1.0%
[35m[MSG][0m itr    26, best 5678.9771, time   30.0, minPhero 0.03(28922), stagnancy 0.0%
[35m[MSG][0m itr    27, best 5669.0181, time   31.2, minPhero 0.02(474), stagnancy 0.0%
[35m[MSG][0m itr    28, best 5629.2466, time   32.4, minPhero 0.02(478), stagnancy 0.0%
[35m[MSG][0m itr    29, best 5629.2466, time   33.5, minPhero 0.02(406), stagnancy 0.3%
[35m[MSG][0m itr    30, best 5629.2466, time   34.7, minPhero 0.02(406), stagnancy 0.7%
[35m[MSG][0m itr    31, best 5629.2466, time   35.8, minPhero 0.01(406), stagnancy 1.0%
[35m[MSG][0m itr    32, best 5629.2466, time   37.1, minPhero 0.01(367), stagnancy 1.3%
[35m[MSG][0m itr    33, best 5619.4165, time   38.3, minPhero 0.01(361), stagnancy 0.0%
[35m[MSG][0m itr    34, best 5617.8477, time   39.4, minPhero 0.01(335), stagnancy 0.0%
[35m[MSG][0m itr    35, best 5617.8477, time   40.5, minPhero 0.01(330), stagnancy 0.3%
[35m[MSG][0m itr    36, best 5613.9878, time   41.6, minPhero 0.01(325), stagnancy 0.0%
[35m[MSG][0m itr    37, best 5613.9878, time   42.7, minPhero 0.01(314), stagnancy 0.3%
[35m[MSG][0m itr    38, best 5613.9878, time   43.8, minPhero 0.01(314), stagnancy 0.7%
[35m[MSG][0m itr    39, best 5613.9878, time   45.0, minPhero 0.01(314), stagnancy 1.0%
[35m[MSG][0m itr    40, best 5613.8457, time   46.1, minPhero 0.01(311), stagnancy 0.0%
[35m[MSG][0m itr    41, best 5610.4102, time   47.3, minPhero 0.01(316), stagnancy 0.0%
[35m[MSG][0m itr    42, best 5610.4102, time   48.3, minPhero 0.01(316), stagnancy 0.3%
[35m[MSG][0m itr    43, best 5609.8105, time   49.5, minPhero 0.01(314), stagnancy 0.0%
[35m[MSG][0m itr    44, best 5609.8105, time   50.7, minPhero 0.01(314), stagnancy 0.3%
[35m[MSG][0m itr    45, best 5606.6758, time   51.8, minPhero 0.01(316), stagnancy 0.0%
[35m[MSG][0m itr    46, best 5605.9897, time   52.9, minPhero 0.01(311), stagnancy 0.0%
[35m[MSG][0m itr    47, best 5604.5044, time   54.1, minPhero 0.01(290), stagnancy 0.0%
[35m[MSG][0m itr    48, best 5604.5044, time   55.2, minPhero 0.01(287), stagnancy 0.3%
[35m[MSG][0m itr    49, best 5604.5044, time   56.3, minPhero 0.01(273), stagnancy 0.7%
[35m[MSG][0m itr    50, best 5604.5044, time   57.4, minPhero 0.01(273), stagnancy 1.0%
[35m[MSG][0m itr    51, best 5603.6885, time   58.6, minPhero 0.01(272), stagnancy 0.0%
[35m[MSG][0m itr    52, best 5603.2554, time   59.7, minPhero 0.01(274), stagnancy 0.0%
[35m[MSG][0m Solution converged. Reinitialising pheromones...
[35m[MSG][0m itr    53, best 5603.2554, time   60.9, minPhero 0.87(28922), stagnancy 0.3%
[35m[MSG][0m itr    54, best 5603.2554, time   62.0, minPhero 0.76(28922), stagnancy 0.7%
[35m[MSG][0m itr    55, best 5603.2554, time   63.1, minPhero 0.66(28922), stagnancy 1.0%
[35m[MSG][0m itr    56, best 5603.2554, time   64.2, minPhero 0.57(28922), stagnancy 1.3%
[35m[MSG][0m itr    57, best 5603.2554, time   65.3, minPhero 0.50(28922), stagnancy 1.7%
[35m[MSG][0m itr    58, best 5603.2554, time   66.5, minPhero 0.43(28922), stagnancy 2.0%
[35m[MSG][0m itr    59, best 5603.2554, time   67.6, minPhero 0.38(28922), stagnancy 2.3%
[35m[MSG][0m itr    60, best 5603.2554, time   68.7, minPhero 0.33(28922), stagnancy 2.7%
[35m[MSG][0m itr    61, best 5603.2554, time   69.8, minPhero 0.29(28922), stagnancy 3.0%
[35m[MSG][0m itr    62, best 5603.2554, time   71.0, minPhero 0.25(28922), stagnancy 3.3%
[35m[MSG][0m itr    63, best 5603.2554, time   72.1, minPhero 0.22(28922), stagnancy 3.7%
[35m[MSG][0m itr    64, best 5603.2554, time   73.3, minPhero 0.19(28922), stagnancy 4.0%
[35m[MSG][0m itr    65, best 5603.2554, time   74.5, minPhero 0.16(28922), stagnancy 4.3%
[35m[MSG][0m itr    66, best 5603.2554, time   75.7, minPhero 0.14(28922), stagnancy 4.7%
[35m[MSG][0m itr    67, best 5603.2554, time   76.8, minPhero 0.12(28922), stagnancy 5.0%
[35m[MSG][0m itr    68, best 5603.2554, time   77.9, minPhero 0.11(28922), stagnancy 5.3%
[35m[MSG][0m itr    69, best 5603.2554, time   79.1, minPhero 0.09(28922), stagnancy 5.7%
[35m[MSG][0m itr    70, best 5603.2554, time   80.2, minPhero 0.08(28922), stagnancy 6.0%
[35m[MSG][0m itr    71, best 5603.2554, time   81.3, minPhero 0.07(28922), stagnancy 6.3%
[35m[MSG][0m itr    72, best 5603.2554, time   82.3, minPhero 0.06(28922), stagnancy 6.7%
[35m[MSG][0m itr    73, best 5603.2554, time   83.6, minPhero 0.05(28922), stagnancy 7.0%
[35m[MSG][0m itr    74, best 5603.2554, time   84.6, minPhero 0.05(28922), stagnancy 7.3%
[35m[MSG][0m itr    75, best 5603.2554, time   85.7, minPhero 0.04(28922), stagnancy 7.7%
[35m[MSG][0m itr    76, best 5603.2554, time   86.9, minPhero 0.04(28922), stagnancy 8.0%
[35m[MSG][0m itr    77, best 5602.5854, time   88.1, minPhero 0.03(28922), stagnancy 0.0%
[35m[MSG][0m itr    78, best 5602.3022, time   89.2, minPhero 0.03(28922), stagnancy 0.0%
[35m[MSG][0m itr    79, best 5602.0928, time   90.3, minPhero 0.02(256), stagnancy 0.0%
[35m[MSG][0m itr    80, best 5602.0928, time   91.4, minPhero 0.02(256), stagnancy 0.3%
[35m[MSG][0m itr    81, best 5602.0928, time   92.4, minPhero 0.02(256), stagnancy 0.7%
[35m[MSG][0m itr    82, best 5601.1904, time   93.5, minPhero 0.02(258), stagnancy 0.0%
[35m[MSG][0m itr    83, best 5601.1069, time   94.7, minPhero 0.01(260), stagnancy 0.0%
[35m[MSG][0m itr    84, best 5601.1069, time   95.7, minPhero 0.01(260), stagnancy 0.3%
[35m[MSG][0m itr    85, best 5600.8423, time   96.7, minPhero 0.01(261), stagnancy 0.0%
[35m[MSG][0m itr    86, best 5600.5605, time   97.9, minPhero 0.01(261), stagnancy 0.0%
[35m[MSG][0m itr    87, best 5600.5015, time   98.9, minPhero 0.01(262), stagnancy 0.0%
[35m[MSG][0m itr    88, best 5600.5015, time  100.0, minPhero 0.01(262), stagnancy 0.3%
[35m[MSG][0m itr    89, best 5599.7910, time  101.1, minPhero 0.01(264), stagnancy 0.0%
[35m[MSG][0m itr    90, best 5599.7012, time  102.3, minPhero 0.01(264), stagnancy 0.0%
[35m[MSG][0m itr    91, best 5592.3091, time  103.4, minPhero 0.01(269), stagnancy 0.0%
[35m[MSG][0m itr    92, best 5592.3091, time  104.5, minPhero 0.01(259), stagnancy 0.3%
[35m[MSG][0m itr    93, best 5590.8760, time  105.5, minPhero 0.01(262), stagnancy 0.0%
[35m[MSG][0m itr    94, best 5590.8760, time  106.7, minPhero 0.01(262), stagnancy 0.3%
[35m[MSG][0m itr    95, best 5590.8760, time  107.7, minPhero 0.01(262), stagnancy 0.7%
[35m[MSG][0m itr    96, best 5590.8760, time  108.9, minPhero 0.01(262), stagnancy 1.0%
[35m[MSG][0m itr    97, best 5590.8760, time  110.0, minPhero 0.01(262), stagnancy 1.3%
[35m[MSG][0m itr    98, best 5589.6611, time  111.1, minPhero 0.01(265), stagnancy 0.0%
[35m[MSG][0m itr    99, best 5588.4316, time  112.1, minPhero 0.01(265), stagnancy 0.0%
[35m[MSG][0m itr   100, best 5588.4282, time  113.2, minPhero 0.01(265), stagnancy 0.0%
[35m[MSG][0m itr   101, best 5588.3169, time  114.2, minPhero 0.01(264), stagnancy 0.0%
[35m[MSG][0m itr   102, best 5586.9536, time  115.3, minPhero 0.01(265), stagnancy 0.0%
[35m[MSG][0m itr   103, best 5586.7529, time  116.4, minPhero 0.01(265), stagnancy 0.0%
[35m[MSG][0m itr   104, best 5586.7529, time  117.6, minPhero 0.01(262), stagnancy 0.3%
[35m[MSG][0m itr   105, best 5586.6416, time  118.7, minPhero 0.01(261), stagnancy 0.0%
[35m[MSG][0m itr   106, best 5586.6416, time  119.9, minPhero 0.01(259), stagnancy 0.3%
[35m[MSG][0m itr   107, best 5585.1118, time  121.0, minPhero 0.01(263), stagnancy 0.0%
[35m[MSG][0m itr   108, best 5583.3105, time  122.1, minPhero 0.01(264), stagnancy 0.0%
[35m[MSG][0m itr   109, best 5583.3105, time  123.2, minPhero 0.01(262), stagnancy 0.3%
[35m[MSG][0m itr   110, best 5583.3105, time  124.4, minPhero 0.01(262), stagnancy 0.7%
[35m[MSG][0m itr   111, best 5583.3105, time  125.5, minPhero 0.01(261), stagnancy 1.0%
[35m[MSG][0m itr   112, best 5583.3105, time  126.6, minPhero 0.01(261), stagnancy 1.3%
[35m[MSG][0m itr   113, best 5583.3105, time  127.7, minPhero 0.01(261), stagnancy 1.7%
[35m[MSG][0m itr   114, best 5583.3105, time  128.9, minPhero 0.01(261), stagnancy 2.0%
[35m[MSG][0m itr   115, best 5583.3105, time  130.0, minPhero 0.01(261), stagnancy 2.3%
[35m[MSG][0m itr   116, best 5583.3105, time  131.1, minPhero 0.01(261), stagnancy 2.7%
[35m[MSG][0m itr   117, best 5583.3105, time  132.2, minPhero 0.01(256), stagnancy 3.0%
[35m[MSG][0m itr   118, best 5583.3105, time  133.3, minPhero 0.01(255), stagnancy 3.3%
[35m[MSG][0m itr   119, best 5583.3105, time  134.4, minPhero 0.01(255), stagnancy 3.7%
[35m[MSG][0m itr   120, best 5583.3105, time  135.4, minPhero 0.01(249), stagnancy 4.0%
[35m[MSG][0m itr   121, best 5583.3105, time  136.5, minPhero 0.01(246), stagnancy 4.3%
[35m[MSG][0m itr   122, best 5583.3105, time  137.6, minPhero 0.01(246), stagnancy 4.7%
[35m[MSG][0m itr   123, best 5583.3071, time  138.7, minPhero 0.01(246), stagnancy 0.0%
[35m[MSG][0m itr   124, best 5583.3071, time  139.8, minPhero 0.01(245), stagnancy 0.3%
[35m[MSG][0m itr   125, best 5583.3071, time  140.8, minPhero 0.01(245), stagnancy 0.7%
[35m[MSG][0m itr   126, best 5583.3071, time  141.9, minPhero 0.01(245), stagnancy 1.0%
[35m[MSG][0m itr   127, best 5583.3071, time  143.0, minPhero 0.01(245), stagnancy 1.3%
[35m[MSG][0m itr   128, best 5583.3071, time  144.1, minPhero 0.01(242), stagnancy 1.7%
[35m[MSG][0m itr   129, best 5583.3071, time  145.3, minPhero 0.01(242), stagnancy 2.0%
[35m[MSG][0m itr   130, best 5583.3071, time  146.3, minPhero 0.01(242), stagnancy 2.3%
[35m[MSG][0m itr   131, best 5583.3071, time  147.4, minPhero 0.01(241), stagnancy 2.7%
[35m[MSG][0m itr   132, best 5583.3071, time  148.5, minPhero 0.01(238), stagnancy 3.0%
[35m[MSG][0m itr   133, best 5583.3071, time  149.6, minPhero 0.01(235), stagnancy 3.3%
[35m[MSG][0m itr   134, best 5583.3071, time  150.6, minPhero 0.01(235), stagnancy 3.7%
[35m[MSG][0m itr   135, best 5583.3071, time  151.7, minPhero 0.01(235), stagnancy 4.0%
[35m[MSG][0m itr   136, best 5583.3071, time  152.8, minPhero 0.01(235), stagnancy 4.3%
[35m[MSG][0m itr   137, best 5583.3071, time  153.9, minPhero 0.01(235), stagnancy 4.7%
[35m[MSG][0m itr   138, best 5583.3071, time  155.0, minPhero 0.01(235), stagnancy 5.0%
[35m[MSG][0m itr   139, best 5583.3071, time  156.1, minPhero 0.01(235), stagnancy 5.3%
[35m[MSG][0m itr   140, best 5583.3071, time  157.2, minPhero 0.01(235), stagnancy 5.7%
[35m[MSG][0m itr   141, best 5583.3071, time  158.3, minPhero 0.01(235), stagnancy 6.0%
[35m[MSG][0m itr   142, best 5583.3071, time  159.4, minPhero 0.01(235), stagnancy 6.3%
[35m[MSG][0m itr   143, best 5583.3071, time  160.6, minPhero 0.01(235), stagnancy 6.7%
[35m[MSG][0m itr   144, best 5583.3071, time  161.7, minPhero 0.01(235), stagnancy 7.0%
[35m[MSG][0m itr   145, best 5583.3071, time  162.8, minPhero 0.01(235), stagnancy 7.3%
[35m[MSG][0m itr   146, best 5583.3071, time  163.9, minPhero 0.01(235), stagnancy 7.7%
[35m[MSG][0m itr   147, best 5583.3071, time  165.0, minPhero 0.01(235), stagnancy 8.0%
[35m[MSG][0m itr   148, best 5583.3071, time  166.2, minPhero 0.01(235), stagnancy 8.3%
[35m[MSG][0m itr   149, best 5583.3071, time  167.3, minPhero 0.01(232), stagnancy 8.7%
[35m[MSG][0m itr   150, best 5583.3071, time  168.3, minPhero 0.01(232), stagnancy 9.0%
[35m[MSG][0m itr   151, best 5583.3071, time  169.5, minPhero 0.01(232), stagnancy 9.3%
[35m[MSG][0m itr   152, best 5583.3071, time  170.6, minPhero 0.01(232), stagnancy 9.7%
[35m[MSG][0m itr   153, best 5583.3071, time  171.7, minPhero 0.01(232), stagnancy 10.0%
[35m[MSG][0m itr   154, best 5583.3071, time  172.8, minPhero 0.01(232), stagnancy 10.3%
[35m[MSG][0m itr   155, best 5583.3071, time  174.0, minPhero 0.01(232), stagnancy 10.7%
[35m[MSG][0m itr   156, best 5583.3071, time  175.0, minPhero 0.01(232), stagnancy 11.0%
[35m[MSG][0m itr   157, best 5583.3071, time  176.2, minPhero 0.01(232), stagnancy 11.3%
[35m[MSG][0m itr   158, best 5583.3071, time  177.3, minPhero 0.01(232), stagnancy 11.7%
[35m[MSG][0m itr   159, best 5583.3071, time  178.4, minPhero 0.01(232), stagnancy 12.0%
[35m[MSG][0m itr   160, best 5583.3071, time  179.7, minPhero 0.01(232), stagnancy 12.3%
[35m[MSG][0m itr   161, best 5583.3071, time  180.9, minPhero 0.01(232), stagnancy 12.7%
[35m[MSG][0m itr   162, best 5583.3071, time  182.0, minPhero 0.01(232), stagnancy 13.0%
[35m[MSG][0m itr   163, best 5583.3071, time  183.0, minPhero 0.01(232), stagnancy 13.3%
[35m[MSG][0m itr   164, best 5583.3071, time  184.2, minPhero 0.01(232), stagnancy 13.7%
[35m[MSG][0m itr   165, best 5583.3071, time  185.2, minPhero 0.01(232), stagnancy 14.0%
[35m[MSG][0m itr   166, best 5583.3071, time  186.4, minPhero 0.01(232), stagnancy 14.3%
[35m[MSG][0m itr   167, best 5583.3071, time  187.5, minPhero 0.01(232), stagnancy 14.7%
[35m[MSG][0m itr   168, best 5583.3071, time  188.7, minPhero 0.01(232), stagnancy 15.0%
[35m[MSG][0m itr   169, best 5583.3071, time  189.7, minPhero 0.01(232), stagnancy 15.3%
[35m[MSG][0m itr   170, best 5582.3345, time  190.9, minPhero 0.01(242), stagnancy 0.0%
[35m[MSG][0m itr   171, best 5582.3345, time  192.0, minPhero 0.01(242), stagnancy 0.3%
[35m[MSG][0m itr   172, best 5581.9268, time  193.1, minPhero 0.01(252), stagnancy 0.0%
[35m[MSG][0m itr   173, best 5581.9268, time  194.1, minPhero 0.01(252), stagnancy 0.3%
[35m[MSG][0m itr   174, best 5578.3882, time  195.3, minPhero 0.01(252), stagnancy 0.0%
[35m[MSG][0m itr   175, best 5578.3882, time  196.4, minPhero 0.01(252), stagnancy 0.3%
[35m[MSG][0m itr   176, best 5574.9346, time  197.4, minPhero 0.01(259), stagnancy 0.0%
[35m[MSG][0m itr   177, best 5574.9346, time  198.5, minPhero 0.01(259), stagnancy 0.3%
[35m[MSG][0m itr   178, best 5574.5571, time  199.7, minPhero 0.01(259), stagnancy 0.0%
[35m[MSG][0m itr   179, best 5574.5571, time  200.8, minPhero 0.01(259), stagnancy 0.3%
[35m[MSG][0m itr   180, best 5574.5571, time  201.9, minPhero 0.01(259), stagnancy 0.7%
[35m[MSG][0m itr   181, best 5574.5571, time  203.1, minPhero 0.01(259), stagnancy 1.0%
[35m[MSG][0m itr   182, best 5574.5571, time  204.2, minPhero 0.01(259), stagnancy 1.3%
[35m[MSG][0m itr   183, best 5574.5566, time  205.2, minPhero 0.01(259), stagnancy 0.0%
[35m[MSG][0m itr   184, best 5574.5566, time  206.4, minPhero 0.01(259), stagnancy 0.3%
[35m[MSG][0m itr   185, best 5574.5566, time  207.5, minPhero 0.01(259), stagnancy 0.7%
[35m[MSG][0m itr   186, best 5574.5566, time  208.5, minPhero 0.01(259), stagnancy 1.0%
[35m[MSG][0m itr   187, best 5574.5566, time  209.6, minPhero 0.01(259), stagnancy 1.3%
[35m[MSG][0m itr   188, best 5574.5566, time  210.7, minPhero 0.01(256), stagnancy 1.7%
[35m[MSG][0m itr   189, best 5574.5566, time  211.8, minPhero 0.01(256), stagnancy 2.0%
[35m[MSG][0m itr   190, best 5574.5566, time  212.8, minPhero 0.01(250), stagnancy 2.3%
[35m[MSG][0m itr   191, best 5574.5566, time  214.0, minPhero 0.01(250), stagnancy 2.7%
[35m[MSG][0m itr   192, best 5574.5566, time  215.0, minPhero 0.01(250), stagnancy 3.0%
[35m[MSG][0m itr   193, best 5574.5566, time  216.1, minPhero 0.01(250), stagnancy 3.3%
[35m[MSG][0m itr   194, best 5574.5566, time  217.3, minPhero 0.01(247), stagnancy 3.7%
[35m[MSG][0m itr   195, best 5574.5566, time  218.5, minPhero 0.01(247), stagnancy 4.0%
[35m[MSG][0m itr   196, best 5574.5566, time  219.5, minPhero 0.01(240), stagnancy 4.3%
[35m[MSG][0m itr   197, best 5574.5566, time  220.6, minPhero 0.01(238), stagnancy 4.7%
[35m[MSG][0m itr   198, best 5574.5566, time  221.6, minPhero 0.01(236), stagnancy 5.0%
[35m[MSG][0m itr   199, best 5574.5566, time  222.9, minPhero 0.01(236), stagnancy 5.3%
[35m[MSG][0m itr   200, best 5574.5566, time  224.0, minPhero 0.01(236), stagnancy 5.7%
[35m[MSG][0m itr   201, best 5574.5566, time  225.1, minPhero 0.01(236), stagnancy 6.0%
[35m[MSG][0m itr   202, best 5574.5566, time  226.1, minPhero 0.01(232), stagnancy 6.3%
[35m[MSG][0m itr   203, best 5574.5566, time  227.3, minPhero 0.01(232), stagnancy 6.7%
[35m[MSG][0m itr   204, best 5574.5566, time  228.3, minPhero 0.01(232), stagnancy 7.0%
[35m[MSG][0m itr   205, best 5574.5566, time  229.4, minPhero 0.01(232), stagnancy 7.3%
[35m[MSG][0m itr   206, best 5574.5566, time  230.5, minPhero 0.01(232), stagnancy 7.7%
[35m[MSG][0m itr   207, best 5574.5566, time  231.6, minPhero 0.01(232), stagnancy 8.0%
[35m[MSG][0m itr   208, best 5574.5566, time  232.8, minPhero 0.01(232), stagnancy 8.3%
[35m[MSG][0m itr   209, best 5574.5566, time  233.8, minPhero 0.01(232), stagnancy 8.7%
[35m[MSG][0m itr   210, best 5574.5566, time  234.9, minPhero 0.01(232), stagnancy 9.0%
[35m[MSG][0m itr   211, best 5574.5566, time  236.0, minPhero 0.01(232), stagnancy 9.3%
[35m[MSG][0m itr   212, best 5574.1406, time  237.1, minPhero 0.01(243), stagnancy 0.0%
[35m[MSG][0m itr   213, best 5574.1406, time  238.2, minPhero 0.01(243), stagnancy 0.3%
[35m[MSG][0m itr   214, best 5573.3364, time  239.4, minPhero 0.01(243), stagnancy 0.0%
[35m[MSG][0m itr   215, best 5573.2651, time  240.4, minPhero 0.01(243), stagnancy 0.0%
[35m[MSG][0m itr   216, best 5573.2651, time  241.5, minPhero 0.01(243), stagnancy 0.3%
[35m[MSG][0m itr   217, best 5573.2651, time  242.5, minPhero 0.01(243), stagnancy 0.7%
[35m[MSG][0m itr   218, best 5573.2651, time  243.7, minPhero 0.01(243), stagnancy 1.0%
[35m[MSG][0m itr   219, best 5573.2651, time  244.7, minPhero 0.01(243), stagnancy 1.3%
[35m[MSG][0m itr   220, best 5573.2651, time  245.9, minPhero 0.01(243), stagnancy 1.7%
[35m[MSG][0m itr   221, best 5573.2651, time  247.0, minPhero 0.01(243), stagnancy 2.0%
[35m[MSG][0m itr   222, best 5573.2651, time  248.1, minPhero 0.01(243), stagnancy 2.3%
[35m[MSG][0m itr   223, best 5573.2646, time  249.2, minPhero 0.01(243), stagnancy 0.0%
[35m[MSG][0m itr   224, best 5573.2646, time  250.3, minPhero 0.01(243), stagnancy 0.3%
[35m[MSG][0m itr   225, best 5573.2646, time  251.5, minPhero 0.01(243), stagnancy 0.7%
[35m[MSG][0m itr   226, best 5573.2646, time  252.7, minPhero 0.01(243), stagnancy 1.0%
[35m[MSG][0m itr   227, best 5573.2646, time  253.9, minPhero 0.01(243), stagnancy 1.3%
[35m[MSG][0m itr   228, best 5573.2646, time  255.1, minPhero 0.01(243), stagnancy 1.7%
[35m[MSG][0m itr   229, best 5573.2646, time  256.3, minPhero 0.01(243), stagnancy 2.0%
[35m[MSG][0m itr   230, best 5573.2646, time  257.5, minPhero 0.01(241), stagnancy 2.3%
[35m[MSG][0m itr   231, best 5573.2646, time  258.5, minPhero 0.01(241), stagnancy 2.7%
[35m[MSG][0m itr   232, best 5573.2646, time  259.6, minPhero 0.01(241), stagnancy 3.0%
[35m[MSG][0m itr   233, best 5573.2646, time  260.8, minPhero 0.01(238), stagnancy 3.3%
[35m[MSG][0m itr   234, best 5573.2646, time  261.8, minPhero 0.01(238), stagnancy 3.7%
[35m[MSG][0m itr   235, best 5573.2646, time  262.9, minPhero 0.01(238), stagnancy 4.0%
[35m[MSG][0m itr   236, best 5573.2646, time  264.0, minPhero 0.01(238), stagnancy 4.3%
[35m[MSG][0m itr   237, best 5573.2646, time  265.2, minPhero 0.01(238), stagnancy 4.7%
[35m[MSG][0m itr   238, best 5573.2646, time  266.3, minPhero 0.01(232), stagnancy 5.0%
[35m[MSG][0m itr   239, best 5573.2646, time  267.4, minPhero 0.01(232), stagnancy 5.3%
[35m[MSG][0m itr   240, best 5573.2646, time  268.6, minPhero 0.01(232), stagnancy 5.7%
[35m[MSG][0m itr   241, best 5573.2646, time  269.6, minPhero 0.01(232), stagnancy 6.0%
[35m[MSG][0m itr   242, best 5573.2646, time  270.7, minPhero 0.01(232), stagnancy 6.3%
[35m[MSG][0m itr   243, best 5573.2646, time  271.9, minPhero 0.01(232), stagnancy 6.7%
[35m[MSG][0m itr   244, best 5570.1411, time  273.0, minPhero 0.01(237), stagnancy 0.0%
[35m[MSG][0m itr   245, best 5570.1411, time  274.0, minPhero 0.01(237), stagnancy 0.3%
[35m[MSG][0m itr   246, best 5570.1411, time  275.2, minPhero 0.01(237), stagnancy 0.7%
[35m[MSG][0m itr   247, best 5570.1411, time  276.3, minPhero 0.01(237), stagnancy 1.0%
[35m[MSG][0m itr   248, best 5570.1411, time  277.3, minPhero 0.01(237), stagnancy 1.3%
[35m[MSG][0m itr   249, best 5570.1406, time  278.4, minPhero 0.01(237), stagnancy 0.0%
[35m[MSG][0m itr   250, best 5570.1406, time  279.6, minPhero 0.01(237), stagnancy 0.3%
[35m[MSG][0m itr   251, best 5570.1406, time  280.7, minPhero 0.01(237), stagnancy 0.7%
[35m[MSG][0m itr   252, best 5570.1406, time  281.8, minPhero 0.01(237), stagnancy 1.0%
[35m[MSG][0m itr   253, best 5570.1406, time  283.0, minPhero 0.01(237), stagnancy 1.3%
[35m[MSG][0m itr   254, best 5570.1406, time  284.2, minPhero 0.01(237), stagnancy 1.7%
[35m[MSG][0m itr   255, best 5570.1406, time  285.2, minPhero 0.01(237), stagnancy 2.0%
[35m[MSG][0m itr   256, best 5570.1406, time  286.2, minPhero 0.01(237), stagnancy 2.3%
[35m[MSG][0m itr   257, best 5570.1406, time  287.6, minPhero 0.01(237), stagnancy 2.7%
[35m[MSG][0m itr   258, best 5570.1406, time  288.7, minPhero 0.01(237), stagnancy 3.0%
[35m[MSG][0m itr   259, best 5570.1406, time  289.9, minPhero 0.01(237), stagnancy 3.3%
[35m[MSG][0m itr   260, best 5570.1406, time  290.9, minPhero 0.01(237), stagnancy 3.7%
[35m[MSG][0m itr   261, best 5570.1406, time  291.9, minPhero 0.01(237), stagnancy 4.0%
[35m[MSG][0m itr   262, best 5570.1406, time  293.1, minPhero 0.01(237), stagnancy 4.3%
[35m[MSG][0m itr   263, best 5570.1406, time  294.2, minPhero 0.01(237), stagnancy 4.7%
[35m[MSG][0m itr   264, best 5570.1406, time  295.4, minPhero 0.01(237), stagnancy 5.0%
[35m[MSG][0m itr   265, best 5570.1406, time  296.5, minPhero 0.01(237), stagnancy 5.3%
[35m[MSG][0m itr   266, best 5570.1406, time  297.7, minPhero 0.01(237), stagnancy 5.7%
[35m[MSG][0m itr   267, best 5570.1406, time  298.7, minPhero 0.01(237), stagnancy 6.0%
[35m[MSG][0m itr   268, best 5570.1406, time  299.8, minPhero 0.01(237), stagnancy 6.3%
[35m[MSG][0m itr   269, best 5570.1406, time  300.9, minPhero 0.01(237), stagnancy 6.7%
[35m[MSG][0m itr   270, best 5570.1406, time  301.9, minPhero 0.01(232), stagnancy 7.0%
[35m[MSG][0m itr   271, best 5570.1406, time  303.0, minPhero 0.01(232), stagnancy 7.3%
[35m[MSG][0m itr   272, best 5570.1406, time  304.1, minPhero 0.01(232), stagnancy 7.7%
[35m[MSG][0m itr   273, best 5570.1406, time  305.3, minPhero 0.01(232), stagnancy 8.0%
[35m[MSG][0m itr   274, best 5570.1406, time  306.4, minPhero 0.01(232), stagnancy 8.3%
[35m[MSG][0m itr   275, best 5570.1406, time  307.5, minPhero 0.01(232), stagnancy 8.7%
[35m[MSG][0m itr   276, best 5570.1406, time  308.7, minPhero 0.01(232), stagnancy 9.0%
[35m[MSG][0m itr   277, best 5570.1406, time  309.8, minPhero 0.01(232), stagnancy 9.3%
[35m[MSG][0m itr   278, best 5570.1406, time  310.9, minPhero 0.01(232), stagnancy 9.7%
[35m[MSG][0m itr   279, best 5570.1406, time  312.1, minPhero 0.01(232), stagnancy 10.0%
[35m[MSG][0m itr   280, best 5570.1406, time  313.2, minPhero 0.01(232), stagnancy 10.3%
[35m[MSG][0m itr   281, best 5570.1406, time  314.4, minPhero 0.01(232), stagnancy 10.7%
[35m[MSG][0m itr   282, best 5570.1406, time  315.5, minPhero 0.01(232), stagnancy 11.0%
[35m[MSG][0m itr   283, best 5570.1406, time  316.7, minPhero 0.01(232), stagnancy 11.3%
[35m[MSG][0m itr   284, best 5570.1406, time  317.7, minPhero 0.01(232), stagnancy 11.7%
[35m[MSG][0m itr   285, best 5570.1406, time  318.9, minPhero 0.01(232), stagnancy 12.0%
[35m[MSG][0m itr   286, best 5570.1406, time  320.1, minPhero 0.01(232), stagnancy 12.3%
[35m[MSG][0m itr   287, best 5570.1406, time  321.2, minPhero 0.01(232), stagnancy 12.7%
[35m[MSG][0m itr   288, best 5570.1406, time  322.2, minPhero 0.01(232), stagnancy 13.0%
[35m[MSG][0m itr   289, best 5570.1406, time  323.3, minPhero 0.01(232), stagnancy 13.3%
[35m[MSG][0m itr   290, best 5570.1406, time  324.4, minPhero 0.01(232), stagnancy 13.7%
[35m[MSG][0m itr   291, best 5570.1406, time  325.4, minPhero 0.01(232), stagnancy 14.0%
[35m[MSG][0m itr   292, best 5570.1406, time  326.5, minPhero 0.01(232), stagnancy 14.3%
[35m[MSG][0m itr   293, best 5570.1406, time  327.6, minPhero 0.01(232), stagnancy 14.7%
[35m[MSG][0m itr   294, best 5570.1406, time  328.6, minPhero 0.01(232), stagnancy 15.0%
[35m[MSG][0m itr   295, best 5570.1406, time  329.7, minPhero 0.01(232), stagnancy 15.3%
[35m[MSG][0m itr   296, best 5570.1406, time  330.7, minPhero 0.01(232), stagnancy 15.7%
[35m[MSG][0m itr   297, best 5570.1406, time  331.8, minPhero 0.01(232), stagnancy 16.0%
[35m[MSG][0m itr   298, best 5570.1406, time  332.9, minPhero 0.01(232), stagnancy 16.3%
[35m[MSG][0m itr   299, best 5570.1406, time  333.9, minPhero 0.01(232), stagnancy 16.7%
[35m[MSG][0m itr   300, best 5570.1406, time  335.0, minPhero 0.01(232), stagnancy 17.0%
[35m[MSG][0m itr   301, best 5570.1406, time  336.1, minPhero 0.01(232), stagnancy 17.3%
[35m[MSG][0m itr   302, best 5570.1406, time  337.2, minPhero 0.01(232), stagnancy 17.7%
[35m[MSG][0m itr   303, best 5570.1406, time  338.3, minPhero 0.01(232), stagnancy 18.0%
[35m[MSG][0m itr   304, best 5570.1406, time  339.3, minPhero 0.01(232), stagnancy 18.3%
[35m[MSG][0m itr   305, best 5570.1406, time  340.4, minPhero 0.01(232), stagnancy 18.7%
[35m[MSG][0m itr   306, best 5570.1406, time  341.6, minPhero 0.01(232), stagnancy 19.0%
[35m[MSG][0m itr   307, best 5570.1406, time  342.6, minPhero 0.01(232), stagnancy 19.3%
[35m[MSG][0m itr   308, best 5570.1406, time  343.7, minPhero 0.01(232), stagnancy 19.7%
[35m[MSG][0m itr   309, best 5570.1406, time  344.7, minPhero 0.01(232), stagnancy 20.0%
[35m[MSG][0m itr   310, best 5570.1406, time  345.8, minPhero 0.01(232), stagnancy 20.3%
[35m[MSG][0m itr   311, best 5570.1406, time  347.0, minPhero 0.01(232), stagnancy 20.7%
[35m[MSG][0m itr   312, best 5570.1406, time  348.1, minPhero 0.01(232), stagnancy 21.0%
[35m[MSG][0m itr   313, best 5570.1406, time  349.2, minPhero 0.01(232), stagnancy 21.3%
[35m[MSG][0m itr   314, best 5570.1406, time  350.3, minPhero 0.01(232), stagnancy 21.7%
[35m[MSG][0m itr   315, best 5570.1406, time  351.4, minPhero 0.01(232), stagnancy 22.0%
[35m[MSG][0m itr   316, best 5570.1406, time  352.5, minPhero 0.01(232), stagnancy 22.3%
[35m[MSG][0m itr   317, best 5570.1406, time  353.6, minPhero 0.01(232), stagnancy 22.7%
[35m[MSG][0m itr   318, best 5570.1406, time  354.6, minPhero 0.01(232), stagnancy 23.0%
[35m[MSG][0m itr   319, best 5570.1406, time  355.7, minPhero 0.01(232), stagnancy 23.3%
[35m[MSG][0m itr   320, best 5570.1406, time  356.8, minPhero 0.01(232), stagnancy 23.7%
[35m[MSG][0m itr   321, best 5570.1406, time  357.9, minPhero 0.01(232), stagnancy 24.0%
[35m[MSG][0m itr   322, best 5570.1406, time  359.0, minPhero 0.01(232), stagnancy 24.3%
[35m[MSG][0m itr   323, best 5570.1406, time  360.1, minPhero 0.01(232), stagnancy 24.7%
[35m[MSG][0m itr   324, best 5570.1406, time  361.2, minPhero 0.01(232), stagnancy 25.0%
[35m[MSG][0m itr   325, best 5570.1406, time  362.3, minPhero 0.01(232), stagnancy 25.3%
[35m[MSG][0m itr   326, best 5570.1406, time  363.3, minPhero 0.01(232), stagnancy 25.7%
[35m[MSG][0m itr   327, best 5570.1406, time  364.4, minPhero 0.01(232), stagnancy 26.0%
[35m[MSG][0m itr   328, best 5570.1406, time  365.5, minPhero 0.01(232), stagnancy 26.3%
[35m[MSG][0m itr   329, best 5570.1406, time  366.6, minPhero 0.01(232), stagnancy 26.7%
[35m[MSG][0m itr   330, best 5570.1406, time  367.7, minPhero 0.01(232), stagnancy 27.0%
[35m[MSG][0m itr   331, best 5570.1406, time  368.7, minPhero 0.01(232), stagnancy 27.3%
[35m[MSG][0m itr   332, best 5570.1406, time  369.9, minPhero 0.01(232), stagnancy 27.7%
[35m[MSG][0m itr   333, best 5570.1406, time  371.1, minPhero 0.01(232), stagnancy 28.0%
[35m[MSG][0m itr   334, best 5570.1406, time  372.1, minPhero 0.01(232), stagnancy 28.3%
[35m[MSG][0m itr   335, best 5570.1406, time  373.2, minPhero 0.01(232), stagnancy 28.7%
[35m[MSG][0m itr   336, best 5570.1406, time  374.3, minPhero 0.01(232), stagnancy 29.0%
[35m[MSG][0m itr   337, best 5570.1406, time  375.4, minPhero 0.01(232), stagnancy 29.3%
[35m[MSG][0m itr   338, best 5570.1406, time  376.6, minPhero 0.01(232), stagnancy 29.7%
[35m[MSG][0m itr   339, best 5570.1406, time  377.7, minPhero 0.01(232), stagnancy 30.0%
[35m[MSG][0m itr   340, best 5570.1406, time  378.8, minPhero 0.01(232), stagnancy 30.3%
[35m[MSG][0m itr   341, best 5570.1406, time  379.9, minPhero 0.01(232), stagnancy 30.7%
[35m[MSG][0m itr   342, best 5570.1406, time  381.0, minPhero 0.01(232), stagnancy 31.0%
[35m[MSG][0m itr   343, best 5570.1406, time  382.1, minPhero 0.01(232), stagnancy 31.3%
[35m[MSG][0m itr   344, best 5570.1406, time  383.2, minPhero 0.01(232), stagnancy 31.7%
[35m[MSG][0m itr   345, best 5570.1406, time  384.4, minPhero 0.01(232), stagnancy 32.0%
[35m[MSG][0m itr   346, best 5570.1406, time  385.5, minPhero 0.01(232), stagnancy 32.3%
[35m[MSG][0m itr   347, best 5570.1406, time  386.6, minPhero 0.01(232), stagnancy 32.7%
[35m[MSG][0m itr   348, best 5570.1406, time  387.8, minPhero 0.01(232), stagnancy 33.0%
[35m[MSG][0m itr   349, best 5570.1406, time  388.9, minPhero 0.01(232), stagnancy 33.3%
[35m[MSG][0m itr   350, best 5570.1406, time  390.0, minPhero 0.01(232), stagnancy 33.7%
[35m[MSG][0m itr   351, best 5570.1406, time  391.1, minPhero 0.01(232), stagnancy 34.0%
[35m[MSG][0m itr   352, best 5570.1406, time  392.2, minPhero 0.01(232), stagnancy 34.3%
[35m[MSG][0m itr   353, best 5570.1406, time  393.3, minPhero 0.01(232), stagnancy 34.7%
[35m[MSG][0m itr   354, best 5570.1406, time  394.5, minPhero 0.01(232), stagnancy 35.0%
[35m[MSG][0m itr   355, best 5570.1406, time  395.6, minPhero 0.01(232), stagnancy 35.3%
[35m[MSG][0m itr   356, best 5570.1406, time  396.7, minPhero 0.01(232), stagnancy 35.7%
[35m[MSG][0m itr   357, best 5570.1406, time  397.8, minPhero 0.01(232), stagnancy 36.0%
[35m[MSG][0m itr   358, best 5570.1406, time  398.9, minPhero 0.01(232), stagnancy 36.3%
[35m[MSG][0m itr   359, best 5570.1406, time  400.0, minPhero 0.01(232), stagnancy 36.7%
[35m[MSG][0m itr   360, best 5570.1406, time  401.2, minPhero 0.01(232), stagnancy 37.0%
[35m[MSG][0m itr   361, best 5570.1406, time  402.3, minPhero 0.01(232), stagnancy 37.3%
[35m[MSG][0m itr   362, best 5570.1406, time  403.4, minPhero 0.01(232), stagnancy 37.7%
[35m[MSG][0m itr   363, best 5570.1406, time  404.4, minPhero 0.01(232), stagnancy 38.0%
[35m[MSG][0m itr   364, best 5570.1406, time  405.5, minPhero 0.01(232), stagnancy 38.3%
[35m[MSG][0m itr   365, best 5570.1406, time  406.6, minPhero 0.01(232), stagnancy 38.7%
[35m[MSG][0m itr   366, best 5570.1406, time  407.6, minPhero 0.01(232), stagnancy 39.0%
[35m[MSG][0m itr   367, best 5570.1406, time  408.7, minPhero 0.01(232), stagnancy 39.3%
[35m[MSG][0m itr   368, best 5570.1406, time  409.8, minPhero 0.01(232), stagnancy 39.7%
[35m[MSG][0m itr   369, best 5570.1406, time  410.9, minPhero 0.01(232), stagnancy 40.0%
[35m[MSG][0m itr   370, best 5570.1406, time  412.0, minPhero 0.01(232), stagnancy 40.3%
[35m[MSG][0m itr   371, best 5570.1406, time  413.2, minPhero 0.01(232), stagnancy 40.7%
[35m[MSG][0m itr   372, best 5570.1406, time  414.2, minPhero 0.01(232), stagnancy 41.0%
[35m[MSG][0m itr   373, best 5570.1406, time  415.4, minPhero 0.01(232), stagnancy 41.3%
[35m[MSG][0m itr   374, best 5570.1406, time  416.5, minPhero 0.01(232), stagnancy 41.7%
[35m[MSG][0m itr   375, best 5570.1406, time  417.7, minPhero 0.01(232), stagnancy 42.0%
[35m[MSG][0m itr   376, best 5570.1406, time  418.8, minPhero 0.01(232), stagnancy 42.3%
[35m[MSG][0m itr   377, best 5570.1406, time  419.9, minPhero 0.01(232), stagnancy 42.7%
[35m[MSG][0m itr   378, best 5570.1406, time  421.1, minPhero 0.01(232), stagnancy 43.0%
[35m[MSG][0m itr   379, best 5570.1406, time  422.1, minPhero 0.01(232), stagnancy 43.3%
[35m[MSG][0m itr   380, best 5570.1406, time  423.4, minPhero 0.01(232), stagnancy 43.7%
[35m[MSG][0m itr   381, best 5570.1406, time  424.6, minPhero 0.01(232), stagnancy 44.0%
[35m[MSG][0m itr   382, best 5570.1406, time  425.6, minPhero 0.01(232), stagnancy 44.3%
[35m[MSG][0m itr   383, best 5570.1406, time  426.7, minPhero 0.01(232), stagnancy 44.7%
[35m[MSG][0m itr   384, best 5570.1406, time  427.8, minPhero 0.01(232), stagnancy 45.0%
[35m[MSG][0m itr   385, best 5570.1406, time  428.8, minPhero 0.01(232), stagnancy 45.3%
[35m[MSG][0m itr   386, best 5570.1406, time  429.9, minPhero 0.01(232), stagnancy 45.7%
[35m[MSG][0m itr   387, best 5570.1406, time  430.9, minPhero 0.01(232), stagnancy 46.0%
[35m[MSG][0m itr   388, best 5570.1406, time  432.0, minPhero 0.01(232), stagnancy 46.3%
[35m[MSG][0m itr   389, best 5570.1406, time  433.1, minPhero 0.01(232), stagnancy 46.7%
[35m[MSG][0m itr   390, best 5570.1406, time  434.1, minPhero 0.01(232), stagnancy 47.0%
[35m[MSG][0m itr   391, best 5570.1406, time  435.2, minPhero 0.01(232), stagnancy 47.3%
[35m[MSG][0m itr   392, best 5570.1406, time  436.2, minPhero 0.01(232), stagnancy 47.7%
[35m[MSG][0m itr   393, best 5570.1406, time  437.3, minPhero 0.01(232), stagnancy 48.0%
[35m[MSG][0m itr   394, best 5570.1406, time  438.4, minPhero 0.01(232), stagnancy 48.3%
[35m[MSG][0m itr   395, best 5570.1406, time  439.6, minPhero 0.01(232), stagnancy 48.7%
[35m[MSG][0m itr   396, best 5570.1406, time  440.7, minPhero 0.01(232), stagnancy 49.0%
[35m[MSG][0m itr   397, best 5570.1406, time  441.9, minPhero 0.01(232), stagnancy 49.3%
[35m[MSG][0m itr   398, best 5570.1406, time  442.9, minPhero 0.01(232), stagnancy 49.7%
[35m[MSG][0m itr   399, best 5570.1406, time  444.2, minPhero 0.01(232), stagnancy 50.0%
[35m[MSG][0m itr   400, best 5570.1406, time  445.3, minPhero 0.01(232), stagnancy 50.3%
[35m[MSG][0m itr   401, best 5570.1406, time  446.4, minPhero 0.01(232), stagnancy 50.7%
[35m[MSG][0m itr   402, best 5570.1406, time  447.4, minPhero 0.01(232), stagnancy 51.0%
[35m[MSG][0m itr   403, best 5570.1406, time  448.5, minPhero 0.01(232), stagnancy 51.3%
[35m[MSG][0m itr   404, best 5570.1406, time  449.6, minPhero 0.01(232), stagnancy 51.7%
[35m[MSG][0m itr   405, best 5570.1406, time  450.7, minPhero 0.01(232), stagnancy 52.0%
[35m[MSG][0m itr   406, best 5570.1406, time  451.9, minPhero 0.01(232), stagnancy 52.3%
[35m[MSG][0m itr   407, best 5570.1406, time  452.9, minPhero 0.01(232), stagnancy 52.7%
[35m[MSG][0m itr   408, best 5570.1406, time  454.0, minPhero 0.01(232), stagnancy 53.0%
[35m[MSG][0m itr   409, best 5570.1406, time  455.1, minPhero 0.01(232), stagnancy 53.3%
[35m[MSG][0m itr   410, best 5570.1406, time  456.4, minPhero 0.01(232), stagnancy 53.7%
[35m[MSG][0m itr   411, best 5570.1406, time  457.4, minPhero 0.01(232), stagnancy 54.0%
[35m[MSG][0m itr   412, best 5570.1406, time  458.6, minPhero 0.01(232), stagnancy 54.3%
[35m[MSG][0m itr   413, best 5570.1406, time  459.6, minPhero 0.01(232), stagnancy 54.7%
[35m[MSG][0m itr   414, best 5570.1406, time  460.9, minPhero 0.01(232), stagnancy 55.0%
[35m[MSG][0m itr   415, best 5570.1406, time  462.0, minPhero 0.01(232), stagnancy 55.3%
[35m[MSG][0m itr   416, best 5570.1406, time  463.1, minPhero 0.01(232), stagnancy 55.7%
[35m[MSG][0m itr   417, best 5570.1406, time  464.2, minPhero 0.01(232), stagnancy 56.0%
[35m[MSG][0m itr   418, best 5570.1406, time  465.3, minPhero 0.01(232), stagnancy 56.3%
[35m[MSG][0m itr   419, best 5570.1406, time  466.3, minPhero 0.01(232), stagnancy 56.7%
[35m[MSG][0m itr   420, best 5570.1406, time  467.4, minPhero 0.01(232), stagnancy 57.0%
[35m[MSG][0m itr   421, best 5570.1406, time  468.6, minPhero 0.01(232), stagnancy 57.3%
[35m[MSG][0m itr   422, best 5570.1406, time  469.7, minPhero 0.01(232), stagnancy 57.7%
[35m[MSG][0m itr   423, best 5570.1406, time  470.9, minPhero 0.01(232), stagnancy 58.0%
[35m[MSG][0m itr   424, best 5570.1406, time  472.0, minPhero 0.01(232), stagnancy 58.3%
[35m[MSG][0m itr   425, best 5570.1406, time  473.1, minPhero 0.01(232), stagnancy 58.7%
[35m[MSG][0m itr   426, best 5570.1406, time  474.2, minPhero 0.01(232), stagnancy 59.0%
[35m[MSG][0m itr   427, best 5570.1406, time  475.3, minPhero 0.01(232), stagnancy 59.3%
[35m[MSG][0m itr   428, best 5570.1406, time  476.5, minPhero 0.01(232), stagnancy 59.7%
[35m[MSG][0m itr   429, best 5570.1406, time  477.6, minPhero 0.01(232), stagnancy 60.0%
[35m[MSG][0m itr   430, best 5570.1406, time  478.7, minPhero 0.01(232), stagnancy 60.3%
[35m[MSG][0m itr   431, best 5570.1406, time  479.8, minPhero 0.01(232), stagnancy 60.7%
[35m[MSG][0m itr   432, best 5570.1406, time  480.9, minPhero 0.01(232), stagnancy 61.0%
[35m[MSG][0m itr   433, best 5570.1406, time  481.9, minPhero 0.01(232), stagnancy 61.3%
[35m[MSG][0m itr   434, best 5570.1406, time  483.0, minPhero 0.01(232), stagnancy 61.7%
[35m[MSG][0m itr   435, best 5570.1406, time  484.2, minPhero 0.01(232), stagnancy 62.0%
[35m[MSG][0m itr   436, best 5570.1406, time  485.3, minPhero 0.01(232), stagnancy 62.3%
[35m[MSG][0m itr   437, best 5570.1406, time  486.4, minPhero 0.01(232), stagnancy 62.7%
[35m[MSG][0m itr   438, best 5570.1406, time  487.5, minPhero 0.01(232), stagnancy 63.0%
[35m[MSG][0m itr   439, best 5570.1406, time  488.6, minPhero 0.01(232), stagnancy 63.3%
[35m[MSG][0m itr   440, best 5570.1406, time  489.7, minPhero 0.01(232), stagnancy 63.7%
[35m[MSG][0m itr   441, best 5570.1406, time  490.8, minPhero 0.01(232), stagnancy 64.0%
[35m[MSG][0m itr   442, best 5570.1406, time  492.1, minPhero 0.01(232), stagnancy 64.3%
[35m[MSG][0m itr   443, best 5570.1406, time  493.1, minPhero 0.01(232), stagnancy 64.7%
[35m[MSG][0m itr   444, best 5570.1406, time  494.2, minPhero 0.01(232), stagnancy 65.0%
[35m[MSG][0m itr   445, best 5570.1406, time  495.2, minPhero 0.01(232), stagnancy 65.3%
[35m[MSG][0m itr   446, best 5570.1406, time  496.4, minPhero 0.01(232), stagnancy 65.7%
[35m[MSG][0m itr   447, best 5570.1406, time  497.5, minPhero 0.01(232), stagnancy 66.0%
[35m[MSG][0m itr   448, best 5570.1406, time  498.6, minPhero 0.01(232), stagnancy 66.3%
[35m[MSG][0m itr   449, best 5570.1406, time  499.7, minPhero 0.01(232), stagnancy 66.7%
[35m[MSG][0m itr   450, best 5570.1406, time  500.8, minPhero 0.01(232), stagnancy 67.0%
[35m[MSG][0m itr   451, best 5570.1406, time  502.0, minPhero 0.01(232), stagnancy 67.3%
[35m[MSG][0m itr   452, best 5570.1406, time  503.1, minPhero 0.01(232), stagnancy 67.7%
[35m[MSG][0m itr   453, best 5570.1406, time  504.2, minPhero 0.01(232), stagnancy 68.0%
[35m[MSG][0m itr   454, best 5570.1406, time  505.3, minPhero 0.01(232), stagnancy 68.3%
[35m[MSG][0m itr   455, best 5570.1406, time  506.3, minPhero 0.01(232), stagnancy 68.7%
[35m[MSG][0m itr   456, best 5570.1406, time  507.4, minPhero 0.01(232), stagnancy 69.0%
[35m[MSG][0m itr   457, best 5570.1406, time  508.5, minPhero 0.01(232), stagnancy 69.3%
[35m[MSG][0m itr   458, best 5570.1406, time  509.6, minPhero 0.01(232), stagnancy 69.7%
[35m[MSG][0m itr   459, best 5570.1406, time  510.7, minPhero 0.01(232), stagnancy 70.0%
[35m[MSG][0m itr   460, best 5570.1406, time  511.7, minPhero 0.01(232), stagnancy 70.3%
[35m[MSG][0m itr   461, best 5570.1406, time  512.8, minPhero 0.01(232), stagnancy 70.7%
[35m[MSG][0m itr   462, best 5570.1406, time  513.9, minPhero 0.01(232), stagnancy 71.0%
[35m[MSG][0m itr   463, best 5570.1406, time  515.0, minPhero 0.01(232), stagnancy 71.3%
[35m[MSG][0m itr   464, best 5570.1406, time  516.1, minPhero 0.01(232), stagnancy 71.7%
[35m[MSG][0m itr   465, best 5570.1406, time  517.2, minPhero 0.01(232), stagnancy 72.0%
[35m[MSG][0m itr   466, best 5570.1406, time  518.4, minPhero 0.01(232), stagnancy 72.3%
[35m[MSG][0m itr   467, best 5570.1406, time  519.5, minPhero 0.01(232), stagnancy 72.7%
[35m[MSG][0m itr   468, best 5570.1406, time  520.5, minPhero 0.01(232), stagnancy 73.0%
[35m[MSG][0m itr   469, best 5570.1406, time  521.6, minPhero 0.01(232), stagnancy 73.3%
[35m[MSG][0m itr   470, best 5570.1406, time  522.7, minPhero 0.01(232), stagnancy 73.7%
[35m[MSG][0m itr   471, best 5570.1406, time  523.9, minPhero 0.01(232), stagnancy 74.0%
[35m[MSG][0m itr   472, best 5570.1406, time  525.0, minPhero 0.01(232), stagnancy 74.3%
[35m[MSG][0m itr   473, best 5570.1406, time  526.1, minPhero 0.01(232), stagnancy 74.7%
[35m[MSG][0m itr   474, best 5570.1406, time  527.2, minPhero 0.01(232), stagnancy 75.0%
[35m[MSG][0m itr   475, best 5570.1406, time  528.3, minPhero 0.01(232), stagnancy 75.3%
[35m[MSG][0m itr   476, best 5570.1406, time  529.4, minPhero 0.01(232), stagnancy 75.7%
[35m[MSG][0m itr   477, best 5570.1406, time  530.5, minPhero 0.01(232), stagnancy 76.0%
[35m[MSG][0m itr   478, best 5570.1406, time  531.5, minPhero 0.01(232), stagnancy 76.3%
[35m[MSG][0m itr   479, best 5570.1406, time  532.7, minPhero 0.01(232), stagnancy 76.7%
[35m[MSG][0m itr   480, best 5570.1406, time  533.8, minPhero 0.01(232), stagnancy 77.0%
[35m[MSG][0m itr   481, best 5570.1406, time  535.0, minPhero 0.01(232), stagnancy 77.3%
[35m[MSG][0m itr   482, best 5570.1406, time  536.1, minPhero 0.01(232), stagnancy 77.7%
[35m[MSG][0m itr   483, best 5570.1406, time  537.3, minPhero 0.01(232), stagnancy 78.0%
[35m[MSG][0m itr   484, best 5570.1406, time  538.4, minPhero 0.01(232), stagnancy 78.3%
[35m[MSG][0m itr   485, best 5570.1406, time  539.6, minPhero 0.01(232), stagnancy 78.7%
[35m[MSG][0m itr   486, best 5570.1406, time  540.8, minPhero 0.01(232), stagnancy 79.0%
[35m[MSG][0m itr   487, best 5570.1406, time  541.9, minPhero 0.01(232), stagnancy 79.3%
[35m[MSG][0m itr   488, best 5570.1406, time  543.0, minPhero 0.01(232), stagnancy 79.7%
[35m[MSG][0m itr   489, best 5570.1406, time  544.0, minPhero 0.01(232), stagnancy 80.0%
[35m[MSG][0m itr   490, best 5570.1406, time  545.1, minPhero 0.01(232), stagnancy 80.3%
[35m[MSG][0m itr   491, best 5570.1406, time  546.1, minPhero 0.01(232), stagnancy 80.7%
[35m[MSG][0m itr   492, best 5570.1406, time  547.3, minPhero 0.01(232), stagnancy 81.0%
[35m[MSG][0m itr   493, best 5570.1406, time  548.5, minPhero 0.01(232), stagnancy 81.3%
[35m[MSG][0m itr   494, best 5570.1406, time  549.5, minPhero 0.01(232), stagnancy 81.7%
[35m[MSG][0m itr   495, best 5570.1406, time  550.7, minPhero 0.01(232), stagnancy 82.0%
[35m[MSG][0m itr   496, best 5570.1406, time  552.1, minPhero 0.01(232), stagnancy 82.3%
[35m[MSG][0m itr   497, best 5570.1406, time  553.4, minPhero 0.01(232), stagnancy 82.7%
[35m[MSG][0m itr   498, best 5570.1406, time  554.7, minPhero 0.01(232), stagnancy 83.0%
[35m[MSG][0m itr   499, best 5570.1406, time  556.1, minPhero 0.01(232), stagnancy 83.3%
[35m[MSG][0m itr   500, best 5570.1406, time  557.2, minPhero 0.01(232), stagnancy 83.7%
[35m[MSG][0m itr   501, best 5570.1406, time  558.4, minPhero 0.01(232), stagnancy 84.0%
[35m[MSG][0m itr   502, best 5570.1406, time  559.5, minPhero 0.01(232), stagnancy 84.3%
[35m[MSG][0m itr   503, best 5570.1406, time  560.6, minPhero 0.01(232), stagnancy 84.7%
[35m[MSG][0m itr   504, best 5570.1406, time  561.8, minPhero 0.01(232), stagnancy 85.0%
[35m[MSG][0m itr   505, best 5570.1406, time  562.9, minPhero 0.01(232), stagnancy 85.3%
[35m[MSG][0m itr   506, best 5570.1406, time  564.1, minPhero 0.01(232), stagnancy 85.7%
[35m[MSG][0m itr   507, best 5570.1406, time  565.2, minPhero 0.01(232), stagnancy 86.0%
[35m[MSG][0m itr   508, best 5570.1406, time  566.7, minPhero 0.01(232), stagnancy 86.3%
[35m[MSG][0m itr   509, best 5570.1406, time  568.0, minPhero 0.01(232), stagnancy 86.7%
[35m[MSG][0m itr   510, best 5570.1406, time  569.3, minPhero 0.01(232), stagnancy 87.0%
[35m[MSG][0m itr   511, best 5570.1406, time  570.9, minPhero 0.01(232), stagnancy 87.3%
[35m[MSG][0m itr   512, best 5570.1406, time  572.4, minPhero 0.01(232), stagnancy 87.7%
[35m[MSG][0m itr   513, best 5570.1406, time  573.9, minPhero 0.01(232), stagnancy 88.0%
[35m[MSG][0m itr   514, best 5570.1406, time  575.5, minPhero 0.01(232), stagnancy 88.3%
[35m[MSG][0m itr   515, best 5570.1406, time  576.9, minPhero 0.01(232), stagnancy 88.7%
[35m[MSG][0m itr   516, best 5570.1406, time  578.4, minPhero 0.01(232), stagnancy 89.0%
[35m[MSG][0m itr   517, best 5570.1406, time  579.8, minPhero 0.01(232), stagnancy 89.3%
[35m[MSG][0m itr   518, best 5570.1406, time  581.4, minPhero 0.01(232), stagnancy 89.7%
[35m[MSG][0m itr   519, best 5570.1406, time  582.8, minPhero 0.01(232), stagnancy 90.0%
[35m[MSG][0m itr   520, best 5570.1406, time  584.2, minPhero 0.01(232), stagnancy 90.3%
[35m[MSG][0m itr   521, best 5570.1406, time  585.6, minPhero 0.01(232), stagnancy 90.7%
[35m[MSG][0m itr   522, best 5570.1406, time  587.0, minPhero 0.01(232), stagnancy 91.0%
[35m[MSG][0m itr   523, best 5570.1406, time  588.5, minPhero 0.01(232), stagnancy 91.3%
[35m[MSG][0m itr   524, best 5570.1406, time  589.9, minPhero 0.01(232), stagnancy 91.7%
[35m[MSG][0m itr   525, best 5570.1406, time  591.2, minPhero 0.01(232), stagnancy 92.0%
[35m[MSG][0m itr   526, best 5570.1406, time  592.3, minPhero 0.01(232), stagnancy 92.3%
[35m[MSG][0m itr   527, best 5570.1406, time  593.6, minPhero 0.01(232), stagnancy 92.7%
[35m[MSG][0m itr   528, best 5570.1406, time  594.7, minPhero 0.01(232), stagnancy 93.0%
[35m[MSG][0m itr   529, best 5570.1406, time  596.0, minPhero 0.01(232), stagnancy 93.3%
[35m[MSG][0m itr   530, best 5570.1406, time  597.7, minPhero 0.01(232), stagnancy 93.7%
[35m[MSG][0m itr   531, best 5570.1406, time  599.1, minPhero 0.01(232), stagnancy 94.0%
[35m[MSG][0m itr   532, best 5570.1406, time  600.7, minPhero 0.01(232), stagnancy 94.3%
[35m[MSG][0m itr   533, best 5570.1406, time  601.9, minPhero 0.01(232), stagnancy 94.7%
[35m[MSG][0m itr   534, best 5570.1406, time  603.1, minPhero 0.01(232), stagnancy 95.0%
[35m[MSG][0m itr   535, best 5570.1406, time  604.5, minPhero 0.01(232), stagnancy 95.3%
[35m[MSG][0m itr   536, best 5570.1406, time  605.7, minPhero 0.01(232), stagnancy 95.7%
[35m[MSG][0m itr   537, best 5570.1406, time  607.1, minPhero 0.01(232), stagnancy 96.0%
[35m[MSG][0m itr   538, best 5570.1406, time  608.2, minPhero 0.01(232), stagnancy 96.3%
[35m[MSG][0m itr   539, best 5570.1406, time  609.4, minPhero 0.01(232), stagnancy 96.7%
[35m[MSG][0m itr   540, best 5570.1406, time  610.5, minPhero 0.01(232), stagnancy 97.0%
[35m[MSG][0m itr   541, best 5570.1406, time  611.5, minPhero 0.01(232), stagnancy 97.3%
[35m[MSG][0m itr   542, best 5570.1406, time  612.6, minPhero 0.01(232), stagnancy 97.7%
[35m[MSG][0m itr   543, best 5570.1406, time  613.7, minPhero 0.01(232), stagnancy 98.0%
[35m[MSG][0m itr   544, best 5570.1406, time  614.8, minPhero 0.01(232), stagnancy 98.3%
[35m[MSG][0m itr   545, best 5570.1406, time  615.9, minPhero 0.01(232), stagnancy 98.7%
[35m[MSG][0m itr   546, best 5570.1406, time  617.0, minPhero 0.01(232), stagnancy 99.0%
[35m[MSG][0m itr   547, best 5570.1406, time  618.1, minPhero 0.01(232), stagnancy 99.3%
[35m[MSG][0m itr   548, best 5570.1406, time  619.3, minPhero 0.01(232), stagnancy 99.7%
[35m[MSG][0m itr   549, best 5570.1406, time  620.4, minPhero 0.01(232), stagnancy 100.0%
[35m[MSG][0m Solution converged. Reinitialising pheromones...
[35m[MSG][0m Time: 620.40 s
[35m[MSG][0m Best cost: 5570.14
