[35m[MSG][0m Log level set to LOG_DEBUG
[35m[MSG][0m Parsing input from file "res/fruitybun250_2016.vrp"
[35m[MSG][0m Number of nodes: 250
[35m[MSG][0m Running ACO search
[35m[MSG][0m ACO settings: 
 alpha:     8.000
 beta:      1.000
 pers:      0.850
 minPhero:  0.015
 nbhood:    10
 popSize:   512
 maxStag:   300
[35m[MSG][0m itr     1, best 5754.0996, time    1.4, minPhero 0.85(28922), stagnancy 0.0%
[35m[MSG][0m itr     2, best 5742.4922, time    2.9, minPhero 0.72(28922), stagnancy 0.0%
[35m[MSG][0m itr     3, best 5734.4248, time    4.3, minPhero 0.61(28922), stagnancy 0.0%
[35m[MSG][0m itr     4, best 5734.4248, time    5.8, minPhero 0.52(28922), stagnancy 0.3%
[35m[MSG][0m itr     5, best 5734.4248, time    7.2, minPhero 0.44(28922), stagnancy 0.7%
[35m[MSG][0m itr     6, best 5729.7773, time    8.6, minPhero 0.38(28922), stagnancy 0.0%
[35m[MSG][0m itr     7, best 5729.7773, time   10.1, minPhero 0.32(28922), stagnancy 0.3%
[35m[MSG][0m itr     8, best 5699.0156, time   11.5, minPhero 0.27(28922), stagnancy 0.0%
[35m[MSG][0m itr     9, best 5699.0156, time   13.0, minPhero 0.23(28922), stagnancy 0.3%
[35m[MSG][0m itr    10, best 5699.0156, time   14.4, minPhero 0.20(28922), stagnancy 0.7%
[35m[MSG][0m itr    11, best 5699.0156, time   15.9, minPhero 0.17(28922), stagnancy 1.0%
[35m[MSG][0m itr    12, best 5695.3496, time   17.4, minPhero 0.14(28922), stagnancy 0.0%
[35m[MSG][0m itr    13, best 5695.3496, time   18.8, minPhero 0.12(28922), stagnancy 0.3%
[35m[MSG][0m itr    14, best 5686.8701, time   20.3, minPhero 0.10(28922), stagnancy 0.0%
[35m[MSG][0m itr    15, best 5668.0703, time   21.8, minPhero 0.09(28922), stagnancy 0.0%
[35m[MSG][0m itr    16, best 5664.5708, time   23.3, minPhero 0.07(28922), stagnancy 0.0%
[35m[MSG][0m itr    17, best 5636.8535, time   24.8, minPhero 0.06(28922), stagnancy 0.0%
[35m[MSG][0m itr    18, best 5631.9526, time   26.2, minPhero 0.05(28922), stagnancy 0.0%
[35m[MSG][0m itr    19, best 5630.4106, time   27.7, minPhero 0.05(28922), stagnancy 0.0%
[35m[MSG][0m itr    20, best 5630.4106, time   29.1, minPhero 0.04(28922), stagnancy 0.3%
[35m[MSG][0m itr    21, best 5630.4106, time   30.5, minPhero 0.03(28922), stagnancy 0.7%
[35m[MSG][0m itr    22, best 5630.4106, time   32.0, minPhero 0.03(28922), stagnancy 1.0%
[35m[MSG][0m itr    23, best 5627.8521, time   33.5, minPhero 0.02(652), stagnancy 0.0%
[35m[MSG][0m itr    24, best 5627.8521, time   34.8, minPhero 0.02(566), stagnancy 0.3%
[35m[MSG][0m itr    25, best 5627.8521, time   36.3, minPhero 0.02(560), stagnancy 0.7%
[35m[MSG][0m itr    26, best 5619.2847, time   37.8, minPhero 0.01(566), stagnancy 0.0%
[35m[MSG][0m itr    27, best 5619.2847, time   39.3, minPhero 0.01(506), stagnancy 0.3%
[35m[MSG][0m itr    28, best 5616.5259, time   40.7, minPhero 0.01(503), stagnancy 0.0%
[35m[MSG][0m itr    29, best 5616.5259, time   42.2, minPhero 0.01(465), stagnancy 0.3%
[35m[MSG][0m itr    30, best 5616.5259, time   43.7, minPhero 0.01(440), stagnancy 0.7%
[35m[MSG][0m itr    31, best 5616.5259, time   45.2, minPhero 0.01(389), stagnancy 1.0%
[35m[MSG][0m itr    32, best 5597.4702, time   46.7, minPhero 0.01(382), stagnancy 0.0%
[35m[MSG][0m itr    33, best 5597.4702, time   48.2, minPhero 0.01(365), stagnancy 0.3%
[35m[MSG][0m itr    34, best 5597.4702, time   49.6, minPhero 0.01(348), stagnancy 0.7%
[35m[MSG][0m itr    35, best 5597.4702, time   51.1, minPhero 0.01(343), stagnancy 1.0%
[35m[MSG][0m itr    36, best 5595.6611, time   52.6, minPhero 0.01(340), stagnancy 0.0%
[35m[MSG][0m itr    37, best 5595.2231, time   54.0, minPhero 0.01(342), stagnancy 0.0%
[35m[MSG][0m itr    38, best 5595.2231, time   55.5, minPhero 0.01(335), stagnancy 0.3%
[35m[MSG][0m itr    39, best 5595.2231, time   57.0, minPhero 0.01(331), stagnancy 0.7%
[35m[MSG][0m itr    40, best 5592.4707, time   58.4, minPhero 0.01(331), stagnancy 0.0%
[35m[MSG][0m itr    41, best 5590.3408, time   59.9, minPhero 0.01(326), stagnancy 0.0%
[35m[MSG][0m itr    42, best 5590.1338, time   61.4, minPhero 0.01(324), stagnancy 0.0%
[35m[MSG][0m itr    43, best 5590.1338, time   62.9, minPhero 0.01(316), stagnancy 0.3%
[35m[MSG][0m itr    44, best 5588.2646, time   64.4, minPhero 0.01(311), stagnancy 0.0%
[35m[MSG][0m itr    45, best 5588.2646, time   65.8, minPhero 0.01(310), stagnancy 0.3%
[35m[MSG][0m itr    46, best 5584.5117, time   67.3, minPhero 0.01(309), stagnancy 0.0%
[35m[MSG][0m itr    47, best 5581.2773, time   68.7, minPhero 0.01(306), stagnancy 0.0%
[35m[MSG][0m itr    48, best 5581.2729, time   70.1, minPhero 0.01(301), stagnancy 0.0%
[35m[MSG][0m itr    49, best 5581.2729, time   71.6, minPhero 0.01(296), stagnancy 0.3%
[35m[MSG][0m itr    50, best 5580.8975, time   73.0, minPhero 0.01(282), stagnancy 0.0%
[35m[MSG][0m itr    51, best 5580.8975, time   74.4, minPhero 0.01(282), stagnancy 0.3%
[35m[MSG][0m itr    52, best 5580.0269, time   75.9, minPhero 0.01(282), stagnancy 0.0%
[35m[MSG][0m itr    53, best 5579.8755, time   77.4, minPhero 0.01(281), stagnancy 0.0%
[35m[MSG][0m itr    54, best 5579.7642, time   78.9, minPhero 0.01(274), stagnancy 0.0%
[35m[MSG][0m Solution converged. Reinitialising pheromones...
[35m[MSG][0m itr    55, best 5579.7642, time   80.3, minPhero 0.85(28922), stagnancy 0.3%
[35m[MSG][0m itr    56, best 5579.7642, time   81.7, minPhero 0.72(28922), stagnancy 0.7%
[35m[MSG][0m itr    57, best 5579.7642, time   83.2, minPhero 0.61(28922), stagnancy 1.0%
[35m[MSG][0m itr    58, best 5579.7642, time   84.6, minPhero 0.52(28922), stagnancy 1.3%
[35m[MSG][0m itr    59, best 5579.7642, time   86.1, minPhero 0.44(28922), stagnancy 1.7%
[35m[MSG][0m itr    60, best 5579.7642, time   87.5, minPhero 0.38(28922), stagnancy 2.0%
[35m[MSG][0m itr    61, best 5579.7642, time   89.0, minPhero 0.32(28922), stagnancy 2.3%
[35m[MSG][0m itr    62, best 5579.7642, time   90.4, minPhero 0.27(28922), stagnancy 2.7%
[35m[MSG][0m itr    63, best 5579.7642, time   91.9, minPhero 0.23(28922), stagnancy 3.0%
[35m[MSG][0m itr    64, best 5579.7642, time   93.4, minPhero 0.20(28922), stagnancy 3.3%
[35m[MSG][0m itr    65, best 5579.7642, time   94.8, minPhero 0.17(28922), stagnancy 3.7%
[35m[MSG][0m itr    66, best 5579.7642, time   96.3, minPhero 0.14(28922), stagnancy 4.0%
[35m[MSG][0m itr    67, best 5579.7642, time   97.8, minPhero 0.12(28922), stagnancy 4.3%
[35m[MSG][0m itr    68, best 5579.7642, time   99.2, minPhero 0.10(28922), stagnancy 4.7%
[35m[MSG][0m itr    69, best 5579.7642, time  100.7, minPhero 0.09(28922), stagnancy 5.0%
[35m[MSG][0m itr    70, best 5579.7642, time  102.2, minPhero 0.07(28922), stagnancy 5.3%
[35m[MSG][0m itr    71, best 5579.7642, time  103.6, minPhero 0.06(28922), stagnancy 5.7%
[35m[MSG][0m itr    72, best 5579.7642, time  105.0, minPhero 0.05(28922), stagnancy 6.0%
[35m[MSG][0m itr    73, best 5579.7642, time  106.5, minPhero 0.05(28922), stagnancy 6.3%
[35m[MSG][0m itr    74, best 5579.7617, time  108.0, minPhero 0.04(28922), stagnancy 0.0%
[35m[MSG][0m itr    75, best 5579.7617, time  109.4, minPhero 0.03(28922), stagnancy 0.3%
[35m[MSG][0m itr    76, best 5579.7617, time  110.8, minPhero 0.03(28922), stagnancy 0.7%
[35m[MSG][0m itr    77, best 5579.7617, time  112.3, minPhero 0.02(233), stagnancy 1.0%
[35m[MSG][0m itr    78, best 5579.7617, time  113.8, minPhero 0.02(233), stagnancy 1.3%
[35m[MSG][0m itr    79, best 5579.7617, time  115.1, minPhero 0.02(233), stagnancy 1.7%
[35m[MSG][0m itr    80, best 5579.7617, time  116.5, minPhero 0.01(233), stagnancy 2.0%
[35m[MSG][0m itr    81, best 5578.6597, time  118.1, minPhero 0.01(239), stagnancy 0.0%
[35m[MSG][0m itr    82, best 5578.6597, time  119.5, minPhero 0.01(239), stagnancy 0.3%
[35m[MSG][0m itr    83, best 5578.6597, time  121.0, minPhero 0.01(239), stagnancy 0.7%
[35m[MSG][0m itr    84, best 5578.4116, time  122.4, minPhero 0.01(245), stagnancy 0.0%
[35m[MSG][0m itr    85, best 5578.4116, time  123.9, minPhero 0.01(245), stagnancy 0.3%
[35m[MSG][0m itr    86, best 5578.3828, time  125.3, minPhero 0.01(245), stagnancy 0.0%
[35m[MSG][0m itr    87, best 5578.3574, time  126.8, minPhero 0.01(246), stagnancy 0.0%
[35m[MSG][0m itr    88, best 5578.3286, time  128.2, minPhero 0.01(246), stagnancy 0.0%
[35m[MSG][0m itr    89, best 5578.3286, time  129.7, minPhero 0.01(246), stagnancy 0.3%
[35m[MSG][0m itr    90, best 5578.3286, time  131.2, minPhero 0.01(246), stagnancy 0.7%
[35m[MSG][0m itr    91, best 5578.3286, time  132.6, minPhero 0.01(246), stagnancy 1.0%
[35m[MSG][0m itr    92, best 5578.3286, time  134.1, minPhero 0.01(246), stagnancy 1.3%
[35m[MSG][0m itr    93, best 5578.3286, time  135.6, minPhero 0.01(246), stagnancy 1.7%
[35m[MSG][0m itr    94, best 5578.3286, time  137.0, minPhero 0.01(246), stagnancy 2.0%
[35m[MSG][0m itr    95, best 5578.3286, time  138.5, minPhero 0.01(246), stagnancy 2.3%
[35m[MSG][0m itr    96, best 5578.3281, time  139.9, minPhero 0.01(245), stagnancy 0.0%
[35m[MSG][0m itr    97, best 5578.3281, time  141.4, minPhero 0.01(245), stagnancy 0.3%
[35m[MSG][0m itr    98, best 5578.3281, time  142.8, minPhero 0.01(245), stagnancy 0.7%
[35m[MSG][0m itr    99, best 5578.3281, time  144.3, minPhero 0.01(245), stagnancy 1.0%
[35m[MSG][0m itr   100, best 5578.3281, time  145.7, minPhero 0.01(245), stagnancy 1.3%
[35m[MSG][0m itr   101, best 5578.3281, time  147.1, minPhero 0.01(245), stagnancy 1.7%
[35m[MSG][0m itr   102, best 5578.3281, time  148.4, minPhero 0.01(245), stagnancy 2.0%
[35m[MSG][0m itr   103, best 5578.3281, time  149.7, minPhero 0.01(239), stagnancy 2.3%
[35m[MSG][0m itr   104, best 5578.3281, time  151.0, minPhero 0.01(239), stagnancy 2.7%
[35m[MSG][0m itr   105, best 5578.3281, time  152.5, minPhero 0.01(239), stagnancy 3.0%
[35m[MSG][0m itr   106, best 5578.3281, time  153.9, minPhero 0.01(234), stagnancy 3.3%
[35m[MSG][0m itr   107, best 5578.3281, time  155.4, minPhero 0.01(234), stagnancy 3.7%
[35m[MSG][0m itr   108, best 5578.3281, time  156.9, minPhero 0.01(233), stagnancy 4.0%
[35m[MSG][0m itr   109, best 5578.3281, time  158.3, minPhero 0.01(232), stagnancy 4.3%
[35m[MSG][0m itr   110, best 5578.3281, time  159.8, minPhero 0.01(232), stagnancy 4.7%
[35m[MSG][0m itr   111, best 5578.3281, time  161.2, minPhero 0.01(232), stagnancy 5.0%
[35m[MSG][0m itr   112, best 5578.3281, time  162.7, minPhero 0.01(232), stagnancy 5.3%
[35m[MSG][0m itr   113, best 5578.3281, time  164.2, minPhero 0.01(232), stagnancy 5.7%
[35m[MSG][0m itr   114, best 5578.3281, time  165.6, minPhero 0.01(232), stagnancy 6.0%
[35m[MSG][0m itr   115, best 5578.3281, time  167.1, minPhero 0.01(232), stagnancy 6.3%
[35m[MSG][0m itr   116, best 5578.3281, time  168.5, minPhero 0.01(232), stagnancy 6.7%
[35m[MSG][0m itr   117, best 5578.3281, time  170.0, minPhero 0.01(232), stagnancy 7.0%
[35m[MSG][0m itr   118, best 5578.3281, time  171.4, minPhero 0.01(232), stagnancy 7.3%
[35m[MSG][0m itr   119, best 5578.3281, time  172.9, minPhero 0.01(232), stagnancy 7.7%
[35m[MSG][0m itr   120, best 5578.3281, time  174.3, minPhero 0.01(232), stagnancy 8.0%
[35m[MSG][0m itr   121, best 5578.3281, time  175.8, minPhero 0.01(232), stagnancy 8.3%
[35m[MSG][0m itr   122, best 5578.3281, time  177.3, minPhero 0.01(232), stagnancy 8.7%
[35m[MSG][0m itr   123, best 5578.3281, time  178.7, minPhero 0.01(232), stagnancy 9.0%
[35m[MSG][0m itr   124, best 5578.3281, time  180.1, minPhero 0.01(232), stagnancy 9.3%
[35m[MSG][0m itr   125, best 5578.3281, time  181.6, minPhero 0.01(232), stagnancy 9.7%
[35m[MSG][0m itr   126, best 5578.3281, time  183.0, minPhero 0.01(232), stagnancy 10.0%
[35m[MSG][0m itr   127, best 5578.3281, time  184.5, minPhero 0.01(232), stagnancy 10.3%
[35m[MSG][0m itr   128, best 5578.3281, time  186.0, minPhero 0.01(232), stagnancy 10.7%
[35m[MSG][0m itr   129, best 5578.3281, time  187.3, minPhero 0.01(232), stagnancy 11.0%
[35m[MSG][0m itr   130, best 5578.3281, time  188.7, minPhero 0.01(232), stagnancy 11.3%
[35m[MSG][0m itr   131, best 5578.3281, time  190.1, minPhero 0.01(232), stagnancy 11.7%
[35m[MSG][0m itr   132, best 5578.3281, time  191.5, minPhero 0.01(232), stagnancy 12.0%
[35m[MSG][0m itr   133, best 5578.3281, time  193.0, minPhero 0.01(232), stagnancy 12.3%
[35m[MSG][0m itr   134, best 5578.3281, time  194.4, minPhero 0.01(232), stagnancy 12.7%
[35m[MSG][0m itr   135, best 5578.3281, time  195.8, minPhero 0.01(232), stagnancy 13.0%
[35m[MSG][0m itr   136, best 5578.3281, time  197.3, minPhero 0.01(232), stagnancy 13.3%
[35m[MSG][0m itr   137, best 5578.3281, time  198.8, minPhero 0.01(232), stagnancy 13.7%
[35m[MSG][0m itr   138, best 5578.3281, time  200.2, minPhero 0.01(232), stagnancy 14.0%
[35m[MSG][0m itr   139, best 5578.3281, time  201.7, minPhero 0.01(232), stagnancy 14.3%
[35m[MSG][0m itr   140, best 5578.3281, time  203.1, minPhero 0.01(232), stagnancy 14.7%
[35m[MSG][0m itr   141, best 5578.3281, time  204.6, minPhero 0.01(232), stagnancy 15.0%
[35m[MSG][0m itr   142, best 5578.3281, time  206.0, minPhero 0.01(232), stagnancy 15.3%
[35m[MSG][0m itr   143, best 5578.3281, time  207.4, minPhero 0.01(232), stagnancy 15.7%
[35m[MSG][0m itr   144, best 5578.3281, time  208.9, minPhero 0.01(232), stagnancy 16.0%
[35m[MSG][0m itr   145, best 5578.3281, time  210.3, minPhero 0.01(232), stagnancy 16.3%
[35m[MSG][0m itr   146, best 5578.3281, time  211.7, minPhero 0.01(232), stagnancy 16.7%
[35m[MSG][0m itr   147, best 5578.3281, time  213.2, minPhero 0.01(232), stagnancy 17.0%
[35m[MSG][0m itr   148, best 5578.3281, time  214.6, minPhero 0.01(232), stagnancy 17.3%
[35m[MSG][0m itr   149, best 5578.3281, time  216.0, minPhero 0.01(232), stagnancy 17.7%
[35m[MSG][0m itr   150, best 5578.3281, time  217.4, minPhero 0.01(232), stagnancy 18.0%
[35m[MSG][0m itr   151, best 5578.3281, time  218.8, minPhero 0.01(232), stagnancy 18.3%
[35m[MSG][0m itr   152, best 5578.3281, time  220.3, minPhero 0.01(232), stagnancy 18.7%
[35m[MSG][0m itr   153, best 5578.3281, time  221.7, minPhero 0.01(232), stagnancy 19.0%
[35m[MSG][0m itr   154, best 5578.3281, time  223.2, minPhero 0.01(232), stagnancy 19.3%
[35m[MSG][0m itr   155, best 5578.3281, time  224.6, minPhero 0.01(232), stagnancy 19.7%
[35m[MSG][0m itr   156, best 5578.3281, time  226.1, minPhero 0.01(232), stagnancy 20.0%
[35m[MSG][0m itr   157, best 5577.7788, time  227.5, minPhero 0.01(244), stagnancy 0.0%
[35m[MSG][0m itr   158, best 5577.6680, time  228.9, minPhero 0.01(244), stagnancy 0.0%
[35m[MSG][0m itr   159, best 5577.6680, time  230.4, minPhero 0.01(244), stagnancy 0.3%
[35m[MSG][0m itr   160, best 5577.6680, time  231.8, minPhero 0.01(244), stagnancy 0.7%
[35m[MSG][0m itr   161, best 5577.6680, time  233.3, minPhero 0.01(244), stagnancy 1.0%
[35m[MSG][0m itr   162, best 5577.6680, time  234.7, minPhero 0.01(244), stagnancy 1.3%
[35m[MSG][0m itr   163, best 5577.6675, time  236.2, minPhero 0.01(244), stagnancy 0.0%
[35m[MSG][0m itr   164, best 5577.6675, time  237.7, minPhero 0.01(244), stagnancy 0.3%
[35m[MSG][0m itr   165, best 5577.6675, time  239.1, minPhero 0.01(244), stagnancy 0.7%
[35m[MSG][0m itr   166, best 5577.6675, time  240.6, minPhero 0.01(244), stagnancy 1.0%
[35m[MSG][0m itr   167, best 5577.6675, time  242.0, minPhero 0.01(244), stagnancy 1.3%
[35m[MSG][0m itr   168, best 5577.6675, time  243.5, minPhero 0.01(244), stagnancy 1.7%
[35m[MSG][0m itr   169, best 5577.6675, time  245.0, minPhero 0.01(241), stagnancy 2.0%
[35m[MSG][0m itr   170, best 5577.6675, time  246.4, minPhero 0.01(241), stagnancy 2.3%
[35m[MSG][0m itr   171, best 5577.6675, time  247.9, minPhero 0.01(241), stagnancy 2.7%
[35m[MSG][0m itr   172, best 5577.6675, time  249.3, minPhero 0.01(241), stagnancy 3.0%
[35m[MSG][0m itr   173, best 5577.6675, time  250.8, minPhero 0.01(241), stagnancy 3.3%
[35m[MSG][0m itr   174, best 5577.6675, time  252.2, minPhero 0.01(241), stagnancy 3.7%
[35m[MSG][0m itr   175, best 5577.6675, time  253.7, minPhero 0.01(241), stagnancy 4.0%
[35m[MSG][0m itr   176, best 5577.6675, time  255.1, minPhero 0.01(241), stagnancy 4.3%
[35m[MSG][0m itr   177, best 5577.6675, time  256.5, minPhero 0.01(241), stagnancy 4.7%
[35m[MSG][0m itr   178, best 5577.6675, time  258.0, minPhero 0.01(241), stagnancy 5.0%
[35m[MSG][0m itr   179, best 5577.6675, time  259.5, minPhero 0.01(232), stagnancy 5.3%
[35m[MSG][0m itr   180, best 5577.6675, time  260.9, minPhero 0.01(232), stagnancy 5.7%
[35m[MSG][0m itr   181, best 5577.6675, time  262.4, minPhero 0.01(232), stagnancy 6.0%
[35m[MSG][0m itr   182, best 5577.6675, time  263.9, minPhero 0.01(232), stagnancy 6.3%
[35m[MSG][0m itr   183, best 5577.6675, time  265.3, minPhero 0.01(232), stagnancy 6.7%
[35m[MSG][0m itr   184, best 5577.6675, time  266.7, minPhero 0.01(232), stagnancy 7.0%
[35m[MSG][0m itr   185, best 5577.6675, time  268.0, minPhero 0.01(232), stagnancy 7.3%
[35m[MSG][0m itr   186, best 5577.6675, time  269.3, minPhero 0.01(232), stagnancy 7.7%
[35m[MSG][0m itr   187, best 5577.6675, time  270.6, minPhero 0.01(232), stagnancy 8.0%
[35m[MSG][0m itr   188, best 5577.6675, time  272.1, minPhero 0.01(232), stagnancy 8.3%
[35m[MSG][0m itr   189, best 5577.6675, time  273.6, minPhero 0.01(232), stagnancy 8.7%
[35m[MSG][0m itr   190, best 5577.6675, time  274.9, minPhero 0.01(232), stagnancy 9.0%
[35m[MSG][0m itr   191, best 5577.6675, time  276.4, minPhero 0.01(232), stagnancy 9.3%
[35m[MSG][0m itr   192, best 5577.6675, time  277.8, minPhero 0.01(232), stagnancy 9.7%
[35m[MSG][0m itr   193, best 5577.6675, time  279.3, minPhero 0.01(232), stagnancy 10.0%
[35m[MSG][0m itr   194, best 5577.6675, time  280.7, minPhero 0.01(232), stagnancy 10.3%
[35m[MSG][0m itr   195, best 5577.6675, time  282.2, minPhero 0.01(232), stagnancy 10.7%
[35m[MSG][0m itr   196, best 5577.6675, time  283.7, minPhero 0.01(232), stagnancy 11.0%
[35m[MSG][0m itr   197, best 5577.6675, time  285.1, minPhero 0.01(232), stagnancy 11.3%
[35m[MSG][0m itr   198, best 5577.6675, time  286.6, minPhero 0.01(232), stagnancy 11.7%
[35m[MSG][0m itr   199, best 5577.6675, time  288.1, minPhero 0.01(232), stagnancy 12.0%
[35m[MSG][0m itr   200, best 5577.6675, time  289.5, minPhero 0.01(232), stagnancy 12.3%
[35m[MSG][0m itr   201, best 5577.6675, time  291.0, minPhero 0.01(232), stagnancy 12.7%
[35m[MSG][0m itr   202, best 5577.6675, time  292.5, minPhero 0.01(232), stagnancy 13.0%
[35m[MSG][0m itr   203, best 5577.6675, time  293.9, minPhero 0.01(232), stagnancy 13.3%
[35m[MSG][0m itr   204, best 5577.6675, time  295.4, minPhero 0.01(232), stagnancy 13.7%
[35m[MSG][0m itr   205, best 5577.6675, time  296.8, minPhero 0.01(232), stagnancy 14.0%
[35m[MSG][0m itr   206, best 5577.6675, time  298.2, minPhero 0.01(232), stagnancy 14.3%
[35m[MSG][0m itr   207, best 5577.6675, time  299.6, minPhero 0.01(232), stagnancy 14.7%
[35m[MSG][0m itr   208, best 5577.6675, time  301.1, minPhero 0.01(232), stagnancy 15.0%
[35m[MSG][0m itr   209, best 5577.6675, time  302.6, minPhero 0.01(232), stagnancy 15.3%
[35m[MSG][0m itr   210, best 5577.6675, time  304.1, minPhero 0.01(232), stagnancy 15.7%
[35m[MSG][0m itr   211, best 5577.6675, time  305.5, minPhero 0.01(232), stagnancy 16.0%
[35m[MSG][0m itr   212, best 5577.6675, time  307.0, minPhero 0.01(232), stagnancy 16.3%
[35m[MSG][0m itr   213, best 5577.6675, time  308.4, minPhero 0.01(232), stagnancy 16.7%
[35m[MSG][0m itr   214, best 5577.6675, time  309.9, minPhero 0.01(232), stagnancy 17.0%
[35m[MSG][0m itr   215, best 5577.6675, time  311.3, minPhero 0.01(232), stagnancy 17.3%
[35m[MSG][0m itr   216, best 5577.6675, time  312.8, minPhero 0.01(232), stagnancy 17.7%
[35m[MSG][0m itr   217, best 5577.6675, time  314.2, minPhero 0.01(232), stagnancy 18.0%
[35m[MSG][0m itr   218, best 5577.6675, time  315.7, minPhero 0.01(232), stagnancy 18.3%
[35m[MSG][0m itr   219, best 5577.6675, time  317.1, minPhero 0.01(232), stagnancy 18.7%
[35m[MSG][0m itr   220, best 5577.6675, time  318.6, minPhero 0.01(232), stagnancy 19.0%
[35m[MSG][0m itr   221, best 5577.6675, time  320.0, minPhero 0.01(232), stagnancy 19.3%
[35m[MSG][0m itr   222, best 5577.6675, time  321.5, minPhero 0.01(232), stagnancy 19.7%
[35m[MSG][0m itr   223, best 5577.6675, time  322.9, minPhero 0.01(232), stagnancy 20.0%
[35m[MSG][0m itr   224, best 5577.6675, time  324.4, minPhero 0.01(232), stagnancy 20.3%
[35m[MSG][0m itr   225, best 5577.6675, time  325.8, minPhero 0.01(232), stagnancy 20.7%
[35m[MSG][0m itr   226, best 5577.6675, time  327.3, minPhero 0.01(232), stagnancy 21.0%
[35m[MSG][0m itr   227, best 5577.6675, time  328.7, minPhero 0.01(232), stagnancy 21.3%
[35m[MSG][0m itr   228, best 5577.6675, time  330.2, minPhero 0.01(232), stagnancy 21.7%
[35m[MSG][0m itr   229, best 5577.6675, time  331.7, minPhero 0.01(232), stagnancy 22.0%
[35m[MSG][0m itr   230, best 5577.6675, time  333.1, minPhero 0.01(232), stagnancy 22.3%
[35m[MSG][0m itr   231, best 5577.6675, time  334.6, minPhero 0.01(232), stagnancy 22.7%
[35m[MSG][0m itr   232, best 5575.9390, time  336.0, minPhero 0.01(239), stagnancy 0.0%
[35m[MSG][0m itr   233, best 5575.9390, time  337.5, minPhero 0.01(239), stagnancy 0.3%
[35m[MSG][0m itr   234, best 5575.9390, time  339.0, minPhero 0.01(239), stagnancy 0.7%
[35m[MSG][0m itr   235, best 5575.9390, time  340.4, minPhero 0.01(239), stagnancy 1.0%
[35m[MSG][0m itr   236, best 5575.9390, time  341.9, minPhero 0.01(239), stagnancy 1.3%
[35m[MSG][0m itr   237, best 5575.9390, time  343.3, minPhero 0.01(239), stagnancy 1.7%
[35m[MSG][0m itr   238, best 5575.9390, time  344.8, minPhero 0.01(239), stagnancy 2.0%
[35m[MSG][0m itr   239, best 5575.9390, time  346.2, minPhero 0.01(239), stagnancy 2.3%
[35m[MSG][0m itr   240, best 5575.9390, time  347.7, minPhero 0.01(239), stagnancy 2.7%
[35m[MSG][0m itr   241, best 5575.9390, time  349.1, minPhero 0.01(239), stagnancy 3.0%
[35m[MSG][0m itr   242, best 5575.9390, time  350.6, minPhero 0.01(239), stagnancy 3.3%
[35m[MSG][0m itr   243, best 5575.9390, time  352.0, minPhero 0.01(239), stagnancy 3.7%
[35m[MSG][0m itr   244, best 5575.9390, time  353.4, minPhero 0.01(239), stagnancy 4.0%
[35m[MSG][0m itr   245, best 5575.9390, time  354.9, minPhero 0.01(239), stagnancy 4.3%
[35m[MSG][0m itr   246, best 5575.9390, time  356.4, minPhero 0.01(239), stagnancy 4.7%
[35m[MSG][0m itr   247, best 5575.9390, time  357.8, minPhero 0.01(239), stagnancy 5.0%
[35m[MSG][0m itr   248, best 5575.9390, time  359.3, minPhero 0.01(239), stagnancy 5.3%
[35m[MSG][0m itr   249, best 5575.9390, time  360.7, minPhero 0.01(239), stagnancy 5.7%
[35m[MSG][0m itr   250, best 5575.9390, time  362.1, minPhero 0.01(239), stagnancy 6.0%
[35m[MSG][0m itr   251, best 5575.9390, time  363.6, minPhero 0.01(239), stagnancy 6.3%
[35m[MSG][0m itr   252, best 5575.9390, time  365.0, minPhero 0.01(239), stagnancy 6.7%
[35m[MSG][0m itr   253, best 5575.9390, time  366.5, minPhero 0.01(239), stagnancy 7.0%
[35m[MSG][0m itr   254, best 5575.9390, time  367.9, minPhero 0.01(232), stagnancy 7.3%
[35m[MSG][0m itr   255, best 5575.9390, time  369.4, minPhero 0.01(232), stagnancy 7.7%
[35m[MSG][0m itr   256, best 5575.9390, time  370.8, minPhero 0.01(232), stagnancy 8.0%
[35m[MSG][0m itr   257, best 5575.9390, time  372.3, minPhero 0.01(232), stagnancy 8.3%
[35m[MSG][0m itr   258, best 5575.9390, time  373.7, minPhero 0.01(232), stagnancy 8.7%
[35m[MSG][0m itr   259, best 5575.9390, time  375.2, minPhero 0.01(232), stagnancy 9.0%
[35m[MSG][0m itr   260, best 5575.9390, time  376.6, minPhero 0.01(232), stagnancy 9.3%
[35m[MSG][0m itr   261, best 5575.9390, time  378.0, minPhero 0.01(232), stagnancy 9.7%
[35m[MSG][0m itr   262, best 5575.9390, time  379.5, minPhero 0.01(232), stagnancy 10.0%
[35m[MSG][0m itr   263, best 5575.9390, time  380.9, minPhero 0.01(232), stagnancy 10.3%
[35m[MSG][0m itr   264, best 5575.9390, time  382.4, minPhero 0.01(232), stagnancy 10.7%
[35m[MSG][0m itr   265, best 5575.9390, time  383.8, minPhero 0.01(232), stagnancy 11.0%
[35m[MSG][0m itr   266, best 5575.9390, time  385.2, minPhero 0.01(232), stagnancy 11.3%
[35m[MSG][0m itr   267, best 5575.9390, time  386.7, minPhero 0.01(232), stagnancy 11.7%
[35m[MSG][0m itr   268, best 5575.9390, time  388.2, minPhero 0.01(232), stagnancy 12.0%
[35m[MSG][0m itr   269, best 5575.9390, time  389.6, minPhero 0.01(232), stagnancy 12.3%
[35m[MSG][0m itr   270, best 5575.9390, time  391.1, minPhero 0.01(232), stagnancy 12.7%
[35m[MSG][0m itr   271, best 5575.9390, time  392.6, minPhero 0.01(232), stagnancy 13.0%
[35m[MSG][0m itr   272, best 5575.9390, time  394.0, minPhero 0.01(232), stagnancy 13.3%
[35m[MSG][0m itr   273, best 5575.9390, time  395.4, minPhero 0.01(232), stagnancy 13.7%
[35m[MSG][0m itr   274, best 5575.9390, time  396.9, minPhero 0.01(232), stagnancy 14.0%
[35m[MSG][0m itr   275, best 5575.9390, time  398.3, minPhero 0.01(232), stagnancy 14.3%
[35m[MSG][0m itr   276, best 5575.9390, time  399.8, minPhero 0.01(232), stagnancy 14.7%
[35m[MSG][0m itr   277, best 5575.9390, time  401.2, minPhero 0.01(232), stagnancy 15.0%
[35m[MSG][0m itr   278, best 5575.9390, time  402.6, minPhero 0.01(232), stagnancy 15.3%
[35m[MSG][0m itr   279, best 5575.9390, time  404.1, minPhero 0.01(232), stagnancy 15.7%
[35m[MSG][0m itr   280, best 5575.9390, time  405.5, minPhero 0.01(232), stagnancy 16.0%
[35m[MSG][0m itr   281, best 5575.9390, time  406.9, minPhero 0.01(232), stagnancy 16.3%
[35m[MSG][0m itr   282, best 5575.9390, time  408.4, minPhero 0.01(232), stagnancy 16.7%
[35m[MSG][0m itr   283, best 5575.9390, time  409.8, minPhero 0.01(232), stagnancy 17.0%
[35m[MSG][0m itr   284, best 5575.9390, time  411.2, minPhero 0.01(232), stagnancy 17.3%
[35m[MSG][0m itr   285, best 5575.9390, time  412.7, minPhero 0.01(232), stagnancy 17.7%
[35m[MSG][0m itr   286, best 5575.9390, time  414.1, minPhero 0.01(232), stagnancy 18.0%
[35m[MSG][0m itr   287, best 5575.9390, time  415.5, minPhero 0.01(232), stagnancy 18.3%
[35m[MSG][0m itr   288, best 5575.9390, time  417.0, minPhero 0.01(232), stagnancy 18.7%
[35m[MSG][0m itr   289, best 5575.9390, time  418.4, minPhero 0.01(232), stagnancy 19.0%
[35m[MSG][0m itr   290, best 5575.9390, time  419.9, minPhero 0.01(232), stagnancy 19.3%
[35m[MSG][0m itr   291, best 5575.9390, time  421.3, minPhero 0.01(232), stagnancy 19.7%
[35m[MSG][0m itr   292, best 5575.9390, time  422.8, minPhero 0.01(232), stagnancy 20.0%
[35m[MSG][0m itr   293, best 5575.9390, time  424.2, minPhero 0.01(232), stagnancy 20.3%
[35m[MSG][0m itr   294, best 5575.9390, time  425.6, minPhero 0.01(232), stagnancy 20.7%
[35m[MSG][0m itr   295, best 5575.9390, time  427.1, minPhero 0.01(232), stagnancy 21.0%
[35m[MSG][0m itr   296, best 5575.9390, time  428.5, minPhero 0.01(232), stagnancy 21.3%
[35m[MSG][0m itr   297, best 5575.9385, time  429.8, minPhero 0.01(232), stagnancy 0.0%
[35m[MSG][0m itr   298, best 5575.9385, time  431.1, minPhero 0.01(232), stagnancy 0.3%
[35m[MSG][0m itr   299, best 5575.9385, time  432.4, minPhero 0.01(232), stagnancy 0.7%
[35m[MSG][0m itr   300, best 5575.9385, time  433.7, minPhero 0.01(232), stagnancy 1.0%
[35m[MSG][0m itr   301, best 5575.9385, time  435.1, minPhero 0.01(232), stagnancy 1.3%
[35m[MSG][0m itr   302, best 5575.9385, time  436.5, minPhero 0.01(232), stagnancy 1.7%
[35m[MSG][0m itr   303, best 5575.9385, time  438.0, minPhero 0.01(232), stagnancy 2.0%
[35m[MSG][0m itr   304, best 5575.9385, time  439.4, minPhero 0.01(232), stagnancy 2.3%
[35m[MSG][0m itr   305, best 5575.9385, time  440.9, minPhero 0.01(232), stagnancy 2.7%
[35m[MSG][0m itr   306, best 5575.9385, time  442.3, minPhero 0.01(232), stagnancy 3.0%
[35m[MSG][0m itr   307, best 5575.9385, time  443.8, minPhero 0.01(232), stagnancy 3.3%
[35m[MSG][0m itr   308, best 5575.9385, time  445.3, minPhero 0.01(232), stagnancy 3.7%
[35m[MSG][0m itr   309, best 5575.9385, time  446.7, minPhero 0.01(232), stagnancy 4.0%
[35m[MSG][0m itr   310, best 5575.9385, time  448.1, minPhero 0.01(232), stagnancy 4.3%
[35m[MSG][0m itr   311, best 5575.9385, time  449.6, minPhero 0.01(232), stagnancy 4.7%
[35m[MSG][0m itr   312, best 5575.9385, time  451.0, minPhero 0.01(232), stagnancy 5.0%
[35m[MSG][0m itr   313, best 5575.9385, time  452.5, minPhero 0.01(232), stagnancy 5.3%
[35m[MSG][0m itr   314, best 5575.9385, time  453.9, minPhero 0.01(232), stagnancy 5.7%
[35m[MSG][0m itr   315, best 5575.9385, time  455.4, minPhero 0.01(232), stagnancy 6.0%
[35m[MSG][0m itr   316, best 5575.9385, time  456.8, minPhero 0.01(232), stagnancy 6.3%
[35m[MSG][0m itr   317, best 5575.9385, time  458.3, minPhero 0.01(232), stagnancy 6.7%
[35m[MSG][0m itr   318, best 5575.9385, time  459.7, minPhero 0.01(232), stagnancy 7.0%
[35m[MSG][0m itr   319, best 5575.9385, time  461.2, minPhero 0.01(232), stagnancy 7.3%
[35m[MSG][0m itr   320, best 5575.9385, time  462.8, minPhero 0.01(232), stagnancy 7.7%
[35m[MSG][0m itr   321, best 5575.9385, time  464.4, minPhero 0.01(232), stagnancy 8.0%
[35m[MSG][0m itr   322, best 5575.9385, time  465.9, minPhero 0.01(232), stagnancy 8.3%
[35m[MSG][0m itr   323, best 5575.9385, time  467.4, minPhero 0.01(232), stagnancy 8.7%
[35m[MSG][0m itr   324, best 5575.9385, time  468.9, minPhero 0.01(232), stagnancy 9.0%
[35m[MSG][0m itr   325, best 5575.9385, time  470.4, minPhero 0.01(232), stagnancy 9.3%
[35m[MSG][0m itr   326, best 5575.9385, time  472.0, minPhero 0.01(232), stagnancy 9.7%
[35m[MSG][0m itr   327, best 5575.9385, time  473.5, minPhero 0.01(232), stagnancy 10.0%
[35m[MSG][0m itr   328, best 5575.9385, time  475.0, minPhero 0.01(232), stagnancy 10.3%
[35m[MSG][0m itr   329, best 5575.9385, time  476.5, minPhero 0.01(232), stagnancy 10.7%
[35m[MSG][0m itr   330, best 5575.9385, time  478.1, minPhero 0.01(232), stagnancy 11.0%
[35m[MSG][0m itr   331, best 5575.9385, time  479.6, minPhero 0.01(232), stagnancy 11.3%
[35m[MSG][0m itr   332, best 5575.9385, time  481.1, minPhero 0.01(232), stagnancy 11.7%
[35m[MSG][0m itr   333, best 5575.9385, time  482.6, minPhero 0.01(232), stagnancy 12.0%
[35m[MSG][0m itr   334, best 5575.9385, time  484.2, minPhero 0.01(232), stagnancy 12.3%
[35m[MSG][0m itr   335, best 5575.9385, time  485.7, minPhero 0.01(232), stagnancy 12.7%
[35m[MSG][0m itr   336, best 5575.9385, time  487.2, minPhero 0.01(232), stagnancy 13.0%
[35m[MSG][0m itr   337, best 5575.9385, time  488.8, minPhero 0.01(232), stagnancy 13.3%
[35m[MSG][0m itr   338, best 5575.9385, time  490.4, minPhero 0.01(232), stagnancy 13.7%
[35m[MSG][0m itr   339, best 5575.9385, time  491.9, minPhero 0.01(232), stagnancy 14.0%
[35m[MSG][0m itr   340, best 5575.9385, time  493.4, minPhero 0.01(232), stagnancy 14.3%
[35m[MSG][0m itr   341, best 5575.9385, time  495.0, minPhero 0.01(232), stagnancy 14.7%
[35m[MSG][0m itr   342, best 5575.9385, time  496.5, minPhero 0.01(232), stagnancy 15.0%
[35m[MSG][0m itr   343, best 5575.9385, time  498.1, minPhero 0.01(232), stagnancy 15.3%
[35m[MSG][0m itr   344, best 5575.9385, time  499.6, minPhero 0.01(232), stagnancy 15.7%
[35m[MSG][0m itr   345, best 5575.9385, time  501.1, minPhero 0.01(232), stagnancy 16.0%
[35m[MSG][0m itr   346, best 5575.9385, time  502.5, minPhero 0.01(232), stagnancy 16.3%
[35m[MSG][0m itr   347, best 5575.9385, time  503.9, minPhero 0.01(232), stagnancy 16.7%
[35m[MSG][0m itr   348, best 5575.9385, time  505.4, minPhero 0.01(232), stagnancy 17.0%
[35m[MSG][0m itr   349, best 5575.9385, time  506.8, minPhero 0.01(232), stagnancy 17.3%
[35m[MSG][0m itr   350, best 5575.9385, time  508.3, minPhero 0.01(232), stagnancy 17.7%
[35m[MSG][0m itr   351, best 5575.9385, time  509.7, minPhero 0.01(232), stagnancy 18.0%
[35m[MSG][0m itr   352, best 5575.9385, time  511.2, minPhero 0.01(232), stagnancy 18.3%
[35m[MSG][0m itr   353, best 5575.9385, time  512.6, minPhero 0.01(232), stagnancy 18.7%
[35m[MSG][0m itr   354, best 5575.9385, time  514.1, minPhero 0.01(232), stagnancy 19.0%
[35m[MSG][0m itr   355, best 5575.9385, time  515.5, minPhero 0.01(232), stagnancy 19.3%
[35m[MSG][0m itr   356, best 5575.9385, time  517.0, minPhero 0.01(232), stagnancy 19.7%
[35m[MSG][0m itr   357, best 5575.9385, time  518.4, minPhero 0.01(232), stagnancy 20.0%
[35m[MSG][0m itr   358, best 5575.9385, time  519.8, minPhero 0.01(232), stagnancy 20.3%
[35m[MSG][0m itr   359, best 5575.9385, time  521.3, minPhero 0.01(232), stagnancy 20.7%
[35m[MSG][0m itr   360, best 5575.9385, time  522.7, minPhero 0.01(232), stagnancy 21.0%
[35m[MSG][0m itr   361, best 5575.9385, time  524.2, minPhero 0.01(232), stagnancy 21.3%
[35m[MSG][0m itr   362, best 5575.9385, time  525.6, minPhero 0.01(232), stagnancy 21.7%
[35m[MSG][0m itr   363, best 5575.9385, time  527.1, minPhero 0.01(232), stagnancy 22.0%
[35m[MSG][0m itr   364, best 5575.9385, time  528.5, minPhero 0.01(232), stagnancy 22.3%
[35m[MSG][0m itr   365, best 5575.9385, time  529.9, minPhero 0.01(232), stagnancy 22.7%
[35m[MSG][0m itr   366, best 5575.9385, time  531.4, minPhero 0.01(232), stagnancy 23.0%
[35m[MSG][0m itr   367, best 5575.9385, time  532.8, minPhero 0.01(232), stagnancy 23.3%
[35m[MSG][0m itr   368, best 5575.9385, time  534.3, minPhero 0.01(232), stagnancy 23.7%
[35m[MSG][0m itr   369, best 5575.9385, time  535.7, minPhero 0.01(232), stagnancy 24.0%
[35m[MSG][0m itr   370, best 5575.9385, time  537.1, minPhero 0.01(232), stagnancy 24.3%
[35m[MSG][0m itr   371, best 5575.9385, time  538.5, minPhero 0.01(232), stagnancy 24.7%
[35m[MSG][0m itr   372, best 5575.9385, time  540.0, minPhero 0.01(232), stagnancy 25.0%
[35m[MSG][0m itr   373, best 5575.9385, time  541.4, minPhero 0.01(232), stagnancy 25.3%
[35m[MSG][0m itr   374, best 5575.9385, time  542.8, minPhero 0.01(232), stagnancy 25.7%
[35m[MSG][0m itr   375, best 5575.9385, time  544.3, minPhero 0.01(232), stagnancy 26.0%
[35m[MSG][0m itr   376, best 5575.9385, time  545.7, minPhero 0.01(232), stagnancy 26.3%
[35m[MSG][0m itr   377, best 5575.9385, time  547.1, minPhero 0.01(232), stagnancy 26.7%
[35m[MSG][0m itr   378, best 5575.9385, time  548.6, minPhero 0.01(232), stagnancy 27.0%
[35m[MSG][0m itr   379, best 5575.9385, time  550.0, minPhero 0.01(232), stagnancy 27.3%
[35m[MSG][0m itr   380, best 5575.9385, time  551.5, minPhero 0.01(232), stagnancy 27.7%
[35m[MSG][0m itr   381, best 5575.9385, time  552.9, minPhero 0.01(232), stagnancy 28.0%
[35m[MSG][0m itr   382, best 5575.9385, time  554.4, minPhero 0.01(232), stagnancy 28.3%
[35m[MSG][0m itr   383, best 5575.9385, time  555.8, minPhero 0.01(232), stagnancy 28.7%
[35m[MSG][0m itr   384, best 5575.9385, time  557.3, minPhero 0.01(232), stagnancy 29.0%
[35m[MSG][0m itr   385, best 5575.9385, time  558.7, minPhero 0.01(232), stagnancy 29.3%
[35m[MSG][0m itr   386, best 5575.9385, time  560.1, minPhero 0.01(232), stagnancy 29.7%
[35m[MSG][0m itr   387, best 5575.9385, time  561.6, minPhero 0.01(232), stagnancy 30.0%
[35m[MSG][0m itr   388, best 5575.9385, time  563.0, minPhero 0.01(232), stagnancy 30.3%
[35m[MSG][0m itr   389, best 5575.9385, time  564.5, minPhero 0.01(232), stagnancy 30.7%
[35m[MSG][0m itr   390, best 5575.9385, time  566.0, minPhero 0.01(232), stagnancy 31.0%
[35m[MSG][0m itr   391, best 5575.9385, time  567.5, minPhero 0.01(232), stagnancy 31.3%
[35m[MSG][0m itr   392, best 5575.9385, time  568.9, minPhero 0.01(232), stagnancy 31.7%
[35m[MSG][0m itr   393, best 5575.9385, time  570.3, minPhero 0.01(232), stagnancy 32.0%
[35m[MSG][0m itr   394, best 5575.9385, time  571.8, minPhero 0.01(232), stagnancy 32.3%
[35m[MSG][0m itr   395, best 5575.9385, time  573.2, minPhero 0.01(232), stagnancy 32.7%
[35m[MSG][0m itr   396, best 5575.9385, time  574.7, minPhero 0.01(232), stagnancy 33.0%
[35m[MSG][0m itr   397, best 5575.9385, time  576.1, minPhero 0.01(232), stagnancy 33.3%
[35m[MSG][0m itr   398, best 5575.9385, time  577.6, minPhero 0.01(232), stagnancy 33.7%
[35m[MSG][0m itr   399, best 5575.9385, time  578.9, minPhero 0.01(232), stagnancy 34.0%
[35m[MSG][0m itr   400, best 5575.9385, time  580.3, minPhero 0.01(232), stagnancy 34.3%
[35m[MSG][0m itr   401, best 5575.9385, time  581.6, minPhero 0.01(232), stagnancy 34.7%
[35m[MSG][0m itr   402, best 5575.9385, time  583.0, minPhero 0.01(232), stagnancy 35.0%
[35m[MSG][0m itr   403, best 5575.9385, time  584.5, minPhero 0.01(232), stagnancy 35.3%
[35m[MSG][0m itr   404, best 5575.9385, time  585.9, minPhero 0.01(232), stagnancy 35.7%
[35m[MSG][0m itr   405, best 5575.9385, time  587.4, minPhero 0.01(232), stagnancy 36.0%
[35m[MSG][0m itr   406, best 5575.9385, time  588.8, minPhero 0.01(232), stagnancy 36.3%
[35m[MSG][0m itr   407, best 5575.9385, time  590.3, minPhero 0.01(232), stagnancy 36.7%
[35m[MSG][0m itr   408, best 5575.9385, time  591.8, minPhero 0.01(232), stagnancy 37.0%
[35m[MSG][0m itr   409, best 5575.9385, time  593.2, minPhero 0.01(232), stagnancy 37.3%
[35m[MSG][0m itr   410, best 5575.9385, time  594.7, minPhero 0.01(232), stagnancy 37.7%
[35m[MSG][0m itr   411, best 5575.9385, time  596.1, minPhero 0.01(232), stagnancy 38.0%
[35m[MSG][0m itr   412, best 5575.9385, time  597.5, minPhero 0.01(232), stagnancy 38.3%
[35m[MSG][0m itr   413, best 5575.9385, time  599.0, minPhero 0.01(232), stagnancy 38.7%
[35m[MSG][0m itr   414, best 5575.9385, time  600.4, minPhero 0.01(232), stagnancy 39.0%
[35m[MSG][0m itr   415, best 5575.9385, time  601.9, minPhero 0.01(232), stagnancy 39.3%
[35m[MSG][0m itr   416, best 5575.9385, time  603.3, minPhero 0.01(232), stagnancy 39.7%
[35m[MSG][0m itr   417, best 5575.9385, time  604.7, minPhero 0.01(232), stagnancy 40.0%
[35m[MSG][0m itr   418, best 5575.9385, time  606.2, minPhero 0.01(232), stagnancy 40.3%
[35m[MSG][0m itr   419, best 5575.9385, time  607.6, minPhero 0.01(232), stagnancy 40.7%
[35m[MSG][0m itr   420, best 5575.9385, time  608.9, minPhero 0.01(232), stagnancy 41.0%
[35m[MSG][0m itr   421, best 5575.9385, time  610.4, minPhero 0.01(232), stagnancy 41.3%
[35m[MSG][0m itr   422, best 5575.9385, time  611.8, minPhero 0.01(232), stagnancy 41.7%
[35m[MSG][0m itr   423, best 5575.9385, time  613.3, minPhero 0.01(232), stagnancy 42.0%
[35m[MSG][0m itr   424, best 5575.9385, time  614.7, minPhero 0.01(232), stagnancy 42.3%
[35m[MSG][0m itr   425, best 5575.9385, time  616.1, minPhero 0.01(232), stagnancy 42.7%
[35m[MSG][0m itr   426, best 5575.9385, time  617.6, minPhero 0.01(232), stagnancy 43.0%
[35m[MSG][0m itr   427, best 5575.9385, time  619.0, minPhero 0.01(232), stagnancy 43.3%
[35m[MSG][0m itr   428, best 5575.9385, time  620.5, minPhero 0.01(232), stagnancy 43.7%
[35m[MSG][0m itr   429, best 5575.9385, time  621.9, minPhero 0.01(232), stagnancy 44.0%
[35m[MSG][0m itr   430, best 5575.9385, time  623.4, minPhero 0.01(232), stagnancy 44.3%
[35m[MSG][0m itr   431, best 5575.9385, time  624.8, minPhero 0.01(232), stagnancy 44.7%
[35m[MSG][0m itr   432, best 5575.9385, time  626.2, minPhero 0.01(232), stagnancy 45.0%
[35m[MSG][0m itr   433, best 5575.9385, time  627.7, minPhero 0.01(232), stagnancy 45.3%
[35m[MSG][0m itr   434, best 5575.9385, time  629.1, minPhero 0.01(232), stagnancy 45.7%
[35m[MSG][0m itr   435, best 5575.9385, time  630.6, minPhero 0.01(232), stagnancy 46.0%
[35m[MSG][0m itr   436, best 5575.9385, time  631.9, minPhero 0.01(232), stagnancy 46.3%
[35m[MSG][0m itr   437, best 5575.9385, time  633.4, minPhero 0.01(232), stagnancy 46.7%
[35m[MSG][0m itr   438, best 5575.9385, time  634.7, minPhero 0.01(232), stagnancy 47.0%
[35m[MSG][0m itr   439, best 5575.9385, time  636.1, minPhero 0.01(232), stagnancy 47.3%
[35m[MSG][0m itr   440, best 5575.9385, time  637.5, minPhero 0.01(232), stagnancy 47.7%
[35m[MSG][0m itr   441, best 5575.9385, time  638.9, minPhero 0.01(232), stagnancy 48.0%
[35m[MSG][0m itr   442, best 5575.9385, time  640.4, minPhero 0.01(232), stagnancy 48.3%
[35m[MSG][0m itr   443, best 5575.9385, time  641.7, minPhero 0.01(232), stagnancy 48.7%
[35m[MSG][0m itr   444, best 5575.9385, time  643.2, minPhero 0.01(232), stagnancy 49.0%
[35m[MSG][0m itr   445, best 5575.9385, time  644.6, minPhero 0.01(232), stagnancy 49.3%
[35m[MSG][0m itr   446, best 5575.9385, time  646.1, minPhero 0.01(232), stagnancy 49.7%
[35m[MSG][0m itr   447, best 5575.9385, time  647.4, minPhero 0.01(232), stagnancy 50.0%
[35m[MSG][0m itr   448, best 5575.9385, time  648.8, minPhero 0.01(232), stagnancy 50.3%
[35m[MSG][0m itr   449, best 5575.9385, time  650.2, minPhero 0.01(232), stagnancy 50.7%
[35m[MSG][0m itr   450, best 5575.9385, time  651.5, minPhero 0.01(232), stagnancy 51.0%
[35m[MSG][0m itr   451, best 5575.9385, time  652.9, minPhero 0.01(232), stagnancy 51.3%
[35m[MSG][0m itr   452, best 5575.9385, time  654.2, minPhero 0.01(232), stagnancy 51.7%
[35m[MSG][0m itr   453, best 5575.9385, time  655.6, minPhero 0.01(232), stagnancy 52.0%
[35m[MSG][0m itr   454, best 5575.9385, time  657.0, minPhero 0.01(232), stagnancy 52.3%
[35m[MSG][0m itr   455, best 5575.9385, time  658.3, minPhero 0.01(232), stagnancy 52.7%
[35m[MSG][0m itr   456, best 5575.9385, time  659.8, minPhero 0.01(232), stagnancy 53.0%
[35m[MSG][0m itr   457, best 5575.9385, time  661.2, minPhero 0.01(232), stagnancy 53.3%
[35m[MSG][0m itr   458, best 5575.9385, time  662.7, minPhero 0.01(232), stagnancy 53.7%
[35m[MSG][0m itr   459, best 5575.9385, time  664.1, minPhero 0.01(232), stagnancy 54.0%
[35m[MSG][0m itr   460, best 5575.9385, time  665.6, minPhero 0.01(232), stagnancy 54.3%
[35m[MSG][0m itr   461, best 5575.9385, time  667.0, minPhero 0.01(232), stagnancy 54.7%
[35m[MSG][0m itr   462, best 5575.9385, time  668.5, minPhero 0.01(232), stagnancy 55.0%
[35m[MSG][0m itr   463, best 5575.9385, time  669.9, minPhero 0.01(232), stagnancy 55.3%
[35m[MSG][0m itr   464, best 5575.9385, time  671.4, minPhero 0.01(232), stagnancy 55.7%
[35m[MSG][0m itr   465, best 5575.9385, time  672.8, minPhero 0.01(232), stagnancy 56.0%
[35m[MSG][0m itr   466, best 5575.9385, time  674.3, minPhero 0.01(232), stagnancy 56.3%
[35m[MSG][0m itr   467, best 5575.9385, time  675.7, minPhero 0.01(232), stagnancy 56.7%
[35m[MSG][0m itr   468, best 5575.9385, time  677.2, minPhero 0.01(232), stagnancy 57.0%
[35m[MSG][0m itr   469, best 5575.9385, time  678.6, minPhero 0.01(232), stagnancy 57.3%
[35m[MSG][0m itr   470, best 5575.9385, time  680.1, minPhero 0.01(232), stagnancy 57.7%
[35m[MSG][0m itr   471, best 5575.9385, time  681.5, minPhero 0.01(232), stagnancy 58.0%
[35m[MSG][0m itr   472, best 5575.9385, time  682.9, minPhero 0.01(232), stagnancy 58.3%
[35m[MSG][0m itr   473, best 5575.9385, time  684.4, minPhero 0.01(232), stagnancy 58.7%
[35m[MSG][0m itr   474, best 5575.9385, time  685.8, minPhero 0.01(232), stagnancy 59.0%
[35m[MSG][0m itr   475, best 5575.9385, time  687.2, minPhero 0.01(232), stagnancy 59.3%
[35m[MSG][0m itr   476, best 5575.9385, time  688.7, minPhero 0.01(232), stagnancy 59.7%
[35m[MSG][0m itr   477, best 5575.9385, time  690.1, minPhero 0.01(232), stagnancy 60.0%
[35m[MSG][0m itr   478, best 5575.9385, time  691.6, minPhero 0.01(232), stagnancy 60.3%
[35m[MSG][0m itr   479, best 5575.9385, time  693.1, minPhero 0.01(232), stagnancy 60.7%
[35m[MSG][0m itr   480, best 5575.9385, time  694.5, minPhero 0.01(232), stagnancy 61.0%
[35m[MSG][0m itr   481, best 5575.9385, time  696.0, minPhero 0.01(232), stagnancy 61.3%
[35m[MSG][0m itr   482, best 5575.9385, time  697.4, minPhero 0.01(232), stagnancy 61.7%
[35m[MSG][0m itr   483, best 5575.9385, time  698.8, minPhero 0.01(232), stagnancy 62.0%
[35m[MSG][0m itr   484, best 5575.9385, time  700.2, minPhero 0.01(232), stagnancy 62.3%
[35m[MSG][0m itr   485, best 5575.9385, time  701.7, minPhero 0.01(232), stagnancy 62.7%
[35m[MSG][0m itr   486, best 5575.9385, time  703.1, minPhero 0.01(232), stagnancy 63.0%
[35m[MSG][0m itr   487, best 5575.9385, time  704.5, minPhero 0.01(232), stagnancy 63.3%
[35m[MSG][0m itr   488, best 5575.1104, time  705.9, minPhero 0.01(242), stagnancy 0.0%
[35m[MSG][0m itr   489, best 5575.1104, time  707.1, minPhero 0.01(242), stagnancy 0.3%
[35m[MSG][0m itr   490, best 5573.1348, time  708.6, minPhero 0.01(247), stagnancy 0.0%
[35m[MSG][0m itr   491, best 5573.1348, time  710.1, minPhero 0.01(247), stagnancy 0.3%
[35m[MSG][0m itr   492, best 5573.1348, time  711.5, minPhero 0.01(247), stagnancy 0.7%
[35m[MSG][0m itr   493, best 5573.1348, time  713.0, minPhero 0.01(247), stagnancy 1.0%
[35m[MSG][0m itr   494, best 5573.1348, time  714.4, minPhero 0.01(247), stagnancy 1.3%
[35m[MSG][0m itr   495, best 5573.1343, time  715.9, minPhero 0.01(247), stagnancy 0.0%
[35m[MSG][0m itr   496, best 5573.1343, time  717.3, minPhero 0.01(247), stagnancy 0.3%
[35m[MSG][0m itr   497, best 5573.1343, time  718.8, minPhero 0.01(247), stagnancy 0.7%
[35m[MSG][0m itr   498, best 5573.1343, time  720.3, minPhero 0.01(247), stagnancy 1.0%
[35m[MSG][0m itr   499, best 5573.1343, time  721.7, minPhero 0.01(247), stagnancy 1.3%
[35m[MSG][0m itr   500, best 5573.1343, time  723.2, minPhero 0.01(247), stagnancy 1.7%
[35m[MSG][0m itr   501, best 5573.1343, time  724.6, minPhero 0.01(247), stagnancy 2.0%
[35m[MSG][0m itr   502, best 5573.1343, time  726.1, minPhero 0.01(247), stagnancy 2.3%
[35m[MSG][0m itr   503, best 5573.1343, time  727.5, minPhero 0.01(247), stagnancy 2.7%
[35m[MSG][0m itr   504, best 5573.1343, time  728.9, minPhero 0.01(247), stagnancy 3.0%
[35m[MSG][0m itr   505, best 5573.1343, time  730.4, minPhero 0.01(247), stagnancy 3.3%
[35m[MSG][0m itr   506, best 5573.1343, time  731.9, minPhero 0.01(247), stagnancy 3.7%
[35m[MSG][0m itr   507, best 5573.1343, time  733.4, minPhero 0.01(247), stagnancy 4.0%
[35m[MSG][0m itr   508, best 5573.1343, time  734.8, minPhero 0.01(247), stagnancy 4.3%
[35m[MSG][0m itr   509, best 5573.1343, time  736.3, minPhero 0.01(247), stagnancy 4.7%
[35m[MSG][0m itr   510, best 5573.1343, time  737.7, minPhero 0.01(237), stagnancy 5.0%
[35m[MSG][0m itr   511, best 5573.1343, time  739.2, minPhero 0.01(237), stagnancy 5.3%
[35m[MSG][0m itr   512, best 5573.1343, time  740.6, minPhero 0.01(232), stagnancy 5.7%
[35m[MSG][0m itr   513, best 5573.1343, time  742.1, minPhero 0.01(232), stagnancy 6.0%
[35m[MSG][0m itr   514, best 5573.1343, time  743.5, minPhero 0.01(232), stagnancy 6.3%
[35m[MSG][0m itr   515, best 5573.1343, time  744.9, minPhero 0.01(232), stagnancy 6.7%
[35m[MSG][0m itr   516, best 5573.1343, time  746.4, minPhero 0.01(232), stagnancy 7.0%
[35m[MSG][0m itr   517, best 5573.1343, time  747.9, minPhero 0.01(232), stagnancy 7.3%
[35m[MSG][0m itr   518, best 5573.1343, time  749.3, minPhero 0.01(232), stagnancy 7.7%
[35m[MSG][0m itr   519, best 5573.1343, time  750.8, minPhero 0.01(232), stagnancy 8.0%
[35m[MSG][0m itr   520, best 5573.1343, time  752.3, minPhero 0.01(232), stagnancy 8.3%
[35m[MSG][0m itr   521, best 5573.1343, time  753.7, minPhero 0.01(232), stagnancy 8.7%
[35m[MSG][0m itr   522, best 5573.1343, time  755.1, minPhero 0.01(232), stagnancy 9.0%
[35m[MSG][0m itr   523, best 5573.1343, time  756.6, minPhero 0.01(232), stagnancy 9.3%
[35m[MSG][0m itr   524, best 5573.1343, time  758.0, minPhero 0.01(232), stagnancy 9.7%
[35m[MSG][0m itr   525, best 5573.1343, time  759.5, minPhero 0.01(232), stagnancy 10.0%
[35m[MSG][0m itr   526, best 5573.1343, time  761.0, minPhero 0.01(232), stagnancy 10.3%
[35m[MSG][0m itr   527, best 5573.1343, time  762.4, minPhero 0.01(232), stagnancy 10.7%
[35m[MSG][0m itr   528, best 5573.1343, time  763.9, minPhero 0.01(232), stagnancy 11.0%
[35m[MSG][0m itr   529, best 5573.1343, time  765.4, minPhero 0.01(232), stagnancy 11.3%
[35m[MSG][0m itr   530, best 5573.1343, time  766.7, minPhero 0.01(232), stagnancy 11.7%
[35m[MSG][0m itr   531, best 5573.1343, time  768.2, minPhero 0.01(232), stagnancy 12.0%
[35m[MSG][0m itr   532, best 5573.1343, time  769.6, minPhero 0.01(232), stagnancy 12.3%
[35m[MSG][0m itr   533, best 5573.1343, time  771.2, minPhero 0.01(232), stagnancy 12.7%
[35m[MSG][0m itr   534, best 5573.1343, time  772.8, minPhero 0.01(232), stagnancy 13.0%
[35m[MSG][0m itr   535, best 5573.1343, time  774.4, minPhero 0.01(232), stagnancy 13.3%
[35m[MSG][0m itr   536, best 5573.1343, time  775.8, minPhero 0.01(232), stagnancy 13.7%
[35m[MSG][0m itr   537, best 5573.1343, time  777.2, minPhero 0.01(232), stagnancy 14.0%
[35m[MSG][0m itr   538, best 5573.1343, time  778.5, minPhero 0.01(232), stagnancy 14.3%
[35m[MSG][0m itr   539, best 5573.1343, time  779.9, minPhero 0.01(232), stagnancy 14.7%
[35m[MSG][0m itr   540, best 5573.1343, time  781.3, minPhero 0.01(232), stagnancy 15.0%
[35m[MSG][0m itr   541, best 5573.1343, time  782.8, minPhero 0.01(232), stagnancy 15.3%
[35m[MSG][0m itr   542, best 5573.1343, time  784.2, minPhero 0.01(232), stagnancy 15.7%
[35m[MSG][0m itr   543, best 5573.1343, time  785.9, minPhero 0.01(232), stagnancy 16.0%
[35m[MSG][0m itr   544, best 5573.1343, time  787.6, minPhero 0.01(232), stagnancy 16.3%
[35m[MSG][0m itr   545, best 5572.1108, time  789.2, minPhero 0.01(238), stagnancy 0.0%
[35m[MSG][0m itr   546, best 5572.1108, time  790.8, minPhero 0.01(238), stagnancy 0.3%
[35m[MSG][0m itr   547, best 5572.1108, time  792.9, minPhero 0.01(238), stagnancy 0.7%
[35m[MSG][0m itr   548, best 5572.1108, time  794.6, minPhero 0.01(238), stagnancy 1.0%
[35m[MSG][0m itr   549, best 5572.1108, time  796.3, minPhero 0.01(238), stagnancy 1.3%
[35m[MSG][0m itr   550, best 5572.1108, time  797.9, minPhero 0.01(238), stagnancy 1.7%
[35m[MSG][0m itr   551, best 5572.1108, time  799.6, minPhero 0.01(238), stagnancy 2.0%
[35m[MSG][0m itr   552, best 5572.1108, time  801.2, minPhero 0.01(238), stagnancy 2.3%
[35m[MSG][0m itr   553, best 5572.1104, time  802.5, minPhero 0.01(238), stagnancy 0.0%
[35m[MSG][0m itr   554, best 5572.1104, time  804.2, minPhero 0.01(238), stagnancy 0.3%
[35m[MSG][0m itr   555, best 5572.1104, time  806.1, minPhero 0.01(238), stagnancy 0.7%
[35m[MSG][0m itr   556, best 5572.1104, time  808.0, minPhero 0.01(238), stagnancy 1.0%
[35m[MSG][0m itr   557, best 5572.1104, time  809.8, minPhero 0.01(238), stagnancy 1.3%
[35m[MSG][0m itr   558, best 5572.1104, time  811.5, minPhero 0.01(238), stagnancy 1.7%
[35m[MSG][0m itr   559, best 5572.1104, time  813.0, minPhero 0.01(238), stagnancy 2.0%
[35m[MSG][0m itr   560, best 5572.1104, time  814.3, minPhero 0.01(238), stagnancy 2.3%
[35m[MSG][0m itr   561, best 5572.1104, time  815.8, minPhero 0.01(238), stagnancy 2.7%
[35m[MSG][0m itr   562, best 5572.1104, time  817.4, minPhero 0.01(238), stagnancy 3.0%
[35m[MSG][0m itr   563, best 5572.1104, time  819.0, minPhero 0.01(238), stagnancy 3.3%
[35m[MSG][0m itr   564, best 5572.1104, time  820.7, minPhero 0.01(238), stagnancy 3.7%
[35m[MSG][0m itr   565, best 5572.1104, time  822.1, minPhero 0.01(238), stagnancy 4.0%
[35m[MSG][0m itr   566, best 5572.1104, time  823.7, minPhero 0.01(238), stagnancy 4.3%
[35m[MSG][0m itr   567, best 5572.1104, time  825.1, minPhero 0.01(232), stagnancy 4.7%
[35m[MSG][0m itr   568, best 5572.1104, time  826.9, minPhero 0.01(232), stagnancy 5.0%
[35m[MSG][0m itr   569, best 5572.1104, time  828.2, minPhero 0.01(232), stagnancy 5.3%
[35m[MSG][0m itr   570, best 5572.1104, time  829.7, minPhero 0.01(232), stagnancy 5.7%
[35m[MSG][0m itr   571, best 5572.1104, time  831.1, minPhero 0.01(232), stagnancy 6.0%
[35m[MSG][0m itr   572, best 5572.1104, time  832.6, minPhero 0.01(232), stagnancy 6.3%
[35m[MSG][0m itr   573, best 5572.1104, time  834.0, minPhero 0.01(232), stagnancy 6.7%
[35m[MSG][0m itr   574, best 5572.1104, time  835.5, minPhero 0.01(232), stagnancy 7.0%
[35m[MSG][0m itr   575, best 5572.1104, time  836.9, minPhero 0.01(232), stagnancy 7.3%
[35m[MSG][0m itr   576, best 5572.1104, time  838.4, minPhero 0.01(232), stagnancy 7.7%
[35m[MSG][0m itr   577, best 5572.1104, time  839.8, minPhero 0.01(232), stagnancy 8.0%
[35m[MSG][0m itr   578, best 5572.1104, time  841.3, minPhero 0.01(232), stagnancy 8.3%
[35m[MSG][0m itr   579, best 5572.1104, time  842.8, minPhero 0.01(232), stagnancy 8.7%
[35m[MSG][0m itr   580, best 5572.1104, time  844.2, minPhero 0.01(232), stagnancy 9.0%
[35m[MSG][0m itr   581, best 5572.1104, time  845.6, minPhero 0.01(232), stagnancy 9.3%
[35m[MSG][0m itr   582, best 5572.1104, time  847.0, minPhero 0.01(232), stagnancy 9.7%
[35m[MSG][0m itr   583, best 5572.1104, time  848.5, minPhero 0.01(232), stagnancy 10.0%
[35m[MSG][0m itr   584, best 5572.1104, time  849.9, minPhero 0.01(232), stagnancy 10.3%
[35m[MSG][0m itr   585, best 5572.1104, time  851.3, minPhero 0.01(232), stagnancy 10.7%
[35m[MSG][0m itr   586, best 5572.1104, time  852.8, minPhero 0.01(232), stagnancy 11.0%
[35m[MSG][0m itr   587, best 5572.1104, time  854.3, minPhero 0.01(232), stagnancy 11.3%
[35m[MSG][0m itr   588, best 5572.1104, time  855.7, minPhero 0.01(232), stagnancy 11.7%
[35m[MSG][0m itr   589, best 5572.1104, time  857.1, minPhero 0.01(232), stagnancy 12.0%
[35m[MSG][0m itr   590, best 5572.1104, time  858.6, minPhero 0.01(232), stagnancy 12.3%
[35m[MSG][0m itr   591, best 5572.1104, time  860.0, minPhero 0.01(232), stagnancy 12.7%
[35m[MSG][0m itr   592, best 5572.1104, time  861.5, minPhero 0.01(232), stagnancy 13.0%
[35m[MSG][0m itr   593, best 5572.1104, time  863.0, minPhero 0.01(232), stagnancy 13.3%
[35m[MSG][0m itr   594, best 5572.1104, time  864.3, minPhero 0.01(232), stagnancy 13.7%
[35m[MSG][0m itr   595, best 5572.1104, time  865.8, minPhero 0.01(232), stagnancy 14.0%
[35m[MSG][0m itr   596, best 5572.1104, time  867.2, minPhero 0.01(232), stagnancy 14.3%
[35m[MSG][0m itr   597, best 5572.1104, time  868.7, minPhero 0.01(232), stagnancy 14.7%
[35m[MSG][0m itr   598, best 5572.1104, time  870.1, minPhero 0.01(232), stagnancy 15.0%
[35m[MSG][0m itr   599, best 5572.1104, time  871.6, minPhero 0.01(232), stagnancy 15.3%
[35m[MSG][0m itr   600, best 5572.1104, time  873.1, minPhero 0.01(232), stagnancy 15.7%
[35m[MSG][0m itr   601, best 5572.1104, time  874.5, minPhero 0.01(232), stagnancy 16.0%
[35m[MSG][0m itr   602, best 5572.1104, time  876.0, minPhero 0.01(232), stagnancy 16.3%
[35m[MSG][0m itr   603, best 5572.1104, time  877.4, minPhero 0.01(232), stagnancy 16.7%
[35m[MSG][0m itr   604, best 5572.1104, time  878.7, minPhero 0.01(232), stagnancy 17.0%
[35m[MSG][0m itr   605, best 5572.1104, time  880.0, minPhero 0.01(232), stagnancy 17.3%
[35m[MSG][0m itr   606, best 5572.1104, time  881.4, minPhero 0.01(232), stagnancy 17.7%
[35m[MSG][0m itr   607, best 5572.1104, time  882.9, minPhero 0.01(232), stagnancy 18.0%
[35m[MSG][0m itr   608, best 5572.1104, time  884.3, minPhero 0.01(232), stagnancy 18.3%
[35m[MSG][0m itr   609, best 5572.1104, time  885.6, minPhero 0.01(232), stagnancy 18.7%
[35m[MSG][0m itr   610, best 5572.1104, time  887.0, minPhero 0.01(232), stagnancy 19.0%
[35m[MSG][0m itr   611, best 5572.1104, time  888.5, minPhero 0.01(232), stagnancy 19.3%
[35m[MSG][0m itr   612, best 5572.1104, time  889.9, minPhero 0.01(232), stagnancy 19.7%
[35m[MSG][0m itr   613, best 5572.1104, time  891.4, minPhero 0.01(232), stagnancy 20.0%
[35m[MSG][0m itr   614, best 5572.1104, time  892.8, minPhero 0.01(232), stagnancy 20.3%
[35m[MSG][0m itr   615, best 5572.1104, time  894.3, minPhero 0.01(232), stagnancy 20.7%
[35m[MSG][0m itr   616, best 5572.1104, time  895.7, minPhero 0.01(232), stagnancy 21.0%
[35m[MSG][0m itr   617, best 5572.1104, time  897.2, minPhero 0.01(232), stagnancy 21.3%
[35m[MSG][0m itr   618, best 5572.1104, time  898.6, minPhero 0.01(232), stagnancy 21.7%
[35m[MSG][0m itr   619, best 5572.1104, time  900.1, minPhero 0.01(232), stagnancy 22.0%
[35m[MSG][0m itr   620, best 5572.1104, time  901.5, minPhero 0.01(232), stagnancy 22.3%
[35m[MSG][0m itr   621, best 5572.1104, time  903.0, minPhero 0.01(232), stagnancy 22.7%
[35m[MSG][0m itr   622, best 5572.1104, time  904.4, minPhero 0.01(232), stagnancy 23.0%
[35m[MSG][0m itr   623, best 5572.1104, time  905.8, minPhero 0.01(232), stagnancy 23.3%
[35m[MSG][0m itr   624, best 5572.1104, time  907.3, minPhero 0.01(232), stagnancy 23.7%
[35m[MSG][0m itr   625, best 5572.1104, time  908.7, minPhero 0.01(232), stagnancy 24.0%
[35m[MSG][0m itr   626, best 5572.1104, time  910.2, minPhero 0.01(232), stagnancy 24.3%
[35m[MSG][0m itr   627, best 5572.1104, time  911.7, minPhero 0.01(232), stagnancy 24.7%
[35m[MSG][0m itr   628, best 5572.1104, time  913.1, minPhero 0.01(232), stagnancy 25.0%
[35m[MSG][0m itr   629, best 5572.1104, time  914.6, minPhero 0.01(232), stagnancy 25.3%
[35m[MSG][0m itr   630, best 5572.1104, time  915.9, minPhero 0.01(232), stagnancy 25.7%
[35m[MSG][0m itr   631, best 5572.1104, time  917.3, minPhero 0.01(232), stagnancy 26.0%
[35m[MSG][0m itr   632, best 5572.1104, time  918.8, minPhero 0.01(232), stagnancy 26.3%
[35m[MSG][0m itr   633, best 5572.1104, time  920.3, minPhero 0.01(232), stagnancy 26.7%
[35m[MSG][0m itr   634, best 5572.1104, time  921.7, minPhero 0.01(232), stagnancy 27.0%
[35m[MSG][0m itr   635, best 5572.1104, time  923.1, minPhero 0.01(232), stagnancy 27.3%
[35m[MSG][0m itr   636, best 5572.1104, time  924.5, minPhero 0.01(232), stagnancy 27.7%
[35m[MSG][0m itr   637, best 5572.1104, time  926.0, minPhero 0.01(232), stagnancy 28.0%
[35m[MSG][0m itr   638, best 5572.1104, time  927.4, minPhero 0.01(232), stagnancy 28.3%
[35m[MSG][0m itr   639, best 5572.1104, time  928.9, minPhero 0.01(232), stagnancy 28.7%
[35m[MSG][0m itr   640, best 5572.1104, time  930.4, minPhero 0.01(232), stagnancy 29.0%
[35m[MSG][0m itr   641, best 5572.1104, time  931.8, minPhero 0.01(232), stagnancy 29.3%
[35m[MSG][0m itr   642, best 5572.1104, time  933.3, minPhero 0.01(232), stagnancy 29.7%
[35m[MSG][0m itr   643, best 5572.1104, time  934.7, minPhero 0.01(232), stagnancy 30.0%
[35m[MSG][0m itr   644, best 5572.1104, time  936.2, minPhero 0.01(232), stagnancy 30.3%
[35m[MSG][0m itr   645, best 5572.1104, time  937.6, minPhero 0.01(232), stagnancy 30.7%
[35m[MSG][0m itr   646, best 5572.1104, time  939.0, minPhero 0.01(232), stagnancy 31.0%
[35m[MSG][0m itr   647, best 5572.1104, time  940.5, minPhero 0.01(232), stagnancy 31.3%
[35m[MSG][0m itr   648, best 5572.1104, time  941.9, minPhero 0.01(232), stagnancy 31.7%
[35m[MSG][0m itr   649, best 5572.1104, time  943.4, minPhero 0.01(232), stagnancy 32.0%
[35m[MSG][0m itr   650, best 5572.1104, time  944.8, minPhero 0.01(232), stagnancy 32.3%
[35m[MSG][0m itr   651, best 5572.1104, time  946.3, minPhero 0.01(232), stagnancy 32.7%
[35m[MSG][0m itr   652, best 5572.1104, time  947.7, minPhero 0.01(232), stagnancy 33.0%
[35m[MSG][0m itr   653, best 5572.1104, time  949.2, minPhero 0.01(232), stagnancy 33.3%
[35m[MSG][0m itr   654, best 5572.1104, time  950.6, minPhero 0.01(232), stagnancy 33.7%
[35m[MSG][0m itr   655, best 5572.1104, time  952.1, minPhero 0.01(232), stagnancy 34.0%
[35m[MSG][0m itr   656, best 5571.1787, time  953.5, minPhero 0.01(241), stagnancy 0.0%
[35m[MSG][0m itr   657, best 5571.1787, time  954.9, minPhero 0.01(241), stagnancy 0.3%
[35m[MSG][0m itr   658, best 5569.3052, time  956.4, minPhero 0.01(242), stagnancy 0.0%
[35m[MSG][0m itr   659, best 5569.3052, time  957.8, minPhero 0.01(242), stagnancy 0.3%
[35m[MSG][0m itr   660, best 5569.3052, time  959.3, minPhero 0.01(242), stagnancy 0.7%
[35m[MSG][0m itr   661, best 5569.3052, time  960.8, minPhero 0.01(242), stagnancy 1.0%
[35m[MSG][0m itr   662, best 5569.3052, time  962.2, minPhero 0.01(242), stagnancy 1.3%
[35m[MSG][0m itr   663, best 5569.3052, time  963.7, minPhero 0.01(242), stagnancy 1.7%
[35m[MSG][0m itr   664, best 5569.3047, time  965.1, minPhero 0.01(242), stagnancy 0.0%
[35m[MSG][0m itr   665, best 5569.3047, time  966.3, minPhero 0.01(242), stagnancy 0.3%
[35m[MSG][0m itr   666, best 5569.3047, time  967.7, minPhero 0.01(242), stagnancy 0.7%
[35m[MSG][0m itr   667, best 5569.3047, time  969.2, minPhero 0.01(242), stagnancy 1.0%
[35m[MSG][0m itr   668, best 5569.3047, time  970.7, minPhero 0.01(242), stagnancy 1.3%
[35m[MSG][0m itr   669, best 5569.3047, time  972.1, minPhero 0.01(242), stagnancy 1.7%
[35m[MSG][0m itr   670, best 5569.3047, time  973.6, minPhero 0.01(242), stagnancy 2.0%
[35m[MSG][0m itr   671, best 5569.3047, time  975.0, minPhero 0.01(242), stagnancy 2.3%
[35m[MSG][0m itr   672, best 5569.3047, time  976.4, minPhero 0.01(242), stagnancy 2.7%
[35m[MSG][0m itr   673, best 5569.3047, time  977.9, minPhero 0.01(240), stagnancy 3.0%
[35m[MSG][0m itr   674, best 5569.3047, time  979.4, minPhero 0.01(240), stagnancy 3.3%
[35m[MSG][0m itr   675, best 5569.3047, time  980.8, minPhero 0.01(240), stagnancy 3.7%
[35m[MSG][0m itr   676, best 5569.3047, time  982.3, minPhero 0.01(240), stagnancy 4.0%
[35m[MSG][0m itr   677, best 5569.3047, time  983.7, minPhero 0.01(240), stagnancy 4.3%
[35m[MSG][0m itr   678, best 5569.3047, time  985.2, minPhero 0.01(232), stagnancy 4.7%
[35m[MSG][0m itr   679, best 5569.3047, time  986.6, minPhero 0.01(232), stagnancy 5.0%
[35m[MSG][0m itr   680, best 5569.3047, time  988.1, minPhero 0.01(232), stagnancy 5.3%
[35m[MSG][0m itr   681, best 5569.3047, time  989.5, minPhero 0.01(232), stagnancy 5.7%
[35m[MSG][0m itr   682, best 5569.3047, time  990.9, minPhero 0.01(232), stagnancy 6.0%
[35m[MSG][0m itr   683, best 5569.3047, time  992.4, minPhero 0.01(232), stagnancy 6.3%
[35m[MSG][0m itr   684, best 5569.3047, time  993.9, minPhero 0.01(232), stagnancy 6.7%
[35m[MSG][0m itr   685, best 5569.3047, time  995.3, minPhero 0.01(232), stagnancy 7.0%
[35m[MSG][0m itr   686, best 5569.3047, time  996.8, minPhero 0.01(232), stagnancy 7.3%
[35m[MSG][0m itr   687, best 5569.3047, time  998.3, minPhero 0.01(232), stagnancy 7.7%
[35m[MSG][0m itr   688, best 5569.3047, time  999.7, minPhero 0.01(232), stagnancy 8.0%
[35m[MSG][0m itr   689, best 5569.3047, time 1001.2, minPhero 0.01(232), stagnancy 8.3%
[35m[MSG][0m itr   690, best 5569.3047, time 1002.5, minPhero 0.01(232), stagnancy 8.7%
[35m[MSG][0m itr   691, best 5569.3047, time 1003.9, minPhero 0.01(232), stagnancy 9.0%
[35m[MSG][0m itr   692, best 5569.3047, time 1005.4, minPhero 0.01(232), stagnancy 9.3%
[35m[MSG][0m itr   693, best 5569.3047, time 1006.7, minPhero 0.01(232), stagnancy 9.7%
[35m[MSG][0m itr   694, best 5569.3047, time 1008.2, minPhero 0.01(232), stagnancy 10.0%
[35m[MSG][0m itr   695, best 5569.3047, time 1009.4, minPhero 0.01(232), stagnancy 10.3%
[35m[MSG][0m itr   696, best 5569.3047, time 1010.9, minPhero 0.01(232), stagnancy 10.7%
[35m[MSG][0m itr   697, best 5569.3047, time 1012.4, minPhero 0.01(232), stagnancy 11.0%
[35m[MSG][0m itr   698, best 5569.3047, time 1013.8, minPhero 0.01(232), stagnancy 11.3%
[35m[MSG][0m itr   699, best 5569.3047, time 1015.2, minPhero 0.01(232), stagnancy 11.7%
[35m[MSG][0m itr   700, best 5569.3047, time 1016.7, minPhero 0.01(232), stagnancy 12.0%
[35m[MSG][0m itr   701, best 5569.3047, time 1018.1, minPhero 0.01(232), stagnancy 12.3%
[35m[MSG][0m itr   702, best 5569.3047, time 1019.6, minPhero 0.01(232), stagnancy 12.7%
[35m[MSG][0m itr   703, best 5569.3047, time 1021.0, minPhero 0.01(232), stagnancy 13.0%
[35m[MSG][0m itr   704, best 5569.3047, time 1022.5, minPhero 0.01(232), stagnancy 13.3%
[35m[MSG][0m itr   705, best 5569.3047, time 1023.9, minPhero 0.01(232), stagnancy 13.7%
[35m[MSG][0m itr   706, best 5569.3047, time 1025.4, minPhero 0.01(232), stagnancy 14.0%
[35m[MSG][0m itr   707, best 5569.3047, time 1026.9, minPhero 0.01(232), stagnancy 14.3%
[35m[MSG][0m itr   708, best 5569.3047, time 1028.3, minPhero 0.01(232), stagnancy 14.7%
[35m[MSG][0m itr   709, best 5569.3047, time 1029.8, minPhero 0.01(232), stagnancy 15.0%
[35m[MSG][0m itr   710, best 5569.3047, time 1031.2, minPhero 0.01(232), stagnancy 15.3%
[35m[MSG][0m itr   711, best 5569.3047, time 1032.7, minPhero 0.01(232), stagnancy 15.7%
[35m[MSG][0m itr   712, best 5569.3047, time 1034.1, minPhero 0.01(232), stagnancy 16.0%
[35m[MSG][0m itr   713, best 5569.3047, time 1035.4, minPhero 0.01(232), stagnancy 16.3%
[35m[MSG][0m itr   714, best 5569.3047, time 1036.9, minPhero 0.01(232), stagnancy 16.7%
[35m[MSG][0m itr   715, best 5569.3047, time 1038.3, minPhero 0.01(232), stagnancy 17.0%
[35m[MSG][0m itr   716, best 5569.3047, time 1039.8, minPhero 0.01(232), stagnancy 17.3%
[35m[MSG][0m itr   717, best 5569.3047, time 1041.2, minPhero 0.01(232), stagnancy 17.7%
[35m[MSG][0m itr   718, best 5569.3047, time 1042.7, minPhero 0.01(232), stagnancy 18.0%
[35m[MSG][0m itr   719, best 5569.3047, time 1044.1, minPhero 0.01(232), stagnancy 18.3%
[35m[MSG][0m itr   720, best 5569.3047, time 1045.5, minPhero 0.01(232), stagnancy 18.7%
[35m[MSG][0m itr   721, best 5569.3047, time 1047.0, minPhero 0.01(232), stagnancy 19.0%
[35m[MSG][0m itr   722, best 5569.3047, time 1048.3, minPhero 0.01(232), stagnancy 19.3%
[35m[MSG][0m itr   723, best 5569.3047, time 1049.7, minPhero 0.01(232), stagnancy 19.7%
[35m[MSG][0m itr   724, best 5569.3047, time 1051.2, minPhero 0.01(232), stagnancy 20.0%
[35m[MSG][0m itr   725, best 5569.3047, time 1052.7, minPhero 0.01(232), stagnancy 20.3%
[35m[MSG][0m itr   726, best 5569.3047, time 1054.1, minPhero 0.01(232), stagnancy 20.7%
[35m[MSG][0m itr   727, best 5569.3047, time 1055.6, minPhero 0.01(232), stagnancy 21.0%
[35m[MSG][0m itr   728, best 5569.3047, time 1057.0, minPhero 0.01(232), stagnancy 21.3%
[35m[MSG][0m itr   729, best 5569.3047, time 1058.4, minPhero 0.01(232), stagnancy 21.7%
[35m[MSG][0m itr   730, best 5569.3047, time 1059.9, minPhero 0.01(232), stagnancy 22.0%
[35m[MSG][0m itr   731, best 5569.3047, time 1061.3, minPhero 0.01(232), stagnancy 22.3%
[35m[MSG][0m itr   732, best 5569.3047, time 1062.8, minPhero 0.01(232), stagnancy 22.7%
[35m[MSG][0m itr   733, best 5569.3047, time 1064.2, minPhero 0.01(232), stagnancy 23.0%
[35m[MSG][0m itr   734, best 5569.3047, time 1065.7, minPhero 0.01(232), stagnancy 23.3%
[35m[MSG][0m itr   735, best 5569.3047, time 1067.0, minPhero 0.01(232), stagnancy 23.7%
[35m[MSG][0m itr   736, best 5569.3047, time 1068.4, minPhero 0.01(232), stagnancy 24.0%
[35m[MSG][0m itr   737, best 5569.3047, time 1069.9, minPhero 0.01(232), stagnancy 24.3%
[35m[MSG][0m itr   738, best 5569.3047, time 1071.2, minPhero 0.01(232), stagnancy 24.7%
[35m[MSG][0m itr   739, best 5569.3047, time 1072.7, minPhero 0.01(232), stagnancy 25.0%
[35m[MSG][0m itr   740, best 5569.3047, time 1074.1, minPhero 0.01(232), stagnancy 25.3%
[35m[MSG][0m itr   741, best 5569.3047, time 1075.6, minPhero 0.01(232), stagnancy 25.7%
[35m[MSG][0m itr   742, best 5569.3047, time 1077.0, minPhero 0.01(232), stagnancy 26.0%
[35m[MSG][0m itr   743, best 5569.3047, time 1078.5, minPhero 0.01(232), stagnancy 26.3%
[35m[MSG][0m itr   744, best 5569.3047, time 1079.9, minPhero 0.01(232), stagnancy 26.7%
[35m[MSG][0m itr   745, best 5569.3047, time 1081.3, minPhero 0.01(232), stagnancy 27.0%
[35m[MSG][0m itr   746, best 5569.3047, time 1082.8, minPhero 0.01(232), stagnancy 27.3%
[35m[MSG][0m itr   747, best 5569.3047, time 1084.2, minPhero 0.01(232), stagnancy 27.7%
[35m[MSG][0m itr   748, best 5569.3047, time 1085.7, minPhero 0.01(232), stagnancy 28.0%
[35m[MSG][0m itr   749, best 5569.3047, time 1087.1, minPhero 0.01(232), stagnancy 28.3%
[35m[MSG][0m itr   750, best 5569.3047, time 1088.4, minPhero 0.01(232), stagnancy 28.7%
[35m[MSG][0m itr   751, best 5569.3047, time 1089.8, minPhero 0.01(232), stagnancy 29.0%
[35m[MSG][0m itr   752, best 5569.3047, time 1091.3, minPhero 0.01(232), stagnancy 29.3%
[35m[MSG][0m itr   753, best 5569.3047, time 1092.7, minPhero 0.01(232), stagnancy 29.7%
[35m[MSG][0m itr   754, best 5569.3047, time 1094.2, minPhero 0.01(232), stagnancy 30.0%
[35m[MSG][0m itr   755, best 5569.3047, time 1095.6, minPhero 0.01(232), stagnancy 30.3%
[35m[MSG][0m itr   756, best 5569.3047, time 1097.1, minPhero 0.01(232), stagnancy 30.7%
[35m[MSG][0m itr   757, best 5569.3047, time 1098.6, minPhero 0.01(232), stagnancy 31.0%
[35m[MSG][0m itr   758, best 5569.3047, time 1100.0, minPhero 0.01(232), stagnancy 31.3%
[35m[MSG][0m itr   759, best 5569.3047, time 1101.5, minPhero 0.01(232), stagnancy 31.7%
[35m[MSG][0m itr   760, best 5569.3047, time 1102.9, minPhero 0.01(232), stagnancy 32.0%
[35m[MSG][0m itr   761, best 5569.3047, time 1104.3, minPhero 0.01(232), stagnancy 32.3%
[35m[MSG][0m itr   762, best 5569.3047, time 1105.8, minPhero 0.01(232), stagnancy 32.7%
[35m[MSG][0m itr   763, best 5569.3047, time 1107.2, minPhero 0.01(232), stagnancy 33.0%
[35m[MSG][0m itr   764, best 5569.3047, time 1108.7, minPhero 0.01(232), stagnancy 33.3%
[35m[MSG][0m itr   765, best 5569.3047, time 1110.1, minPhero 0.01(232), stagnancy 33.7%
[35m[MSG][0m itr   766, best 5569.3047, time 1111.6, minPhero 0.01(232), stagnancy 34.0%
[35m[MSG][0m itr   767, best 5569.3047, time 1113.0, minPhero 0.01(232), stagnancy 34.3%
[35m[MSG][0m itr   768, best 5569.3047, time 1114.5, minPhero 0.01(232), stagnancy 34.7%
[35m[MSG][0m itr   769, best 5569.3047, time 1115.9, minPhero 0.01(232), stagnancy 35.0%
[35m[MSG][0m itr   770, best 5569.3047, time 1117.4, minPhero 0.01(232), stagnancy 35.3%
[35m[MSG][0m itr   771, best 5569.3047, time 1118.8, minPhero 0.01(232), stagnancy 35.7%
[35m[MSG][0m itr   772, best 5569.3047, time 1120.3, minPhero 0.01(232), stagnancy 36.0%
[35m[MSG][0m itr   773, best 5569.3047, time 1121.7, minPhero 0.01(232), stagnancy 36.3%
[35m[MSG][0m itr   774, best 5569.3047, time 1123.2, minPhero 0.01(232), stagnancy 36.7%
[35m[MSG][0m itr   775, best 5569.3047, time 1124.6, minPhero 0.01(232), stagnancy 37.0%
[35m[MSG][0m itr   776, best 5569.3047, time 1126.1, minPhero 0.01(232), stagnancy 37.3%
[35m[MSG][0m itr   777, best 5569.3047, time 1127.5, minPhero 0.01(232), stagnancy 37.7%
[35m[MSG][0m itr   778, best 5569.3047, time 1128.8, minPhero 0.01(232), stagnancy 38.0%
[35m[MSG][0m itr   779, best 5569.3047, time 1130.3, minPhero 0.01(232), stagnancy 38.3%
[35m[MSG][0m itr   780, best 5569.3047, time 1131.8, minPhero 0.01(232), stagnancy 38.7%
[35m[MSG][0m itr   781, best 5569.3047, time 1133.2, minPhero 0.01(232), stagnancy 39.0%
[35m[MSG][0m itr   782, best 5569.3047, time 1134.6, minPhero 0.01(232), stagnancy 39.3%
[35m[MSG][0m itr   783, best 5569.3047, time 1136.1, minPhero 0.01(232), stagnancy 39.7%
[35m[MSG][0m itr   784, best 5569.3047, time 1137.5, minPhero 0.01(232), stagnancy 40.0%
[35m[MSG][0m itr   785, best 5569.3047, time 1139.0, minPhero 0.01(232), stagnancy 40.3%
[35m[MSG][0m itr   786, best 5569.3047, time 1140.5, minPhero 0.01(232), stagnancy 40.7%
[35m[MSG][0m itr   787, best 5569.3047, time 1142.0, minPhero 0.01(232), stagnancy 41.0%
[35m[MSG][0m itr   788, best 5569.3047, time 1143.4, minPhero 0.01(232), stagnancy 41.3%
[35m[MSG][0m itr   789, best 5569.3047, time 1144.9, minPhero 0.01(232), stagnancy 41.7%
[35m[MSG][0m itr   790, best 5569.3047, time 1146.3, minPhero 0.01(232), stagnancy 42.0%
[35m[MSG][0m itr   791, best 5569.3047, time 1147.8, minPhero 0.01(232), stagnancy 42.3%
[35m[MSG][0m itr   792, best 5569.3047, time 1149.3, minPhero 0.01(232), stagnancy 42.7%
[35m[MSG][0m itr   793, best 5569.3047, time 1150.7, minPhero 0.01(232), stagnancy 43.0%
[35m[MSG][0m itr   794, best 5569.3047, time 1152.2, minPhero 0.01(232), stagnancy 43.3%
[35m[MSG][0m itr   795, best 5569.3047, time 1153.6, minPhero 0.01(232), stagnancy 43.7%
[35m[MSG][0m itr   796, best 5569.3047, time 1155.1, minPhero 0.01(232), stagnancy 44.0%
[35m[MSG][0m itr   797, best 5569.3047, time 1156.6, minPhero 0.01(232), stagnancy 44.3%
[35m[MSG][0m itr   798, best 5569.3047, time 1158.0, minPhero 0.01(232), stagnancy 44.7%
[35m[MSG][0m itr   799, best 5569.3047, time 1159.5, minPhero 0.01(232), stagnancy 45.0%
[35m[MSG][0m itr   800, best 5569.3047, time 1160.9, minPhero 0.01(232), stagnancy 45.3%
[35m[MSG][0m itr   801, best 5569.3047, time 1162.2, minPhero 0.01(232), stagnancy 45.7%
[35m[MSG][0m itr   802, best 5569.3047, time 1163.6, minPhero 0.01(232), stagnancy 46.0%
[35m[MSG][0m itr   803, best 5569.3047, time 1165.1, minPhero 0.01(232), stagnancy 46.3%
[35m[MSG][0m itr   804, best 5569.3047, time 1166.5, minPhero 0.01(232), stagnancy 46.7%
[35m[MSG][0m itr   805, best 5569.3047, time 1168.0, minPhero 0.01(232), stagnancy 47.0%
[35m[MSG][0m itr   806, best 5569.3047, time 1169.4, minPhero 0.01(232), stagnancy 47.3%
[35m[MSG][0m itr   807, best 5569.3047, time 1170.8, minPhero 0.01(232), stagnancy 47.7%
[35m[MSG][0m itr   808, best 5569.3047, time 1172.3, minPhero 0.01(232), stagnancy 48.0%
[35m[MSG][0m itr   809, best 5569.3047, time 1173.8, minPhero 0.01(232), stagnancy 48.3%
[35m[MSG][0m itr   810, best 5569.3047, time 1175.2, minPhero 0.01(232), stagnancy 48.7%
[35m[MSG][0m itr   811, best 5569.3047, time 1176.6, minPhero 0.01(232), stagnancy 49.0%
[35m[MSG][0m itr   812, best 5569.3047, time 1178.1, minPhero 0.01(232), stagnancy 49.3%
[35m[MSG][0m itr   813, best 5569.3047, time 1179.5, minPhero 0.01(232), stagnancy 49.7%
[35m[MSG][0m itr   814, best 5569.3047, time 1180.9, minPhero 0.01(232), stagnancy 50.0%
[35m[MSG][0m itr   815, best 5569.3047, time 1182.4, minPhero 0.01(232), stagnancy 50.3%
[35m[MSG][0m itr   816, best 5569.3047, time 1183.8, minPhero 0.01(232), stagnancy 50.7%
[35m[MSG][0m itr   817, best 5569.3047, time 1185.3, minPhero 0.01(232), stagnancy 51.0%
[35m[MSG][0m itr   818, best 5569.3047, time 1186.7, minPhero 0.01(232), stagnancy 51.3%
[35m[MSG][0m itr   819, best 5569.3047, time 1188.2, minPhero 0.01(232), stagnancy 51.7%
[35m[MSG][0m itr   820, best 5569.3047, time 1189.7, minPhero 0.01(232), stagnancy 52.0%
[35m[MSG][0m itr   821, best 5569.3047, time 1191.1, minPhero 0.01(232), stagnancy 52.3%
[35m[MSG][0m itr   822, best 5569.3047, time 1192.6, minPhero 0.01(232), stagnancy 52.7%
[35m[MSG][0m itr   823, best 5569.3047, time 1194.0, minPhero 0.01(232), stagnancy 53.0%
[35m[MSG][0m itr   824, best 5569.3047, time 1195.5, minPhero 0.01(232), stagnancy 53.3%
[35m[MSG][0m itr   825, best 5569.3047, time 1197.0, minPhero 0.01(232), stagnancy 53.7%
[35m[MSG][0m itr   826, best 5569.3047, time 1198.4, minPhero 0.01(232), stagnancy 54.0%
[35m[MSG][0m itr   827, best 5569.3047, time 1199.8, minPhero 0.01(232), stagnancy 54.3%
[35m[MSG][0m itr   828, best 5569.3047, time 1201.3, minPhero 0.01(232), stagnancy 54.7%
[35m[MSG][0m itr   829, best 5569.3047, time 1202.8, minPhero 0.01(232), stagnancy 55.0%
[35m[MSG][0m itr   830, best 5569.3047, time 1204.2, minPhero 0.01(232), stagnancy 55.3%
[35m[MSG][0m itr   831, best 5569.3047, time 1205.6, minPhero 0.01(232), stagnancy 55.7%
[35m[MSG][0m itr   832, best 5569.3047, time 1207.1, minPhero 0.01(232), stagnancy 56.0%
[35m[MSG][0m itr   833, best 5569.3047, time 1208.5, minPhero 0.01(232), stagnancy 56.3%
[35m[MSG][0m itr   834, best 5569.3047, time 1210.0, minPhero 0.01(232), stagnancy 56.7%
[35m[MSG][0m itr   835, best 5569.3047, time 1211.5, minPhero 0.01(232), stagnancy 57.0%
[35m[MSG][0m itr   836, best 5569.3047, time 1212.9, minPhero 0.01(232), stagnancy 57.3%
[35m[MSG][0m itr   837, best 5569.3047, time 1214.3, minPhero 0.01(232), stagnancy 57.7%
[35m[MSG][0m itr   838, best 5569.3047, time 1215.8, minPhero 0.01(232), stagnancy 58.0%
[35m[MSG][0m itr   839, best 5569.3047, time 1217.2, minPhero 0.01(232), stagnancy 58.3%
[35m[MSG][0m itr   840, best 5569.3047, time 1218.7, minPhero 0.01(232), stagnancy 58.7%
[35m[MSG][0m itr   841, best 5569.3047, time 1220.1, minPhero 0.01(232), stagnancy 59.0%
[35m[MSG][0m itr   842, best 5569.3047, time 1221.6, minPhero 0.01(232), stagnancy 59.3%
[35m[MSG][0m itr   843, best 5569.3047, time 1223.0, minPhero 0.01(232), stagnancy 59.7%
[35m[MSG][0m itr   844, best 5569.3047, time 1224.5, minPhero 0.01(232), stagnancy 60.0%
[35m[MSG][0m itr   845, best 5569.3047, time 1225.9, minPhero 0.01(232), stagnancy 60.3%
[35m[MSG][0m itr   846, best 5569.3047, time 1227.3, minPhero 0.01(232), stagnancy 60.7%
[35m[MSG][0m itr   847, best 5569.3047, time 1228.8, minPhero 0.01(232), stagnancy 61.0%
[35m[MSG][0m itr   848, best 5569.3047, time 1230.2, minPhero 0.01(232), stagnancy 61.3%
[35m[MSG][0m itr   849, best 5569.3047, time 1231.7, minPhero 0.01(232), stagnancy 61.7%
[35m[MSG][0m itr   850, best 5569.3047, time 1233.1, minPhero 0.01(232), stagnancy 62.0%
[35m[MSG][0m itr   851, best 5569.3047, time 1234.6, minPhero 0.01(232), stagnancy 62.3%
[35m[MSG][0m itr   852, best 5569.3047, time 1236.0, minPhero 0.01(232), stagnancy 62.7%
[35m[MSG][0m itr   853, best 5569.3047, time 1237.5, minPhero 0.01(232), stagnancy 63.0%
[35m[MSG][0m itr   854, best 5569.3047, time 1238.9, minPhero 0.01(232), stagnancy 63.3%
[35m[MSG][0m itr   855, best 5569.3047, time 1240.4, minPhero 0.01(232), stagnancy 63.7%
[35m[MSG][0m itr   856, best 5569.3047, time 1241.9, minPhero 0.01(232), stagnancy 64.0%
[35m[MSG][0m itr   857, best 5569.3047, time 1243.3, minPhero 0.01(232), stagnancy 64.3%
[35m[MSG][0m itr   858, best 5569.3047, time 1244.8, minPhero 0.01(232), stagnancy 64.7%
[35m[MSG][0m itr   859, best 5569.3047, time 1246.2, minPhero 0.01(232), stagnancy 65.0%
[35m[MSG][0m itr   860, best 5569.3047, time 1247.7, minPhero 0.01(232), stagnancy 65.3%
[35m[MSG][0m itr   861, best 5569.3047, time 1249.1, minPhero 0.01(232), stagnancy 65.7%
[35m[MSG][0m itr   862, best 5569.3047, time 1250.5, minPhero 0.01(232), stagnancy 66.0%
[35m[MSG][0m itr   863, best 5569.3047, time 1252.0, minPhero 0.01(232), stagnancy 66.3%
[35m[MSG][0m itr   864, best 5569.3047, time 1253.4, minPhero 0.01(232), stagnancy 66.7%
[35m[MSG][0m itr   865, best 5569.3047, time 1254.9, minPhero 0.01(232), stagnancy 67.0%
[35m[MSG][0m itr   866, best 5569.3047, time 1256.4, minPhero 0.01(232), stagnancy 67.3%
[35m[MSG][0m itr   867, best 5569.3047, time 1257.8, minPhero 0.01(232), stagnancy 67.7%
[35m[MSG][0m itr   868, best 5569.3047, time 1259.3, minPhero 0.01(232), stagnancy 68.0%
[35m[MSG][0m itr   869, best 5569.3047, time 1260.7, minPhero 0.01(232), stagnancy 68.3%
[35m[MSG][0m itr   870, best 5569.3047, time 1262.2, minPhero 0.01(232), stagnancy 68.7%
[35m[MSG][0m itr   871, best 5569.3047, time 1263.6, minPhero 0.01(232), stagnancy 69.0%
[35m[MSG][0m itr   872, best 5569.3047, time 1265.0, minPhero 0.01(232), stagnancy 69.3%
[35m[MSG][0m itr   873, best 5569.3047, time 1266.5, minPhero 0.01(232), stagnancy 69.7%
[35m[MSG][0m itr   874, best 5569.3047, time 1267.9, minPhero 0.01(232), stagnancy 70.0%
[35m[MSG][0m itr   875, best 5569.3047, time 1269.4, minPhero 0.01(232), stagnancy 70.3%
[35m[MSG][0m itr   876, best 5569.3047, time 1270.8, minPhero 0.01(232), stagnancy 70.7%
[35m[MSG][0m itr   877, best 5569.3047, time 1272.2, minPhero 0.01(232), stagnancy 71.0%
[35m[MSG][0m itr   878, best 5569.3047, time 1273.7, minPhero 0.01(232), stagnancy 71.3%
[35m[MSG][0m itr   879, best 5569.3047, time 1275.1, minPhero 0.01(232), stagnancy 71.7%
[35m[MSG][0m itr   880, best 5569.3047, time 1276.6, minPhero 0.01(232), stagnancy 72.0%
[35m[MSG][0m itr   881, best 5569.3047, time 1278.0, minPhero 0.01(232), stagnancy 72.3%
[35m[MSG][0m itr   882, best 5569.3047, time 1279.5, minPhero 0.01(232), stagnancy 72.7%
[35m[MSG][0m itr   883, best 5569.3047, time 1280.8, minPhero 0.01(232), stagnancy 73.0%
[35m[MSG][0m itr   884, best 5569.3047, time 1282.3, minPhero 0.01(232), stagnancy 73.3%
[35m[MSG][0m itr   885, best 5569.3047, time 1283.7, minPhero 0.01(232), stagnancy 73.7%
[35m[MSG][0m itr   886, best 5569.3047, time 1285.2, minPhero 0.01(232), stagnancy 74.0%
[35m[MSG][0m itr   887, best 5569.3047, time 1286.6, minPhero 0.01(232), stagnancy 74.3%
[35m[MSG][0m itr   888, best 5569.3047, time 1288.1, minPhero 0.01(232), stagnancy 74.7%
[35m[MSG][0m itr   889, best 5569.3047, time 1289.5, minPhero 0.01(232), stagnancy 75.0%
[35m[MSG][0m itr   890, best 5569.3047, time 1291.0, minPhero 0.01(232), stagnancy 75.3%
[35m[MSG][0m itr   891, best 5569.3047, time 1292.5, minPhero 0.01(232), stagnancy 75.7%
[35m[MSG][0m itr   892, best 5569.3047, time 1294.0, minPhero 0.01(232), stagnancy 76.0%
[35m[MSG][0m itr   893, best 5569.3047, time 1295.3, minPhero 0.01(232), stagnancy 76.3%
[35m[MSG][0m itr   894, best 5569.3047, time 1296.8, minPhero 0.01(232), stagnancy 76.7%
[35m[MSG][0m itr   895, best 5569.3047, time 1298.2, minPhero 0.01(232), stagnancy 77.0%
[35m[MSG][0m itr   896, best 5569.3047, time 1299.7, minPhero 0.01(232), stagnancy 77.3%
[35m[MSG][0m itr   897, best 5569.3047, time 1301.1, minPhero 0.01(232), stagnancy 77.7%
[35m[MSG][0m itr   898, best 5569.3047, time 1302.6, minPhero 0.01(232), stagnancy 78.0%
[35m[MSG][0m itr   899, best 5569.3047, time 1304.0, minPhero 0.01(232), stagnancy 78.3%
[35m[MSG][0m itr   900, best 5569.3047, time 1305.5, minPhero 0.01(232), stagnancy 78.7%
[35m[MSG][0m itr   901, best 5569.3047, time 1306.9, minPhero 0.01(232), stagnancy 79.0%
[35m[MSG][0m itr   902, best 5569.3047, time 1308.4, minPhero 0.01(232), stagnancy 79.3%
[35m[MSG][0m itr   903, best 5569.3047, time 1309.8, minPhero 0.01(232), stagnancy 79.7%
[35m[MSG][0m itr   904, best 5569.3047, time 1311.3, minPhero 0.01(232), stagnancy 80.0%
[35m[MSG][0m itr   905, best 5569.3047, time 1312.7, minPhero 0.01(232), stagnancy 80.3%
[35m[MSG][0m itr   906, best 5569.3047, time 1314.2, minPhero 0.01(232), stagnancy 80.7%
[35m[MSG][0m itr   907, best 5569.3047, time 1315.7, minPhero 0.01(232), stagnancy 81.0%
[35m[MSG][0m itr   908, best 5569.3047, time 1317.1, minPhero 0.01(232), stagnancy 81.3%
[35m[MSG][0m itr   909, best 5569.3047, time 1318.6, minPhero 0.01(232), stagnancy 81.7%
[35m[MSG][0m itr   910, best 5569.3047, time 1320.0, minPhero 0.01(232), stagnancy 82.0%
[35m[MSG][0m itr   911, best 5569.3047, time 1321.5, minPhero 0.01(232), stagnancy 82.3%
[35m[MSG][0m itr   912, best 5569.3047, time 1322.9, minPhero 0.01(232), stagnancy 82.7%
[35m[MSG][0m itr   913, best 5569.3047, time 1324.3, minPhero 0.01(232), stagnancy 83.0%
[35m[MSG][0m itr   914, best 5569.3047, time 1325.8, minPhero 0.01(232), stagnancy 83.3%
[35m[MSG][0m itr   915, best 5569.3047, time 1327.2, minPhero 0.01(232), stagnancy 83.7%
[35m[MSG][0m itr   916, best 5569.3047, time 1328.7, minPhero 0.01(232), stagnancy 84.0%
[35m[MSG][0m itr   917, best 5569.3047, time 1330.1, minPhero 0.01(232), stagnancy 84.3%
[35m[MSG][0m itr   918, best 5569.3047, time 1331.5, minPhero 0.01(232), stagnancy 84.7%
[35m[MSG][0m itr   919, best 5569.3047, time 1333.0, minPhero 0.01(232), stagnancy 85.0%
[35m[MSG][0m itr   920, best 5569.3047, time 1334.4, minPhero 0.01(232), stagnancy 85.3%
[35m[MSG][0m itr   921, best 5569.3047, time 1335.9, minPhero 0.01(232), stagnancy 85.7%
[35m[MSG][0m itr   922, best 5569.3047, time 1337.3, minPhero 0.01(232), stagnancy 86.0%
[35m[MSG][0m itr   923, best 5569.3047, time 1338.8, minPhero 0.01(232), stagnancy 86.3%
[35m[MSG][0m itr   924, best 5569.3047, time 1340.2, minPhero 0.01(232), stagnancy 86.7%
[35m[MSG][0m itr   925, best 5569.3047, time 1341.7, minPhero 0.01(232), stagnancy 87.0%
[35m[MSG][0m itr   926, best 5569.3047, time 1343.1, minPhero 0.01(232), stagnancy 87.3%
[35m[MSG][0m itr   927, best 5569.3047, time 1344.6, minPhero 0.01(232), stagnancy 87.7%
[35m[MSG][0m itr   928, best 5569.3047, time 1346.0, minPhero 0.01(232), stagnancy 88.0%
[35m[MSG][0m itr   929, best 5569.3047, time 1347.5, minPhero 0.01(232), stagnancy 88.3%
[35m[MSG][0m itr   930, best 5569.3047, time 1349.0, minPhero 0.01(232), stagnancy 88.7%
[35m[MSG][0m itr   931, best 5569.3047, time 1350.4, minPhero 0.01(232), stagnancy 89.0%
[35m[MSG][0m itr   932, best 5569.3047, time 1351.8, minPhero 0.01(232), stagnancy 89.3%
[35m[MSG][0m itr   933, best 5569.3047, time 1353.3, minPhero 0.01(232), stagnancy 89.7%
[35m[MSG][0m itr   934, best 5569.3047, time 1354.7, minPhero 0.01(232), stagnancy 90.0%
[35m[MSG][0m itr   935, best 5569.3047, time 1356.2, minPhero 0.01(232), stagnancy 90.3%
[35m[MSG][0m itr   936, best 5569.3047, time 1357.6, minPhero 0.01(232), stagnancy 90.7%
[35m[MSG][0m itr   937, best 5569.3047, time 1359.1, minPhero 0.01(232), stagnancy 91.0%
[35m[MSG][0m itr   938, best 5569.3047, time 1360.5, minPhero 0.01(232), stagnancy 91.3%
[35m[MSG][0m itr   939, best 5569.3047, time 1362.0, minPhero 0.01(232), stagnancy 91.7%
[35m[MSG][0m itr   940, best 5569.3047, time 1363.4, minPhero 0.01(232), stagnancy 92.0%
[35m[MSG][0m itr   941, best 5569.3047, time 1364.9, minPhero 0.01(232), stagnancy 92.3%
[35m[MSG][0m itr   942, best 5569.3047, time 1366.6, minPhero 0.01(232), stagnancy 92.7%
[35m[MSG][0m itr   943, best 5569.3047, time 1368.2, minPhero 0.01(232), stagnancy 93.0%
[35m[MSG][0m itr   944, best 5569.3047, time 1369.7, minPhero 0.01(232), stagnancy 93.3%
[35m[MSG][0m itr   945, best 5569.3047, time 1371.2, minPhero 0.01(232), stagnancy 93.7%
[35m[MSG][0m itr   946, best 5569.3047, time 1373.0, minPhero 0.01(232), stagnancy 94.0%
[35m[MSG][0m itr   947, best 5569.3047, time 1374.6, minPhero 0.01(232), stagnancy 94.3%
[35m[MSG][0m itr   948, best 5569.3047, time 1376.1, minPhero 0.01(232), stagnancy 94.7%
[35m[MSG][0m itr   949, best 5569.3047, time 1377.6, minPhero 0.01(232), stagnancy 95.0%
[35m[MSG][0m itr   950, best 5569.3047, time 1379.5, minPhero 0.01(232), stagnancy 95.3%
[35m[MSG][0m itr   951, best 5569.3047, time 1381.1, minPhero 0.01(232), stagnancy 95.7%
[35m[MSG][0m itr   952, best 5569.3047, time 1382.8, minPhero 0.01(232), stagnancy 96.0%
[35m[MSG][0m itr   953, best 5569.3047, time 1384.4, minPhero 0.01(232), stagnancy 96.3%
[35m[MSG][0m itr   954, best 5569.3047, time 1385.9, minPhero 0.01(232), stagnancy 96.7%
[35m[MSG][0m itr   955, best 5569.3047, time 1387.4, minPhero 0.01(232), stagnancy 97.0%
[35m[MSG][0m itr   956, best 5569.3047, time 1389.0, minPhero 0.01(232), stagnancy 97.3%
[35m[MSG][0m itr   957, best 5569.3047, time 1390.5, minPhero 0.01(232), stagnancy 97.7%
[35m[MSG][0m itr   958, best 5569.3047, time 1392.0, minPhero 0.01(232), stagnancy 98.0%
[35m[MSG][0m itr   959, best 5569.3047, time 1393.6, minPhero 0.01(232), stagnancy 98.3%
[35m[MSG][0m itr   960, best 5569.3047, time 1395.1, minPhero 0.01(232), stagnancy 98.7%
[35m[MSG][0m itr   961, best 5569.3047, time 1396.6, minPhero 0.01(232), stagnancy 99.0%
[35m[MSG][0m itr   962, best 5569.3047, time 1398.2, minPhero 0.01(232), stagnancy 99.3%
[35m[MSG][0m itr   963, best 5569.3047, time 1399.7, minPhero 0.01(232), stagnancy 99.7%
[35m[MSG][0m itr   964, best 5569.3047, time 1401.2, minPhero 0.01(232), stagnancy 100.0%
[35m[MSG][0m Solution converged. Reinitialising pheromones...
[35m[MSG][0m Time: 1401.22 s
[35m[MSG][0m Best cost: 5569.30
