[35m[MSG][0m Log level set to LOG_DEBUG
[35m[MSG][0m Parsing input from file "res/fruitybun250_2016.vrp"
[35m[MSG][0m Number of nodes: 250
[35m[MSG][0m Running ACO search
[35m[MSG][0m ACO settings: 
 alpha:     8.000
 beta:      1.000
 pers:      0.850
 minPhero:  0.015
 nbhood:    10
 popSize:   512
 maxStag:   300
[35m[MSG][0m itr     1, best 5775.8623, time    1.3, minPhero 0.85(28922), stagnancy 0.0%
[35m[MSG][0m itr     2, best 5751.1187, time    2.7, minPhero 0.72(28922), stagnancy 0.0%
[35m[MSG][0m itr     3, best 5743.5098, time    4.2, minPhero 0.61(28922), stagnancy 0.0%
[35m[MSG][0m itr     4, best 5733.6240, time    5.6, minPhero 0.52(28922), stagnancy 0.0%
[35m[MSG][0m itr     5, best 5733.6240, time    7.0, minPhero 0.44(28922), stagnancy 0.3%
[35m[MSG][0m itr     6, best 5726.9814, time    8.5, minPhero 0.38(28922), stagnancy 0.0%
[35m[MSG][0m itr     7, best 5726.9814, time    9.9, minPhero 0.32(28922), stagnancy 0.3%
[35m[MSG][0m itr     8, best 5726.9814, time   11.4, minPhero 0.27(28922), stagnancy 0.7%
[35m[MSG][0m itr     9, best 5708.7734, time   12.8, minPhero 0.23(28922), stagnancy 0.0%
[35m[MSG][0m itr    10, best 5694.1924, time   14.3, minPhero 0.20(28922), stagnancy 0.0%
[35m[MSG][0m itr    11, best 5694.1924, time   15.7, minPhero 0.17(28922), stagnancy 0.3%
[35m[MSG][0m itr    12, best 5694.1924, time   17.2, minPhero 0.14(28922), stagnancy 0.7%
[35m[MSG][0m itr    13, best 5692.3232, time   18.7, minPhero 0.12(28922), stagnancy 0.0%
[35m[MSG][0m itr    14, best 5681.7451, time   20.1, minPhero 0.10(28922), stagnancy 0.0%
[35m[MSG][0m itr    15, best 5681.7451, time   21.6, minPhero 0.09(28922), stagnancy 0.3%
[35m[MSG][0m itr    16, best 5681.7451, time   23.1, minPhero 0.07(28922), stagnancy 0.7%
[35m[MSG][0m itr    17, best 5681.7451, time   24.5, minPhero 0.06(28922), stagnancy 1.0%
[35m[MSG][0m itr    18, best 5672.7715, time   26.0, minPhero 0.05(28922), stagnancy 0.0%
[35m[MSG][0m itr    19, best 5670.1670, time   27.5, minPhero 0.05(28922), stagnancy 0.0%
[35m[MSG][0m itr    20, best 5663.8169, time   29.0, minPhero 0.04(28922), stagnancy 0.0%
[35m[MSG][0m itr    21, best 5663.8169, time   30.4, minPhero 0.03(28922), stagnancy 0.3%
[35m[MSG][0m itr    22, best 5663.8169, time   31.9, minPhero 0.03(28922), stagnancy 0.7%
[35m[MSG][0m itr    23, best 5663.8169, time   33.4, minPhero 0.02(655), stagnancy 1.0%
[35m[MSG][0m itr    24, best 5663.8169, time   34.9, minPhero 0.02(585), stagnancy 1.3%
[35m[MSG][0m itr    25, best 5656.9443, time   36.3, minPhero 0.02(550), stagnancy 0.0%
[35m[MSG][0m itr    26, best 5651.1704, time   37.8, minPhero 0.01(507), stagnancy 0.0%
[35m[MSG][0m itr    27, best 5645.7939, time   39.3, minPhero 0.01(503), stagnancy 0.0%
[35m[MSG][0m itr    28, best 5645.7939, time   40.7, minPhero 0.01(478), stagnancy 0.3%
[35m[MSG][0m itr    29, best 5633.3428, time   42.2, minPhero 0.01(446), stagnancy 0.0%
[35m[MSG][0m itr    30, best 5633.3428, time   43.6, minPhero 0.01(425), stagnancy 0.3%
[35m[MSG][0m itr    31, best 5633.3428, time   45.1, minPhero 0.01(391), stagnancy 0.7%
[35m[MSG][0m itr    32, best 5633.3428, time   46.5, minPhero 0.01(368), stagnancy 1.0%
[35m[MSG][0m itr    33, best 5633.3428, time   48.0, minPhero 0.01(353), stagnancy 1.3%
[35m[MSG][0m itr    34, best 5633.3428, time   49.5, minPhero 0.01(344), stagnancy 1.7%
[35m[MSG][0m itr    35, best 5633.3428, time   50.7, minPhero 0.01(331), stagnancy 2.0%
[35m[MSG][0m itr    36, best 5631.5757, time   52.0, minPhero 0.01(316), stagnancy 0.0%
[35m[MSG][0m itr    37, best 5631.5757, time   53.4, minPhero 0.01(297), stagnancy 0.3%
[35m[MSG][0m itr    38, best 5628.1997, time   54.8, minPhero 0.01(290), stagnancy 0.0%
[35m[MSG][0m itr    39, best 5627.9551, time   56.3, minPhero 0.01(282), stagnancy 0.0%
[35m[MSG][0m itr    40, best 5627.9551, time   57.7, minPhero 0.01(278), stagnancy 0.3%
[35m[MSG][0m itr    41, best 5627.6938, time   59.1, minPhero 0.01(276), stagnancy 0.0%
[35m[MSG][0m itr    42, best 5625.0693, time   60.5, minPhero 0.01(277), stagnancy 0.0%
[35m[MSG][0m itr    43, best 5624.3735, time   61.8, minPhero 0.01(276), stagnancy 0.0%
[35m[MSG][0m itr    44, best 5624.3735, time   63.3, minPhero 0.01(268), stagnancy 0.3%
[35m[MSG][0m itr    45, best 5622.5894, time   64.7, minPhero 0.01(263), stagnancy 0.0%
[35m[MSG][0m itr    46, best 5622.5894, time   66.1, minPhero 0.01(260), stagnancy 0.3%
[35m[MSG][0m itr    47, best 5622.5894, time   67.5, minPhero 0.01(257), stagnancy 0.7%
[35m[MSG][0m itr    48, best 5622.5259, time   68.9, minPhero 0.01(259), stagnancy 0.0%
[35m[MSG][0m itr    49, best 5622.2173, time   70.3, minPhero 0.01(260), stagnancy 0.0%
[35m[MSG][0m itr    50, best 5622.2173, time   71.7, minPhero 0.01(253), stagnancy 0.3%
[35m[MSG][0m itr    51, best 5620.2856, time   73.0, minPhero 0.01(253), stagnancy 0.0%
[35m[MSG][0m itr    52, best 5619.6938, time   74.3, minPhero 0.01(256), stagnancy 0.0%
[35m[MSG][0m itr    53, best 5619.4331, time   75.7, minPhero 0.01(262), stagnancy 0.0%
[35m[MSG][0m itr    54, best 5618.6313, time   77.2, minPhero 0.01(263), stagnancy 0.0%
[35m[MSG][0m itr    55, best 5617.0874, time   78.6, minPhero 0.01(263), stagnancy 0.0%
[35m[MSG][0m itr    56, best 5617.0874, time   80.0, minPhero 0.01(263), stagnancy 0.3%
[35m[MSG][0m itr    57, best 5617.0874, time   81.5, minPhero 0.01(263), stagnancy 0.7%
[35m[MSG][0m itr    58, best 5614.1509, time   82.9, minPhero 0.01(263), stagnancy 0.0%
[35m[MSG][0m itr    59, best 5613.9995, time   84.4, minPhero 0.01(262), stagnancy 0.0%
[35m[MSG][0m itr    60, best 5613.9990, time   85.8, minPhero 0.01(260), stagnancy 0.0%
[35m[MSG][0m itr    61, best 5613.9990, time   87.3, minPhero 0.01(260), stagnancy 0.3%
[35m[MSG][0m itr    62, best 5613.9990, time   88.7, minPhero 0.01(258), stagnancy 0.7%
[35m[MSG][0m itr    63, best 5613.9990, time   90.1, minPhero 0.01(258), stagnancy 1.0%
[35m[MSG][0m itr    64, best 5613.9990, time   91.6, minPhero 0.01(256), stagnancy 1.3%
[35m[MSG][0m itr    65, best 5611.4912, time   93.0, minPhero 0.01(260), stagnancy 0.0%
[35m[MSG][0m itr    66, best 5611.1631, time   94.5, minPhero 0.01(257), stagnancy 0.0%
[35m[MSG][0m itr    67, best 5611.1631, time   95.9, minPhero 0.01(256), stagnancy 0.3%
[35m[MSG][0m itr    68, best 5611.1631, time   97.3, minPhero 0.01(255), stagnancy 0.7%
[35m[MSG][0m itr    69, best 5610.9409, time   98.8, minPhero 0.01(258), stagnancy 0.0%
[35m[MSG][0m itr    70, best 5610.4614, time  100.1, minPhero 0.01(256), stagnancy 0.0%
[35m[MSG][0m itr    71, best 5610.4614, time  101.4, minPhero 0.01(253), stagnancy 0.3%
[35m[MSG][0m itr    72, best 5610.4614, time  102.7, minPhero 0.01(252), stagnancy 0.7%
[35m[MSG][0m itr    73, best 5610.4614, time  104.2, minPhero 0.01(251), stagnancy 1.0%
[35m[MSG][0m itr    74, best 5610.4614, time  105.7, minPhero 0.01(250), stagnancy 1.3%
[35m[MSG][0m itr    75, best 5610.4614, time  107.1, minPhero 0.01(248), stagnancy 1.7%
[35m[MSG][0m itr    76, best 5610.4614, time  108.6, minPhero 0.01(246), stagnancy 2.0%
[35m[MSG][0m itr    77, best 5610.4614, time  110.0, minPhero 0.01(246), stagnancy 2.3%
[35m[MSG][0m itr    78, best 5610.4595, time  111.5, minPhero 0.01(247), stagnancy 0.0%
[35m[MSG][0m itr    79, best 5609.5464, time  112.9, minPhero 0.01(251), stagnancy 0.0%
[35m[MSG][0m itr    80, best 5609.5464, time  114.4, minPhero 0.01(250), stagnancy 0.3%
[35m[MSG][0m itr    81, best 5609.5464, time  115.8, minPhero 0.01(250), stagnancy 0.7%
[35m[MSG][0m itr    82, best 5609.5464, time  117.3, minPhero 0.01(250), stagnancy 1.0%
[35m[MSG][0m itr    83, best 5609.5464, time  118.7, minPhero 0.01(250), stagnancy 1.3%
[35m[MSG][0m itr    84, best 5609.5464, time  120.2, minPhero 0.01(249), stagnancy 1.7%
[35m[MSG][0m itr    85, best 5609.5464, time  121.6, minPhero 0.01(248), stagnancy 2.0%
[35m[MSG][0m itr    86, best 5609.4731, time  123.0, minPhero 0.01(250), stagnancy 0.0%
[35m[MSG][0m itr    87, best 5609.4731, time  124.5, minPhero 0.01(246), stagnancy 0.3%
[35m[MSG][0m itr    88, best 5609.4731, time  125.9, minPhero 0.01(246), stagnancy 0.7%
[35m[MSG][0m itr    89, best 5609.4731, time  127.4, minPhero 0.01(246), stagnancy 1.0%
[35m[MSG][0m itr    90, best 5609.4731, time  128.8, minPhero 0.01(245), stagnancy 1.3%
[35m[MSG][0m itr    91, best 5609.4731, time  130.1, minPhero 0.01(239), stagnancy 1.7%
[35m[MSG][0m itr    92, best 5609.4731, time  131.6, minPhero 0.01(239), stagnancy 2.0%
[35m[MSG][0m itr    93, best 5609.4731, time  133.0, minPhero 0.01(239), stagnancy 2.3%
[35m[MSG][0m itr    94, best 5609.4727, time  134.4, minPhero 0.01(239), stagnancy 0.0%
[35m[MSG][0m itr    95, best 5609.4727, time  135.8, minPhero 0.01(239), stagnancy 0.3%
[35m[MSG][0m itr    96, best 5609.4727, time  137.3, minPhero 0.01(239), stagnancy 0.7%
[35m[MSG][0m itr    97, best 5608.5571, time  138.7, minPhero 0.01(241), stagnancy 0.0%
[35m[MSG][0m itr    98, best 5608.5571, time  140.2, minPhero 0.01(241), stagnancy 0.3%
[35m[MSG][0m itr    99, best 5608.5571, time  141.6, minPhero 0.01(241), stagnancy 0.7%
[35m[MSG][0m itr   100, best 5608.5571, time  143.1, minPhero 0.01(241), stagnancy 1.0%
[35m[MSG][0m itr   101, best 5608.5571, time  144.5, minPhero 0.01(237), stagnancy 1.3%
[35m[MSG][0m itr   102, best 5608.5571, time  145.9, minPhero 0.01(237), stagnancy 1.7%
[35m[MSG][0m itr   103, best 5608.5571, time  147.3, minPhero 0.01(237), stagnancy 2.0%
[35m[MSG][0m itr   104, best 5608.5571, time  148.8, minPhero 0.01(237), stagnancy 2.3%
[35m[MSG][0m itr   105, best 5608.5571, time  150.1, minPhero 0.01(237), stagnancy 2.7%
[35m[MSG][0m itr   106, best 5608.5571, time  151.4, minPhero 0.01(234), stagnancy 3.0%
[35m[MSG][0m itr   107, best 5608.5571, time  152.9, minPhero 0.01(234), stagnancy 3.3%
[35m[MSG][0m itr   108, best 5608.5571, time  154.3, minPhero 0.01(234), stagnancy 3.7%
[35m[MSG][0m itr   109, best 5608.5571, time  155.7, minPhero 0.01(234), stagnancy 4.0%
[35m[MSG][0m itr   110, best 5608.5571, time  157.1, minPhero 0.01(234), stagnancy 4.3%
[35m[MSG][0m itr   111, best 5608.5571, time  158.6, minPhero 0.01(234), stagnancy 4.7%
[35m[MSG][0m itr   112, best 5608.5571, time  160.0, minPhero 0.01(234), stagnancy 5.0%
[35m[MSG][0m itr   113, best 5608.5571, time  161.5, minPhero 0.01(234), stagnancy 5.3%
[35m[MSG][0m itr   114, best 5608.5571, time  162.9, minPhero 0.01(234), stagnancy 5.7%
[35m[MSG][0m itr   115, best 5608.5571, time  164.3, minPhero 0.01(234), stagnancy 6.0%
[35m[MSG][0m itr   116, best 5608.5566, time  165.8, minPhero 0.01(234), stagnancy 0.0%
[35m[MSG][0m itr   117, best 5607.8096, time  167.2, minPhero 0.01(245), stagnancy 0.0%
[35m[MSG][0m itr   118, best 5607.8096, time  168.6, minPhero 0.01(245), stagnancy 0.3%
[35m[MSG][0m itr   119, best 5602.7334, time  170.0, minPhero 0.01(245), stagnancy 0.0%
[35m[MSG][0m itr   120, best 5602.7334, time  171.5, minPhero 0.01(245), stagnancy 0.3%
[35m[MSG][0m itr   121, best 5602.7334, time  172.9, minPhero 0.01(245), stagnancy 0.7%
[35m[MSG][0m itr   122, best 5602.7324, time  174.4, minPhero 0.01(245), stagnancy 0.0%
[35m[MSG][0m itr   123, best 5602.7324, time  175.8, minPhero 0.01(245), stagnancy 0.3%
[35m[MSG][0m itr   124, best 5602.7324, time  177.3, minPhero 0.01(245), stagnancy 0.7%
[35m[MSG][0m itr   125, best 5602.7324, time  178.8, minPhero 0.01(245), stagnancy 1.0%
[35m[MSG][0m itr   126, best 5602.7324, time  180.2, minPhero 0.01(245), stagnancy 1.3%
[35m[MSG][0m itr   127, best 5602.5728, time  181.7, minPhero 0.01(246), stagnancy 0.0%
[35m[MSG][0m itr   128, best 5602.5728, time  183.2, minPhero 0.01(246), stagnancy 0.3%
[35m[MSG][0m itr   129, best 5602.5728, time  184.6, minPhero 0.01(246), stagnancy 0.7%
[35m[MSG][0m itr   130, best 5602.5728, time  186.1, minPhero 0.01(246), stagnancy 1.0%
[35m[MSG][0m itr   131, best 5602.5728, time  187.5, minPhero 0.01(246), stagnancy 1.3%
[35m[MSG][0m itr   132, best 5602.5728, time  189.0, minPhero 0.01(246), stagnancy 1.7%
[35m[MSG][0m itr   133, best 5602.5728, time  190.4, minPhero 0.01(246), stagnancy 2.0%
[35m[MSG][0m itr   134, best 5602.5728, time  191.9, minPhero 0.01(243), stagnancy 2.3%
[35m[MSG][0m itr   135, best 5602.5728, time  193.3, minPhero 0.01(243), stagnancy 2.7%
[35m[MSG][0m itr   136, best 5602.5728, time  194.6, minPhero 0.01(243), stagnancy 3.0%
[35m[MSG][0m itr   137, best 5602.5728, time  196.0, minPhero 0.01(243), stagnancy 3.3%
[35m[MSG][0m itr   138, best 5602.5728, time  197.5, minPhero 0.01(243), stagnancy 3.7%
[35m[MSG][0m itr   139, best 5602.5728, time  198.9, minPhero 0.01(233), stagnancy 4.0%
[35m[MSG][0m itr   140, best 5602.5728, time  200.4, minPhero 0.01(233), stagnancy 4.3%
[35m[MSG][0m itr   141, best 5602.5728, time  201.8, minPhero 0.01(233), stagnancy 4.7%
[35m[MSG][0m itr   142, best 5602.5728, time  203.3, minPhero 0.01(233), stagnancy 5.0%
[35m[MSG][0m itr   143, best 5602.5723, time  204.7, minPhero 0.01(233), stagnancy 0.0%
[35m[MSG][0m itr   144, best 5602.5723, time  206.2, minPhero 0.01(233), stagnancy 0.3%
[35m[MSG][0m itr   145, best 5602.5723, time  207.6, minPhero 0.01(233), stagnancy 0.7%
[35m[MSG][0m itr   146, best 5602.5723, time  209.1, minPhero 0.01(233), stagnancy 1.0%
[35m[MSG][0m itr   147, best 5602.5723, time  210.5, minPhero 0.01(232), stagnancy 1.3%
[35m[MSG][0m itr   148, best 5602.5723, time  212.0, minPhero 0.01(232), stagnancy 1.7%
[35m[MSG][0m itr   149, best 5602.5723, time  213.4, minPhero 0.01(232), stagnancy 2.0%
[35m[MSG][0m itr   150, best 5602.5723, time  214.9, minPhero 0.01(232), stagnancy 2.3%
[35m[MSG][0m itr   151, best 5602.5723, time  216.3, minPhero 0.01(232), stagnancy 2.7%
[35m[MSG][0m itr   152, best 5602.5723, time  217.8, minPhero 0.01(232), stagnancy 3.0%
[35m[MSG][0m itr   153, best 5602.5723, time  219.2, minPhero 0.01(232), stagnancy 3.3%
[35m[MSG][0m itr   154, best 5602.5723, time  220.7, minPhero 0.01(232), stagnancy 3.7%
[35m[MSG][0m itr   155, best 5602.5723, time  222.1, minPhero 0.01(232), stagnancy 4.0%
[35m[MSG][0m itr   156, best 5602.5723, time  223.5, minPhero 0.01(232), stagnancy 4.3%
[35m[MSG][0m itr   157, best 5602.5723, time  225.0, minPhero 0.01(232), stagnancy 4.7%
[35m[MSG][0m itr   158, best 5602.5723, time  226.4, minPhero 0.01(232), stagnancy 5.0%
[35m[MSG][0m itr   159, best 5602.5723, time  227.8, minPhero 0.01(232), stagnancy 5.3%
[35m[MSG][0m itr   160, best 5602.5723, time  229.3, minPhero 0.01(232), stagnancy 5.7%
[35m[MSG][0m itr   161, best 5602.5723, time  230.7, minPhero 0.01(232), stagnancy 6.0%
[35m[MSG][0m itr   162, best 5602.5723, time  232.2, minPhero 0.01(232), stagnancy 6.3%
[35m[MSG][0m itr   163, best 5602.5723, time  233.6, minPhero 0.01(232), stagnancy 6.7%
[35m[MSG][0m itr   164, best 5602.5723, time  235.0, minPhero 0.01(232), stagnancy 7.0%
[35m[MSG][0m itr   165, best 5602.5723, time  236.5, minPhero 0.01(232), stagnancy 7.3%
[35m[MSG][0m itr   166, best 5602.5723, time  237.9, minPhero 0.01(232), stagnancy 7.7%
[35m[MSG][0m itr   167, best 5602.5723, time  239.4, minPhero 0.01(232), stagnancy 8.0%
[35m[MSG][0m itr   168, best 5602.5723, time  240.7, minPhero 0.01(232), stagnancy 8.3%
[35m[MSG][0m itr   169, best 5602.5723, time  242.0, minPhero 0.01(232), stagnancy 8.7%
[35m[MSG][0m itr   170, best 5602.5723, time  243.5, minPhero 0.01(232), stagnancy 9.0%
[35m[MSG][0m itr   171, best 5602.5723, time  244.9, minPhero 0.01(232), stagnancy 9.3%
[35m[MSG][0m itr   172, best 5602.5723, time  246.4, minPhero 0.01(232), stagnancy 9.7%
[35m[MSG][0m itr   173, best 5602.5723, time  247.8, minPhero 0.01(232), stagnancy 10.0%
[35m[MSG][0m itr   174, best 5602.5723, time  249.2, minPhero 0.01(232), stagnancy 10.3%
[35m[MSG][0m itr   175, best 5602.5723, time  250.7, minPhero 0.01(232), stagnancy 10.7%
[35m[MSG][0m itr   176, best 5599.3706, time  252.1, minPhero 0.01(252), stagnancy 0.0%
[35m[MSG][0m itr   177, best 5599.3706, time  253.6, minPhero 0.01(252), stagnancy 0.3%
[35m[MSG][0m itr   178, best 5599.3706, time  255.0, minPhero 0.01(252), stagnancy 0.7%
[35m[MSG][0m itr   179, best 5594.5132, time  256.5, minPhero 0.01(254), stagnancy 0.0%
[35m[MSG][0m itr   180, best 5594.5132, time  257.9, minPhero 0.01(254), stagnancy 0.3%
[35m[MSG][0m itr   181, best 5594.5132, time  259.4, minPhero 0.01(254), stagnancy 0.7%
[35m[MSG][0m itr   182, best 5594.5132, time  260.8, minPhero 0.01(254), stagnancy 1.0%
[35m[MSG][0m itr   183, best 5594.5132, time  262.2, minPhero 0.01(254), stagnancy 1.3%
[35m[MSG][0m itr   184, best 5594.5127, time  263.7, minPhero 0.01(254), stagnancy 0.0%
[35m[MSG][0m itr   185, best 5594.5127, time  265.1, minPhero 0.01(254), stagnancy 0.3%
[35m[MSG][0m itr   186, best 5594.5127, time  266.6, minPhero 0.01(254), stagnancy 0.7%
[35m[MSG][0m itr   187, best 5594.5127, time  268.0, minPhero 0.01(254), stagnancy 1.0%
[35m[MSG][0m itr   188, best 5594.4331, time  269.4, minPhero 0.01(257), stagnancy 0.0%
[35m[MSG][0m itr   189, best 5594.4331, time  270.9, minPhero 0.01(257), stagnancy 0.3%
[35m[MSG][0m itr   190, best 5591.2661, time  272.3, minPhero 0.01(260), stagnancy 0.0%
[35m[MSG][0m itr   191, best 5591.2661, time  273.8, minPhero 0.01(260), stagnancy 0.3%
[35m[MSG][0m itr   192, best 5591.2661, time  275.2, minPhero 0.01(260), stagnancy 0.7%
[35m[MSG][0m itr   193, best 5577.7983, time  276.6, minPhero 0.01(269), stagnancy 0.0%
[35m[MSG][0m itr   194, best 5567.1362, time  278.1, minPhero 0.01(271), stagnancy 0.0%
[35m[MSG][0m itr   195, best 5567.1362, time  279.5, minPhero 0.01(268), stagnancy 0.3%
[35m[MSG][0m itr   196, best 5567.1362, time  281.0, minPhero 0.01(268), stagnancy 0.7%
[35m[MSG][0m itr   197, best 5565.8413, time  282.4, minPhero 0.01(271), stagnancy 0.0%
[35m[MSG][0m itr   198, best 5565.8413, time  283.8, minPhero 0.01(254), stagnancy 0.3%
[35m[MSG][0m itr   199, best 5565.8413, time  285.3, minPhero 0.01(254), stagnancy 0.7%
[35m[MSG][0m itr   200, best 5565.8413, time  286.7, minPhero 0.01(254), stagnancy 1.0%
[35m[MSG][0m itr   201, best 5565.8413, time  288.1, minPhero 0.01(254), stagnancy 1.3%
[35m[MSG][0m itr   202, best 5565.8413, time  289.5, minPhero 0.01(254), stagnancy 1.7%
[35m[MSG][0m itr   203, best 5565.8413, time  291.0, minPhero 0.01(254), stagnancy 2.0%
[35m[MSG][0m itr   204, best 5565.7622, time  292.4, minPhero 0.01(254), stagnancy 0.0%
[35m[MSG][0m itr   205, best 5565.6411, time  293.8, minPhero 0.01(254), stagnancy 0.0%
[35m[MSG][0m itr   206, best 5558.3745, time  295.2, minPhero 0.01(259), stagnancy 0.0%
[35m[MSG][0m itr   207, best 5558.0024, time  296.6, minPhero 0.01(259), stagnancy 0.0%
[35m[MSG][0m itr   208, best 5557.8042, time  297.9, minPhero 0.01(260), stagnancy 0.0%
[35m[MSG][0m itr   209, best 5557.8042, time  299.3, minPhero 0.01(259), stagnancy 0.3%
[35m[MSG][0m itr   210, best 5557.8042, time  300.7, minPhero 0.01(259), stagnancy 0.7%
[35m[MSG][0m itr   211, best 5557.8042, time  302.2, minPhero 0.01(259), stagnancy 1.0%
[35m[MSG][0m itr   212, best 5557.8042, time  303.6, minPhero 0.01(258), stagnancy 1.3%
[35m[MSG][0m itr   213, best 5557.8037, time  305.0, minPhero 0.01(258), stagnancy 0.0%
[35m[MSG][0m itr   214, best 5557.7241, time  306.4, minPhero 0.01(258), stagnancy 0.0%
[35m[MSG][0m itr   215, best 5557.7241, time  307.9, minPhero 0.01(249), stagnancy 0.3%
[35m[MSG][0m itr   216, best 5557.7241, time  309.2, minPhero 0.01(247), stagnancy 0.7%
[35m[MSG][0m itr   217, best 5557.7241, time  310.6, minPhero 0.01(246), stagnancy 1.0%
[35m[MSG][0m itr   218, best 5557.7212, time  311.9, minPhero 0.01(247), stagnancy 0.0%
[35m[MSG][0m itr   219, best 5557.7212, time  313.3, minPhero 0.01(245), stagnancy 0.3%
[35m[MSG][0m itr   220, best 5557.7212, time  314.8, minPhero 0.01(245), stagnancy 0.7%
[35m[MSG][0m itr   221, best 5557.7212, time  316.3, minPhero 0.01(244), stagnancy 1.0%
[35m[MSG][0m itr   222, best 5557.7212, time  317.7, minPhero 0.01(244), stagnancy 1.3%
[35m[MSG][0m itr   223, best 5557.7212, time  319.1, minPhero 0.01(244), stagnancy 1.7%
[35m[MSG][0m itr   224, best 5557.7212, time  320.6, minPhero 0.01(244), stagnancy 2.0%
[35m[MSG][0m itr   225, best 5557.7212, time  322.0, minPhero 0.01(244), stagnancy 2.3%
[35m[MSG][0m itr   226, best 5557.7212, time  323.5, minPhero 0.01(244), stagnancy 2.7%
[35m[MSG][0m itr   227, best 5557.7212, time  324.9, minPhero 0.01(244), stagnancy 3.0%
[35m[MSG][0m itr   228, best 5557.7212, time  326.3, minPhero 0.01(238), stagnancy 3.3%
[35m[MSG][0m itr   229, best 5557.7212, time  327.8, minPhero 0.01(236), stagnancy 3.7%
[35m[MSG][0m itr   230, best 5556.4600, time  329.2, minPhero 0.01(239), stagnancy 0.0%
[35m[MSG][0m itr   231, best 5556.3779, time  330.7, minPhero 0.01(239), stagnancy 0.0%
[35m[MSG][0m itr   232, best 5556.3779, time  332.1, minPhero 0.01(239), stagnancy 0.3%
[35m[MSG][0m itr   233, best 5556.3774, time  333.5, minPhero 0.01(239), stagnancy 0.0%
[35m[MSG][0m itr   234, best 5556.3774, time  335.0, minPhero 0.01(239), stagnancy 0.3%
[35m[MSG][0m itr   235, best 5556.3774, time  336.4, minPhero 0.01(239), stagnancy 0.7%
[35m[MSG][0m itr   236, best 5556.3774, time  337.8, minPhero 0.01(239), stagnancy 1.0%
[35m[MSG][0m itr   237, best 5556.3774, time  339.3, minPhero 0.01(239), stagnancy 1.3%
[35m[MSG][0m itr   238, best 5556.3774, time  340.7, minPhero 0.01(239), stagnancy 1.7%
[35m[MSG][0m itr   239, best 5556.3774, time  342.2, minPhero 0.01(239), stagnancy 2.0%
[35m[MSG][0m itr   240, best 5556.3774, time  343.6, minPhero 0.01(239), stagnancy 2.3%
[35m[MSG][0m itr   241, best 5556.3774, time  345.1, minPhero 0.01(239), stagnancy 2.7%
[35m[MSG][0m itr   242, best 5556.3774, time  346.5, minPhero 0.01(239), stagnancy 3.0%
[35m[MSG][0m itr   243, best 5556.3774, time  347.9, minPhero 0.01(239), stagnancy 3.3%
[35m[MSG][0m itr   244, best 5555.6304, time  349.4, minPhero 0.01(250), stagnancy 0.0%
[35m[MSG][0m itr   245, best 5555.6304, time  350.8, minPhero 0.01(249), stagnancy 0.3%
[35m[MSG][0m itr   246, best 5555.6304, time  352.2, minPhero 0.01(249), stagnancy 0.7%
[35m[MSG][0m itr   247, best 5555.2080, time  353.7, minPhero 0.01(249), stagnancy 0.0%
[35m[MSG][0m itr   248, best 5555.2075, time  355.2, minPhero 0.01(249), stagnancy 0.0%
[35m[MSG][0m itr   249, best 5553.7007, time  356.6, minPhero 0.01(252), stagnancy 0.0%
[35m[MSG][0m itr   250, best 5553.7007, time  358.0, minPhero 0.01(252), stagnancy 0.3%
[35m[MSG][0m itr   251, best 5553.7007, time  359.5, minPhero 0.01(252), stagnancy 0.7%
[35m[MSG][0m itr   252, best 5553.7007, time  360.9, minPhero 0.01(249), stagnancy 1.0%
[35m[MSG][0m itr   253, best 5553.7007, time  362.3, minPhero 0.01(249), stagnancy 1.3%
[35m[MSG][0m itr   254, best 5553.7002, time  363.8, minPhero 0.01(249), stagnancy 0.0%
[35m[MSG][0m itr   255, best 5553.7002, time  365.2, minPhero 0.01(249), stagnancy 0.3%
[35m[MSG][0m itr   256, best 5553.7002, time  366.7, minPhero 0.01(249), stagnancy 0.7%
[35m[MSG][0m itr   257, best 5553.7002, time  368.1, minPhero 0.01(249), stagnancy 1.0%
[35m[MSG][0m itr   258, best 5553.1333, time  369.6, minPhero 0.01(254), stagnancy 0.0%
[35m[MSG][0m itr   259, best 5552.7104, time  371.1, minPhero 0.01(254), stagnancy 0.0%
[35m[MSG][0m itr   260, best 5552.7104, time  372.5, minPhero 0.01(254), stagnancy 0.3%
[35m[MSG][0m itr   261, best 5552.7104, time  373.9, minPhero 0.01(254), stagnancy 0.7%
[35m[MSG][0m itr   262, best 5552.7104, time  375.4, minPhero 0.01(254), stagnancy 1.0%
[35m[MSG][0m itr   263, best 5552.7104, time  376.8, minPhero 0.01(254), stagnancy 1.3%
[35m[MSG][0m itr   264, best 5552.7104, time  378.2, minPhero 0.01(254), stagnancy 1.7%
[35m[MSG][0m itr   265, best 5552.7104, time  379.6, minPhero 0.01(254), stagnancy 2.0%
[35m[MSG][0m itr   266, best 5552.7104, time  381.1, minPhero 0.01(242), stagnancy 2.3%
[35m[MSG][0m itr   267, best 5552.7104, time  382.5, minPhero 0.01(242), stagnancy 2.7%
[35m[MSG][0m itr   268, best 5552.7104, time  384.0, minPhero 0.01(240), stagnancy 3.0%
[35m[MSG][0m itr   269, best 5552.7104, time  385.4, minPhero 0.01(240), stagnancy 3.3%
[35m[MSG][0m itr   270, best 5552.7104, time  386.8, minPhero 0.01(240), stagnancy 3.7%
[35m[MSG][0m itr   271, best 5552.7104, time  388.3, minPhero 0.01(239), stagnancy 4.0%
[35m[MSG][0m itr   272, best 5552.7104, time  389.7, minPhero 0.01(239), stagnancy 4.3%
[35m[MSG][0m itr   273, best 5552.7104, time  391.1, minPhero 0.01(239), stagnancy 4.7%
[35m[MSG][0m itr   274, best 5552.7104, time  392.5, minPhero 0.01(239), stagnancy 5.0%
[35m[MSG][0m itr   275, best 5552.7104, time  394.0, minPhero 0.01(239), stagnancy 5.3%
[35m[MSG][0m itr   276, best 5552.7104, time  395.4, minPhero 0.01(239), stagnancy 5.7%
[35m[MSG][0m itr   277, best 5552.7104, time  396.8, minPhero 0.01(239), stagnancy 6.0%
[35m[MSG][0m itr   278, best 5552.7104, time  398.1, minPhero 0.01(239), stagnancy 6.3%
[35m[MSG][0m itr   279, best 5552.7104, time  399.6, minPhero 0.01(236), stagnancy 6.7%
[35m[MSG][0m itr   280, best 5552.7104, time  401.0, minPhero 0.01(232), stagnancy 7.0%
[35m[MSG][0m itr   281, best 5552.7104, time  402.4, minPhero 0.01(232), stagnancy 7.3%
[35m[MSG][0m itr   282, best 5552.7104, time  403.9, minPhero 0.01(232), stagnancy 7.7%
[35m[MSG][0m itr   283, best 5552.7104, time  405.3, minPhero 0.01(232), stagnancy 8.0%
[35m[MSG][0m itr   284, best 5552.7104, time  406.7, minPhero 0.01(232), stagnancy 8.3%
[35m[MSG][0m itr   285, best 5552.7100, time  408.2, minPhero 0.01(232), stagnancy 0.0%
[35m[MSG][0m itr   286, best 5552.7100, time  409.6, minPhero 0.01(232), stagnancy 0.3%
[35m[MSG][0m itr   287, best 5552.7100, time  411.0, minPhero 0.01(232), stagnancy 0.7%
[35m[MSG][0m itr   288, best 5552.7100, time  412.4, minPhero 0.01(232), stagnancy 1.0%
[35m[MSG][0m itr   289, best 5552.7100, time  413.9, minPhero 0.01(232), stagnancy 1.3%
[35m[MSG][0m itr   290, best 5552.7100, time  415.3, minPhero 0.01(232), stagnancy 1.7%
[35m[MSG][0m itr   291, best 5552.7100, time  416.7, minPhero 0.01(232), stagnancy 2.0%
[35m[MSG][0m itr   292, best 5552.7100, time  418.1, minPhero 0.01(232), stagnancy 2.3%
[35m[MSG][0m itr   293, best 5552.7100, time  419.6, minPhero 0.01(232), stagnancy 2.7%
[35m[MSG][0m itr   294, best 5552.7100, time  420.9, minPhero 0.01(232), stagnancy 3.0%
[35m[MSG][0m itr   295, best 5552.7100, time  422.3, minPhero 0.01(232), stagnancy 3.3%
[35m[MSG][0m itr   296, best 5552.7100, time  423.7, minPhero 0.01(232), stagnancy 3.7%
[35m[MSG][0m itr   297, best 5552.7100, time  425.2, minPhero 0.01(232), stagnancy 4.0%
[35m[MSG][0m itr   298, best 5552.7100, time  426.6, minPhero 0.01(232), stagnancy 4.3%
[35m[MSG][0m itr   299, best 5552.7100, time  428.0, minPhero 0.01(232), stagnancy 4.7%
[35m[MSG][0m itr   300, best 5552.7100, time  429.5, minPhero 0.01(232), stagnancy 5.0%
[35m[MSG][0m itr   301, best 5552.7100, time  430.9, minPhero 0.01(232), stagnancy 5.3%
[35m[MSG][0m itr   302, best 5552.7100, time  432.3, minPhero 0.01(232), stagnancy 5.7%
[35m[MSG][0m itr   303, best 5552.7100, time  433.8, minPhero 0.01(232), stagnancy 6.0%
[35m[MSG][0m itr   304, best 5552.7100, time  435.2, minPhero 0.01(232), stagnancy 6.3%
[35m[MSG][0m itr   305, best 5552.7100, time  436.6, minPhero 0.01(232), stagnancy 6.7%
[35m[MSG][0m itr   306, best 5552.7100, time  438.1, minPhero 0.01(232), stagnancy 7.0%
[35m[MSG][0m itr   307, best 5552.7100, time  439.5, minPhero 0.01(232), stagnancy 7.3%
[35m[MSG][0m itr   308, best 5552.7100, time  441.0, minPhero 0.01(232), stagnancy 7.7%
[35m[MSG][0m itr   309, best 5552.7100, time  442.4, minPhero 0.01(232), stagnancy 8.0%
[35m[MSG][0m itr   310, best 5552.7100, time  443.8, minPhero 0.01(232), stagnancy 8.3%
[35m[MSG][0m itr   311, best 5552.7100, time  445.2, minPhero 0.01(232), stagnancy 8.7%
[35m[MSG][0m itr   312, best 5552.7100, time  446.6, minPhero 0.01(232), stagnancy 9.0%
[35m[MSG][0m itr   313, best 5552.7100, time  448.1, minPhero 0.01(232), stagnancy 9.3%
[35m[MSG][0m itr   314, best 5552.7100, time  449.5, minPhero 0.01(232), stagnancy 9.7%
[35m[MSG][0m itr   315, best 5552.7100, time  450.9, minPhero 0.01(232), stagnancy 10.0%
[35m[MSG][0m itr   316, best 5552.7100, time  452.5, minPhero 0.01(232), stagnancy 10.3%
[35m[MSG][0m itr   317, best 5552.7100, time  454.1, minPhero 0.01(232), stagnancy 10.7%
[35m[MSG][0m itr   318, best 5552.7100, time  455.8, minPhero 0.01(232), stagnancy 11.0%
[35m[MSG][0m itr   319, best 5552.7100, time  457.2, minPhero 0.01(232), stagnancy 11.3%
[35m[MSG][0m itr   320, best 5552.7100, time  458.6, minPhero 0.01(232), stagnancy 11.7%
[35m[MSG][0m itr   321, best 5552.7100, time  460.0, minPhero 0.01(232), stagnancy 12.0%
[35m[MSG][0m itr   322, best 5552.7100, time  461.5, minPhero 0.01(232), stagnancy 12.3%
[35m[MSG][0m itr   323, best 5552.7100, time  462.9, minPhero 0.01(232), stagnancy 12.7%
[35m[MSG][0m itr   324, best 5552.7100, time  464.3, minPhero 0.01(232), stagnancy 13.0%
[35m[MSG][0m itr   325, best 5552.7100, time  466.0, minPhero 0.01(232), stagnancy 13.3%
[35m[MSG][0m itr   326, best 5552.7100, time  467.6, minPhero 0.01(232), stagnancy 13.7%
[35m[MSG][0m itr   327, best 5552.7100, time  469.3, minPhero 0.01(232), stagnancy 14.0%
[35m[MSG][0m itr   328, best 5552.7100, time  471.4, minPhero 0.01(232), stagnancy 14.3%
[35m[MSG][0m itr   329, best 5552.7100, time  473.4, minPhero 0.01(232), stagnancy 14.7%
[35m[MSG][0m itr   330, best 5552.7100, time  475.3, minPhero 0.01(232), stagnancy 15.0%
[35m[MSG][0m itr   331, best 5552.7100, time  477.1, minPhero 0.01(232), stagnancy 15.3%
[35m[MSG][0m itr   332, best 5552.7100, time  478.9, minPhero 0.01(232), stagnancy 15.7%
[35m[MSG][0m itr   333, best 5552.7100, time  480.4, minPhero 0.01(232), stagnancy 16.0%
[35m[MSG][0m itr   334, best 5552.7100, time  482.0, minPhero 0.01(232), stagnancy 16.3%
[35m[MSG][0m itr   335, best 5552.7100, time  483.9, minPhero 0.01(232), stagnancy 16.7%
[35m[MSG][0m itr   336, best 5552.7100, time  486.0, minPhero 0.01(232), stagnancy 17.0%
[35m[MSG][0m itr   337, best 5552.7100, time  487.8, minPhero 0.01(232), stagnancy 17.3%
[35m[MSG][0m itr   338, best 5552.7100, time  489.4, minPhero 0.01(232), stagnancy 17.7%
[35m[MSG][0m itr   339, best 5552.7100, time  490.8, minPhero 0.01(232), stagnancy 18.0%
[35m[MSG][0m itr   340, best 5552.7100, time  492.3, minPhero 0.01(232), stagnancy 18.3%
[35m[MSG][0m itr   341, best 5552.7100, time  493.9, minPhero 0.01(232), stagnancy 18.7%
[35m[MSG][0m itr   342, best 5552.7100, time  495.6, minPhero 0.01(232), stagnancy 19.0%
[35m[MSG][0m itr   343, best 5552.7100, time  497.3, minPhero 0.01(232), stagnancy 19.3%
[35m[MSG][0m itr   344, best 5552.7100, time  498.8, minPhero 0.01(232), stagnancy 19.7%
[35m[MSG][0m itr   345, best 5552.7100, time  500.2, minPhero 0.01(232), stagnancy 20.0%
[35m[MSG][0m itr   346, best 5552.7100, time  501.8, minPhero 0.01(232), stagnancy 20.3%
[35m[MSG][0m itr   347, best 5552.7100, time  503.5, minPhero 0.01(232), stagnancy 20.7%
[35m[MSG][0m itr   348, best 5552.7100, time  505.0, minPhero 0.01(232), stagnancy 21.0%
[35m[MSG][0m itr   349, best 5552.7100, time  506.4, minPhero 0.01(232), stagnancy 21.3%
[35m[MSG][0m itr   350, best 5552.7100, time  507.9, minPhero 0.01(232), stagnancy 21.7%
[35m[MSG][0m itr   351, best 5552.7100, time  509.3, minPhero 0.01(232), stagnancy 22.0%
[35m[MSG][0m itr   352, best 5552.7100, time  510.7, minPhero 0.01(232), stagnancy 22.3%
[35m[MSG][0m itr   353, best 5552.7100, time  512.2, minPhero 0.01(232), stagnancy 22.7%
[35m[MSG][0m itr   354, best 5552.7100, time  513.7, minPhero 0.01(232), stagnancy 23.0%
[35m[MSG][0m itr   355, best 5552.7100, time  515.1, minPhero 0.01(232), stagnancy 23.3%
[35m[MSG][0m itr   356, best 5552.7100, time  516.5, minPhero 0.01(232), stagnancy 23.7%
[35m[MSG][0m itr   357, best 5552.7100, time  517.9, minPhero 0.01(232), stagnancy 24.0%
[35m[MSG][0m itr   358, best 5552.7100, time  519.3, minPhero 0.01(232), stagnancy 24.3%
[35m[MSG][0m itr   359, best 5552.7100, time  520.8, minPhero 0.01(232), stagnancy 24.7%
[35m[MSG][0m itr   360, best 5552.7100, time  522.2, minPhero 0.01(232), stagnancy 25.0%
[35m[MSG][0m itr   361, best 5552.7100, time  523.6, minPhero 0.01(232), stagnancy 25.3%
[35m[MSG][0m itr   362, best 5552.7100, time  525.0, minPhero 0.01(232), stagnancy 25.7%
[35m[MSG][0m itr   363, best 5552.7100, time  526.5, minPhero 0.01(232), stagnancy 26.0%
[35m[MSG][0m itr   364, best 5552.7100, time  527.9, minPhero 0.01(232), stagnancy 26.3%
[35m[MSG][0m itr   365, best 5552.7100, time  529.3, minPhero 0.01(232), stagnancy 26.7%
[35m[MSG][0m itr   366, best 5552.7100, time  530.8, minPhero 0.01(232), stagnancy 27.0%
[35m[MSG][0m itr   367, best 5552.7100, time  532.2, minPhero 0.01(232), stagnancy 27.3%
[35m[MSG][0m itr   368, best 5552.7100, time  533.6, minPhero 0.01(232), stagnancy 27.7%
[35m[MSG][0m itr   369, best 5552.7100, time  535.1, minPhero 0.01(232), stagnancy 28.0%
[35m[MSG][0m itr   370, best 5552.7100, time  536.5, minPhero 0.01(232), stagnancy 28.3%
[35m[MSG][0m itr   371, best 5552.7100, time  538.0, minPhero 0.01(232), stagnancy 28.7%
[35m[MSG][0m itr   372, best 5552.7100, time  539.4, minPhero 0.01(232), stagnancy 29.0%
[35m[MSG][0m itr   373, best 5552.7100, time  540.7, minPhero 0.01(232), stagnancy 29.3%
[35m[MSG][0m itr   374, best 5552.7100, time  542.1, minPhero 0.01(232), stagnancy 29.7%
[35m[MSG][0m itr   375, best 5552.7100, time  543.5, minPhero 0.01(232), stagnancy 30.0%
[35m[MSG][0m itr   376, best 5552.7100, time  544.9, minPhero 0.01(232), stagnancy 30.3%
[35m[MSG][0m itr   377, best 5552.7100, time  546.4, minPhero 0.01(232), stagnancy 30.7%
[35m[MSG][0m itr   378, best 5552.7100, time  547.8, minPhero 0.01(232), stagnancy 31.0%
[35m[MSG][0m itr   379, best 5552.7100, time  549.2, minPhero 0.01(232), stagnancy 31.3%
[35m[MSG][0m itr   380, best 5552.7100, time  550.7, minPhero 0.01(232), stagnancy 31.7%
[35m[MSG][0m itr   381, best 5552.7100, time  552.1, minPhero 0.01(232), stagnancy 32.0%
[35m[MSG][0m itr   382, best 5552.7100, time  553.6, minPhero 0.01(232), stagnancy 32.3%
[35m[MSG][0m itr   383, best 5552.7100, time  555.0, minPhero 0.01(232), stagnancy 32.7%
[35m[MSG][0m itr   384, best 5552.7100, time  556.4, minPhero 0.01(232), stagnancy 33.0%
[35m[MSG][0m itr   385, best 5552.7100, time  557.8, minPhero 0.01(232), stagnancy 33.3%
[35m[MSG][0m itr   386, best 5552.7100, time  559.3, minPhero 0.01(232), stagnancy 33.7%
[35m[MSG][0m itr   387, best 5552.7100, time  560.7, minPhero 0.01(232), stagnancy 34.0%
[35m[MSG][0m itr   388, best 5552.7100, time  562.1, minPhero 0.01(232), stagnancy 34.3%
[35m[MSG][0m itr   389, best 5552.7100, time  563.5, minPhero 0.01(232), stagnancy 34.7%
[35m[MSG][0m itr   390, best 5552.7100, time  564.9, minPhero 0.01(232), stagnancy 35.0%
[35m[MSG][0m itr   391, best 5552.7100, time  566.3, minPhero 0.01(232), stagnancy 35.3%
[35m[MSG][0m itr   392, best 5552.7100, time  567.7, minPhero 0.01(232), stagnancy 35.7%
[35m[MSG][0m itr   393, best 5552.7100, time  569.1, minPhero 0.01(232), stagnancy 36.0%
[35m[MSG][0m itr   394, best 5552.7100, time  570.6, minPhero 0.01(232), stagnancy 36.3%
[35m[MSG][0m itr   395, best 5552.7100, time  572.0, minPhero 0.01(232), stagnancy 36.7%
[35m[MSG][0m itr   396, best 5552.7100, time  573.4, minPhero 0.01(232), stagnancy 37.0%
[35m[MSG][0m itr   397, best 5552.7100, time  574.9, minPhero 0.01(232), stagnancy 37.3%
[35m[MSG][0m itr   398, best 5552.7100, time  576.3, minPhero 0.01(232), stagnancy 37.7%
[35m[MSG][0m itr   399, best 5552.7100, time  577.7, minPhero 0.01(232), stagnancy 38.0%
[35m[MSG][0m itr   400, best 5552.7100, time  579.2, minPhero 0.01(232), stagnancy 38.3%
[35m[MSG][0m itr   401, best 5552.7100, time  580.6, minPhero 0.01(232), stagnancy 38.7%
[35m[MSG][0m itr   402, best 5552.7100, time  582.1, minPhero 0.01(232), stagnancy 39.0%
[35m[MSG][0m itr   403, best 5552.7100, time  583.5, minPhero 0.01(232), stagnancy 39.3%
[35m[MSG][0m itr   404, best 5552.7100, time  584.9, minPhero 0.01(232), stagnancy 39.7%
[35m[MSG][0m itr   405, best 5552.7100, time  586.3, minPhero 0.01(232), stagnancy 40.0%
[35m[MSG][0m itr   406, best 5552.7100, time  587.8, minPhero 0.01(232), stagnancy 40.3%
[35m[MSG][0m itr   407, best 5552.7100, time  589.2, minPhero 0.01(232), stagnancy 40.7%
[35m[MSG][0m itr   408, best 5552.7100, time  590.6, minPhero 0.01(232), stagnancy 41.0%
[35m[MSG][0m itr   409, best 5552.7100, time  592.0, minPhero 0.01(232), stagnancy 41.3%
[35m[MSG][0m itr   410, best 5552.7100, time  593.5, minPhero 0.01(232), stagnancy 41.7%
[35m[MSG][0m itr   411, best 5552.7100, time  594.8, minPhero 0.01(232), stagnancy 42.0%
[35m[MSG][0m itr   412, best 5552.7100, time  596.3, minPhero 0.01(232), stagnancy 42.3%
[35m[MSG][0m itr   413, best 5552.7100, time  597.5, minPhero 0.01(232), stagnancy 42.7%
[35m[MSG][0m itr   414, best 5552.7100, time  599.0, minPhero 0.01(232), stagnancy 43.0%
[35m[MSG][0m itr   415, best 5552.7100, time  600.4, minPhero 0.01(232), stagnancy 43.3%
[35m[MSG][0m itr   416, best 5552.7100, time  601.8, minPhero 0.01(232), stagnancy 43.7%
[35m[MSG][0m itr   417, best 5552.7100, time  603.3, minPhero 0.01(232), stagnancy 44.0%
[35m[MSG][0m itr   418, best 5552.7100, time  604.7, minPhero 0.01(232), stagnancy 44.3%
[35m[MSG][0m itr   419, best 5552.7100, time  606.1, minPhero 0.01(232), stagnancy 44.7%
[35m[MSG][0m itr   420, best 5552.7100, time  607.6, minPhero 0.01(232), stagnancy 45.0%
[35m[MSG][0m itr   421, best 5552.7100, time  609.0, minPhero 0.01(232), stagnancy 45.3%
[35m[MSG][0m itr   422, best 5552.7100, time  610.5, minPhero 0.01(232), stagnancy 45.7%
[35m[MSG][0m itr   423, best 5552.7100, time  611.9, minPhero 0.01(232), stagnancy 46.0%
[35m[MSG][0m itr   424, best 5552.7100, time  613.3, minPhero 0.01(232), stagnancy 46.3%
[35m[MSG][0m itr   425, best 5552.7100, time  614.8, minPhero 0.01(232), stagnancy 46.7%
[35m[MSG][0m itr   426, best 5552.7100, time  616.2, minPhero 0.01(232), stagnancy 47.0%
[35m[MSG][0m itr   427, best 5552.7100, time  617.6, minPhero 0.01(232), stagnancy 47.3%
[35m[MSG][0m itr   428, best 5552.7100, time  619.0, minPhero 0.01(232), stagnancy 47.7%
[35m[MSG][0m itr   429, best 5552.7100, time  620.5, minPhero 0.01(232), stagnancy 48.0%
[35m[MSG][0m itr   430, best 5552.7100, time  621.9, minPhero 0.01(232), stagnancy 48.3%
[35m[MSG][0m itr   431, best 5552.7100, time  623.4, minPhero 0.01(232), stagnancy 48.7%
[35m[MSG][0m itr   432, best 5552.7100, time  624.7, minPhero 0.01(232), stagnancy 49.0%
[35m[MSG][0m itr   433, best 5552.7100, time  626.1, minPhero 0.01(232), stagnancy 49.3%
[35m[MSG][0m itr   434, best 5552.7100, time  627.4, minPhero 0.01(232), stagnancy 49.7%
[35m[MSG][0m itr   435, best 5552.7100, time  628.7, minPhero 0.01(232), stagnancy 50.0%
[35m[MSG][0m itr   436, best 5552.7100, time  630.0, minPhero 0.01(232), stagnancy 50.3%
[35m[MSG][0m itr   437, best 5552.7100, time  631.4, minPhero 0.01(232), stagnancy 50.7%
[35m[MSG][0m itr   438, best 5552.7100, time  632.8, minPhero 0.01(232), stagnancy 51.0%
[35m[MSG][0m itr   439, best 5552.7100, time  634.2, minPhero 0.01(232), stagnancy 51.3%
[35m[MSG][0m itr   440, best 5552.7100, time  635.6, minPhero 0.01(232), stagnancy 51.7%
[35m[MSG][0m itr   441, best 5552.7100, time  636.9, minPhero 0.01(232), stagnancy 52.0%
[35m[MSG][0m itr   442, best 5552.7100, time  638.3, minPhero 0.01(232), stagnancy 52.3%
[35m[MSG][0m itr   443, best 5552.7100, time  639.7, minPhero 0.01(232), stagnancy 52.7%
[35m[MSG][0m itr   444, best 5552.7100, time  641.0, minPhero 0.01(232), stagnancy 53.0%
[35m[MSG][0m itr   445, best 5552.7100, time  642.5, minPhero 0.01(232), stagnancy 53.3%
[35m[MSG][0m itr   446, best 5552.7100, time  643.8, minPhero 0.01(232), stagnancy 53.7%
[35m[MSG][0m itr   447, best 5552.7100, time  645.2, minPhero 0.01(232), stagnancy 54.0%
[35m[MSG][0m itr   448, best 5552.7100, time  646.5, minPhero 0.01(232), stagnancy 54.3%
[35m[MSG][0m itr   449, best 5552.7100, time  647.9, minPhero 0.01(232), stagnancy 54.7%
[35m[MSG][0m itr   450, best 5552.7100, time  649.3, minPhero 0.01(232), stagnancy 55.0%
[35m[MSG][0m itr   451, best 5552.7100, time  650.6, minPhero 0.01(232), stagnancy 55.3%
[35m[MSG][0m itr   452, best 5552.7100, time  651.9, minPhero 0.01(232), stagnancy 55.7%
[35m[MSG][0m itr   453, best 5552.7100, time  653.2, minPhero 0.01(232), stagnancy 56.0%
[35m[MSG][0m itr   454, best 5552.7100, time  654.5, minPhero 0.01(232), stagnancy 56.3%
[35m[MSG][0m itr   455, best 5552.7100, time  655.9, minPhero 0.01(232), stagnancy 56.7%
[35m[MSG][0m itr   456, best 5552.7100, time  657.2, minPhero 0.01(232), stagnancy 57.0%
[35m[MSG][0m itr   457, best 5552.7100, time  658.5, minPhero 0.01(232), stagnancy 57.3%
[35m[MSG][0m itr   458, best 5552.7100, time  660.0, minPhero 0.01(232), stagnancy 57.7%
[35m[MSG][0m itr   459, best 5552.7100, time  661.4, minPhero 0.01(232), stagnancy 58.0%
[35m[MSG][0m itr   460, best 5552.7100, time  662.8, minPhero 0.01(232), stagnancy 58.3%
[35m[MSG][0m itr   461, best 5552.7100, time  664.3, minPhero 0.01(232), stagnancy 58.7%
[35m[MSG][0m itr   462, best 5552.7100, time  665.7, minPhero 0.01(232), stagnancy 59.0%
[35m[MSG][0m itr   463, best 5552.7100, time  667.2, minPhero 0.01(232), stagnancy 59.3%
[35m[MSG][0m itr   464, best 5552.7100, time  668.6, minPhero 0.01(232), stagnancy 59.7%
[35m[MSG][0m itr   465, best 5552.7100, time  670.1, minPhero 0.01(232), stagnancy 60.0%
[35m[MSG][0m itr   466, best 5552.7100, time  671.5, minPhero 0.01(232), stagnancy 60.3%
[35m[MSG][0m itr   467, best 5552.7100, time  673.0, minPhero 0.01(232), stagnancy 60.7%
[35m[MSG][0m itr   468, best 5552.7100, time  674.4, minPhero 0.01(232), stagnancy 61.0%
[35m[MSG][0m itr   469, best 5552.7100, time  675.8, minPhero 0.01(232), stagnancy 61.3%
[35m[MSG][0m itr   470, best 5552.7100, time  677.2, minPhero 0.01(232), stagnancy 61.7%
[35m[MSG][0m itr   471, best 5552.7100, time  678.7, minPhero 0.01(232), stagnancy 62.0%
[35m[MSG][0m itr   472, best 5552.7100, time  680.1, minPhero 0.01(232), stagnancy 62.3%
[35m[MSG][0m itr   473, best 5552.7100, time  681.5, minPhero 0.01(232), stagnancy 62.7%
[35m[MSG][0m itr   474, best 5552.7100, time  683.0, minPhero 0.01(232), stagnancy 63.0%
[35m[MSG][0m itr   475, best 5552.7100, time  684.4, minPhero 0.01(232), stagnancy 63.3%
[35m[MSG][0m itr   476, best 5552.7100, time  685.9, minPhero 0.01(232), stagnancy 63.7%
[35m[MSG][0m itr   477, best 5552.7100, time  687.3, minPhero 0.01(232), stagnancy 64.0%
[35m[MSG][0m itr   478, best 5552.7100, time  688.6, minPhero 0.01(232), stagnancy 64.3%
[35m[MSG][0m itr   479, best 5552.7100, time  690.0, minPhero 0.01(232), stagnancy 64.7%
[35m[MSG][0m itr   480, best 5552.7100, time  691.4, minPhero 0.01(232), stagnancy 65.0%
[35m[MSG][0m itr   481, best 5552.7100, time  692.9, minPhero 0.01(232), stagnancy 65.3%
[35m[MSG][0m itr   482, best 5552.7100, time  694.3, minPhero 0.01(232), stagnancy 65.7%
[35m[MSG][0m itr   483, best 5552.7100, time  695.7, minPhero 0.01(232), stagnancy 66.0%
[35m[MSG][0m itr   484, best 5552.7100, time  697.2, minPhero 0.01(232), stagnancy 66.3%
[35m[MSG][0m itr   485, best 5552.7100, time  698.6, minPhero 0.01(232), stagnancy 66.7%
[35m[MSG][0m itr   486, best 5552.7100, time  700.1, minPhero 0.01(232), stagnancy 67.0%
[35m[MSG][0m itr   487, best 5552.7100, time  701.5, minPhero 0.01(232), stagnancy 67.3%
[35m[MSG][0m itr   488, best 5552.7100, time  702.9, minPhero 0.01(232), stagnancy 67.7%
[35m[MSG][0m itr   489, best 5552.7100, time  704.4, minPhero 0.01(232), stagnancy 68.0%
[35m[MSG][0m itr   490, best 5552.7100, time  705.8, minPhero 0.01(232), stagnancy 68.3%
[35m[MSG][0m itr   491, best 5552.7100, time  707.2, minPhero 0.01(232), stagnancy 68.7%
[35m[MSG][0m itr   492, best 5552.7100, time  708.6, minPhero 0.01(232), stagnancy 69.0%
[35m[MSG][0m itr   493, best 5552.7100, time  710.1, minPhero 0.01(232), stagnancy 69.3%
[35m[MSG][0m itr   494, best 5552.7100, time  711.5, minPhero 0.01(232), stagnancy 69.7%
[35m[MSG][0m itr   495, best 5552.7100, time  712.9, minPhero 0.01(232), stagnancy 70.0%
[35m[MSG][0m itr   496, best 5552.7100, time  714.4, minPhero 0.01(232), stagnancy 70.3%
[35m[MSG][0m itr   497, best 5552.7100, time  715.8, minPhero 0.01(232), stagnancy 70.7%
[35m[MSG][0m itr   498, best 5552.7100, time  717.2, minPhero 0.01(232), stagnancy 71.0%
[35m[MSG][0m itr   499, best 5552.7100, time  718.6, minPhero 0.01(232), stagnancy 71.3%
[35m[MSG][0m itr   500, best 5552.7100, time  720.1, minPhero 0.01(232), stagnancy 71.7%
[35m[MSG][0m itr   501, best 5552.7100, time  721.6, minPhero 0.01(232), stagnancy 72.0%
[35m[MSG][0m itr   502, best 5552.7100, time  723.0, minPhero 0.01(232), stagnancy 72.3%
[35m[MSG][0m itr   503, best 5552.7100, time  724.4, minPhero 0.01(232), stagnancy 72.7%
[35m[MSG][0m itr   504, best 5552.7100, time  725.9, minPhero 0.01(232), stagnancy 73.0%
[35m[MSG][0m itr   505, best 5552.7100, time  727.3, minPhero 0.01(232), stagnancy 73.3%
[35m[MSG][0m itr   506, best 5552.7100, time  728.7, minPhero 0.01(232), stagnancy 73.7%
[35m[MSG][0m itr   507, best 5552.7100, time  730.1, minPhero 0.01(232), stagnancy 74.0%
[35m[MSG][0m itr   508, best 5552.7100, time  731.6, minPhero 0.01(232), stagnancy 74.3%
[35m[MSG][0m itr   509, best 5552.7100, time  733.0, minPhero 0.01(232), stagnancy 74.7%
[35m[MSG][0m itr   510, best 5552.7100, time  734.4, minPhero 0.01(232), stagnancy 75.0%
[35m[MSG][0m itr   511, best 5552.7100, time  735.8, minPhero 0.01(232), stagnancy 75.3%
[35m[MSG][0m itr   512, best 5552.7100, time  737.3, minPhero 0.01(232), stagnancy 75.7%
[35m[MSG][0m itr   513, best 5552.7100, time  738.7, minPhero 0.01(232), stagnancy 76.0%
[35m[MSG][0m itr   514, best 5552.7100, time  740.2, minPhero 0.01(232), stagnancy 76.3%
[35m[MSG][0m itr   515, best 5552.7100, time  741.6, minPhero 0.01(232), stagnancy 76.7%
[35m[MSG][0m itr   516, best 5552.7100, time  743.0, minPhero 0.01(232), stagnancy 77.0%
[35m[MSG][0m itr   517, best 5552.7100, time  744.5, minPhero 0.01(232), stagnancy 77.3%
[35m[MSG][0m itr   518, best 5552.7100, time  745.9, minPhero 0.01(232), stagnancy 77.7%
[35m[MSG][0m itr   519, best 5552.7100, time  747.3, minPhero 0.01(232), stagnancy 78.0%
[35m[MSG][0m itr   520, best 5552.7100, time  748.7, minPhero 0.01(232), stagnancy 78.3%
[35m[MSG][0m itr   521, best 5552.7100, time  750.2, minPhero 0.01(232), stagnancy 78.7%
[35m[MSG][0m itr   522, best 5552.7100, time  751.6, minPhero 0.01(232), stagnancy 79.0%
[35m[MSG][0m itr   523, best 5552.7100, time  753.1, minPhero 0.01(232), stagnancy 79.3%
[35m[MSG][0m itr   524, best 5552.7100, time  754.5, minPhero 0.01(232), stagnancy 79.7%
[35m[MSG][0m itr   525, best 5552.7100, time  755.9, minPhero 0.01(232), stagnancy 80.0%
[35m[MSG][0m itr   526, best 5552.7100, time  757.3, minPhero 0.01(232), stagnancy 80.3%
[35m[MSG][0m itr   527, best 5552.7100, time  758.7, minPhero 0.01(232), stagnancy 80.7%
[35m[MSG][0m itr   528, best 5552.7100, time  760.1, minPhero 0.01(232), stagnancy 81.0%
[35m[MSG][0m itr   529, best 5552.7100, time  761.5, minPhero 0.01(232), stagnancy 81.3%
[35m[MSG][0m itr   530, best 5552.7100, time  762.9, minPhero 0.01(232), stagnancy 81.7%
[35m[MSG][0m itr   531, best 5552.7100, time  764.4, minPhero 0.01(232), stagnancy 82.0%
[35m[MSG][0m itr   532, best 5552.7100, time  765.8, minPhero 0.01(232), stagnancy 82.3%
[35m[MSG][0m itr   533, best 5552.7100, time  767.3, minPhero 0.01(232), stagnancy 82.7%
[35m[MSG][0m itr   534, best 5552.7100, time  768.7, minPhero 0.01(232), stagnancy 83.0%
[35m[MSG][0m itr   535, best 5552.7100, time  770.2, minPhero 0.01(232), stagnancy 83.3%
[35m[MSG][0m itr   536, best 5552.7100, time  771.6, minPhero 0.01(232), stagnancy 83.7%
[35m[MSG][0m itr   537, best 5552.7100, time  773.0, minPhero 0.01(232), stagnancy 84.0%
[35m[MSG][0m itr   538, best 5552.7100, time  774.5, minPhero 0.01(232), stagnancy 84.3%
[35m[MSG][0m itr   539, best 5552.7100, time  775.9, minPhero 0.01(232), stagnancy 84.7%
[35m[MSG][0m itr   540, best 5552.7100, time  777.3, minPhero 0.01(232), stagnancy 85.0%
[35m[MSG][0m itr   541, best 5552.7100, time  778.7, minPhero 0.01(232), stagnancy 85.3%
[35m[MSG][0m itr   542, best 5552.7100, time  780.2, minPhero 0.01(232), stagnancy 85.7%
[35m[MSG][0m itr   543, best 5552.7100, time  781.6, minPhero 0.01(232), stagnancy 86.0%
[35m[MSG][0m itr   544, best 5552.7100, time  783.0, minPhero 0.01(232), stagnancy 86.3%
[35m[MSG][0m itr   545, best 5552.7100, time  784.5, minPhero 0.01(232), stagnancy 86.7%
[35m[MSG][0m itr   546, best 5552.7100, time  785.9, minPhero 0.01(232), stagnancy 87.0%
[35m[MSG][0m itr   547, best 5552.7100, time  787.4, minPhero 0.01(232), stagnancy 87.3%
[35m[MSG][0m itr   548, best 5552.7100, time  788.8, minPhero 0.01(232), stagnancy 87.7%
[35m[MSG][0m itr   549, best 5552.7100, time  790.2, minPhero 0.01(232), stagnancy 88.0%
[35m[MSG][0m itr   550, best 5552.7100, time  791.7, minPhero 0.01(232), stagnancy 88.3%
[35m[MSG][0m itr   551, best 5552.7100, time  793.1, minPhero 0.01(232), stagnancy 88.7%
[35m[MSG][0m itr   552, best 5552.7100, time  794.5, minPhero 0.01(232), stagnancy 89.0%
[35m[MSG][0m itr   553, best 5552.7100, time  796.0, minPhero 0.01(232), stagnancy 89.3%
[35m[MSG][0m itr   554, best 5552.7100, time  797.4, minPhero 0.01(232), stagnancy 89.7%
[35m[MSG][0m itr   555, best 5552.7100, time  798.9, minPhero 0.01(232), stagnancy 90.0%
[35m[MSG][0m itr   556, best 5552.7100, time  800.3, minPhero 0.01(232), stagnancy 90.3%
[35m[MSG][0m itr   557, best 5552.7100, time  801.7, minPhero 0.01(232), stagnancy 90.7%
[35m[MSG][0m itr   558, best 5552.7100, time  803.1, minPhero 0.01(232), stagnancy 91.0%
[35m[MSG][0m itr   559, best 5552.7100, time  804.6, minPhero 0.01(232), stagnancy 91.3%
[35m[MSG][0m itr   560, best 5552.7100, time  806.0, minPhero 0.01(232), stagnancy 91.7%
[35m[MSG][0m itr   561, best 5552.7100, time  807.4, minPhero 0.01(232), stagnancy 92.0%
[35m[MSG][0m itr   562, best 5552.7100, time  808.9, minPhero 0.01(232), stagnancy 92.3%
[35m[MSG][0m itr   563, best 5552.7100, time  810.3, minPhero 0.01(232), stagnancy 92.7%
[35m[MSG][0m itr   564, best 5552.7100, time  811.8, minPhero 0.01(232), stagnancy 93.0%
[35m[MSG][0m itr   565, best 5552.7100, time  813.2, minPhero 0.01(232), stagnancy 93.3%
[35m[MSG][0m itr   566, best 5552.7100, time  814.6, minPhero 0.01(232), stagnancy 93.7%
[35m[MSG][0m itr   567, best 5552.7100, time  816.0, minPhero 0.01(232), stagnancy 94.0%
[35m[MSG][0m itr   568, best 5552.7100, time  817.5, minPhero 0.01(232), stagnancy 94.3%
[35m[MSG][0m itr   569, best 5552.7100, time  818.9, minPhero 0.01(232), stagnancy 94.7%
[35m[MSG][0m itr   570, best 5552.7100, time  820.4, minPhero 0.01(232), stagnancy 95.0%
[35m[MSG][0m itr   571, best 5552.7100, time  821.8, minPhero 0.01(232), stagnancy 95.3%
[35m[MSG][0m itr   572, best 5552.7100, time  823.3, minPhero 0.01(232), stagnancy 95.7%
[35m[MSG][0m itr   573, best 5552.7100, time  824.7, minPhero 0.01(232), stagnancy 96.0%
[35m[MSG][0m itr   574, best 5552.7100, time  826.2, minPhero 0.01(232), stagnancy 96.3%
[35m[MSG][0m itr   575, best 5552.7100, time  827.6, minPhero 0.01(232), stagnancy 96.7%
[35m[MSG][0m itr   576, best 5552.7100, time  829.0, minPhero 0.01(232), stagnancy 97.0%
[35m[MSG][0m itr   577, best 5552.7100, time  830.4, minPhero 0.01(232), stagnancy 97.3%
[35m[MSG][0m itr   578, best 5552.7100, time  831.9, minPhero 0.01(232), stagnancy 97.7%
[35m[MSG][0m itr   579, best 5552.7100, time  833.3, minPhero 0.01(232), stagnancy 98.0%
[35m[MSG][0m itr   580, best 5552.7100, time  834.7, minPhero 0.01(232), stagnancy 98.3%
[35m[MSG][0m itr   581, best 5552.7100, time  836.2, minPhero 0.01(232), stagnancy 98.7%
[35m[MSG][0m itr   582, best 5552.7100, time  837.6, minPhero 0.01(232), stagnancy 99.0%
[35m[MSG][0m itr   583, best 5552.7100, time  839.0, minPhero 0.01(232), stagnancy 99.3%
[35m[MSG][0m itr   584, best 5552.7100, time  840.5, minPhero 0.01(232), stagnancy 99.7%
[35m[MSG][0m itr   585, best 5552.7100, time  841.9, minPhero 0.01(232), stagnancy 100.0%
[35m[MSG][0m Solution converged. Reinitialising pheromones...
[35m[MSG][0m Time: 841.90 s
[35m[MSG][0m Best cost: 5552.71
