[35m[MSG][0m Log level set to LOG_DEBUG
[35m[MSG][0m Parsing input from file "res/fruitybun250_2016.vrp"
[35m[MSG][0m Number of nodes: 250
[35m[MSG][0m Running ACO search
[35m[MSG][0m ACO settings: 
 alpha:     8.000
 beta:      1.000
 pers:      0.850
 minPhero:  0.015
 nbhood:    10
 popSize:   512
 maxStag:   300
[35m[MSG][0m itr     1, best 5753.9526, time    1.3, minPhero 0.85(28922), stagnancy 0.0%
[35m[MSG][0m itr     2, best 5753.9526, time    2.7, minPhero 0.72(28922), stagnancy 0.3%
[35m[MSG][0m itr     3, best 5753.9526, time    4.1, minPhero 0.61(28922), stagnancy 0.7%
[35m[MSG][0m itr     4, best 5704.7622, time    5.5, minPhero 0.52(28922), stagnancy 0.0%
[35m[MSG][0m itr     5, best 5704.7622, time    7.0, minPhero 0.44(28922), stagnancy 0.3%
[35m[MSG][0m itr     6, best 5704.7622, time    8.5, minPhero 0.38(28922), stagnancy 0.7%
[35m[MSG][0m itr     7, best 5702.1377, time    9.9, minPhero 0.32(28922), stagnancy 0.0%
[35m[MSG][0m itr     8, best 5702.1377, time   11.4, minPhero 0.27(28922), stagnancy 0.3%
[35m[MSG][0m itr     9, best 5698.8760, time   12.9, minPhero 0.23(28922), stagnancy 0.0%
[35m[MSG][0m itr    10, best 5691.9189, time   14.3, minPhero 0.20(28922), stagnancy 0.0%
[35m[MSG][0m itr    11, best 5690.2739, time   15.8, minPhero 0.17(28922), stagnancy 0.0%
[35m[MSG][0m itr    12, best 5690.2739, time   17.2, minPhero 0.14(28922), stagnancy 0.3%
[35m[MSG][0m itr    13, best 5658.4551, time   18.7, minPhero 0.12(28922), stagnancy 0.0%
[35m[MSG][0m itr    14, best 5658.4551, time   20.2, minPhero 0.10(28922), stagnancy 0.3%
[35m[MSG][0m itr    15, best 5647.5112, time   21.6, minPhero 0.09(28922), stagnancy 0.0%
[35m[MSG][0m itr    16, best 5647.5112, time   23.1, minPhero 0.07(28922), stagnancy 0.3%
[35m[MSG][0m itr    17, best 5641.9736, time   24.6, minPhero 0.06(28922), stagnancy 0.0%
[35m[MSG][0m itr    18, best 5641.9736, time   26.1, minPhero 0.05(28922), stagnancy 0.3%
[35m[MSG][0m itr    19, best 5617.7266, time   27.5, minPhero 0.05(28922), stagnancy 0.0%
[35m[MSG][0m itr    20, best 5617.7266, time   29.0, minPhero 0.04(28922), stagnancy 0.3%
[35m[MSG][0m itr    21, best 5608.0391, time   30.5, minPhero 0.03(28922), stagnancy 0.0%
[35m[MSG][0m itr    22, best 5608.0391, time   31.9, minPhero 0.03(28922), stagnancy 0.3%
[35m[MSG][0m itr    23, best 5598.1631, time   33.4, minPhero 0.02(597), stagnancy 0.0%
[35m[MSG][0m itr    24, best 5590.6240, time   34.9, minPhero 0.02(602), stagnancy 0.0%
[35m[MSG][0m itr    25, best 5590.6240, time   36.4, minPhero 0.02(602), stagnancy 0.3%
[35m[MSG][0m itr    26, best 5584.4492, time   37.8, minPhero 0.01(533), stagnancy 0.0%
[35m[MSG][0m itr    27, best 5580.7866, time   39.3, minPhero 0.01(507), stagnancy 0.0%
[35m[MSG][0m itr    28, best 5580.7866, time   40.8, minPhero 0.01(460), stagnancy 0.3%
[35m[MSG][0m itr    29, best 5580.7866, time   42.3, minPhero 0.01(447), stagnancy 0.7%
[35m[MSG][0m itr    30, best 5576.1943, time   43.7, minPhero 0.01(431), stagnancy 0.0%
[35m[MSG][0m itr    31, best 5576.1943, time   45.2, minPhero 0.01(394), stagnancy 0.3%
[35m[MSG][0m itr    32, best 5576.1943, time   46.7, minPhero 0.01(373), stagnancy 0.7%
[35m[MSG][0m itr    33, best 5575.8584, time   48.1, minPhero 0.01(358), stagnancy 0.0%
[35m[MSG][0m itr    34, best 5575.5918, time   49.6, minPhero 0.01(338), stagnancy 0.0%
[35m[MSG][0m itr    35, best 5575.5918, time   51.0, minPhero 0.01(332), stagnancy 0.3%
[35m[MSG][0m itr    36, best 5573.3838, time   52.5, minPhero 0.01(323), stagnancy 0.0%
[35m[MSG][0m itr    37, best 5573.1982, time   53.9, minPhero 0.01(314), stagnancy 0.0%
[35m[MSG][0m itr    38, best 5572.9326, time   55.3, minPhero 0.01(302), stagnancy 0.0%
[35m[MSG][0m itr    39, best 5572.9326, time   56.8, minPhero 0.01(289), stagnancy 0.3%
[35m[MSG][0m itr    40, best 5572.7817, time   58.2, minPhero 0.01(285), stagnancy 0.0%
[35m[MSG][0m itr    41, best 5572.7817, time   59.7, minPhero 0.01(278), stagnancy 0.3%
[35m[MSG][0m itr    42, best 5572.7817, time   61.1, minPhero 0.01(268), stagnancy 0.7%
[35m[MSG][0m itr    43, best 5572.7793, time   62.5, minPhero 0.01(265), stagnancy 0.0%
[35m[MSG][0m itr    44, best 5572.3589, time   64.0, minPhero 0.01(268), stagnancy 0.0%
[35m[MSG][0m itr    45, best 5572.3589, time   65.4, minPhero 0.01(266), stagnancy 0.3%
[35m[MSG][0m itr    46, best 5572.3589, time   66.9, minPhero 0.01(261), stagnancy 0.7%
[35m[MSG][0m itr    47, best 5572.0117, time   68.2, minPhero 0.01(261), stagnancy 0.0%
[35m[MSG][0m itr    48, best 5571.8179, time   69.5, minPhero 0.01(260), stagnancy 0.0%
[35m[MSG][0m itr    49, best 5571.8179, time   71.0, minPhero 0.01(257), stagnancy 0.3%
[35m[MSG][0m itr    50, best 5571.8179, time   72.4, minPhero 0.01(254), stagnancy 0.7%
[35m[MSG][0m itr    51, best 5571.8179, time   73.8, minPhero 0.01(252), stagnancy 1.0%
[35m[MSG][0m itr    52, best 5571.8174, time   75.2, minPhero 0.01(252), stagnancy 0.0%
[35m[MSG][0m itr    53, best 5571.8174, time   76.7, minPhero 0.01(251), stagnancy 0.3%
[35m[MSG][0m itr    54, best 5571.8174, time   78.1, minPhero 0.01(251), stagnancy 0.7%
[35m[MSG][0m itr    55, best 5571.7095, time   79.6, minPhero 0.01(248), stagnancy 0.0%
[35m[MSG][0m itr    56, best 5571.7070, time   81.0, minPhero 0.01(247), stagnancy 0.0%
[35m[MSG][0m itr    57, best 5571.7070, time   82.4, minPhero 0.01(246), stagnancy 0.3%
[35m[MSG][0m itr    58, best 5571.7070, time   83.9, minPhero 0.01(245), stagnancy 0.7%
[35m[MSG][0m itr    59, best 5571.7070, time   85.3, minPhero 0.01(245), stagnancy 1.0%
[35m[MSG][0m itr    60, best 5571.7070, time   86.7, minPhero 0.01(245), stagnancy 1.3%
[35m[MSG][0m itr    61, best 5571.7070, time   88.2, minPhero 0.01(245), stagnancy 1.7%
[35m[MSG][0m itr    62, best 5571.7070, time   89.6, minPhero 0.01(245), stagnancy 2.0%
[35m[MSG][0m itr    63, best 5571.7070, time   91.0, minPhero 0.01(245), stagnancy 2.3%
[35m[MSG][0m itr    64, best 5571.7070, time   92.4, minPhero 0.01(243), stagnancy 2.7%
[35m[MSG][0m itr    65, best 5571.7070, time   93.9, minPhero 0.01(243), stagnancy 3.0%
[35m[MSG][0m itr    66, best 5571.7070, time   95.3, minPhero 0.01(238), stagnancy 3.3%
[35m[MSG][0m itr    67, best 5571.7070, time   96.7, minPhero 0.01(238), stagnancy 3.7%
[35m[MSG][0m itr    68, best 5571.7065, time   98.1, minPhero 0.01(237), stagnancy 0.0%
[35m[MSG][0m itr    69, best 5571.7065, time   99.6, minPhero 0.01(235), stagnancy 0.3%
[35m[MSG][0m itr    70, best 5571.7065, time  101.0, minPhero 0.01(234), stagnancy 0.7%
[35m[MSG][0m itr    71, best 5571.7065, time  102.4, minPhero 0.01(234), stagnancy 1.0%
[35m[MSG][0m itr    72, best 5571.7065, time  103.8, minPhero 0.01(234), stagnancy 1.3%
[35m[MSG][0m itr    73, best 5568.9014, time  105.3, minPhero 0.01(242), stagnancy 0.0%
[35m[MSG][0m itr    74, best 5568.9014, time  106.7, minPhero 0.01(242), stagnancy 0.3%
[35m[MSG][0m itr    75, best 5568.9014, time  108.1, minPhero 0.01(242), stagnancy 0.7%
[35m[MSG][0m itr    76, best 5568.9014, time  109.6, minPhero 0.01(242), stagnancy 1.0%
[35m[MSG][0m itr    77, best 5568.9014, time  111.0, minPhero 0.01(241), stagnancy 1.3%
[35m[MSG][0m itr    78, best 5568.9014, time  112.4, minPhero 0.01(240), stagnancy 1.7%
[35m[MSG][0m itr    79, best 5568.9014, time  113.9, minPhero 0.01(240), stagnancy 2.0%
[35m[MSG][0m itr    80, best 5568.9009, time  115.3, minPhero 0.01(240), stagnancy 0.0%
[35m[MSG][0m itr    81, best 5568.9009, time  116.7, minPhero 0.01(240), stagnancy 0.3%
[35m[MSG][0m itr    82, best 5568.9009, time  118.2, minPhero 0.01(240), stagnancy 0.7%
[35m[MSG][0m itr    83, best 5568.9009, time  119.6, minPhero 0.01(240), stagnancy 1.0%
[35m[MSG][0m itr    84, best 5568.9009, time  121.1, minPhero 0.01(240), stagnancy 1.3%
[35m[MSG][0m itr    85, best 5568.9009, time  122.5, minPhero 0.01(240), stagnancy 1.7%
[35m[MSG][0m itr    86, best 5568.9009, time  123.9, minPhero 0.01(240), stagnancy 2.0%
[35m[MSG][0m itr    87, best 5568.9009, time  125.4, minPhero 0.01(240), stagnancy 2.3%
[35m[MSG][0m itr    88, best 5568.9009, time  126.8, minPhero 0.01(240), stagnancy 2.7%
[35m[MSG][0m itr    89, best 5568.3213, time  128.2, minPhero 0.01(246), stagnancy 0.0%
[35m[MSG][0m itr    90, best 5568.3213, time  129.7, minPhero 0.01(246), stagnancy 0.3%
[35m[MSG][0m itr    91, best 5568.1694, time  131.1, minPhero 0.01(246), stagnancy 0.0%
[35m[MSG][0m itr    92, best 5568.1694, time  132.6, minPhero 0.01(246), stagnancy 0.3%
[35m[MSG][0m itr    93, best 5568.1694, time  134.0, minPhero 0.01(246), stagnancy 0.7%
[35m[MSG][0m itr    94, best 5568.1694, time  135.4, minPhero 0.01(246), stagnancy 1.0%
[35m[MSG][0m itr    95, best 5567.6167, time  136.9, minPhero 0.01(239), stagnancy 0.0%
[35m[MSG][0m itr    96, best 5567.6167, time  138.3, minPhero 0.01(239), stagnancy 0.3%
[35m[MSG][0m itr    97, best 5567.6167, time  139.7, minPhero 0.01(239), stagnancy 0.7%
[35m[MSG][0m itr    98, best 5567.6162, time  141.2, minPhero 0.01(239), stagnancy 0.0%
[35m[MSG][0m itr    99, best 5567.6162, time  142.6, minPhero 0.01(239), stagnancy 0.3%
[35m[MSG][0m itr   100, best 5567.6162, time  144.1, minPhero 0.01(239), stagnancy 0.7%
[35m[MSG][0m itr   101, best 5567.6162, time  145.5, minPhero 0.01(239), stagnancy 1.0%
[35m[MSG][0m itr   102, best 5567.6162, time  146.9, minPhero 0.01(239), stagnancy 1.3%
[35m[MSG][0m itr   103, best 5567.6162, time  148.3, minPhero 0.01(239), stagnancy 1.7%
[35m[MSG][0m itr   104, best 5567.6162, time  149.8, minPhero 0.01(239), stagnancy 2.0%
[35m[MSG][0m itr   105, best 5567.6162, time  151.2, minPhero 0.01(239), stagnancy 2.3%
[35m[MSG][0m itr   106, best 5567.6162, time  152.6, minPhero 0.01(237), stagnancy 2.7%
[35m[MSG][0m itr   107, best 5567.6162, time  154.1, minPhero 0.01(237), stagnancy 3.0%
[35m[MSG][0m itr   108, best 5567.6162, time  155.5, minPhero 0.01(237), stagnancy 3.3%
[35m[MSG][0m itr   109, best 5567.6157, time  157.0, minPhero 0.01(237), stagnancy 0.0%
[35m[MSG][0m itr   110, best 5567.6157, time  158.4, minPhero 0.01(237), stagnancy 0.3%
[35m[MSG][0m itr   111, best 5567.6157, time  159.8, minPhero 0.01(233), stagnancy 0.7%
[35m[MSG][0m itr   112, best 5567.6157, time  161.2, minPhero 0.01(233), stagnancy 1.0%
[35m[MSG][0m itr   113, best 5567.6157, time  162.7, minPhero 0.01(233), stagnancy 1.3%
[35m[MSG][0m itr   114, best 5567.6157, time  164.1, minPhero 0.01(233), stagnancy 1.7%
[35m[MSG][0m itr   115, best 5567.6157, time  165.5, minPhero 0.01(233), stagnancy 2.0%
[35m[MSG][0m itr   116, best 5567.6157, time  166.9, minPhero 0.01(233), stagnancy 2.3%
[35m[MSG][0m itr   117, best 5567.6157, time  168.4, minPhero 0.01(232), stagnancy 2.7%
[35m[MSG][0m itr   118, best 5567.6157, time  169.8, minPhero 0.01(232), stagnancy 3.0%
[35m[MSG][0m itr   119, best 5567.6157, time  171.2, minPhero 0.01(232), stagnancy 3.3%
[35m[MSG][0m itr   120, best 5567.6157, time  172.7, minPhero 0.01(232), stagnancy 3.7%
[35m[MSG][0m itr   121, best 5567.6157, time  174.1, minPhero 0.01(232), stagnancy 4.0%
[35m[MSG][0m itr   122, best 5567.6157, time  175.5, minPhero 0.01(232), stagnancy 4.3%
[35m[MSG][0m itr   123, best 5567.6157, time  177.0, minPhero 0.01(232), stagnancy 4.7%
[35m[MSG][0m itr   124, best 5567.6157, time  178.4, minPhero 0.01(232), stagnancy 5.0%
[35m[MSG][0m itr   125, best 5567.6157, time  179.9, minPhero 0.01(232), stagnancy 5.3%
[35m[MSG][0m itr   126, best 5567.6157, time  181.3, minPhero 0.01(232), stagnancy 5.7%
[35m[MSG][0m itr   127, best 5567.6157, time  182.7, minPhero 0.01(232), stagnancy 6.0%
[35m[MSG][0m itr   128, best 5567.6157, time  184.2, minPhero 0.01(232), stagnancy 6.3%
[35m[MSG][0m itr   129, best 5567.6157, time  185.6, minPhero 0.01(232), stagnancy 6.7%
[35m[MSG][0m itr   130, best 5567.6157, time  187.1, minPhero 0.01(232), stagnancy 7.0%
[35m[MSG][0m itr   131, best 5567.6157, time  188.5, minPhero 0.01(232), stagnancy 7.3%
[35m[MSG][0m itr   132, best 5567.6157, time  189.9, minPhero 0.01(232), stagnancy 7.7%
[35m[MSG][0m itr   133, best 5567.6157, time  191.4, minPhero 0.01(232), stagnancy 8.0%
[35m[MSG][0m itr   134, best 5567.6157, time  192.8, minPhero 0.01(232), stagnancy 8.3%
[35m[MSG][0m itr   135, best 5567.6157, time  194.2, minPhero 0.01(232), stagnancy 8.7%
[35m[MSG][0m itr   136, best 5567.6157, time  195.6, minPhero 0.01(232), stagnancy 9.0%
[35m[MSG][0m itr   137, best 5567.6157, time  197.0, minPhero 0.01(232), stagnancy 9.3%
[35m[MSG][0m itr   138, best 5567.6157, time  198.5, minPhero 0.01(232), stagnancy 9.7%
[35m[MSG][0m itr   139, best 5567.6157, time  199.9, minPhero 0.01(232), stagnancy 10.0%
[35m[MSG][0m itr   140, best 5567.6157, time  201.3, minPhero 0.01(232), stagnancy 10.3%
[35m[MSG][0m itr   141, best 5567.6157, time  202.8, minPhero 0.01(232), stagnancy 10.7%
[35m[MSG][0m itr   142, best 5567.6157, time  204.3, minPhero 0.01(232), stagnancy 11.0%
[35m[MSG][0m itr   143, best 5567.6157, time  205.7, minPhero 0.01(232), stagnancy 11.3%
[35m[MSG][0m itr   144, best 5567.6157, time  207.1, minPhero 0.01(232), stagnancy 11.7%
[35m[MSG][0m itr   145, best 5567.6157, time  208.5, minPhero 0.01(232), stagnancy 12.0%
[35m[MSG][0m itr   146, best 5567.6157, time  210.0, minPhero 0.01(232), stagnancy 12.3%
[35m[MSG][0m itr   147, best 5567.6157, time  211.4, minPhero 0.01(232), stagnancy 12.7%
[35m[MSG][0m itr   148, best 5567.6157, time  212.8, minPhero 0.01(232), stagnancy 13.0%
[35m[MSG][0m itr   149, best 5567.6157, time  214.3, minPhero 0.01(232), stagnancy 13.3%
[35m[MSG][0m itr   150, best 5567.6157, time  215.7, minPhero 0.01(232), stagnancy 13.7%
[35m[MSG][0m itr   151, best 5567.6157, time  217.1, minPhero 0.01(232), stagnancy 14.0%
[35m[MSG][0m itr   152, best 5567.6157, time  218.6, minPhero 0.01(232), stagnancy 14.3%
[35m[MSG][0m itr   153, best 5567.6157, time  220.0, minPhero 0.01(232), stagnancy 14.7%
[35m[MSG][0m itr   154, best 5567.6157, time  221.5, minPhero 0.01(232), stagnancy 15.0%
[35m[MSG][0m itr   155, best 5567.6157, time  222.9, minPhero 0.01(232), stagnancy 15.3%
[35m[MSG][0m itr   156, best 5567.6157, time  224.4, minPhero 0.01(232), stagnancy 15.7%
[35m[MSG][0m itr   157, best 5567.6157, time  225.8, minPhero 0.01(232), stagnancy 16.0%
[35m[MSG][0m itr   158, best 5567.6157, time  227.2, minPhero 0.01(232), stagnancy 16.3%
[35m[MSG][0m itr   159, best 5567.6157, time  228.6, minPhero 0.01(232), stagnancy 16.7%
[35m[MSG][0m itr   160, best 5567.6157, time  230.1, minPhero 0.01(232), stagnancy 17.0%
[35m[MSG][0m itr   161, best 5567.6157, time  231.5, minPhero 0.01(232), stagnancy 17.3%
[35m[MSG][0m itr   162, best 5567.6157, time  233.0, minPhero 0.01(232), stagnancy 17.7%
[35m[MSG][0m itr   163, best 5567.6157, time  234.4, minPhero 0.01(232), stagnancy 18.0%
[35m[MSG][0m itr   164, best 5567.6157, time  235.8, minPhero 0.01(232), stagnancy 18.3%
[35m[MSG][0m itr   165, best 5567.6157, time  237.2, minPhero 0.01(232), stagnancy 18.7%
[35m[MSG][0m itr   166, best 5567.6157, time  238.7, minPhero 0.01(232), stagnancy 19.0%
[35m[MSG][0m itr   167, best 5567.6157, time  240.1, minPhero 0.01(232), stagnancy 19.3%
[35m[MSG][0m itr   168, best 5567.6157, time  241.5, minPhero 0.01(232), stagnancy 19.7%
[35m[MSG][0m itr   169, best 5567.6157, time  242.9, minPhero 0.01(232), stagnancy 20.0%
[35m[MSG][0m itr   170, best 5567.6157, time  244.3, minPhero 0.01(232), stagnancy 20.3%
[35m[MSG][0m itr   171, best 5567.6157, time  245.8, minPhero 0.01(232), stagnancy 20.7%
[35m[MSG][0m itr   172, best 5567.6157, time  247.2, minPhero 0.01(232), stagnancy 21.0%
[35m[MSG][0m itr   173, best 5567.6157, time  248.6, minPhero 0.01(232), stagnancy 21.3%
[35m[MSG][0m itr   174, best 5567.6157, time  250.1, minPhero 0.01(232), stagnancy 21.7%
[35m[MSG][0m itr   175, best 5567.6157, time  251.5, minPhero 0.01(232), stagnancy 22.0%
[35m[MSG][0m itr   176, best 5567.6157, time  252.9, minPhero 0.01(232), stagnancy 22.3%
[35m[MSG][0m itr   177, best 5567.6157, time  254.4, minPhero 0.01(232), stagnancy 22.7%
[35m[MSG][0m itr   178, best 5567.6157, time  255.8, minPhero 0.01(232), stagnancy 23.0%
[35m[MSG][0m itr   179, best 5567.6157, time  257.3, minPhero 0.01(232), stagnancy 23.3%
[35m[MSG][0m itr   180, best 5567.6157, time  258.7, minPhero 0.01(232), stagnancy 23.7%
[35m[MSG][0m itr   181, best 5567.6157, time  260.0, minPhero 0.01(232), stagnancy 24.0%
[35m[MSG][0m itr   182, best 5567.6157, time  261.4, minPhero 0.01(232), stagnancy 24.3%
[35m[MSG][0m itr   183, best 5567.6157, time  262.9, minPhero 0.01(232), stagnancy 24.7%
[35m[MSG][0m itr   184, best 5567.6157, time  264.3, minPhero 0.01(232), stagnancy 25.0%
[35m[MSG][0m itr   185, best 5567.6157, time  265.7, minPhero 0.01(232), stagnancy 25.3%
[35m[MSG][0m itr   186, best 5567.6157, time  267.1, minPhero 0.01(232), stagnancy 25.7%
[35m[MSG][0m itr   187, best 5567.6157, time  268.5, minPhero 0.01(232), stagnancy 26.0%
[35m[MSG][0m itr   188, best 5567.6157, time  270.0, minPhero 0.01(232), stagnancy 26.3%
[35m[MSG][0m itr   189, best 5567.6157, time  271.4, minPhero 0.01(232), stagnancy 26.7%
[35m[MSG][0m itr   190, best 5567.6157, time  272.8, minPhero 0.01(232), stagnancy 27.0%
[35m[MSG][0m itr   191, best 5567.6157, time  274.3, minPhero 0.01(232), stagnancy 27.3%
[35m[MSG][0m itr   192, best 5567.6157, time  275.7, minPhero 0.01(232), stagnancy 27.7%
[35m[MSG][0m itr   193, best 5567.6157, time  277.1, minPhero 0.01(232), stagnancy 28.0%
[35m[MSG][0m itr   194, best 5567.6157, time  278.6, minPhero 0.01(232), stagnancy 28.3%
[35m[MSG][0m itr   195, best 5567.6157, time  280.0, minPhero 0.01(232), stagnancy 28.7%
[35m[MSG][0m itr   196, best 5567.6157, time  281.4, minPhero 0.01(232), stagnancy 29.0%
[35m[MSG][0m itr   197, best 5567.6157, time  282.9, minPhero 0.01(232), stagnancy 29.3%
[35m[MSG][0m itr   198, best 5567.6157, time  284.3, minPhero 0.01(232), stagnancy 29.7%
[35m[MSG][0m itr   199, best 5567.6157, time  285.7, minPhero 0.01(232), stagnancy 30.0%
[35m[MSG][0m itr   200, best 5567.6157, time  287.2, minPhero 0.01(232), stagnancy 30.3%
[35m[MSG][0m itr   201, best 5567.6157, time  288.6, minPhero 0.01(232), stagnancy 30.7%
[35m[MSG][0m itr   202, best 5567.6157, time  290.1, minPhero 0.01(232), stagnancy 31.0%
[35m[MSG][0m itr   203, best 5567.6157, time  291.5, minPhero 0.01(232), stagnancy 31.3%
[35m[MSG][0m itr   204, best 5567.6157, time  292.9, minPhero 0.01(232), stagnancy 31.7%
[35m[MSG][0m itr   205, best 5567.6157, time  294.3, minPhero 0.01(232), stagnancy 32.0%
[35m[MSG][0m itr   206, best 5567.3711, time  295.8, minPhero 0.01(239), stagnancy 0.0%
[35m[MSG][0m itr   207, best 5566.5928, time  297.2, minPhero 0.01(239), stagnancy 0.0%
[35m[MSG][0m itr   208, best 5566.5928, time  298.6, minPhero 0.01(239), stagnancy 0.3%
[35m[MSG][0m itr   209, best 5566.5928, time  300.1, minPhero 0.01(239), stagnancy 0.7%
[35m[MSG][0m itr   210, best 5566.5928, time  301.5, minPhero 0.01(239), stagnancy 1.0%
[35m[MSG][0m itr   211, best 5566.5928, time  303.0, minPhero 0.01(239), stagnancy 1.3%
[35m[MSG][0m itr   212, best 5566.5923, time  304.4, minPhero 0.01(239), stagnancy 0.0%
[35m[MSG][0m itr   213, best 5566.5923, time  305.8, minPhero 0.01(239), stagnancy 0.3%
[35m[MSG][0m itr   214, best 5566.5923, time  307.2, minPhero 0.01(239), stagnancy 0.7%
[35m[MSG][0m itr   215, best 5566.5923, time  308.7, minPhero 0.01(239), stagnancy 1.0%
[35m[MSG][0m itr   216, best 5566.5923, time  310.1, minPhero 0.01(239), stagnancy 1.3%
[35m[MSG][0m itr   217, best 5566.5923, time  311.6, minPhero 0.01(239), stagnancy 1.7%
[35m[MSG][0m itr   218, best 5566.5923, time  313.0, minPhero 0.01(238), stagnancy 2.0%
[35m[MSG][0m itr   219, best 5566.5923, time  314.5, minPhero 0.01(238), stagnancy 2.3%
[35m[MSG][0m itr   220, best 5566.5923, time  315.9, minPhero 0.01(238), stagnancy 2.7%
[35m[MSG][0m itr   221, best 5566.5923, time  317.3, minPhero 0.01(238), stagnancy 3.0%
[35m[MSG][0m itr   222, best 5566.5923, time  318.7, minPhero 0.01(238), stagnancy 3.3%
[35m[MSG][0m itr   223, best 5566.5923, time  320.2, minPhero 0.01(238), stagnancy 3.7%
[35m[MSG][0m itr   224, best 5566.5923, time  321.6, minPhero 0.01(238), stagnancy 4.0%
[35m[MSG][0m itr   225, best 5566.5923, time  323.0, minPhero 0.01(238), stagnancy 4.3%
[35m[MSG][0m itr   226, best 5566.5923, time  324.4, minPhero 0.01(238), stagnancy 4.7%
[35m[MSG][0m itr   227, best 5566.5923, time  325.8, minPhero 0.01(238), stagnancy 5.0%
[35m[MSG][0m itr   228, best 5566.5923, time  327.2, minPhero 0.01(232), stagnancy 5.3%
[35m[MSG][0m itr   229, best 5566.5923, time  328.6, minPhero 0.01(232), stagnancy 5.7%
[35m[MSG][0m itr   230, best 5566.5923, time  330.1, minPhero 0.01(232), stagnancy 6.0%
[35m[MSG][0m itr   231, best 5566.5923, time  331.5, minPhero 0.01(232), stagnancy 6.3%
[35m[MSG][0m itr   232, best 5566.5923, time  333.0, minPhero 0.01(232), stagnancy 6.7%
[35m[MSG][0m itr   233, best 5566.5923, time  334.4, minPhero 0.01(232), stagnancy 7.0%
[35m[MSG][0m itr   234, best 5566.5923, time  335.8, minPhero 0.01(232), stagnancy 7.3%
[35m[MSG][0m itr   235, best 5566.5923, time  337.3, minPhero 0.01(232), stagnancy 7.7%
[35m[MSG][0m itr   236, best 5566.5923, time  338.7, minPhero 0.01(232), stagnancy 8.0%
[35m[MSG][0m itr   237, best 5566.5923, time  340.1, minPhero 0.01(232), stagnancy 8.3%
[35m[MSG][0m itr   238, best 5566.5923, time  341.5, minPhero 0.01(232), stagnancy 8.7%
[35m[MSG][0m itr   239, best 5566.5923, time  343.0, minPhero 0.01(232), stagnancy 9.0%
[35m[MSG][0m itr   240, best 5566.5923, time  344.4, minPhero 0.01(232), stagnancy 9.3%
[35m[MSG][0m itr   241, best 5566.5923, time  345.8, minPhero 0.01(232), stagnancy 9.7%
[35m[MSG][0m itr   242, best 5566.5923, time  347.3, minPhero 0.01(232), stagnancy 10.0%
[35m[MSG][0m itr   243, best 5566.5923, time  348.7, minPhero 0.01(232), stagnancy 10.3%
[35m[MSG][0m itr   244, best 5566.5923, time  350.1, minPhero 0.01(232), stagnancy 10.7%
[35m[MSG][0m itr   245, best 5566.5923, time  351.6, minPhero 0.01(232), stagnancy 11.0%
[35m[MSG][0m itr   246, best 5566.5923, time  353.0, minPhero 0.01(232), stagnancy 11.3%
[35m[MSG][0m itr   247, best 5566.5923, time  354.4, minPhero 0.01(232), stagnancy 11.7%
[35m[MSG][0m itr   248, best 5566.5923, time  355.9, minPhero 0.01(232), stagnancy 12.0%
[35m[MSG][0m itr   249, best 5566.5923, time  357.3, minPhero 0.01(232), stagnancy 12.3%
[35m[MSG][0m itr   250, best 5566.5923, time  358.7, minPhero 0.01(232), stagnancy 12.7%
[35m[MSG][0m itr   251, best 5566.5923, time  360.1, minPhero 0.01(232), stagnancy 13.0%
[35m[MSG][0m itr   252, best 5566.5923, time  361.5, minPhero 0.01(232), stagnancy 13.3%
[35m[MSG][0m itr   253, best 5566.5923, time  363.0, minPhero 0.01(232), stagnancy 13.7%
[35m[MSG][0m itr   254, best 5566.5923, time  364.4, minPhero 0.01(232), stagnancy 14.0%
[35m[MSG][0m itr   255, best 5566.5923, time  365.8, minPhero 0.01(232), stagnancy 14.3%
[35m[MSG][0m itr   256, best 5566.5923, time  367.3, minPhero 0.01(232), stagnancy 14.7%
[35m[MSG][0m itr   257, best 5566.5923, time  368.7, minPhero 0.01(232), stagnancy 15.0%
[35m[MSG][0m itr   258, best 5566.5923, time  370.1, minPhero 0.01(232), stagnancy 15.3%
[35m[MSG][0m itr   259, best 5566.5923, time  371.6, minPhero 0.01(232), stagnancy 15.7%
[35m[MSG][0m itr   260, best 5566.5923, time  373.0, minPhero 0.01(232), stagnancy 16.0%
[35m[MSG][0m itr   261, best 5566.5923, time  374.4, minPhero 0.01(232), stagnancy 16.3%
[35m[MSG][0m itr   262, best 5566.5923, time  375.9, minPhero 0.01(232), stagnancy 16.7%
[35m[MSG][0m itr   263, best 5566.5923, time  377.3, minPhero 0.01(232), stagnancy 17.0%
[35m[MSG][0m itr   264, best 5566.5923, time  378.7, minPhero 0.01(232), stagnancy 17.3%
[35m[MSG][0m itr   265, best 5566.5923, time  380.2, minPhero 0.01(232), stagnancy 17.7%
[35m[MSG][0m itr   266, best 5566.5923, time  381.6, minPhero 0.01(232), stagnancy 18.0%
[35m[MSG][0m itr   267, best 5566.5923, time  383.0, minPhero 0.01(232), stagnancy 18.3%
[35m[MSG][0m itr   268, best 5566.5923, time  384.4, minPhero 0.01(232), stagnancy 18.7%
[35m[MSG][0m itr   269, best 5566.5923, time  385.9, minPhero 0.01(232), stagnancy 19.0%
[35m[MSG][0m itr   270, best 5566.5923, time  387.3, minPhero 0.01(232), stagnancy 19.3%
[35m[MSG][0m itr   271, best 5566.5923, time  388.7, minPhero 0.01(232), stagnancy 19.7%
[35m[MSG][0m itr   272, best 5566.5923, time  390.1, minPhero 0.01(232), stagnancy 20.0%
[35m[MSG][0m itr   273, best 5566.5923, time  391.6, minPhero 0.01(232), stagnancy 20.3%
[35m[MSG][0m itr   274, best 5566.5923, time  393.0, minPhero 0.01(232), stagnancy 20.7%
[35m[MSG][0m itr   275, best 5566.5923, time  394.5, minPhero 0.01(232), stagnancy 21.0%
[35m[MSG][0m itr   276, best 5566.5923, time  395.9, minPhero 0.01(232), stagnancy 21.3%
[35m[MSG][0m itr   277, best 5566.5923, time  397.3, minPhero 0.01(232), stagnancy 21.7%
[35m[MSG][0m itr   278, best 5566.5923, time  398.8, minPhero 0.01(232), stagnancy 22.0%
[35m[MSG][0m itr   279, best 5566.5923, time  400.2, minPhero 0.01(232), stagnancy 22.3%
[35m[MSG][0m itr   280, best 5566.5923, time  401.6, minPhero 0.01(232), stagnancy 22.7%
[35m[MSG][0m itr   281, best 5566.5923, time  403.1, minPhero 0.01(232), stagnancy 23.0%
[35m[MSG][0m itr   282, best 5566.5923, time  404.5, minPhero 0.01(232), stagnancy 23.3%
[35m[MSG][0m itr   283, best 5566.5923, time  406.0, minPhero 0.01(232), stagnancy 23.7%
[35m[MSG][0m itr   284, best 5566.5923, time  407.4, minPhero 0.01(232), stagnancy 24.0%
[35m[MSG][0m itr   285, best 5566.5923, time  408.8, minPhero 0.01(232), stagnancy 24.3%
[35m[MSG][0m itr   286, best 5566.5923, time  410.2, minPhero 0.01(232), stagnancy 24.7%
[35m[MSG][0m itr   287, best 5566.5923, time  411.7, minPhero 0.01(232), stagnancy 25.0%
[35m[MSG][0m itr   288, best 5566.5923, time  413.1, minPhero 0.01(232), stagnancy 25.3%
[35m[MSG][0m itr   289, best 5566.5923, time  414.6, minPhero 0.01(232), stagnancy 25.7%
[35m[MSG][0m itr   290, best 5566.5923, time  416.0, minPhero 0.01(232), stagnancy 26.0%
[35m[MSG][0m itr   291, best 5566.5923, time  417.4, minPhero 0.01(232), stagnancy 26.3%
[35m[MSG][0m itr   292, best 5566.5923, time  418.8, minPhero 0.01(232), stagnancy 26.7%
[35m[MSG][0m itr   293, best 5566.5923, time  420.3, minPhero 0.01(232), stagnancy 27.0%
[35m[MSG][0m itr   294, best 5566.5923, time  421.7, minPhero 0.01(232), stagnancy 27.3%
[35m[MSG][0m itr   295, best 5566.5923, time  423.1, minPhero 0.01(232), stagnancy 27.7%
[35m[MSG][0m itr   296, best 5566.5923, time  424.5, minPhero 0.01(232), stagnancy 28.0%
[35m[MSG][0m itr   297, best 5566.5923, time  425.9, minPhero 0.01(232), stagnancy 28.3%
[35m[MSG][0m itr   298, best 5566.5923, time  427.3, minPhero 0.01(232), stagnancy 28.7%
[35m[MSG][0m itr   299, best 5566.5923, time  428.8, minPhero 0.01(232), stagnancy 29.0%
[35m[MSG][0m itr   300, best 5566.5923, time  430.2, minPhero 0.01(232), stagnancy 29.3%
[35m[MSG][0m itr   301, best 5566.5923, time  431.6, minPhero 0.01(232), stagnancy 29.7%
[35m[MSG][0m itr   302, best 5566.5923, time  433.1, minPhero 0.01(232), stagnancy 30.0%
[35m[MSG][0m itr   303, best 5566.5923, time  434.5, minPhero 0.01(232), stagnancy 30.3%
[35m[MSG][0m itr   304, best 5566.5923, time  435.8, minPhero 0.01(232), stagnancy 30.7%
[35m[MSG][0m itr   305, best 5566.5923, time  437.2, minPhero 0.01(232), stagnancy 31.0%
[35m[MSG][0m itr   306, best 5566.5923, time  438.7, minPhero 0.01(232), stagnancy 31.3%
[35m[MSG][0m itr   307, best 5566.5923, time  440.1, minPhero 0.01(232), stagnancy 31.7%
[35m[MSG][0m itr   308, best 5566.5923, time  441.5, minPhero 0.01(232), stagnancy 32.0%
[35m[MSG][0m itr   309, best 5566.5923, time  442.9, minPhero 0.01(232), stagnancy 32.3%
[35m[MSG][0m itr   310, best 5566.5923, time  444.3, minPhero 0.01(232), stagnancy 32.7%
[35m[MSG][0m itr   311, best 5566.5923, time  445.8, minPhero 0.01(232), stagnancy 33.0%
[35m[MSG][0m itr   312, best 5566.5923, time  447.2, minPhero 0.01(232), stagnancy 33.3%
[35m[MSG][0m itr   313, best 5566.5923, time  448.6, minPhero 0.01(232), stagnancy 33.7%
[35m[MSG][0m itr   314, best 5566.5923, time  450.0, minPhero 0.01(232), stagnancy 34.0%
[35m[MSG][0m itr   315, best 5566.5923, time  451.4, minPhero 0.01(232), stagnancy 34.3%
[35m[MSG][0m itr   316, best 5566.5923, time  452.9, minPhero 0.01(232), stagnancy 34.7%
[35m[MSG][0m itr   317, best 5566.5923, time  454.3, minPhero 0.01(232), stagnancy 35.0%
[35m[MSG][0m itr   318, best 5566.5923, time  455.7, minPhero 0.01(232), stagnancy 35.3%
[35m[MSG][0m itr   319, best 5566.5923, time  457.1, minPhero 0.01(232), stagnancy 35.7%
[35m[MSG][0m itr   320, best 5566.5923, time  458.6, minPhero 0.01(232), stagnancy 36.0%
[35m[MSG][0m itr   321, best 5566.5923, time  460.0, minPhero 0.01(232), stagnancy 36.3%
[35m[MSG][0m itr   322, best 5566.5923, time  461.4, minPhero 0.01(232), stagnancy 36.7%
[35m[MSG][0m itr   323, best 5566.5923, time  462.9, minPhero 0.01(232), stagnancy 37.0%
[35m[MSG][0m itr   324, best 5566.5923, time  464.3, minPhero 0.01(232), stagnancy 37.3%
[35m[MSG][0m itr   325, best 5566.5923, time  465.7, minPhero 0.01(232), stagnancy 37.7%
[35m[MSG][0m itr   326, best 5566.5923, time  467.2, minPhero 0.01(232), stagnancy 38.0%
[35m[MSG][0m itr   327, best 5566.5923, time  468.6, minPhero 0.01(232), stagnancy 38.3%
[35m[MSG][0m itr   328, best 5566.5923, time  470.0, minPhero 0.01(232), stagnancy 38.7%
[35m[MSG][0m itr   329, best 5566.5923, time  471.4, minPhero 0.01(232), stagnancy 39.0%
[35m[MSG][0m itr   330, best 5566.5923, time  472.7, minPhero 0.01(232), stagnancy 39.3%
[35m[MSG][0m itr   331, best 5566.5923, time  474.1, minPhero 0.01(232), stagnancy 39.7%
[35m[MSG][0m itr   332, best 5566.5923, time  475.6, minPhero 0.01(232), stagnancy 40.0%
[35m[MSG][0m itr   333, best 5566.5923, time  477.0, minPhero 0.01(232), stagnancy 40.3%
[35m[MSG][0m itr   334, best 5566.5923, time  478.4, minPhero 0.01(232), stagnancy 40.7%
[35m[MSG][0m itr   335, best 5566.5923, time  479.8, minPhero 0.01(232), stagnancy 41.0%
[35m[MSG][0m itr   336, best 5566.5923, time  481.3, minPhero 0.01(232), stagnancy 41.3%
[35m[MSG][0m itr   337, best 5566.5923, time  482.7, minPhero 0.01(232), stagnancy 41.7%
[35m[MSG][0m itr   338, best 5566.5923, time  484.2, minPhero 0.01(232), stagnancy 42.0%
[35m[MSG][0m itr   339, best 5566.5923, time  485.6, minPhero 0.01(232), stagnancy 42.3%
[35m[MSG][0m itr   340, best 5566.5923, time  487.1, minPhero 0.01(232), stagnancy 42.7%
[35m[MSG][0m itr   341, best 5566.5923, time  488.5, minPhero 0.01(232), stagnancy 43.0%
[35m[MSG][0m itr   342, best 5566.5923, time  489.9, minPhero 0.01(232), stagnancy 43.3%
[35m[MSG][0m itr   343, best 5566.5923, time  491.4, minPhero 0.01(232), stagnancy 43.7%
[35m[MSG][0m itr   344, best 5566.5923, time  492.8, minPhero 0.01(232), stagnancy 44.0%
[35m[MSG][0m itr   345, best 5566.5923, time  494.2, minPhero 0.01(232), stagnancy 44.3%
[35m[MSG][0m itr   346, best 5566.5923, time  495.7, minPhero 0.01(232), stagnancy 44.7%
[35m[MSG][0m itr   347, best 5566.5923, time  497.1, minPhero 0.01(232), stagnancy 45.0%
[35m[MSG][0m itr   348, best 5566.5923, time  498.5, minPhero 0.01(232), stagnancy 45.3%
[35m[MSG][0m itr   349, best 5566.5923, time  500.0, minPhero 0.01(232), stagnancy 45.7%
[35m[MSG][0m itr   350, best 5566.5923, time  501.3, minPhero 0.01(232), stagnancy 46.0%
[35m[MSG][0m itr   351, best 5566.5923, time  502.8, minPhero 0.01(232), stagnancy 46.3%
[35m[MSG][0m itr   352, best 5566.5923, time  504.2, minPhero 0.01(232), stagnancy 46.7%
[35m[MSG][0m itr   353, best 5566.5923, time  505.6, minPhero 0.01(232), stagnancy 47.0%
[35m[MSG][0m itr   354, best 5566.5923, time  506.9, minPhero 0.01(232), stagnancy 47.3%
[35m[MSG][0m itr   355, best 5566.5923, time  508.4, minPhero 0.01(232), stagnancy 47.7%
[35m[MSG][0m itr   356, best 5566.5923, time  509.8, minPhero 0.01(232), stagnancy 48.0%
[35m[MSG][0m itr   357, best 5566.5923, time  511.2, minPhero 0.01(232), stagnancy 48.3%
[35m[MSG][0m itr   358, best 5566.5923, time  512.6, minPhero 0.01(232), stagnancy 48.7%
[35m[MSG][0m itr   359, best 5566.5923, time  514.1, minPhero 0.01(232), stagnancy 49.0%
[35m[MSG][0m itr   360, best 5566.5923, time  515.5, minPhero 0.01(232), stagnancy 49.3%
[35m[MSG][0m itr   361, best 5566.5923, time  516.9, minPhero 0.01(232), stagnancy 49.7%
[35m[MSG][0m itr   362, best 5566.5923, time  518.2, minPhero 0.01(232), stagnancy 50.0%
[35m[MSG][0m itr   363, best 5566.5923, time  519.6, minPhero 0.01(232), stagnancy 50.3%
[35m[MSG][0m itr   364, best 5566.5923, time  521.0, minPhero 0.01(232), stagnancy 50.7%
[35m[MSG][0m itr   365, best 5566.5923, time  522.5, minPhero 0.01(232), stagnancy 51.0%
[35m[MSG][0m itr   366, best 5566.5923, time  523.9, minPhero 0.01(232), stagnancy 51.3%
[35m[MSG][0m itr   367, best 5566.5923, time  525.3, minPhero 0.01(232), stagnancy 51.7%
[35m[MSG][0m itr   368, best 5566.5923, time  526.8, minPhero 0.01(232), stagnancy 52.0%
[35m[MSG][0m itr   369, best 5566.5923, time  528.2, minPhero 0.01(232), stagnancy 52.3%
[35m[MSG][0m itr   370, best 5566.5923, time  529.6, minPhero 0.01(232), stagnancy 52.7%
[35m[MSG][0m itr   371, best 5566.5923, time  530.9, minPhero 0.01(232), stagnancy 53.0%
[35m[MSG][0m itr   372, best 5564.5718, time  532.3, minPhero 0.01(240), stagnancy 0.0%
[35m[MSG][0m itr   373, best 5564.5718, time  533.8, minPhero 0.01(240), stagnancy 0.3%
[35m[MSG][0m itr   374, best 5564.5718, time  535.2, minPhero 0.01(240), stagnancy 0.7%
[35m[MSG][0m itr   375, best 5564.5718, time  536.6, minPhero 0.01(240), stagnancy 1.0%
[35m[MSG][0m itr   376, best 5564.5713, time  538.1, minPhero 0.01(240), stagnancy 0.0%
[35m[MSG][0m itr   377, best 5564.5713, time  539.5, minPhero 0.01(240), stagnancy 0.3%
[35m[MSG][0m itr   378, best 5564.5713, time  540.9, minPhero 0.01(240), stagnancy 0.7%
[35m[MSG][0m itr   379, best 5564.5713, time  542.4, minPhero 0.01(240), stagnancy 1.0%
[35m[MSG][0m itr   380, best 5564.5713, time  543.8, minPhero 0.01(240), stagnancy 1.3%
[35m[MSG][0m itr   381, best 5564.5713, time  545.2, minPhero 0.01(240), stagnancy 1.7%
[35m[MSG][0m itr   382, best 5564.5713, time  546.7, minPhero 0.01(240), stagnancy 2.0%
[35m[MSG][0m itr   383, best 5564.5713, time  548.1, minPhero 0.01(240), stagnancy 2.3%
[35m[MSG][0m itr   384, best 5564.5713, time  549.5, minPhero 0.01(240), stagnancy 2.7%
[35m[MSG][0m itr   385, best 5564.5713, time  550.9, minPhero 0.01(240), stagnancy 3.0%
[35m[MSG][0m itr   386, best 5564.5713, time  552.4, minPhero 0.01(240), stagnancy 3.3%
[35m[MSG][0m itr   387, best 5564.5713, time  553.8, minPhero 0.01(240), stagnancy 3.7%
[35m[MSG][0m itr   388, best 5564.5713, time  555.2, minPhero 0.01(240), stagnancy 4.0%
[35m[MSG][0m itr   389, best 5564.5713, time  556.7, minPhero 0.01(240), stagnancy 4.3%
[35m[MSG][0m itr   390, best 5564.5713, time  558.1, minPhero 0.01(240), stagnancy 4.7%
[35m[MSG][0m itr   391, best 5564.5713, time  559.6, minPhero 0.01(240), stagnancy 5.0%
[35m[MSG][0m itr   392, best 5564.5713, time  561.0, minPhero 0.01(240), stagnancy 5.3%
[35m[MSG][0m itr   393, best 5564.5713, time  562.4, minPhero 0.01(240), stagnancy 5.7%
[35m[MSG][0m itr   394, best 5564.5713, time  563.9, minPhero 0.01(232), stagnancy 6.0%
[35m[MSG][0m itr   395, best 5564.5713, time  565.3, minPhero 0.01(232), stagnancy 6.3%
[35m[MSG][0m itr   396, best 5564.5713, time  566.7, minPhero 0.01(232), stagnancy 6.7%
[35m[MSG][0m itr   397, best 5564.5713, time  568.1, minPhero 0.01(232), stagnancy 7.0%
[35m[MSG][0m itr   398, best 5564.5713, time  569.6, minPhero 0.01(232), stagnancy 7.3%
[35m[MSG][0m itr   399, best 5564.5713, time  571.0, minPhero 0.01(232), stagnancy 7.7%
[35m[MSG][0m itr   400, best 5564.5713, time  572.4, minPhero 0.01(232), stagnancy 8.0%
[35m[MSG][0m itr   401, best 5564.5713, time  573.9, minPhero 0.01(232), stagnancy 8.3%
[35m[MSG][0m itr   402, best 5564.5713, time  575.3, minPhero 0.01(232), stagnancy 8.7%
[35m[MSG][0m itr   403, best 5564.5713, time  576.8, minPhero 0.01(232), stagnancy 9.0%
[35m[MSG][0m itr   404, best 5564.5713, time  578.2, minPhero 0.01(232), stagnancy 9.3%
[35m[MSG][0m itr   405, best 5564.5713, time  579.6, minPhero 0.01(232), stagnancy 9.7%
[35m[MSG][0m itr   406, best 5564.5713, time  581.0, minPhero 0.01(232), stagnancy 10.0%
[35m[MSG][0m itr   407, best 5564.5713, time  582.5, minPhero 0.01(232), stagnancy 10.3%
[35m[MSG][0m itr   408, best 5564.5713, time  583.9, minPhero 0.01(232), stagnancy 10.7%
[35m[MSG][0m itr   409, best 5564.5713, time  585.3, minPhero 0.01(232), stagnancy 11.0%
[35m[MSG][0m itr   410, best 5564.5713, time  586.8, minPhero 0.01(232), stagnancy 11.3%
[35m[MSG][0m itr   411, best 5564.5713, time  588.2, minPhero 0.01(232), stagnancy 11.7%
[35m[MSG][0m itr   412, best 5564.5713, time  589.7, minPhero 0.01(232), stagnancy 12.0%
[35m[MSG][0m itr   413, best 5564.5713, time  591.1, minPhero 0.01(232), stagnancy 12.3%
[35m[MSG][0m itr   414, best 5564.5713, time  592.6, minPhero 0.01(232), stagnancy 12.7%
[35m[MSG][0m itr   415, best 5564.5713, time  594.0, minPhero 0.01(232), stagnancy 13.0%
[35m[MSG][0m itr   416, best 5564.5713, time  595.4, minPhero 0.01(232), stagnancy 13.3%
[35m[MSG][0m itr   417, best 5564.5713, time  596.8, minPhero 0.01(232), stagnancy 13.7%
[35m[MSG][0m itr   418, best 5564.5713, time  598.3, minPhero 0.01(232), stagnancy 14.0%
[35m[MSG][0m itr   419, best 5564.5713, time  599.8, minPhero 0.01(232), stagnancy 14.3%
[35m[MSG][0m itr   420, best 5564.5713, time  601.1, minPhero 0.01(232), stagnancy 14.7%
[35m[MSG][0m itr   421, best 5564.5713, time  602.5, minPhero 0.01(232), stagnancy 15.0%
[35m[MSG][0m itr   422, best 5564.5713, time  604.0, minPhero 0.01(232), stagnancy 15.3%
[35m[MSG][0m itr   423, best 5564.5713, time  605.4, minPhero 0.01(232), stagnancy 15.7%
[35m[MSG][0m itr   424, best 5564.5713, time  606.9, minPhero 0.01(232), stagnancy 16.0%
[35m[MSG][0m itr   425, best 5564.5713, time  608.3, minPhero 0.01(232), stagnancy 16.3%
[35m[MSG][0m itr   426, best 5564.5713, time  609.7, minPhero 0.01(232), stagnancy 16.7%
[35m[MSG][0m itr   427, best 5564.5713, time  611.2, minPhero 0.01(232), stagnancy 17.0%
[35m[MSG][0m itr   428, best 5564.5713, time  612.6, minPhero 0.01(232), stagnancy 17.3%
[35m[MSG][0m itr   429, best 5564.5713, time  614.1, minPhero 0.01(232), stagnancy 17.7%
[35m[MSG][0m itr   430, best 5564.5713, time  615.5, minPhero 0.01(232), stagnancy 18.0%
[35m[MSG][0m itr   431, best 5564.5713, time  616.9, minPhero 0.01(232), stagnancy 18.3%
[35m[MSG][0m itr   432, best 5564.5713, time  618.4, minPhero 0.01(232), stagnancy 18.7%
[35m[MSG][0m itr   433, best 5564.5713, time  619.8, minPhero 0.01(232), stagnancy 19.0%
[35m[MSG][0m itr   434, best 5564.5713, time  621.2, minPhero 0.01(232), stagnancy 19.3%
[35m[MSG][0m itr   435, best 5564.5713, time  622.6, minPhero 0.01(232), stagnancy 19.7%
[35m[MSG][0m itr   436, best 5564.5713, time  624.0, minPhero 0.01(232), stagnancy 20.0%
[35m[MSG][0m itr   437, best 5564.5713, time  625.5, minPhero 0.01(232), stagnancy 20.3%
[35m[MSG][0m itr   438, best 5564.5713, time  626.9, minPhero 0.01(232), stagnancy 20.7%
[35m[MSG][0m itr   439, best 5564.5713, time  628.4, minPhero 0.01(232), stagnancy 21.0%
[35m[MSG][0m itr   440, best 5564.5713, time  629.7, minPhero 0.01(232), stagnancy 21.3%
[35m[MSG][0m itr   441, best 5564.5713, time  631.2, minPhero 0.01(232), stagnancy 21.7%
[35m[MSG][0m itr   442, best 5564.5713, time  632.5, minPhero 0.01(232), stagnancy 22.0%
[35m[MSG][0m itr   443, best 5564.5713, time  633.9, minPhero 0.01(232), stagnancy 22.3%
[35m[MSG][0m itr   444, best 5564.5713, time  635.3, minPhero 0.01(232), stagnancy 22.7%
[35m[MSG][0m itr   445, best 5564.5713, time  636.6, minPhero 0.01(232), stagnancy 23.0%
[35m[MSG][0m itr   446, best 5564.5713, time  638.0, minPhero 0.01(232), stagnancy 23.3%
[35m[MSG][0m itr   447, best 5564.5713, time  639.3, minPhero 0.01(232), stagnancy 23.7%
[35m[MSG][0m itr   448, best 5564.5713, time  640.8, minPhero 0.01(232), stagnancy 24.0%
[35m[MSG][0m itr   449, best 5564.5713, time  642.2, minPhero 0.01(232), stagnancy 24.3%
[35m[MSG][0m itr   450, best 5564.5713, time  643.6, minPhero 0.01(232), stagnancy 24.7%
[35m[MSG][0m itr   451, best 5564.5713, time  645.1, minPhero 0.01(232), stagnancy 25.0%
[35m[MSG][0m itr   452, best 5564.5713, time  646.6, minPhero 0.01(232), stagnancy 25.3%
[35m[MSG][0m itr   453, best 5564.5713, time  648.0, minPhero 0.01(232), stagnancy 25.7%
[35m[MSG][0m itr   454, best 5564.5713, time  649.4, minPhero 0.01(232), stagnancy 26.0%
[35m[MSG][0m itr   455, best 5564.5713, time  650.8, minPhero 0.01(232), stagnancy 26.3%
[35m[MSG][0m itr   456, best 5564.5713, time  652.2, minPhero 0.01(232), stagnancy 26.7%
[35m[MSG][0m itr   457, best 5564.5645, time  653.6, minPhero 0.01(238), stagnancy 0.0%
[35m[MSG][0m itr   458, best 5564.5645, time  655.0, minPhero 0.01(238), stagnancy 0.3%
[35m[MSG][0m itr   459, best 5564.5645, time  656.4, minPhero 0.01(238), stagnancy 0.7%
[35m[MSG][0m itr   460, best 5564.5645, time  657.9, minPhero 0.01(238), stagnancy 1.0%
[35m[MSG][0m itr   461, best 5564.5645, time  659.3, minPhero 0.01(238), stagnancy 1.3%
[35m[MSG][0m itr   462, best 5564.5645, time  660.8, minPhero 0.01(238), stagnancy 1.7%
[35m[MSG][0m itr   463, best 5564.5645, time  662.3, minPhero 0.01(238), stagnancy 2.0%
[35m[MSG][0m itr   464, best 5564.5645, time  663.7, minPhero 0.01(238), stagnancy 2.3%
[35m[MSG][0m itr   465, best 5564.5645, time  665.1, minPhero 0.01(238), stagnancy 2.7%
[35m[MSG][0m itr   466, best 5564.5645, time  666.5, minPhero 0.01(238), stagnancy 3.0%
[35m[MSG][0m itr   467, best 5564.5645, time  668.0, minPhero 0.01(238), stagnancy 3.3%
[35m[MSG][0m itr   468, best 5564.5640, time  669.4, minPhero 0.01(238), stagnancy 0.0%
[35m[MSG][0m itr   469, best 5564.5640, time  670.9, minPhero 0.01(238), stagnancy 0.3%
[35m[MSG][0m itr   470, best 5564.5640, time  672.3, minPhero 0.01(238), stagnancy 0.7%
[35m[MSG][0m itr   471, best 5564.5640, time  673.8, minPhero 0.01(238), stagnancy 1.0%
[35m[MSG][0m itr   472, best 5564.5640, time  675.2, minPhero 0.01(238), stagnancy 1.3%
[35m[MSG][0m itr   473, best 5564.5640, time  676.6, minPhero 0.01(238), stagnancy 1.7%
[35m[MSG][0m itr   474, best 5564.5640, time  678.1, minPhero 0.01(238), stagnancy 2.0%
[35m[MSG][0m itr   475, best 5564.5640, time  679.5, minPhero 0.01(238), stagnancy 2.3%
[35m[MSG][0m itr   476, best 5564.5640, time  681.0, minPhero 0.01(238), stagnancy 2.7%
[35m[MSG][0m itr   477, best 5564.5640, time  682.4, minPhero 0.01(238), stagnancy 3.0%
[35m[MSG][0m itr   478, best 5564.5640, time  683.8, minPhero 0.01(238), stagnancy 3.3%
[35m[MSG][0m itr   479, best 5564.5640, time  685.3, minPhero 0.01(232), stagnancy 3.7%
[35m[MSG][0m itr   480, best 5564.5640, time  686.7, minPhero 0.01(232), stagnancy 4.0%
[35m[MSG][0m itr   481, best 5564.5640, time  688.1, minPhero 0.01(232), stagnancy 4.3%
[35m[MSG][0m itr   482, best 5564.5640, time  689.5, minPhero 0.01(232), stagnancy 4.7%
[35m[MSG][0m itr   483, best 5564.5640, time  691.0, minPhero 0.01(232), stagnancy 5.0%
[35m[MSG][0m itr   484, best 5564.5640, time  692.4, minPhero 0.01(232), stagnancy 5.3%
[35m[MSG][0m itr   485, best 5564.5640, time  693.8, minPhero 0.01(232), stagnancy 5.7%
[35m[MSG][0m itr   486, best 5564.5640, time  695.3, minPhero 0.01(232), stagnancy 6.0%
[35m[MSG][0m itr   487, best 5564.5640, time  696.7, minPhero 0.01(232), stagnancy 6.3%
[35m[MSG][0m itr   488, best 5564.5640, time  698.2, minPhero 0.01(232), stagnancy 6.7%
[35m[MSG][0m itr   489, best 5564.5640, time  699.6, minPhero 0.01(232), stagnancy 7.0%
[35m[MSG][0m itr   490, best 5564.5640, time  701.1, minPhero 0.01(232), stagnancy 7.3%
[35m[MSG][0m itr   491, best 5564.5640, time  702.5, minPhero 0.01(232), stagnancy 7.7%
[35m[MSG][0m itr   492, best 5564.5640, time  703.9, minPhero 0.01(232), stagnancy 8.0%
[35m[MSG][0m itr   493, best 5564.5640, time  705.4, minPhero 0.01(232), stagnancy 8.3%
[35m[MSG][0m itr   494, best 5564.5640, time  706.8, minPhero 0.01(232), stagnancy 8.7%
[35m[MSG][0m itr   495, best 5564.5640, time  708.3, minPhero 0.01(232), stagnancy 9.0%
[35m[MSG][0m itr   496, best 5564.5640, time  709.7, minPhero 0.01(232), stagnancy 9.3%
[35m[MSG][0m itr   497, best 5564.5640, time  711.2, minPhero 0.01(232), stagnancy 9.7%
[35m[MSG][0m itr   498, best 5564.5640, time  712.6, minPhero 0.01(232), stagnancy 10.0%
[35m[MSG][0m itr   499, best 5564.5640, time  714.0, minPhero 0.01(232), stagnancy 10.3%
[35m[MSG][0m itr   500, best 5564.5640, time  715.5, minPhero 0.01(232), stagnancy 10.7%
[35m[MSG][0m itr   501, best 5564.5640, time  716.9, minPhero 0.01(232), stagnancy 11.0%
[35m[MSG][0m itr   502, best 5564.5640, time  718.3, minPhero 0.01(232), stagnancy 11.3%
[35m[MSG][0m itr   503, best 5564.5640, time  719.7, minPhero 0.01(232), stagnancy 11.7%
[35m[MSG][0m itr   504, best 5564.5640, time  721.2, minPhero 0.01(232), stagnancy 12.0%
[35m[MSG][0m itr   505, best 5564.5640, time  722.6, minPhero 0.01(232), stagnancy 12.3%
[35m[MSG][0m itr   506, best 5564.5640, time  724.0, minPhero 0.01(232), stagnancy 12.7%
[35m[MSG][0m itr   507, best 5564.5640, time  725.5, minPhero 0.01(232), stagnancy 13.0%
[35m[MSG][0m itr   508, best 5564.5640, time  726.9, minPhero 0.01(232), stagnancy 13.3%
[35m[MSG][0m itr   509, best 5564.5640, time  728.4, minPhero 0.01(232), stagnancy 13.7%
[35m[MSG][0m itr   510, best 5563.9785, time  729.8, minPhero 0.01(237), stagnancy 0.0%
[35m[MSG][0m itr   511, best 5563.9785, time  731.2, minPhero 0.01(237), stagnancy 0.3%
[35m[MSG][0m itr   512, best 5563.9785, time  732.7, minPhero 0.01(237), stagnancy 0.7%
[35m[MSG][0m itr   513, best 5563.9785, time  734.1, minPhero 0.01(237), stagnancy 1.0%
[35m[MSG][0m itr   514, best 5563.9785, time  735.5, minPhero 0.01(237), stagnancy 1.3%
[35m[MSG][0m itr   515, best 5563.9399, time  737.0, minPhero 0.01(238), stagnancy 0.0%
[35m[MSG][0m itr   516, best 5563.9399, time  738.5, minPhero 0.01(238), stagnancy 0.3%
[35m[MSG][0m itr   517, best 5563.9399, time  739.9, minPhero 0.01(238), stagnancy 0.7%
[35m[MSG][0m itr   518, best 5563.9399, time  741.4, minPhero 0.01(238), stagnancy 1.0%
[35m[MSG][0m itr   519, best 5563.9399, time  742.8, minPhero 0.01(238), stagnancy 1.3%
[35m[MSG][0m itr   520, best 5563.9399, time  744.2, minPhero 0.01(238), stagnancy 1.7%
[35m[MSG][0m itr   521, best 5563.9399, time  745.7, minPhero 0.01(238), stagnancy 2.0%
[35m[MSG][0m itr   522, best 5563.9399, time  747.1, minPhero 0.01(238), stagnancy 2.3%
[35m[MSG][0m itr   523, best 5563.9399, time  748.6, minPhero 0.01(238), stagnancy 2.7%
[35m[MSG][0m itr   524, best 5563.9399, time  750.0, minPhero 0.01(238), stagnancy 3.0%
[35m[MSG][0m itr   525, best 5563.9399, time  751.4, minPhero 0.01(238), stagnancy 3.3%
[35m[MSG][0m itr   526, best 5563.9399, time  752.8, minPhero 0.01(238), stagnancy 3.7%
[35m[MSG][0m itr   527, best 5563.9399, time  754.3, minPhero 0.01(238), stagnancy 4.0%
[35m[MSG][0m itr   528, best 5563.9399, time  755.8, minPhero 0.01(238), stagnancy 4.3%
[35m[MSG][0m itr   529, best 5563.9399, time  757.1, minPhero 0.01(238), stagnancy 4.7%
[35m[MSG][0m itr   530, best 5563.9399, time  758.4, minPhero 0.01(238), stagnancy 5.0%
[35m[MSG][0m itr   531, best 5563.9399, time  759.8, minPhero 0.01(238), stagnancy 5.3%
[35m[MSG][0m itr   532, best 5563.9399, time  761.2, minPhero 0.01(234), stagnancy 5.7%
[35m[MSG][0m itr   533, best 5563.9399, time  762.6, minPhero 0.01(234), stagnancy 6.0%
[35m[MSG][0m itr   534, best 5563.9399, time  764.1, minPhero 0.01(233), stagnancy 6.3%
[35m[MSG][0m itr   535, best 5563.9399, time  765.5, minPhero 0.01(233), stagnancy 6.7%
[35m[MSG][0m itr   536, best 5563.9399, time  767.0, minPhero 0.01(233), stagnancy 7.0%
[35m[MSG][0m itr   537, best 5563.9399, time  768.4, minPhero 0.01(232), stagnancy 7.3%
[35m[MSG][0m itr   538, best 5563.9399, time  769.8, minPhero 0.01(232), stagnancy 7.7%
[35m[MSG][0m itr   539, best 5563.9399, time  771.2, minPhero 0.01(232), stagnancy 8.0%
[35m[MSG][0m itr   540, best 5563.9399, time  772.7, minPhero 0.01(232), stagnancy 8.3%
[35m[MSG][0m itr   541, best 5563.9399, time  774.1, minPhero 0.01(232), stagnancy 8.7%
[35m[MSG][0m itr   542, best 5563.9399, time  775.6, minPhero 0.01(232), stagnancy 9.0%
[35m[MSG][0m itr   543, best 5563.9395, time  777.0, minPhero 0.01(232), stagnancy 0.0%
[35m[MSG][0m itr   544, best 5563.9395, time  778.5, minPhero 0.01(232), stagnancy 0.3%
[35m[MSG][0m itr   545, best 5563.9395, time  779.9, minPhero 0.01(232), stagnancy 0.7%
[35m[MSG][0m itr   546, best 5563.9395, time  781.4, minPhero 0.01(232), stagnancy 1.0%
[35m[MSG][0m itr   547, best 5563.9395, time  782.8, minPhero 0.01(232), stagnancy 1.3%
[35m[MSG][0m itr   548, best 5563.9395, time  784.3, minPhero 0.01(232), stagnancy 1.7%
[35m[MSG][0m itr   549, best 5563.9395, time  785.7, minPhero 0.01(232), stagnancy 2.0%
[35m[MSG][0m itr   550, best 5563.9395, time  787.1, minPhero 0.01(232), stagnancy 2.3%
[35m[MSG][0m itr   551, best 5563.9395, time  788.6, minPhero 0.01(232), stagnancy 2.7%
[35m[MSG][0m itr   552, best 5563.9395, time  790.0, minPhero 0.01(232), stagnancy 3.0%
[35m[MSG][0m itr   553, best 5563.9395, time  791.4, minPhero 0.01(232), stagnancy 3.3%
[35m[MSG][0m itr   554, best 5563.9395, time  792.9, minPhero 0.01(232), stagnancy 3.7%
[35m[MSG][0m itr   555, best 5563.9395, time  794.3, minPhero 0.01(232), stagnancy 4.0%
[35m[MSG][0m itr   556, best 5563.9395, time  795.7, minPhero 0.01(232), stagnancy 4.3%
[35m[MSG][0m itr   557, best 5563.9395, time  797.1, minPhero 0.01(232), stagnancy 4.7%
[35m[MSG][0m itr   558, best 5563.9395, time  798.6, minPhero 0.01(232), stagnancy 5.0%
[35m[MSG][0m itr   559, best 5563.9395, time  800.0, minPhero 0.01(232), stagnancy 5.3%
[35m[MSG][0m itr   560, best 5563.9395, time  801.5, minPhero 0.01(232), stagnancy 5.7%
[35m[MSG][0m itr   561, best 5563.9395, time  802.9, minPhero 0.01(232), stagnancy 6.0%
[35m[MSG][0m itr   562, best 5563.9395, time  804.4, minPhero 0.01(232), stagnancy 6.3%
[35m[MSG][0m itr   563, best 5563.9395, time  805.8, minPhero 0.01(232), stagnancy 6.7%
[35m[MSG][0m itr   564, best 5563.9395, time  807.3, minPhero 0.01(232), stagnancy 7.0%
[35m[MSG][0m itr   565, best 5563.9395, time  808.7, minPhero 0.01(232), stagnancy 7.3%
[35m[MSG][0m itr   566, best 5563.9395, time  810.2, minPhero 0.01(232), stagnancy 7.7%
[35m[MSG][0m itr   567, best 5563.9395, time  811.6, minPhero 0.01(232), stagnancy 8.0%
[35m[MSG][0m itr   568, best 5563.9395, time  813.0, minPhero 0.01(232), stagnancy 8.3%
[35m[MSG][0m itr   569, best 5563.9395, time  814.5, minPhero 0.01(232), stagnancy 8.7%
[35m[MSG][0m itr   570, best 5563.9395, time  816.0, minPhero 0.01(232), stagnancy 9.0%
[35m[MSG][0m itr   571, best 5563.9395, time  817.4, minPhero 0.01(232), stagnancy 9.3%
[35m[MSG][0m itr   572, best 5563.9395, time  818.8, minPhero 0.01(232), stagnancy 9.7%
[35m[MSG][0m itr   573, best 5563.9395, time  820.3, minPhero 0.01(232), stagnancy 10.0%
[35m[MSG][0m itr   574, best 5563.9395, time  821.7, minPhero 0.01(232), stagnancy 10.3%
[35m[MSG][0m itr   575, best 5563.9395, time  823.1, minPhero 0.01(232), stagnancy 10.7%
[35m[MSG][0m itr   576, best 5563.9395, time  824.6, minPhero 0.01(232), stagnancy 11.0%
[35m[MSG][0m itr   577, best 5563.9395, time  826.0, minPhero 0.01(232), stagnancy 11.3%
[35m[MSG][0m itr   578, best 5563.9395, time  827.5, minPhero 0.01(232), stagnancy 11.7%
[35m[MSG][0m itr   579, best 5563.9395, time  828.9, minPhero 0.01(232), stagnancy 12.0%
[35m[MSG][0m itr   580, best 5563.9395, time  830.3, minPhero 0.01(232), stagnancy 12.3%
[35m[MSG][0m itr   581, best 5563.9395, time  831.8, minPhero 0.01(232), stagnancy 12.7%
[35m[MSG][0m itr   582, best 5563.9395, time  833.3, minPhero 0.01(232), stagnancy 13.0%
[35m[MSG][0m itr   583, best 5563.9395, time  834.7, minPhero 0.01(232), stagnancy 13.3%
[35m[MSG][0m itr   584, best 5563.9395, time  836.2, minPhero 0.01(232), stagnancy 13.7%
[35m[MSG][0m itr   585, best 5563.9395, time  837.6, minPhero 0.01(232), stagnancy 14.0%
[35m[MSG][0m itr   586, best 5563.9395, time  839.0, minPhero 0.01(232), stagnancy 14.3%
[35m[MSG][0m itr   587, best 5563.9395, time  840.5, minPhero 0.01(232), stagnancy 14.7%
[35m[MSG][0m itr   588, best 5563.9395, time  841.9, minPhero 0.01(232), stagnancy 15.0%
[35m[MSG][0m itr   589, best 5563.9395, time  843.3, minPhero 0.01(232), stagnancy 15.3%
[35m[MSG][0m itr   590, best 5563.9395, time  844.7, minPhero 0.01(232), stagnancy 15.7%
[35m[MSG][0m itr   591, best 5563.9395, time  846.2, minPhero 0.01(232), stagnancy 16.0%
[35m[MSG][0m itr   592, best 5563.9395, time  847.6, minPhero 0.01(232), stagnancy 16.3%
[35m[MSG][0m itr   593, best 5563.9395, time  849.1, minPhero 0.01(232), stagnancy 16.7%
[35m[MSG][0m itr   594, best 5563.9395, time  850.5, minPhero 0.01(232), stagnancy 17.0%
[35m[MSG][0m itr   595, best 5563.9395, time  851.9, minPhero 0.01(232), stagnancy 17.3%
[35m[MSG][0m itr   596, best 5563.9395, time  853.4, minPhero 0.01(232), stagnancy 17.7%
[35m[MSG][0m itr   597, best 5563.9395, time  854.8, minPhero 0.01(232), stagnancy 18.0%
[35m[MSG][0m itr   598, best 5563.9395, time  856.2, minPhero 0.01(232), stagnancy 18.3%
[35m[MSG][0m itr   599, best 5563.9395, time  857.6, minPhero 0.01(232), stagnancy 18.7%
[35m[MSG][0m itr   600, best 5563.9395, time  859.1, minPhero 0.01(232), stagnancy 19.0%
[35m[MSG][0m itr   601, best 5563.9395, time  860.5, minPhero 0.01(232), stagnancy 19.3%
[35m[MSG][0m itr   602, best 5563.9395, time  862.0, minPhero 0.01(232), stagnancy 19.7%
[35m[MSG][0m itr   603, best 5563.9395, time  863.4, minPhero 0.01(232), stagnancy 20.0%
[35m[MSG][0m itr   604, best 5563.9395, time  864.9, minPhero 0.01(232), stagnancy 20.3%
[35m[MSG][0m itr   605, best 5563.9395, time  866.3, minPhero 0.01(232), stagnancy 20.7%
[35m[MSG][0m itr   606, best 5563.9395, time  867.8, minPhero 0.01(232), stagnancy 21.0%
[35m[MSG][0m itr   607, best 5563.9395, time  869.2, minPhero 0.01(232), stagnancy 21.3%
[35m[MSG][0m itr   608, best 5563.9395, time  870.6, minPhero 0.01(232), stagnancy 21.7%
[35m[MSG][0m itr   609, best 5563.9395, time  872.1, minPhero 0.01(232), stagnancy 22.0%
[35m[MSG][0m itr   610, best 5563.9395, time  873.5, minPhero 0.01(232), stagnancy 22.3%
[35m[MSG][0m itr   611, best 5563.9395, time  875.0, minPhero 0.01(232), stagnancy 22.7%
[35m[MSG][0m itr   612, best 5563.9395, time  876.4, minPhero 0.01(232), stagnancy 23.0%
[35m[MSG][0m itr   613, best 5563.9395, time  877.9, minPhero 0.01(232), stagnancy 23.3%
[35m[MSG][0m itr   614, best 5563.9395, time  879.3, minPhero 0.01(232), stagnancy 23.7%
[35m[MSG][0m itr   615, best 5563.9395, time  880.8, minPhero 0.01(232), stagnancy 24.0%
[35m[MSG][0m itr   616, best 5563.9395, time  882.2, minPhero 0.01(232), stagnancy 24.3%
[35m[MSG][0m itr   617, best 5563.9395, time  883.5, minPhero 0.01(232), stagnancy 24.7%
[35m[MSG][0m itr   618, best 5563.9395, time  884.9, minPhero 0.01(232), stagnancy 25.0%
[35m[MSG][0m itr   619, best 5563.9395, time  886.3, minPhero 0.01(232), stagnancy 25.3%
[35m[MSG][0m itr   620, best 5563.9395, time  887.7, minPhero 0.01(232), stagnancy 25.7%
[35m[MSG][0m itr   621, best 5563.9395, time  889.2, minPhero 0.01(232), stagnancy 26.0%
[35m[MSG][0m itr   622, best 5563.9395, time  890.6, minPhero 0.01(232), stagnancy 26.3%
[35m[MSG][0m itr   623, best 5563.9395, time  892.1, minPhero 0.01(232), stagnancy 26.7%
[35m[MSG][0m itr   624, best 5563.9395, time  893.5, minPhero 0.01(232), stagnancy 27.0%
[35m[MSG][0m itr   625, best 5563.9395, time  894.9, minPhero 0.01(232), stagnancy 27.3%
[35m[MSG][0m itr   626, best 5563.9395, time  896.4, minPhero 0.01(232), stagnancy 27.7%
[35m[MSG][0m itr   627, best 5563.9395, time  897.8, minPhero 0.01(232), stagnancy 28.0%
[35m[MSG][0m itr   628, best 5563.9395, time  899.2, minPhero 0.01(232), stagnancy 28.3%
[35m[MSG][0m itr   629, best 5563.9395, time  900.7, minPhero 0.01(232), stagnancy 28.7%
[35m[MSG][0m itr   630, best 5563.9395, time  902.1, minPhero 0.01(232), stagnancy 29.0%
[35m[MSG][0m itr   631, best 5563.9395, time  903.6, minPhero 0.01(232), stagnancy 29.3%
[35m[MSG][0m itr   632, best 5563.9395, time  905.0, minPhero 0.01(232), stagnancy 29.7%
[35m[MSG][0m itr   633, best 5563.9395, time  906.5, minPhero 0.01(232), stagnancy 30.0%
[35m[MSG][0m itr   634, best 5563.9395, time  907.8, minPhero 0.01(232), stagnancy 30.3%
[35m[MSG][0m itr   635, best 5563.9395, time  909.2, minPhero 0.01(232), stagnancy 30.7%
[35m[MSG][0m itr   636, best 5563.9395, time  910.6, minPhero 0.01(232), stagnancy 31.0%
[35m[MSG][0m itr   637, best 5563.9395, time  912.0, minPhero 0.01(232), stagnancy 31.3%
[35m[MSG][0m itr   638, best 5563.9395, time  913.4, minPhero 0.01(232), stagnancy 31.7%
[35m[MSG][0m itr   639, best 5563.9395, time  914.8, minPhero 0.01(232), stagnancy 32.0%
[35m[MSG][0m itr   640, best 5563.9395, time  916.2, minPhero 0.01(232), stagnancy 32.3%
[35m[MSG][0m itr   641, best 5563.9395, time  917.7, minPhero 0.01(232), stagnancy 32.7%
[35m[MSG][0m itr   642, best 5563.9395, time  919.1, minPhero 0.01(232), stagnancy 33.0%
[35m[MSG][0m itr   643, best 5563.9395, time  920.6, minPhero 0.01(232), stagnancy 33.3%
[35m[MSG][0m itr   644, best 5563.9395, time  922.0, minPhero 0.01(232), stagnancy 33.7%
[35m[MSG][0m itr   645, best 5563.9395, time  923.5, minPhero 0.01(232), stagnancy 34.0%
[35m[MSG][0m itr   646, best 5563.9395, time  924.9, minPhero 0.01(232), stagnancy 34.3%
[35m[MSG][0m itr   647, best 5563.9395, time  926.4, minPhero 0.01(232), stagnancy 34.7%
[35m[MSG][0m itr   648, best 5563.9395, time  927.8, minPhero 0.01(232), stagnancy 35.0%
[35m[MSG][0m itr   649, best 5563.9395, time  929.2, minPhero 0.01(232), stagnancy 35.3%
[35m[MSG][0m itr   650, best 5563.9395, time  930.7, minPhero 0.01(232), stagnancy 35.7%
[35m[MSG][0m itr   651, best 5563.9395, time  932.1, minPhero 0.01(232), stagnancy 36.0%
[35m[MSG][0m itr   652, best 5563.9395, time  933.6, minPhero 0.01(232), stagnancy 36.3%
[35m[MSG][0m itr   653, best 5563.9395, time  935.0, minPhero 0.01(232), stagnancy 36.7%
[35m[MSG][0m itr   654, best 5563.9395, time  936.5, minPhero 0.01(232), stagnancy 37.0%
[35m[MSG][0m itr   655, best 5563.9395, time  937.9, minPhero 0.01(232), stagnancy 37.3%
[35m[MSG][0m itr   656, best 5563.9395, time  939.3, minPhero 0.01(232), stagnancy 37.7%
[35m[MSG][0m itr   657, best 5563.9395, time  940.8, minPhero 0.01(232), stagnancy 38.0%
[35m[MSG][0m itr   658, best 5563.9395, time  942.2, minPhero 0.01(232), stagnancy 38.3%
[35m[MSG][0m itr   659, best 5563.9395, time  943.6, minPhero 0.01(232), stagnancy 38.7%
[35m[MSG][0m itr   660, best 5563.9395, time  945.1, minPhero 0.01(232), stagnancy 39.0%
[35m[MSG][0m itr   661, best 5563.9395, time  946.5, minPhero 0.01(232), stagnancy 39.3%
[35m[MSG][0m itr   662, best 5563.9395, time  948.0, minPhero 0.01(232), stagnancy 39.7%
[35m[MSG][0m itr   663, best 5563.9395, time  949.4, minPhero 0.01(232), stagnancy 40.0%
[35m[MSG][0m itr   664, best 5563.9395, time  950.8, minPhero 0.01(232), stagnancy 40.3%
[35m[MSG][0m itr   665, best 5563.9395, time  952.2, minPhero 0.01(232), stagnancy 40.7%
[35m[MSG][0m itr   666, best 5563.9395, time  953.7, minPhero 0.01(232), stagnancy 41.0%
[35m[MSG][0m itr   667, best 5563.9395, time  955.1, minPhero 0.01(232), stagnancy 41.3%
[35m[MSG][0m itr   668, best 5563.9395, time  956.5, minPhero 0.01(232), stagnancy 41.7%
[35m[MSG][0m itr   669, best 5563.9395, time  958.0, minPhero 0.01(232), stagnancy 42.0%
[35m[MSG][0m itr   670, best 5563.9395, time  959.5, minPhero 0.01(232), stagnancy 42.3%
[35m[MSG][0m itr   671, best 5563.9395, time  960.9, minPhero 0.01(232), stagnancy 42.7%
[35m[MSG][0m itr   672, best 5563.9395, time  962.4, minPhero 0.01(232), stagnancy 43.0%
[35m[MSG][0m itr   673, best 5563.9395, time  963.8, minPhero 0.01(232), stagnancy 43.3%
[35m[MSG][0m itr   674, best 5563.9395, time  965.3, minPhero 0.01(232), stagnancy 43.7%
[35m[MSG][0m itr   675, best 5563.9395, time  966.7, minPhero 0.01(232), stagnancy 44.0%
[35m[MSG][0m itr   676, best 5563.9395, time  968.2, minPhero 0.01(232), stagnancy 44.3%
[35m[MSG][0m itr   677, best 5563.9395, time  969.6, minPhero 0.01(232), stagnancy 44.7%
[35m[MSG][0m itr   678, best 5563.9395, time  971.0, minPhero 0.01(232), stagnancy 45.0%
[35m[MSG][0m itr   679, best 5563.9395, time  972.5, minPhero 0.01(232), stagnancy 45.3%
[35m[MSG][0m itr   680, best 5563.9395, time  973.9, minPhero 0.01(232), stagnancy 45.7%
[35m[MSG][0m itr   681, best 5563.9395, time  975.3, minPhero 0.01(232), stagnancy 46.0%
[35m[MSG][0m itr   682, best 5563.9395, time  976.8, minPhero 0.01(232), stagnancy 46.3%
[35m[MSG][0m itr   683, best 5563.9395, time  978.2, minPhero 0.01(232), stagnancy 46.7%
[35m[MSG][0m itr   684, best 5563.9395, time  979.6, minPhero 0.01(232), stagnancy 47.0%
[35m[MSG][0m itr   685, best 5563.9395, time  981.0, minPhero 0.01(232), stagnancy 47.3%
[35m[MSG][0m itr   686, best 5563.9395, time  982.5, minPhero 0.01(232), stagnancy 47.7%
[35m[MSG][0m itr   687, best 5563.9395, time  983.9, minPhero 0.01(232), stagnancy 48.0%
[35m[MSG][0m itr   688, best 5563.9395, time  985.3, minPhero 0.01(232), stagnancy 48.3%
[35m[MSG][0m itr   689, best 5563.9395, time  986.8, minPhero 0.01(232), stagnancy 48.7%
[35m[MSG][0m itr   690, best 5563.9395, time  988.2, minPhero 0.01(232), stagnancy 49.0%
[35m[MSG][0m itr   691, best 5563.9395, time  989.7, minPhero 0.01(232), stagnancy 49.3%
[35m[MSG][0m itr   692, best 5563.9395, time  991.1, minPhero 0.01(232), stagnancy 49.7%
[35m[MSG][0m itr   693, best 5563.9395, time  992.6, minPhero 0.01(232), stagnancy 50.0%
[35m[MSG][0m itr   694, best 5563.9395, time  994.0, minPhero 0.01(232), stagnancy 50.3%
[35m[MSG][0m itr   695, best 5563.9395, time  995.5, minPhero 0.01(232), stagnancy 50.7%
[35m[MSG][0m itr   696, best 5563.9395, time  996.9, minPhero 0.01(232), stagnancy 51.0%
[35m[MSG][0m itr   697, best 5563.9395, time  998.3, minPhero 0.01(232), stagnancy 51.3%
[35m[MSG][0m itr   698, best 5563.9395, time  999.8, minPhero 0.01(232), stagnancy 51.7%
[35m[MSG][0m itr   699, best 5563.9395, time 1001.2, minPhero 0.01(232), stagnancy 52.0%
[35m[MSG][0m itr   700, best 5563.9395, time 1002.7, minPhero 0.01(232), stagnancy 52.3%
[35m[MSG][0m itr   701, best 5563.9395, time 1004.1, minPhero 0.01(232), stagnancy 52.7%
[35m[MSG][0m itr   702, best 5563.9395, time 1005.6, minPhero 0.01(232), stagnancy 53.0%
[35m[MSG][0m itr   703, best 5563.9395, time 1007.0, minPhero 0.01(232), stagnancy 53.3%
[35m[MSG][0m itr   704, best 5563.9395, time 1008.4, minPhero 0.01(232), stagnancy 53.7%
[35m[MSG][0m itr   705, best 5563.9395, time 1009.8, minPhero 0.01(232), stagnancy 54.0%
[35m[MSG][0m itr   706, best 5563.9395, time 1011.3, minPhero 0.01(232), stagnancy 54.3%
[35m[MSG][0m itr   707, best 5563.9395, time 1012.7, minPhero 0.01(232), stagnancy 54.7%
[35m[MSG][0m itr   708, best 5563.9395, time 1014.2, minPhero 0.01(232), stagnancy 55.0%
[35m[MSG][0m itr   709, best 5563.9395, time 1015.6, minPhero 0.01(232), stagnancy 55.3%
[35m[MSG][0m itr   710, best 5563.9395, time 1017.0, minPhero 0.01(232), stagnancy 55.7%
[35m[MSG][0m itr   711, best 5563.9395, time 1018.5, minPhero 0.01(232), stagnancy 56.0%
[35m[MSG][0m itr   712, best 5563.9395, time 1019.9, minPhero 0.01(232), stagnancy 56.3%
[35m[MSG][0m itr   713, best 5563.9395, time 1021.3, minPhero 0.01(232), stagnancy 56.7%
[35m[MSG][0m itr   714, best 5563.9395, time 1022.8, minPhero 0.01(232), stagnancy 57.0%
[35m[MSG][0m itr   715, best 5563.9395, time 1024.2, minPhero 0.01(232), stagnancy 57.3%
[35m[MSG][0m itr   716, best 5563.9395, time 1025.7, minPhero 0.01(232), stagnancy 57.7%
[35m[MSG][0m itr   717, best 5563.9395, time 1027.2, minPhero 0.01(232), stagnancy 58.0%
[35m[MSG][0m itr   718, best 5563.9395, time 1028.6, minPhero 0.01(232), stagnancy 58.3%
[35m[MSG][0m itr   719, best 5563.9395, time 1030.0, minPhero 0.01(232), stagnancy 58.7%
[35m[MSG][0m itr   720, best 5563.9395, time 1031.5, minPhero 0.01(232), stagnancy 59.0%
[35m[MSG][0m itr   721, best 5563.9395, time 1032.8, minPhero 0.01(232), stagnancy 59.3%
[35m[MSG][0m itr   722, best 5563.9395, time 1034.2, minPhero 0.01(232), stagnancy 59.7%
[35m[MSG][0m itr   723, best 5563.9395, time 1035.6, minPhero 0.01(232), stagnancy 60.0%
[35m[MSG][0m itr   724, best 5563.9395, time 1037.1, minPhero 0.01(232), stagnancy 60.3%
[35m[MSG][0m itr   725, best 5563.9395, time 1038.5, minPhero 0.01(232), stagnancy 60.7%
[35m[MSG][0m itr   726, best 5563.9395, time 1040.0, minPhero 0.01(232), stagnancy 61.0%
[35m[MSG][0m itr   727, best 5563.9395, time 1041.4, minPhero 0.01(232), stagnancy 61.3%
[35m[MSG][0m itr   728, best 5563.9395, time 1042.8, minPhero 0.01(232), stagnancy 61.7%
[35m[MSG][0m itr   729, best 5563.9395, time 1044.2, minPhero 0.01(232), stagnancy 62.0%
[35m[MSG][0m itr   730, best 5563.9395, time 1045.6, minPhero 0.01(232), stagnancy 62.3%
[35m[MSG][0m itr   731, best 5563.9395, time 1047.1, minPhero 0.01(232), stagnancy 62.7%
[35m[MSG][0m itr   732, best 5563.9395, time 1048.5, minPhero 0.01(232), stagnancy 63.0%
[35m[MSG][0m itr   733, best 5563.9395, time 1049.9, minPhero 0.01(232), stagnancy 63.3%
[35m[MSG][0m itr   734, best 5563.9395, time 1051.3, minPhero 0.01(232), stagnancy 63.7%
[35m[MSG][0m itr   735, best 5563.9395, time 1052.8, minPhero 0.01(232), stagnancy 64.0%
[35m[MSG][0m itr   736, best 5563.9395, time 1054.2, minPhero 0.01(232), stagnancy 64.3%
[35m[MSG][0m itr   737, best 5563.9395, time 1055.6, minPhero 0.01(232), stagnancy 64.7%
[35m[MSG][0m itr   738, best 5563.9395, time 1057.0, minPhero 0.01(232), stagnancy 65.0%
[35m[MSG][0m itr   739, best 5563.9395, time 1058.5, minPhero 0.01(232), stagnancy 65.3%
[35m[MSG][0m itr   740, best 5563.9395, time 1060.0, minPhero 0.01(232), stagnancy 65.7%
[35m[MSG][0m itr   741, best 5563.9395, time 1061.4, minPhero 0.01(232), stagnancy 66.0%
[35m[MSG][0m itr   742, best 5563.9395, time 1062.8, minPhero 0.01(232), stagnancy 66.3%
[35m[MSG][0m itr   743, best 5563.9395, time 1064.3, minPhero 0.01(232), stagnancy 66.7%
[35m[MSG][0m itr   744, best 5563.9395, time 1065.7, minPhero 0.01(232), stagnancy 67.0%
[35m[MSG][0m itr   745, best 5563.9395, time 1067.1, minPhero 0.01(232), stagnancy 67.3%
[35m[MSG][0m itr   746, best 5563.9395, time 1068.5, minPhero 0.01(232), stagnancy 67.7%
[35m[MSG][0m itr   747, best 5563.9395, time 1069.9, minPhero 0.01(232), stagnancy 68.0%
[35m[MSG][0m itr   748, best 5563.9395, time 1071.4, minPhero 0.01(232), stagnancy 68.3%
[35m[MSG][0m itr   749, best 5563.9395, time 1072.8, minPhero 0.01(232), stagnancy 68.7%
[35m[MSG][0m itr   750, best 5563.9395, time 1074.2, minPhero 0.01(232), stagnancy 69.0%
[35m[MSG][0m itr   751, best 5563.9395, time 1075.7, minPhero 0.01(232), stagnancy 69.3%
[35m[MSG][0m itr   752, best 5563.9395, time 1077.1, minPhero 0.01(232), stagnancy 69.7%
[35m[MSG][0m itr   753, best 5563.9395, time 1078.5, minPhero 0.01(232), stagnancy 70.0%
[35m[MSG][0m itr   754, best 5563.9395, time 1080.0, minPhero 0.01(232), stagnancy 70.3%
[35m[MSG][0m itr   755, best 5563.9395, time 1081.4, minPhero 0.01(232), stagnancy 70.7%
[35m[MSG][0m itr   756, best 5563.9395, time 1082.9, minPhero 0.01(232), stagnancy 71.0%
[35m[MSG][0m itr   757, best 5563.9395, time 1084.4, minPhero 0.01(232), stagnancy 71.3%
[35m[MSG][0m itr   758, best 5563.9395, time 1085.8, minPhero 0.01(232), stagnancy 71.7%
[35m[MSG][0m itr   759, best 5563.9395, time 1087.2, minPhero 0.01(232), stagnancy 72.0%
[35m[MSG][0m itr   760, best 5563.9395, time 1088.7, minPhero 0.01(232), stagnancy 72.3%
[35m[MSG][0m itr   761, best 5563.9395, time 1090.1, minPhero 0.01(232), stagnancy 72.7%
[35m[MSG][0m itr   762, best 5563.9395, time 1091.5, minPhero 0.01(232), stagnancy 73.0%
[35m[MSG][0m itr   763, best 5563.9395, time 1093.0, minPhero 0.01(232), stagnancy 73.3%
[35m[MSG][0m itr   764, best 5563.9395, time 1094.4, minPhero 0.01(232), stagnancy 73.7%
[35m[MSG][0m itr   765, best 5563.9395, time 1095.9, minPhero 0.01(232), stagnancy 74.0%
[35m[MSG][0m itr   766, best 5563.9395, time 1097.4, minPhero 0.01(232), stagnancy 74.3%
[35m[MSG][0m itr   767, best 5563.9395, time 1098.8, minPhero 0.01(232), stagnancy 74.7%
[35m[MSG][0m itr   768, best 5563.9395, time 1100.2, minPhero 0.01(232), stagnancy 75.0%
[35m[MSG][0m itr   769, best 5563.9395, time 1101.7, minPhero 0.01(232), stagnancy 75.3%
[35m[MSG][0m itr   770, best 5563.9395, time 1103.1, minPhero 0.01(232), stagnancy 75.7%
[35m[MSG][0m itr   771, best 5563.9395, time 1104.5, minPhero 0.01(232), stagnancy 76.0%
[35m[MSG][0m itr   772, best 5563.9395, time 1106.0, minPhero 0.01(232), stagnancy 76.3%
[35m[MSG][0m itr   773, best 5563.9395, time 1107.4, minPhero 0.01(232), stagnancy 76.7%
[35m[MSG][0m itr   774, best 5563.9395, time 1108.8, minPhero 0.01(232), stagnancy 77.0%
[35m[MSG][0m itr   775, best 5563.9395, time 1110.3, minPhero 0.01(232), stagnancy 77.3%
[35m[MSG][0m itr   776, best 5563.9395, time 1111.7, minPhero 0.01(232), stagnancy 77.7%
[35m[MSG][0m itr   777, best 5563.9395, time 1113.1, minPhero 0.01(232), stagnancy 78.0%
[35m[MSG][0m itr   778, best 5563.9395, time 1114.6, minPhero 0.01(232), stagnancy 78.3%
[35m[MSG][0m itr   779, best 5563.9395, time 1116.0, minPhero 0.01(232), stagnancy 78.7%
[35m[MSG][0m itr   780, best 5563.9395, time 1117.4, minPhero 0.01(232), stagnancy 79.0%
[35m[MSG][0m itr   781, best 5563.9395, time 1118.9, minPhero 0.01(232), stagnancy 79.3%
[35m[MSG][0m itr   782, best 5563.9395, time 1120.3, minPhero 0.01(232), stagnancy 79.7%
[35m[MSG][0m itr   783, best 5563.9395, time 1121.7, minPhero 0.01(232), stagnancy 80.0%
[35m[MSG][0m itr   784, best 5563.9395, time 1123.2, minPhero 0.01(232), stagnancy 80.3%
[35m[MSG][0m itr   785, best 5563.9395, time 1124.6, minPhero 0.01(232), stagnancy 80.7%
[35m[MSG][0m itr   786, best 5563.9395, time 1126.0, minPhero 0.01(232), stagnancy 81.0%
[35m[MSG][0m itr   787, best 5563.9395, time 1127.5, minPhero 0.01(232), stagnancy 81.3%
[35m[MSG][0m itr   788, best 5563.9395, time 1128.9, minPhero 0.01(232), stagnancy 81.7%
[35m[MSG][0m itr   789, best 5563.9395, time 1130.4, minPhero 0.01(232), stagnancy 82.0%
[35m[MSG][0m itr   790, best 5563.9395, time 1131.8, minPhero 0.01(232), stagnancy 82.3%
[35m[MSG][0m itr   791, best 5563.9395, time 1133.2, minPhero 0.01(232), stagnancy 82.7%
[35m[MSG][0m itr   792, best 5563.9395, time 1134.7, minPhero 0.01(232), stagnancy 83.0%
[35m[MSG][0m itr   793, best 5563.9395, time 1136.1, minPhero 0.01(232), stagnancy 83.3%
[35m[MSG][0m itr   794, best 5563.9395, time 1137.6, minPhero 0.01(232), stagnancy 83.7%
[35m[MSG][0m itr   795, best 5563.9395, time 1139.0, minPhero 0.01(232), stagnancy 84.0%
[35m[MSG][0m itr   796, best 5563.9395, time 1140.5, minPhero 0.01(232), stagnancy 84.3%
[35m[MSG][0m itr   797, best 5563.9395, time 1141.9, minPhero 0.01(232), stagnancy 84.7%
[35m[MSG][0m itr   798, best 5563.9395, time 1143.2, minPhero 0.01(232), stagnancy 85.0%
[35m[MSG][0m itr   799, best 5563.9395, time 1144.7, minPhero 0.01(232), stagnancy 85.3%
[35m[MSG][0m itr   800, best 5563.9395, time 1146.1, minPhero 0.01(232), stagnancy 85.7%
[35m[MSG][0m itr   801, best 5563.9395, time 1147.5, minPhero 0.01(232), stagnancy 86.0%
[35m[MSG][0m itr   802, best 5563.9395, time 1149.0, minPhero 0.01(232), stagnancy 86.3%
[35m[MSG][0m itr   803, best 5563.9395, time 1150.4, minPhero 0.01(232), stagnancy 86.7%
[35m[MSG][0m itr   804, best 5563.9395, time 1151.9, minPhero 0.01(232), stagnancy 87.0%
[35m[MSG][0m itr   805, best 5563.9395, time 1153.3, minPhero 0.01(232), stagnancy 87.3%
[35m[MSG][0m itr   806, best 5563.9395, time 1154.8, minPhero 0.01(232), stagnancy 87.7%
[35m[MSG][0m itr   807, best 5563.9395, time 1156.2, minPhero 0.01(232), stagnancy 88.0%
[35m[MSG][0m itr   808, best 5563.9395, time 1157.6, minPhero 0.01(232), stagnancy 88.3%
[35m[MSG][0m itr   809, best 5563.9395, time 1159.0, minPhero 0.01(232), stagnancy 88.7%
[35m[MSG][0m itr   810, best 5563.9395, time 1160.5, minPhero 0.01(232), stagnancy 89.0%
[35m[MSG][0m itr   811, best 5563.9395, time 1161.9, minPhero 0.01(232), stagnancy 89.3%
[35m[MSG][0m itr   812, best 5563.9395, time 1163.3, minPhero 0.01(232), stagnancy 89.7%
[35m[MSG][0m itr   813, best 5563.9395, time 1164.7, minPhero 0.01(232), stagnancy 90.0%
[35m[MSG][0m itr   814, best 5563.9395, time 1166.1, minPhero 0.01(232), stagnancy 90.3%
[35m[MSG][0m itr   815, best 5563.9395, time 1167.6, minPhero 0.01(232), stagnancy 90.7%
[35m[MSG][0m itr   816, best 5563.9395, time 1169.0, minPhero 0.01(232), stagnancy 91.0%
[35m[MSG][0m itr   817, best 5563.9395, time 1170.4, minPhero 0.01(232), stagnancy 91.3%
[35m[MSG][0m itr   818, best 5563.9395, time 1171.9, minPhero 0.01(232), stagnancy 91.7%
[35m[MSG][0m itr   819, best 5563.9395, time 1173.2, minPhero 0.01(232), stagnancy 92.0%
[35m[MSG][0m itr   820, best 5563.9395, time 1174.5, minPhero 0.01(232), stagnancy 92.3%
[35m[MSG][0m itr   821, best 5563.9395, time 1175.8, minPhero 0.01(232), stagnancy 92.7%
[35m[MSG][0m itr   822, best 5563.9395, time 1177.1, minPhero 0.01(232), stagnancy 93.0%
[35m[MSG][0m itr   823, best 5563.9395, time 1178.4, minPhero 0.01(232), stagnancy 93.3%
[35m[MSG][0m itr   824, best 5563.9395, time 1179.7, minPhero 0.01(232), stagnancy 93.7%
[35m[MSG][0m itr   825, best 5563.9395, time 1181.0, minPhero 0.01(232), stagnancy 94.0%
[35m[MSG][0m itr   826, best 5563.9395, time 1182.4, minPhero 0.01(232), stagnancy 94.3%
[35m[MSG][0m itr   827, best 5563.9395, time 1183.9, minPhero 0.01(232), stagnancy 94.7%
[35m[MSG][0m itr   828, best 5563.9395, time 1185.3, minPhero 0.01(232), stagnancy 95.0%
[35m[MSG][0m itr   829, best 5563.9395, time 1186.7, minPhero 0.01(232), stagnancy 95.3%
[35m[MSG][0m itr   830, best 5563.9395, time 1188.1, minPhero 0.01(232), stagnancy 95.7%
[35m[MSG][0m itr   831, best 5563.9395, time 1189.6, minPhero 0.01(232), stagnancy 96.0%
[35m[MSG][0m itr   832, best 5563.9395, time 1191.0, minPhero 0.01(232), stagnancy 96.3%
[35m[MSG][0m itr   833, best 5563.9395, time 1192.4, minPhero 0.01(232), stagnancy 96.7%
[35m[MSG][0m itr   834, best 5563.9395, time 1193.7, minPhero 0.01(232), stagnancy 97.0%
[35m[MSG][0m itr   835, best 5563.9395, time 1195.2, minPhero 0.01(232), stagnancy 97.3%
[35m[MSG][0m itr   836, best 5563.9395, time 1196.6, minPhero 0.01(232), stagnancy 97.7%
[35m[MSG][0m itr   837, best 5563.9395, time 1198.1, minPhero 0.01(232), stagnancy 98.0%
[35m[MSG][0m itr   838, best 5563.9395, time 1199.5, minPhero 0.01(232), stagnancy 98.3%
[35m[MSG][0m itr   839, best 5563.9395, time 1201.0, minPhero 0.01(232), stagnancy 98.7%
[35m[MSG][0m itr   840, best 5563.9395, time 1202.4, minPhero 0.01(232), stagnancy 99.0%
[35m[MSG][0m itr   841, best 5563.9395, time 1203.8, minPhero 0.01(232), stagnancy 99.3%
[35m[MSG][0m itr   842, best 5563.9395, time 1205.3, minPhero 0.01(232), stagnancy 99.7%
[35m[MSG][0m itr   843, best 5563.9395, time 1206.8, minPhero 0.01(232), stagnancy 100.0%
[35m[MSG][0m Solution converged. Reinitialising pheromones...
[35m[MSG][0m Time: 1206.76 s
[35m[MSG][0m Best cost: 5563.94
