[35m[MSG][0m Log level set to LOG_DEBUG
[35m[MSG][0m Parsing input from file "res/fruitybun250_2016.vrp"
[35m[MSG][0m Number of nodes: 250
[35m[MSG][0m Running ACO search
[35m[MSG][0m ACO settings: 
 alpha:     8.000
 beta:      1.000
 pers:      0.850
 minPhero:  0.015
 nbhood:    10
 popSize:   512
 maxStag:   300
[35m[MSG][0m itr     1, best 5756.1562, time    1.5, minPhero 0.85(28922), stagnancy 0.0%
[35m[MSG][0m itr     2, best 5756.1562, time    3.1, minPhero 0.72(28922), stagnancy 0.3%
[35m[MSG][0m itr     3, best 5756.1562, time    4.6, minPhero 0.61(28922), stagnancy 0.7%
[35m[MSG][0m itr     4, best 5756.1562, time    6.6, minPhero 0.52(28922), stagnancy 1.0%
[35m[MSG][0m itr     5, best 5754.3633, time    8.1, minPhero 0.44(28922), stagnancy 0.0%
[35m[MSG][0m itr     6, best 5719.3750, time    9.9, minPhero 0.38(28922), stagnancy 0.0%
[35m[MSG][0m itr     7, best 5689.0952, time   11.5, minPhero 0.32(28922), stagnancy 0.0%
[35m[MSG][0m itr     8, best 5689.0952, time   13.0, minPhero 0.27(28922), stagnancy 0.3%
[35m[MSG][0m itr     9, best 5689.0952, time   14.5, minPhero 0.23(28922), stagnancy 0.7%
[35m[MSG][0m itr    10, best 5689.0952, time   16.1, minPhero 0.20(28922), stagnancy 1.0%
[35m[MSG][0m itr    11, best 5689.0952, time   17.6, minPhero 0.17(28922), stagnancy 1.3%
[35m[MSG][0m itr    12, best 5689.0952, time   19.2, minPhero 0.14(28922), stagnancy 1.7%
[35m[MSG][0m itr    13, best 5689.0952, time   21.0, minPhero 0.12(28922), stagnancy 2.0%
[35m[MSG][0m itr    14, best 5678.5410, time   22.5, minPhero 0.10(28922), stagnancy 0.0%
[35m[MSG][0m itr    15, best 5678.5410, time   24.3, minPhero 0.09(28922), stagnancy 0.3%
[35m[MSG][0m itr    16, best 5678.5410, time   25.9, minPhero 0.07(28922), stagnancy 0.7%
[35m[MSG][0m itr    17, best 5678.5410, time   27.4, minPhero 0.06(28922), stagnancy 1.0%
[35m[MSG][0m itr    18, best 5678.5410, time   29.0, minPhero 0.05(28922), stagnancy 1.3%
[35m[MSG][0m itr    19, best 5678.5410, time   30.5, minPhero 0.05(28922), stagnancy 1.7%
[35m[MSG][0m itr    20, best 5667.6826, time   32.4, minPhero 0.04(28922), stagnancy 0.0%
[35m[MSG][0m itr    21, best 5667.6826, time   34.0, minPhero 0.03(28922), stagnancy 0.3%
[35m[MSG][0m itr    22, best 5667.6826, time   35.5, minPhero 0.03(28922), stagnancy 0.7%
[35m[MSG][0m itr    23, best 5667.6826, time   37.1, minPhero 0.02(501), stagnancy 1.0%
[35m[MSG][0m itr    24, best 5667.6826, time   38.7, minPhero 0.02(501), stagnancy 1.3%
[35m[MSG][0m itr    25, best 5656.5200, time   40.2, minPhero 0.02(415), stagnancy 0.0%
[35m[MSG][0m itr    26, best 5656.5200, time   41.8, minPhero 0.01(415), stagnancy 0.3%
[35m[MSG][0m itr    27, best 5639.0005, time   43.3, minPhero 0.01(374), stagnancy 0.0%
[35m[MSG][0m itr    28, best 5637.1411, time   44.9, minPhero 0.01(355), stagnancy 0.0%
[35m[MSG][0m itr    29, best 5637.1411, time   46.4, minPhero 0.01(348), stagnancy 0.3%
[35m[MSG][0m itr    30, best 5637.1411, time   48.0, minPhero 0.01(348), stagnancy 0.7%
[35m[MSG][0m itr    31, best 5626.0312, time   49.5, minPhero 0.01(355), stagnancy 0.0%
[35m[MSG][0m itr    32, best 5626.0312, time   51.1, minPhero 0.01(355), stagnancy 0.3%
[35m[MSG][0m itr    33, best 5618.5811, time   52.6, minPhero 0.01(357), stagnancy 0.0%
[35m[MSG][0m itr    34, best 5616.2891, time   54.5, minPhero 0.01(358), stagnancy 0.0%
[35m[MSG][0m itr    35, best 5616.2891, time   56.1, minPhero 0.01(331), stagnancy 0.3%
[35m[MSG][0m itr    36, best 5615.3018, time   57.6, minPhero 0.01(323), stagnancy 0.0%
[35m[MSG][0m itr    37, best 5615.3018, time   59.4, minPhero 0.01(323), stagnancy 0.3%
[35m[MSG][0m itr    38, best 5615.3018, time   60.9, minPhero 0.01(323), stagnancy 0.7%
[35m[MSG][0m itr    39, best 5615.3018, time   62.4, minPhero 0.01(318), stagnancy 1.0%
[35m[MSG][0m itr    40, best 5615.3018, time   64.3, minPhero 0.01(299), stagnancy 1.3%
[35m[MSG][0m itr    41, best 5606.7139, time   65.8, minPhero 0.01(304), stagnancy 0.0%
[35m[MSG][0m itr    42, best 5606.7139, time   67.4, minPhero 0.01(294), stagnancy 0.3%
[35m[MSG][0m itr    43, best 5606.7139, time   68.9, minPhero 0.01(292), stagnancy 0.7%
[35m[MSG][0m itr    44, best 5606.7139, time   70.4, minPhero 0.01(282), stagnancy 1.0%
[35m[MSG][0m itr    45, best 5606.3867, time   71.9, minPhero 0.01(273), stagnancy 0.0%
[35m[MSG][0m itr    46, best 5606.3867, time   73.4, minPhero 0.01(270), stagnancy 0.3%
[35m[MSG][0m itr    47, best 5605.1748, time   75.0, minPhero 0.01(267), stagnancy 0.0%
[35m[MSG][0m itr    48, best 5602.7378, time   76.5, minPhero 0.01(269), stagnancy 0.0%
[35m[MSG][0m itr    49, best 5602.7378, time   78.0, minPhero 0.01(262), stagnancy 0.3%
[35m[MSG][0m itr    50, best 5602.7368, time   79.6, minPhero 0.01(260), stagnancy 0.0%
[35m[MSG][0m itr    51, best 5602.7368, time   81.1, minPhero 0.01(255), stagnancy 0.3%
[35m[MSG][0m itr    52, best 5601.4878, time   82.6, minPhero 0.01(250), stagnancy 0.0%
[35m[MSG][0m itr    53, best 5601.4878, time   84.1, minPhero 0.01(249), stagnancy 0.3%
[35m[MSG][0m itr    54, best 5601.4878, time   85.6, minPhero 0.01(249), stagnancy 0.7%
[35m[MSG][0m itr    55, best 5600.7749, time   87.1, minPhero 0.01(251), stagnancy 0.0%
[35m[MSG][0m itr    56, best 5599.5630, time   88.6, minPhero 0.01(251), stagnancy 0.0%
[35m[MSG][0m itr    57, best 5598.3940, time   90.1, minPhero 0.01(253), stagnancy 0.0%
[35m[MSG][0m itr    58, best 5598.3940, time   91.7, minPhero 0.01(253), stagnancy 0.3%
[35m[MSG][0m itr    59, best 5598.3940, time   93.2, minPhero 0.01(253), stagnancy 0.7%
[35m[MSG][0m itr    60, best 5598.2441, time   94.7, minPhero 0.01(255), stagnancy 0.0%
[35m[MSG][0m itr    61, best 5598.2441, time   96.2, minPhero 0.01(255), stagnancy 0.3%
[35m[MSG][0m itr    62, best 5598.2441, time   97.7, minPhero 0.01(253), stagnancy 0.7%
[35m[MSG][0m itr    63, best 5596.2246, time   99.3, minPhero 0.01(255), stagnancy 0.0%
[35m[MSG][0m itr    64, best 5596.2246, time  100.8, minPhero 0.01(253), stagnancy 0.3%
[35m[MSG][0m itr    65, best 5596.2246, time  102.3, minPhero 0.01(253), stagnancy 0.7%
[35m[MSG][0m itr    66, best 5594.9292, time  103.8, minPhero 0.01(263), stagnancy 0.0%
[35m[MSG][0m itr    67, best 5588.5190, time  105.4, minPhero 0.01(263), stagnancy 0.0%
[35m[MSG][0m itr    68, best 5586.0356, time  106.9, minPhero 0.01(266), stagnancy 0.0%
[35m[MSG][0m itr    69, best 5585.1909, time  108.4, minPhero 0.01(268), stagnancy 0.0%
[35m[MSG][0m itr    70, best 5584.7495, time  109.9, minPhero 0.01(264), stagnancy 0.0%
[35m[MSG][0m itr    71, best 5584.7495, time  111.4, minPhero 0.01(262), stagnancy 0.3%
[35m[MSG][0m itr    72, best 5583.9048, time  112.9, minPhero 0.01(262), stagnancy 0.0%
[35m[MSG][0m itr    73, best 5579.7266, time  114.5, minPhero 0.01(264), stagnancy 0.0%
[35m[MSG][0m itr    74, best 5578.4399, time  116.0, minPhero 0.01(263), stagnancy 0.0%
[35m[MSG][0m itr    75, best 5578.4399, time  117.5, minPhero 0.01(263), stagnancy 0.3%
[35m[MSG][0m itr    76, best 5574.4219, time  119.0, minPhero 0.01(269), stagnancy 0.0%
[35m[MSG][0m itr    77, best 5574.1582, time  120.5, minPhero 0.01(269), stagnancy 0.0%
[35m[MSG][0m itr    78, best 5574.1577, time  122.0, minPhero 0.01(265), stagnancy 0.0%
[35m[MSG][0m itr    79, best 5572.8770, time  123.6, minPhero 0.01(264), stagnancy 0.0%
[35m[MSG][0m itr    80, best 5572.8716, time  125.1, minPhero 0.01(264), stagnancy 0.0%
[35m[MSG][0m itr    81, best 5572.8716, time  126.6, minPhero 0.01(264), stagnancy 0.3%
[35m[MSG][0m itr    82, best 5572.8716, time  128.1, minPhero 0.01(261), stagnancy 0.7%
[35m[MSG][0m itr    83, best 5572.8711, time  129.6, minPhero 0.01(261), stagnancy 0.0%
[35m[MSG][0m itr    84, best 5572.8711, time  131.1, minPhero 0.01(261), stagnancy 0.3%
[35m[MSG][0m itr    85, best 5572.8438, time  132.6, minPhero 0.01(261), stagnancy 0.0%
[35m[MSG][0m itr    86, best 5572.8438, time  134.1, minPhero 0.01(261), stagnancy 0.3%
[35m[MSG][0m itr    87, best 5571.9199, time  135.6, minPhero 0.01(260), stagnancy 0.0%
[35m[MSG][0m itr    88, best 5571.9199, time  137.3, minPhero 0.01(254), stagnancy 0.3%
[35m[MSG][0m itr    89, best 5571.9194, time  139.1, minPhero 0.01(254), stagnancy 0.0%
[35m[MSG][0m itr    90, best 5571.9194, time  140.6, minPhero 0.01(253), stagnancy 0.3%
[35m[MSG][0m itr    91, best 5571.9194, time  142.1, minPhero 0.01(252), stagnancy 0.7%
[35m[MSG][0m itr    92, best 5571.1128, time  143.6, minPhero 0.01(252), stagnancy 0.0%
[35m[MSG][0m itr    93, best 5571.1128, time  145.1, minPhero 0.01(251), stagnancy 0.3%
[35m[MSG][0m itr    94, best 5571.1128, time  146.6, minPhero 0.01(250), stagnancy 0.7%
[35m[MSG][0m itr    95, best 5571.1128, time  148.1, minPhero 0.01(249), stagnancy 1.0%
[35m[MSG][0m itr    96, best 5571.1128, time  149.7, minPhero 0.01(249), stagnancy 1.3%
[35m[MSG][0m itr    97, best 5571.1128, time  151.6, minPhero 0.01(249), stagnancy 1.7%
[35m[MSG][0m itr    98, best 5571.1128, time  153.1, minPhero 0.01(246), stagnancy 2.0%
[35m[MSG][0m itr    99, best 5571.1123, time  154.8, minPhero 0.01(244), stagnancy 0.0%
[35m[MSG][0m itr   100, best 5571.1123, time  156.3, minPhero 0.01(240), stagnancy 0.3%
[35m[MSG][0m itr   101, best 5571.1123, time  158.1, minPhero 0.01(240), stagnancy 0.7%
[35m[MSG][0m itr   102, best 5571.1123, time  159.6, minPhero 0.01(239), stagnancy 1.0%
[35m[MSG][0m itr   103, best 5571.1123, time  161.1, minPhero 0.01(239), stagnancy 1.3%
[35m[MSG][0m itr   104, best 5570.9116, time  162.6, minPhero 0.01(243), stagnancy 0.0%
[35m[MSG][0m itr   105, best 5570.8652, time  164.2, minPhero 0.01(246), stagnancy 0.0%
[35m[MSG][0m itr   106, best 5570.8652, time  165.7, minPhero 0.01(246), stagnancy 0.3%
[35m[MSG][0m itr   107, best 5570.8652, time  167.1, minPhero 0.01(244), stagnancy 0.7%
[35m[MSG][0m itr   108, best 5570.1797, time  168.6, minPhero 0.01(248), stagnancy 0.0%
[35m[MSG][0m itr   109, best 5570.1797, time  170.1, minPhero 0.01(247), stagnancy 0.3%
[35m[MSG][0m itr   110, best 5568.2974, time  171.6, minPhero 0.01(253), stagnancy 0.0%
[35m[MSG][0m itr   111, best 5567.3228, time  173.4, minPhero 0.01(253), stagnancy 0.0%
[35m[MSG][0m itr   112, best 5567.3228, time  174.9, minPhero 0.01(253), stagnancy 0.3%
[35m[MSG][0m itr   113, best 5567.3228, time  176.4, minPhero 0.01(253), stagnancy 0.7%
[35m[MSG][0m itr   114, best 5566.7227, time  177.9, minPhero 0.01(254), stagnancy 0.0%
[35m[MSG][0m itr   115, best 5566.7227, time  179.4, minPhero 0.01(254), stagnancy 0.3%
[35m[MSG][0m itr   116, best 5566.7227, time  180.9, minPhero 0.01(254), stagnancy 0.7%
[35m[MSG][0m itr   117, best 5566.7227, time  182.4, minPhero 0.01(254), stagnancy 1.0%
[35m[MSG][0m itr   118, best 5566.7227, time  184.3, minPhero 0.01(254), stagnancy 1.3%
[35m[MSG][0m itr   119, best 5566.7227, time  185.8, minPhero 0.01(254), stagnancy 1.7%
[35m[MSG][0m itr   120, best 5566.7227, time  187.3, minPhero 0.01(254), stagnancy 2.0%
[35m[MSG][0m itr   121, best 5566.7227, time  188.8, minPhero 0.01(254), stagnancy 2.3%
[35m[MSG][0m itr   122, best 5566.5586, time  190.3, minPhero 0.01(253), stagnancy 0.0%
[35m[MSG][0m itr   123, best 5566.2905, time  191.8, minPhero 0.01(252), stagnancy 0.0%
[35m[MSG][0m itr   124, best 5566.2905, time  193.4, minPhero 0.01(251), stagnancy 0.3%
[35m[MSG][0m itr   125, best 5566.2905, time  194.9, minPhero 0.01(247), stagnancy 0.7%
[35m[MSG][0m itr   126, best 5566.2905, time  196.4, minPhero 0.01(242), stagnancy 1.0%
[35m[MSG][0m itr   127, best 5566.2905, time  197.9, minPhero 0.01(240), stagnancy 1.3%
[35m[MSG][0m itr   128, best 5566.2905, time  199.4, minPhero 0.01(240), stagnancy 1.7%
[35m[MSG][0m itr   129, best 5566.2905, time  200.9, minPhero 0.01(240), stagnancy 2.0%
[35m[MSG][0m itr   130, best 5566.2080, time  202.4, minPhero 0.01(242), stagnancy 0.0%
[35m[MSG][0m itr   131, best 5566.2080, time  203.9, minPhero 0.01(242), stagnancy 0.3%
[35m[MSG][0m itr   132, best 5566.2080, time  205.5, minPhero 0.01(240), stagnancy 0.7%
[35m[MSG][0m itr   133, best 5566.2080, time  207.0, minPhero 0.01(240), stagnancy 1.0%
[35m[MSG][0m itr   134, best 5566.2080, time  208.5, minPhero 0.01(239), stagnancy 1.3%
[35m[MSG][0m itr   135, best 5566.2080, time  210.0, minPhero 0.01(238), stagnancy 1.7%
[35m[MSG][0m itr   136, best 5566.2080, time  211.6, minPhero 0.01(237), stagnancy 2.0%
[35m[MSG][0m itr   137, best 5566.2080, time  213.1, minPhero 0.01(237), stagnancy 2.3%
[35m[MSG][0m itr   138, best 5566.2080, time  214.6, minPhero 0.01(237), stagnancy 2.7%
[35m[MSG][0m itr   139, best 5566.2080, time  216.1, minPhero 0.01(237), stagnancy 3.0%
[35m[MSG][0m itr   140, best 5566.2075, time  217.6, minPhero 0.01(237), stagnancy 0.0%
[35m[MSG][0m itr   141, best 5566.2075, time  219.1, minPhero 0.01(237), stagnancy 0.3%
[35m[MSG][0m itr   142, best 5566.2075, time  220.6, minPhero 0.01(237), stagnancy 0.7%
[35m[MSG][0m itr   143, best 5566.2075, time  222.1, minPhero 0.01(237), stagnancy 1.0%
[35m[MSG][0m itr   144, best 5566.2075, time  223.6, minPhero 0.01(235), stagnancy 1.3%
[35m[MSG][0m itr   145, best 5566.2075, time  225.1, minPhero 0.01(235), stagnancy 1.7%
[35m[MSG][0m itr   146, best 5566.2075, time  226.8, minPhero 0.01(235), stagnancy 2.0%
[35m[MSG][0m itr   147, best 5566.2075, time  228.3, minPhero 0.01(235), stagnancy 2.3%
[35m[MSG][0m itr   148, best 5566.2075, time  229.8, minPhero 0.01(235), stagnancy 2.7%
[35m[MSG][0m itr   149, best 5566.2075, time  231.3, minPhero 0.01(235), stagnancy 3.0%
[35m[MSG][0m itr   150, best 5566.2075, time  232.8, minPhero 0.01(235), stagnancy 3.3%
[35m[MSG][0m itr   151, best 5566.2075, time  234.4, minPhero 0.01(235), stagnancy 3.7%
[35m[MSG][0m itr   152, best 5566.2075, time  235.9, minPhero 0.01(232), stagnancy 4.0%
[35m[MSG][0m itr   153, best 5566.2075, time  237.4, minPhero 0.01(232), stagnancy 4.3%
[35m[MSG][0m itr   154, best 5566.2075, time  238.9, minPhero 0.01(232), stagnancy 4.7%
[35m[MSG][0m itr   155, best 5566.2075, time  240.5, minPhero 0.01(232), stagnancy 5.0%
[35m[MSG][0m itr   156, best 5566.2075, time  242.0, minPhero 0.01(232), stagnancy 5.3%
[35m[MSG][0m itr   157, best 5565.6035, time  243.5, minPhero 0.01(236), stagnancy 0.0%
[35m[MSG][0m itr   158, best 5565.6035, time  245.1, minPhero 0.01(236), stagnancy 0.3%
[35m[MSG][0m itr   159, best 5565.6035, time  246.6, minPhero 0.01(236), stagnancy 0.7%
[35m[MSG][0m itr   160, best 5565.6035, time  248.2, minPhero 0.01(236), stagnancy 1.0%
[35m[MSG][0m itr   161, best 5565.6035, time  249.7, minPhero 0.01(236), stagnancy 1.3%
[35m[MSG][0m itr   162, best 5565.6030, time  251.2, minPhero 0.01(236), stagnancy 0.0%
[35m[MSG][0m itr   163, best 5565.6030, time  252.7, minPhero 0.01(236), stagnancy 0.3%
[35m[MSG][0m itr   164, best 5565.6030, time  254.2, minPhero 0.01(236), stagnancy 0.7%
[35m[MSG][0m itr   165, best 5565.6025, time  255.7, minPhero 0.01(236), stagnancy 0.0%
[35m[MSG][0m itr   166, best 5565.6025, time  257.2, minPhero 0.01(236), stagnancy 0.3%
[35m[MSG][0m itr   167, best 5565.6025, time  258.7, minPhero 0.01(236), stagnancy 0.7%
[35m[MSG][0m itr   168, best 5565.6025, time  260.2, minPhero 0.01(236), stagnancy 1.0%
[35m[MSG][0m itr   169, best 5565.6025, time  261.7, minPhero 0.01(236), stagnancy 1.3%
[35m[MSG][0m itr   170, best 5565.6025, time  263.2, minPhero 0.01(236), stagnancy 1.7%
[35m[MSG][0m itr   171, best 5565.6025, time  264.8, minPhero 0.01(236), stagnancy 2.0%
[35m[MSG][0m itr   172, best 5565.6025, time  266.3, minPhero 0.01(236), stagnancy 2.3%
[35m[MSG][0m itr   173, best 5565.6025, time  267.8, minPhero 0.01(236), stagnancy 2.7%
[35m[MSG][0m itr   174, best 5565.6025, time  269.3, minPhero 0.01(236), stagnancy 3.0%
[35m[MSG][0m itr   175, best 5565.6025, time  270.8, minPhero 0.01(236), stagnancy 3.3%
[35m[MSG][0m itr   176, best 5565.6025, time  272.3, minPhero 0.01(236), stagnancy 3.7%
[35m[MSG][0m itr   177, best 5565.6025, time  273.9, minPhero 0.01(236), stagnancy 4.0%
[35m[MSG][0m itr   178, best 5565.6025, time  275.4, minPhero 0.01(236), stagnancy 4.3%
[35m[MSG][0m itr   179, best 5565.6025, time  276.9, minPhero 0.01(232), stagnancy 4.7%
[35m[MSG][0m itr   180, best 5565.6025, time  278.4, minPhero 0.01(232), stagnancy 5.0%
[35m[MSG][0m itr   181, best 5565.6025, time  279.9, minPhero 0.01(232), stagnancy 5.3%
[35m[MSG][0m itr   182, best 5565.6025, time  281.4, minPhero 0.01(232), stagnancy 5.7%
[35m[MSG][0m itr   183, best 5565.6025, time  282.9, minPhero 0.01(232), stagnancy 6.0%
[35m[MSG][0m itr   184, best 5565.6025, time  284.4, minPhero 0.01(232), stagnancy 6.3%
[35m[MSG][0m itr   185, best 5565.6025, time  285.9, minPhero 0.01(232), stagnancy 6.7%
[35m[MSG][0m itr   186, best 5565.6025, time  287.4, minPhero 0.01(232), stagnancy 7.0%
[35m[MSG][0m itr   187, best 5565.6025, time  288.9, minPhero 0.01(232), stagnancy 7.3%
[35m[MSG][0m itr   188, best 5565.6025, time  290.4, minPhero 0.01(232), stagnancy 7.7%
[35m[MSG][0m itr   189, best 5565.6025, time  291.9, minPhero 0.01(232), stagnancy 8.0%
[35m[MSG][0m itr   190, best 5565.6025, time  293.4, minPhero 0.01(232), stagnancy 8.3%
[35m[MSG][0m itr   191, best 5565.6025, time  295.0, minPhero 0.01(232), stagnancy 8.7%
[35m[MSG][0m itr   192, best 5565.6025, time  296.7, minPhero 0.01(232), stagnancy 9.0%
[35m[MSG][0m itr   193, best 5565.6025, time  298.1, minPhero 0.01(232), stagnancy 9.3%
[35m[MSG][0m itr   194, best 5565.6025, time  299.6, minPhero 0.01(232), stagnancy 9.7%
[35m[MSG][0m itr   195, best 5565.6025, time  301.0, minPhero 0.01(232), stagnancy 10.0%
[35m[MSG][0m itr   196, best 5565.6025, time  302.5, minPhero 0.01(232), stagnancy 10.3%
[35m[MSG][0m itr   197, best 5565.6025, time  303.9, minPhero 0.01(232), stagnancy 10.7%
[35m[MSG][0m itr   198, best 5565.6025, time  305.4, minPhero 0.01(232), stagnancy 11.0%
[35m[MSG][0m itr   199, best 5565.6025, time  306.9, minPhero 0.01(232), stagnancy 11.3%
[35m[MSG][0m itr   200, best 5565.6025, time  308.4, minPhero 0.01(232), stagnancy 11.7%
[35m[MSG][0m itr   201, best 5565.6025, time  309.9, minPhero 0.01(232), stagnancy 12.0%
[35m[MSG][0m itr   202, best 5565.6025, time  311.4, minPhero 0.01(232), stagnancy 12.3%
[35m[MSG][0m itr   203, best 5565.6025, time  312.9, minPhero 0.01(232), stagnancy 12.7%
[35m[MSG][0m itr   204, best 5565.6025, time  314.4, minPhero 0.01(232), stagnancy 13.0%
[35m[MSG][0m itr   205, best 5565.6025, time  315.9, minPhero 0.01(232), stagnancy 13.3%
[35m[MSG][0m itr   206, best 5565.6025, time  317.4, minPhero 0.01(232), stagnancy 13.7%
[35m[MSG][0m itr   207, best 5565.6025, time  318.9, minPhero 0.01(232), stagnancy 14.0%
[35m[MSG][0m itr   208, best 5565.6025, time  320.6, minPhero 0.01(232), stagnancy 14.3%
[35m[MSG][0m itr   209, best 5565.6025, time  322.1, minPhero 0.01(232), stagnancy 14.7%
[35m[MSG][0m itr   210, best 5565.6025, time  323.6, minPhero 0.01(232), stagnancy 15.0%
[35m[MSG][0m itr   211, best 5565.6025, time  325.1, minPhero 0.01(232), stagnancy 15.3%
[35m[MSG][0m itr   212, best 5565.6025, time  326.6, minPhero 0.01(232), stagnancy 15.7%
[35m[MSG][0m itr   213, best 5565.6025, time  328.1, minPhero 0.01(232), stagnancy 16.0%
[35m[MSG][0m itr   214, best 5565.6025, time  329.7, minPhero 0.01(232), stagnancy 16.3%
[35m[MSG][0m itr   215, best 5565.6025, time  331.2, minPhero 0.01(232), stagnancy 16.7%
[35m[MSG][0m itr   216, best 5565.6025, time  332.7, minPhero 0.01(232), stagnancy 17.0%
[35m[MSG][0m itr   217, best 5565.6025, time  334.2, minPhero 0.01(232), stagnancy 17.3%
[35m[MSG][0m itr   218, best 5565.6025, time  335.7, minPhero 0.01(232), stagnancy 17.7%
[35m[MSG][0m itr   219, best 5565.6025, time  337.2, minPhero 0.01(232), stagnancy 18.0%
[35m[MSG][0m itr   220, best 5565.6025, time  338.7, minPhero 0.01(232), stagnancy 18.3%
[35m[MSG][0m itr   221, best 5565.6025, time  340.2, minPhero 0.01(232), stagnancy 18.7%
[35m[MSG][0m itr   222, best 5565.6025, time  341.7, minPhero 0.01(232), stagnancy 19.0%
[35m[MSG][0m itr   223, best 5565.6025, time  343.2, minPhero 0.01(232), stagnancy 19.3%
[35m[MSG][0m itr   224, best 5565.6025, time  344.7, minPhero 0.01(232), stagnancy 19.7%
[35m[MSG][0m itr   225, best 5565.6025, time  346.3, minPhero 0.01(232), stagnancy 20.0%
[35m[MSG][0m itr   226, best 5565.6025, time  347.8, minPhero 0.01(232), stagnancy 20.3%
[35m[MSG][0m itr   227, best 5565.6025, time  349.3, minPhero 0.01(232), stagnancy 20.7%
[35m[MSG][0m itr   228, best 5565.6025, time  350.8, minPhero 0.01(232), stagnancy 21.0%
[35m[MSG][0m itr   229, best 5565.6025, time  352.6, minPhero 0.01(232), stagnancy 21.3%
[35m[MSG][0m itr   230, best 5565.6025, time  354.2, minPhero 0.01(232), stagnancy 21.7%
[35m[MSG][0m itr   231, best 5565.6025, time  356.1, minPhero 0.01(232), stagnancy 22.0%
[35m[MSG][0m itr   232, best 5565.6025, time  357.7, minPhero 0.01(232), stagnancy 22.3%
[35m[MSG][0m itr   233, best 5565.6025, time  359.2, minPhero 0.01(232), stagnancy 22.7%
[35m[MSG][0m itr   234, best 5565.6025, time  360.7, minPhero 0.01(232), stagnancy 23.0%
[35m[MSG][0m itr   235, best 5565.6025, time  362.2, minPhero 0.01(232), stagnancy 23.3%
[35m[MSG][0m itr   236, best 5565.6025, time  363.8, minPhero 0.01(232), stagnancy 23.7%
[35m[MSG][0m itr   237, best 5565.6025, time  365.3, minPhero 0.01(232), stagnancy 24.0%
[35m[MSG][0m itr   238, best 5565.6025, time  367.1, minPhero 0.01(232), stagnancy 24.3%
[35m[MSG][0m itr   239, best 5565.6025, time  368.6, minPhero 0.01(232), stagnancy 24.7%
[35m[MSG][0m itr   240, best 5565.6025, time  370.6, minPhero 0.01(232), stagnancy 25.0%
[35m[MSG][0m itr   241, best 5565.6025, time  372.6, minPhero 0.01(232), stagnancy 25.3%
[35m[MSG][0m itr   242, best 5565.6025, time  374.5, minPhero 0.01(232), stagnancy 25.7%
[35m[MSG][0m itr   243, best 5565.6025, time  376.2, minPhero 0.01(232), stagnancy 26.0%
[35m[MSG][0m itr   244, best 5565.6025, time  377.8, minPhero 0.01(232), stagnancy 26.3%
[35m[MSG][0m itr   245, best 5565.6025, time  379.5, minPhero 0.01(232), stagnancy 26.7%
[35m[MSG][0m itr   246, best 5565.6025, time  381.5, minPhero 0.01(232), stagnancy 27.0%
[35m[MSG][0m itr   247, best 5565.6025, time  383.0, minPhero 0.01(232), stagnancy 27.3%
[35m[MSG][0m itr   248, best 5565.6025, time  384.6, minPhero 0.01(232), stagnancy 27.7%
[35m[MSG][0m itr   249, best 5565.6025, time  386.6, minPhero 0.01(232), stagnancy 28.0%
[35m[MSG][0m itr   250, best 5565.6025, time  388.2, minPhero 0.01(232), stagnancy 28.3%
[35m[MSG][0m itr   251, best 5565.6025, time  390.2, minPhero 0.01(232), stagnancy 28.7%
[35m[MSG][0m itr   252, best 5565.6025, time  391.9, minPhero 0.01(232), stagnancy 29.0%
[35m[MSG][0m itr   253, best 5565.6025, time  393.4, minPhero 0.01(232), stagnancy 29.3%
[35m[MSG][0m itr   254, best 5565.6025, time  394.7, minPhero 0.01(232), stagnancy 29.7%
[35m[MSG][0m itr   255, best 5565.6025, time  396.1, minPhero 0.01(232), stagnancy 30.0%
[35m[MSG][0m itr   256, best 5565.6025, time  397.8, minPhero 0.01(232), stagnancy 30.3%
[35m[MSG][0m itr   257, best 5565.6025, time  399.5, minPhero 0.01(232), stagnancy 30.7%
[35m[MSG][0m itr   258, best 5565.6025, time  401.3, minPhero 0.01(232), stagnancy 31.0%
[35m[MSG][0m itr   259, best 5565.6025, time  402.7, minPhero 0.01(232), stagnancy 31.3%
[35m[MSG][0m itr   260, best 5565.6025, time  404.2, minPhero 0.01(232), stagnancy 31.7%
[35m[MSG][0m itr   261, best 5565.6025, time  405.6, minPhero 0.01(232), stagnancy 32.0%
[35m[MSG][0m itr   262, best 5565.6025, time  407.4, minPhero 0.01(232), stagnancy 32.3%
[35m[MSG][0m itr   263, best 5565.6025, time  408.8, minPhero 0.01(232), stagnancy 32.7%
[35m[MSG][0m itr   264, best 5565.6025, time  410.3, minPhero 0.01(232), stagnancy 33.0%
[35m[MSG][0m itr   265, best 5565.6025, time  411.7, minPhero 0.01(232), stagnancy 33.3%
[35m[MSG][0m itr   266, best 5565.6025, time  413.1, minPhero 0.01(232), stagnancy 33.7%
[35m[MSG][0m itr   267, best 5565.6025, time  414.5, minPhero 0.01(232), stagnancy 34.0%
[35m[MSG][0m itr   268, best 5565.6025, time  415.9, minPhero 0.01(232), stagnancy 34.3%
[35m[MSG][0m itr   269, best 5565.6025, time  417.3, minPhero 0.01(232), stagnancy 34.7%
[35m[MSG][0m itr   270, best 5565.6025, time  418.8, minPhero 0.01(232), stagnancy 35.0%
[35m[MSG][0m itr   271, best 5565.6025, time  420.2, minPhero 0.01(232), stagnancy 35.3%
[35m[MSG][0m itr   272, best 5565.6025, time  421.6, minPhero 0.01(232), stagnancy 35.7%
[35m[MSG][0m itr   273, best 5565.6025, time  423.0, minPhero 0.01(232), stagnancy 36.0%
[35m[MSG][0m itr   274, best 5565.6025, time  424.4, minPhero 0.01(232), stagnancy 36.3%
[35m[MSG][0m itr   275, best 5565.6025, time  425.8, minPhero 0.01(232), stagnancy 36.7%
[35m[MSG][0m itr   276, best 5565.6025, time  427.3, minPhero 0.01(232), stagnancy 37.0%
[35m[MSG][0m itr   277, best 5565.6025, time  428.7, minPhero 0.01(232), stagnancy 37.3%
[35m[MSG][0m itr   278, best 5565.6025, time  430.2, minPhero 0.01(232), stagnancy 37.7%
[35m[MSG][0m itr   279, best 5565.6025, time  431.6, minPhero 0.01(232), stagnancy 38.0%
[35m[MSG][0m itr   280, best 5565.6025, time  433.0, minPhero 0.01(232), stagnancy 38.3%
[35m[MSG][0m itr   281, best 5565.6025, time  434.4, minPhero 0.01(232), stagnancy 38.7%
[35m[MSG][0m itr   282, best 5565.6025, time  435.8, minPhero 0.01(232), stagnancy 39.0%
[35m[MSG][0m itr   283, best 5565.6025, time  437.2, minPhero 0.01(232), stagnancy 39.3%
[35m[MSG][0m itr   284, best 5565.6025, time  438.6, minPhero 0.01(232), stagnancy 39.7%
[35m[MSG][0m itr   285, best 5565.6025, time  440.0, minPhero 0.01(232), stagnancy 40.0%
[35m[MSG][0m itr   286, best 5565.6025, time  441.4, minPhero 0.01(232), stagnancy 40.3%
[35m[MSG][0m itr   287, best 5565.6025, time  442.8, minPhero 0.01(232), stagnancy 40.7%
[35m[MSG][0m itr   288, best 5565.6025, time  444.2, minPhero 0.01(232), stagnancy 41.0%
[35m[MSG][0m itr   289, best 5565.6025, time  445.7, minPhero 0.01(232), stagnancy 41.3%
[35m[MSG][0m itr   290, best 5565.6025, time  447.1, minPhero 0.01(232), stagnancy 41.7%
[35m[MSG][0m itr   291, best 5565.6025, time  448.5, minPhero 0.01(232), stagnancy 42.0%
[35m[MSG][0m itr   292, best 5565.6025, time  449.9, minPhero 0.01(232), stagnancy 42.3%
[35m[MSG][0m itr   293, best 5565.6025, time  451.4, minPhero 0.01(232), stagnancy 42.7%
[35m[MSG][0m itr   294, best 5565.6025, time  452.8, minPhero 0.01(232), stagnancy 43.0%
[35m[MSG][0m itr   295, best 5565.6025, time  454.2, minPhero 0.01(232), stagnancy 43.3%
[35m[MSG][0m itr   296, best 5565.6025, time  455.6, minPhero 0.01(232), stagnancy 43.7%
[35m[MSG][0m itr   297, best 5565.6025, time  457.0, minPhero 0.01(232), stagnancy 44.0%
[35m[MSG][0m itr   298, best 5565.6025, time  458.4, minPhero 0.01(232), stagnancy 44.3%
[35m[MSG][0m itr   299, best 5565.6025, time  459.9, minPhero 0.01(232), stagnancy 44.7%
[35m[MSG][0m itr   300, best 5565.6025, time  461.3, minPhero 0.01(232), stagnancy 45.0%
[35m[MSG][0m itr   301, best 5565.6025, time  462.7, minPhero 0.01(232), stagnancy 45.3%
[35m[MSG][0m itr   302, best 5565.6025, time  464.1, minPhero 0.01(232), stagnancy 45.7%
[35m[MSG][0m itr   303, best 5565.6025, time  465.5, minPhero 0.01(232), stagnancy 46.0%
[35m[MSG][0m itr   304, best 5565.6025, time  466.9, minPhero 0.01(232), stagnancy 46.3%
[35m[MSG][0m itr   305, best 5565.2905, time  468.3, minPhero 0.01(241), stagnancy 0.0%
[35m[MSG][0m itr   306, best 5565.2905, time  469.8, minPhero 0.01(241), stagnancy 0.3%
[35m[MSG][0m itr   307, best 5565.2905, time  471.2, minPhero 0.01(241), stagnancy 0.7%
[35m[MSG][0m itr   308, best 5565.2905, time  472.6, minPhero 0.01(241), stagnancy 1.0%
[35m[MSG][0m itr   309, best 5565.2900, time  474.1, minPhero 0.01(241), stagnancy 0.0%
[35m[MSG][0m itr   310, best 5565.2900, time  475.5, minPhero 0.01(241), stagnancy 0.3%
[35m[MSG][0m itr   311, best 5565.2900, time  476.9, minPhero 0.01(241), stagnancy 0.7%
[35m[MSG][0m itr   312, best 5565.2900, time  478.3, minPhero 0.01(241), stagnancy 1.0%
[35m[MSG][0m itr   313, best 5564.5630, time  479.8, minPhero 0.01(243), stagnancy 0.0%
[35m[MSG][0m itr   314, best 5564.0122, time  481.1, minPhero 0.01(246), stagnancy 0.0%
[35m[MSG][0m itr   315, best 5564.0122, time  482.5, minPhero 0.01(246), stagnancy 0.3%
[35m[MSG][0m itr   316, best 5564.0122, time  483.9, minPhero 0.01(246), stagnancy 0.7%
[35m[MSG][0m itr   317, best 5564.0122, time  485.3, minPhero 0.01(246), stagnancy 1.0%
[35m[MSG][0m itr   318, best 5564.0122, time  486.7, minPhero 0.01(246), stagnancy 1.3%
[35m[MSG][0m itr   319, best 5564.0122, time  488.2, minPhero 0.01(246), stagnancy 1.7%
[35m[MSG][0m itr   320, best 5564.0122, time  489.5, minPhero 0.01(246), stagnancy 2.0%
[35m[MSG][0m itr   321, best 5564.0122, time  490.9, minPhero 0.01(246), stagnancy 2.3%
[35m[MSG][0m itr   322, best 5564.0122, time  492.4, minPhero 0.01(246), stagnancy 2.7%
[35m[MSG][0m itr   323, best 5564.0122, time  493.8, minPhero 0.01(246), stagnancy 3.0%
[35m[MSG][0m itr   324, best 5564.0122, time  495.2, minPhero 0.01(246), stagnancy 3.3%
[35m[MSG][0m itr   325, best 5564.0122, time  496.6, minPhero 0.01(244), stagnancy 3.7%
[35m[MSG][0m itr   326, best 5564.0122, time  498.1, minPhero 0.01(244), stagnancy 4.0%
[35m[MSG][0m itr   327, best 5564.0122, time  499.5, minPhero 0.01(237), stagnancy 4.3%
[35m[MSG][0m itr   328, best 5564.0122, time  500.9, minPhero 0.01(237), stagnancy 4.7%
[35m[MSG][0m itr   329, best 5564.0122, time  502.4, minPhero 0.01(237), stagnancy 5.0%
[35m[MSG][0m itr   330, best 5564.0122, time  503.8, minPhero 0.01(235), stagnancy 5.3%
[35m[MSG][0m itr   331, best 5564.0122, time  505.2, minPhero 0.01(235), stagnancy 5.7%
[35m[MSG][0m itr   332, best 5564.0122, time  506.6, minPhero 0.01(235), stagnancy 6.0%
[35m[MSG][0m itr   333, best 5564.0122, time  508.1, minPhero 0.01(233), stagnancy 6.3%
[35m[MSG][0m itr   334, best 5564.0122, time  509.5, minPhero 0.01(233), stagnancy 6.7%
[35m[MSG][0m itr   335, best 5564.0122, time  511.0, minPhero 0.01(232), stagnancy 7.0%
[35m[MSG][0m itr   336, best 5563.3311, time  512.4, minPhero 0.01(239), stagnancy 0.0%
[35m[MSG][0m itr   337, best 5563.3311, time  513.8, minPhero 0.01(239), stagnancy 0.3%
[35m[MSG][0m itr   338, best 5563.3311, time  515.2, minPhero 0.01(239), stagnancy 0.7%
[35m[MSG][0m itr   339, best 5563.3311, time  516.6, minPhero 0.01(239), stagnancy 1.0%
[35m[MSG][0m itr   340, best 5563.3306, time  518.1, minPhero 0.01(239), stagnancy 0.0%
[35m[MSG][0m itr   341, best 5563.3306, time  519.5, minPhero 0.01(239), stagnancy 0.3%
[35m[MSG][0m itr   342, best 5563.3306, time  521.0, minPhero 0.01(239), stagnancy 0.7%
[35m[MSG][0m itr   343, best 5563.3306, time  522.4, minPhero 0.01(239), stagnancy 1.0%
[35m[MSG][0m itr   344, best 5563.3306, time  523.8, minPhero 0.01(239), stagnancy 1.3%
[35m[MSG][0m itr   345, best 5563.3306, time  525.2, minPhero 0.01(239), stagnancy 1.7%
[35m[MSG][0m itr   346, best 5563.3306, time  526.6, minPhero 0.01(239), stagnancy 2.0%
[35m[MSG][0m itr   347, best 5563.3306, time  528.1, minPhero 0.01(239), stagnancy 2.3%
[35m[MSG][0m itr   348, best 5563.3306, time  529.5, minPhero 0.01(239), stagnancy 2.7%
[35m[MSG][0m itr   349, best 5563.3306, time  530.9, minPhero 0.01(239), stagnancy 3.0%
[35m[MSG][0m itr   350, best 5563.3306, time  532.3, minPhero 0.01(239), stagnancy 3.3%
[35m[MSG][0m itr   351, best 5563.3306, time  533.7, minPhero 0.01(239), stagnancy 3.7%
[35m[MSG][0m itr   352, best 5563.3306, time  535.1, minPhero 0.01(239), stagnancy 4.0%
[35m[MSG][0m itr   353, best 5563.3306, time  536.5, minPhero 0.01(239), stagnancy 4.3%
[35m[MSG][0m itr   354, best 5563.3306, time  538.0, minPhero 0.01(239), stagnancy 4.7%
[35m[MSG][0m itr   355, best 5563.3306, time  539.4, minPhero 0.01(239), stagnancy 5.0%
[35m[MSG][0m itr   356, best 5563.3306, time  540.8, minPhero 0.01(239), stagnancy 5.3%
[35m[MSG][0m itr   357, best 5563.3306, time  542.3, minPhero 0.01(239), stagnancy 5.7%
[35m[MSG][0m itr   358, best 5563.3306, time  543.8, minPhero 0.01(232), stagnancy 6.0%
[35m[MSG][0m itr   359, best 5563.3306, time  545.2, minPhero 0.01(232), stagnancy 6.3%
[35m[MSG][0m itr   360, best 5563.3306, time  546.6, minPhero 0.01(232), stagnancy 6.7%
[35m[MSG][0m itr   361, best 5563.3306, time  548.1, minPhero 0.01(232), stagnancy 7.0%
[35m[MSG][0m itr   362, best 5563.3306, time  549.5, minPhero 0.01(232), stagnancy 7.3%
[35m[MSG][0m itr   363, best 5563.3306, time  550.9, minPhero 0.01(232), stagnancy 7.7%
[35m[MSG][0m itr   364, best 5563.3306, time  552.4, minPhero 0.01(232), stagnancy 8.0%
[35m[MSG][0m itr   365, best 5563.3306, time  553.8, minPhero 0.01(232), stagnancy 8.3%
[35m[MSG][0m itr   366, best 5563.3306, time  555.3, minPhero 0.01(232), stagnancy 8.7%
[35m[MSG][0m itr   367, best 5563.3306, time  556.7, minPhero 0.01(232), stagnancy 9.0%
[35m[MSG][0m itr   368, best 5563.3306, time  558.2, minPhero 0.01(232), stagnancy 9.3%
[35m[MSG][0m itr   369, best 5563.3306, time  559.6, minPhero 0.01(232), stagnancy 9.7%
[35m[MSG][0m itr   370, best 5563.3306, time  560.9, minPhero 0.01(232), stagnancy 10.0%
[35m[MSG][0m itr   371, best 5563.3306, time  562.3, minPhero 0.01(232), stagnancy 10.3%
[35m[MSG][0m itr   372, best 5563.3306, time  563.7, minPhero 0.01(232), stagnancy 10.7%
[35m[MSG][0m itr   373, best 5563.3306, time  565.2, minPhero 0.01(232), stagnancy 11.0%
[35m[MSG][0m itr   374, best 5563.3306, time  566.6, minPhero 0.01(232), stagnancy 11.3%
[35m[MSG][0m itr   375, best 5563.3306, time  568.0, minPhero 0.01(232), stagnancy 11.7%
[35m[MSG][0m itr   376, best 5563.3306, time  569.5, minPhero 0.01(232), stagnancy 12.0%
[35m[MSG][0m itr   377, best 5563.3306, time  570.8, minPhero 0.01(232), stagnancy 12.3%
[35m[MSG][0m itr   378, best 5563.3306, time  572.3, minPhero 0.01(232), stagnancy 12.7%
[35m[MSG][0m itr   379, best 5563.3306, time  573.7, minPhero 0.01(232), stagnancy 13.0%
[35m[MSG][0m itr   380, best 5563.3306, time  575.1, minPhero 0.01(232), stagnancy 13.3%
[35m[MSG][0m itr   381, best 5563.3306, time  576.5, minPhero 0.01(232), stagnancy 13.7%
[35m[MSG][0m itr   382, best 5563.3306, time  578.0, minPhero 0.01(232), stagnancy 14.0%
[35m[MSG][0m itr   383, best 5563.3306, time  579.4, minPhero 0.01(232), stagnancy 14.3%
[35m[MSG][0m itr   384, best 5563.3306, time  580.8, minPhero 0.01(232), stagnancy 14.7%
[35m[MSG][0m itr   385, best 5563.3306, time  582.3, minPhero 0.01(232), stagnancy 15.0%
[35m[MSG][0m itr   386, best 5563.3306, time  583.7, minPhero 0.01(232), stagnancy 15.3%
[35m[MSG][0m itr   387, best 5563.3306, time  585.1, minPhero 0.01(232), stagnancy 15.7%
[35m[MSG][0m itr   388, best 5563.3306, time  586.5, minPhero 0.01(232), stagnancy 16.0%
[35m[MSG][0m itr   389, best 5563.3306, time  588.0, minPhero 0.01(232), stagnancy 16.3%
[35m[MSG][0m itr   390, best 5563.3306, time  589.4, minPhero 0.01(232), stagnancy 16.7%
[35m[MSG][0m itr   391, best 5563.3306, time  590.9, minPhero 0.01(232), stagnancy 17.0%
[35m[MSG][0m itr   392, best 5563.3306, time  592.3, minPhero 0.01(232), stagnancy 17.3%
[35m[MSG][0m itr   393, best 5563.3306, time  593.8, minPhero 0.01(232), stagnancy 17.7%
[35m[MSG][0m itr   394, best 5563.3306, time  595.2, minPhero 0.01(232), stagnancy 18.0%
[35m[MSG][0m itr   395, best 5563.3306, time  596.6, minPhero 0.01(232), stagnancy 18.3%
[35m[MSG][0m itr   396, best 5563.3306, time  598.1, minPhero 0.01(232), stagnancy 18.7%
[35m[MSG][0m itr   397, best 5563.3306, time  599.5, minPhero 0.01(232), stagnancy 19.0%
[35m[MSG][0m itr   398, best 5563.3306, time  600.8, minPhero 0.01(232), stagnancy 19.3%
[35m[MSG][0m itr   399, best 5563.3306, time  602.2, minPhero 0.01(232), stagnancy 19.7%
[35m[MSG][0m itr   400, best 5563.3306, time  603.6, minPhero 0.01(232), stagnancy 20.0%
[35m[MSG][0m itr   401, best 5563.3306, time  605.0, minPhero 0.01(232), stagnancy 20.3%
[35m[MSG][0m itr   402, best 5563.3306, time  606.5, minPhero 0.01(232), stagnancy 20.7%
[35m[MSG][0m itr   403, best 5563.3306, time  607.9, minPhero 0.01(232), stagnancy 21.0%
[35m[MSG][0m itr   404, best 5563.3306, time  609.3, minPhero 0.01(232), stagnancy 21.3%
[35m[MSG][0m itr   405, best 5563.3306, time  610.8, minPhero 0.01(232), stagnancy 21.7%
[35m[MSG][0m itr   406, best 5563.3306, time  612.2, minPhero 0.01(232), stagnancy 22.0%
[35m[MSG][0m itr   407, best 5563.3306, time  613.6, minPhero 0.01(232), stagnancy 22.3%
[35m[MSG][0m itr   408, best 5563.3306, time  615.0, minPhero 0.01(232), stagnancy 22.7%
[35m[MSG][0m itr   409, best 5563.3306, time  616.5, minPhero 0.01(232), stagnancy 23.0%
[35m[MSG][0m itr   410, best 5563.3306, time  617.9, minPhero 0.01(232), stagnancy 23.3%
[35m[MSG][0m itr   411, best 5563.3306, time  619.3, minPhero 0.01(232), stagnancy 23.7%
[35m[MSG][0m itr   412, best 5563.3306, time  620.8, minPhero 0.01(232), stagnancy 24.0%
[35m[MSG][0m itr   413, best 5563.3306, time  622.2, minPhero 0.01(232), stagnancy 24.3%
[35m[MSG][0m itr   414, best 5563.3306, time  623.6, minPhero 0.01(232), stagnancy 24.7%
[35m[MSG][0m itr   415, best 5563.3301, time  625.1, minPhero 0.01(232), stagnancy 0.0%
[35m[MSG][0m itr   416, best 5563.3301, time  626.5, minPhero 0.01(232), stagnancy 0.3%
[35m[MSG][0m itr   417, best 5563.3301, time  627.9, minPhero 0.01(232), stagnancy 0.7%
[35m[MSG][0m itr   418, best 5563.3301, time  629.4, minPhero 0.01(232), stagnancy 1.0%
[35m[MSG][0m itr   419, best 5563.3301, time  630.9, minPhero 0.01(232), stagnancy 1.3%
[35m[MSG][0m itr   420, best 5563.3301, time  632.2, minPhero 0.01(232), stagnancy 1.7%
[35m[MSG][0m itr   421, best 5563.3301, time  633.6, minPhero 0.01(232), stagnancy 2.0%
[35m[MSG][0m itr   422, best 5563.3301, time  635.0, minPhero 0.01(232), stagnancy 2.3%
[35m[MSG][0m itr   423, best 5563.3301, time  636.3, minPhero 0.01(232), stagnancy 2.7%
[35m[MSG][0m itr   424, best 5563.3301, time  637.7, minPhero 0.01(232), stagnancy 3.0%
[35m[MSG][0m itr   425, best 5563.3301, time  639.1, minPhero 0.01(232), stagnancy 3.3%
[35m[MSG][0m itr   426, best 5563.3301, time  640.6, minPhero 0.01(232), stagnancy 3.7%
[35m[MSG][0m itr   427, best 5563.3301, time  641.9, minPhero 0.01(232), stagnancy 4.0%
[35m[MSG][0m itr   428, best 5563.3301, time  643.3, minPhero 0.01(232), stagnancy 4.3%
[35m[MSG][0m itr   429, best 5563.3301, time  644.6, minPhero 0.01(232), stagnancy 4.7%
[35m[MSG][0m itr   430, best 5563.3301, time  646.0, minPhero 0.01(232), stagnancy 5.0%
[35m[MSG][0m itr   431, best 5563.3301, time  647.4, minPhero 0.01(232), stagnancy 5.3%
[35m[MSG][0m itr   432, best 5563.3301, time  648.7, minPhero 0.01(232), stagnancy 5.7%
[35m[MSG][0m itr   433, best 5563.3301, time  650.2, minPhero 0.01(232), stagnancy 6.0%
[35m[MSG][0m itr   434, best 5563.3301, time  651.6, minPhero 0.01(232), stagnancy 6.3%
[35m[MSG][0m itr   435, best 5563.3301, time  653.0, minPhero 0.01(232), stagnancy 6.7%
[35m[MSG][0m itr   436, best 5563.3301, time  654.4, minPhero 0.01(232), stagnancy 7.0%
[35m[MSG][0m itr   437, best 5563.3301, time  655.7, minPhero 0.01(232), stagnancy 7.3%
[35m[MSG][0m itr   438, best 5563.3301, time  657.0, minPhero 0.01(232), stagnancy 7.7%
[35m[MSG][0m itr   439, best 5563.3301, time  658.5, minPhero 0.01(232), stagnancy 8.0%
[35m[MSG][0m itr   440, best 5563.3301, time  659.9, minPhero 0.01(232), stagnancy 8.3%
[35m[MSG][0m itr   441, best 5563.3301, time  661.3, minPhero 0.01(232), stagnancy 8.7%
[35m[MSG][0m itr   442, best 5563.3301, time  662.8, minPhero 0.01(232), stagnancy 9.0%
[35m[MSG][0m itr   443, best 5563.3301, time  664.2, minPhero 0.01(232), stagnancy 9.3%
[35m[MSG][0m itr   444, best 5563.3301, time  665.7, minPhero 0.01(232), stagnancy 9.7%
[35m[MSG][0m itr   445, best 5563.3301, time  667.1, minPhero 0.01(232), stagnancy 10.0%
[35m[MSG][0m itr   446, best 5563.3301, time  668.6, minPhero 0.01(232), stagnancy 10.3%
[35m[MSG][0m itr   447, best 5563.3301, time  669.9, minPhero 0.01(232), stagnancy 10.7%
[35m[MSG][0m itr   448, best 5563.3301, time  671.2, minPhero 0.01(232), stagnancy 11.0%
[35m[MSG][0m itr   449, best 5563.3301, time  672.6, minPhero 0.01(232), stagnancy 11.3%
[35m[MSG][0m itr   450, best 5563.3301, time  674.0, minPhero 0.01(232), stagnancy 11.7%
[35m[MSG][0m itr   451, best 5563.3301, time  675.5, minPhero 0.01(232), stagnancy 12.0%
[35m[MSG][0m itr   452, best 5563.3301, time  676.9, minPhero 0.01(232), stagnancy 12.3%
[35m[MSG][0m itr   453, best 5563.3301, time  678.4, minPhero 0.01(232), stagnancy 12.7%
[35m[MSG][0m itr   454, best 5563.3301, time  679.8, minPhero 0.01(232), stagnancy 13.0%
[35m[MSG][0m itr   455, best 5563.3301, time  681.2, minPhero 0.01(232), stagnancy 13.3%
[35m[MSG][0m itr   456, best 5563.3301, time  682.7, minPhero 0.01(232), stagnancy 13.7%
[35m[MSG][0m itr   457, best 5563.3301, time  684.1, minPhero 0.01(232), stagnancy 14.0%
[35m[MSG][0m itr   458, best 5563.3301, time  685.5, minPhero 0.01(232), stagnancy 14.3%
[35m[MSG][0m itr   459, best 5563.3301, time  686.9, minPhero 0.01(232), stagnancy 14.7%
[35m[MSG][0m itr   460, best 5563.3301, time  688.3, minPhero 0.01(232), stagnancy 15.0%
[35m[MSG][0m itr   461, best 5563.3301, time  689.8, minPhero 0.01(232), stagnancy 15.3%
[35m[MSG][0m itr   462, best 5563.3301, time  691.2, minPhero 0.01(232), stagnancy 15.7%
[35m[MSG][0m itr   463, best 5563.3301, time  692.6, minPhero 0.01(232), stagnancy 16.0%
[35m[MSG][0m itr   464, best 5563.3301, time  694.1, minPhero 0.01(232), stagnancy 16.3%
[35m[MSG][0m itr   465, best 5563.3301, time  695.5, minPhero 0.01(232), stagnancy 16.7%
[35m[MSG][0m itr   466, best 5563.3301, time  696.9, minPhero 0.01(232), stagnancy 17.0%
[35m[MSG][0m itr   467, best 5563.3301, time  698.3, minPhero 0.01(232), stagnancy 17.3%
[35m[MSG][0m itr   468, best 5563.3301, time  699.8, minPhero 0.01(232), stagnancy 17.7%
[35m[MSG][0m itr   469, best 5563.3301, time  701.2, minPhero 0.01(232), stagnancy 18.0%
[35m[MSG][0m itr   470, best 5563.3301, time  702.6, minPhero 0.01(232), stagnancy 18.3%
[35m[MSG][0m itr   471, best 5563.3301, time  704.1, minPhero 0.01(232), stagnancy 18.7%
[35m[MSG][0m itr   472, best 5563.3301, time  705.5, minPhero 0.01(232), stagnancy 19.0%
[35m[MSG][0m itr   473, best 5563.3301, time  706.9, minPhero 0.01(232), stagnancy 19.3%
[35m[MSG][0m itr   474, best 5563.3301, time  708.4, minPhero 0.01(232), stagnancy 19.7%
[35m[MSG][0m itr   475, best 5563.3301, time  709.8, minPhero 0.01(232), stagnancy 20.0%
[35m[MSG][0m itr   476, best 5563.3301, time  711.2, minPhero 0.01(232), stagnancy 20.3%
[35m[MSG][0m itr   477, best 5563.3301, time  712.6, minPhero 0.01(232), stagnancy 20.7%
[35m[MSG][0m itr   478, best 5563.3301, time  714.1, minPhero 0.01(232), stagnancy 21.0%
[35m[MSG][0m itr   479, best 5563.3301, time  715.5, minPhero 0.01(232), stagnancy 21.3%
[35m[MSG][0m itr   480, best 5563.3301, time  716.9, minPhero 0.01(232), stagnancy 21.7%
[35m[MSG][0m itr   481, best 5563.3301, time  718.3, minPhero 0.01(232), stagnancy 22.0%
[35m[MSG][0m itr   482, best 5563.3301, time  719.8, minPhero 0.01(232), stagnancy 22.3%
[35m[MSG][0m itr   483, best 5563.3301, time  721.2, minPhero 0.01(232), stagnancy 22.7%
[35m[MSG][0m itr   484, best 5563.3301, time  722.6, minPhero 0.01(232), stagnancy 23.0%
[35m[MSG][0m itr   485, best 5563.3301, time  724.1, minPhero 0.01(232), stagnancy 23.3%
[35m[MSG][0m itr   486, best 5563.3301, time  725.5, minPhero 0.01(232), stagnancy 23.7%
[35m[MSG][0m itr   487, best 5563.3301, time  726.9, minPhero 0.01(232), stagnancy 24.0%
[35m[MSG][0m itr   488, best 5563.3301, time  728.3, minPhero 0.01(232), stagnancy 24.3%
[35m[MSG][0m itr   489, best 5563.3301, time  729.7, minPhero 0.01(232), stagnancy 24.7%
[35m[MSG][0m itr   490, best 5563.3301, time  731.1, minPhero 0.01(232), stagnancy 25.0%
[35m[MSG][0m itr   491, best 5563.3301, time  732.6, minPhero 0.01(232), stagnancy 25.3%
[35m[MSG][0m itr   492, best 5563.3301, time  734.0, minPhero 0.01(232), stagnancy 25.7%
[35m[MSG][0m itr   493, best 5563.3301, time  735.4, minPhero 0.01(232), stagnancy 26.0%
[35m[MSG][0m itr   494, best 5563.3301, time  736.9, minPhero 0.01(232), stagnancy 26.3%
[35m[MSG][0m itr   495, best 5563.3301, time  738.3, minPhero 0.01(232), stagnancy 26.7%
[35m[MSG][0m itr   496, best 5563.3301, time  739.7, minPhero 0.01(232), stagnancy 27.0%
[35m[MSG][0m itr   497, best 5563.3301, time  741.1, minPhero 0.01(232), stagnancy 27.3%
[35m[MSG][0m itr   498, best 5563.3301, time  742.6, minPhero 0.01(232), stagnancy 27.7%
[35m[MSG][0m itr   499, best 5563.3301, time  744.0, minPhero 0.01(232), stagnancy 28.0%
[35m[MSG][0m itr   500, best 5563.3301, time  745.4, minPhero 0.01(232), stagnancy 28.3%
[35m[MSG][0m itr   501, best 5563.3301, time  746.8, minPhero 0.01(232), stagnancy 28.7%
[35m[MSG][0m itr   502, best 5563.3301, time  748.3, minPhero 0.01(232), stagnancy 29.0%
[35m[MSG][0m itr   503, best 5563.3301, time  749.7, minPhero 0.01(232), stagnancy 29.3%
[35m[MSG][0m itr   504, best 5563.3301, time  751.1, minPhero 0.01(232), stagnancy 29.7%
[35m[MSG][0m itr   505, best 5563.3301, time  752.4, minPhero 0.01(232), stagnancy 30.0%
[35m[MSG][0m itr   506, best 5563.3301, time  753.8, minPhero 0.01(232), stagnancy 30.3%
[35m[MSG][0m itr   507, best 5563.3301, time  755.3, minPhero 0.01(232), stagnancy 30.7%
[35m[MSG][0m itr   508, best 5563.3301, time  756.7, minPhero 0.01(232), stagnancy 31.0%
[35m[MSG][0m itr   509, best 5563.3301, time  758.2, minPhero 0.01(232), stagnancy 31.3%
[35m[MSG][0m itr   510, best 5563.3301, time  759.6, minPhero 0.01(232), stagnancy 31.7%
[35m[MSG][0m itr   511, best 5563.3301, time  761.0, minPhero 0.01(232), stagnancy 32.0%
[35m[MSG][0m itr   512, best 5563.3301, time  762.4, minPhero 0.01(232), stagnancy 32.3%
[35m[MSG][0m itr   513, best 5563.3301, time  763.9, minPhero 0.01(232), stagnancy 32.7%
[35m[MSG][0m itr   514, best 5563.3301, time  765.3, minPhero 0.01(232), stagnancy 33.0%
[35m[MSG][0m itr   515, best 5563.3301, time  766.7, minPhero 0.01(232), stagnancy 33.3%
[35m[MSG][0m itr   516, best 5563.3301, time  768.1, minPhero 0.01(232), stagnancy 33.7%
[35m[MSG][0m itr   517, best 5563.3301, time  769.6, minPhero 0.01(232), stagnancy 34.0%
[35m[MSG][0m itr   518, best 5563.3301, time  771.0, minPhero 0.01(232), stagnancy 34.3%
[35m[MSG][0m itr   519, best 5563.3301, time  772.5, minPhero 0.01(232), stagnancy 34.7%
[35m[MSG][0m itr   520, best 5563.3301, time  773.9, minPhero 0.01(232), stagnancy 35.0%
[35m[MSG][0m itr   521, best 5563.3301, time  775.3, minPhero 0.01(232), stagnancy 35.3%
[35m[MSG][0m itr   522, best 5563.3301, time  776.7, minPhero 0.01(232), stagnancy 35.7%
[35m[MSG][0m itr   523, best 5563.3301, time  778.2, minPhero 0.01(232), stagnancy 36.0%
[35m[MSG][0m itr   524, best 5563.3301, time  779.6, minPhero 0.01(232), stagnancy 36.3%
[35m[MSG][0m itr   525, best 5563.3301, time  781.1, minPhero 0.01(232), stagnancy 36.7%
[35m[MSG][0m itr   526, best 5563.3301, time  782.5, minPhero 0.01(232), stagnancy 37.0%
[35m[MSG][0m itr   527, best 5563.3301, time  784.0, minPhero 0.01(232), stagnancy 37.3%
[35m[MSG][0m itr   528, best 5563.3301, time  785.4, minPhero 0.01(232), stagnancy 37.7%
[35m[MSG][0m itr   529, best 5563.3301, time  786.8, minPhero 0.01(232), stagnancy 38.0%
[35m[MSG][0m itr   530, best 5563.3301, time  788.3, minPhero 0.01(232), stagnancy 38.3%
[35m[MSG][0m itr   531, best 5563.3301, time  789.7, minPhero 0.01(232), stagnancy 38.7%
[35m[MSG][0m itr   532, best 5563.3301, time  791.1, minPhero 0.01(232), stagnancy 39.0%
[35m[MSG][0m itr   533, best 5563.3301, time  792.6, minPhero 0.01(232), stagnancy 39.3%
[35m[MSG][0m itr   534, best 5563.3301, time  794.0, minPhero 0.01(232), stagnancy 39.7%
[35m[MSG][0m itr   535, best 5563.3301, time  795.4, minPhero 0.01(232), stagnancy 40.0%
[35m[MSG][0m itr   536, best 5563.3301, time  796.9, minPhero 0.01(232), stagnancy 40.3%
[35m[MSG][0m itr   537, best 5563.3301, time  798.3, minPhero 0.01(232), stagnancy 40.7%
[35m[MSG][0m itr   538, best 5563.3301, time  799.8, minPhero 0.01(232), stagnancy 41.0%
[35m[MSG][0m itr   539, best 5563.3301, time  801.2, minPhero 0.01(232), stagnancy 41.3%
[35m[MSG][0m itr   540, best 5563.3301, time  802.6, minPhero 0.01(232), stagnancy 41.7%
[35m[MSG][0m itr   541, best 5563.3301, time  804.1, minPhero 0.01(232), stagnancy 42.0%
[35m[MSG][0m itr   542, best 5563.3301, time  805.5, minPhero 0.01(232), stagnancy 42.3%
[35m[MSG][0m itr   543, best 5563.3301, time  806.9, minPhero 0.01(232), stagnancy 42.7%
[35m[MSG][0m itr   544, best 5563.3301, time  808.4, minPhero 0.01(232), stagnancy 43.0%
[35m[MSG][0m itr   545, best 5563.3301, time  809.8, minPhero 0.01(232), stagnancy 43.3%
[35m[MSG][0m itr   546, best 5563.3301, time  811.2, minPhero 0.01(232), stagnancy 43.7%
[35m[MSG][0m itr   547, best 5563.3301, time  812.7, minPhero 0.01(232), stagnancy 44.0%
[35m[MSG][0m itr   548, best 5563.3301, time  814.1, minPhero 0.01(232), stagnancy 44.3%
[35m[MSG][0m itr   549, best 5563.3301, time  815.6, minPhero 0.01(232), stagnancy 44.7%
[35m[MSG][0m itr   550, best 5563.3301, time  817.0, minPhero 0.01(232), stagnancy 45.0%
[35m[MSG][0m itr   551, best 5563.3301, time  818.4, minPhero 0.01(232), stagnancy 45.3%
[35m[MSG][0m itr   552, best 5563.3301, time  819.9, minPhero 0.01(232), stagnancy 45.7%
[35m[MSG][0m itr   553, best 5563.3301, time  821.3, minPhero 0.01(232), stagnancy 46.0%
[35m[MSG][0m itr   554, best 5563.3301, time  822.7, minPhero 0.01(232), stagnancy 46.3%
[35m[MSG][0m itr   555, best 5563.3301, time  824.2, minPhero 0.01(232), stagnancy 46.7%
[35m[MSG][0m itr   556, best 5563.3301, time  825.6, minPhero 0.01(232), stagnancy 47.0%
[35m[MSG][0m itr   557, best 5563.3301, time  827.0, minPhero 0.01(232), stagnancy 47.3%
[35m[MSG][0m itr   558, best 5563.3301, time  828.5, minPhero 0.01(232), stagnancy 47.7%
[35m[MSG][0m itr   559, best 5563.3301, time  829.9, minPhero 0.01(232), stagnancy 48.0%
[35m[MSG][0m itr   560, best 5563.3301, time  831.3, minPhero 0.01(232), stagnancy 48.3%
[35m[MSG][0m itr   561, best 5563.3301, time  832.7, minPhero 0.01(232), stagnancy 48.7%
[35m[MSG][0m itr   562, best 5563.3301, time  834.2, minPhero 0.01(232), stagnancy 49.0%
[35m[MSG][0m itr   563, best 5563.3301, time  835.6, minPhero 0.01(232), stagnancy 49.3%
[35m[MSG][0m itr   564, best 5563.3301, time  837.0, minPhero 0.01(232), stagnancy 49.7%
[35m[MSG][0m itr   565, best 5563.3301, time  838.5, minPhero 0.01(232), stagnancy 50.0%
[35m[MSG][0m itr   566, best 5563.3301, time  839.8, minPhero 0.01(232), stagnancy 50.3%
[35m[MSG][0m itr   567, best 5563.3301, time  841.3, minPhero 0.01(232), stagnancy 50.7%
[35m[MSG][0m itr   568, best 5563.3301, time  842.8, minPhero 0.01(232), stagnancy 51.0%
[35m[MSG][0m itr   569, best 5563.3301, time  844.2, minPhero 0.01(232), stagnancy 51.3%
[35m[MSG][0m itr   570, best 5563.3301, time  845.6, minPhero 0.01(232), stagnancy 51.7%
[35m[MSG][0m itr   571, best 5563.3301, time  847.1, minPhero 0.01(232), stagnancy 52.0%
[35m[MSG][0m itr   572, best 5563.3301, time  848.5, minPhero 0.01(232), stagnancy 52.3%
[35m[MSG][0m itr   573, best 5563.3301, time  849.8, minPhero 0.01(232), stagnancy 52.7%
[35m[MSG][0m itr   574, best 5563.3301, time  851.2, minPhero 0.01(232), stagnancy 53.0%
[35m[MSG][0m itr   575, best 5563.3301, time  852.6, minPhero 0.01(232), stagnancy 53.3%
[35m[MSG][0m itr   576, best 5563.3301, time  854.0, minPhero 0.01(232), stagnancy 53.7%
[35m[MSG][0m itr   577, best 5563.3301, time  855.5, minPhero 0.01(232), stagnancy 54.0%
[35m[MSG][0m itr   578, best 5563.3301, time  856.9, minPhero 0.01(232), stagnancy 54.3%
[35m[MSG][0m itr   579, best 5563.3301, time  858.2, minPhero 0.01(232), stagnancy 54.7%
[35m[MSG][0m itr   580, best 5563.3301, time  859.6, minPhero 0.01(232), stagnancy 55.0%
[35m[MSG][0m itr   581, best 5563.3301, time  861.0, minPhero 0.01(232), stagnancy 55.3%
[35m[MSG][0m itr   582, best 5563.3301, time  862.4, minPhero 0.01(232), stagnancy 55.7%
[35m[MSG][0m itr   583, best 5563.3301, time  863.8, minPhero 0.01(232), stagnancy 56.0%
[35m[MSG][0m itr   584, best 5563.3301, time  865.3, minPhero 0.01(232), stagnancy 56.3%
[35m[MSG][0m itr   585, best 5563.3301, time  866.7, minPhero 0.01(232), stagnancy 56.7%
[35m[MSG][0m itr   586, best 5563.3301, time  868.1, minPhero 0.01(232), stagnancy 57.0%
[35m[MSG][0m itr   587, best 5563.3301, time  869.7, minPhero 0.01(232), stagnancy 57.3%
[35m[MSG][0m itr   588, best 5563.3301, time  871.1, minPhero 0.01(232), stagnancy 57.7%
[35m[MSG][0m itr   589, best 5563.3301, time  872.6, minPhero 0.01(232), stagnancy 58.0%
[35m[MSG][0m itr   590, best 5563.3301, time  874.0, minPhero 0.01(232), stagnancy 58.3%
[35m[MSG][0m itr   591, best 5563.3301, time  875.5, minPhero 0.01(232), stagnancy 58.7%
[35m[MSG][0m itr   592, best 5563.3301, time  876.9, minPhero 0.01(232), stagnancy 59.0%
[35m[MSG][0m itr   593, best 5563.3301, time  878.3, minPhero 0.01(232), stagnancy 59.3%
[35m[MSG][0m itr   594, best 5563.3301, time  879.7, minPhero 0.01(232), stagnancy 59.7%
[35m[MSG][0m itr   595, best 5563.3301, time  881.2, minPhero 0.01(232), stagnancy 60.0%
[35m[MSG][0m itr   596, best 5563.3301, time  882.6, minPhero 0.01(232), stagnancy 60.3%
[35m[MSG][0m itr   597, best 5563.3301, time  884.0, minPhero 0.01(232), stagnancy 60.7%
[35m[MSG][0m itr   598, best 5563.3301, time  885.5, minPhero 0.01(232), stagnancy 61.0%
[35m[MSG][0m itr   599, best 5563.3301, time  886.9, minPhero 0.01(232), stagnancy 61.3%
[35m[MSG][0m itr   600, best 5563.3301, time  888.3, minPhero 0.01(232), stagnancy 61.7%
[35m[MSG][0m itr   601, best 5563.3301, time  889.7, minPhero 0.01(232), stagnancy 62.0%
[35m[MSG][0m itr   602, best 5563.3301, time  891.2, minPhero 0.01(232), stagnancy 62.3%
[35m[MSG][0m itr   603, best 5563.3301, time  892.6, minPhero 0.01(232), stagnancy 62.7%
[35m[MSG][0m itr   604, best 5563.3301, time  894.1, minPhero 0.01(232), stagnancy 63.0%
[35m[MSG][0m itr   605, best 5563.3301, time  895.5, minPhero 0.01(232), stagnancy 63.3%
[35m[MSG][0m itr   606, best 5563.3301, time  896.9, minPhero 0.01(232), stagnancy 63.7%
[35m[MSG][0m itr   607, best 5563.3301, time  898.4, minPhero 0.01(232), stagnancy 64.0%
[35m[MSG][0m itr   608, best 5563.3301, time  899.8, minPhero 0.01(232), stagnancy 64.3%
[35m[MSG][0m itr   609, best 5563.3301, time  901.2, minPhero 0.01(232), stagnancy 64.7%
[35m[MSG][0m itr   610, best 5563.3301, time  902.7, minPhero 0.01(232), stagnancy 65.0%
[35m[MSG][0m itr   611, best 5563.3301, time  904.1, minPhero 0.01(232), stagnancy 65.3%
[35m[MSG][0m itr   612, best 5563.3301, time  905.5, minPhero 0.01(232), stagnancy 65.7%
[35m[MSG][0m itr   613, best 5563.3301, time  907.0, minPhero 0.01(232), stagnancy 66.0%
[35m[MSG][0m itr   614, best 5563.3301, time  908.4, minPhero 0.01(232), stagnancy 66.3%
[35m[MSG][0m itr   615, best 5563.3301, time  909.8, minPhero 0.01(232), stagnancy 66.7%
[35m[MSG][0m itr   616, best 5563.3301, time  911.3, minPhero 0.01(232), stagnancy 67.0%
[35m[MSG][0m itr   617, best 5563.3301, time  912.7, minPhero 0.01(232), stagnancy 67.3%
[35m[MSG][0m itr   618, best 5563.3301, time  914.1, minPhero 0.01(232), stagnancy 67.7%
[35m[MSG][0m itr   619, best 5563.3301, time  915.6, minPhero 0.01(232), stagnancy 68.0%
[35m[MSG][0m itr   620, best 5563.3301, time  917.0, minPhero 0.01(232), stagnancy 68.3%
[35m[MSG][0m itr   621, best 5563.3301, time  918.4, minPhero 0.01(232), stagnancy 68.7%
[35m[MSG][0m itr   622, best 5563.3301, time  919.9, minPhero 0.01(232), stagnancy 69.0%
[35m[MSG][0m itr   623, best 5563.3301, time  921.3, minPhero 0.01(232), stagnancy 69.3%
[35m[MSG][0m itr   624, best 5563.3301, time  922.7, minPhero 0.01(232), stagnancy 69.7%
[35m[MSG][0m itr   625, best 5563.3301, time  924.2, minPhero 0.01(232), stagnancy 70.0%
[35m[MSG][0m itr   626, best 5563.3301, time  925.5, minPhero 0.01(232), stagnancy 70.3%
[35m[MSG][0m itr   627, best 5563.3301, time  926.8, minPhero 0.01(232), stagnancy 70.7%
[35m[MSG][0m itr   628, best 5563.3301, time  928.2, minPhero 0.01(232), stagnancy 71.0%
[35m[MSG][0m itr   629, best 5563.3301, time  929.7, minPhero 0.01(232), stagnancy 71.3%
[35m[MSG][0m itr   630, best 5563.3301, time  931.1, minPhero 0.01(232), stagnancy 71.7%
[35m[MSG][0m itr   631, best 5563.3301, time  932.5, minPhero 0.01(232), stagnancy 72.0%
[35m[MSG][0m itr   632, best 5563.3301, time  934.0, minPhero 0.01(232), stagnancy 72.3%
[35m[MSG][0m itr   633, best 5563.3301, time  935.4, minPhero 0.01(232), stagnancy 72.7%
[35m[MSG][0m itr   634, best 5563.3301, time  936.8, minPhero 0.01(232), stagnancy 73.0%
[35m[MSG][0m itr   635, best 5563.3301, time  938.2, minPhero 0.01(232), stagnancy 73.3%
[35m[MSG][0m itr   636, best 5563.3301, time  939.7, minPhero 0.01(232), stagnancy 73.7%
[35m[MSG][0m itr   637, best 5563.3301, time  941.1, minPhero 0.01(232), stagnancy 74.0%
[35m[MSG][0m itr   638, best 5563.3301, time  942.5, minPhero 0.01(232), stagnancy 74.3%
[35m[MSG][0m itr   639, best 5563.3301, time  943.9, minPhero 0.01(232), stagnancy 74.7%
[35m[MSG][0m itr   640, best 5563.3301, time  945.4, minPhero 0.01(232), stagnancy 75.0%
[35m[MSG][0m itr   641, best 5563.3301, time  946.8, minPhero 0.01(232), stagnancy 75.3%
[35m[MSG][0m itr   642, best 5563.3301, time  948.2, minPhero 0.01(232), stagnancy 75.7%
[35m[MSG][0m itr   643, best 5563.3301, time  949.7, minPhero 0.01(232), stagnancy 76.0%
[35m[MSG][0m itr   644, best 5563.3301, time  951.1, minPhero 0.01(232), stagnancy 76.3%
[35m[MSG][0m itr   645, best 5563.3301, time  952.5, minPhero 0.01(232), stagnancy 76.7%
[35m[MSG][0m itr   646, best 5563.3301, time  954.0, minPhero 0.01(232), stagnancy 77.0%
[35m[MSG][0m itr   647, best 5563.3301, time  955.4, minPhero 0.01(232), stagnancy 77.3%
[35m[MSG][0m itr   648, best 5563.3301, time  956.9, minPhero 0.01(232), stagnancy 77.7%
[35m[MSG][0m itr   649, best 5563.3301, time  958.3, minPhero 0.01(232), stagnancy 78.0%
[35m[MSG][0m itr   650, best 5563.3301, time  959.7, minPhero 0.01(232), stagnancy 78.3%
[35m[MSG][0m itr   651, best 5563.3301, time  961.2, minPhero 0.01(232), stagnancy 78.7%
[35m[MSG][0m itr   652, best 5563.3301, time  962.6, minPhero 0.01(232), stagnancy 79.0%
[35m[MSG][0m itr   653, best 5563.3301, time  964.0, minPhero 0.01(232), stagnancy 79.3%
[35m[MSG][0m itr   654, best 5563.3301, time  965.4, minPhero 0.01(232), stagnancy 79.7%
[35m[MSG][0m itr   655, best 5563.3301, time  966.6, minPhero 0.01(232), stagnancy 80.0%
[35m[MSG][0m itr   656, best 5563.3301, time  968.1, minPhero 0.01(232), stagnancy 80.3%
[35m[MSG][0m itr   657, best 5563.3301, time  969.5, minPhero 0.01(232), stagnancy 80.7%
[35m[MSG][0m itr   658, best 5563.3301, time  970.9, minPhero 0.01(232), stagnancy 81.0%
[35m[MSG][0m itr   659, best 5563.3301, time  972.3, minPhero 0.01(232), stagnancy 81.3%
[35m[MSG][0m itr   660, best 5563.3301, time  973.8, minPhero 0.01(232), stagnancy 81.7%
[35m[MSG][0m itr   661, best 5563.3301, time  975.2, minPhero 0.01(232), stagnancy 82.0%
[35m[MSG][0m itr   662, best 5563.3301, time  976.6, minPhero 0.01(232), stagnancy 82.3%
[35m[MSG][0m itr   663, best 5563.3301, time  978.1, minPhero 0.01(232), stagnancy 82.7%
[35m[MSG][0m itr   664, best 5563.3301, time  979.5, minPhero 0.01(232), stagnancy 83.0%
[35m[MSG][0m itr   665, best 5563.3301, time  980.9, minPhero 0.01(232), stagnancy 83.3%
[35m[MSG][0m itr   666, best 5563.3301, time  982.4, minPhero 0.01(232), stagnancy 83.7%
[35m[MSG][0m itr   667, best 5563.3301, time  983.8, minPhero 0.01(232), stagnancy 84.0%
[35m[MSG][0m itr   668, best 5563.3301, time  985.2, minPhero 0.01(232), stagnancy 84.3%
[35m[MSG][0m itr   669, best 5563.3301, time  986.7, minPhero 0.01(232), stagnancy 84.7%
[35m[MSG][0m itr   670, best 5563.3301, time  988.1, minPhero 0.01(232), stagnancy 85.0%
[35m[MSG][0m itr   671, best 5563.3301, time  989.6, minPhero 0.01(232), stagnancy 85.3%
[35m[MSG][0m itr   672, best 5563.3301, time  991.0, minPhero 0.01(232), stagnancy 85.7%
[35m[MSG][0m itr   673, best 5563.3301, time  992.4, minPhero 0.01(232), stagnancy 86.0%
[35m[MSG][0m itr   674, best 5563.3301, time  993.9, minPhero 0.01(232), stagnancy 86.3%
[35m[MSG][0m itr   675, best 5563.3301, time  995.3, minPhero 0.01(232), stagnancy 86.7%
[35m[MSG][0m itr   676, best 5563.3301, time  996.8, minPhero 0.01(232), stagnancy 87.0%
[35m[MSG][0m itr   677, best 5563.3301, time  998.2, minPhero 0.01(232), stagnancy 87.3%
[35m[MSG][0m itr   678, best 5563.3301, time  999.6, minPhero 0.01(232), stagnancy 87.7%
[35m[MSG][0m itr   679, best 5563.3301, time 1001.1, minPhero 0.01(232), stagnancy 88.0%
[35m[MSG][0m itr   680, best 5563.3301, time 1002.5, minPhero 0.01(232), stagnancy 88.3%
[35m[MSG][0m itr   681, best 5563.3301, time 1003.9, minPhero 0.01(232), stagnancy 88.7%
[35m[MSG][0m itr   682, best 5563.3301, time 1005.4, minPhero 0.01(232), stagnancy 89.0%
[35m[MSG][0m itr   683, best 5563.3301, time 1006.8, minPhero 0.01(232), stagnancy 89.3%
[35m[MSG][0m itr   684, best 5563.3301, time 1008.2, minPhero 0.01(232), stagnancy 89.7%
[35m[MSG][0m itr   685, best 5563.3301, time 1009.7, minPhero 0.01(232), stagnancy 90.0%
[35m[MSG][0m itr   686, best 5563.3301, time 1011.0, minPhero 0.01(232), stagnancy 90.3%
[35m[MSG][0m itr   687, best 5563.3301, time 1012.4, minPhero 0.01(232), stagnancy 90.7%
[35m[MSG][0m itr   688, best 5563.3301, time 1013.8, minPhero 0.01(232), stagnancy 91.0%
[35m[MSG][0m itr   689, best 5563.3301, time 1015.3, minPhero 0.01(232), stagnancy 91.3%
[35m[MSG][0m itr   690, best 5563.3301, time 1016.7, minPhero 0.01(232), stagnancy 91.7%
[35m[MSG][0m itr   691, best 5563.3301, time 1018.2, minPhero 0.01(232), stagnancy 92.0%
[35m[MSG][0m itr   692, best 5563.3301, time 1019.6, minPhero 0.01(232), stagnancy 92.3%
[35m[MSG][0m itr   693, best 5563.3301, time 1021.1, minPhero 0.01(232), stagnancy 92.7%
[35m[MSG][0m itr   694, best 5563.3301, time 1022.5, minPhero 0.01(232), stagnancy 93.0%
[35m[MSG][0m itr   695, best 5563.3301, time 1023.9, minPhero 0.01(232), stagnancy 93.3%
[35m[MSG][0m itr   696, best 5563.3301, time 1025.3, minPhero 0.01(232), stagnancy 93.7%
[35m[MSG][0m itr   697, best 5563.3301, time 1026.8, minPhero 0.01(232), stagnancy 94.0%
[35m[MSG][0m itr   698, best 5563.3301, time 1028.2, minPhero 0.01(232), stagnancy 94.3%
[35m[MSG][0m itr   699, best 5563.3301, time 1029.6, minPhero 0.01(232), stagnancy 94.7%
[35m[MSG][0m itr   700, best 5563.3301, time 1031.1, minPhero 0.01(232), stagnancy 95.0%
[35m[MSG][0m itr   701, best 5563.3301, time 1032.5, minPhero 0.01(232), stagnancy 95.3%
[35m[MSG][0m itr   702, best 5563.3301, time 1034.0, minPhero 0.01(232), stagnancy 95.7%
[35m[MSG][0m itr   703, best 5563.3301, time 1035.4, minPhero 0.01(232), stagnancy 96.0%
[35m[MSG][0m itr   704, best 5563.3301, time 1036.8, minPhero 0.01(232), stagnancy 96.3%
[35m[MSG][0m itr   705, best 5563.3301, time 1038.3, minPhero 0.01(232), stagnancy 96.7%
[35m[MSG][0m itr   706, best 5563.3301, time 1039.7, minPhero 0.01(232), stagnancy 97.0%
[35m[MSG][0m itr   707, best 5563.3301, time 1041.1, minPhero 0.01(232), stagnancy 97.3%
[35m[MSG][0m itr   708, best 5563.3301, time 1042.5, minPhero 0.01(232), stagnancy 97.7%
[35m[MSG][0m itr   709, best 5563.3301, time 1044.0, minPhero 0.01(232), stagnancy 98.0%
[35m[MSG][0m itr   710, best 5563.3301, time 1045.4, minPhero 0.01(232), stagnancy 98.3%
[35m[MSG][0m itr   711, best 5563.3301, time 1046.8, minPhero 0.01(232), stagnancy 98.7%
[35m[MSG][0m itr   712, best 5563.3301, time 1048.3, minPhero 0.01(232), stagnancy 99.0%
[35m[MSG][0m itr   713, best 5563.3301, time 1049.7, minPhero 0.01(232), stagnancy 99.3%
[35m[MSG][0m itr   714, best 5563.3301, time 1051.1, minPhero 0.01(232), stagnancy 99.7%
[35m[MSG][0m itr   715, best 5563.3301, time 1052.6, minPhero 0.01(232), stagnancy 100.0%
[35m[MSG][0m Solution converged. Reinitialising pheromones...
[35m[MSG][0m Time: 1052.57 s
[35m[MSG][0m Best cost: 5563.33
