[35m[MSG][0m Log level set to LOG_DEBUG
[35m[MSG][0m Parsing input from file "res/fruitybun250_2016.vrp"
[35m[MSG][0m Number of nodes: 250
[35m[MSG][0m Running ACO search
[35m[MSG][0m ACO settings: 
 alpha:     8.000
 beta:      1.000
 pers:      0.850
 minPhero:  0.015
 nbhood:    10
 popSize:   512
 maxStag:   300
[35m[MSG][0m itr     1, best 5774.9512, time    1.6, minPhero 0.85(28922), stagnancy 0.0%
[35m[MSG][0m itr     2, best 5769.5469, time    3.1, minPhero 0.72(28922), stagnancy 0.0%
[35m[MSG][0m itr     3, best 5769.5469, time    4.7, minPhero 0.61(28922), stagnancy 0.3%
[35m[MSG][0m itr     4, best 5766.3359, time    6.3, minPhero 0.52(28922), stagnancy 0.0%
[35m[MSG][0m itr     5, best 5762.6914, time    7.9, minPhero 0.44(28922), stagnancy 0.0%
[35m[MSG][0m itr     6, best 5746.5552, time    9.5, minPhero 0.38(28922), stagnancy 0.0%
[35m[MSG][0m itr     7, best 5744.2344, time   11.1, minPhero 0.32(28922), stagnancy 0.0%
[35m[MSG][0m itr     8, best 5732.0054, time   12.7, minPhero 0.27(28922), stagnancy 0.0%
[35m[MSG][0m itr     9, best 5732.0054, time   14.3, minPhero 0.23(28922), stagnancy 0.3%
[35m[MSG][0m itr    10, best 5716.8721, time   15.8, minPhero 0.20(28922), stagnancy 0.0%
[35m[MSG][0m itr    11, best 5716.8721, time   17.3, minPhero 0.17(28922), stagnancy 0.3%
[35m[MSG][0m itr    12, best 5716.8721, time   18.6, minPhero 0.14(28922), stagnancy 0.7%
[35m[MSG][0m itr    13, best 5716.8721, time   19.9, minPhero 0.12(28922), stagnancy 1.0%
[35m[MSG][0m itr    14, best 5680.3003, time   21.4, minPhero 0.10(28922), stagnancy 0.0%
[35m[MSG][0m itr    15, best 5680.3003, time   22.8, minPhero 0.09(28922), stagnancy 0.3%
[35m[MSG][0m itr    16, best 5680.3003, time   24.3, minPhero 0.07(28922), stagnancy 0.7%
[35m[MSG][0m itr    17, best 5680.3003, time   25.8, minPhero 0.06(28922), stagnancy 1.0%
[35m[MSG][0m itr    18, best 5680.3003, time   27.2, minPhero 0.05(28922), stagnancy 1.3%
[35m[MSG][0m itr    19, best 5675.3809, time   28.7, minPhero 0.05(28922), stagnancy 0.0%
[35m[MSG][0m itr    20, best 5666.9590, time   30.2, minPhero 0.04(28922), stagnancy 0.0%
[35m[MSG][0m itr    21, best 5666.9590, time   31.7, minPhero 0.03(28922), stagnancy 0.3%
[35m[MSG][0m itr    22, best 5666.9590, time   33.2, minPhero 0.03(28922), stagnancy 0.7%
[35m[MSG][0m itr    23, best 5657.9854, time   34.7, minPhero 0.02(680), stagnancy 0.0%
[35m[MSG][0m itr    24, best 5655.1294, time   36.1, minPhero 0.02(662), stagnancy 0.0%
[35m[MSG][0m itr    25, best 5652.7358, time   37.6, minPhero 0.02(556), stagnancy 0.0%
[35m[MSG][0m itr    26, best 5641.9312, time   39.0, minPhero 0.01(521), stagnancy 0.0%
[35m[MSG][0m itr    27, best 5612.7690, time   40.6, minPhero 0.01(505), stagnancy 0.0%
[35m[MSG][0m itr    28, best 5612.7690, time   42.1, minPhero 0.01(469), stagnancy 0.3%
[35m[MSG][0m itr    29, best 5612.7690, time   43.5, minPhero 0.01(453), stagnancy 0.7%
[35m[MSG][0m itr    30, best 5599.5630, time   45.0, minPhero 0.01(444), stagnancy 0.0%
[35m[MSG][0m itr    31, best 5599.5630, time   46.5, minPhero 0.01(439), stagnancy 0.3%
[35m[MSG][0m itr    32, best 5597.3633, time   48.0, minPhero 0.01(432), stagnancy 0.0%
[35m[MSG][0m itr    33, best 5594.9688, time   49.5, minPhero 0.01(405), stagnancy 0.0%
[35m[MSG][0m itr    34, best 5593.4067, time   50.9, minPhero 0.01(391), stagnancy 0.0%
[35m[MSG][0m itr    35, best 5593.2559, time   52.4, minPhero 0.01(386), stagnancy 0.0%
[35m[MSG][0m itr    36, best 5592.8340, time   53.9, minPhero 0.01(372), stagnancy 0.0%
[35m[MSG][0m itr    37, best 5592.8340, time   55.4, minPhero 0.01(368), stagnancy 0.3%
[35m[MSG][0m itr    38, best 5591.8169, time   56.8, minPhero 0.01(340), stagnancy 0.0%
[35m[MSG][0m itr    39, best 5591.2725, time   58.3, minPhero 0.01(329), stagnancy 0.0%
[35m[MSG][0m itr    40, best 5588.4766, time   59.7, minPhero 0.01(314), stagnancy 0.0%
[35m[MSG][0m itr    41, best 5588.4766, time   61.2, minPhero 0.01(307), stagnancy 0.3%
[35m[MSG][0m itr    42, best 5587.6108, time   62.6, minPhero 0.01(306), stagnancy 0.0%
[35m[MSG][0m itr    43, best 5585.8354, time   64.1, minPhero 0.01(298), stagnancy 0.0%
[35m[MSG][0m itr    44, best 5585.8354, time   65.5, minPhero 0.01(286), stagnancy 0.3%
[35m[MSG][0m itr    45, best 5585.0337, time   66.9, minPhero 0.01(280), stagnancy 0.0%
[35m[MSG][0m itr    46, best 5584.4604, time   68.4, minPhero 0.01(278), stagnancy 0.0%
[35m[MSG][0m itr    47, best 5583.3594, time   69.8, minPhero 0.01(273), stagnancy 0.0%
[35m[MSG][0m itr    48, best 5583.3594, time   71.3, minPhero 0.01(271), stagnancy 0.3%
[35m[MSG][0m itr    49, best 5582.3188, time   72.7, minPhero 0.01(273), stagnancy 0.0%
[35m[MSG][0m itr    50, best 5582.3188, time   74.2, minPhero 0.01(272), stagnancy 0.3%
[35m[MSG][0m itr    51, best 5582.3188, time   75.6, minPhero 0.01(269), stagnancy 0.7%
[35m[MSG][0m itr    52, best 5582.3188, time   77.1, minPhero 0.01(269), stagnancy 1.0%
[35m[MSG][0m itr    53, best 5578.1270, time   78.6, minPhero 0.01(279), stagnancy 0.0%
[35m[MSG][0m itr    54, best 5577.6973, time   80.0, minPhero 0.01(277), stagnancy 0.0%
[35m[MSG][0m itr    55, best 5577.6963, time   81.5, minPhero 0.01(277), stagnancy 0.0%
[35m[MSG][0m itr    56, best 5577.6963, time   83.0, minPhero 0.01(276), stagnancy 0.3%
[35m[MSG][0m itr    57, best 5577.6963, time   84.4, minPhero 0.01(275), stagnancy 0.7%
[35m[MSG][0m itr    58, best 5577.5376, time   85.9, minPhero 0.01(275), stagnancy 0.0%
[35m[MSG][0m itr    59, best 5576.9810, time   87.3, minPhero 0.01(275), stagnancy 0.0%
[35m[MSG][0m itr    60, best 5576.9678, time   88.8, minPhero 0.01(274), stagnancy 0.0%
[35m[MSG][0m Solution converged. Reinitialising pheromones...
[35m[MSG][0m itr    61, best 5576.9678, time   90.2, minPhero 0.85(28922), stagnancy 0.3%
[35m[MSG][0m itr    62, best 5576.9678, time   91.7, minPhero 0.72(28922), stagnancy 0.7%
[35m[MSG][0m itr    63, best 5576.9678, time   93.1, minPhero 0.61(28922), stagnancy 1.0%
[35m[MSG][0m itr    64, best 5576.9678, time   94.6, minPhero 0.52(28922), stagnancy 1.3%
[35m[MSG][0m itr    65, best 5576.9678, time   96.0, minPhero 0.44(28922), stagnancy 1.7%
[35m[MSG][0m itr    66, best 5576.9678, time   97.5, minPhero 0.38(28922), stagnancy 2.0%
[35m[MSG][0m itr    67, best 5576.9678, time   99.0, minPhero 0.32(28922), stagnancy 2.3%
[35m[MSG][0m itr    68, best 5576.9678, time  100.4, minPhero 0.27(28922), stagnancy 2.7%
[35m[MSG][0m itr    69, best 5576.9678, time  101.9, minPhero 0.23(28922), stagnancy 3.0%
[35m[MSG][0m itr    70, best 5576.9678, time  103.3, minPhero 0.20(28922), stagnancy 3.3%
[35m[MSG][0m itr    71, best 5576.9678, time  104.8, minPhero 0.17(28922), stagnancy 3.7%
[35m[MSG][0m itr    72, best 5576.9678, time  106.3, minPhero 0.14(28922), stagnancy 4.0%
[35m[MSG][0m itr    73, best 5576.9678, time  107.8, minPhero 0.12(28922), stagnancy 4.3%
[35m[MSG][0m itr    74, best 5576.9678, time  109.2, minPhero 0.10(28922), stagnancy 4.7%
[35m[MSG][0m itr    75, best 5576.9678, time  110.7, minPhero 0.09(28922), stagnancy 5.0%
[35m[MSG][0m itr    76, best 5576.9678, time  112.2, minPhero 0.07(28922), stagnancy 5.3%
[35m[MSG][0m itr    77, best 5576.9678, time  113.7, minPhero 0.06(28922), stagnancy 5.7%
[35m[MSG][0m itr    78, best 5576.9678, time  115.1, minPhero 0.05(28922), stagnancy 6.0%
[35m[MSG][0m itr    79, best 5576.9678, time  116.6, minPhero 0.05(28922), stagnancy 6.3%
[35m[MSG][0m itr    80, best 5576.9678, time  118.1, minPhero 0.04(28922), stagnancy 6.7%
[35m[MSG][0m itr    81, best 5576.9678, time  119.6, minPhero 0.03(28922), stagnancy 7.0%
[35m[MSG][0m itr    82, best 5576.9678, time  121.0, minPhero 0.03(28922), stagnancy 7.3%
[35m[MSG][0m itr    83, best 5576.9678, time  122.5, minPhero 0.02(232), stagnancy 7.7%
[35m[MSG][0m itr    84, best 5576.8081, time  123.9, minPhero 0.02(233), stagnancy 0.0%
[35m[MSG][0m itr    85, best 5576.8081, time  125.4, minPhero 0.02(233), stagnancy 0.3%
[35m[MSG][0m itr    86, best 5576.8081, time  126.7, minPhero 0.01(233), stagnancy 0.7%
[35m[MSG][0m itr    87, best 5576.8081, time  128.1, minPhero 0.01(233), stagnancy 1.0%
[35m[MSG][0m itr    88, best 5576.8076, time  129.6, minPhero 0.01(233), stagnancy 0.0%
[35m[MSG][0m itr    89, best 5576.7280, time  131.0, minPhero 0.01(236), stagnancy 0.0%
[35m[MSG][0m itr    90, best 5576.7280, time  132.5, minPhero 0.01(236), stagnancy 0.3%
[35m[MSG][0m itr    91, best 5576.7280, time  133.9, minPhero 0.01(236), stagnancy 0.7%
[35m[MSG][0m itr    92, best 5576.7280, time  135.4, minPhero 0.01(236), stagnancy 1.0%
[35m[MSG][0m itr    93, best 5576.7280, time  136.9, minPhero 0.01(236), stagnancy 1.3%
[35m[MSG][0m itr    94, best 5576.7280, time  138.3, minPhero 0.01(236), stagnancy 1.7%
[35m[MSG][0m itr    95, best 5576.7280, time  139.8, minPhero 0.01(236), stagnancy 2.0%
[35m[MSG][0m itr    96, best 5576.7280, time  141.2, minPhero 0.01(236), stagnancy 2.3%
[35m[MSG][0m itr    97, best 5576.7280, time  142.7, minPhero 0.01(236), stagnancy 2.7%
[35m[MSG][0m itr    98, best 5576.7280, time  144.1, minPhero 0.01(236), stagnancy 3.0%
[35m[MSG][0m itr    99, best 5576.7280, time  145.5, minPhero 0.01(236), stagnancy 3.3%
[35m[MSG][0m itr   100, best 5575.2471, time  146.9, minPhero 0.01(243), stagnancy 0.0%
[35m[MSG][0m itr   101, best 5575.2471, time  148.3, minPhero 0.01(243), stagnancy 0.3%
[35m[MSG][0m itr   102, best 5573.6113, time  149.8, minPhero 0.01(247), stagnancy 0.0%
[35m[MSG][0m itr   103, best 5573.5312, time  151.3, minPhero 0.01(247), stagnancy 0.0%
[35m[MSG][0m itr   104, best 5571.4185, time  152.7, minPhero 0.01(250), stagnancy 0.0%
[35m[MSG][0m itr   105, best 5571.3384, time  154.2, minPhero 0.01(250), stagnancy 0.0%
[35m[MSG][0m itr   106, best 5571.3384, time  155.6, minPhero 0.01(249), stagnancy 0.3%
[35m[MSG][0m itr   107, best 5571.3384, time  157.1, minPhero 0.01(249), stagnancy 0.7%
[35m[MSG][0m itr   108, best 5571.3384, time  158.5, minPhero 0.01(249), stagnancy 1.0%
[35m[MSG][0m itr   109, best 5571.3384, time  159.9, minPhero 0.01(249), stagnancy 1.3%
[35m[MSG][0m itr   110, best 5571.3384, time  161.4, minPhero 0.01(249), stagnancy 1.7%
[35m[MSG][0m itr   111, best 5570.0449, time  162.8, minPhero 0.01(251), stagnancy 0.0%
[35m[MSG][0m itr   112, best 5570.0449, time  164.3, minPhero 0.01(251), stagnancy 0.3%
[35m[MSG][0m itr   113, best 5568.7603, time  165.7, minPhero 0.01(254), stagnancy 0.0%
[35m[MSG][0m itr   114, best 5568.7603, time  167.2, minPhero 0.01(254), stagnancy 0.3%
[35m[MSG][0m itr   115, best 5568.7603, time  168.7, minPhero 0.01(254), stagnancy 0.7%
[35m[MSG][0m itr   116, best 5568.7603, time  170.1, minPhero 0.01(254), stagnancy 1.0%
[35m[MSG][0m itr   117, best 5568.7603, time  171.6, minPhero 0.01(253), stagnancy 1.3%
[35m[MSG][0m itr   118, best 5568.7598, time  173.0, minPhero 0.01(253), stagnancy 0.0%
[35m[MSG][0m itr   119, best 5568.7598, time  174.5, minPhero 0.01(249), stagnancy 0.3%
[35m[MSG][0m itr   120, best 5568.7598, time  175.9, minPhero 0.01(246), stagnancy 0.7%
[35m[MSG][0m itr   121, best 5568.7598, time  177.4, minPhero 0.01(246), stagnancy 1.0%
[35m[MSG][0m itr   122, best 5568.7598, time  178.8, minPhero 0.01(239), stagnancy 1.3%
[35m[MSG][0m itr   123, best 5568.7598, time  180.2, minPhero 0.01(239), stagnancy 1.7%
[35m[MSG][0m itr   124, best 5568.7598, time  181.7, minPhero 0.01(239), stagnancy 2.0%
[35m[MSG][0m itr   125, best 5568.7598, time  183.1, minPhero 0.01(239), stagnancy 2.3%
[35m[MSG][0m itr   126, best 5568.7598, time  184.6, minPhero 0.01(237), stagnancy 2.7%
[35m[MSG][0m itr   127, best 5568.7598, time  186.1, minPhero 0.01(237), stagnancy 3.0%
[35m[MSG][0m itr   128, best 5568.7598, time  187.4, minPhero 0.01(235), stagnancy 3.3%
[35m[MSG][0m itr   129, best 5568.7598, time  188.8, minPhero 0.01(235), stagnancy 3.7%
[35m[MSG][0m itr   130, best 5568.7598, time  190.2, minPhero 0.01(235), stagnancy 4.0%
[35m[MSG][0m itr   131, best 5566.5234, time  191.7, minPhero 0.01(242), stagnancy 0.0%
[35m[MSG][0m itr   132, best 5566.3638, time  193.1, minPhero 0.01(242), stagnancy 0.0%
[35m[MSG][0m itr   133, best 5565.4282, time  194.5, minPhero 0.01(243), stagnancy 0.0%
[35m[MSG][0m itr   134, best 5565.4277, time  195.8, minPhero 0.01(243), stagnancy 0.0%
[35m[MSG][0m itr   135, best 5565.4277, time  197.2, minPhero 0.01(243), stagnancy 0.3%
[35m[MSG][0m itr   136, best 5565.4277, time  198.6, minPhero 0.01(243), stagnancy 0.7%
[35m[MSG][0m itr   137, best 5565.4277, time  200.1, minPhero 0.01(243), stagnancy 1.0%
[35m[MSG][0m itr   138, best 5565.4277, time  201.5, minPhero 0.01(243), stagnancy 1.3%
[35m[MSG][0m itr   139, best 5565.4277, time  203.0, minPhero 0.01(243), stagnancy 1.7%
[35m[MSG][0m itr   140, best 5565.4277, time  204.4, minPhero 0.01(243), stagnancy 2.0%
[35m[MSG][0m itr   141, best 5565.4277, time  205.9, minPhero 0.01(243), stagnancy 2.3%
[35m[MSG][0m itr   142, best 5565.4277, time  207.4, minPhero 0.01(243), stagnancy 2.7%
[35m[MSG][0m itr   143, best 5565.4277, time  208.9, minPhero 0.01(242), stagnancy 3.0%
[35m[MSG][0m itr   144, best 5565.4277, time  210.3, minPhero 0.01(242), stagnancy 3.3%
[35m[MSG][0m itr   145, best 5565.4277, time  211.8, minPhero 0.01(242), stagnancy 3.7%
[35m[MSG][0m itr   146, best 5565.4277, time  213.2, minPhero 0.01(242), stagnancy 4.0%
[35m[MSG][0m itr   147, best 5565.4277, time  214.7, minPhero 0.01(242), stagnancy 4.3%
[35m[MSG][0m itr   148, best 5565.4277, time  216.2, minPhero 0.01(240), stagnancy 4.7%
[35m[MSG][0m itr   149, best 5565.4277, time  217.6, minPhero 0.01(240), stagnancy 5.0%
[35m[MSG][0m itr   150, best 5565.4277, time  219.0, minPhero 0.01(240), stagnancy 5.3%
[35m[MSG][0m itr   151, best 5565.4277, time  220.5, minPhero 0.01(240), stagnancy 5.7%
[35m[MSG][0m itr   152, best 5565.4277, time  221.9, minPhero 0.01(240), stagnancy 6.0%
[35m[MSG][0m itr   153, best 5565.4277, time  223.3, minPhero 0.01(232), stagnancy 6.3%
[35m[MSG][0m itr   154, best 5565.4277, time  224.8, minPhero 0.01(232), stagnancy 6.7%
[35m[MSG][0m itr   155, best 5565.4277, time  226.2, minPhero 0.01(232), stagnancy 7.0%
[35m[MSG][0m itr   156, best 5565.4277, time  227.6, minPhero 0.01(232), stagnancy 7.3%
[35m[MSG][0m itr   157, best 5565.4277, time  228.9, minPhero 0.01(232), stagnancy 7.7%
[35m[MSG][0m itr   158, best 5565.4277, time  230.4, minPhero 0.01(232), stagnancy 8.0%
[35m[MSG][0m itr   159, best 5565.4277, time  231.8, minPhero 0.01(232), stagnancy 8.3%
[35m[MSG][0m itr   160, best 5565.4277, time  233.2, minPhero 0.01(232), stagnancy 8.7%
[35m[MSG][0m itr   161, best 5565.4277, time  234.7, minPhero 0.01(232), stagnancy 9.0%
[35m[MSG][0m itr   162, best 5565.4277, time  236.1, minPhero 0.01(232), stagnancy 9.3%
[35m[MSG][0m itr   163, best 5565.4277, time  237.6, minPhero 0.01(232), stagnancy 9.7%
[35m[MSG][0m itr   164, best 5565.4277, time  239.1, minPhero 0.01(232), stagnancy 10.0%
[35m[MSG][0m itr   165, best 5565.4277, time  240.5, minPhero 0.01(232), stagnancy 10.3%
[35m[MSG][0m itr   166, best 5565.4277, time  242.0, minPhero 0.01(232), stagnancy 10.7%
[35m[MSG][0m itr   167, best 5565.4277, time  243.4, minPhero 0.01(232), stagnancy 11.0%
[35m[MSG][0m itr   168, best 5565.4277, time  244.9, minPhero 0.01(232), stagnancy 11.3%
[35m[MSG][0m itr   169, best 5565.4277, time  246.3, minPhero 0.01(232), stagnancy 11.7%
[35m[MSG][0m itr   170, best 5565.4277, time  247.8, minPhero 0.01(232), stagnancy 12.0%
[35m[MSG][0m itr   171, best 5565.4277, time  249.2, minPhero 0.01(232), stagnancy 12.3%
[35m[MSG][0m itr   172, best 5565.4277, time  250.7, minPhero 0.01(232), stagnancy 12.7%
[35m[MSG][0m itr   173, best 5565.4277, time  252.1, minPhero 0.01(232), stagnancy 13.0%
[35m[MSG][0m itr   174, best 5565.4277, time  253.6, minPhero 0.01(232), stagnancy 13.3%
[35m[MSG][0m itr   175, best 5565.4277, time  255.0, minPhero 0.01(232), stagnancy 13.7%
[35m[MSG][0m itr   176, best 5565.4277, time  256.5, minPhero 0.01(232), stagnancy 14.0%
[35m[MSG][0m itr   177, best 5565.4277, time  257.9, minPhero 0.01(232), stagnancy 14.3%
[35m[MSG][0m itr   178, best 5565.4277, time  259.3, minPhero 0.01(232), stagnancy 14.7%
[35m[MSG][0m itr   179, best 5565.4277, time  260.8, minPhero 0.01(232), stagnancy 15.0%
[35m[MSG][0m itr   180, best 5565.4277, time  262.2, minPhero 0.01(232), stagnancy 15.3%
[35m[MSG][0m itr   181, best 5565.4277, time  263.7, minPhero 0.01(232), stagnancy 15.7%
[35m[MSG][0m itr   182, best 5565.4277, time  265.1, minPhero 0.01(232), stagnancy 16.0%
[35m[MSG][0m itr   183, best 5565.4277, time  266.4, minPhero 0.01(232), stagnancy 16.3%
[35m[MSG][0m itr   184, best 5565.4277, time  267.8, minPhero 0.01(232), stagnancy 16.7%
[35m[MSG][0m itr   185, best 5565.4277, time  269.2, minPhero 0.01(232), stagnancy 17.0%
[35m[MSG][0m itr   186, best 5565.4277, time  270.6, minPhero 0.01(232), stagnancy 17.3%
[35m[MSG][0m itr   187, best 5565.4277, time  272.1, minPhero 0.01(232), stagnancy 17.7%
[35m[MSG][0m itr   188, best 5565.4277, time  273.6, minPhero 0.01(232), stagnancy 18.0%
[35m[MSG][0m itr   189, best 5565.4277, time  275.1, minPhero 0.01(232), stagnancy 18.3%
[35m[MSG][0m itr   190, best 5565.4277, time  276.5, minPhero 0.01(232), stagnancy 18.7%
[35m[MSG][0m itr   191, best 5565.4277, time  278.0, minPhero 0.01(232), stagnancy 19.0%
[35m[MSG][0m itr   192, best 5565.4277, time  279.4, minPhero 0.01(232), stagnancy 19.3%
[35m[MSG][0m itr   193, best 5565.4277, time  280.8, minPhero 0.01(232), stagnancy 19.7%
[35m[MSG][0m itr   194, best 5565.4277, time  282.3, minPhero 0.01(232), stagnancy 20.0%
[35m[MSG][0m itr   195, best 5565.4277, time  283.7, minPhero 0.01(232), stagnancy 20.3%
[35m[MSG][0m itr   196, best 5565.4277, time  285.2, minPhero 0.01(232), stagnancy 20.7%
[35m[MSG][0m itr   197, best 5565.4277, time  286.6, minPhero 0.01(232), stagnancy 21.0%
[35m[MSG][0m itr   198, best 5565.4277, time  288.0, minPhero 0.01(232), stagnancy 21.3%
[35m[MSG][0m itr   199, best 5565.4277, time  289.5, minPhero 0.01(232), stagnancy 21.7%
[35m[MSG][0m itr   200, best 5565.4277, time  290.9, minPhero 0.01(232), stagnancy 22.0%
[35m[MSG][0m itr   201, best 5565.4277, time  292.4, minPhero 0.01(232), stagnancy 22.3%
[35m[MSG][0m itr   202, best 5565.4277, time  293.8, minPhero 0.01(232), stagnancy 22.7%
[35m[MSG][0m itr   203, best 5565.4277, time  295.2, minPhero 0.01(232), stagnancy 23.0%
[35m[MSG][0m itr   204, best 5565.4277, time  296.7, minPhero 0.01(232), stagnancy 23.3%
[35m[MSG][0m itr   205, best 5565.4277, time  298.2, minPhero 0.01(232), stagnancy 23.7%
[35m[MSG][0m itr   206, best 5565.4277, time  299.6, minPhero 0.01(232), stagnancy 24.0%
[35m[MSG][0m itr   207, best 5565.4277, time  301.0, minPhero 0.01(232), stagnancy 24.3%
[35m[MSG][0m itr   208, best 5565.4277, time  302.4, minPhero 0.01(232), stagnancy 24.7%
[35m[MSG][0m itr   209, best 5565.4277, time  303.9, minPhero 0.01(232), stagnancy 25.0%
[35m[MSG][0m itr   210, best 5565.4277, time  305.3, minPhero 0.01(232), stagnancy 25.3%
[35m[MSG][0m itr   211, best 5565.4277, time  306.8, minPhero 0.01(232), stagnancy 25.7%
[35m[MSG][0m itr   212, best 5565.4277, time  308.2, minPhero 0.01(232), stagnancy 26.0%
[35m[MSG][0m itr   213, best 5565.4277, time  309.7, minPhero 0.01(232), stagnancy 26.3%
[35m[MSG][0m itr   214, best 5565.4277, time  311.1, minPhero 0.01(232), stagnancy 26.7%
[35m[MSG][0m itr   215, best 5565.4277, time  312.6, minPhero 0.01(232), stagnancy 27.0%
[35m[MSG][0m itr   216, best 5565.4277, time  314.0, minPhero 0.01(232), stagnancy 27.3%
[35m[MSG][0m itr   217, best 5565.4277, time  315.4, minPhero 0.01(232), stagnancy 27.7%
[35m[MSG][0m itr   218, best 5565.4277, time  316.9, minPhero 0.01(232), stagnancy 28.0%
[35m[MSG][0m itr   219, best 5565.4277, time  318.3, minPhero 0.01(232), stagnancy 28.3%
[35m[MSG][0m itr   220, best 5565.4277, time  319.7, minPhero 0.01(232), stagnancy 28.7%
[35m[MSG][0m itr   221, best 5565.4277, time  321.2, minPhero 0.01(232), stagnancy 29.0%
[35m[MSG][0m itr   222, best 5565.4277, time  322.6, minPhero 0.01(232), stagnancy 29.3%
[35m[MSG][0m itr   223, best 5565.4277, time  324.0, minPhero 0.01(232), stagnancy 29.7%
[35m[MSG][0m itr   224, best 5565.4277, time  325.5, minPhero 0.01(232), stagnancy 30.0%
[35m[MSG][0m itr   225, best 5565.4277, time  327.0, minPhero 0.01(232), stagnancy 30.3%
[35m[MSG][0m itr   226, best 5565.4277, time  328.4, minPhero 0.01(232), stagnancy 30.7%
[35m[MSG][0m itr   227, best 5565.4272, time  329.9, minPhero 0.01(232), stagnancy 0.0%
[35m[MSG][0m itr   228, best 5565.4272, time  331.3, minPhero 0.01(232), stagnancy 0.3%
[35m[MSG][0m itr   229, best 5565.4272, time  332.7, minPhero 0.01(232), stagnancy 0.7%
[35m[MSG][0m itr   230, best 5565.4272, time  334.2, minPhero 0.01(232), stagnancy 1.0%
[35m[MSG][0m itr   231, best 5565.4272, time  335.6, minPhero 0.01(232), stagnancy 1.3%
[35m[MSG][0m itr   232, best 5565.4272, time  337.0, minPhero 0.01(232), stagnancy 1.7%
[35m[MSG][0m itr   233, best 5565.4272, time  338.5, minPhero 0.01(232), stagnancy 2.0%
[35m[MSG][0m itr   234, best 5565.4272, time  339.9, minPhero 0.01(232), stagnancy 2.3%
[35m[MSG][0m itr   235, best 5565.4272, time  341.3, minPhero 0.01(232), stagnancy 2.7%
[35m[MSG][0m itr   236, best 5565.4272, time  342.8, minPhero 0.01(232), stagnancy 3.0%
[35m[MSG][0m itr   237, best 5565.4272, time  344.2, minPhero 0.01(232), stagnancy 3.3%
[35m[MSG][0m itr   238, best 5565.4272, time  345.7, minPhero 0.01(232), stagnancy 3.7%
[35m[MSG][0m itr   239, best 5565.1440, time  347.1, minPhero 0.01(242), stagnancy 0.0%
[35m[MSG][0m itr   240, best 5565.1440, time  348.6, minPhero 0.01(242), stagnancy 0.3%
[35m[MSG][0m itr   241, best 5565.1440, time  350.0, minPhero 0.01(242), stagnancy 0.7%
[35m[MSG][0m itr   242, best 5565.1436, time  351.5, minPhero 0.01(242), stagnancy 0.0%
[35m[MSG][0m itr   243, best 5565.1436, time  353.0, minPhero 0.01(242), stagnancy 0.3%
[35m[MSG][0m itr   244, best 5565.1436, time  354.4, minPhero 0.01(242), stagnancy 0.7%
[35m[MSG][0m itr   245, best 5565.1436, time  355.9, minPhero 0.01(242), stagnancy 1.0%
[35m[MSG][0m itr   246, best 5565.1436, time  357.3, minPhero 0.01(242), stagnancy 1.3%
[35m[MSG][0m itr   247, best 5565.1436, time  358.8, minPhero 0.01(242), stagnancy 1.7%
[35m[MSG][0m itr   248, best 5565.1436, time  360.2, minPhero 0.01(242), stagnancy 2.0%
[35m[MSG][0m itr   249, best 5565.1436, time  361.7, minPhero 0.01(242), stagnancy 2.3%
[35m[MSG][0m itr   250, best 5565.1436, time  363.1, minPhero 0.01(242), stagnancy 2.7%
[35m[MSG][0m itr   251, best 5565.1436, time  364.6, minPhero 0.01(242), stagnancy 3.0%
[35m[MSG][0m itr   252, best 5565.1436, time  366.1, minPhero 0.01(242), stagnancy 3.3%
[35m[MSG][0m itr   253, best 5565.1436, time  367.6, minPhero 0.01(242), stagnancy 3.7%
[35m[MSG][0m itr   254, best 5565.1436, time  368.9, minPhero 0.01(242), stagnancy 4.0%
[35m[MSG][0m itr   255, best 5565.1436, time  370.4, minPhero 0.01(242), stagnancy 4.3%
[35m[MSG][0m itr   256, best 5565.1436, time  371.8, minPhero 0.01(242), stagnancy 4.7%
[35m[MSG][0m itr   257, best 5565.1436, time  373.2, minPhero 0.01(242), stagnancy 5.0%
[35m[MSG][0m itr   258, best 5565.1436, time  374.7, minPhero 0.01(242), stagnancy 5.3%
[35m[MSG][0m itr   259, best 5565.1436, time  376.1, minPhero 0.01(242), stagnancy 5.7%
[35m[MSG][0m itr   260, best 5565.1436, time  377.6, minPhero 0.01(242), stagnancy 6.0%
[35m[MSG][0m itr   261, best 5565.1436, time  379.0, minPhero 0.01(232), stagnancy 6.3%
[35m[MSG][0m itr   262, best 5565.1436, time  380.5, minPhero 0.01(232), stagnancy 6.7%
[35m[MSG][0m itr   263, best 5565.1436, time  381.9, minPhero 0.01(232), stagnancy 7.0%
[35m[MSG][0m itr   264, best 5565.1436, time  383.4, minPhero 0.01(232), stagnancy 7.3%
[35m[MSG][0m itr   265, best 5565.1436, time  384.8, minPhero 0.01(232), stagnancy 7.7%
[35m[MSG][0m itr   266, best 5565.1436, time  386.3, minPhero 0.01(232), stagnancy 8.0%
[35m[MSG][0m itr   267, best 5565.1436, time  387.7, minPhero 0.01(232), stagnancy 8.3%
[35m[MSG][0m itr   268, best 5565.1436, time  389.1, minPhero 0.01(232), stagnancy 8.7%
[35m[MSG][0m itr   269, best 5565.1436, time  390.6, minPhero 0.01(232), stagnancy 9.0%
[35m[MSG][0m itr   270, best 5565.1436, time  392.1, minPhero 0.01(232), stagnancy 9.3%
[35m[MSG][0m itr   271, best 5565.1436, time  393.5, minPhero 0.01(232), stagnancy 9.7%
[35m[MSG][0m itr   272, best 5565.1436, time  395.0, minPhero 0.01(232), stagnancy 10.0%
[35m[MSG][0m itr   273, best 5565.1436, time  396.5, minPhero 0.01(232), stagnancy 10.3%
[35m[MSG][0m itr   274, best 5565.1436, time  397.8, minPhero 0.01(232), stagnancy 10.7%
[35m[MSG][0m itr   275, best 5565.1436, time  399.2, minPhero 0.01(232), stagnancy 11.0%
[35m[MSG][0m itr   276, best 5565.1436, time  400.9, minPhero 0.01(232), stagnancy 11.3%
[35m[MSG][0m itr   277, best 5565.1436, time  402.6, minPhero 0.01(232), stagnancy 11.7%
[35m[MSG][0m itr   278, best 5565.1436, time  404.4, minPhero 0.01(232), stagnancy 12.0%
[35m[MSG][0m itr   279, best 5565.1436, time  405.9, minPhero 0.01(232), stagnancy 12.3%
[35m[MSG][0m itr   280, best 5565.1436, time  407.3, minPhero 0.01(232), stagnancy 12.7%
[35m[MSG][0m itr   281, best 5565.1436, time  408.7, minPhero 0.01(232), stagnancy 13.0%
[35m[MSG][0m itr   282, best 5565.1436, time  410.2, minPhero 0.01(232), stagnancy 13.3%
[35m[MSG][0m itr   283, best 5565.1436, time  411.6, minPhero 0.01(232), stagnancy 13.7%
[35m[MSG][0m itr   284, best 5565.1436, time  413.1, minPhero 0.01(232), stagnancy 14.0%
[35m[MSG][0m itr   285, best 5565.1436, time  414.6, minPhero 0.01(232), stagnancy 14.3%
[35m[MSG][0m itr   286, best 5565.1436, time  416.2, minPhero 0.01(232), stagnancy 14.7%
[35m[MSG][0m itr   287, best 5565.1436, time  417.8, minPhero 0.01(232), stagnancy 15.0%
[35m[MSG][0m itr   288, best 5565.1436, time  419.5, minPhero 0.01(232), stagnancy 15.3%
[35m[MSG][0m itr   289, best 5565.1436, time  421.1, minPhero 0.01(232), stagnancy 15.7%
[35m[MSG][0m itr   290, best 5565.1436, time  423.0, minPhero 0.01(232), stagnancy 16.0%
[35m[MSG][0m itr   291, best 5565.1436, time  424.6, minPhero 0.01(232), stagnancy 16.3%
[35m[MSG][0m itr   292, best 5565.1436, time  426.4, minPhero 0.01(232), stagnancy 16.7%
[35m[MSG][0m itr   293, best 5565.1436, time  428.2, minPhero 0.01(232), stagnancy 17.0%
[35m[MSG][0m itr   294, best 5565.1436, time  429.8, minPhero 0.01(232), stagnancy 17.3%
[35m[MSG][0m itr   295, best 5565.1436, time  431.3, minPhero 0.01(232), stagnancy 17.7%
[35m[MSG][0m itr   296, best 5565.1436, time  433.0, minPhero 0.01(232), stagnancy 18.0%
[35m[MSG][0m itr   297, best 5565.1436, time  434.8, minPhero 0.01(232), stagnancy 18.3%
[35m[MSG][0m itr   298, best 5565.1436, time  436.6, minPhero 0.01(232), stagnancy 18.7%
[35m[MSG][0m itr   299, best 5565.1436, time  438.2, minPhero 0.01(232), stagnancy 19.0%
[35m[MSG][0m itr   300, best 5565.1436, time  440.2, minPhero 0.01(232), stagnancy 19.3%
[35m[MSG][0m itr   301, best 5565.1436, time  441.7, minPhero 0.01(232), stagnancy 19.7%
[35m[MSG][0m itr   302, best 5565.1436, time  443.2, minPhero 0.01(232), stagnancy 20.0%
[35m[MSG][0m itr   303, best 5565.1436, time  444.7, minPhero 0.01(232), stagnancy 20.3%
[35m[MSG][0m itr   304, best 5565.1436, time  446.5, minPhero 0.01(232), stagnancy 20.7%
[35m[MSG][0m itr   305, best 5565.1436, time  448.1, minPhero 0.01(232), stagnancy 21.0%
[35m[MSG][0m itr   306, best 5565.1436, time  449.6, minPhero 0.01(232), stagnancy 21.3%
[35m[MSG][0m itr   307, best 5565.1436, time  451.2, minPhero 0.01(232), stagnancy 21.7%
[35m[MSG][0m itr   308, best 5565.1436, time  452.8, minPhero 0.01(232), stagnancy 22.0%
[35m[MSG][0m itr   309, best 5565.1436, time  454.4, minPhero 0.01(232), stagnancy 22.3%
[35m[MSG][0m itr   310, best 5565.1436, time  456.0, minPhero 0.01(232), stagnancy 22.7%
[35m[MSG][0m itr   311, best 5565.1436, time  457.5, minPhero 0.01(232), stagnancy 23.0%
[35m[MSG][0m itr   312, best 5565.1436, time  459.0, minPhero 0.01(232), stagnancy 23.3%
[35m[MSG][0m itr   313, best 5565.1436, time  460.4, minPhero 0.01(232), stagnancy 23.7%
[35m[MSG][0m itr   314, best 5565.1436, time  461.9, minPhero 0.01(232), stagnancy 24.0%
[35m[MSG][0m itr   315, best 5565.1436, time  463.4, minPhero 0.01(232), stagnancy 24.3%
[35m[MSG][0m itr   316, best 5565.1436, time  464.8, minPhero 0.01(232), stagnancy 24.7%
[35m[MSG][0m itr   317, best 5565.1436, time  466.3, minPhero 0.01(232), stagnancy 25.0%
[35m[MSG][0m itr   318, best 5565.1436, time  467.8, minPhero 0.01(232), stagnancy 25.3%
[35m[MSG][0m itr   319, best 5565.1436, time  469.1, minPhero 0.01(232), stagnancy 25.7%
[35m[MSG][0m itr   320, best 5565.1436, time  470.6, minPhero 0.01(232), stagnancy 26.0%
[35m[MSG][0m itr   321, best 5565.1436, time  472.0, minPhero 0.01(232), stagnancy 26.3%
[35m[MSG][0m itr   322, best 5565.1436, time  473.5, minPhero 0.01(232), stagnancy 26.7%
[35m[MSG][0m itr   323, best 5565.1436, time  474.9, minPhero 0.01(232), stagnancy 27.0%
[35m[MSG][0m itr   324, best 5565.1436, time  476.4, minPhero 0.01(232), stagnancy 27.3%
[35m[MSG][0m itr   325, best 5565.1436, time  477.9, minPhero 0.01(232), stagnancy 27.7%
[35m[MSG][0m itr   326, best 5565.1436, time  479.3, minPhero 0.01(232), stagnancy 28.0%
[35m[MSG][0m itr   327, best 5565.1436, time  480.7, minPhero 0.01(232), stagnancy 28.3%
[35m[MSG][0m itr   328, best 5565.1436, time  482.1, minPhero 0.01(232), stagnancy 28.7%
[35m[MSG][0m itr   329, best 5565.1436, time  483.6, minPhero 0.01(232), stagnancy 29.0%
[35m[MSG][0m itr   330, best 5565.1436, time  485.0, minPhero 0.01(232), stagnancy 29.3%
[35m[MSG][0m itr   331, best 5565.1436, time  486.6, minPhero 0.01(232), stagnancy 29.7%
[35m[MSG][0m itr   332, best 5565.1436, time  488.1, minPhero 0.01(232), stagnancy 30.0%
[35m[MSG][0m itr   333, best 5565.1436, time  489.6, minPhero 0.01(232), stagnancy 30.3%
[35m[MSG][0m itr   334, best 5565.1436, time  491.0, minPhero 0.01(232), stagnancy 30.7%
[35m[MSG][0m itr   335, best 5565.1436, time  492.5, minPhero 0.01(232), stagnancy 31.0%
[35m[MSG][0m itr   336, best 5565.1436, time  493.9, minPhero 0.01(232), stagnancy 31.3%
[35m[MSG][0m itr   337, best 5565.1436, time  495.4, minPhero 0.01(232), stagnancy 31.7%
[35m[MSG][0m itr   338, best 5565.1436, time  496.9, minPhero 0.01(232), stagnancy 32.0%
[35m[MSG][0m itr   339, best 5565.1436, time  498.3, minPhero 0.01(232), stagnancy 32.3%
[35m[MSG][0m itr   340, best 5565.1436, time  499.7, minPhero 0.01(232), stagnancy 32.7%
[35m[MSG][0m itr   341, best 5565.1436, time  501.2, minPhero 0.01(232), stagnancy 33.0%
[35m[MSG][0m itr   342, best 5565.1436, time  502.7, minPhero 0.01(232), stagnancy 33.3%
[35m[MSG][0m itr   343, best 5565.1436, time  504.1, minPhero 0.01(232), stagnancy 33.7%
[35m[MSG][0m itr   344, best 5565.1436, time  505.6, minPhero 0.01(232), stagnancy 34.0%
[35m[MSG][0m itr   345, best 5565.1436, time  507.0, minPhero 0.01(232), stagnancy 34.3%
[35m[MSG][0m itr   346, best 5565.1436, time  508.5, minPhero 0.01(232), stagnancy 34.7%
[35m[MSG][0m itr   347, best 5565.1436, time  510.0, minPhero 0.01(232), stagnancy 35.0%
[35m[MSG][0m itr   348, best 5565.1436, time  511.5, minPhero 0.01(232), stagnancy 35.3%
[35m[MSG][0m itr   349, best 5565.1436, time  512.9, minPhero 0.01(232), stagnancy 35.7%
[35m[MSG][0m itr   350, best 5565.1436, time  514.4, minPhero 0.01(232), stagnancy 36.0%
[35m[MSG][0m itr   351, best 5565.1436, time  515.8, minPhero 0.01(232), stagnancy 36.3%
[35m[MSG][0m itr   352, best 5565.1436, time  517.2, minPhero 0.01(232), stagnancy 36.7%
[35m[MSG][0m itr   353, best 5565.1436, time  518.6, minPhero 0.01(232), stagnancy 37.0%
[35m[MSG][0m itr   354, best 5565.1436, time  519.9, minPhero 0.01(232), stagnancy 37.3%
[35m[MSG][0m itr   355, best 5565.1436, time  521.4, minPhero 0.01(232), stagnancy 37.7%
[35m[MSG][0m itr   356, best 5565.1436, time  522.9, minPhero 0.01(232), stagnancy 38.0%
[35m[MSG][0m itr   357, best 5565.1436, time  524.4, minPhero 0.01(232), stagnancy 38.3%
[35m[MSG][0m itr   358, best 5565.1436, time  525.8, minPhero 0.01(232), stagnancy 38.7%
[35m[MSG][0m itr   359, best 5565.1436, time  527.3, minPhero 0.01(232), stagnancy 39.0%
[35m[MSG][0m itr   360, best 5565.1436, time  528.7, minPhero 0.01(232), stagnancy 39.3%
[35m[MSG][0m itr   361, best 5565.1436, time  530.2, minPhero 0.01(232), stagnancy 39.7%
[35m[MSG][0m itr   362, best 5565.1436, time  531.6, minPhero 0.01(232), stagnancy 40.0%
[35m[MSG][0m itr   363, best 5565.1436, time  533.1, minPhero 0.01(232), stagnancy 40.3%
[35m[MSG][0m itr   364, best 5565.1436, time  534.5, minPhero 0.01(232), stagnancy 40.7%
[35m[MSG][0m itr   365, best 5565.1436, time  536.0, minPhero 0.01(232), stagnancy 41.0%
[35m[MSG][0m itr   366, best 5565.1436, time  537.4, minPhero 0.01(232), stagnancy 41.3%
[35m[MSG][0m itr   367, best 5565.1436, time  538.9, minPhero 0.01(232), stagnancy 41.7%
[35m[MSG][0m itr   368, best 5565.1436, time  540.3, minPhero 0.01(232), stagnancy 42.0%
[35m[MSG][0m itr   369, best 5565.1436, time  541.7, minPhero 0.01(232), stagnancy 42.3%
[35m[MSG][0m itr   370, best 5565.1436, time  543.2, minPhero 0.01(232), stagnancy 42.7%
[35m[MSG][0m itr   371, best 5565.1436, time  544.7, minPhero 0.01(232), stagnancy 43.0%
[35m[MSG][0m itr   372, best 5565.1436, time  546.1, minPhero 0.01(232), stagnancy 43.3%
[35m[MSG][0m itr   373, best 5565.1436, time  547.6, minPhero 0.01(232), stagnancy 43.7%
[35m[MSG][0m itr   374, best 5565.1436, time  549.0, minPhero 0.01(232), stagnancy 44.0%
[35m[MSG][0m itr   375, best 5565.1436, time  550.5, minPhero 0.01(232), stagnancy 44.3%
[35m[MSG][0m itr   376, best 5565.1436, time  552.0, minPhero 0.01(232), stagnancy 44.7%
[35m[MSG][0m itr   377, best 5565.1436, time  553.4, minPhero 0.01(232), stagnancy 45.0%
[35m[MSG][0m itr   378, best 5565.1436, time  554.9, minPhero 0.01(232), stagnancy 45.3%
[35m[MSG][0m itr   379, best 5565.1436, time  556.4, minPhero 0.01(232), stagnancy 45.7%
[35m[MSG][0m itr   380, best 5565.1436, time  557.9, minPhero 0.01(232), stagnancy 46.0%
[35m[MSG][0m itr   381, best 5565.1436, time  559.5, minPhero 0.01(232), stagnancy 46.3%
[35m[MSG][0m itr   382, best 5565.1436, time  561.1, minPhero 0.01(232), stagnancy 46.7%
[35m[MSG][0m itr   383, best 5565.1436, time  563.1, minPhero 0.01(232), stagnancy 47.0%
[35m[MSG][0m itr   384, best 5565.1436, time  564.7, minPhero 0.01(232), stagnancy 47.3%
[35m[MSG][0m itr   385, best 5565.1436, time  566.3, minPhero 0.01(232), stagnancy 47.7%
[35m[MSG][0m itr   386, best 5565.1436, time  568.3, minPhero 0.01(232), stagnancy 48.0%
[35m[MSG][0m itr   387, best 5565.1436, time  569.9, minPhero 0.01(232), stagnancy 48.3%
[35m[MSG][0m itr   388, best 5565.1436, time  571.5, minPhero 0.01(232), stagnancy 48.7%
[35m[MSG][0m itr   389, best 5565.1436, time  573.1, minPhero 0.01(232), stagnancy 49.0%
[35m[MSG][0m itr   390, best 5565.1436, time  574.6, minPhero 0.01(232), stagnancy 49.3%
[35m[MSG][0m itr   391, best 5565.1436, time  576.2, minPhero 0.01(232), stagnancy 49.7%
[35m[MSG][0m itr   392, best 5565.1436, time  577.8, minPhero 0.01(232), stagnancy 50.0%
[35m[MSG][0m itr   393, best 5565.1436, time  579.4, minPhero 0.01(232), stagnancy 50.3%
[35m[MSG][0m itr   394, best 5565.1436, time  581.0, minPhero 0.01(232), stagnancy 50.7%
[35m[MSG][0m itr   395, best 5565.1436, time  582.6, minPhero 0.01(232), stagnancy 51.0%
[35m[MSG][0m itr   396, best 5565.1436, time  584.2, minPhero 0.01(232), stagnancy 51.3%
[35m[MSG][0m itr   397, best 5565.1436, time  586.2, minPhero 0.01(232), stagnancy 51.7%
[35m[MSG][0m itr   398, best 5565.1436, time  587.8, minPhero 0.01(232), stagnancy 52.0%
[35m[MSG][0m itr   399, best 5565.1436, time  589.4, minPhero 0.01(232), stagnancy 52.3%
[35m[MSG][0m itr   400, best 5565.1436, time  590.9, minPhero 0.01(232), stagnancy 52.7%
[35m[MSG][0m itr   401, best 5565.1436, time  592.5, minPhero 0.01(232), stagnancy 53.0%
[35m[MSG][0m itr   402, best 5565.1436, time  594.1, minPhero 0.01(232), stagnancy 53.3%
[35m[MSG][0m itr   403, best 5565.1436, time  595.7, minPhero 0.01(232), stagnancy 53.7%
[35m[MSG][0m itr   404, best 5565.1436, time  597.3, minPhero 0.01(232), stagnancy 54.0%
[35m[MSG][0m itr   405, best 5565.1436, time  598.9, minPhero 0.01(232), stagnancy 54.3%
[35m[MSG][0m itr   406, best 5565.1436, time  600.5, minPhero 0.01(232), stagnancy 54.7%
[35m[MSG][0m itr   407, best 5565.1436, time  602.1, minPhero 0.01(232), stagnancy 55.0%
[35m[MSG][0m itr   408, best 5565.1436, time  603.7, minPhero 0.01(232), stagnancy 55.3%
[35m[MSG][0m itr   409, best 5565.1436, time  605.1, minPhero 0.01(232), stagnancy 55.7%
[35m[MSG][0m itr   410, best 5565.1436, time  606.6, minPhero 0.01(232), stagnancy 56.0%
[35m[MSG][0m itr   411, best 5565.1436, time  608.0, minPhero 0.01(232), stagnancy 56.3%
[35m[MSG][0m itr   412, best 5565.1436, time  609.5, minPhero 0.01(232), stagnancy 56.7%
[35m[MSG][0m itr   413, best 5565.1436, time  610.9, minPhero 0.01(232), stagnancy 57.0%
[35m[MSG][0m itr   414, best 5565.1436, time  612.4, minPhero 0.01(232), stagnancy 57.3%
[35m[MSG][0m itr   415, best 5565.1436, time  613.8, minPhero 0.01(232), stagnancy 57.7%
[35m[MSG][0m itr   416, best 5565.1436, time  615.3, minPhero 0.01(232), stagnancy 58.0%
[35m[MSG][0m itr   417, best 5565.1436, time  616.7, minPhero 0.01(232), stagnancy 58.3%
[35m[MSG][0m itr   418, best 5565.1436, time  618.2, minPhero 0.01(232), stagnancy 58.7%
[35m[MSG][0m itr   419, best 5565.1436, time  619.7, minPhero 0.01(232), stagnancy 59.0%
[35m[MSG][0m itr   420, best 5565.1436, time  621.1, minPhero 0.01(232), stagnancy 59.3%
[35m[MSG][0m itr   421, best 5565.1436, time  622.6, minPhero 0.01(232), stagnancy 59.7%
[35m[MSG][0m itr   422, best 5565.1436, time  624.0, minPhero 0.01(232), stagnancy 60.0%
[35m[MSG][0m itr   423, best 5565.1436, time  625.5, minPhero 0.01(232), stagnancy 60.3%
[35m[MSG][0m itr   424, best 5565.1436, time  627.0, minPhero 0.01(232), stagnancy 60.7%
[35m[MSG][0m itr   425, best 5565.1436, time  628.4, minPhero 0.01(232), stagnancy 61.0%
[35m[MSG][0m itr   426, best 5565.1436, time  629.9, minPhero 0.01(232), stagnancy 61.3%
[35m[MSG][0m itr   427, best 5565.1436, time  631.4, minPhero 0.01(232), stagnancy 61.7%
[35m[MSG][0m itr   428, best 5565.1436, time  632.8, minPhero 0.01(232), stagnancy 62.0%
[35m[MSG][0m itr   429, best 5565.1436, time  634.3, minPhero 0.01(232), stagnancy 62.3%
[35m[MSG][0m itr   430, best 5565.1436, time  635.8, minPhero 0.01(232), stagnancy 62.7%
[35m[MSG][0m itr   431, best 5565.1436, time  637.2, minPhero 0.01(232), stagnancy 63.0%
[35m[MSG][0m itr   432, best 5565.1436, time  638.6, minPhero 0.01(232), stagnancy 63.3%
[35m[MSG][0m itr   433, best 5565.1436, time  640.0, minPhero 0.01(232), stagnancy 63.7%
[35m[MSG][0m itr   434, best 5565.1436, time  641.5, minPhero 0.01(232), stagnancy 64.0%
[35m[MSG][0m itr   435, best 5565.1436, time  642.9, minPhero 0.01(232), stagnancy 64.3%
[35m[MSG][0m itr   436, best 5565.1436, time  644.3, minPhero 0.01(232), stagnancy 64.7%
[35m[MSG][0m itr   437, best 5565.1436, time  645.8, minPhero 0.01(232), stagnancy 65.0%
[35m[MSG][0m itr   438, best 5565.1436, time  647.1, minPhero 0.01(232), stagnancy 65.3%
[35m[MSG][0m itr   439, best 5565.1436, time  648.6, minPhero 0.01(232), stagnancy 65.7%
[35m[MSG][0m itr   440, best 5565.1436, time  649.9, minPhero 0.01(232), stagnancy 66.0%
[35m[MSG][0m itr   441, best 5565.1436, time  651.3, minPhero 0.01(232), stagnancy 66.3%
[35m[MSG][0m itr   442, best 5565.1436, time  652.9, minPhero 0.01(232), stagnancy 66.7%
[35m[MSG][0m itr   443, best 5565.1436, time  654.5, minPhero 0.01(232), stagnancy 67.0%
[35m[MSG][0m itr   444, best 5565.1436, time  656.0, minPhero 0.01(232), stagnancy 67.3%
[35m[MSG][0m itr   445, best 5565.1436, time  657.5, minPhero 0.01(232), stagnancy 67.7%
[35m[MSG][0m itr   446, best 5565.1436, time  658.9, minPhero 0.01(232), stagnancy 68.0%
[35m[MSG][0m itr   447, best 5565.1436, time  660.3, minPhero 0.01(232), stagnancy 68.3%
[35m[MSG][0m itr   448, best 5565.1436, time  661.8, minPhero 0.01(232), stagnancy 68.7%
[35m[MSG][0m itr   449, best 5565.1436, time  663.2, minPhero 0.01(232), stagnancy 69.0%
[35m[MSG][0m itr   450, best 5565.1436, time  664.7, minPhero 0.01(232), stagnancy 69.3%
[35m[MSG][0m itr   451, best 5565.1436, time  666.1, minPhero 0.01(232), stagnancy 69.7%
[35m[MSG][0m itr   452, best 5565.1436, time  667.6, minPhero 0.01(232), stagnancy 70.0%
[35m[MSG][0m itr   453, best 5565.1436, time  669.0, minPhero 0.01(232), stagnancy 70.3%
[35m[MSG][0m itr   454, best 5565.1436, time  670.4, minPhero 0.01(232), stagnancy 70.7%
[35m[MSG][0m itr   455, best 5565.1436, time  671.9, minPhero 0.01(232), stagnancy 71.0%
[35m[MSG][0m itr   456, best 5565.1436, time  673.4, minPhero 0.01(232), stagnancy 71.3%
[35m[MSG][0m itr   457, best 5565.1436, time  674.8, minPhero 0.01(232), stagnancy 71.7%
[35m[MSG][0m itr   458, best 5565.1436, time  676.2, minPhero 0.01(232), stagnancy 72.0%
[35m[MSG][0m itr   459, best 5565.1436, time  677.7, minPhero 0.01(232), stagnancy 72.3%
[35m[MSG][0m itr   460, best 5565.1436, time  679.1, minPhero 0.01(232), stagnancy 72.7%
[35m[MSG][0m itr   461, best 5565.1436, time  680.6, minPhero 0.01(232), stagnancy 73.0%
[35m[MSG][0m itr   462, best 5565.1436, time  682.1, minPhero 0.01(232), stagnancy 73.3%
[35m[MSG][0m itr   463, best 5565.1436, time  683.6, minPhero 0.01(232), stagnancy 73.7%
[35m[MSG][0m itr   464, best 5565.1436, time  685.0, minPhero 0.01(232), stagnancy 74.0%
[35m[MSG][0m itr   465, best 5565.1436, time  686.5, minPhero 0.01(232), stagnancy 74.3%
[35m[MSG][0m itr   466, best 5565.1436, time  687.9, minPhero 0.01(232), stagnancy 74.7%
[35m[MSG][0m itr   467, best 5565.1436, time  689.4, minPhero 0.01(232), stagnancy 75.0%
[35m[MSG][0m itr   468, best 5565.1436, time  690.8, minPhero 0.01(232), stagnancy 75.3%
[35m[MSG][0m itr   469, best 5565.1436, time  692.3, minPhero 0.01(232), stagnancy 75.7%
[35m[MSG][0m itr   470, best 5565.1436, time  693.7, minPhero 0.01(232), stagnancy 76.0%
[35m[MSG][0m itr   471, best 5565.1436, time  695.2, minPhero 0.01(232), stagnancy 76.3%
[35m[MSG][0m itr   472, best 5565.1436, time  696.7, minPhero 0.01(232), stagnancy 76.7%
[35m[MSG][0m itr   473, best 5565.1436, time  698.1, minPhero 0.01(232), stagnancy 77.0%
[35m[MSG][0m itr   474, best 5565.1436, time  699.6, minPhero 0.01(232), stagnancy 77.3%
[35m[MSG][0m itr   475, best 5565.1436, time  701.0, minPhero 0.01(232), stagnancy 77.7%
[35m[MSG][0m itr   476, best 5565.1436, time  702.5, minPhero 0.01(232), stagnancy 78.0%
[35m[MSG][0m itr   477, best 5565.1436, time  704.0, minPhero 0.01(232), stagnancy 78.3%
[35m[MSG][0m itr   478, best 5565.1436, time  705.5, minPhero 0.01(232), stagnancy 78.7%
[35m[MSG][0m itr   479, best 5565.1436, time  706.9, minPhero 0.01(232), stagnancy 79.0%
[35m[MSG][0m itr   480, best 5565.1436, time  708.4, minPhero 0.01(232), stagnancy 79.3%
[35m[MSG][0m itr   481, best 5565.1436, time  709.9, minPhero 0.01(232), stagnancy 79.7%
[35m[MSG][0m itr   482, best 5565.1436, time  711.4, minPhero 0.01(232), stagnancy 80.0%
[35m[MSG][0m itr   483, best 5565.1436, time  712.7, minPhero 0.01(232), stagnancy 80.3%
[35m[MSG][0m itr   484, best 5565.1436, time  714.2, minPhero 0.01(232), stagnancy 80.7%
[35m[MSG][0m itr   485, best 5565.1436, time  715.6, minPhero 0.01(232), stagnancy 81.0%
[35m[MSG][0m itr   486, best 5565.1436, time  717.1, minPhero 0.01(232), stagnancy 81.3%
[35m[MSG][0m itr   487, best 5565.1436, time  718.5, minPhero 0.01(232), stagnancy 81.7%
[35m[MSG][0m itr   488, best 5565.1436, time  720.0, minPhero 0.01(232), stagnancy 82.0%
[35m[MSG][0m itr   489, best 5565.1436, time  721.4, minPhero 0.01(232), stagnancy 82.3%
[35m[MSG][0m itr   490, best 5565.1436, time  722.9, minPhero 0.01(232), stagnancy 82.7%
[35m[MSG][0m itr   491, best 5565.1436, time  724.3, minPhero 0.01(232), stagnancy 83.0%
[35m[MSG][0m itr   492, best 5565.1436, time  725.8, minPhero 0.01(232), stagnancy 83.3%
[35m[MSG][0m itr   493, best 5565.1436, time  727.3, minPhero 0.01(232), stagnancy 83.7%
[35m[MSG][0m itr   494, best 5565.1436, time  728.7, minPhero 0.01(232), stagnancy 84.0%
[35m[MSG][0m itr   495, best 5565.1436, time  730.2, minPhero 0.01(232), stagnancy 84.3%
[35m[MSG][0m itr   496, best 5565.1436, time  731.6, minPhero 0.01(232), stagnancy 84.7%
[35m[MSG][0m itr   497, best 5565.1436, time  733.1, minPhero 0.01(232), stagnancy 85.0%
[35m[MSG][0m itr   498, best 5565.1436, time  734.5, minPhero 0.01(232), stagnancy 85.3%
[35m[MSG][0m itr   499, best 5565.1436, time  736.0, minPhero 0.01(232), stagnancy 85.7%
[35m[MSG][0m itr   500, best 5565.1436, time  737.5, minPhero 0.01(232), stagnancy 86.0%
[35m[MSG][0m itr   501, best 5565.1436, time  738.9, minPhero 0.01(232), stagnancy 86.3%
[35m[MSG][0m itr   502, best 5565.1436, time  740.4, minPhero 0.01(232), stagnancy 86.7%
[35m[MSG][0m itr   503, best 5565.1436, time  741.9, minPhero 0.01(232), stagnancy 87.0%
[35m[MSG][0m itr   504, best 5565.1436, time  743.3, minPhero 0.01(232), stagnancy 87.3%
[35m[MSG][0m itr   505, best 5565.1436, time  744.8, minPhero 0.01(232), stagnancy 87.7%
[35m[MSG][0m itr   506, best 5565.1436, time  746.3, minPhero 0.01(232), stagnancy 88.0%
[35m[MSG][0m itr   507, best 5565.1436, time  747.7, minPhero 0.01(232), stagnancy 88.3%
[35m[MSG][0m itr   508, best 5565.1436, time  749.2, minPhero 0.01(232), stagnancy 88.7%
[35m[MSG][0m itr   509, best 5565.1436, time  750.7, minPhero 0.01(232), stagnancy 89.0%
[35m[MSG][0m itr   510, best 5565.1436, time  752.1, minPhero 0.01(232), stagnancy 89.3%
[35m[MSG][0m itr   511, best 5565.1436, time  753.6, minPhero 0.01(232), stagnancy 89.7%
[35m[MSG][0m itr   512, best 5565.1436, time  755.0, minPhero 0.01(232), stagnancy 90.0%
[35m[MSG][0m itr   513, best 5565.1436, time  756.4, minPhero 0.01(232), stagnancy 90.3%
[35m[MSG][0m itr   514, best 5565.1436, time  757.9, minPhero 0.01(232), stagnancy 90.7%
[35m[MSG][0m itr   515, best 5565.1436, time  759.4, minPhero 0.01(232), stagnancy 91.0%
[35m[MSG][0m itr   516, best 5565.1436, time  760.8, minPhero 0.01(232), stagnancy 91.3%
[35m[MSG][0m itr   517, best 5565.1436, time  762.2, minPhero 0.01(232), stagnancy 91.7%
[35m[MSG][0m itr   518, best 5565.1436, time  763.7, minPhero 0.01(232), stagnancy 92.0%
[35m[MSG][0m itr   519, best 5565.1436, time  765.1, minPhero 0.01(232), stagnancy 92.3%
[35m[MSG][0m itr   520, best 5565.1436, time  766.6, minPhero 0.01(232), stagnancy 92.7%
[35m[MSG][0m itr   521, best 5565.1436, time  768.1, minPhero 0.01(232), stagnancy 93.0%
[35m[MSG][0m itr   522, best 5565.1436, time  769.6, minPhero 0.01(232), stagnancy 93.3%
[35m[MSG][0m itr   523, best 5565.1436, time  771.0, minPhero 0.01(232), stagnancy 93.7%
[35m[MSG][0m itr   524, best 5565.1436, time  772.4, minPhero 0.01(232), stagnancy 94.0%
[35m[MSG][0m itr   525, best 5565.1436, time  773.9, minPhero 0.01(232), stagnancy 94.3%
[35m[MSG][0m itr   526, best 5565.1436, time  775.4, minPhero 0.01(232), stagnancy 94.7%
[35m[MSG][0m itr   527, best 5565.1436, time  776.8, minPhero 0.01(232), stagnancy 95.0%
[35m[MSG][0m itr   528, best 5565.1436, time  778.2, minPhero 0.01(232), stagnancy 95.3%
[35m[MSG][0m itr   529, best 5565.1436, time  779.7, minPhero 0.01(232), stagnancy 95.7%
[35m[MSG][0m itr   530, best 5565.1436, time  781.1, minPhero 0.01(232), stagnancy 96.0%
[35m[MSG][0m itr   531, best 5565.1436, time  782.6, minPhero 0.01(232), stagnancy 96.3%
[35m[MSG][0m itr   532, best 5565.1436, time  784.1, minPhero 0.01(232), stagnancy 96.7%
[35m[MSG][0m itr   533, best 5565.1436, time  785.5, minPhero 0.01(232), stagnancy 97.0%
[35m[MSG][0m itr   534, best 5565.1436, time  786.9, minPhero 0.01(232), stagnancy 97.3%
[35m[MSG][0m itr   535, best 5565.1436, time  788.4, minPhero 0.01(232), stagnancy 97.7%
[35m[MSG][0m itr   536, best 5565.1436, time  789.9, minPhero 0.01(232), stagnancy 98.0%
[35m[MSG][0m itr   537, best 5565.1436, time  791.4, minPhero 0.01(232), stagnancy 98.3%
[35m[MSG][0m itr   538, best 5565.1436, time  792.8, minPhero 0.01(232), stagnancy 98.7%
[35m[MSG][0m itr   539, best 5565.1436, time  794.3, minPhero 0.01(232), stagnancy 99.0%
[35m[MSG][0m itr   540, best 5565.1436, time  795.8, minPhero 0.01(232), stagnancy 99.3%
[35m[MSG][0m itr   541, best 5565.1436, time  797.4, minPhero 0.01(232), stagnancy 99.7%
[35m[MSG][0m itr   542, best 5565.1436, time  799.0, minPhero 0.01(232), stagnancy 100.0%
[35m[MSG][0m Solution converged. Reinitialising pheromones...
[35m[MSG][0m Time: 799.01 s
[35m[MSG][0m Best cost: 5565.14
