[35m[MSG][0m Log level set to LOG_DEBUG
[35m[MSG][0m Parsing input from file "res/fruitybun250_2016.vrp"
[35m[MSG][0m Number of nodes: 250
[35m[MSG][0m Running ACO search
[35m[MSG][0m ACO settings: 
 alpha:     8.000
 beta:      1.000
 pers:      0.870
 minPhero:  0.015
 nbhood:    10
 popSize:   256
 maxStag:   300
[35m[MSG][0m itr     1, best 5801.6479, time    0.7, minPhero 0.87(28922), stagnancy 0.0%
[35m[MSG][0m itr     2, best 5762.5698, time    1.4, minPhero 0.76(28922), stagnancy 0.0%
[35m[MSG][0m itr     3, best 5748.4438, time    2.1, minPhero 0.66(28922), stagnancy 0.0%
[35m[MSG][0m itr     4, best 5733.6089, time    2.9, minPhero 0.57(28922), stagnancy 0.0%
[35m[MSG][0m itr     5, best 5733.6089, time    3.6, minPhero 0.50(28922), stagnancy 0.3%
[35m[MSG][0m itr     6, best 5721.6323, time    4.4, minPhero 0.43(28922), stagnancy 0.0%
[35m[MSG][0m itr     7, best 5721.6323, time    5.1, minPhero 0.38(28922), stagnancy 0.3%
[35m[MSG][0m itr     8, best 5721.6323, time    5.9, minPhero 0.33(28922), stagnancy 0.7%
[35m[MSG][0m itr     9, best 5721.6323, time    6.6, minPhero 0.29(28922), stagnancy 1.0%
[35m[MSG][0m itr    10, best 5678.2773, time    7.3, minPhero 0.25(28922), stagnancy 0.0%
[35m[MSG][0m itr    11, best 5678.2773, time    8.1, minPhero 0.22(28922), stagnancy 0.3%
[35m[MSG][0m itr    12, best 5678.2773, time    8.8, minPhero 0.19(28922), stagnancy 0.7%
[35m[MSG][0m itr    13, best 5678.2773, time    9.5, minPhero 0.16(28922), stagnancy 1.0%
[35m[MSG][0m itr    14, best 5678.2773, time   10.3, minPhero 0.14(28922), stagnancy 1.3%
[35m[MSG][0m itr    15, best 5678.2773, time   11.0, minPhero 0.12(28922), stagnancy 1.7%
[35m[MSG][0m itr    16, best 5678.2773, time   11.8, minPhero 0.11(28922), stagnancy 2.0%
[35m[MSG][0m itr    17, best 5678.2773, time   12.5, minPhero 0.09(28922), stagnancy 2.3%
[35m[MSG][0m itr    18, best 5678.2773, time   13.2, minPhero 0.08(28922), stagnancy 2.7%
[35m[MSG][0m itr    19, best 5678.2773, time   14.0, minPhero 0.07(28922), stagnancy 3.0%
[35m[MSG][0m itr    20, best 5660.8740, time   14.7, minPhero 0.06(28922), stagnancy 0.0%
[35m[MSG][0m itr    21, best 5657.0073, time   15.4, minPhero 0.05(28922), stagnancy 0.0%
[35m[MSG][0m itr    22, best 5651.9668, time   16.2, minPhero 0.05(28922), stagnancy 0.0%
[35m[MSG][0m itr    23, best 5651.9668, time   16.9, minPhero 0.04(28922), stagnancy 0.3%
[35m[MSG][0m itr    24, best 5651.9668, time   17.7, minPhero 0.04(28922), stagnancy 0.7%
[35m[MSG][0m itr    25, best 5651.9668, time   18.5, minPhero 0.03(28922), stagnancy 1.0%
[35m[MSG][0m itr    26, best 5651.9668, time   19.2, minPhero 0.03(28922), stagnancy 1.3%
[35m[MSG][0m itr    27, best 5650.0938, time   20.0, minPhero 0.02(588), stagnancy 0.0%
[35m[MSG][0m itr    28, best 5650.0938, time   20.7, minPhero 0.02(465), stagnancy 0.3%
[35m[MSG][0m itr    29, best 5650.0938, time   21.4, minPhero 0.02(441), stagnancy 0.7%
[35m[MSG][0m itr    30, best 5650.0938, time   22.2, minPhero 0.02(405), stagnancy 1.0%
[35m[MSG][0m itr    31, best 5641.6426, time   22.9, minPhero 0.01(388), stagnancy 0.0%
[35m[MSG][0m itr    32, best 5641.6426, time   23.6, minPhero 0.01(387), stagnancy 0.3%
[35m[MSG][0m itr    33, best 5636.2568, time   24.4, minPhero 0.01(389), stagnancy 0.0%
[35m[MSG][0m itr    34, best 5636.2363, time   25.1, minPhero 0.01(362), stagnancy 0.0%
[35m[MSG][0m itr    35, best 5635.8740, time   25.9, minPhero 0.01(342), stagnancy 0.0%
[35m[MSG][0m itr    36, best 5635.4717, time   26.6, minPhero 0.01(337), stagnancy 0.0%
[35m[MSG][0m itr    37, best 5629.0361, time   27.4, minPhero 0.01(337), stagnancy 0.0%
[35m[MSG][0m itr    38, best 5628.2393, time   28.1, minPhero 0.01(332), stagnancy 0.0%
[35m[MSG][0m itr    39, best 5628.2393, time   28.9, minPhero 0.01(328), stagnancy 0.3%
[35m[MSG][0m itr    40, best 5626.5498, time   29.6, minPhero 0.01(328), stagnancy 0.0%
[35m[MSG][0m itr    41, best 5625.4004, time   30.3, minPhero 0.01(333), stagnancy 0.0%
[35m[MSG][0m itr    42, best 5621.4092, time   31.1, minPhero 0.01(333), stagnancy 0.0%
[35m[MSG][0m itr    43, best 5621.4092, time   31.8, minPhero 0.01(333), stagnancy 0.3%
[35m[MSG][0m itr    44, best 5618.3896, time   32.5, minPhero 0.01(333), stagnancy 0.0%
[35m[MSG][0m itr    45, best 5618.3896, time   33.3, minPhero 0.01(326), stagnancy 0.3%
[35m[MSG][0m itr    46, best 5618.3896, time   34.0, minPhero 0.01(321), stagnancy 0.7%
[35m[MSG][0m itr    47, best 5618.3896, time   34.8, minPhero 0.01(313), stagnancy 1.0%
[35m[MSG][0m itr    48, best 5618.3896, time   35.5, minPhero 0.01(305), stagnancy 1.3%
[35m[MSG][0m itr    49, best 5617.4141, time   36.3, minPhero 0.01(295), stagnancy 0.0%
[35m[MSG][0m itr    50, best 5617.4141, time   37.0, minPhero 0.01(294), stagnancy 0.3%
[35m[MSG][0m itr    51, best 5617.0693, time   37.8, minPhero 0.01(293), stagnancy 0.0%
[35m[MSG][0m itr    52, best 5617.0693, time   38.5, minPhero 0.01(293), stagnancy 0.3%
[35m[MSG][0m itr    53, best 5617.0693, time   39.2, minPhero 0.01(292), stagnancy 0.7%
[35m[MSG][0m itr    54, best 5614.7344, time   40.0, minPhero 0.01(281), stagnancy 0.0%
[35m[MSG][0m itr    55, best 5614.7344, time   40.7, minPhero 0.01(279), stagnancy 0.3%
[35m[MSG][0m itr    56, best 5614.7344, time   41.5, minPhero 0.01(278), stagnancy 0.7%
[35m[MSG][0m itr    57, best 5614.3359, time   42.2, minPhero 0.01(283), stagnancy 0.0%
[35m[MSG][0m itr    58, best 5614.2041, time   42.9, minPhero 0.01(279), stagnancy 0.0%
[35m[MSG][0m itr    59, best 5614.2041, time   43.7, minPhero 0.01(276), stagnancy 0.3%
[35m[MSG][0m itr    60, best 5614.2041, time   44.4, minPhero 0.01(273), stagnancy 0.7%
[35m[MSG][0m itr    61, best 5612.4766, time   45.1, minPhero 0.01(269), stagnancy 0.0%
[35m[MSG][0m itr    62, best 5609.5581, time   45.9, minPhero 0.01(271), stagnancy 0.0%
[35m[MSG][0m itr    63, best 5602.3394, time   46.6, minPhero 0.01(270), stagnancy 0.0%
[35m[MSG][0m itr    64, best 5602.3394, time   47.4, minPhero 0.01(270), stagnancy 0.3%
[35m[MSG][0m itr    65, best 5602.3394, time   48.1, minPhero 0.01(269), stagnancy 0.7%
[35m[MSG][0m itr    66, best 5602.3394, time   48.9, minPhero 0.01(268), stagnancy 1.0%
[35m[MSG][0m itr    67, best 5600.7524, time   49.7, minPhero 0.01(272), stagnancy 0.0%
[35m[MSG][0m itr    68, best 5600.7524, time   50.4, minPhero 0.01(272), stagnancy 0.3%
[35m[MSG][0m itr    69, best 5600.7524, time   51.1, minPhero 0.01(272), stagnancy 0.7%
[35m[MSG][0m itr    70, best 5600.5552, time   51.9, minPhero 0.01(263), stagnancy 0.0%
[35m[MSG][0m itr    71, best 5600.5552, time   52.7, minPhero 0.01(262), stagnancy 0.3%
[35m[MSG][0m itr    72, best 5599.8008, time   53.4, minPhero 0.01(261), stagnancy 0.0%
[35m[MSG][0m itr    73, best 5599.8008, time   54.2, minPhero 0.01(260), stagnancy 0.3%
[35m[MSG][0m itr    74, best 5599.8008, time   54.9, minPhero 0.01(260), stagnancy 0.7%
[35m[MSG][0m itr    75, best 5599.8008, time   55.7, minPhero 0.01(256), stagnancy 1.0%
[35m[MSG][0m itr    76, best 5599.7822, time   56.4, minPhero 0.01(259), stagnancy 0.0%
[35m[MSG][0m itr    77, best 5598.5264, time   57.1, minPhero 0.01(270), stagnancy 0.0%
[35m[MSG][0m itr    78, best 5597.3232, time   57.9, minPhero 0.01(270), stagnancy 0.0%
[35m[MSG][0m itr    79, best 5597.3232, time   58.6, minPhero 0.01(269), stagnancy 0.3%
[35m[MSG][0m itr    80, best 5593.1973, time   59.2, minPhero 0.01(273), stagnancy 0.0%
[35m[MSG][0m itr    81, best 5593.1973, time   59.9, minPhero 0.01(273), stagnancy 0.3%
[35m[MSG][0m itr    82, best 5591.3936, time   60.6, minPhero 0.01(274), stagnancy 0.0%
[35m[MSG][0m Solution converged. Reinitialising pheromones...
[35m[MSG][0m itr    83, best 5591.3936, time   61.4, minPhero 0.87(28922), stagnancy 0.3%
[35m[MSG][0m itr    84, best 5591.3936, time   62.1, minPhero 0.76(28922), stagnancy 0.7%
[35m[MSG][0m itr    85, best 5591.3936, time   62.8, minPhero 0.66(28922), stagnancy 1.0%
[35m[MSG][0m itr    86, best 5591.3936, time   63.6, minPhero 0.57(28922), stagnancy 1.3%
[35m[MSG][0m itr    87, best 5591.3936, time   64.3, minPhero 0.50(28922), stagnancy 1.7%
[35m[MSG][0m itr    88, best 5591.3936, time   65.1, minPhero 0.43(28922), stagnancy 2.0%
[35m[MSG][0m itr    89, best 5591.3936, time   65.8, minPhero 0.38(28922), stagnancy 2.3%
[35m[MSG][0m itr    90, best 5591.3936, time   66.6, minPhero 0.33(28922), stagnancy 2.7%
[35m[MSG][0m itr    91, best 5591.3936, time   67.3, minPhero 0.29(28922), stagnancy 3.0%
[35m[MSG][0m itr    92, best 5591.3936, time   68.1, minPhero 0.25(28922), stagnancy 3.3%
[35m[MSG][0m itr    93, best 5591.3936, time   68.7, minPhero 0.22(28922), stagnancy 3.7%
[35m[MSG][0m itr    94, best 5591.3936, time   69.4, minPhero 0.19(28922), stagnancy 4.0%
[35m[MSG][0m itr    95, best 5591.3936, time   70.1, minPhero 0.16(28922), stagnancy 4.3%
[35m[MSG][0m itr    96, best 5591.3936, time   70.9, minPhero 0.14(28922), stagnancy 4.7%
[35m[MSG][0m itr    97, best 5591.3936, time   71.7, minPhero 0.12(28922), stagnancy 5.0%
[35m[MSG][0m itr    98, best 5591.3936, time   72.4, minPhero 0.11(28922), stagnancy 5.3%
[35m[MSG][0m itr    99, best 5591.3936, time   73.1, minPhero 0.09(28922), stagnancy 5.7%
[35m[MSG][0m itr   100, best 5591.3936, time   73.9, minPhero 0.08(28922), stagnancy 6.0%
[35m[MSG][0m itr   101, best 5591.3936, time   74.6, minPhero 0.07(28922), stagnancy 6.3%
[35m[MSG][0m itr   102, best 5591.3936, time   75.4, minPhero 0.06(28922), stagnancy 6.7%
[35m[MSG][0m itr   103, best 5591.3936, time   76.1, minPhero 0.05(28922), stagnancy 7.0%
[35m[MSG][0m itr   104, best 5591.3936, time   76.9, minPhero 0.05(28922), stagnancy 7.3%
[35m[MSG][0m itr   105, best 5591.2427, time   77.6, minPhero 0.04(28922), stagnancy 0.0%
[35m[MSG][0m itr   106, best 5591.2427, time   78.4, minPhero 0.04(28922), stagnancy 0.3%
[35m[MSG][0m itr   107, best 5591.2427, time   79.1, minPhero 0.03(28922), stagnancy 0.7%
[35m[MSG][0m itr   108, best 5591.2427, time   79.8, minPhero 0.03(28922), stagnancy 1.0%
[35m[MSG][0m itr   109, best 5591.2002, time   80.6, minPhero 0.02(235), stagnancy 0.0%
[35m[MSG][0m itr   110, best 5591.2002, time   81.3, minPhero 0.02(235), stagnancy 0.3%
[35m[MSG][0m itr   111, best 5591.2002, time   82.1, minPhero 0.02(235), stagnancy 0.7%
[35m[MSG][0m itr   112, best 5591.2002, time   82.8, minPhero 0.02(235), stagnancy 1.0%
[35m[MSG][0m itr   113, best 5590.2183, time   83.5, minPhero 0.01(241), stagnancy 0.0%
[35m[MSG][0m itr   114, best 5590.2183, time   84.3, minPhero 0.01(241), stagnancy 0.3%
[35m[MSG][0m itr   115, best 5590.0703, time   85.0, minPhero 0.01(248), stagnancy 0.0%
[35m[MSG][0m itr   116, best 5590.0703, time   85.8, minPhero 0.01(248), stagnancy 0.3%
[35m[MSG][0m itr   117, best 5589.9619, time   86.5, minPhero 0.01(249), stagnancy 0.0%
[35m[MSG][0m itr   118, best 5588.9097, time   87.2, minPhero 0.01(250), stagnancy 0.0%
[35m[MSG][0m itr   119, best 5588.9097, time   88.0, minPhero 0.01(250), stagnancy 0.3%
[35m[MSG][0m itr   120, best 5588.9097, time   88.7, minPhero 0.01(250), stagnancy 0.7%
[35m[MSG][0m itr   121, best 5588.9097, time   89.4, minPhero 0.01(250), stagnancy 1.0%
[35m[MSG][0m itr   122, best 5588.9097, time   90.2, minPhero 0.01(250), stagnancy 1.3%
[35m[MSG][0m itr   123, best 5588.9097, time   90.9, minPhero 0.01(250), stagnancy 1.7%
[35m[MSG][0m itr   124, best 5588.8013, time   91.6, minPhero 0.01(250), stagnancy 0.0%
[35m[MSG][0m itr   125, best 5588.8013, time   92.4, minPhero 0.01(250), stagnancy 0.3%
[35m[MSG][0m itr   126, best 5588.8013, time   93.1, minPhero 0.01(250), stagnancy 0.7%
[35m[MSG][0m itr   127, best 5588.8013, time   93.9, minPhero 0.01(250), stagnancy 1.0%
[35m[MSG][0m itr   128, best 5588.8013, time   94.6, minPhero 0.01(250), stagnancy 1.3%
[35m[MSG][0m itr   129, best 5588.8008, time   95.3, minPhero 0.01(250), stagnancy 0.0%
[35m[MSG][0m itr   130, best 5588.8008, time   96.0, minPhero 0.01(250), stagnancy 0.3%
[35m[MSG][0m itr   131, best 5588.8008, time   96.8, minPhero 0.01(250), stagnancy 0.7%
[35m[MSG][0m itr   132, best 5588.8008, time   97.5, minPhero 0.01(250), stagnancy 1.0%
[35m[MSG][0m itr   133, best 5588.8008, time   98.2, minPhero 0.01(250), stagnancy 1.3%
[35m[MSG][0m itr   134, best 5588.7983, time   99.0, minPhero 0.01(251), stagnancy 0.0%
[35m[MSG][0m itr   135, best 5588.7983, time   99.8, minPhero 0.01(250), stagnancy 0.3%
[35m[MSG][0m itr   136, best 5588.7983, time  100.5, minPhero 0.01(249), stagnancy 0.7%
[35m[MSG][0m itr   137, best 5588.7983, time  101.2, minPhero 0.01(249), stagnancy 1.0%
[35m[MSG][0m itr   138, best 5588.7725, time  101.9, minPhero 0.01(256), stagnancy 0.0%
[35m[MSG][0m itr   139, best 5586.8569, time  102.7, minPhero 0.01(254), stagnancy 0.0%
[35m[MSG][0m itr   140, best 5586.4375, time  103.4, minPhero 0.01(254), stagnancy 0.0%
[35m[MSG][0m itr   141, best 5586.4375, time  104.2, minPhero 0.01(247), stagnancy 0.3%
[35m[MSG][0m itr   142, best 5586.4375, time  104.9, minPhero 0.01(247), stagnancy 0.7%
[35m[MSG][0m itr   143, best 5586.4375, time  105.6, minPhero 0.01(241), stagnancy 1.0%
[35m[MSG][0m itr   144, best 5586.1450, time  106.4, minPhero 0.01(244), stagnancy 0.0%
[35m[MSG][0m itr   145, best 5586.1450, time  107.1, minPhero 0.01(244), stagnancy 0.3%
[35m[MSG][0m itr   146, best 5586.1450, time  107.9, minPhero 0.01(244), stagnancy 0.7%
[35m[MSG][0m itr   147, best 5586.1450, time  108.5, minPhero 0.01(244), stagnancy 1.0%
[35m[MSG][0m itr   148, best 5586.1450, time  109.2, minPhero 0.01(244), stagnancy 1.3%
[35m[MSG][0m itr   149, best 5586.1450, time  109.9, minPhero 0.01(244), stagnancy 1.7%
[35m[MSG][0m itr   150, best 5586.1450, time  110.6, minPhero 0.01(243), stagnancy 2.0%
[35m[MSG][0m itr   151, best 5586.1445, time  111.3, minPhero 0.01(241), stagnancy 0.0%
[35m[MSG][0m itr   152, best 5586.1445, time  112.1, minPhero 0.01(241), stagnancy 0.3%
[35m[MSG][0m itr   153, best 5586.1445, time  112.8, minPhero 0.01(241), stagnancy 0.7%
[35m[MSG][0m itr   154, best 5586.1445, time  113.5, minPhero 0.01(241), stagnancy 1.0%
[35m[MSG][0m itr   155, best 5586.1445, time  114.3, minPhero 0.01(241), stagnancy 1.3%
[35m[MSG][0m itr   156, best 5586.1445, time  115.0, minPhero 0.01(240), stagnancy 1.7%
[35m[MSG][0m itr   157, best 5586.1445, time  115.8, minPhero 0.01(240), stagnancy 2.0%
[35m[MSG][0m itr   158, best 5586.1445, time  116.5, minPhero 0.01(239), stagnancy 2.3%
[35m[MSG][0m itr   159, best 5586.1445, time  117.2, minPhero 0.01(239), stagnancy 2.7%
[35m[MSG][0m itr   160, best 5586.1445, time  117.9, minPhero 0.01(239), stagnancy 3.0%
[35m[MSG][0m itr   161, best 5586.1445, time  118.6, minPhero 0.01(239), stagnancy 3.3%
[35m[MSG][0m itr   162, best 5586.1445, time  119.3, minPhero 0.01(239), stagnancy 3.7%
[35m[MSG][0m itr   163, best 5586.1445, time  120.1, minPhero 0.01(239), stagnancy 4.0%
[35m[MSG][0m itr   164, best 5586.1445, time  120.8, minPhero 0.01(235), stagnancy 4.3%
[35m[MSG][0m itr   165, best 5586.1445, time  121.5, minPhero 0.01(235), stagnancy 4.7%
[35m[MSG][0m itr   166, best 5586.1445, time  122.2, minPhero 0.01(234), stagnancy 5.0%
[35m[MSG][0m itr   167, best 5586.1445, time  123.0, minPhero 0.01(234), stagnancy 5.3%
[35m[MSG][0m itr   168, best 5586.1445, time  123.7, minPhero 0.01(234), stagnancy 5.7%
[35m[MSG][0m itr   169, best 5586.1445, time  124.4, minPhero 0.01(234), stagnancy 6.0%
[35m[MSG][0m itr   170, best 5586.1445, time  125.2, minPhero 0.01(232), stagnancy 6.3%
[35m[MSG][0m itr   171, best 5586.1445, time  125.9, minPhero 0.01(232), stagnancy 6.7%
[35m[MSG][0m itr   172, best 5586.1445, time  126.6, minPhero 0.01(232), stagnancy 7.0%
[35m[MSG][0m itr   173, best 5586.1445, time  127.4, minPhero 0.01(232), stagnancy 7.3%
[35m[MSG][0m itr   174, best 5586.1445, time  128.1, minPhero 0.01(232), stagnancy 7.7%
[35m[MSG][0m itr   175, best 5586.1445, time  128.9, minPhero 0.01(232), stagnancy 8.0%
[35m[MSG][0m itr   176, best 5586.1445, time  129.6, minPhero 0.01(232), stagnancy 8.3%
[35m[MSG][0m itr   177, best 5586.1445, time  130.3, minPhero 0.01(232), stagnancy 8.7%
[35m[MSG][0m itr   178, best 5586.1445, time  131.1, minPhero 0.01(232), stagnancy 9.0%
[35m[MSG][0m itr   179, best 5585.2217, time  131.8, minPhero 0.01(239), stagnancy 0.0%
[35m[MSG][0m itr   180, best 5585.2217, time  132.6, minPhero 0.01(239), stagnancy 0.3%
[35m[MSG][0m itr   181, best 5585.2212, time  133.3, minPhero 0.01(239), stagnancy 0.0%
[35m[MSG][0m itr   182, best 5585.2212, time  134.0, minPhero 0.01(239), stagnancy 0.3%
[35m[MSG][0m itr   183, best 5585.1958, time  134.8, minPhero 0.01(242), stagnancy 0.0%
[35m[MSG][0m itr   184, best 5584.9297, time  135.5, minPhero 0.01(242), stagnancy 0.0%
[35m[MSG][0m itr   185, best 5584.9297, time  136.3, minPhero 0.01(242), stagnancy 0.3%
[35m[MSG][0m itr   186, best 5584.9297, time  137.0, minPhero 0.01(242), stagnancy 0.7%
[35m[MSG][0m itr   187, best 5584.9297, time  137.8, minPhero 0.01(242), stagnancy 1.0%
[35m[MSG][0m itr   188, best 5584.9297, time  138.4, minPhero 0.01(242), stagnancy 1.3%
[35m[MSG][0m itr   189, best 5584.9297, time  139.1, minPhero 0.01(242), stagnancy 1.7%
[35m[MSG][0m itr   190, best 5584.9292, time  139.8, minPhero 0.01(242), stagnancy 0.0%
[35m[MSG][0m itr   191, best 5584.9292, time  140.5, minPhero 0.01(242), stagnancy 0.3%
[35m[MSG][0m itr   192, best 5584.9292, time  141.2, minPhero 0.01(242), stagnancy 0.7%
[35m[MSG][0m itr   193, best 5584.9292, time  142.0, minPhero 0.01(242), stagnancy 1.0%
[35m[MSG][0m itr   194, best 5584.9292, time  142.7, minPhero 0.01(242), stagnancy 1.3%
[35m[MSG][0m itr   195, best 5584.9292, time  143.4, minPhero 0.01(242), stagnancy 1.7%
[35m[MSG][0m itr   196, best 5584.9292, time  144.2, minPhero 0.01(240), stagnancy 2.0%
[35m[MSG][0m itr   197, best 5584.9292, time  144.9, minPhero 0.01(240), stagnancy 2.3%
[35m[MSG][0m itr   198, best 5584.4697, time  145.6, minPhero 0.01(244), stagnancy 0.0%
[35m[MSG][0m itr   199, best 5584.4697, time  146.4, minPhero 0.01(244), stagnancy 0.3%
[35m[MSG][0m itr   200, best 5584.4697, time  147.1, minPhero 0.01(244), stagnancy 0.7%
[35m[MSG][0m itr   201, best 5584.4697, time  147.9, minPhero 0.01(244), stagnancy 1.0%
[35m[MSG][0m itr   202, best 5584.4697, time  148.6, minPhero 0.01(244), stagnancy 1.3%
[35m[MSG][0m itr   203, best 5584.4697, time  149.4, minPhero 0.01(242), stagnancy 1.7%
[35m[MSG][0m itr   204, best 5584.4697, time  150.1, minPhero 0.01(242), stagnancy 2.0%
[35m[MSG][0m itr   205, best 5584.4697, time  150.8, minPhero 0.01(236), stagnancy 2.3%
[35m[MSG][0m itr   206, best 5584.4697, time  151.6, minPhero 0.01(236), stagnancy 2.7%
[35m[MSG][0m itr   207, best 5584.4697, time  152.3, minPhero 0.01(236), stagnancy 3.0%
[35m[MSG][0m itr   208, best 5584.4697, time  153.0, minPhero 0.01(236), stagnancy 3.3%
[35m[MSG][0m itr   209, best 5584.4697, time  153.8, minPhero 0.01(236), stagnancy 3.7%
[35m[MSG][0m itr   210, best 5584.4697, time  154.5, minPhero 0.01(236), stagnancy 4.0%
[35m[MSG][0m itr   211, best 5584.4697, time  155.3, minPhero 0.01(236), stagnancy 4.3%
[35m[MSG][0m itr   212, best 5584.4697, time  156.0, minPhero 0.01(236), stagnancy 4.7%
[35m[MSG][0m itr   213, best 5584.4697, time  156.7, minPhero 0.01(236), stagnancy 5.0%
[35m[MSG][0m itr   214, best 5584.4697, time  157.5, minPhero 0.01(236), stagnancy 5.3%
[35m[MSG][0m itr   215, best 5584.4697, time  158.2, minPhero 0.01(236), stagnancy 5.7%
[35m[MSG][0m itr   216, best 5584.4697, time  158.9, minPhero 0.01(236), stagnancy 6.0%
[35m[MSG][0m itr   217, best 5584.4697, time  159.6, minPhero 0.01(236), stagnancy 6.3%
[35m[MSG][0m itr   218, best 5584.4697, time  160.4, minPhero 0.01(236), stagnancy 6.7%
[35m[MSG][0m itr   219, best 5584.4697, time  161.1, minPhero 0.01(236), stagnancy 7.0%
[35m[MSG][0m itr   220, best 5584.4697, time  161.8, minPhero 0.01(236), stagnancy 7.3%
[35m[MSG][0m itr   221, best 5584.4697, time  162.6, minPhero 0.01(236), stagnancy 7.7%
[35m[MSG][0m itr   222, best 5584.4697, time  163.3, minPhero 0.01(236), stagnancy 8.0%
[35m[MSG][0m itr   223, best 5584.4697, time  164.0, minPhero 0.01(236), stagnancy 8.3%
[35m[MSG][0m itr   224, best 5584.4697, time  164.8, minPhero 0.01(232), stagnancy 8.7%
[35m[MSG][0m itr   225, best 5584.4697, time  165.5, minPhero 0.01(232), stagnancy 9.0%
[35m[MSG][0m itr   226, best 5584.4697, time  166.2, minPhero 0.01(232), stagnancy 9.3%
[35m[MSG][0m itr   227, best 5584.4697, time  167.0, minPhero 0.01(232), stagnancy 9.7%
[35m[MSG][0m itr   228, best 5584.4697, time  167.7, minPhero 0.01(232), stagnancy 10.0%
[35m[MSG][0m itr   229, best 5584.4697, time  168.4, minPhero 0.01(232), stagnancy 10.3%
[35m[MSG][0m itr   230, best 5584.4697, time  169.2, minPhero 0.01(232), stagnancy 10.7%
[35m[MSG][0m itr   231, best 5584.4697, time  169.9, minPhero 0.01(232), stagnancy 11.0%
[35m[MSG][0m itr   232, best 5584.4697, time  170.6, minPhero 0.01(232), stagnancy 11.3%
[35m[MSG][0m itr   233, best 5584.4697, time  171.4, minPhero 0.01(232), stagnancy 11.7%
[35m[MSG][0m itr   234, best 5584.4697, time  172.1, minPhero 0.01(232), stagnancy 12.0%
[35m[MSG][0m itr   235, best 5584.4697, time  172.8, minPhero 0.01(232), stagnancy 12.3%
[35m[MSG][0m itr   236, best 5584.4697, time  173.6, minPhero 0.01(232), stagnancy 12.7%
[35m[MSG][0m itr   237, best 5584.4692, time  174.3, minPhero 0.01(232), stagnancy 0.0%
[35m[MSG][0m itr   238, best 5584.4692, time  175.0, minPhero 0.01(232), stagnancy 0.3%
[35m[MSG][0m itr   239, best 5584.4692, time  175.7, minPhero 0.01(232), stagnancy 0.7%
[35m[MSG][0m itr   240, best 5584.4692, time  176.5, minPhero 0.01(232), stagnancy 1.0%
[35m[MSG][0m itr   241, best 5584.4692, time  177.2, minPhero 0.01(232), stagnancy 1.3%
[35m[MSG][0m itr   242, best 5584.4692, time  178.0, minPhero 0.01(232), stagnancy 1.7%
[35m[MSG][0m itr   243, best 5584.4692, time  178.6, minPhero 0.01(232), stagnancy 2.0%
[35m[MSG][0m itr   244, best 5584.4692, time  179.3, minPhero 0.01(232), stagnancy 2.3%
[35m[MSG][0m itr   245, best 5584.4692, time  180.0, minPhero 0.01(232), stagnancy 2.7%
[35m[MSG][0m itr   246, best 5584.4692, time  180.7, minPhero 0.01(232), stagnancy 3.0%
[35m[MSG][0m itr   247, best 5584.4692, time  181.5, minPhero 0.01(232), stagnancy 3.3%
[35m[MSG][0m itr   248, best 5584.4692, time  182.2, minPhero 0.01(232), stagnancy 3.7%
[35m[MSG][0m itr   249, best 5584.4692, time  183.0, minPhero 0.01(232), stagnancy 4.0%
[35m[MSG][0m itr   250, best 5584.4692, time  183.7, minPhero 0.01(232), stagnancy 4.3%
[35m[MSG][0m itr   251, best 5584.4692, time  184.4, minPhero 0.01(232), stagnancy 4.7%
[35m[MSG][0m itr   252, best 5584.4692, time  185.2, minPhero 0.01(232), stagnancy 5.0%
[35m[MSG][0m itr   253, best 5584.4692, time  185.9, minPhero 0.01(232), stagnancy 5.3%
[35m[MSG][0m itr   254, best 5584.4692, time  186.6, minPhero 0.01(232), stagnancy 5.7%
[35m[MSG][0m itr   255, best 5584.4692, time  187.3, minPhero 0.01(232), stagnancy 6.0%
[35m[MSG][0m itr   256, best 5584.4692, time  188.1, minPhero 0.01(232), stagnancy 6.3%
[35m[MSG][0m itr   257, best 5584.4692, time  188.8, minPhero 0.01(232), stagnancy 6.7%
[35m[MSG][0m itr   258, best 5584.4692, time  189.5, minPhero 0.01(232), stagnancy 7.0%
[35m[MSG][0m itr   259, best 5584.4692, time  190.3, minPhero 0.01(232), stagnancy 7.3%
[35m[MSG][0m itr   260, best 5584.4692, time  191.0, minPhero 0.01(232), stagnancy 7.7%
[35m[MSG][0m itr   261, best 5584.4692, time  191.8, minPhero 0.01(232), stagnancy 8.0%
[35m[MSG][0m itr   262, best 5584.4692, time  192.5, minPhero 0.01(232), stagnancy 8.3%
[35m[MSG][0m itr   263, best 5584.4692, time  193.3, minPhero 0.01(232), stagnancy 8.7%
[35m[MSG][0m itr   264, best 5584.4692, time  194.0, minPhero 0.01(232), stagnancy 9.0%
[35m[MSG][0m itr   265, best 5584.4692, time  194.7, minPhero 0.01(232), stagnancy 9.3%
[35m[MSG][0m itr   266, best 5584.4692, time  195.5, minPhero 0.01(232), stagnancy 9.7%
[35m[MSG][0m itr   267, best 5584.4692, time  196.2, minPhero 0.01(232), stagnancy 10.0%
[35m[MSG][0m itr   268, best 5584.4692, time  196.9, minPhero 0.01(232), stagnancy 10.3%
[35m[MSG][0m itr   269, best 5584.4692, time  197.7, minPhero 0.01(232), stagnancy 10.7%
[35m[MSG][0m itr   270, best 5584.4692, time  198.4, minPhero 0.01(232), stagnancy 11.0%
[35m[MSG][0m itr   271, best 5584.4692, time  199.1, minPhero 0.01(232), stagnancy 11.3%
[35m[MSG][0m itr   272, best 5584.4692, time  199.9, minPhero 0.01(232), stagnancy 11.7%
[35m[MSG][0m itr   273, best 5584.4692, time  200.6, minPhero 0.01(232), stagnancy 12.0%
[35m[MSG][0m itr   274, best 5584.4692, time  201.3, minPhero 0.01(232), stagnancy 12.3%
[35m[MSG][0m itr   275, best 5584.4692, time  202.1, minPhero 0.01(232), stagnancy 12.7%
[35m[MSG][0m itr   276, best 5584.4692, time  202.8, minPhero 0.01(232), stagnancy 13.0%
[35m[MSG][0m itr   277, best 5584.4692, time  203.5, minPhero 0.01(232), stagnancy 13.3%
[35m[MSG][0m itr   278, best 5584.4692, time  204.3, minPhero 0.01(232), stagnancy 13.7%
[35m[MSG][0m itr   279, best 5584.4692, time  205.0, minPhero 0.01(232), stagnancy 14.0%
[35m[MSG][0m itr   280, best 5584.4692, time  205.7, minPhero 0.01(232), stagnancy 14.3%
[35m[MSG][0m itr   281, best 5584.4692, time  206.5, minPhero 0.01(232), stagnancy 14.7%
[35m[MSG][0m itr   282, best 5584.4692, time  207.2, minPhero 0.01(232), stagnancy 15.0%
[35m[MSG][0m itr   283, best 5584.4692, time  207.9, minPhero 0.01(232), stagnancy 15.3%
[35m[MSG][0m itr   284, best 5584.4692, time  208.7, minPhero 0.01(232), stagnancy 15.7%
[35m[MSG][0m itr   285, best 5584.4692, time  209.4, minPhero 0.01(232), stagnancy 16.0%
[35m[MSG][0m itr   286, best 5584.4692, time  210.2, minPhero 0.01(232), stagnancy 16.3%
[35m[MSG][0m itr   287, best 5584.4692, time  210.9, minPhero 0.01(232), stagnancy 16.7%
[35m[MSG][0m itr   288, best 5584.4692, time  211.7, minPhero 0.01(232), stagnancy 17.0%
[35m[MSG][0m itr   289, best 5584.4692, time  212.4, minPhero 0.01(232), stagnancy 17.3%
[35m[MSG][0m itr   290, best 5584.4692, time  213.2, minPhero 0.01(232), stagnancy 17.7%
[35m[MSG][0m itr   291, best 5584.4692, time  213.9, minPhero 0.01(232), stagnancy 18.0%
[35m[MSG][0m itr   292, best 5584.4692, time  214.6, minPhero 0.01(232), stagnancy 18.3%
[35m[MSG][0m itr   293, best 5584.4692, time  215.4, minPhero 0.01(232), stagnancy 18.7%
[35m[MSG][0m itr   294, best 5584.4692, time  216.1, minPhero 0.01(232), stagnancy 19.0%
[35m[MSG][0m itr   295, best 5584.4692, time  216.8, minPhero 0.01(232), stagnancy 19.3%
[35m[MSG][0m itr   296, best 5584.4692, time  217.6, minPhero 0.01(232), stagnancy 19.7%
[35m[MSG][0m itr   297, best 5584.4692, time  218.3, minPhero 0.01(232), stagnancy 20.0%
[35m[MSG][0m itr   298, best 5584.4692, time  219.0, minPhero 0.01(232), stagnancy 20.3%
[35m[MSG][0m itr   299, best 5584.4692, time  219.8, minPhero 0.01(232), stagnancy 20.7%
[35m[MSG][0m itr   300, best 5584.4692, time  220.5, minPhero 0.01(232), stagnancy 21.0%
[35m[MSG][0m itr   301, best 5584.4692, time  221.2, minPhero 0.01(232), stagnancy 21.3%
[35m[MSG][0m itr   302, best 5584.4692, time  222.0, minPhero 0.01(232), stagnancy 21.7%
[35m[MSG][0m itr   303, best 5584.4692, time  222.8, minPhero 0.01(232), stagnancy 22.0%
[35m[MSG][0m itr   304, best 5584.4692, time  223.5, minPhero 0.01(232), stagnancy 22.3%
[35m[MSG][0m itr   305, best 5584.4692, time  224.2, minPhero 0.01(232), stagnancy 22.7%
[35m[MSG][0m itr   306, best 5584.4692, time  224.9, minPhero 0.01(232), stagnancy 23.0%
[35m[MSG][0m itr   307, best 5584.4692, time  225.7, minPhero 0.01(232), stagnancy 23.3%
[35m[MSG][0m itr   308, best 5584.4692, time  226.4, minPhero 0.01(232), stagnancy 23.7%
[35m[MSG][0m itr   309, best 5584.4692, time  227.2, minPhero 0.01(232), stagnancy 24.0%
[35m[MSG][0m itr   310, best 5584.4692, time  227.9, minPhero 0.01(232), stagnancy 24.3%
[35m[MSG][0m itr   311, best 5584.4692, time  228.7, minPhero 0.01(232), stagnancy 24.7%
[35m[MSG][0m itr   312, best 5584.4692, time  229.4, minPhero 0.01(232), stagnancy 25.0%
[35m[MSG][0m itr   313, best 5584.4692, time  230.1, minPhero 0.01(232), stagnancy 25.3%
[35m[MSG][0m itr   314, best 5584.4692, time  230.8, minPhero 0.01(232), stagnancy 25.7%
[35m[MSG][0m itr   315, best 5584.4692, time  231.6, minPhero 0.01(232), stagnancy 26.0%
[35m[MSG][0m itr   316, best 5584.4692, time  232.3, minPhero 0.01(232), stagnancy 26.3%
[35m[MSG][0m itr   317, best 5584.4692, time  233.0, minPhero 0.01(232), stagnancy 26.7%
[35m[MSG][0m itr   318, best 5584.4692, time  233.8, minPhero 0.01(232), stagnancy 27.0%
[35m[MSG][0m itr   319, best 5584.4692, time  234.5, minPhero 0.01(232), stagnancy 27.3%
[35m[MSG][0m itr   320, best 5584.4692, time  235.2, minPhero 0.01(232), stagnancy 27.7%
[35m[MSG][0m itr   321, best 5584.4692, time  235.9, minPhero 0.01(232), stagnancy 28.0%
[35m[MSG][0m itr   322, best 5584.4692, time  236.7, minPhero 0.01(232), stagnancy 28.3%
[35m[MSG][0m itr   323, best 5584.4692, time  237.4, minPhero 0.01(232), stagnancy 28.7%
[35m[MSG][0m itr   324, best 5584.4692, time  238.1, minPhero 0.01(232), stagnancy 29.0%
[35m[MSG][0m itr   325, best 5584.4692, time  238.9, minPhero 0.01(232), stagnancy 29.3%
[35m[MSG][0m itr   326, best 5584.4692, time  239.6, minPhero 0.01(232), stagnancy 29.7%
[35m[MSG][0m itr   327, best 5584.4692, time  240.4, minPhero 0.01(232), stagnancy 30.0%
[35m[MSG][0m itr   328, best 5584.4692, time  241.1, minPhero 0.01(232), stagnancy 30.3%
[35m[MSG][0m itr   329, best 5584.4692, time  241.8, minPhero 0.01(232), stagnancy 30.7%
[35m[MSG][0m itr   330, best 5584.4692, time  242.6, minPhero 0.01(232), stagnancy 31.0%
[35m[MSG][0m itr   331, best 5584.4692, time  243.3, minPhero 0.01(232), stagnancy 31.3%
[35m[MSG][0m itr   332, best 5584.4692, time  244.1, minPhero 0.01(232), stagnancy 31.7%
[35m[MSG][0m itr   333, best 5584.4692, time  244.8, minPhero 0.01(232), stagnancy 32.0%
[35m[MSG][0m itr   334, best 5584.4692, time  245.5, minPhero 0.01(232), stagnancy 32.3%
[35m[MSG][0m itr   335, best 5584.4692, time  246.3, minPhero 0.01(232), stagnancy 32.7%
[35m[MSG][0m itr   336, best 5584.4692, time  247.0, minPhero 0.01(232), stagnancy 33.0%
[35m[MSG][0m itr   337, best 5584.4692, time  247.8, minPhero 0.01(232), stagnancy 33.3%
[35m[MSG][0m itr   338, best 5584.4692, time  248.5, minPhero 0.01(232), stagnancy 33.7%
[35m[MSG][0m itr   339, best 5584.4692, time  249.3, minPhero 0.01(232), stagnancy 34.0%
[35m[MSG][0m itr   340, best 5584.4692, time  250.0, minPhero 0.01(232), stagnancy 34.3%
[35m[MSG][0m itr   341, best 5584.4692, time  250.7, minPhero 0.01(232), stagnancy 34.7%
[35m[MSG][0m itr   342, best 5584.4692, time  251.5, minPhero 0.01(232), stagnancy 35.0%
[35m[MSG][0m itr   343, best 5584.4692, time  252.2, minPhero 0.01(232), stagnancy 35.3%
[35m[MSG][0m itr   344, best 5584.4692, time  253.0, minPhero 0.01(232), stagnancy 35.7%
[35m[MSG][0m itr   345, best 5584.4692, time  253.7, minPhero 0.01(232), stagnancy 36.0%
[35m[MSG][0m itr   346, best 5584.4692, time  254.4, minPhero 0.01(232), stagnancy 36.3%
[35m[MSG][0m itr   347, best 5584.4692, time  255.2, minPhero 0.01(232), stagnancy 36.7%
[35m[MSG][0m itr   348, best 5584.4692, time  255.9, minPhero 0.01(232), stagnancy 37.0%
[35m[MSG][0m itr   349, best 5584.4692, time  256.7, minPhero 0.01(232), stagnancy 37.3%
[35m[MSG][0m itr   350, best 5584.4692, time  257.4, minPhero 0.01(232), stagnancy 37.7%
[35m[MSG][0m itr   351, best 5584.4692, time  258.1, minPhero 0.01(232), stagnancy 38.0%
[35m[MSG][0m itr   352, best 5584.4692, time  258.9, minPhero 0.01(232), stagnancy 38.3%
[35m[MSG][0m itr   353, best 5584.4692, time  259.6, minPhero 0.01(232), stagnancy 38.7%
[35m[MSG][0m itr   354, best 5584.4692, time  260.3, minPhero 0.01(232), stagnancy 39.0%
[35m[MSG][0m itr   355, best 5584.4692, time  261.0, minPhero 0.01(232), stagnancy 39.3%
[35m[MSG][0m itr   356, best 5584.4692, time  261.8, minPhero 0.01(232), stagnancy 39.7%
[35m[MSG][0m itr   357, best 5584.4692, time  262.5, minPhero 0.01(232), stagnancy 40.0%
[35m[MSG][0m itr   358, best 5584.4692, time  263.2, minPhero 0.01(232), stagnancy 40.3%
[35m[MSG][0m itr   359, best 5584.4692, time  264.0, minPhero 0.01(232), stagnancy 40.7%
[35m[MSG][0m itr   360, best 5584.4692, time  264.7, minPhero 0.01(232), stagnancy 41.0%
[35m[MSG][0m itr   361, best 5584.4692, time  265.5, minPhero 0.01(232), stagnancy 41.3%
[35m[MSG][0m itr   362, best 5584.4692, time  266.2, minPhero 0.01(232), stagnancy 41.7%
[35m[MSG][0m itr   363, best 5584.4692, time  266.9, minPhero 0.01(232), stagnancy 42.0%
[35m[MSG][0m itr   364, best 5584.4692, time  267.7, minPhero 0.01(232), stagnancy 42.3%
[35m[MSG][0m itr   365, best 5584.4692, time  268.4, minPhero 0.01(232), stagnancy 42.7%
[35m[MSG][0m itr   366, best 5584.4692, time  269.2, minPhero 0.01(232), stagnancy 43.0%
[35m[MSG][0m itr   367, best 5584.4692, time  269.9, minPhero 0.01(232), stagnancy 43.3%
[35m[MSG][0m itr   368, best 5584.4692, time  270.6, minPhero 0.01(232), stagnancy 43.7%
[35m[MSG][0m itr   369, best 5584.4692, time  271.4, minPhero 0.01(232), stagnancy 44.0%
[35m[MSG][0m itr   370, best 5584.4692, time  272.1, minPhero 0.01(232), stagnancy 44.3%
[35m[MSG][0m itr   371, best 5584.4692, time  272.8, minPhero 0.01(232), stagnancy 44.7%
[35m[MSG][0m itr   372, best 5584.4692, time  273.6, minPhero 0.01(232), stagnancy 45.0%
[35m[MSG][0m itr   373, best 5584.4692, time  274.3, minPhero 0.01(232), stagnancy 45.3%
[35m[MSG][0m itr   374, best 5584.4692, time  275.0, minPhero 0.01(232), stagnancy 45.7%
[35m[MSG][0m itr   375, best 5584.4692, time  275.8, minPhero 0.01(232), stagnancy 46.0%
[35m[MSG][0m itr   376, best 5584.4692, time  276.5, minPhero 0.01(232), stagnancy 46.3%
[35m[MSG][0m itr   377, best 5584.4692, time  277.3, minPhero 0.01(232), stagnancy 46.7%
[35m[MSG][0m itr   378, best 5584.4692, time  278.0, minPhero 0.01(232), stagnancy 47.0%
[35m[MSG][0m itr   379, best 5584.4692, time  278.7, minPhero 0.01(232), stagnancy 47.3%
[35m[MSG][0m itr   380, best 5584.4692, time  279.5, minPhero 0.01(232), stagnancy 47.7%
[35m[MSG][0m itr   381, best 5584.4692, time  280.2, minPhero 0.01(232), stagnancy 48.0%
[35m[MSG][0m itr   382, best 5584.4692, time  280.9, minPhero 0.01(232), stagnancy 48.3%
[35m[MSG][0m itr   383, best 5584.4692, time  281.6, minPhero 0.01(232), stagnancy 48.7%
[35m[MSG][0m itr   384, best 5584.4692, time  282.4, minPhero 0.01(232), stagnancy 49.0%
[35m[MSG][0m itr   385, best 5584.4692, time  283.1, minPhero 0.01(232), stagnancy 49.3%
[35m[MSG][0m itr   386, best 5584.4692, time  283.8, minPhero 0.01(232), stagnancy 49.7%
[35m[MSG][0m itr   387, best 5584.4692, time  284.6, minPhero 0.01(232), stagnancy 50.0%
[35m[MSG][0m itr   388, best 5584.4692, time  285.3, minPhero 0.01(232), stagnancy 50.3%
[35m[MSG][0m itr   389, best 5584.4692, time  286.0, minPhero 0.01(232), stagnancy 50.7%
[35m[MSG][0m itr   390, best 5584.4692, time  286.7, minPhero 0.01(232), stagnancy 51.0%
[35m[MSG][0m itr   391, best 5584.4692, time  287.5, minPhero 0.01(232), stagnancy 51.3%
[35m[MSG][0m itr   392, best 5584.4692, time  288.2, minPhero 0.01(232), stagnancy 51.7%
[35m[MSG][0m itr   393, best 5584.4692, time  288.9, minPhero 0.01(232), stagnancy 52.0%
[35m[MSG][0m itr   394, best 5584.4692, time  289.7, minPhero 0.01(232), stagnancy 52.3%
[35m[MSG][0m itr   395, best 5584.4692, time  290.4, minPhero 0.01(232), stagnancy 52.7%
[35m[MSG][0m itr   396, best 5584.4692, time  291.1, minPhero 0.01(232), stagnancy 53.0%
[35m[MSG][0m itr   397, best 5584.4692, time  291.9, minPhero 0.01(232), stagnancy 53.3%
[35m[MSG][0m itr   398, best 5584.4692, time  292.6, minPhero 0.01(232), stagnancy 53.7%
[35m[MSG][0m itr   399, best 5584.4692, time  293.3, minPhero 0.01(232), stagnancy 54.0%
[35m[MSG][0m itr   400, best 5584.4692, time  294.1, minPhero 0.01(232), stagnancy 54.3%
[35m[MSG][0m itr   401, best 5584.4692, time  294.8, minPhero 0.01(232), stagnancy 54.7%
[35m[MSG][0m itr   402, best 5584.4692, time  295.5, minPhero 0.01(232), stagnancy 55.0%
[35m[MSG][0m itr   403, best 5584.4692, time  296.3, minPhero 0.01(232), stagnancy 55.3%
[35m[MSG][0m itr   404, best 5584.4692, time  297.0, minPhero 0.01(232), stagnancy 55.7%
[35m[MSG][0m itr   405, best 5584.4692, time  297.7, minPhero 0.01(232), stagnancy 56.0%
[35m[MSG][0m itr   406, best 5584.4692, time  298.5, minPhero 0.01(232), stagnancy 56.3%
[35m[MSG][0m itr   407, best 5584.4692, time  299.2, minPhero 0.01(232), stagnancy 56.7%
[35m[MSG][0m itr   408, best 5584.4692, time  299.9, minPhero 0.01(232), stagnancy 57.0%
[35m[MSG][0m itr   409, best 5584.4692, time  300.6, minPhero 0.01(232), stagnancy 57.3%
[35m[MSG][0m itr   410, best 5584.4692, time  301.4, minPhero 0.01(232), stagnancy 57.7%
[35m[MSG][0m itr   411, best 5584.4692, time  302.1, minPhero 0.01(232), stagnancy 58.0%
[35m[MSG][0m itr   412, best 5584.4692, time  302.9, minPhero 0.01(232), stagnancy 58.3%
[35m[MSG][0m itr   413, best 5584.4692, time  303.6, minPhero 0.01(232), stagnancy 58.7%
[35m[MSG][0m itr   414, best 5584.4692, time  304.3, minPhero 0.01(232), stagnancy 59.0%
[35m[MSG][0m itr   415, best 5584.4692, time  305.1, minPhero 0.01(232), stagnancy 59.3%
[35m[MSG][0m itr   416, best 5584.4692, time  305.8, minPhero 0.01(232), stagnancy 59.7%
[35m[MSG][0m itr   417, best 5584.4692, time  306.5, minPhero 0.01(232), stagnancy 60.0%
[35m[MSG][0m itr   418, best 5584.4692, time  307.3, minPhero 0.01(232), stagnancy 60.3%
[35m[MSG][0m itr   419, best 5584.4692, time  308.0, minPhero 0.01(232), stagnancy 60.7%
[35m[MSG][0m itr   420, best 5584.4692, time  308.7, minPhero 0.01(232), stagnancy 61.0%
[35m[MSG][0m itr   421, best 5584.4692, time  309.5, minPhero 0.01(232), stagnancy 61.3%
[35m[MSG][0m itr   422, best 5584.4692, time  310.2, minPhero 0.01(232), stagnancy 61.7%
[35m[MSG][0m itr   423, best 5584.4692, time  310.9, minPhero 0.01(232), stagnancy 62.0%
[35m[MSG][0m itr   424, best 5584.4692, time  311.7, minPhero 0.01(232), stagnancy 62.3%
[35m[MSG][0m itr   425, best 5584.4692, time  312.4, minPhero 0.01(232), stagnancy 62.7%
[35m[MSG][0m itr   426, best 5584.4692, time  313.2, minPhero 0.01(232), stagnancy 63.0%
[35m[MSG][0m itr   427, best 5584.4692, time  313.9, minPhero 0.01(232), stagnancy 63.3%
[35m[MSG][0m itr   428, best 5584.4692, time  314.6, minPhero 0.01(232), stagnancy 63.7%
[35m[MSG][0m itr   429, best 5584.4692, time  315.4, minPhero 0.01(232), stagnancy 64.0%
[35m[MSG][0m itr   430, best 5584.4692, time  316.1, minPhero 0.01(232), stagnancy 64.3%
[35m[MSG][0m itr   431, best 5584.4692, time  316.8, minPhero 0.01(232), stagnancy 64.7%
[35m[MSG][0m itr   432, best 5584.4692, time  317.6, minPhero 0.01(232), stagnancy 65.0%
[35m[MSG][0m itr   433, best 5584.4692, time  318.3, minPhero 0.01(232), stagnancy 65.3%
[35m[MSG][0m itr   434, best 5584.4692, time  319.0, minPhero 0.01(232), stagnancy 65.7%
[35m[MSG][0m itr   435, best 5584.4692, time  319.7, minPhero 0.01(232), stagnancy 66.0%
[35m[MSG][0m itr   436, best 5584.4692, time  320.5, minPhero 0.01(232), stagnancy 66.3%
[35m[MSG][0m itr   437, best 5584.4692, time  321.2, minPhero 0.01(232), stagnancy 66.7%
[35m[MSG][0m itr   438, best 5584.4692, time  321.9, minPhero 0.01(232), stagnancy 67.0%
[35m[MSG][0m itr   439, best 5584.4692, time  322.6, minPhero 0.01(232), stagnancy 67.3%
[35m[MSG][0m itr   440, best 5584.4692, time  323.3, minPhero 0.01(232), stagnancy 67.7%
[35m[MSG][0m itr   441, best 5584.4692, time  324.0, minPhero 0.01(232), stagnancy 68.0%
[35m[MSG][0m itr   442, best 5584.4692, time  324.8, minPhero 0.01(232), stagnancy 68.3%
[35m[MSG][0m itr   443, best 5584.4692, time  325.5, minPhero 0.01(232), stagnancy 68.7%
[35m[MSG][0m itr   444, best 5584.4692, time  326.2, minPhero 0.01(232), stagnancy 69.0%
[35m[MSG][0m itr   445, best 5584.4692, time  326.9, minPhero 0.01(232), stagnancy 69.3%
[35m[MSG][0m itr   446, best 5584.4692, time  327.7, minPhero 0.01(232), stagnancy 69.7%
[35m[MSG][0m itr   447, best 5584.4692, time  328.4, minPhero 0.01(232), stagnancy 70.0%
[35m[MSG][0m itr   448, best 5584.4692, time  329.1, minPhero 0.01(232), stagnancy 70.3%
[35m[MSG][0m itr   449, best 5584.4692, time  329.9, minPhero 0.01(232), stagnancy 70.7%
[35m[MSG][0m itr   450, best 5584.4692, time  330.6, minPhero 0.01(232), stagnancy 71.0%
[35m[MSG][0m itr   451, best 5584.4692, time  331.3, minPhero 0.01(232), stagnancy 71.3%
[35m[MSG][0m itr   452, best 5584.4692, time  332.1, minPhero 0.01(232), stagnancy 71.7%
[35m[MSG][0m itr   453, best 5584.4692, time  332.8, minPhero 0.01(232), stagnancy 72.0%
[35m[MSG][0m itr   454, best 5584.4692, time  333.5, minPhero 0.01(232), stagnancy 72.3%
[35m[MSG][0m itr   455, best 5584.4692, time  334.3, minPhero 0.01(232), stagnancy 72.7%
[35m[MSG][0m itr   456, best 5584.4692, time  335.0, minPhero 0.01(232), stagnancy 73.0%
[35m[MSG][0m itr   457, best 5584.4692, time  335.7, minPhero 0.01(232), stagnancy 73.3%
[35m[MSG][0m itr   458, best 5584.4692, time  336.5, minPhero 0.01(232), stagnancy 73.7%
[35m[MSG][0m itr   459, best 5584.4692, time  337.2, minPhero 0.01(232), stagnancy 74.0%
[35m[MSG][0m itr   460, best 5584.4692, time  337.9, minPhero 0.01(232), stagnancy 74.3%
[35m[MSG][0m itr   461, best 5584.4692, time  338.7, minPhero 0.01(232), stagnancy 74.7%
[35m[MSG][0m itr   462, best 5584.4692, time  339.4, minPhero 0.01(232), stagnancy 75.0%
[35m[MSG][0m itr   463, best 5584.4692, time  340.1, minPhero 0.01(232), stagnancy 75.3%
[35m[MSG][0m itr   464, best 5584.4692, time  340.9, minPhero 0.01(232), stagnancy 75.7%
[35m[MSG][0m itr   465, best 5584.4692, time  341.6, minPhero 0.01(232), stagnancy 76.0%
[35m[MSG][0m itr   466, best 5584.4692, time  342.4, minPhero 0.01(232), stagnancy 76.3%
[35m[MSG][0m itr   467, best 5584.4692, time  343.1, minPhero 0.01(232), stagnancy 76.7%
[35m[MSG][0m itr   468, best 5584.4692, time  343.9, minPhero 0.01(232), stagnancy 77.0%
[35m[MSG][0m itr   469, best 5584.4692, time  344.6, minPhero 0.01(232), stagnancy 77.3%
[35m[MSG][0m itr   470, best 5584.4692, time  345.3, minPhero 0.01(232), stagnancy 77.7%
[35m[MSG][0m itr   471, best 5584.4692, time  346.0, minPhero 0.01(232), stagnancy 78.0%
[35m[MSG][0m itr   472, best 5584.4692, time  346.8, minPhero 0.01(232), stagnancy 78.3%
[35m[MSG][0m itr   473, best 5584.4692, time  347.5, minPhero 0.01(232), stagnancy 78.7%
[35m[MSG][0m itr   474, best 5584.4692, time  348.2, minPhero 0.01(232), stagnancy 79.0%
[35m[MSG][0m itr   475, best 5584.4692, time  349.0, minPhero 0.01(232), stagnancy 79.3%
[35m[MSG][0m itr   476, best 5584.4692, time  349.7, minPhero 0.01(232), stagnancy 79.7%
[35m[MSG][0m itr   477, best 5584.4692, time  350.4, minPhero 0.01(232), stagnancy 80.0%
[35m[MSG][0m itr   478, best 5584.4692, time  351.1, minPhero 0.01(232), stagnancy 80.3%
[35m[MSG][0m itr   479, best 5584.4692, time  351.9, minPhero 0.01(232), stagnancy 80.7%
[35m[MSG][0m itr   480, best 5584.4692, time  352.6, minPhero 0.01(232), stagnancy 81.0%
[35m[MSG][0m itr   481, best 5584.4692, time  353.3, minPhero 0.01(232), stagnancy 81.3%
[35m[MSG][0m itr   482, best 5584.4692, time  354.0, minPhero 0.01(232), stagnancy 81.7%
[35m[MSG][0m itr   483, best 5584.4692, time  354.8, minPhero 0.01(232), stagnancy 82.0%
[35m[MSG][0m itr   484, best 5584.4692, time  355.5, minPhero 0.01(232), stagnancy 82.3%
[35m[MSG][0m itr   485, best 5584.4692, time  356.3, minPhero 0.01(232), stagnancy 82.7%
[35m[MSG][0m itr   486, best 5584.4692, time  357.0, minPhero 0.01(232), stagnancy 83.0%
[35m[MSG][0m itr   487, best 5584.4692, time  357.7, minPhero 0.01(232), stagnancy 83.3%
[35m[MSG][0m itr   488, best 5584.4692, time  358.4, minPhero 0.01(232), stagnancy 83.7%
[35m[MSG][0m itr   489, best 5584.4692, time  359.2, minPhero 0.01(232), stagnancy 84.0%
[35m[MSG][0m itr   490, best 5584.4692, time  359.9, minPhero 0.01(232), stagnancy 84.3%
[35m[MSG][0m itr   491, best 5584.4692, time  360.7, minPhero 0.01(232), stagnancy 84.7%
[35m[MSG][0m itr   492, best 5584.4692, time  361.4, minPhero 0.01(232), stagnancy 85.0%
[35m[MSG][0m itr   493, best 5584.4692, time  362.1, minPhero 0.01(232), stagnancy 85.3%
[35m[MSG][0m itr   494, best 5584.4692, time  362.9, minPhero 0.01(232), stagnancy 85.7%
[35m[MSG][0m itr   495, best 5584.4692, time  363.6, minPhero 0.01(232), stagnancy 86.0%
[35m[MSG][0m itr   496, best 5584.4692, time  364.3, minPhero 0.01(232), stagnancy 86.3%
[35m[MSG][0m itr   497, best 5584.4692, time  365.1, minPhero 0.01(232), stagnancy 86.7%
[35m[MSG][0m itr   498, best 5584.4692, time  365.8, minPhero 0.01(232), stagnancy 87.0%
[35m[MSG][0m itr   499, best 5584.4692, time  366.5, minPhero 0.01(232), stagnancy 87.3%
[35m[MSG][0m itr   500, best 5584.4692, time  367.3, minPhero 0.01(232), stagnancy 87.7%
[35m[MSG][0m itr   501, best 5584.4692, time  368.0, minPhero 0.01(232), stagnancy 88.0%
[35m[MSG][0m itr   502, best 5584.4692, time  368.7, minPhero 0.01(232), stagnancy 88.3%
[35m[MSG][0m itr   503, best 5584.4692, time  369.5, minPhero 0.01(232), stagnancy 88.7%
[35m[MSG][0m itr   504, best 5584.4692, time  370.2, minPhero 0.01(232), stagnancy 89.0%
[35m[MSG][0m itr   505, best 5584.4692, time  370.9, minPhero 0.01(232), stagnancy 89.3%
[35m[MSG][0m itr   506, best 5584.4692, time  371.7, minPhero 0.01(232), stagnancy 89.7%
[35m[MSG][0m itr   507, best 5584.4692, time  372.4, minPhero 0.01(232), stagnancy 90.0%
[35m[MSG][0m itr   508, best 5584.4692, time  373.2, minPhero 0.01(232), stagnancy 90.3%
[35m[MSG][0m itr   509, best 5584.4692, time  373.9, minPhero 0.01(232), stagnancy 90.7%
[35m[MSG][0m itr   510, best 5584.4692, time  374.6, minPhero 0.01(232), stagnancy 91.0%
[35m[MSG][0m itr   511, best 5584.4692, time  375.4, minPhero 0.01(232), stagnancy 91.3%
[35m[MSG][0m itr   512, best 5584.4692, time  376.1, minPhero 0.01(232), stagnancy 91.7%
[35m[MSG][0m itr   513, best 5584.4692, time  376.8, minPhero 0.01(232), stagnancy 92.0%
[35m[MSG][0m itr   514, best 5584.4692, time  377.6, minPhero 0.01(232), stagnancy 92.3%
[35m[MSG][0m itr   515, best 5584.4692, time  378.3, minPhero 0.01(232), stagnancy 92.7%
[35m[MSG][0m itr   516, best 5584.4692, time  379.0, minPhero 0.01(232), stagnancy 93.0%
[35m[MSG][0m itr   517, best 5584.4692, time  379.8, minPhero 0.01(232), stagnancy 93.3%
[35m[MSG][0m itr   518, best 5584.4692, time  380.5, minPhero 0.01(232), stagnancy 93.7%
[35m[MSG][0m itr   519, best 5584.4692, time  381.2, minPhero 0.01(232), stagnancy 94.0%
[35m[MSG][0m itr   520, best 5584.4692, time  381.9, minPhero 0.01(232), stagnancy 94.3%
[35m[MSG][0m itr   521, best 5584.4692, time  382.7, minPhero 0.01(232), stagnancy 94.7%
[35m[MSG][0m itr   522, best 5584.4692, time  383.4, minPhero 0.01(232), stagnancy 95.0%
[35m[MSG][0m itr   523, best 5584.4692, time  384.2, minPhero 0.01(232), stagnancy 95.3%
[35m[MSG][0m itr   524, best 5584.4692, time  384.9, minPhero 0.01(232), stagnancy 95.7%
[35m[MSG][0m itr   525, best 5584.4692, time  385.6, minPhero 0.01(232), stagnancy 96.0%
[35m[MSG][0m itr   526, best 5584.4692, time  386.4, minPhero 0.01(232), stagnancy 96.3%
[35m[MSG][0m itr   527, best 5584.4692, time  387.1, minPhero 0.01(232), stagnancy 96.7%
[35m[MSG][0m itr   528, best 5584.4692, time  387.9, minPhero 0.01(232), stagnancy 97.0%
[35m[MSG][0m itr   529, best 5584.4692, time  388.6, minPhero 0.01(232), stagnancy 97.3%
[35m[MSG][0m itr   530, best 5584.4692, time  389.3, minPhero 0.01(232), stagnancy 97.7%
[35m[MSG][0m itr   531, best 5584.4692, time  390.1, minPhero 0.01(232), stagnancy 98.0%
[35m[MSG][0m itr   532, best 5584.4692, time  390.8, minPhero 0.01(232), stagnancy 98.3%
[35m[MSG][0m itr   533, best 5584.4692, time  391.5, minPhero 0.01(232), stagnancy 98.7%
[35m[MSG][0m itr   534, best 5584.4692, time  392.3, minPhero 0.01(232), stagnancy 99.0%
[35m[MSG][0m itr   535, best 5584.4692, time  393.0, minPhero 0.01(232), stagnancy 99.3%
[35m[MSG][0m itr   536, best 5584.4692, time  393.8, minPhero 0.01(232), stagnancy 99.7%
[35m[MSG][0m itr   537, best 5584.4692, time  394.5, minPhero 0.01(232), stagnancy 100.0%
[35m[MSG][0m Solution converged. Reinitialising pheromones...
[35m[MSG][0m Time: 394.52 s
[35m[MSG][0m Best cost: 5584.47
