[35m[MSG][0m Log level set to LOG_DEBUG
[35m[MSG][0m Parsing input from file "res/fruitybun250_2016.vrp"
[35m[MSG][0m Number of nodes: 250
[35m[MSG][0m Running ACO search
[35m[MSG][0m ACO settings: 
 alpha:     8.000
 beta:      1.000
 pers:      0.850
 minPhero:  0.015
 nbhood:    10
 popSize:   512
 maxStag:   300
[35m[MSG][0m itr     1, best 5705.0933, time    1.3, minPhero 0.85(28922), stagnancy 0.0%
[35m[MSG][0m itr     2, best 5705.0933, time    2.7, minPhero 0.72(28922), stagnancy 0.3%
[35m[MSG][0m itr     3, best 5705.0933, time    4.1, minPhero 0.61(28922), stagnancy 0.7%
[35m[MSG][0m itr     4, best 5705.0933, time    5.6, minPhero 0.52(28922), stagnancy 1.0%
[35m[MSG][0m itr     5, best 5705.0933, time    7.0, minPhero 0.44(28922), stagnancy 1.3%
[35m[MSG][0m itr     6, best 5705.0933, time    8.5, minPhero 0.38(28922), stagnancy 1.7%
[35m[MSG][0m itr     7, best 5705.0933, time   10.0, minPhero 0.32(28922), stagnancy 2.0%
[35m[MSG][0m itr     8, best 5705.0933, time   11.4, minPhero 0.27(28922), stagnancy 2.3%
[35m[MSG][0m itr     9, best 5705.0933, time   12.9, minPhero 0.23(28922), stagnancy 2.7%
[35m[MSG][0m itr    10, best 5705.0933, time   14.3, minPhero 0.20(28922), stagnancy 3.0%
[35m[MSG][0m itr    11, best 5704.8833, time   15.8, minPhero 0.17(28922), stagnancy 0.0%
[35m[MSG][0m itr    12, best 5696.9438, time   17.3, minPhero 0.14(28922), stagnancy 0.0%
[35m[MSG][0m itr    13, best 5696.9438, time   18.8, minPhero 0.12(28922), stagnancy 0.3%
[35m[MSG][0m itr    14, best 5696.6270, time   20.2, minPhero 0.10(28922), stagnancy 0.0%
[35m[MSG][0m itr    15, best 5696.6270, time   21.7, minPhero 0.09(28922), stagnancy 0.3%
[35m[MSG][0m itr    16, best 5666.9321, time   23.2, minPhero 0.07(28922), stagnancy 0.0%
[35m[MSG][0m itr    17, best 5666.9321, time   24.6, minPhero 0.06(28922), stagnancy 0.3%
[35m[MSG][0m itr    18, best 5666.9321, time   26.2, minPhero 0.05(28922), stagnancy 0.7%
[35m[MSG][0m itr    19, best 5666.9321, time   27.6, minPhero 0.05(28922), stagnancy 1.0%
[35m[MSG][0m itr    20, best 5666.9321, time   29.1, minPhero 0.04(28922), stagnancy 1.3%
[35m[MSG][0m itr    21, best 5658.6426, time   30.6, minPhero 0.03(28922), stagnancy 0.0%
[35m[MSG][0m itr    22, best 5650.3159, time   32.1, minPhero 0.03(28922), stagnancy 0.0%
[35m[MSG][0m itr    23, best 5634.7388, time   33.5, minPhero 0.02(459), stagnancy 0.0%
[35m[MSG][0m itr    24, best 5634.7388, time   35.0, minPhero 0.02(459), stagnancy 0.3%
[35m[MSG][0m itr    25, best 5616.2236, time   36.5, minPhero 0.02(465), stagnancy 0.0%
[35m[MSG][0m itr    26, best 5616.2236, time   37.9, minPhero 0.01(465), stagnancy 0.3%
[35m[MSG][0m itr    27, best 5615.3882, time   39.4, minPhero 0.01(445), stagnancy 0.0%
[35m[MSG][0m itr    28, best 5613.6543, time   40.9, minPhero 0.01(445), stagnancy 0.0%
[35m[MSG][0m itr    29, best 5613.6543, time   42.3, minPhero 0.01(445), stagnancy 0.3%
[35m[MSG][0m itr    30, best 5613.6543, time   43.8, minPhero 0.01(445), stagnancy 0.7%
[35m[MSG][0m itr    31, best 5609.0732, time   45.3, minPhero 0.01(413), stagnancy 0.0%
[35m[MSG][0m itr    32, best 5609.0732, time   46.7, minPhero 0.01(381), stagnancy 0.3%
[35m[MSG][0m itr    33, best 5609.0732, time   48.2, minPhero 0.01(349), stagnancy 0.7%
[35m[MSG][0m itr    34, best 5609.0732, time   49.7, minPhero 0.01(338), stagnancy 1.0%
[35m[MSG][0m itr    35, best 5608.4136, time   51.1, minPhero 0.01(319), stagnancy 0.0%
[35m[MSG][0m itr    36, best 5608.4136, time   52.6, minPhero 0.01(316), stagnancy 0.3%
[35m[MSG][0m itr    37, best 5608.4136, time   54.0, minPhero 0.01(306), stagnancy 0.7%
[35m[MSG][0m itr    38, best 5608.4136, time   55.5, minPhero 0.01(304), stagnancy 1.0%
[35m[MSG][0m itr    39, best 5608.4136, time   57.0, minPhero 0.01(302), stagnancy 1.3%
[35m[MSG][0m itr    40, best 5608.3882, time   58.4, minPhero 0.01(286), stagnancy 0.0%
[35m[MSG][0m itr    41, best 5606.9277, time   59.8, minPhero 0.01(287), stagnancy 0.0%
[35m[MSG][0m itr    42, best 5606.6978, time   61.3, minPhero 0.01(279), stagnancy 0.0%
[35m[MSG][0m itr    43, best 5606.6978, time   62.7, minPhero 0.01(270), stagnancy 0.3%
[35m[MSG][0m itr    44, best 5606.3999, time   64.2, minPhero 0.01(263), stagnancy 0.0%
[35m[MSG][0m itr    45, best 5605.8530, time   65.6, minPhero 0.01(263), stagnancy 0.0%
[35m[MSG][0m itr    46, best 5605.8530, time   67.1, minPhero 0.01(261), stagnancy 0.3%
[35m[MSG][0m itr    47, best 5605.8530, time   68.5, minPhero 0.01(260), stagnancy 0.7%
[35m[MSG][0m itr    48, best 5605.8354, time   70.0, minPhero 0.01(267), stagnancy 0.0%
[35m[MSG][0m itr    49, best 5604.7437, time   71.4, minPhero 0.01(271), stagnancy 0.0%
[35m[MSG][0m itr    50, best 5604.7437, time   72.9, minPhero 0.01(271), stagnancy 0.3%
[35m[MSG][0m itr    51, best 5604.5767, time   74.4, minPhero 0.01(271), stagnancy 0.0%
[35m[MSG][0m itr    52, best 5603.5337, time   75.8, minPhero 0.01(267), stagnancy 0.0%
[35m[MSG][0m itr    53, best 5602.8364, time   77.3, minPhero 0.01(262), stagnancy 0.0%
[35m[MSG][0m itr    54, best 5601.7827, time   78.7, minPhero 0.01(261), stagnancy 0.0%
[35m[MSG][0m itr    55, best 5601.7827, time   80.0, minPhero 0.01(261), stagnancy 0.3%
[35m[MSG][0m itr    56, best 5601.1084, time   81.2, minPhero 0.01(259), stagnancy 0.0%
[35m[MSG][0m itr    57, best 5600.9380, time   82.6, minPhero 0.01(259), stagnancy 0.0%
[35m[MSG][0m itr    58, best 5600.9380, time   84.0, minPhero 0.01(259), stagnancy 0.3%
[35m[MSG][0m itr    59, best 5600.5620, time   85.4, minPhero 0.01(259), stagnancy 0.0%
[35m[MSG][0m itr    60, best 5600.5615, time   86.9, minPhero 0.01(252), stagnancy 0.0%
[35m[MSG][0m itr    61, best 5600.5615, time   88.3, minPhero 0.01(252), stagnancy 0.3%
[35m[MSG][0m itr    62, best 5600.5615, time   89.7, minPhero 0.01(249), stagnancy 0.7%
[35m[MSG][0m itr    63, best 5600.5439, time   91.2, minPhero 0.01(252), stagnancy 0.0%
[35m[MSG][0m itr    64, best 5599.9971, time   92.6, minPhero 0.01(252), stagnancy 0.0%
[35m[MSG][0m itr    65, best 5599.9971, time   94.1, minPhero 0.01(252), stagnancy 0.3%
[35m[MSG][0m itr    66, best 5599.9971, time   95.6, minPhero 0.01(252), stagnancy 0.7%
[35m[MSG][0m itr    67, best 5599.9971, time   97.0, minPhero 0.01(252), stagnancy 1.0%
[35m[MSG][0m itr    68, best 5599.9971, time   98.5, minPhero 0.01(250), stagnancy 1.3%
[35m[MSG][0m itr    69, best 5599.9971, time  100.0, minPhero 0.01(249), stagnancy 1.7%
[35m[MSG][0m itr    70, best 5599.9971, time  101.4, minPhero 0.01(249), stagnancy 2.0%
[35m[MSG][0m itr    71, best 5599.9971, time  102.9, minPhero 0.01(247), stagnancy 2.3%
[35m[MSG][0m itr    72, best 5599.9971, time  104.3, minPhero 0.01(246), stagnancy 2.7%
[35m[MSG][0m itr    73, best 5599.9971, time  105.8, minPhero 0.01(245), stagnancy 3.0%
[35m[MSG][0m itr    74, best 5599.9971, time  107.2, minPhero 0.01(245), stagnancy 3.3%
[35m[MSG][0m itr    75, best 5599.9966, time  108.7, minPhero 0.01(245), stagnancy 0.0%
[35m[MSG][0m itr    76, best 5599.9966, time  110.2, minPhero 0.01(244), stagnancy 0.3%
[35m[MSG][0m itr    77, best 5599.8711, time  111.6, minPhero 0.01(247), stagnancy 0.0%
[35m[MSG][0m itr    78, best 5599.4951, time  113.1, minPhero 0.01(247), stagnancy 0.0%
[35m[MSG][0m itr    79, best 5599.3877, time  114.5, minPhero 0.01(251), stagnancy 0.0%
[35m[MSG][0m itr    80, best 5599.3877, time  116.0, minPhero 0.01(251), stagnancy 0.3%
[35m[MSG][0m itr    81, best 5599.3877, time  117.4, minPhero 0.01(249), stagnancy 0.7%
[35m[MSG][0m itr    82, best 5599.3872, time  118.9, minPhero 0.01(249), stagnancy 0.0%
[35m[MSG][0m itr    83, best 5599.3872, time  120.3, minPhero 0.01(249), stagnancy 0.3%
[35m[MSG][0m itr    84, best 5599.3872, time  121.8, minPhero 0.01(249), stagnancy 0.7%
[35m[MSG][0m itr    85, best 5599.3872, time  123.2, minPhero 0.01(242), stagnancy 1.0%
[35m[MSG][0m itr    86, best 5599.3872, time  124.7, minPhero 0.01(242), stagnancy 1.3%
[35m[MSG][0m itr    87, best 5599.3872, time  126.1, minPhero 0.01(242), stagnancy 1.7%
[35m[MSG][0m itr    88, best 5599.3872, time  127.6, minPhero 0.01(241), stagnancy 2.0%
[35m[MSG][0m itr    89, best 5599.3872, time  129.0, minPhero 0.01(241), stagnancy 2.3%
[35m[MSG][0m itr    90, best 5599.3872, time  130.4, minPhero 0.01(239), stagnancy 2.7%
[35m[MSG][0m itr    91, best 5599.3872, time  131.9, minPhero 0.01(239), stagnancy 3.0%
[35m[MSG][0m itr    92, best 5599.3872, time  133.3, minPhero 0.01(239), stagnancy 3.3%
[35m[MSG][0m itr    93, best 5599.3872, time  134.8, minPhero 0.01(239), stagnancy 3.7%
[35m[MSG][0m itr    94, best 5599.3872, time  136.2, minPhero 0.01(239), stagnancy 4.0%
[35m[MSG][0m itr    95, best 5599.3872, time  137.6, minPhero 0.01(239), stagnancy 4.3%
[35m[MSG][0m itr    96, best 5599.3872, time  139.1, minPhero 0.01(239), stagnancy 4.7%
[35m[MSG][0m itr    97, best 5599.3872, time  140.6, minPhero 0.01(239), stagnancy 5.0%
[35m[MSG][0m itr    98, best 5599.3872, time  142.0, minPhero 0.01(239), stagnancy 5.3%
[35m[MSG][0m itr    99, best 5598.1206, time  143.4, minPhero 0.01(251), stagnancy 0.0%
[35m[MSG][0m itr   100, best 5598.1206, time  144.8, minPhero 0.01(251), stagnancy 0.3%
[35m[MSG][0m itr   101, best 5598.1206, time  146.3, minPhero 0.01(248), stagnancy 0.7%
[35m[MSG][0m itr   102, best 5598.1206, time  147.7, minPhero 0.01(248), stagnancy 1.0%
[35m[MSG][0m itr   103, best 5598.1206, time  149.2, minPhero 0.01(248), stagnancy 1.3%
[35m[MSG][0m itr   104, best 5596.2915, time  150.6, minPhero 0.01(255), stagnancy 0.0%
[35m[MSG][0m itr   105, best 5596.2915, time  152.1, minPhero 0.01(255), stagnancy 0.3%
[35m[MSG][0m itr   106, best 5596.2915, time  153.5, minPhero 0.01(255), stagnancy 0.7%
[35m[MSG][0m itr   107, best 5591.7681, time  155.0, minPhero 0.01(256), stagnancy 0.0%
[35m[MSG][0m itr   108, best 5591.7681, time  156.5, minPhero 0.01(256), stagnancy 0.3%
[35m[MSG][0m itr   109, best 5591.0278, time  157.9, minPhero 0.01(258), stagnancy 0.0%
[35m[MSG][0m itr   110, best 5590.7505, time  159.4, minPhero 0.01(263), stagnancy 0.0%
[35m[MSG][0m itr   111, best 5589.0894, time  160.8, minPhero 0.01(263), stagnancy 0.0%
[35m[MSG][0m itr   112, best 5589.0894, time  162.3, minPhero 0.01(263), stagnancy 0.3%
[35m[MSG][0m itr   113, best 5588.7915, time  163.7, minPhero 0.01(263), stagnancy 0.0%
[35m[MSG][0m itr   114, best 5588.7915, time  165.2, minPhero 0.01(263), stagnancy 0.3%
[35m[MSG][0m itr   115, best 5588.7915, time  166.6, minPhero 0.01(263), stagnancy 0.7%
[35m[MSG][0m itr   116, best 5588.7915, time  168.1, minPhero 0.01(263), stagnancy 1.0%
[35m[MSG][0m itr   117, best 5588.7915, time  169.6, minPhero 0.01(263), stagnancy 1.3%
[35m[MSG][0m itr   118, best 5588.7915, time  171.0, minPhero 0.01(263), stagnancy 1.7%
[35m[MSG][0m itr   119, best 5588.7915, time  172.5, minPhero 0.01(263), stagnancy 2.0%
[35m[MSG][0m itr   120, best 5588.7915, time  173.9, minPhero 0.01(263), stagnancy 2.3%
[35m[MSG][0m itr   121, best 5587.4585, time  175.4, minPhero 0.01(261), stagnancy 0.0%
[35m[MSG][0m itr   122, best 5585.0679, time  176.8, minPhero 0.01(257), stagnancy 0.0%
[35m[MSG][0m itr   123, best 5584.7700, time  178.3, minPhero 0.01(254), stagnancy 0.0%
[35m[MSG][0m itr   124, best 5584.7690, time  179.7, minPhero 0.01(254), stagnancy 0.0%
[35m[MSG][0m itr   125, best 5584.7690, time  181.2, minPhero 0.01(254), stagnancy 0.3%
[35m[MSG][0m itr   126, best 5584.7690, time  182.6, minPhero 0.01(251), stagnancy 0.7%
[35m[MSG][0m itr   127, best 5584.7690, time  184.1, minPhero 0.01(250), stagnancy 1.0%
[35m[MSG][0m itr   128, best 5584.2085, time  185.5, minPhero 0.01(253), stagnancy 0.0%
[35m[MSG][0m itr   129, best 5584.2085, time  187.0, minPhero 0.01(253), stagnancy 0.3%
[35m[MSG][0m itr   130, best 5584.2085, time  188.5, minPhero 0.01(251), stagnancy 0.7%
[35m[MSG][0m itr   131, best 5584.2085, time  189.8, minPhero 0.01(249), stagnancy 1.0%
[35m[MSG][0m itr   132, best 5584.2085, time  191.2, minPhero 0.01(249), stagnancy 1.3%
[35m[MSG][0m itr   133, best 5584.2085, time  192.7, minPhero 0.01(246), stagnancy 1.7%
[35m[MSG][0m itr   134, best 5584.2085, time  194.1, minPhero 0.01(246), stagnancy 2.0%
[35m[MSG][0m itr   135, best 5584.2085, time  195.6, minPhero 0.01(246), stagnancy 2.3%
[35m[MSG][0m itr   136, best 5584.2085, time  197.1, minPhero 0.01(245), stagnancy 2.7%
[35m[MSG][0m itr   137, best 5584.2085, time  198.5, minPhero 0.01(245), stagnancy 3.0%
[35m[MSG][0m itr   138, best 5584.2085, time  200.0, minPhero 0.01(245), stagnancy 3.3%
[35m[MSG][0m itr   139, best 5584.2085, time  201.4, minPhero 0.01(244), stagnancy 3.7%
[35m[MSG][0m itr   140, best 5584.2080, time  202.9, minPhero 0.01(244), stagnancy 0.0%
[35m[MSG][0m itr   141, best 5584.2080, time  204.3, minPhero 0.01(244), stagnancy 0.3%
[35m[MSG][0m itr   142, best 5584.2080, time  205.8, minPhero 0.01(241), stagnancy 0.7%
[35m[MSG][0m itr   143, best 5584.2080, time  207.2, minPhero 0.01(235), stagnancy 1.0%
[35m[MSG][0m itr   144, best 5584.2080, time  208.7, minPhero 0.01(235), stagnancy 1.3%
[35m[MSG][0m itr   145, best 5584.2080, time  210.1, minPhero 0.01(235), stagnancy 1.7%
[35m[MSG][0m itr   146, best 5584.2080, time  211.6, minPhero 0.01(235), stagnancy 2.0%
[35m[MSG][0m itr   147, best 5584.2080, time  213.0, minPhero 0.01(235), stagnancy 2.3%
[35m[MSG][0m itr   148, best 5584.2080, time  214.5, minPhero 0.01(235), stagnancy 2.7%
[35m[MSG][0m itr   149, best 5584.2080, time  216.0, minPhero 0.01(235), stagnancy 3.0%
[35m[MSG][0m itr   150, best 5584.2080, time  217.3, minPhero 0.01(232), stagnancy 3.3%
[35m[MSG][0m itr   151, best 5584.2080, time  218.6, minPhero 0.01(232), stagnancy 3.7%
[35m[MSG][0m itr   152, best 5584.2080, time  220.0, minPhero 0.01(232), stagnancy 4.0%
[35m[MSG][0m itr   153, best 5584.2080, time  221.4, minPhero 0.01(232), stagnancy 4.3%
[35m[MSG][0m itr   154, best 5584.2080, time  222.8, minPhero 0.01(232), stagnancy 4.7%
[35m[MSG][0m itr   155, best 5584.2080, time  224.3, minPhero 0.01(232), stagnancy 5.0%
[35m[MSG][0m itr   156, best 5584.2080, time  225.7, minPhero 0.01(232), stagnancy 5.3%
[35m[MSG][0m itr   157, best 5584.2080, time  227.1, minPhero 0.01(232), stagnancy 5.7%
[35m[MSG][0m itr   158, best 5584.2080, time  228.6, minPhero 0.01(232), stagnancy 6.0%
[35m[MSG][0m itr   159, best 5584.2080, time  230.0, minPhero 0.01(232), stagnancy 6.3%
[35m[MSG][0m itr   160, best 5584.2080, time  231.4, minPhero 0.01(232), stagnancy 6.7%
[35m[MSG][0m itr   161, best 5582.4761, time  232.9, minPhero 0.01(242), stagnancy 0.0%
[35m[MSG][0m itr   162, best 5582.4761, time  234.3, minPhero 0.01(242), stagnancy 0.3%
[35m[MSG][0m itr   163, best 5579.0259, time  235.7, minPhero 0.01(245), stagnancy 0.0%
[35m[MSG][0m itr   164, best 5578.2241, time  237.2, minPhero 0.01(247), stagnancy 0.0%
[35m[MSG][0m itr   165, best 5578.2241, time  238.7, minPhero 0.01(247), stagnancy 0.3%
[35m[MSG][0m itr   166, best 5578.2241, time  240.1, minPhero 0.01(247), stagnancy 0.7%
[35m[MSG][0m itr   167, best 5578.1440, time  241.6, minPhero 0.01(250), stagnancy 0.0%
[35m[MSG][0m itr   168, best 5578.1440, time  243.0, minPhero 0.01(250), stagnancy 0.3%
[35m[MSG][0m itr   169, best 5578.1440, time  244.4, minPhero 0.01(250), stagnancy 0.7%
[35m[MSG][0m itr   170, best 5578.1440, time  245.9, minPhero 0.01(250), stagnancy 1.0%
[35m[MSG][0m itr   171, best 5578.1440, time  247.3, minPhero 0.01(250), stagnancy 1.3%
[35m[MSG][0m itr   172, best 5578.1440, time  248.8, minPhero 0.01(250), stagnancy 1.7%
[35m[MSG][0m itr   173, best 5578.1440, time  250.2, minPhero 0.01(250), stagnancy 2.0%
[35m[MSG][0m itr   174, best 5578.1431, time  251.7, minPhero 0.01(250), stagnancy 0.0%
[35m[MSG][0m itr   175, best 5578.1431, time  253.2, minPhero 0.01(247), stagnancy 0.3%
[35m[MSG][0m itr   176, best 5578.1431, time  254.6, minPhero 0.01(247), stagnancy 0.7%
[35m[MSG][0m itr   177, best 5578.1431, time  256.1, minPhero 0.01(247), stagnancy 1.0%
[35m[MSG][0m itr   178, best 5578.1431, time  257.6, minPhero 0.01(246), stagnancy 1.3%
[35m[MSG][0m itr   179, best 5578.1431, time  259.1, minPhero 0.01(246), stagnancy 1.7%
[35m[MSG][0m itr   180, best 5578.1431, time  260.5, minPhero 0.01(245), stagnancy 2.0%
[35m[MSG][0m itr   181, best 5578.1431, time  262.0, minPhero 0.01(245), stagnancy 2.3%
[35m[MSG][0m itr   182, best 5578.1431, time  263.4, minPhero 0.01(245), stagnancy 2.7%
[35m[MSG][0m itr   183, best 5578.1431, time  264.9, minPhero 0.01(235), stagnancy 3.0%
[35m[MSG][0m itr   184, best 5578.1431, time  266.3, minPhero 0.01(235), stagnancy 3.3%
[35m[MSG][0m itr   185, best 5578.1431, time  267.8, minPhero 0.01(235), stagnancy 3.7%
[35m[MSG][0m itr   186, best 5578.1431, time  269.2, minPhero 0.01(234), stagnancy 4.0%
[35m[MSG][0m itr   187, best 5578.1431, time  270.6, minPhero 0.01(234), stagnancy 4.3%
[35m[MSG][0m itr   188, best 5578.1431, time  272.1, minPhero 0.01(234), stagnancy 4.7%
[35m[MSG][0m itr   189, best 5578.1431, time  273.6, minPhero 0.01(232), stagnancy 5.0%
[35m[MSG][0m itr   190, best 5578.1431, time  275.0, minPhero 0.01(232), stagnancy 5.3%
[35m[MSG][0m itr   191, best 5578.1431, time  276.5, minPhero 0.01(232), stagnancy 5.7%
[35m[MSG][0m itr   192, best 5578.1431, time  277.9, minPhero 0.01(232), stagnancy 6.0%
[35m[MSG][0m itr   193, best 5578.1431, time  279.4, minPhero 0.01(232), stagnancy 6.3%
[35m[MSG][0m itr   194, best 5578.1431, time  280.8, minPhero 0.01(232), stagnancy 6.7%
[35m[MSG][0m itr   195, best 5578.1431, time  282.3, minPhero 0.01(232), stagnancy 7.0%
[35m[MSG][0m itr   196, best 5578.1431, time  283.7, minPhero 0.01(232), stagnancy 7.3%
[35m[MSG][0m itr   197, best 5578.1431, time  285.1, minPhero 0.01(232), stagnancy 7.7%
[35m[MSG][0m itr   198, best 5578.1431, time  286.6, minPhero 0.01(232), stagnancy 8.0%
[35m[MSG][0m itr   199, best 5578.1431, time  288.0, minPhero 0.01(232), stagnancy 8.3%
[35m[MSG][0m itr   200, best 5578.1431, time  289.4, minPhero 0.01(232), stagnancy 8.7%
[35m[MSG][0m itr   201, best 5578.1431, time  290.9, minPhero 0.01(232), stagnancy 9.0%
[35m[MSG][0m itr   202, best 5578.1431, time  292.3, minPhero 0.01(232), stagnancy 9.3%
[35m[MSG][0m itr   203, best 5578.1431, time  293.7, minPhero 0.01(232), stagnancy 9.7%
[35m[MSG][0m itr   204, best 5578.1431, time  295.2, minPhero 0.01(232), stagnancy 10.0%
[35m[MSG][0m itr   205, best 5578.1431, time  296.7, minPhero 0.01(232), stagnancy 10.3%
[35m[MSG][0m itr   206, best 5578.1431, time  298.0, minPhero 0.01(232), stagnancy 10.7%
[35m[MSG][0m itr   207, best 5577.9878, time  299.5, minPhero 0.01(236), stagnancy 0.0%
[35m[MSG][0m itr   208, best 5577.9878, time  300.9, minPhero 0.01(236), stagnancy 0.3%
[35m[MSG][0m itr   209, best 5577.9878, time  302.3, minPhero 0.01(236), stagnancy 0.7%
[35m[MSG][0m itr   210, best 5577.9878, time  303.8, minPhero 0.01(236), stagnancy 1.0%
[35m[MSG][0m itr   211, best 5577.9873, time  305.2, minPhero 0.01(236), stagnancy 0.0%
[35m[MSG][0m itr   212, best 5577.9873, time  306.6, minPhero 0.01(236), stagnancy 0.3%
[35m[MSG][0m itr   213, best 5577.9873, time  308.1, minPhero 0.01(236), stagnancy 0.7%
[35m[MSG][0m itr   214, best 5577.9873, time  309.5, minPhero 0.01(236), stagnancy 1.0%
[35m[MSG][0m itr   215, best 5577.9873, time  311.0, minPhero 0.01(236), stagnancy 1.3%
[35m[MSG][0m itr   216, best 5577.9873, time  312.5, minPhero 0.01(236), stagnancy 1.7%
[35m[MSG][0m itr   217, best 5577.9873, time  313.9, minPhero 0.01(236), stagnancy 2.0%
[35m[MSG][0m itr   218, best 5577.9873, time  315.3, minPhero 0.01(236), stagnancy 2.3%
[35m[MSG][0m itr   219, best 5577.9873, time  316.8, minPhero 0.01(236), stagnancy 2.7%
[35m[MSG][0m itr   220, best 5577.9873, time  318.2, minPhero 0.01(236), stagnancy 3.0%
[35m[MSG][0m itr   221, best 5577.9873, time  319.7, minPhero 0.01(236), stagnancy 3.3%
[35m[MSG][0m itr   222, best 5577.9873, time  321.1, minPhero 0.01(236), stagnancy 3.7%
[35m[MSG][0m itr   223, best 5577.9873, time  322.6, minPhero 0.01(236), stagnancy 4.0%
[35m[MSG][0m itr   224, best 5577.9873, time  324.1, minPhero 0.01(236), stagnancy 4.3%
[35m[MSG][0m itr   225, best 5577.9873, time  325.5, minPhero 0.01(236), stagnancy 4.7%
[35m[MSG][0m itr   226, best 5577.9873, time  327.0, minPhero 0.01(236), stagnancy 5.0%
[35m[MSG][0m itr   227, best 5577.9873, time  328.4, minPhero 0.01(236), stagnancy 5.3%
[35m[MSG][0m itr   228, best 5577.9873, time  329.9, minPhero 0.01(236), stagnancy 5.7%
[35m[MSG][0m itr   229, best 5577.9873, time  331.3, minPhero 0.01(232), stagnancy 6.0%
[35m[MSG][0m itr   230, best 5577.9873, time  332.8, minPhero 0.01(232), stagnancy 6.3%
[35m[MSG][0m itr   231, best 5577.9873, time  334.3, minPhero 0.01(232), stagnancy 6.7%
[35m[MSG][0m itr   232, best 5577.9873, time  335.7, minPhero 0.01(232), stagnancy 7.0%
[35m[MSG][0m itr   233, best 5577.9873, time  337.2, minPhero 0.01(232), stagnancy 7.3%
[35m[MSG][0m itr   234, best 5577.9873, time  338.6, minPhero 0.01(232), stagnancy 7.7%
[35m[MSG][0m itr   235, best 5577.9873, time  340.1, minPhero 0.01(232), stagnancy 8.0%
[35m[MSG][0m itr   236, best 5577.9873, time  341.5, minPhero 0.01(232), stagnancy 8.3%
[35m[MSG][0m itr   237, best 5577.9873, time  343.0, minPhero 0.01(232), stagnancy 8.7%
[35m[MSG][0m itr   238, best 5577.9873, time  344.4, minPhero 0.01(232), stagnancy 9.0%
[35m[MSG][0m itr   239, best 5577.9873, time  345.9, minPhero 0.01(232), stagnancy 9.3%
[35m[MSG][0m itr   240, best 5577.9873, time  347.3, minPhero 0.01(232), stagnancy 9.7%
[35m[MSG][0m itr   241, best 5577.9873, time  348.8, minPhero 0.01(232), stagnancy 10.0%
[35m[MSG][0m itr   242, best 5577.9873, time  350.2, minPhero 0.01(232), stagnancy 10.3%
[35m[MSG][0m itr   243, best 5577.9873, time  351.7, minPhero 0.01(232), stagnancy 10.7%
[35m[MSG][0m itr   244, best 5577.9873, time  353.1, minPhero 0.01(232), stagnancy 11.0%
[35m[MSG][0m itr   245, best 5577.9873, time  354.6, minPhero 0.01(232), stagnancy 11.3%
[35m[MSG][0m itr   246, best 5577.9873, time  356.0, minPhero 0.01(232), stagnancy 11.7%
[35m[MSG][0m itr   247, best 5577.9873, time  357.5, minPhero 0.01(232), stagnancy 12.0%
[35m[MSG][0m itr   248, best 5577.9873, time  358.9, minPhero 0.01(232), stagnancy 12.3%
[35m[MSG][0m itr   249, best 5577.9873, time  360.4, minPhero 0.01(232), stagnancy 12.7%
[35m[MSG][0m itr   250, best 5577.9873, time  361.9, minPhero 0.01(232), stagnancy 13.0%
[35m[MSG][0m itr   251, best 5577.9873, time  363.3, minPhero 0.01(232), stagnancy 13.3%
[35m[MSG][0m itr   252, best 5577.9873, time  364.8, minPhero 0.01(232), stagnancy 13.7%
[35m[MSG][0m itr   253, best 5577.9873, time  366.1, minPhero 0.01(232), stagnancy 14.0%
[35m[MSG][0m itr   254, best 5577.9873, time  367.4, minPhero 0.01(232), stagnancy 14.3%
[35m[MSG][0m itr   255, best 5577.9873, time  368.8, minPhero 0.01(232), stagnancy 14.7%
[35m[MSG][0m itr   256, best 5577.9873, time  370.3, minPhero 0.01(232), stagnancy 15.0%
[35m[MSG][0m itr   257, best 5577.9873, time  371.7, minPhero 0.01(232), stagnancy 15.3%
[35m[MSG][0m itr   258, best 5577.9873, time  373.2, minPhero 0.01(232), stagnancy 15.7%
[35m[MSG][0m itr   259, best 5577.9873, time  374.6, minPhero 0.01(232), stagnancy 16.0%
[35m[MSG][0m itr   260, best 5577.9873, time  376.1, minPhero 0.01(232), stagnancy 16.3%
[35m[MSG][0m itr   261, best 5577.9873, time  377.6, minPhero 0.01(232), stagnancy 16.7%
[35m[MSG][0m itr   262, best 5577.9873, time  379.1, minPhero 0.01(232), stagnancy 17.0%
[35m[MSG][0m itr   263, best 5577.9873, time  380.5, minPhero 0.01(232), stagnancy 17.3%
[35m[MSG][0m itr   264, best 5577.9873, time  382.0, minPhero 0.01(232), stagnancy 17.7%
[35m[MSG][0m itr   265, best 5577.9873, time  383.4, minPhero 0.01(232), stagnancy 18.0%
[35m[MSG][0m itr   266, best 5577.9873, time  384.8, minPhero 0.01(232), stagnancy 18.3%
[35m[MSG][0m itr   267, best 5577.9873, time  386.3, minPhero 0.01(232), stagnancy 18.7%
[35m[MSG][0m itr   268, best 5577.9873, time  387.7, minPhero 0.01(232), stagnancy 19.0%
[35m[MSG][0m itr   269, best 5577.9873, time  389.2, minPhero 0.01(232), stagnancy 19.3%
[35m[MSG][0m itr   270, best 5577.9873, time  390.6, minPhero 0.01(232), stagnancy 19.7%
[35m[MSG][0m itr   271, best 5577.9873, time  392.1, minPhero 0.01(232), stagnancy 20.0%
[35m[MSG][0m itr   272, best 5577.9873, time  393.5, minPhero 0.01(232), stagnancy 20.3%
[35m[MSG][0m itr   273, best 5577.9873, time  395.0, minPhero 0.01(232), stagnancy 20.7%
[35m[MSG][0m itr   274, best 5577.9873, time  396.4, minPhero 0.01(232), stagnancy 21.0%
[35m[MSG][0m itr   275, best 5577.9873, time  397.8, minPhero 0.01(232), stagnancy 21.3%
[35m[MSG][0m itr   276, best 5577.9873, time  399.3, minPhero 0.01(232), stagnancy 21.7%
[35m[MSG][0m itr   277, best 5577.9873, time  400.8, minPhero 0.01(232), stagnancy 22.0%
[35m[MSG][0m itr   278, best 5577.9873, time  402.2, minPhero 0.01(232), stagnancy 22.3%
[35m[MSG][0m itr   279, best 5577.9873, time  403.7, minPhero 0.01(232), stagnancy 22.7%
[35m[MSG][0m itr   280, best 5577.9873, time  405.1, minPhero 0.01(232), stagnancy 23.0%
[35m[MSG][0m itr   281, best 5577.9873, time  406.6, minPhero 0.01(232), stagnancy 23.3%
[35m[MSG][0m itr   282, best 5577.9873, time  408.0, minPhero 0.01(232), stagnancy 23.7%
[35m[MSG][0m itr   283, best 5577.9873, time  409.5, minPhero 0.01(232), stagnancy 24.0%
[35m[MSG][0m itr   284, best 5577.9873, time  410.9, minPhero 0.01(232), stagnancy 24.3%
[35m[MSG][0m itr   285, best 5577.9873, time  412.4, minPhero 0.01(232), stagnancy 24.7%
[35m[MSG][0m itr   286, best 5577.9873, time  413.8, minPhero 0.01(232), stagnancy 25.0%
[35m[MSG][0m itr   287, best 5577.9873, time  415.3, minPhero 0.01(232), stagnancy 25.3%
[35m[MSG][0m itr   288, best 5577.9873, time  416.7, minPhero 0.01(232), stagnancy 25.7%
[35m[MSG][0m itr   289, best 5577.9873, time  418.2, minPhero 0.01(232), stagnancy 26.0%
[35m[MSG][0m itr   290, best 5577.9873, time  419.6, minPhero 0.01(232), stagnancy 26.3%
[35m[MSG][0m itr   291, best 5577.9873, time  421.1, minPhero 0.01(232), stagnancy 26.7%
[35m[MSG][0m itr   292, best 5577.9873, time  422.5, minPhero 0.01(232), stagnancy 27.0%
[35m[MSG][0m itr   293, best 5577.9873, time  423.9, minPhero 0.01(232), stagnancy 27.3%
[35m[MSG][0m itr   294, best 5577.9873, time  425.4, minPhero 0.01(232), stagnancy 27.7%
[35m[MSG][0m itr   295, best 5577.9873, time  426.8, minPhero 0.01(232), stagnancy 28.0%
[35m[MSG][0m itr   296, best 5577.9873, time  428.3, minPhero 0.01(232), stagnancy 28.3%
[35m[MSG][0m itr   297, best 5577.9873, time  429.7, minPhero 0.01(232), stagnancy 28.7%
[35m[MSG][0m itr   298, best 5577.9873, time  431.2, minPhero 0.01(232), stagnancy 29.0%
[35m[MSG][0m itr   299, best 5577.9873, time  432.6, minPhero 0.01(232), stagnancy 29.3%
[35m[MSG][0m itr   300, best 5577.9873, time  434.0, minPhero 0.01(232), stagnancy 29.7%
[35m[MSG][0m itr   301, best 5577.9873, time  435.5, minPhero 0.01(232), stagnancy 30.0%
[35m[MSG][0m itr   302, best 5577.9873, time  437.0, minPhero 0.01(232), stagnancy 30.3%
[35m[MSG][0m itr   303, best 5577.9873, time  438.4, minPhero 0.01(232), stagnancy 30.7%
[35m[MSG][0m itr   304, best 5577.9873, time  439.9, minPhero 0.01(232), stagnancy 31.0%
[35m[MSG][0m itr   305, best 5577.9873, time  441.3, minPhero 0.01(232), stagnancy 31.3%
[35m[MSG][0m itr   306, best 5577.9873, time  442.8, minPhero 0.01(232), stagnancy 31.7%
[35m[MSG][0m itr   307, best 5577.9873, time  444.2, minPhero 0.01(232), stagnancy 32.0%
[35m[MSG][0m itr   308, best 5577.9873, time  445.6, minPhero 0.01(232), stagnancy 32.3%
[35m[MSG][0m itr   309, best 5577.9873, time  447.1, minPhero 0.01(232), stagnancy 32.7%
[35m[MSG][0m itr   310, best 5577.9873, time  448.6, minPhero 0.01(232), stagnancy 33.0%
[35m[MSG][0m itr   311, best 5577.9873, time  450.0, minPhero 0.01(232), stagnancy 33.3%
[35m[MSG][0m itr   312, best 5577.9873, time  451.5, minPhero 0.01(232), stagnancy 33.7%
[35m[MSG][0m itr   313, best 5577.9873, time  452.9, minPhero 0.01(232), stagnancy 34.0%
[35m[MSG][0m itr   314, best 5577.9873, time  454.4, minPhero 0.01(232), stagnancy 34.3%
[35m[MSG][0m itr   315, best 5577.9873, time  455.8, minPhero 0.01(232), stagnancy 34.7%
[35m[MSG][0m itr   316, best 5577.9873, time  457.3, minPhero 0.01(232), stagnancy 35.0%
[35m[MSG][0m itr   317, best 5577.9873, time  458.7, minPhero 0.01(232), stagnancy 35.3%
[35m[MSG][0m itr   318, best 5577.9873, time  460.2, minPhero 0.01(232), stagnancy 35.7%
[35m[MSG][0m itr   319, best 5577.9873, time  461.6, minPhero 0.01(232), stagnancy 36.0%
[35m[MSG][0m itr   320, best 5577.9873, time  463.1, minPhero 0.01(232), stagnancy 36.3%
[35m[MSG][0m itr   321, best 5577.9873, time  464.6, minPhero 0.01(232), stagnancy 36.7%
[35m[MSG][0m itr   322, best 5577.9873, time  466.0, minPhero 0.01(232), stagnancy 37.0%
[35m[MSG][0m itr   323, best 5577.9873, time  467.5, minPhero 0.01(232), stagnancy 37.3%
[35m[MSG][0m itr   324, best 5577.9873, time  468.9, minPhero 0.01(232), stagnancy 37.7%
[35m[MSG][0m itr   325, best 5577.9873, time  470.4, minPhero 0.01(232), stagnancy 38.0%
[35m[MSG][0m itr   326, best 5577.9873, time  471.8, minPhero 0.01(232), stagnancy 38.3%
[35m[MSG][0m itr   327, best 5577.9873, time  473.2, minPhero 0.01(232), stagnancy 38.7%
[35m[MSG][0m itr   328, best 5577.9873, time  474.7, minPhero 0.01(232), stagnancy 39.0%
[35m[MSG][0m itr   329, best 5577.9873, time  476.1, minPhero 0.01(232), stagnancy 39.3%
[35m[MSG][0m itr   330, best 5577.9873, time  477.6, minPhero 0.01(232), stagnancy 39.7%
[35m[MSG][0m itr   331, best 5577.9873, time  479.1, minPhero 0.01(232), stagnancy 40.0%
[35m[MSG][0m itr   332, best 5577.9873, time  480.5, minPhero 0.01(232), stagnancy 40.3%
[35m[MSG][0m itr   333, best 5577.9873, time  482.0, minPhero 0.01(232), stagnancy 40.7%
[35m[MSG][0m itr   334, best 5577.9873, time  483.5, minPhero 0.01(232), stagnancy 41.0%
[35m[MSG][0m itr   335, best 5577.9873, time  484.9, minPhero 0.01(232), stagnancy 41.3%
[35m[MSG][0m itr   336, best 5577.9873, time  486.4, minPhero 0.01(232), stagnancy 41.7%
[35m[MSG][0m itr   337, best 5577.9873, time  487.8, minPhero 0.01(232), stagnancy 42.0%
[35m[MSG][0m itr   338, best 5577.9873, time  489.3, minPhero 0.01(232), stagnancy 42.3%
[35m[MSG][0m itr   339, best 5577.9873, time  490.8, minPhero 0.01(232), stagnancy 42.7%
[35m[MSG][0m itr   340, best 5577.9873, time  492.2, minPhero 0.01(232), stagnancy 43.0%
[35m[MSG][0m itr   341, best 5577.9873, time  493.6, minPhero 0.01(232), stagnancy 43.3%
[35m[MSG][0m itr   342, best 5577.9873, time  495.1, minPhero 0.01(232), stagnancy 43.7%
[35m[MSG][0m itr   343, best 5577.9873, time  496.5, minPhero 0.01(232), stagnancy 44.0%
[35m[MSG][0m itr   344, best 5577.9873, time  497.9, minPhero 0.01(232), stagnancy 44.3%
[35m[MSG][0m itr   345, best 5577.9873, time  499.4, minPhero 0.01(232), stagnancy 44.7%
[35m[MSG][0m itr   346, best 5577.9873, time  500.8, minPhero 0.01(232), stagnancy 45.0%
[35m[MSG][0m itr   347, best 5577.9873, time  502.3, minPhero 0.01(232), stagnancy 45.3%
[35m[MSG][0m itr   348, best 5577.9873, time  503.7, minPhero 0.01(232), stagnancy 45.7%
[35m[MSG][0m itr   349, best 5577.9873, time  505.0, minPhero 0.01(232), stagnancy 46.0%
[35m[MSG][0m itr   350, best 5577.9873, time  506.4, minPhero 0.01(232), stagnancy 46.3%
[35m[MSG][0m itr   351, best 5577.9873, time  507.9, minPhero 0.01(232), stagnancy 46.7%
[35m[MSG][0m itr   352, best 5577.9873, time  509.3, minPhero 0.01(232), stagnancy 47.0%
[35m[MSG][0m itr   353, best 5577.9873, time  510.8, minPhero 0.01(232), stagnancy 47.3%
[35m[MSG][0m itr   354, best 5577.9873, time  512.2, minPhero 0.01(232), stagnancy 47.7%
[35m[MSG][0m itr   355, best 5577.9873, time  513.7, minPhero 0.01(232), stagnancy 48.0%
[35m[MSG][0m itr   356, best 5577.9873, time  515.1, minPhero 0.01(232), stagnancy 48.3%
[35m[MSG][0m itr   357, best 5577.9873, time  516.6, minPhero 0.01(232), stagnancy 48.7%
[35m[MSG][0m itr   358, best 5577.9873, time  518.0, minPhero 0.01(232), stagnancy 49.0%
[35m[MSG][0m itr   359, best 5577.9873, time  519.4, minPhero 0.01(232), stagnancy 49.3%
[35m[MSG][0m itr   360, best 5577.9873, time  520.9, minPhero 0.01(232), stagnancy 49.7%
[35m[MSG][0m itr   361, best 5577.9873, time  522.3, minPhero 0.01(232), stagnancy 50.0%
[35m[MSG][0m itr   362, best 5577.9873, time  523.8, minPhero 0.01(232), stagnancy 50.3%
[35m[MSG][0m itr   363, best 5577.9873, time  525.2, minPhero 0.01(232), stagnancy 50.7%
[35m[MSG][0m itr   364, best 5577.9873, time  526.7, minPhero 0.01(232), stagnancy 51.0%
[35m[MSG][0m itr   365, best 5577.9873, time  528.1, minPhero 0.01(232), stagnancy 51.3%
[35m[MSG][0m itr   366, best 5577.9873, time  529.5, minPhero 0.01(232), stagnancy 51.7%
[35m[MSG][0m itr   367, best 5577.9873, time  531.0, minPhero 0.01(232), stagnancy 52.0%
[35m[MSG][0m itr   368, best 5577.9873, time  532.4, minPhero 0.01(232), stagnancy 52.3%
[35m[MSG][0m itr   369, best 5577.9873, time  533.9, minPhero 0.01(232), stagnancy 52.7%
[35m[MSG][0m itr   370, best 5577.9873, time  535.3, minPhero 0.01(232), stagnancy 53.0%
[35m[MSG][0m itr   371, best 5577.9873, time  536.8, minPhero 0.01(232), stagnancy 53.3%
[35m[MSG][0m itr   372, best 5577.9873, time  538.2, minPhero 0.01(232), stagnancy 53.7%
[35m[MSG][0m itr   373, best 5577.9873, time  539.7, minPhero 0.01(232), stagnancy 54.0%
[35m[MSG][0m itr   374, best 5577.9873, time  541.1, minPhero 0.01(232), stagnancy 54.3%
[35m[MSG][0m itr   375, best 5577.9873, time  542.6, minPhero 0.01(232), stagnancy 54.7%
[35m[MSG][0m itr   376, best 5577.9873, time  544.0, minPhero 0.01(232), stagnancy 55.0%
[35m[MSG][0m itr   377, best 5577.9873, time  545.4, minPhero 0.01(232), stagnancy 55.3%
[35m[MSG][0m itr   378, best 5577.9873, time  546.9, minPhero 0.01(232), stagnancy 55.7%
[35m[MSG][0m itr   379, best 5577.9873, time  548.4, minPhero 0.01(232), stagnancy 56.0%
[35m[MSG][0m itr   380, best 5577.9873, time  549.8, minPhero 0.01(232), stagnancy 56.3%
[35m[MSG][0m itr   381, best 5577.9873, time  551.3, minPhero 0.01(232), stagnancy 56.7%
[35m[MSG][0m itr   382, best 5577.9873, time  552.7, minPhero 0.01(232), stagnancy 57.0%
[35m[MSG][0m itr   383, best 5577.9873, time  554.2, minPhero 0.01(232), stagnancy 57.3%
[35m[MSG][0m itr   384, best 5577.9873, time  555.7, minPhero 0.01(232), stagnancy 57.7%
[35m[MSG][0m itr   385, best 5577.9873, time  557.1, minPhero 0.01(232), stagnancy 58.0%
[35m[MSG][0m itr   386, best 5577.9873, time  558.6, minPhero 0.01(232), stagnancy 58.3%
[35m[MSG][0m itr   387, best 5577.9873, time  560.0, minPhero 0.01(232), stagnancy 58.7%
[35m[MSG][0m itr   388, best 5577.9873, time  561.5, minPhero 0.01(232), stagnancy 59.0%
[35m[MSG][0m itr   389, best 5577.9873, time  562.9, minPhero 0.01(232), stagnancy 59.3%
[35m[MSG][0m itr   390, best 5577.9873, time  564.4, minPhero 0.01(232), stagnancy 59.7%
[35m[MSG][0m itr   391, best 5577.9873, time  565.8, minPhero 0.01(232), stagnancy 60.0%
[35m[MSG][0m itr   392, best 5577.9873, time  567.3, minPhero 0.01(232), stagnancy 60.3%
[35m[MSG][0m itr   393, best 5577.9873, time  568.7, minPhero 0.01(232), stagnancy 60.7%
[35m[MSG][0m itr   394, best 5577.9873, time  570.2, minPhero 0.01(232), stagnancy 61.0%
[35m[MSG][0m itr   395, best 5577.9873, time  571.6, minPhero 0.01(232), stagnancy 61.3%
[35m[MSG][0m itr   396, best 5577.9873, time  573.1, minPhero 0.01(232), stagnancy 61.7%
[35m[MSG][0m itr   397, best 5577.9873, time  574.6, minPhero 0.01(232), stagnancy 62.0%
[35m[MSG][0m itr   398, best 5577.9873, time  576.0, minPhero 0.01(232), stagnancy 62.3%
[35m[MSG][0m itr   399, best 5577.9873, time  577.4, minPhero 0.01(232), stagnancy 62.7%
[35m[MSG][0m itr   400, best 5577.9873, time  578.9, minPhero 0.01(232), stagnancy 63.0%
[35m[MSG][0m itr   401, best 5577.9873, time  580.3, minPhero 0.01(232), stagnancy 63.3%
[35m[MSG][0m itr   402, best 5577.9873, time  581.8, minPhero 0.01(232), stagnancy 63.7%
[35m[MSG][0m itr   403, best 5577.9873, time  583.2, minPhero 0.01(232), stagnancy 64.0%
[35m[MSG][0m itr   404, best 5577.9873, time  584.6, minPhero 0.01(232), stagnancy 64.3%
[35m[MSG][0m itr   405, best 5577.9873, time  586.1, minPhero 0.01(232), stagnancy 64.7%
[35m[MSG][0m itr   406, best 5577.9873, time  587.5, minPhero 0.01(232), stagnancy 65.0%
[35m[MSG][0m itr   407, best 5577.9873, time  589.0, minPhero 0.01(232), stagnancy 65.3%
[35m[MSG][0m itr   408, best 5577.9873, time  590.4, minPhero 0.01(232), stagnancy 65.7%
[35m[MSG][0m itr   409, best 5577.9873, time  591.9, minPhero 0.01(232), stagnancy 66.0%
[35m[MSG][0m itr   410, best 5577.9873, time  593.3, minPhero 0.01(232), stagnancy 66.3%
[35m[MSG][0m itr   411, best 5577.9873, time  594.8, minPhero 0.01(232), stagnancy 66.7%
[35m[MSG][0m itr   412, best 5577.9873, time  596.2, minPhero 0.01(232), stagnancy 67.0%
[35m[MSG][0m itr   413, best 5577.9873, time  597.6, minPhero 0.01(232), stagnancy 67.3%
[35m[MSG][0m itr   414, best 5577.9873, time  599.1, minPhero 0.01(232), stagnancy 67.7%
[35m[MSG][0m itr   415, best 5577.9873, time  600.5, minPhero 0.01(232), stagnancy 68.0%
[35m[MSG][0m itr   416, best 5577.9873, time  602.0, minPhero 0.01(232), stagnancy 68.3%
[35m[MSG][0m itr   417, best 5577.9873, time  603.3, minPhero 0.01(232), stagnancy 68.7%
[35m[MSG][0m itr   418, best 5577.9873, time  604.8, minPhero 0.01(232), stagnancy 69.0%
[35m[MSG][0m itr   419, best 5577.9873, time  606.2, minPhero 0.01(232), stagnancy 69.3%
[35m[MSG][0m itr   420, best 5577.9873, time  607.7, minPhero 0.01(232), stagnancy 69.7%
[35m[MSG][0m itr   421, best 5577.9873, time  609.1, minPhero 0.01(232), stagnancy 70.0%
[35m[MSG][0m itr   422, best 5577.9873, time  610.6, minPhero 0.01(232), stagnancy 70.3%
[35m[MSG][0m itr   423, best 5577.9873, time  612.0, minPhero 0.01(232), stagnancy 70.7%
[35m[MSG][0m itr   424, best 5577.9873, time  613.5, minPhero 0.01(232), stagnancy 71.0%
[35m[MSG][0m itr   425, best 5577.9873, time  614.9, minPhero 0.01(232), stagnancy 71.3%
[35m[MSG][0m itr   426, best 5577.9873, time  616.3, minPhero 0.01(232), stagnancy 71.7%
[35m[MSG][0m itr   427, best 5577.9873, time  617.8, minPhero 0.01(232), stagnancy 72.0%
[35m[MSG][0m itr   428, best 5577.9873, time  619.3, minPhero 0.01(232), stagnancy 72.3%
[35m[MSG][0m itr   429, best 5577.9873, time  620.8, minPhero 0.01(232), stagnancy 72.7%
[35m[MSG][0m itr   430, best 5577.9873, time  622.2, minPhero 0.01(232), stagnancy 73.0%
[35m[MSG][0m itr   431, best 5577.9873, time  623.7, minPhero 0.01(232), stagnancy 73.3%
[35m[MSG][0m itr   432, best 5577.9873, time  625.1, minPhero 0.01(232), stagnancy 73.7%
[35m[MSG][0m itr   433, best 5577.9873, time  626.6, minPhero 0.01(232), stagnancy 74.0%
[35m[MSG][0m itr   434, best 5577.9873, time  628.0, minPhero 0.01(232), stagnancy 74.3%
[35m[MSG][0m itr   435, best 5577.9873, time  629.5, minPhero 0.01(232), stagnancy 74.7%
[35m[MSG][0m itr   436, best 5577.9873, time  630.8, minPhero 0.01(232), stagnancy 75.0%
[35m[MSG][0m itr   437, best 5577.9873, time  632.3, minPhero 0.01(232), stagnancy 75.3%
[35m[MSG][0m itr   438, best 5577.9873, time  633.7, minPhero 0.01(232), stagnancy 75.7%
[35m[MSG][0m itr   439, best 5577.9873, time  635.0, minPhero 0.01(232), stagnancy 76.0%
[35m[MSG][0m itr   440, best 5577.9873, time  636.3, minPhero 0.01(232), stagnancy 76.3%
[35m[MSG][0m itr   441, best 5577.9873, time  637.7, minPhero 0.01(232), stagnancy 76.7%
[35m[MSG][0m itr   442, best 5577.9873, time  639.0, minPhero 0.01(232), stagnancy 77.0%
[35m[MSG][0m itr   443, best 5577.9873, time  640.5, minPhero 0.01(232), stagnancy 77.3%
[35m[MSG][0m itr   444, best 5577.9873, time  641.8, minPhero 0.01(232), stagnancy 77.7%
[35m[MSG][0m itr   445, best 5577.9873, time  643.2, minPhero 0.01(232), stagnancy 78.0%
[35m[MSG][0m itr   446, best 5577.9873, time  644.5, minPhero 0.01(232), stagnancy 78.3%
[35m[MSG][0m itr   447, best 5577.9873, time  645.9, minPhero 0.01(232), stagnancy 78.7%
[35m[MSG][0m itr   448, best 5577.9873, time  647.2, minPhero 0.01(232), stagnancy 79.0%
[35m[MSG][0m itr   449, best 5577.9873, time  648.7, minPhero 0.01(232), stagnancy 79.3%
[35m[MSG][0m itr   450, best 5577.9873, time  650.1, minPhero 0.01(232), stagnancy 79.7%
[35m[MSG][0m itr   451, best 5577.9873, time  651.5, minPhero 0.01(232), stagnancy 80.0%
[35m[MSG][0m itr   452, best 5577.9873, time  652.9, minPhero 0.01(232), stagnancy 80.3%
[35m[MSG][0m itr   453, best 5577.9873, time  654.2, minPhero 0.01(232), stagnancy 80.7%
[35m[MSG][0m itr   454, best 5577.9873, time  655.7, minPhero 0.01(232), stagnancy 81.0%
[35m[MSG][0m itr   455, best 5577.9873, time  657.1, minPhero 0.01(232), stagnancy 81.3%
[35m[MSG][0m itr   456, best 5577.9873, time  658.5, minPhero 0.01(232), stagnancy 81.7%
[35m[MSG][0m itr   457, best 5577.9873, time  660.0, minPhero 0.01(232), stagnancy 82.0%
[35m[MSG][0m itr   458, best 5577.9873, time  661.4, minPhero 0.01(232), stagnancy 82.3%
[35m[MSG][0m itr   459, best 5577.9873, time  662.9, minPhero 0.01(232), stagnancy 82.7%
[35m[MSG][0m itr   460, best 5577.9873, time  664.3, minPhero 0.01(232), stagnancy 83.0%
[35m[MSG][0m itr   461, best 5577.9873, time  665.8, minPhero 0.01(232), stagnancy 83.3%
[35m[MSG][0m itr   462, best 5577.9873, time  667.2, minPhero 0.01(232), stagnancy 83.7%
[35m[MSG][0m itr   463, best 5577.9873, time  668.7, minPhero 0.01(232), stagnancy 84.0%
[35m[MSG][0m itr   464, best 5577.9873, time  670.1, minPhero 0.01(232), stagnancy 84.3%
[35m[MSG][0m itr   465, best 5577.9873, time  671.6, minPhero 0.01(232), stagnancy 84.7%
[35m[MSG][0m itr   466, best 5577.9873, time  673.1, minPhero 0.01(232), stagnancy 85.0%
[35m[MSG][0m itr   467, best 5577.9873, time  674.5, minPhero 0.01(232), stagnancy 85.3%
[35m[MSG][0m itr   468, best 5577.9873, time  676.0, minPhero 0.01(232), stagnancy 85.7%
[35m[MSG][0m itr   469, best 5577.9873, time  677.4, minPhero 0.01(232), stagnancy 86.0%
[35m[MSG][0m itr   470, best 5577.9873, time  678.9, minPhero 0.01(232), stagnancy 86.3%
[35m[MSG][0m itr   471, best 5577.9873, time  680.3, minPhero 0.01(232), stagnancy 86.7%
[35m[MSG][0m itr   472, best 5577.9873, time  681.8, minPhero 0.01(232), stagnancy 87.0%
[35m[MSG][0m itr   473, best 5577.9873, time  683.3, minPhero 0.01(232), stagnancy 87.3%
[35m[MSG][0m itr   474, best 5577.9873, time  684.7, minPhero 0.01(232), stagnancy 87.7%
[35m[MSG][0m itr   475, best 5577.9873, time  686.2, minPhero 0.01(232), stagnancy 88.0%
[35m[MSG][0m itr   476, best 5577.9873, time  687.6, minPhero 0.01(232), stagnancy 88.3%
[35m[MSG][0m itr   477, best 5577.9873, time  689.1, minPhero 0.01(232), stagnancy 88.7%
[35m[MSG][0m itr   478, best 5577.9873, time  690.5, minPhero 0.01(232), stagnancy 89.0%
[35m[MSG][0m itr   479, best 5577.9873, time  692.0, minPhero 0.01(232), stagnancy 89.3%
[35m[MSG][0m itr   480, best 5577.9873, time  693.4, minPhero 0.01(232), stagnancy 89.7%
[35m[MSG][0m itr   481, best 5577.9873, time  694.8, minPhero 0.01(232), stagnancy 90.0%
[35m[MSG][0m itr   482, best 5577.9873, time  696.3, minPhero 0.01(232), stagnancy 90.3%
[35m[MSG][0m itr   483, best 5577.9873, time  697.7, minPhero 0.01(232), stagnancy 90.7%
[35m[MSG][0m itr   484, best 5577.9873, time  699.2, minPhero 0.01(232), stagnancy 91.0%
[35m[MSG][0m itr   485, best 5577.9873, time  700.6, minPhero 0.01(232), stagnancy 91.3%
[35m[MSG][0m itr   486, best 5577.9873, time  702.1, minPhero 0.01(232), stagnancy 91.7%
[35m[MSG][0m itr   487, best 5577.9873, time  703.5, minPhero 0.01(232), stagnancy 92.0%
[35m[MSG][0m itr   488, best 5577.9873, time  705.0, minPhero 0.01(232), stagnancy 92.3%
[35m[MSG][0m itr   489, best 5577.9873, time  706.4, minPhero 0.01(232), stagnancy 92.7%
[35m[MSG][0m itr   490, best 5577.9873, time  707.9, minPhero 0.01(232), stagnancy 93.0%
[35m[MSG][0m itr   491, best 5577.9873, time  709.3, minPhero 0.01(232), stagnancy 93.3%
[35m[MSG][0m itr   492, best 5577.9873, time  710.8, minPhero 0.01(232), stagnancy 93.7%
[35m[MSG][0m itr   493, best 5577.9873, time  712.2, minPhero 0.01(232), stagnancy 94.0%
[35m[MSG][0m itr   494, best 5577.9873, time  713.7, minPhero 0.01(232), stagnancy 94.3%
[35m[MSG][0m itr   495, best 5577.9873, time  715.1, minPhero 0.01(232), stagnancy 94.7%
[35m[MSG][0m itr   496, best 5577.9873, time  716.5, minPhero 0.01(232), stagnancy 95.0%
[35m[MSG][0m itr   497, best 5577.9873, time  718.0, minPhero 0.01(232), stagnancy 95.3%
[35m[MSG][0m itr   498, best 5577.9873, time  719.4, minPhero 0.01(232), stagnancy 95.7%
[35m[MSG][0m itr   499, best 5577.9873, time  720.9, minPhero 0.01(232), stagnancy 96.0%
[35m[MSG][0m itr   500, best 5577.9873, time  722.3, minPhero 0.01(232), stagnancy 96.3%
[35m[MSG][0m itr   501, best 5577.9873, time  723.7, minPhero 0.01(232), stagnancy 96.7%
[35m[MSG][0m itr   502, best 5577.9873, time  725.2, minPhero 0.01(232), stagnancy 97.0%
[35m[MSG][0m itr   503, best 5577.9873, time  726.6, minPhero 0.01(232), stagnancy 97.3%
[35m[MSG][0m itr   504, best 5577.9873, time  728.1, minPhero 0.01(232), stagnancy 97.7%
[35m[MSG][0m itr   505, best 5577.9873, time  729.5, minPhero 0.01(232), stagnancy 98.0%
[35m[MSG][0m itr   506, best 5577.9873, time  731.0, minPhero 0.01(232), stagnancy 98.3%
[35m[MSG][0m itr   507, best 5577.9873, time  732.5, minPhero 0.01(232), stagnancy 98.7%
[35m[MSG][0m itr   508, best 5577.9873, time  733.9, minPhero 0.01(232), stagnancy 99.0%
[35m[MSG][0m itr   509, best 5577.9873, time  735.4, minPhero 0.01(232), stagnancy 99.3%
[35m[MSG][0m itr   510, best 5577.9873, time  736.8, minPhero 0.01(232), stagnancy 99.7%
[35m[MSG][0m itr   511, best 5577.9873, time  738.2, minPhero 0.01(232), stagnancy 100.0%
[35m[MSG][0m Solution converged. Reinitialising pheromones...
[35m[MSG][0m Time: 738.23 s
[35m[MSG][0m Best cost: 5577.99
