[35m[MSG][0m Log level set to LOG_DEBUG
[35m[MSG][0m Parsing input from file "res/fruitybun250_2016.vrp"
[35m[MSG][0m Number of nodes: 250
[35m[MSG][0m Running ACO search
[35m[MSG][0m ACO settings: 
 alpha:     8.000
 beta:      1.000
 pers:      0.850
 minPhero:  0.015
 nbhood:    10
 popSize:   512
 maxStag:   300
[35m[MSG][0m itr     1, best 5785.8784, time    1.3, minPhero 0.85(28922), stagnancy 0.0%
[35m[MSG][0m itr     2, best 5768.8882, time    2.7, minPhero 0.72(28922), stagnancy 0.0%
[35m[MSG][0m itr     3, best 5742.3330, time    4.2, minPhero 0.61(28922), stagnancy 0.0%
[35m[MSG][0m itr     4, best 5729.3379, time    5.7, minPhero 0.52(28922), stagnancy 0.0%
[35m[MSG][0m itr     5, best 5699.8906, time    7.3, minPhero 0.44(28922), stagnancy 0.0%
[35m[MSG][0m itr     6, best 5699.8906, time    8.8, minPhero 0.38(28922), stagnancy 0.3%
[35m[MSG][0m itr     7, best 5699.8906, time   10.3, minPhero 0.32(28922), stagnancy 0.7%
[35m[MSG][0m itr     8, best 5699.8906, time   11.8, minPhero 0.27(28922), stagnancy 1.0%
[35m[MSG][0m itr     9, best 5699.8906, time   13.3, minPhero 0.23(28922), stagnancy 1.3%
[35m[MSG][0m itr    10, best 5694.6494, time   14.8, minPhero 0.20(28922), stagnancy 0.0%
[35m[MSG][0m itr    11, best 5681.5684, time   16.3, minPhero 0.17(28922), stagnancy 0.0%
[35m[MSG][0m itr    12, best 5681.5684, time   17.8, minPhero 0.14(28922), stagnancy 0.3%
[35m[MSG][0m itr    13, best 5667.0913, time   19.2, minPhero 0.12(28922), stagnancy 0.0%
[35m[MSG][0m itr    14, best 5667.0913, time   20.7, minPhero 0.10(28922), stagnancy 0.3%
[35m[MSG][0m itr    15, best 5667.0913, time   22.2, minPhero 0.09(28922), stagnancy 0.7%
[35m[MSG][0m itr    16, best 5667.0913, time   23.6, minPhero 0.07(28922), stagnancy 1.0%
[35m[MSG][0m itr    17, best 5667.0913, time   25.1, minPhero 0.06(28922), stagnancy 1.3%
[35m[MSG][0m itr    18, best 5667.0913, time   26.6, minPhero 0.05(28922), stagnancy 1.7%
[35m[MSG][0m itr    19, best 5667.0913, time   28.1, minPhero 0.05(28922), stagnancy 2.0%
[35m[MSG][0m itr    20, best 5667.0913, time   29.5, minPhero 0.04(28922), stagnancy 2.3%
[35m[MSG][0m itr    21, best 5667.0913, time   30.9, minPhero 0.03(28922), stagnancy 2.7%
[35m[MSG][0m itr    22, best 5667.0913, time   32.3, minPhero 0.03(28922), stagnancy 3.0%
[35m[MSG][0m itr    23, best 5667.0913, time   33.7, minPhero 0.02(609), stagnancy 3.3%
[35m[MSG][0m itr    24, best 5666.8691, time   35.2, minPhero 0.02(531), stagnancy 0.0%
[35m[MSG][0m itr    25, best 5664.7788, time   36.7, minPhero 0.02(447), stagnancy 0.0%
[35m[MSG][0m itr    26, best 5659.1519, time   38.2, minPhero 0.01(438), stagnancy 0.0%
[35m[MSG][0m itr    27, best 5659.1519, time   39.7, minPhero 0.01(404), stagnancy 0.3%
[35m[MSG][0m itr    28, best 5658.2881, time   41.2, minPhero 0.01(407), stagnancy 0.0%
[35m[MSG][0m itr    29, best 5658.2881, time   42.7, minPhero 0.01(404), stagnancy 0.3%
[35m[MSG][0m itr    30, best 5656.2642, time   44.2, minPhero 0.01(392), stagnancy 0.0%
[35m[MSG][0m itr    31, best 5649.9082, time   45.6, minPhero 0.01(371), stagnancy 0.0%
[35m[MSG][0m itr    32, best 5645.6279, time   47.1, minPhero 0.01(358), stagnancy 0.0%
[35m[MSG][0m itr    33, best 5644.2715, time   48.6, minPhero 0.01(364), stagnancy 0.0%
[35m[MSG][0m itr    34, best 5637.5273, time   50.0, minPhero 0.01(354), stagnancy 0.0%
[35m[MSG][0m itr    35, best 5633.5825, time   51.5, minPhero 0.01(352), stagnancy 0.0%
[35m[MSG][0m itr    36, best 5628.0991, time   52.9, minPhero 0.01(351), stagnancy 0.0%
[35m[MSG][0m itr    37, best 5628.0991, time   54.4, minPhero 0.01(347), stagnancy 0.3%
[35m[MSG][0m itr    38, best 5628.0991, time   55.9, minPhero 0.01(345), stagnancy 0.7%
[35m[MSG][0m itr    39, best 5622.3999, time   57.4, minPhero 0.01(348), stagnancy 0.0%
[35m[MSG][0m itr    40, best 5622.3999, time   58.9, minPhero 0.01(347), stagnancy 0.3%
[35m[MSG][0m itr    41, best 5621.1084, time   60.3, minPhero 0.01(352), stagnancy 0.0%
[35m[MSG][0m itr    42, best 5619.9541, time   61.8, minPhero 0.01(353), stagnancy 0.0%
[35m[MSG][0m itr    43, best 5609.2598, time   63.3, minPhero 0.01(334), stagnancy 0.0%
[35m[MSG][0m itr    44, best 5609.2598, time   64.7, minPhero 0.01(329), stagnancy 0.3%
[35m[MSG][0m itr    45, best 5609.2598, time   66.2, minPhero 0.01(321), stagnancy 0.7%
[35m[MSG][0m itr    46, best 5608.7612, time   67.7, minPhero 0.01(321), stagnancy 0.0%
[35m[MSG][0m itr    47, best 5607.2148, time   69.1, minPhero 0.01(322), stagnancy 0.0%
[35m[MSG][0m itr    48, best 5607.2148, time   70.5, minPhero 0.01(316), stagnancy 0.3%
[35m[MSG][0m itr    49, best 5607.2148, time   71.9, minPhero 0.01(315), stagnancy 0.7%
[35m[MSG][0m itr    50, best 5606.9180, time   73.3, minPhero 0.01(298), stagnancy 0.0%
[35m[MSG][0m itr    51, best 5600.4424, time   74.8, minPhero 0.01(294), stagnancy 0.0%
[35m[MSG][0m itr    52, best 5600.4424, time   76.3, minPhero 0.01(290), stagnancy 0.3%
[35m[MSG][0m itr    53, best 5600.4424, time   77.7, minPhero 0.01(286), stagnancy 0.7%
[35m[MSG][0m itr    54, best 5600.4116, time   79.2, minPhero 0.01(280), stagnancy 0.0%
[35m[MSG][0m itr    55, best 5600.4116, time   80.7, minPhero 0.01(277), stagnancy 0.3%
[35m[MSG][0m itr    56, best 5598.4341, time   82.1, minPhero 0.01(274), stagnancy 0.0%
[35m[MSG][0m Solution converged. Reinitialising pheromones...
[35m[MSG][0m itr    57, best 5598.4341, time   83.5, minPhero 0.85(28922), stagnancy 0.3%
[35m[MSG][0m itr    58, best 5598.4341, time   85.0, minPhero 0.72(28922), stagnancy 0.7%
[35m[MSG][0m itr    59, best 5598.4341, time   86.4, minPhero 0.61(28922), stagnancy 1.0%
[35m[MSG][0m itr    60, best 5598.4341, time   87.9, minPhero 0.52(28922), stagnancy 1.3%
[35m[MSG][0m itr    61, best 5598.4341, time   89.3, minPhero 0.44(28922), stagnancy 1.7%
[35m[MSG][0m itr    62, best 5598.4341, time   90.8, minPhero 0.38(28922), stagnancy 2.0%
[35m[MSG][0m itr    63, best 5598.4341, time   92.2, minPhero 0.32(28922), stagnancy 2.3%
[35m[MSG][0m itr    64, best 5598.4341, time   93.7, minPhero 0.27(28922), stagnancy 2.7%
[35m[MSG][0m itr    65, best 5598.4341, time   95.2, minPhero 0.23(28922), stagnancy 3.0%
[35m[MSG][0m itr    66, best 5598.4341, time   96.6, minPhero 0.20(28922), stagnancy 3.3%
[35m[MSG][0m itr    67, best 5598.4341, time   98.1, minPhero 0.17(28922), stagnancy 3.7%
[35m[MSG][0m itr    68, best 5598.4341, time   99.5, minPhero 0.14(28922), stagnancy 4.0%
[35m[MSG][0m itr    69, best 5598.4341, time  100.9, minPhero 0.12(28922), stagnancy 4.3%
[35m[MSG][0m itr    70, best 5598.4341, time  102.4, minPhero 0.10(28922), stagnancy 4.7%
[35m[MSG][0m itr    71, best 5598.4341, time  103.8, minPhero 0.09(28922), stagnancy 5.0%
[35m[MSG][0m itr    72, best 5598.4341, time  105.3, minPhero 0.07(28922), stagnancy 5.3%
[35m[MSG][0m itr    73, best 5598.4341, time  106.7, minPhero 0.06(28922), stagnancy 5.7%
[35m[MSG][0m itr    74, best 5597.6001, time  108.2, minPhero 0.05(28922), stagnancy 0.0%
[35m[MSG][0m itr    75, best 5597.6001, time  109.7, minPhero 0.05(28922), stagnancy 0.3%
[35m[MSG][0m itr    76, best 5597.6001, time  111.1, minPhero 0.04(28922), stagnancy 0.7%
[35m[MSG][0m itr    77, best 5597.6001, time  112.6, minPhero 0.03(28922), stagnancy 1.0%
[35m[MSG][0m itr    78, best 5597.6001, time  114.1, minPhero 0.03(28922), stagnancy 1.3%
[35m[MSG][0m itr    79, best 5596.7241, time  115.5, minPhero 0.02(242), stagnancy 0.0%
[35m[MSG][0m itr    80, best 5596.7236, time  117.0, minPhero 0.02(242), stagnancy 0.0%
[35m[MSG][0m itr    81, best 5596.4780, time  118.4, minPhero 0.02(243), stagnancy 0.0%
[35m[MSG][0m itr    82, best 5596.4780, time  119.9, minPhero 0.01(243), stagnancy 0.3%
[35m[MSG][0m itr    83, best 5596.3882, time  121.3, minPhero 0.01(246), stagnancy 0.0%
[35m[MSG][0m itr    84, best 5595.5117, time  122.6, minPhero 0.01(246), stagnancy 0.0%
[35m[MSG][0m itr    85, best 5595.5117, time  124.1, minPhero 0.01(246), stagnancy 0.3%
[35m[MSG][0m itr    86, best 5594.1870, time  125.5, minPhero 0.01(253), stagnancy 0.0%
[35m[MSG][0m itr    87, best 5592.7725, time  127.0, minPhero 0.01(256), stagnancy 0.0%
[35m[MSG][0m itr    88, best 5592.1040, time  128.4, minPhero 0.01(256), stagnancy 0.0%
[35m[MSG][0m itr    89, best 5590.8921, time  129.9, minPhero 0.01(256), stagnancy 0.0%
[35m[MSG][0m itr    90, best 5589.5435, time  131.4, minPhero 0.01(264), stagnancy 0.0%
[35m[MSG][0m itr    91, best 5589.5435, time  132.8, minPhero 0.01(264), stagnancy 0.3%
[35m[MSG][0m itr    92, best 5588.8438, time  134.3, minPhero 0.01(264), stagnancy 0.0%
[35m[MSG][0m itr    93, best 5587.4556, time  135.7, minPhero 0.01(264), stagnancy 0.0%
[35m[MSG][0m itr    94, best 5587.4556, time  137.2, minPhero 0.01(264), stagnancy 0.3%
[35m[MSG][0m itr    95, best 5586.2715, time  138.7, minPhero 0.01(270), stagnancy 0.0%
[35m[MSG][0m itr    96, best 5586.2715, time  140.1, minPhero 0.01(270), stagnancy 0.3%
[35m[MSG][0m itr    97, best 5586.2715, time  141.6, minPhero 0.01(270), stagnancy 0.7%
[35m[MSG][0m itr    98, best 5585.3398, time  143.1, minPhero 0.01(269), stagnancy 0.0%
[35m[MSG][0m itr    99, best 5585.3398, time  144.4, minPhero 0.01(269), stagnancy 0.3%
[35m[MSG][0m itr   100, best 5585.3398, time  145.8, minPhero 0.01(269), stagnancy 0.7%
[35m[MSG][0m itr   101, best 5585.0591, time  147.3, minPhero 0.01(267), stagnancy 0.0%
[35m[MSG][0m itr   102, best 5585.0591, time  148.7, minPhero 0.01(267), stagnancy 0.3%
[35m[MSG][0m itr   103, best 5584.6455, time  150.2, minPhero 0.01(269), stagnancy 0.0%
[35m[MSG][0m itr   104, best 5583.4365, time  151.7, minPhero 0.01(271), stagnancy 0.0%
[35m[MSG][0m itr   105, best 5583.4365, time  153.1, minPhero 0.01(271), stagnancy 0.3%
[35m[MSG][0m itr   106, best 5583.4336, time  154.5, minPhero 0.01(270), stagnancy 0.0%
[35m[MSG][0m itr   107, best 5583.1440, time  156.0, minPhero 0.01(265), stagnancy 0.0%
[35m[MSG][0m itr   108, best 5583.1440, time  157.4, minPhero 0.01(258), stagnancy 0.3%
[35m[MSG][0m itr   109, best 5582.2246, time  158.9, minPhero 0.01(254), stagnancy 0.0%
[35m[MSG][0m itr   110, best 5582.2246, time  160.3, minPhero 0.01(253), stagnancy 0.3%
[35m[MSG][0m itr   111, best 5581.9780, time  161.8, minPhero 0.01(254), stagnancy 0.0%
[35m[MSG][0m itr   112, best 5581.9780, time  163.2, minPhero 0.01(249), stagnancy 0.3%
[35m[MSG][0m itr   113, best 5581.9780, time  164.7, minPhero 0.01(249), stagnancy 0.7%
[35m[MSG][0m itr   114, best 5581.9780, time  166.2, minPhero 0.01(249), stagnancy 1.0%
[35m[MSG][0m itr   115, best 5581.9780, time  167.6, minPhero 0.01(249), stagnancy 1.3%
[35m[MSG][0m itr   116, best 5581.9780, time  169.1, minPhero 0.01(247), stagnancy 1.7%
[35m[MSG][0m itr   117, best 5581.9780, time  170.5, minPhero 0.01(243), stagnancy 2.0%
[35m[MSG][0m itr   118, best 5581.9692, time  172.0, minPhero 0.01(244), stagnancy 0.0%
[35m[MSG][0m itr   119, best 5581.9692, time  173.4, minPhero 0.01(244), stagnancy 0.3%
[35m[MSG][0m itr   120, best 5581.9692, time  174.9, minPhero 0.01(244), stagnancy 0.7%
[35m[MSG][0m itr   121, best 5581.9688, time  176.3, minPhero 0.01(244), stagnancy 0.0%
[35m[MSG][0m itr   122, best 5581.9688, time  177.8, minPhero 0.01(244), stagnancy 0.3%
[35m[MSG][0m itr   123, best 5581.9688, time  179.2, minPhero 0.01(244), stagnancy 0.7%
[35m[MSG][0m itr   124, best 5581.9688, time  180.7, minPhero 0.01(244), stagnancy 1.0%
[35m[MSG][0m itr   125, best 5581.9688, time  182.1, minPhero 0.01(236), stagnancy 1.3%
[35m[MSG][0m itr   126, best 5581.9688, time  183.5, minPhero 0.01(236), stagnancy 1.7%
[35m[MSG][0m itr   127, best 5581.9688, time  185.0, minPhero 0.01(236), stagnancy 2.0%
[35m[MSG][0m itr   128, best 5581.5962, time  186.4, minPhero 0.01(241), stagnancy 0.0%
[35m[MSG][0m itr   129, best 5581.5962, time  187.9, minPhero 0.01(240), stagnancy 0.3%
[35m[MSG][0m itr   130, best 5581.5962, time  189.3, minPhero 0.01(239), stagnancy 0.7%
[35m[MSG][0m itr   131, best 5579.8115, time  190.8, minPhero 0.01(240), stagnancy 0.0%
[35m[MSG][0m itr   132, best 5579.8115, time  192.2, minPhero 0.01(240), stagnancy 0.3%
[35m[MSG][0m itr   133, best 5579.8115, time  193.7, minPhero 0.01(239), stagnancy 0.7%
[35m[MSG][0m itr   134, best 5579.8115, time  195.2, minPhero 0.01(239), stagnancy 1.0%
[35m[MSG][0m itr   135, best 5579.8115, time  196.6, minPhero 0.01(239), stagnancy 1.3%
[35m[MSG][0m itr   136, best 5579.8115, time  198.1, minPhero 0.01(239), stagnancy 1.7%
[35m[MSG][0m itr   137, best 5579.6235, time  199.5, minPhero 0.01(243), stagnancy 0.0%
[35m[MSG][0m itr   138, best 5579.2119, time  201.0, minPhero 0.01(243), stagnancy 0.0%
[35m[MSG][0m itr   139, best 5579.2119, time  202.4, minPhero 0.01(243), stagnancy 0.3%
[35m[MSG][0m itr   140, best 5579.2119, time  203.9, minPhero 0.01(242), stagnancy 0.7%
[35m[MSG][0m itr   141, best 5579.2119, time  205.3, minPhero 0.01(242), stagnancy 1.0%
[35m[MSG][0m itr   142, best 5579.2119, time  206.8, minPhero 0.01(242), stagnancy 1.3%
[35m[MSG][0m itr   143, best 5579.2114, time  208.2, minPhero 0.01(242), stagnancy 0.0%
[35m[MSG][0m itr   144, best 5579.2114, time  209.7, minPhero 0.01(242), stagnancy 0.3%
[35m[MSG][0m itr   145, best 5579.2114, time  211.0, minPhero 0.01(242), stagnancy 0.7%
[35m[MSG][0m itr   146, best 5579.2114, time  212.4, minPhero 0.01(242), stagnancy 1.0%
[35m[MSG][0m itr   147, best 5579.2114, time  213.9, minPhero 0.01(242), stagnancy 1.3%
[35m[MSG][0m itr   148, best 5579.2114, time  215.3, minPhero 0.01(242), stagnancy 1.7%
[35m[MSG][0m itr   149, best 5579.2114, time  216.8, minPhero 0.01(240), stagnancy 2.0%
[35m[MSG][0m itr   150, best 5579.2114, time  218.3, minPhero 0.01(235), stagnancy 2.3%
[35m[MSG][0m itr   151, best 5579.2114, time  219.7, minPhero 0.01(235), stagnancy 2.7%
[35m[MSG][0m itr   152, best 5579.2114, time  221.1, minPhero 0.01(235), stagnancy 3.0%
[35m[MSG][0m itr   153, best 5579.2114, time  222.6, minPhero 0.01(234), stagnancy 3.3%
[35m[MSG][0m itr   154, best 5579.2114, time  224.0, minPhero 0.01(234), stagnancy 3.7%
[35m[MSG][0m itr   155, best 5579.2114, time  225.5, minPhero 0.01(234), stagnancy 4.0%
[35m[MSG][0m itr   156, best 5579.2114, time  226.9, minPhero 0.01(234), stagnancy 4.3%
[35m[MSG][0m itr   157, best 5579.2114, time  228.4, minPhero 0.01(234), stagnancy 4.7%
[35m[MSG][0m itr   158, best 5579.2114, time  229.8, minPhero 0.01(234), stagnancy 5.0%
[35m[MSG][0m itr   159, best 5579.2114, time  231.2, minPhero 0.01(232), stagnancy 5.3%
[35m[MSG][0m itr   160, best 5579.2114, time  232.7, minPhero 0.01(232), stagnancy 5.7%
[35m[MSG][0m itr   161, best 5579.2114, time  234.2, minPhero 0.01(232), stagnancy 6.0%
[35m[MSG][0m itr   162, best 5579.2114, time  235.6, minPhero 0.01(232), stagnancy 6.3%
[35m[MSG][0m itr   163, best 5579.2114, time  237.0, minPhero 0.01(232), stagnancy 6.7%
[35m[MSG][0m itr   164, best 5579.2114, time  238.5, minPhero 0.01(232), stagnancy 7.0%
[35m[MSG][0m itr   165, best 5579.2114, time  239.9, minPhero 0.01(232), stagnancy 7.3%
[35m[MSG][0m itr   166, best 5579.2114, time  241.4, minPhero 0.01(232), stagnancy 7.7%
[35m[MSG][0m itr   167, best 5579.2114, time  242.8, minPhero 0.01(232), stagnancy 8.0%
[35m[MSG][0m itr   168, best 5579.2114, time  244.3, minPhero 0.01(232), stagnancy 8.3%
[35m[MSG][0m itr   169, best 5579.2114, time  245.7, minPhero 0.01(232), stagnancy 8.7%
[35m[MSG][0m itr   170, best 5579.2114, time  247.2, minPhero 0.01(232), stagnancy 9.0%
[35m[MSG][0m itr   171, best 5579.2114, time  248.5, minPhero 0.01(232), stagnancy 9.3%
[35m[MSG][0m itr   172, best 5579.2114, time  249.9, minPhero 0.01(232), stagnancy 9.7%
[35m[MSG][0m itr   173, best 5579.2114, time  251.4, minPhero 0.01(232), stagnancy 10.0%
[35m[MSG][0m itr   174, best 5579.2114, time  252.9, minPhero 0.01(232), stagnancy 10.3%
[35m[MSG][0m itr   175, best 5579.2114, time  254.3, minPhero 0.01(232), stagnancy 10.7%
[35m[MSG][0m itr   176, best 5579.2114, time  255.8, minPhero 0.01(232), stagnancy 11.0%
[35m[MSG][0m itr   177, best 5579.2114, time  257.2, minPhero 0.01(232), stagnancy 11.3%
[35m[MSG][0m itr   178, best 5579.2114, time  258.7, minPhero 0.01(232), stagnancy 11.7%
[35m[MSG][0m itr   179, best 5579.2114, time  260.1, minPhero 0.01(232), stagnancy 12.0%
[35m[MSG][0m itr   180, best 5579.2114, time  261.5, minPhero 0.01(232), stagnancy 12.3%
[35m[MSG][0m itr   181, best 5579.2114, time  263.0, minPhero 0.01(232), stagnancy 12.7%
[35m[MSG][0m itr   182, best 5579.2114, time  264.4, minPhero 0.01(232), stagnancy 13.0%
[35m[MSG][0m itr   183, best 5579.2114, time  265.9, minPhero 0.01(232), stagnancy 13.3%
[35m[MSG][0m itr   184, best 5579.2114, time  267.3, minPhero 0.01(232), stagnancy 13.7%
[35m[MSG][0m itr   185, best 5579.2114, time  268.8, minPhero 0.01(232), stagnancy 14.0%
[35m[MSG][0m itr   186, best 5579.2114, time  270.2, minPhero 0.01(232), stagnancy 14.3%
[35m[MSG][0m itr   187, best 5579.2114, time  271.7, minPhero 0.01(232), stagnancy 14.7%
[35m[MSG][0m itr   188, best 5579.2114, time  273.1, minPhero 0.01(232), stagnancy 15.0%
[35m[MSG][0m itr   189, best 5579.2114, time  274.6, minPhero 0.01(232), stagnancy 15.3%
[35m[MSG][0m itr   190, best 5579.2114, time  276.0, minPhero 0.01(232), stagnancy 15.7%
[35m[MSG][0m itr   191, best 5579.2114, time  277.4, minPhero 0.01(232), stagnancy 16.0%
[35m[MSG][0m itr   192, best 5579.2114, time  278.9, minPhero 0.01(232), stagnancy 16.3%
[35m[MSG][0m itr   193, best 5579.2114, time  280.3, minPhero 0.01(232), stagnancy 16.7%
[35m[MSG][0m itr   194, best 5579.2114, time  281.8, minPhero 0.01(232), stagnancy 17.0%
[35m[MSG][0m itr   195, best 5579.2114, time  283.2, minPhero 0.01(232), stagnancy 17.3%
[35m[MSG][0m itr   196, best 5579.2114, time  284.7, minPhero 0.01(232), stagnancy 17.7%
[35m[MSG][0m itr   197, best 5579.2114, time  286.2, minPhero 0.01(232), stagnancy 18.0%
[35m[MSG][0m itr   198, best 5579.2114, time  287.6, minPhero 0.01(232), stagnancy 18.3%
[35m[MSG][0m itr   199, best 5579.2114, time  289.1, minPhero 0.01(232), stagnancy 18.7%
[35m[MSG][0m itr   200, best 5579.2114, time  290.5, minPhero 0.01(232), stagnancy 19.0%
[35m[MSG][0m itr   201, best 5579.2114, time  292.0, minPhero 0.01(232), stagnancy 19.3%
[35m[MSG][0m itr   202, best 5579.2114, time  293.4, minPhero 0.01(232), stagnancy 19.7%
[35m[MSG][0m itr   203, best 5579.2114, time  294.9, minPhero 0.01(232), stagnancy 20.0%
[35m[MSG][0m itr   204, best 5579.2114, time  296.3, minPhero 0.01(232), stagnancy 20.3%
[35m[MSG][0m itr   205, best 5579.2114, time  297.6, minPhero 0.01(232), stagnancy 20.7%
[35m[MSG][0m itr   206, best 5579.2114, time  299.0, minPhero 0.01(232), stagnancy 21.0%
[35m[MSG][0m itr   207, best 5579.2114, time  300.5, minPhero 0.01(232), stagnancy 21.3%
[35m[MSG][0m itr   208, best 5579.2114, time  301.9, minPhero 0.01(232), stagnancy 21.7%
[35m[MSG][0m itr   209, best 5579.2114, time  303.3, minPhero 0.01(232), stagnancy 22.0%
[35m[MSG][0m itr   210, best 5579.2114, time  304.8, minPhero 0.01(232), stagnancy 22.3%
[35m[MSG][0m itr   211, best 5579.2114, time  306.2, minPhero 0.01(232), stagnancy 22.7%
[35m[MSG][0m itr   212, best 5579.2114, time  307.7, minPhero 0.01(232), stagnancy 23.0%
[35m[MSG][0m itr   213, best 5579.2114, time  309.1, minPhero 0.01(232), stagnancy 23.3%
[35m[MSG][0m itr   214, best 5579.2114, time  310.6, minPhero 0.01(232), stagnancy 23.7%
[35m[MSG][0m itr   215, best 5579.2114, time  312.0, minPhero 0.01(232), stagnancy 24.0%
[35m[MSG][0m itr   216, best 5579.2114, time  313.4, minPhero 0.01(232), stagnancy 24.3%
[35m[MSG][0m itr   217, best 5579.2114, time  314.8, minPhero 0.01(232), stagnancy 24.7%
[35m[MSG][0m itr   218, best 5579.2114, time  316.3, minPhero 0.01(232), stagnancy 25.0%
[35m[MSG][0m itr   219, best 5579.2114, time  317.7, minPhero 0.01(232), stagnancy 25.3%
[35m[MSG][0m itr   220, best 5579.2114, time  319.1, minPhero 0.01(232), stagnancy 25.7%
[35m[MSG][0m itr   221, best 5579.2114, time  320.6, minPhero 0.01(232), stagnancy 26.0%
[35m[MSG][0m itr   222, best 5579.2114, time  322.0, minPhero 0.01(232), stagnancy 26.3%
[35m[MSG][0m itr   223, best 5579.2114, time  323.5, minPhero 0.01(232), stagnancy 26.7%
[35m[MSG][0m itr   224, best 5579.2114, time  324.9, minPhero 0.01(232), stagnancy 27.0%
[35m[MSG][0m itr   225, best 5579.2114, time  326.4, minPhero 0.01(232), stagnancy 27.3%
[35m[MSG][0m itr   226, best 5579.2114, time  327.8, minPhero 0.01(232), stagnancy 27.7%
[35m[MSG][0m itr   227, best 5579.2114, time  329.3, minPhero 0.01(232), stagnancy 28.0%
[35m[MSG][0m itr   228, best 5579.2114, time  330.7, minPhero 0.01(232), stagnancy 28.3%
[35m[MSG][0m itr   229, best 5579.2114, time  332.2, minPhero 0.01(232), stagnancy 28.7%
[35m[MSG][0m itr   230, best 5579.2114, time  333.6, minPhero 0.01(232), stagnancy 29.0%
[35m[MSG][0m itr   231, best 5579.2114, time  335.0, minPhero 0.01(232), stagnancy 29.3%
[35m[MSG][0m itr   232, best 5579.2114, time  336.5, minPhero 0.01(232), stagnancy 29.7%
[35m[MSG][0m itr   233, best 5579.2114, time  337.9, minPhero 0.01(232), stagnancy 30.0%
[35m[MSG][0m itr   234, best 5579.2114, time  339.3, minPhero 0.01(232), stagnancy 30.3%
[35m[MSG][0m itr   235, best 5579.2114, time  340.8, minPhero 0.01(232), stagnancy 30.7%
[35m[MSG][0m itr   236, best 5579.2114, time  342.3, minPhero 0.01(232), stagnancy 31.0%
[35m[MSG][0m itr   237, best 5579.2114, time  343.7, minPhero 0.01(232), stagnancy 31.3%
[35m[MSG][0m itr   238, best 5579.2114, time  345.1, minPhero 0.01(232), stagnancy 31.7%
[35m[MSG][0m itr   239, best 5578.5059, time  346.6, minPhero 0.01(239), stagnancy 0.0%
[35m[MSG][0m itr   240, best 5578.5059, time  348.0, minPhero 0.01(239), stagnancy 0.3%
[35m[MSG][0m itr   241, best 5578.5059, time  349.5, minPhero 0.01(239), stagnancy 0.7%
[35m[MSG][0m itr   242, best 5578.5059, time  350.9, minPhero 0.01(239), stagnancy 1.0%
[35m[MSG][0m itr   243, best 5578.5059, time  352.4, minPhero 0.01(239), stagnancy 1.3%
[35m[MSG][0m itr   244, best 5578.5059, time  353.8, minPhero 0.01(239), stagnancy 1.7%
[35m[MSG][0m itr   245, best 5578.5059, time  355.3, minPhero 0.01(239), stagnancy 2.0%
[35m[MSG][0m itr   246, best 5578.1807, time  356.8, minPhero 0.01(239), stagnancy 0.0%
[35m[MSG][0m itr   247, best 5578.1807, time  358.3, minPhero 0.01(239), stagnancy 0.3%
[35m[MSG][0m itr   248, best 5578.1807, time  359.7, minPhero 0.01(239), stagnancy 0.7%
[35m[MSG][0m itr   249, best 5578.1807, time  361.2, minPhero 0.01(239), stagnancy 1.0%
[35m[MSG][0m itr   250, best 5578.1807, time  362.7, minPhero 0.01(239), stagnancy 1.3%
[35m[MSG][0m itr   251, best 5578.1807, time  364.1, minPhero 0.01(239), stagnancy 1.7%
[35m[MSG][0m itr   252, best 5578.1807, time  365.5, minPhero 0.01(239), stagnancy 2.0%
[35m[MSG][0m itr   253, best 5578.1807, time  367.0, minPhero 0.01(239), stagnancy 2.3%
[35m[MSG][0m itr   254, best 5578.1807, time  368.5, minPhero 0.01(239), stagnancy 2.7%
[35m[MSG][0m itr   255, best 5578.1807, time  369.9, minPhero 0.01(239), stagnancy 3.0%
[35m[MSG][0m itr   256, best 5578.1802, time  371.4, minPhero 0.01(239), stagnancy 0.0%
[35m[MSG][0m itr   257, best 5578.1802, time  372.8, minPhero 0.01(239), stagnancy 0.3%
[35m[MSG][0m itr   258, best 5578.1802, time  374.3, minPhero 0.01(239), stagnancy 0.7%
[35m[MSG][0m itr   259, best 5578.1802, time  375.8, minPhero 0.01(239), stagnancy 1.0%
[35m[MSG][0m itr   260, best 5578.1802, time  377.2, minPhero 0.01(239), stagnancy 1.3%
[35m[MSG][0m itr   261, best 5578.1802, time  378.7, minPhero 0.01(234), stagnancy 1.7%
[35m[MSG][0m itr   262, best 5578.1802, time  380.2, minPhero 0.01(234), stagnancy 2.0%
[35m[MSG][0m itr   263, best 5578.1802, time  381.6, minPhero 0.01(234), stagnancy 2.3%
[35m[MSG][0m itr   264, best 5578.1802, time  383.1, minPhero 0.01(234), stagnancy 2.7%
[35m[MSG][0m itr   265, best 5576.2388, time  384.5, minPhero 0.01(239), stagnancy 0.0%
[35m[MSG][0m itr   266, best 5576.2388, time  386.0, minPhero 0.01(237), stagnancy 0.3%
[35m[MSG][0m itr   267, best 5576.2388, time  387.5, minPhero 0.01(237), stagnancy 0.7%
[35m[MSG][0m itr   268, best 5576.2388, time  388.9, minPhero 0.01(237), stagnancy 1.0%
[35m[MSG][0m itr   269, best 5576.2383, time  390.4, minPhero 0.01(237), stagnancy 0.0%
[35m[MSG][0m itr   270, best 5576.2383, time  391.8, minPhero 0.01(237), stagnancy 0.3%
[35m[MSG][0m itr   271, best 5576.2383, time  393.3, minPhero 0.01(237), stagnancy 0.7%
[35m[MSG][0m itr   272, best 5576.2383, time  394.8, minPhero 0.01(237), stagnancy 1.0%
[35m[MSG][0m itr   273, best 5576.2383, time  396.2, minPhero 0.01(237), stagnancy 1.3%
[35m[MSG][0m itr   274, best 5576.2383, time  397.6, minPhero 0.01(237), stagnancy 1.7%
[35m[MSG][0m itr   275, best 5576.2383, time  399.1, minPhero 0.01(237), stagnancy 2.0%
[35m[MSG][0m itr   276, best 5576.2383, time  400.5, minPhero 0.01(237), stagnancy 2.3%
[35m[MSG][0m itr   277, best 5576.2383, time  402.0, minPhero 0.01(237), stagnancy 2.7%
[35m[MSG][0m itr   278, best 5576.2383, time  403.4, minPhero 0.01(237), stagnancy 3.0%
[35m[MSG][0m itr   279, best 5576.2383, time  404.9, minPhero 0.01(237), stagnancy 3.3%
[35m[MSG][0m itr   280, best 5576.2383, time  406.3, minPhero 0.01(237), stagnancy 3.7%
[35m[MSG][0m itr   281, best 5576.2383, time  407.8, minPhero 0.01(237), stagnancy 4.0%
[35m[MSG][0m itr   282, best 5576.2383, time  409.2, minPhero 0.01(237), stagnancy 4.3%
[35m[MSG][0m itr   283, best 5576.2383, time  410.7, minPhero 0.01(237), stagnancy 4.7%
[35m[MSG][0m itr   284, best 5576.2383, time  412.1, minPhero 0.01(237), stagnancy 5.0%
[35m[MSG][0m itr   285, best 5576.2383, time  413.6, minPhero 0.01(237), stagnancy 5.3%
[35m[MSG][0m itr   286, best 5576.2383, time  415.1, minPhero 0.01(237), stagnancy 5.7%
[35m[MSG][0m itr   287, best 5576.2383, time  416.6, minPhero 0.01(232), stagnancy 6.0%
[35m[MSG][0m itr   288, best 5576.2383, time  418.0, minPhero 0.01(232), stagnancy 6.3%
[35m[MSG][0m itr   289, best 5576.2383, time  419.4, minPhero 0.01(232), stagnancy 6.7%
[35m[MSG][0m itr   290, best 5576.2383, time  420.9, minPhero 0.01(232), stagnancy 7.0%
[35m[MSG][0m itr   291, best 5576.2383, time  422.3, minPhero 0.01(232), stagnancy 7.3%
[35m[MSG][0m itr   292, best 5576.2383, time  423.8, minPhero 0.01(232), stagnancy 7.7%
[35m[MSG][0m itr   293, best 5576.2383, time  425.2, minPhero 0.01(232), stagnancy 8.0%
[35m[MSG][0m itr   294, best 5576.2383, time  426.7, minPhero 0.01(232), stagnancy 8.3%
[35m[MSG][0m itr   295, best 5576.2383, time  428.1, minPhero 0.01(232), stagnancy 8.7%
[35m[MSG][0m itr   296, best 5576.2383, time  429.6, minPhero 0.01(232), stagnancy 9.0%
[35m[MSG][0m itr   297, best 5576.2383, time  431.0, minPhero 0.01(232), stagnancy 9.3%
[35m[MSG][0m itr   298, best 5576.2383, time  432.5, minPhero 0.01(232), stagnancy 9.7%
[35m[MSG][0m itr   299, best 5576.2383, time  433.9, minPhero 0.01(232), stagnancy 10.0%
[35m[MSG][0m itr   300, best 5576.2383, time  435.4, minPhero 0.01(232), stagnancy 10.3%
[35m[MSG][0m itr   301, best 5576.2383, time  436.9, minPhero 0.01(232), stagnancy 10.7%
[35m[MSG][0m itr   302, best 5576.2383, time  438.4, minPhero 0.01(232), stagnancy 11.0%
[35m[MSG][0m itr   303, best 5576.2383, time  439.8, minPhero 0.01(232), stagnancy 11.3%
[35m[MSG][0m itr   304, best 5576.2383, time  441.3, minPhero 0.01(232), stagnancy 11.7%
[35m[MSG][0m itr   305, best 5576.2383, time  442.7, minPhero 0.01(232), stagnancy 12.0%
[35m[MSG][0m itr   306, best 5576.2383, time  444.2, minPhero 0.01(232), stagnancy 12.3%
[35m[MSG][0m itr   307, best 5576.2383, time  445.6, minPhero 0.01(232), stagnancy 12.7%
[35m[MSG][0m itr   308, best 5576.2383, time  447.1, minPhero 0.01(232), stagnancy 13.0%
[35m[MSG][0m itr   309, best 5576.2383, time  448.5, minPhero 0.01(232), stagnancy 13.3%
[35m[MSG][0m itr   310, best 5576.2383, time  450.0, minPhero 0.01(232), stagnancy 13.7%
[35m[MSG][0m itr   311, best 5576.2383, time  451.5, minPhero 0.01(232), stagnancy 14.0%
[35m[MSG][0m itr   312, best 5576.2383, time  452.9, minPhero 0.01(232), stagnancy 14.3%
[35m[MSG][0m itr   313, best 5576.2383, time  454.4, minPhero 0.01(232), stagnancy 14.7%
[35m[MSG][0m itr   314, best 5576.2383, time  455.8, minPhero 0.01(232), stagnancy 15.0%
[35m[MSG][0m itr   315, best 5576.2383, time  457.3, minPhero 0.01(232), stagnancy 15.3%
[35m[MSG][0m itr   316, best 5576.2383, time  458.7, minPhero 0.01(232), stagnancy 15.7%
[35m[MSG][0m itr   317, best 5576.2383, time  460.1, minPhero 0.01(232), stagnancy 16.0%
[35m[MSG][0m itr   318, best 5576.2383, time  461.6, minPhero 0.01(232), stagnancy 16.3%
[35m[MSG][0m itr   319, best 5576.2383, time  463.1, minPhero 0.01(232), stagnancy 16.7%
[35m[MSG][0m itr   320, best 5576.2383, time  464.5, minPhero 0.01(232), stagnancy 17.0%
[35m[MSG][0m itr   321, best 5576.2383, time  466.0, minPhero 0.01(232), stagnancy 17.3%
[35m[MSG][0m itr   322, best 5576.2383, time  467.4, minPhero 0.01(232), stagnancy 17.7%
[35m[MSG][0m itr   323, best 5576.2383, time  468.9, minPhero 0.01(232), stagnancy 18.0%
[35m[MSG][0m itr   324, best 5576.2383, time  470.3, minPhero 0.01(232), stagnancy 18.3%
[35m[MSG][0m itr   325, best 5576.2383, time  471.8, minPhero 0.01(232), stagnancy 18.7%
[35m[MSG][0m itr   326, best 5576.2383, time  473.2, minPhero 0.01(232), stagnancy 19.0%
[35m[MSG][0m itr   327, best 5576.2383, time  474.7, minPhero 0.01(232), stagnancy 19.3%
[35m[MSG][0m itr   328, best 5576.2383, time  476.2, minPhero 0.01(232), stagnancy 19.7%
[35m[MSG][0m itr   329, best 5576.2383, time  477.6, minPhero 0.01(232), stagnancy 20.0%
[35m[MSG][0m itr   330, best 5576.2383, time  479.0, minPhero 0.01(232), stagnancy 20.3%
[35m[MSG][0m itr   331, best 5576.2383, time  480.5, minPhero 0.01(232), stagnancy 20.7%
[35m[MSG][0m itr   332, best 5576.2383, time  482.0, minPhero 0.01(232), stagnancy 21.0%
[35m[MSG][0m itr   333, best 5576.2383, time  483.4, minPhero 0.01(232), stagnancy 21.3%
[35m[MSG][0m itr   334, best 5576.2383, time  484.8, minPhero 0.01(232), stagnancy 21.7%
[35m[MSG][0m itr   335, best 5576.2383, time  486.3, minPhero 0.01(232), stagnancy 22.0%
[35m[MSG][0m itr   336, best 5576.2383, time  487.8, minPhero 0.01(232), stagnancy 22.3%
[35m[MSG][0m itr   337, best 5576.2383, time  489.2, minPhero 0.01(232), stagnancy 22.7%
[35m[MSG][0m itr   338, best 5576.2383, time  490.7, minPhero 0.01(232), stagnancy 23.0%
[35m[MSG][0m itr   339, best 5576.2383, time  492.1, minPhero 0.01(232), stagnancy 23.3%
[35m[MSG][0m itr   340, best 5576.2383, time  493.6, minPhero 0.01(232), stagnancy 23.7%
[35m[MSG][0m itr   341, best 5576.2383, time  495.0, minPhero 0.01(232), stagnancy 24.0%
[35m[MSG][0m itr   342, best 5576.2383, time  496.5, minPhero 0.01(232), stagnancy 24.3%
[35m[MSG][0m itr   343, best 5576.2383, time  498.0, minPhero 0.01(232), stagnancy 24.7%
[35m[MSG][0m itr   344, best 5576.2383, time  499.4, minPhero 0.01(232), stagnancy 25.0%
[35m[MSG][0m itr   345, best 5576.2383, time  500.9, minPhero 0.01(232), stagnancy 25.3%
[35m[MSG][0m itr   346, best 5576.2383, time  502.3, minPhero 0.01(232), stagnancy 25.7%
[35m[MSG][0m itr   347, best 5576.2383, time  503.8, minPhero 0.01(232), stagnancy 26.0%
[35m[MSG][0m itr   348, best 5576.2383, time  505.2, minPhero 0.01(232), stagnancy 26.3%
[35m[MSG][0m itr   349, best 5576.2383, time  506.7, minPhero 0.01(232), stagnancy 26.7%
[35m[MSG][0m itr   350, best 5576.2383, time  508.1, minPhero 0.01(232), stagnancy 27.0%
[35m[MSG][0m itr   351, best 5576.2383, time  509.6, minPhero 0.01(232), stagnancy 27.3%
[35m[MSG][0m itr   352, best 5576.2383, time  511.0, minPhero 0.01(232), stagnancy 27.7%
[35m[MSG][0m itr   353, best 5576.2383, time  512.5, minPhero 0.01(232), stagnancy 28.0%
[35m[MSG][0m itr   354, best 5576.2383, time  514.0, minPhero 0.01(232), stagnancy 28.3%
[35m[MSG][0m itr   355, best 5576.2383, time  515.4, minPhero 0.01(232), stagnancy 28.7%
[35m[MSG][0m itr   356, best 5576.2383, time  516.9, minPhero 0.01(232), stagnancy 29.0%
[35m[MSG][0m itr   357, best 5576.2383, time  518.3, minPhero 0.01(232), stagnancy 29.3%
[35m[MSG][0m itr   358, best 5576.2383, time  519.8, minPhero 0.01(232), stagnancy 29.7%
[35m[MSG][0m itr   359, best 5576.2383, time  521.3, minPhero 0.01(232), stagnancy 30.0%
[35m[MSG][0m itr   360, best 5576.2383, time  522.7, minPhero 0.01(232), stagnancy 30.3%
[35m[MSG][0m itr   361, best 5576.2383, time  524.2, minPhero 0.01(232), stagnancy 30.7%
[35m[MSG][0m itr   362, best 5576.2383, time  525.6, minPhero 0.01(232), stagnancy 31.0%
[35m[MSG][0m itr   363, best 5576.2383, time  527.0, minPhero 0.01(232), stagnancy 31.3%
[35m[MSG][0m itr   364, best 5576.2383, time  528.5, minPhero 0.01(232), stagnancy 31.7%
[35m[MSG][0m itr   365, best 5576.2383, time  529.9, minPhero 0.01(232), stagnancy 32.0%
[35m[MSG][0m itr   366, best 5576.2383, time  531.4, minPhero 0.01(232), stagnancy 32.3%
[35m[MSG][0m itr   367, best 5576.2383, time  532.8, minPhero 0.01(232), stagnancy 32.7%
[35m[MSG][0m itr   368, best 5576.2383, time  534.3, minPhero 0.01(232), stagnancy 33.0%
[35m[MSG][0m itr   369, best 5576.2383, time  535.7, minPhero 0.01(232), stagnancy 33.3%
[35m[MSG][0m itr   370, best 5576.2383, time  537.2, minPhero 0.01(232), stagnancy 33.7%
[35m[MSG][0m itr   371, best 5576.2383, time  538.7, minPhero 0.01(232), stagnancy 34.0%
[35m[MSG][0m itr   372, best 5576.2383, time  540.1, minPhero 0.01(232), stagnancy 34.3%
[35m[MSG][0m itr   373, best 5576.2383, time  541.6, minPhero 0.01(232), stagnancy 34.7%
[35m[MSG][0m itr   374, best 5576.2383, time  543.0, minPhero 0.01(232), stagnancy 35.0%
[35m[MSG][0m itr   375, best 5576.2383, time  544.4, minPhero 0.01(232), stagnancy 35.3%
[35m[MSG][0m itr   376, best 5576.2383, time  545.9, minPhero 0.01(232), stagnancy 35.7%
[35m[MSG][0m itr   377, best 5576.2383, time  547.4, minPhero 0.01(232), stagnancy 36.0%
[35m[MSG][0m itr   378, best 5576.2383, time  548.8, minPhero 0.01(232), stagnancy 36.3%
[35m[MSG][0m itr   379, best 5576.2383, time  550.3, minPhero 0.01(232), stagnancy 36.7%
[35m[MSG][0m itr   380, best 5576.1558, time  551.7, minPhero 0.01(235), stagnancy 0.0%
[35m[MSG][0m itr   381, best 5576.1558, time  553.2, minPhero 0.01(235), stagnancy 0.3%
[35m[MSG][0m itr   382, best 5576.1558, time  554.7, minPhero 0.01(235), stagnancy 0.7%
[35m[MSG][0m itr   383, best 5576.1558, time  556.1, minPhero 0.01(235), stagnancy 1.0%
[35m[MSG][0m itr   384, best 5576.1558, time  557.6, minPhero 0.01(235), stagnancy 1.3%
[35m[MSG][0m itr   385, best 5576.1558, time  559.0, minPhero 0.01(235), stagnancy 1.7%
[35m[MSG][0m itr   386, best 5576.1558, time  560.5, minPhero 0.01(235), stagnancy 2.0%
[35m[MSG][0m itr   387, best 5576.1558, time  561.9, minPhero 0.01(235), stagnancy 2.3%
[35m[MSG][0m itr   388, best 5576.1558, time  563.3, minPhero 0.01(235), stagnancy 2.7%
[35m[MSG][0m itr   389, best 5576.1558, time  564.7, minPhero 0.01(235), stagnancy 3.0%
[35m[MSG][0m itr   390, best 5576.1558, time  566.2, minPhero 0.01(235), stagnancy 3.3%
[35m[MSG][0m itr   391, best 5576.1558, time  567.6, minPhero 0.01(235), stagnancy 3.7%
[35m[MSG][0m itr   392, best 5576.1558, time  569.1, minPhero 0.01(235), stagnancy 4.0%
[35m[MSG][0m itr   393, best 5576.1558, time  570.5, minPhero 0.01(235), stagnancy 4.3%
[35m[MSG][0m itr   394, best 5576.1558, time  572.0, minPhero 0.01(235), stagnancy 4.7%
[35m[MSG][0m itr   395, best 5576.1558, time  573.4, minPhero 0.01(235), stagnancy 5.0%
[35m[MSG][0m itr   396, best 5576.1558, time  574.9, minPhero 0.01(235), stagnancy 5.3%
[35m[MSG][0m itr   397, best 5576.1558, time  576.3, minPhero 0.01(235), stagnancy 5.7%
[35m[MSG][0m itr   398, best 5576.1558, time  577.7, minPhero 0.01(235), stagnancy 6.0%
[35m[MSG][0m itr   399, best 5576.1558, time  579.1, minPhero 0.01(235), stagnancy 6.3%
[35m[MSG][0m itr   400, best 5576.1558, time  580.6, minPhero 0.01(235), stagnancy 6.7%
[35m[MSG][0m itr   401, best 5576.1558, time  582.0, minPhero 0.01(235), stagnancy 7.0%
[35m[MSG][0m itr   402, best 5576.1558, time  583.5, minPhero 0.01(232), stagnancy 7.3%
[35m[MSG][0m itr   403, best 5576.1558, time  584.9, minPhero 0.01(232), stagnancy 7.7%
[35m[MSG][0m itr   404, best 5576.1558, time  586.4, minPhero 0.01(232), stagnancy 8.0%
[35m[MSG][0m itr   405, best 5576.1558, time  587.8, minPhero 0.01(232), stagnancy 8.3%
[35m[MSG][0m itr   406, best 5576.1558, time  589.3, minPhero 0.01(232), stagnancy 8.7%
[35m[MSG][0m itr   407, best 5576.1558, time  590.7, minPhero 0.01(232), stagnancy 9.0%
[35m[MSG][0m itr   408, best 5576.1558, time  592.2, minPhero 0.01(232), stagnancy 9.3%
[35m[MSG][0m itr   409, best 5576.1558, time  593.6, minPhero 0.01(232), stagnancy 9.7%
[35m[MSG][0m itr   410, best 5576.1558, time  595.1, minPhero 0.01(232), stagnancy 10.0%
[35m[MSG][0m itr   411, best 5576.1558, time  596.5, minPhero 0.01(232), stagnancy 10.3%
[35m[MSG][0m itr   412, best 5576.1558, time  598.0, minPhero 0.01(232), stagnancy 10.7%
[35m[MSG][0m itr   413, best 5576.1558, time  599.4, minPhero 0.01(232), stagnancy 11.0%
[35m[MSG][0m itr   414, best 5576.1558, time  600.9, minPhero 0.01(232), stagnancy 11.3%
[35m[MSG][0m itr   415, best 5576.1558, time  602.3, minPhero 0.01(232), stagnancy 11.7%
[35m[MSG][0m itr   416, best 5576.1558, time  603.7, minPhero 0.01(232), stagnancy 12.0%
[35m[MSG][0m itr   417, best 5576.1558, time  605.1, minPhero 0.01(232), stagnancy 12.3%
[35m[MSG][0m itr   418, best 5576.1558, time  606.6, minPhero 0.01(232), stagnancy 12.7%
[35m[MSG][0m itr   419, best 5576.1558, time  608.0, minPhero 0.01(232), stagnancy 13.0%
[35m[MSG][0m itr   420, best 5576.1558, time  609.5, minPhero 0.01(232), stagnancy 13.3%
[35m[MSG][0m itr   421, best 5576.1558, time  610.9, minPhero 0.01(232), stagnancy 13.7%
[35m[MSG][0m itr   422, best 5576.1558, time  612.4, minPhero 0.01(232), stagnancy 14.0%
[35m[MSG][0m itr   423, best 5576.1558, time  613.9, minPhero 0.01(232), stagnancy 14.3%
[35m[MSG][0m itr   424, best 5576.1558, time  615.3, minPhero 0.01(232), stagnancy 14.7%
[35m[MSG][0m itr   425, best 5576.1558, time  616.8, minPhero 0.01(232), stagnancy 15.0%
[35m[MSG][0m itr   426, best 5576.1558, time  618.2, minPhero 0.01(232), stagnancy 15.3%
[35m[MSG][0m itr   427, best 5576.1558, time  619.7, minPhero 0.01(232), stagnancy 15.7%
[35m[MSG][0m itr   428, best 5576.1558, time  621.1, minPhero 0.01(232), stagnancy 16.0%
[35m[MSG][0m itr   429, best 5576.1558, time  622.6, minPhero 0.01(232), stagnancy 16.3%
[35m[MSG][0m itr   430, best 5576.1558, time  624.0, minPhero 0.01(232), stagnancy 16.7%
[35m[MSG][0m itr   431, best 5576.1558, time  625.5, minPhero 0.01(232), stagnancy 17.0%
[35m[MSG][0m itr   432, best 5576.1558, time  626.9, minPhero 0.01(232), stagnancy 17.3%
[35m[MSG][0m itr   433, best 5576.1558, time  628.4, minPhero 0.01(232), stagnancy 17.7%
[35m[MSG][0m itr   434, best 5576.1558, time  629.8, minPhero 0.01(232), stagnancy 18.0%
[35m[MSG][0m itr   435, best 5576.1558, time  631.2, minPhero 0.01(232), stagnancy 18.3%
[35m[MSG][0m itr   436, best 5576.1558, time  632.5, minPhero 0.01(232), stagnancy 18.7%
[35m[MSG][0m itr   437, best 5576.1558, time  633.8, minPhero 0.01(232), stagnancy 19.0%
[35m[MSG][0m itr   438, best 5576.1558, time  635.3, minPhero 0.01(232), stagnancy 19.3%
[35m[MSG][0m itr   439, best 5576.1558, time  636.7, minPhero 0.01(232), stagnancy 19.7%
[35m[MSG][0m itr   440, best 5576.1558, time  638.0, minPhero 0.01(232), stagnancy 20.0%
[35m[MSG][0m itr   441, best 5576.1558, time  639.5, minPhero 0.01(232), stagnancy 20.3%
[35m[MSG][0m itr   442, best 5575.5737, time  640.9, minPhero 0.01(244), stagnancy 0.0%
[35m[MSG][0m itr   443, best 5575.5737, time  642.3, minPhero 0.01(244), stagnancy 0.3%
[35m[MSG][0m itr   444, best 5575.5737, time  643.7, minPhero 0.01(244), stagnancy 0.7%
[35m[MSG][0m itr   445, best 5575.5737, time  645.2, minPhero 0.01(244), stagnancy 1.0%
[35m[MSG][0m itr   446, best 5575.5737, time  646.5, minPhero 0.01(244), stagnancy 1.3%
[35m[MSG][0m itr   447, best 5575.5737, time  648.0, minPhero 0.01(244), stagnancy 1.7%
[35m[MSG][0m itr   448, best 5575.5737, time  649.4, minPhero 0.01(244), stagnancy 2.0%
[35m[MSG][0m itr   449, best 5575.5737, time  650.9, minPhero 0.01(244), stagnancy 2.3%
[35m[MSG][0m itr   450, best 5575.5737, time  652.2, minPhero 0.01(244), stagnancy 2.7%
[35m[MSG][0m itr   451, best 5575.5737, time  653.6, minPhero 0.01(244), stagnancy 3.0%
[35m[MSG][0m itr   452, best 5575.5737, time  655.2, minPhero 0.01(244), stagnancy 3.3%
[35m[MSG][0m itr   453, best 5575.5732, time  656.5, minPhero 0.01(244), stagnancy 0.0%
[35m[MSG][0m itr   454, best 5575.5732, time  657.9, minPhero 0.01(244), stagnancy 0.3%
[35m[MSG][0m itr   455, best 5575.5732, time  659.3, minPhero 0.01(244), stagnancy 0.7%
[35m[MSG][0m itr   456, best 5575.5732, time  660.6, minPhero 0.01(244), stagnancy 1.0%
[35m[MSG][0m itr   457, best 5575.5732, time  662.0, minPhero 0.01(244), stagnancy 1.3%
[35m[MSG][0m itr   458, best 5575.5732, time  663.5, minPhero 0.01(244), stagnancy 1.7%
[35m[MSG][0m itr   459, best 5575.5732, time  664.9, minPhero 0.01(244), stagnancy 2.0%
[35m[MSG][0m itr   460, best 5575.5732, time  666.4, minPhero 0.01(244), stagnancy 2.3%
[35m[MSG][0m itr   461, best 5575.5732, time  667.9, minPhero 0.01(244), stagnancy 2.7%
[35m[MSG][0m itr   462, best 5575.5732, time  669.3, minPhero 0.01(244), stagnancy 3.0%
[35m[MSG][0m itr   463, best 5575.5732, time  670.8, minPhero 0.01(244), stagnancy 3.3%
[35m[MSG][0m itr   464, best 5575.5732, time  672.2, minPhero 0.01(232), stagnancy 3.7%
[35m[MSG][0m itr   465, best 5575.5732, time  673.7, minPhero 0.01(232), stagnancy 4.0%
[35m[MSG][0m itr   466, best 5575.5732, time  675.1, minPhero 0.01(232), stagnancy 4.3%
[35m[MSG][0m itr   467, best 5575.5732, time  676.6, minPhero 0.01(232), stagnancy 4.7%
[35m[MSG][0m itr   468, best 5575.5732, time  678.1, minPhero 0.01(232), stagnancy 5.0%
[35m[MSG][0m itr   469, best 5575.5732, time  679.5, minPhero 0.01(232), stagnancy 5.3%
[35m[MSG][0m itr   470, best 5575.5732, time  681.0, minPhero 0.01(232), stagnancy 5.7%
[35m[MSG][0m itr   471, best 5575.5732, time  682.5, minPhero 0.01(232), stagnancy 6.0%
[35m[MSG][0m itr   472, best 5575.5732, time  683.8, minPhero 0.01(232), stagnancy 6.3%
[35m[MSG][0m itr   473, best 5575.5732, time  685.2, minPhero 0.01(232), stagnancy 6.7%
[35m[MSG][0m itr   474, best 5575.5732, time  686.7, minPhero 0.01(232), stagnancy 7.0%
[35m[MSG][0m itr   475, best 5575.5732, time  688.1, minPhero 0.01(232), stagnancy 7.3%
[35m[MSG][0m itr   476, best 5575.5732, time  689.6, minPhero 0.01(232), stagnancy 7.7%
[35m[MSG][0m itr   477, best 5575.5732, time  691.0, minPhero 0.01(232), stagnancy 8.0%
[35m[MSG][0m itr   478, best 5575.5732, time  692.4, minPhero 0.01(232), stagnancy 8.3%
[35m[MSG][0m itr   479, best 5575.5732, time  693.9, minPhero 0.01(232), stagnancy 8.7%
[35m[MSG][0m itr   480, best 5575.5732, time  695.3, minPhero 0.01(232), stagnancy 9.0%
[35m[MSG][0m itr   481, best 5575.5732, time  696.8, minPhero 0.01(232), stagnancy 9.3%
[35m[MSG][0m itr   482, best 5575.5732, time  698.3, minPhero 0.01(232), stagnancy 9.7%
[35m[MSG][0m itr   483, best 5575.5732, time  699.7, minPhero 0.01(232), stagnancy 10.0%
[35m[MSG][0m itr   484, best 5575.5732, time  701.2, minPhero 0.01(232), stagnancy 10.3%
[35m[MSG][0m itr   485, best 5575.5732, time  702.7, minPhero 0.01(232), stagnancy 10.7%
[35m[MSG][0m itr   486, best 5575.5732, time  704.1, minPhero 0.01(232), stagnancy 11.0%
[35m[MSG][0m itr   487, best 5575.5732, time  705.6, minPhero 0.01(232), stagnancy 11.3%
[35m[MSG][0m itr   488, best 5575.5732, time  707.1, minPhero 0.01(232), stagnancy 11.7%
[35m[MSG][0m itr   489, best 5575.5732, time  708.6, minPhero 0.01(232), stagnancy 12.0%
[35m[MSG][0m itr   490, best 5575.5732, time  710.0, minPhero 0.01(232), stagnancy 12.3%
[35m[MSG][0m itr   491, best 5575.5732, time  711.5, minPhero 0.01(232), stagnancy 12.7%
[35m[MSG][0m itr   492, best 5575.5732, time  713.0, minPhero 0.01(232), stagnancy 13.0%
[35m[MSG][0m itr   493, best 5575.5732, time  714.4, minPhero 0.01(232), stagnancy 13.3%
[35m[MSG][0m itr   494, best 5575.5732, time  715.8, minPhero 0.01(232), stagnancy 13.7%
[35m[MSG][0m itr   495, best 5575.5732, time  717.3, minPhero 0.01(232), stagnancy 14.0%
[35m[MSG][0m itr   496, best 5575.5732, time  718.8, minPhero 0.01(232), stagnancy 14.3%
[35m[MSG][0m itr   497, best 5575.5732, time  720.2, minPhero 0.01(232), stagnancy 14.7%
[35m[MSG][0m itr   498, best 5575.5732, time  721.7, minPhero 0.01(232), stagnancy 15.0%
[35m[MSG][0m itr   499, best 5575.5732, time  723.2, minPhero 0.01(232), stagnancy 15.3%
[35m[MSG][0m itr   500, best 5575.5732, time  724.6, minPhero 0.01(232), stagnancy 15.7%
[35m[MSG][0m itr   501, best 5575.5732, time  726.1, minPhero 0.01(232), stagnancy 16.0%
[35m[MSG][0m itr   502, best 5575.5732, time  727.5, minPhero 0.01(232), stagnancy 16.3%
[35m[MSG][0m itr   503, best 5575.5732, time  729.0, minPhero 0.01(232), stagnancy 16.7%
[35m[MSG][0m itr   504, best 5575.5732, time  730.5, minPhero 0.01(232), stagnancy 17.0%
[35m[MSG][0m itr   505, best 5575.5732, time  731.9, minPhero 0.01(232), stagnancy 17.3%
[35m[MSG][0m itr   506, best 5575.5732, time  733.4, minPhero 0.01(232), stagnancy 17.7%
[35m[MSG][0m itr   507, best 5575.5732, time  734.8, minPhero 0.01(232), stagnancy 18.0%
[35m[MSG][0m itr   508, best 5575.5732, time  736.3, minPhero 0.01(232), stagnancy 18.3%
[35m[MSG][0m itr   509, best 5575.5732, time  737.8, minPhero 0.01(232), stagnancy 18.7%
[35m[MSG][0m itr   510, best 5575.5732, time  739.2, minPhero 0.01(232), stagnancy 19.0%
[35m[MSG][0m itr   511, best 5575.5732, time  740.7, minPhero 0.01(232), stagnancy 19.3%
[35m[MSG][0m itr   512, best 5575.5732, time  742.1, minPhero 0.01(232), stagnancy 19.7%
[35m[MSG][0m itr   513, best 5575.5732, time  743.6, minPhero 0.01(232), stagnancy 20.0%
[35m[MSG][0m itr   514, best 5575.5732, time  745.1, minPhero 0.01(232), stagnancy 20.3%
[35m[MSG][0m itr   515, best 5575.5732, time  746.5, minPhero 0.01(232), stagnancy 20.7%
[35m[MSG][0m itr   516, best 5575.5732, time  748.0, minPhero 0.01(232), stagnancy 21.0%
[35m[MSG][0m itr   517, best 5575.5732, time  749.4, minPhero 0.01(232), stagnancy 21.3%
[35m[MSG][0m itr   518, best 5575.5732, time  750.9, minPhero 0.01(232), stagnancy 21.7%
[35m[MSG][0m itr   519, best 5575.5732, time  752.4, minPhero 0.01(232), stagnancy 22.0%
[35m[MSG][0m itr   520, best 5575.5732, time  753.8, minPhero 0.01(232), stagnancy 22.3%
[35m[MSG][0m itr   521, best 5575.5732, time  755.3, minPhero 0.01(232), stagnancy 22.7%
[35m[MSG][0m itr   522, best 5575.5732, time  756.8, minPhero 0.01(232), stagnancy 23.0%
[35m[MSG][0m itr   523, best 5575.5732, time  758.2, minPhero 0.01(232), stagnancy 23.3%
[35m[MSG][0m itr   524, best 5575.5732, time  759.6, minPhero 0.01(232), stagnancy 23.7%
[35m[MSG][0m itr   525, best 5575.5732, time  761.1, minPhero 0.01(232), stagnancy 24.0%
[35m[MSG][0m itr   526, best 5575.5732, time  762.6, minPhero 0.01(232), stagnancy 24.3%
[35m[MSG][0m itr   527, best 5575.5732, time  764.0, minPhero 0.01(232), stagnancy 24.7%
[35m[MSG][0m itr   528, best 5575.5732, time  765.5, minPhero 0.01(232), stagnancy 25.0%
[35m[MSG][0m itr   529, best 5575.5732, time  766.9, minPhero 0.01(232), stagnancy 25.3%
[35m[MSG][0m itr   530, best 5575.5732, time  768.4, minPhero 0.01(232), stagnancy 25.7%
[35m[MSG][0m itr   531, best 5575.5732, time  769.8, minPhero 0.01(232), stagnancy 26.0%
[35m[MSG][0m itr   532, best 5575.5732, time  771.3, minPhero 0.01(232), stagnancy 26.3%
[35m[MSG][0m itr   533, best 5575.5732, time  772.8, minPhero 0.01(232), stagnancy 26.7%
[35m[MSG][0m itr   534, best 5575.5732, time  774.1, minPhero 0.01(232), stagnancy 27.0%
[35m[MSG][0m itr   535, best 5575.5732, time  775.5, minPhero 0.01(232), stagnancy 27.3%
[35m[MSG][0m itr   536, best 5575.5732, time  777.0, minPhero 0.01(232), stagnancy 27.7%
[35m[MSG][0m itr   537, best 5575.5732, time  778.5, minPhero 0.01(232), stagnancy 28.0%
[35m[MSG][0m itr   538, best 5575.5732, time  779.9, minPhero 0.01(232), stagnancy 28.3%
[35m[MSG][0m itr   539, best 5575.5732, time  781.4, minPhero 0.01(232), stagnancy 28.7%
[35m[MSG][0m itr   540, best 5575.5732, time  782.9, minPhero 0.01(232), stagnancy 29.0%
[35m[MSG][0m itr   541, best 5575.5732, time  784.3, minPhero 0.01(232), stagnancy 29.3%
[35m[MSG][0m itr   542, best 5575.5732, time  785.8, minPhero 0.01(232), stagnancy 29.7%
[35m[MSG][0m itr   543, best 5575.5732, time  787.2, minPhero 0.01(232), stagnancy 30.0%
[35m[MSG][0m itr   544, best 5575.5732, time  788.7, minPhero 0.01(232), stagnancy 30.3%
[35m[MSG][0m itr   545, best 5575.5732, time  790.2, minPhero 0.01(232), stagnancy 30.7%
[35m[MSG][0m itr   546, best 5575.5732, time  791.7, minPhero 0.01(232), stagnancy 31.0%
[35m[MSG][0m itr   547, best 5575.5732, time  793.2, minPhero 0.01(232), stagnancy 31.3%
[35m[MSG][0m itr   548, best 5575.5732, time  794.6, minPhero 0.01(232), stagnancy 31.7%
[35m[MSG][0m itr   549, best 5575.5732, time  796.1, minPhero 0.01(232), stagnancy 32.0%
[35m[MSG][0m itr   550, best 5575.5732, time  797.6, minPhero 0.01(232), stagnancy 32.3%
[35m[MSG][0m itr   551, best 5575.5732, time  799.1, minPhero 0.01(232), stagnancy 32.7%
[35m[MSG][0m itr   552, best 5575.5732, time  800.5, minPhero 0.01(232), stagnancy 33.0%
[35m[MSG][0m itr   553, best 5575.5732, time  802.0, minPhero 0.01(232), stagnancy 33.3%
[35m[MSG][0m itr   554, best 5575.5732, time  803.4, minPhero 0.01(232), stagnancy 33.7%
[35m[MSG][0m itr   555, best 5575.5732, time  804.9, minPhero 0.01(232), stagnancy 34.0%
[35m[MSG][0m itr   556, best 5575.5732, time  806.3, minPhero 0.01(232), stagnancy 34.3%
[35m[MSG][0m itr   557, best 5575.5732, time  807.8, minPhero 0.01(232), stagnancy 34.7%
[35m[MSG][0m itr   558, best 5575.5732, time  809.3, minPhero 0.01(232), stagnancy 35.0%
[35m[MSG][0m itr   559, best 5575.5732, time  810.8, minPhero 0.01(232), stagnancy 35.3%
[35m[MSG][0m itr   560, best 5575.5732, time  812.2, minPhero 0.01(232), stagnancy 35.7%
[35m[MSG][0m itr   561, best 5575.5732, time  813.6, minPhero 0.01(232), stagnancy 36.0%
[35m[MSG][0m itr   562, best 5575.5732, time  815.1, minPhero 0.01(232), stagnancy 36.3%
[35m[MSG][0m itr   563, best 5575.5732, time  816.6, minPhero 0.01(232), stagnancy 36.7%
[35m[MSG][0m itr   564, best 5575.5732, time  818.0, minPhero 0.01(232), stagnancy 37.0%
[35m[MSG][0m itr   565, best 5575.5732, time  819.5, minPhero 0.01(232), stagnancy 37.3%
[35m[MSG][0m itr   566, best 5575.5732, time  820.9, minPhero 0.01(232), stagnancy 37.7%
[35m[MSG][0m itr   567, best 5575.5732, time  822.4, minPhero 0.01(232), stagnancy 38.0%
[35m[MSG][0m itr   568, best 5575.5732, time  823.8, minPhero 0.01(232), stagnancy 38.3%
[35m[MSG][0m itr   569, best 5575.5732, time  825.3, minPhero 0.01(232), stagnancy 38.7%
[35m[MSG][0m itr   570, best 5575.5732, time  826.8, minPhero 0.01(232), stagnancy 39.0%
[35m[MSG][0m itr   571, best 5575.5732, time  828.3, minPhero 0.01(232), stagnancy 39.3%
[35m[MSG][0m itr   572, best 5575.5732, time  829.8, minPhero 0.01(232), stagnancy 39.7%
[35m[MSG][0m itr   573, best 5575.5732, time  831.2, minPhero 0.01(232), stagnancy 40.0%
[35m[MSG][0m itr   574, best 5575.5732, time  832.7, minPhero 0.01(232), stagnancy 40.3%
[35m[MSG][0m itr   575, best 5575.5732, time  834.1, minPhero 0.01(232), stagnancy 40.7%
[35m[MSG][0m itr   576, best 5575.5732, time  835.5, minPhero 0.01(232), stagnancy 41.0%
[35m[MSG][0m itr   577, best 5575.5732, time  837.0, minPhero 0.01(232), stagnancy 41.3%
[35m[MSG][0m itr   578, best 5575.5732, time  838.4, minPhero 0.01(232), stagnancy 41.7%
[35m[MSG][0m itr   579, best 5575.5732, time  839.9, minPhero 0.01(232), stagnancy 42.0%
[35m[MSG][0m itr   580, best 5575.5732, time  841.3, minPhero 0.01(232), stagnancy 42.3%
[35m[MSG][0m itr   581, best 5575.3726, time  842.8, minPhero 0.01(236), stagnancy 0.0%
[35m[MSG][0m itr   582, best 5575.3726, time  844.3, minPhero 0.01(236), stagnancy 0.3%
[35m[MSG][0m itr   583, best 5575.3726, time  845.7, minPhero 0.01(236), stagnancy 0.7%
[35m[MSG][0m itr   584, best 5575.3726, time  847.2, minPhero 0.01(236), stagnancy 1.0%
[35m[MSG][0m itr   585, best 5575.3726, time  848.6, minPhero 0.01(236), stagnancy 1.3%
[35m[MSG][0m itr   586, best 5575.3726, time  850.1, minPhero 0.01(236), stagnancy 1.7%
[35m[MSG][0m itr   587, best 5575.3726, time  851.6, minPhero 0.01(236), stagnancy 2.0%
[35m[MSG][0m itr   588, best 5575.3721, time  852.9, minPhero 0.01(236), stagnancy 0.0%
[35m[MSG][0m itr   589, best 5575.3721, time  854.3, minPhero 0.01(236), stagnancy 0.3%
[35m[MSG][0m itr   590, best 5575.3721, time  855.8, minPhero 0.01(236), stagnancy 0.7%
[35m[MSG][0m itr   591, best 5574.6401, time  857.1, minPhero 0.01(238), stagnancy 0.0%
[35m[MSG][0m itr   592, best 5574.6401, time  858.6, minPhero 0.01(238), stagnancy 0.3%
[35m[MSG][0m itr   593, best 5574.6401, time  860.0, minPhero 0.01(238), stagnancy 0.7%
[35m[MSG][0m itr   594, best 5574.6401, time  861.3, minPhero 0.01(238), stagnancy 1.0%
[35m[MSG][0m itr   595, best 5574.6401, time  862.8, minPhero 0.01(238), stagnancy 1.3%
[35m[MSG][0m itr   596, best 5574.6401, time  864.3, minPhero 0.01(238), stagnancy 1.7%
[35m[MSG][0m itr   597, best 5574.6396, time  865.8, minPhero 0.01(238), stagnancy 0.0%
[35m[MSG][0m itr   598, best 5574.6396, time  867.2, minPhero 0.01(238), stagnancy 0.3%
[35m[MSG][0m itr   599, best 5574.6396, time  868.7, minPhero 0.01(238), stagnancy 0.7%
[35m[MSG][0m itr   600, best 5574.6396, time  870.1, minPhero 0.01(238), stagnancy 1.0%
[35m[MSG][0m itr   601, best 5574.6396, time  871.5, minPhero 0.01(238), stagnancy 1.3%
[35m[MSG][0m itr   602, best 5574.6396, time  872.9, minPhero 0.01(238), stagnancy 1.7%
[35m[MSG][0m itr   603, best 5574.6396, time  874.3, minPhero 0.01(235), stagnancy 2.0%
[35m[MSG][0m itr   604, best 5574.6396, time  875.8, minPhero 0.01(235), stagnancy 2.3%
[35m[MSG][0m itr   605, best 5574.6396, time  877.2, minPhero 0.01(235), stagnancy 2.7%
[35m[MSG][0m itr   606, best 5574.6396, time  878.7, minPhero 0.01(235), stagnancy 3.0%
[35m[MSG][0m itr   607, best 5574.6396, time  880.1, minPhero 0.01(235), stagnancy 3.3%
[35m[MSG][0m itr   608, best 5574.6396, time  881.6, minPhero 0.01(235), stagnancy 3.7%
[35m[MSG][0m itr   609, best 5574.6396, time  883.0, minPhero 0.01(235), stagnancy 4.0%
[35m[MSG][0m itr   610, best 5574.6396, time  884.5, minPhero 0.01(235), stagnancy 4.3%
[35m[MSG][0m itr   611, best 5574.6396, time  885.9, minPhero 0.01(235), stagnancy 4.7%
[35m[MSG][0m itr   612, best 5574.6396, time  887.2, minPhero 0.01(233), stagnancy 5.0%
[35m[MSG][0m itr   613, best 5574.6396, time  888.7, minPhero 0.01(232), stagnancy 5.3%
[35m[MSG][0m itr   614, best 5574.6396, time  890.2, minPhero 0.01(232), stagnancy 5.7%
[35m[MSG][0m itr   615, best 5574.6396, time  891.6, minPhero 0.01(232), stagnancy 6.0%
[35m[MSG][0m itr   616, best 5574.6396, time  893.1, minPhero 0.01(232), stagnancy 6.3%
[35m[MSG][0m itr   617, best 5574.6396, time  894.5, minPhero 0.01(232), stagnancy 6.7%
[35m[MSG][0m itr   618, best 5574.6396, time  896.0, minPhero 0.01(232), stagnancy 7.0%
[35m[MSG][0m itr   619, best 5574.6396, time  897.5, minPhero 0.01(232), stagnancy 7.3%
[35m[MSG][0m itr   620, best 5574.6396, time  899.0, minPhero 0.01(232), stagnancy 7.7%
[35m[MSG][0m itr   621, best 5574.6396, time  900.4, minPhero 0.01(232), stagnancy 8.0%
[35m[MSG][0m itr   622, best 5574.6396, time  901.9, minPhero 0.01(232), stagnancy 8.3%
[35m[MSG][0m itr   623, best 5574.6396, time  903.3, minPhero 0.01(232), stagnancy 8.7%
[35m[MSG][0m itr   624, best 5574.6396, time  904.8, minPhero 0.01(232), stagnancy 9.0%
[35m[MSG][0m itr   625, best 5574.6396, time  906.3, minPhero 0.01(232), stagnancy 9.3%
[35m[MSG][0m itr   626, best 5574.6396, time  907.7, minPhero 0.01(232), stagnancy 9.7%
[35m[MSG][0m itr   627, best 5574.6396, time  909.2, minPhero 0.01(232), stagnancy 10.0%
[35m[MSG][0m itr   628, best 5574.6396, time  910.7, minPhero 0.01(232), stagnancy 10.3%
[35m[MSG][0m itr   629, best 5574.6396, time  912.1, minPhero 0.01(232), stagnancy 10.7%
[35m[MSG][0m itr   630, best 5574.6396, time  913.6, minPhero 0.01(232), stagnancy 11.0%
[35m[MSG][0m itr   631, best 5574.6396, time  915.0, minPhero 0.01(232), stagnancy 11.3%
[35m[MSG][0m itr   632, best 5574.6396, time  916.5, minPhero 0.01(232), stagnancy 11.7%
[35m[MSG][0m itr   633, best 5574.6396, time  918.0, minPhero 0.01(232), stagnancy 12.0%
[35m[MSG][0m itr   634, best 5574.6396, time  919.4, minPhero 0.01(232), stagnancy 12.3%
[35m[MSG][0m itr   635, best 5574.6396, time  920.9, minPhero 0.01(232), stagnancy 12.7%
[35m[MSG][0m itr   636, best 5574.6396, time  922.4, minPhero 0.01(232), stagnancy 13.0%
[35m[MSG][0m itr   637, best 5574.6396, time  923.8, minPhero 0.01(232), stagnancy 13.3%
[35m[MSG][0m itr   638, best 5574.6396, time  925.3, minPhero 0.01(232), stagnancy 13.7%
[35m[MSG][0m itr   639, best 5574.6396, time  926.8, minPhero 0.01(232), stagnancy 14.0%
[35m[MSG][0m itr   640, best 5574.6396, time  928.3, minPhero 0.01(232), stagnancy 14.3%
[35m[MSG][0m itr   641, best 5574.6396, time  929.7, minPhero 0.01(232), stagnancy 14.7%
[35m[MSG][0m itr   642, best 5574.6396, time  931.2, minPhero 0.01(232), stagnancy 15.0%
[35m[MSG][0m itr   643, best 5574.6396, time  932.6, minPhero 0.01(232), stagnancy 15.3%
[35m[MSG][0m itr   644, best 5574.6396, time  934.1, minPhero 0.01(232), stagnancy 15.7%
[35m[MSG][0m itr   645, best 5574.6396, time  935.6, minPhero 0.01(232), stagnancy 16.0%
[35m[MSG][0m itr   646, best 5574.6396, time  937.0, minPhero 0.01(232), stagnancy 16.3%
[35m[MSG][0m itr   647, best 5574.6396, time  938.5, minPhero 0.01(232), stagnancy 16.7%
[35m[MSG][0m itr   648, best 5574.6396, time  939.9, minPhero 0.01(232), stagnancy 17.0%
[35m[MSG][0m itr   649, best 5574.6396, time  941.4, minPhero 0.01(232), stagnancy 17.3%
[35m[MSG][0m itr   650, best 5574.6396, time  942.8, minPhero 0.01(232), stagnancy 17.7%
[35m[MSG][0m itr   651, best 5574.6396, time  944.3, minPhero 0.01(232), stagnancy 18.0%
[35m[MSG][0m itr   652, best 5574.6396, time  945.8, minPhero 0.01(232), stagnancy 18.3%
[35m[MSG][0m itr   653, best 5574.6396, time  947.2, minPhero 0.01(232), stagnancy 18.7%
[35m[MSG][0m itr   654, best 5574.6396, time  948.7, minPhero 0.01(232), stagnancy 19.0%
[35m[MSG][0m itr   655, best 5574.6396, time  950.2, minPhero 0.01(232), stagnancy 19.3%
[35m[MSG][0m itr   656, best 5574.6396, time  951.6, minPhero 0.01(232), stagnancy 19.7%
[35m[MSG][0m itr   657, best 5574.6396, time  953.1, minPhero 0.01(232), stagnancy 20.0%
[35m[MSG][0m itr   658, best 5574.6396, time  954.6, minPhero 0.01(232), stagnancy 20.3%
[35m[MSG][0m itr   659, best 5574.6396, time  956.0, minPhero 0.01(232), stagnancy 20.7%
[35m[MSG][0m itr   660, best 5574.6396, time  957.5, minPhero 0.01(232), stagnancy 21.0%
[35m[MSG][0m itr   661, best 5574.6396, time  959.0, minPhero 0.01(232), stagnancy 21.3%
[35m[MSG][0m itr   662, best 5574.6396, time  960.4, minPhero 0.01(232), stagnancy 21.7%
[35m[MSG][0m itr   663, best 5574.6396, time  961.9, minPhero 0.01(232), stagnancy 22.0%
[35m[MSG][0m itr   664, best 5574.6396, time  963.4, minPhero 0.01(232), stagnancy 22.3%
[35m[MSG][0m itr   665, best 5574.6396, time  964.9, minPhero 0.01(232), stagnancy 22.7%
[35m[MSG][0m itr   666, best 5574.6396, time  966.3, minPhero 0.01(232), stagnancy 23.0%
[35m[MSG][0m itr   667, best 5574.6396, time  967.8, minPhero 0.01(232), stagnancy 23.3%
[35m[MSG][0m itr   668, best 5574.6396, time  969.3, minPhero 0.01(232), stagnancy 23.7%
[35m[MSG][0m itr   669, best 5574.6396, time  970.7, minPhero 0.01(232), stagnancy 24.0%
[35m[MSG][0m itr   670, best 5574.6396, time  972.2, minPhero 0.01(232), stagnancy 24.3%
[35m[MSG][0m itr   671, best 5574.6396, time  973.6, minPhero 0.01(232), stagnancy 24.7%
[35m[MSG][0m itr   672, best 5574.6396, time  975.1, minPhero 0.01(232), stagnancy 25.0%
[35m[MSG][0m itr   673, best 5574.6396, time  976.5, minPhero 0.01(232), stagnancy 25.3%
[35m[MSG][0m itr   674, best 5574.6396, time  978.0, minPhero 0.01(232), stagnancy 25.7%
[35m[MSG][0m itr   675, best 5574.6396, time  979.5, minPhero 0.01(232), stagnancy 26.0%
[35m[MSG][0m itr   676, best 5574.6396, time  980.9, minPhero 0.01(232), stagnancy 26.3%
[35m[MSG][0m itr   677, best 5574.6396, time  982.4, minPhero 0.01(232), stagnancy 26.7%
[35m[MSG][0m itr   678, best 5574.6396, time  983.9, minPhero 0.01(232), stagnancy 27.0%
[35m[MSG][0m itr   679, best 5574.6396, time  985.3, minPhero 0.01(232), stagnancy 27.3%
[35m[MSG][0m itr   680, best 5574.6396, time  986.8, minPhero 0.01(232), stagnancy 27.7%
[35m[MSG][0m itr   681, best 5574.6396, time  988.2, minPhero 0.01(232), stagnancy 28.0%
[35m[MSG][0m itr   682, best 5574.6396, time  989.7, minPhero 0.01(232), stagnancy 28.3%
[35m[MSG][0m itr   683, best 5574.6396, time  991.2, minPhero 0.01(232), stagnancy 28.7%
[35m[MSG][0m itr   684, best 5574.6396, time  992.6, minPhero 0.01(232), stagnancy 29.0%
[35m[MSG][0m itr   685, best 5574.6396, time  994.1, minPhero 0.01(232), stagnancy 29.3%
[35m[MSG][0m itr   686, best 5574.6396, time  995.5, minPhero 0.01(232), stagnancy 29.7%
[35m[MSG][0m itr   687, best 5574.6396, time  997.0, minPhero 0.01(232), stagnancy 30.0%
[35m[MSG][0m itr   688, best 5574.6396, time  998.4, minPhero 0.01(232), stagnancy 30.3%
[35m[MSG][0m itr   689, best 5574.6396, time  999.8, minPhero 0.01(232), stagnancy 30.7%
[35m[MSG][0m itr   690, best 5574.6396, time 1001.3, minPhero 0.01(232), stagnancy 31.0%
[35m[MSG][0m itr   691, best 5574.6396, time 1002.8, minPhero 0.01(232), stagnancy 31.3%
[35m[MSG][0m itr   692, best 5574.6396, time 1004.2, minPhero 0.01(232), stagnancy 31.7%
[35m[MSG][0m itr   693, best 5574.6396, time 1005.7, minPhero 0.01(232), stagnancy 32.0%
[35m[MSG][0m itr   694, best 5574.6396, time 1007.2, minPhero 0.01(232), stagnancy 32.3%
[35m[MSG][0m itr   695, best 5574.6396, time 1008.6, minPhero 0.01(232), stagnancy 32.7%
[35m[MSG][0m itr   696, best 5574.6396, time 1010.1, minPhero 0.01(232), stagnancy 33.0%
[35m[MSG][0m itr   697, best 5574.6396, time 1011.6, minPhero 0.01(232), stagnancy 33.3%
[35m[MSG][0m itr   698, best 5574.6396, time 1013.0, minPhero 0.01(232), stagnancy 33.7%
[35m[MSG][0m itr   699, best 5574.6396, time 1014.5, minPhero 0.01(232), stagnancy 34.0%
[35m[MSG][0m itr   700, best 5574.6396, time 1016.0, minPhero 0.01(232), stagnancy 34.3%
[35m[MSG][0m itr   701, best 5574.6396, time 1017.4, minPhero 0.01(232), stagnancy 34.7%
[35m[MSG][0m itr   702, best 5574.6396, time 1018.9, minPhero 0.01(232), stagnancy 35.0%
[35m[MSG][0m itr   703, best 5574.6396, time 1020.4, minPhero 0.01(232), stagnancy 35.3%
[35m[MSG][0m itr   704, best 5574.6396, time 1021.8, minPhero 0.01(232), stagnancy 35.7%
[35m[MSG][0m itr   705, best 5574.6396, time 1023.3, minPhero 0.01(232), stagnancy 36.0%
[35m[MSG][0m itr   706, best 5574.6396, time 1024.8, minPhero 0.01(232), stagnancy 36.3%
[35m[MSG][0m itr   707, best 5574.6396, time 1026.2, minPhero 0.01(232), stagnancy 36.7%
[35m[MSG][0m itr   708, best 5574.6396, time 1027.7, minPhero 0.01(232), stagnancy 37.0%
[35m[MSG][0m itr   709, best 5574.6396, time 1029.1, minPhero 0.01(232), stagnancy 37.3%
[35m[MSG][0m itr   710, best 5574.6396, time 1030.6, minPhero 0.01(232), stagnancy 37.7%
[35m[MSG][0m itr   711, best 5574.6396, time 1032.0, minPhero 0.01(232), stagnancy 38.0%
[35m[MSG][0m itr   712, best 5574.6396, time 1033.5, minPhero 0.01(232), stagnancy 38.3%
[35m[MSG][0m itr   713, best 5574.6396, time 1034.9, minPhero 0.01(232), stagnancy 38.7%
[35m[MSG][0m itr   714, best 5574.6396, time 1036.4, minPhero 0.01(232), stagnancy 39.0%
[35m[MSG][0m itr   715, best 5574.6396, time 1037.8, minPhero 0.01(232), stagnancy 39.3%
[35m[MSG][0m itr   716, best 5574.6396, time 1039.3, minPhero 0.01(232), stagnancy 39.7%
[35m[MSG][0m itr   717, best 5574.6396, time 1040.7, minPhero 0.01(232), stagnancy 40.0%
[35m[MSG][0m itr   718, best 5574.6396, time 1042.1, minPhero 0.01(232), stagnancy 40.3%
[35m[MSG][0m itr   719, best 5574.6396, time 1043.6, minPhero 0.01(232), stagnancy 40.7%
[35m[MSG][0m itr   720, best 5574.6396, time 1045.0, minPhero 0.01(232), stagnancy 41.0%
[35m[MSG][0m itr   721, best 5574.6396, time 1046.5, minPhero 0.01(232), stagnancy 41.3%
[35m[MSG][0m itr   722, best 5574.6396, time 1047.9, minPhero 0.01(232), stagnancy 41.7%
[35m[MSG][0m itr   723, best 5574.6396, time 1049.4, minPhero 0.01(232), stagnancy 42.0%
[35m[MSG][0m itr   724, best 5574.6396, time 1050.8, minPhero 0.01(232), stagnancy 42.3%
[35m[MSG][0m itr   725, best 5574.6396, time 1052.1, minPhero 0.01(232), stagnancy 42.7%
[35m[MSG][0m itr   726, best 5574.6396, time 1053.5, minPhero 0.01(232), stagnancy 43.0%
[35m[MSG][0m itr   727, best 5574.6396, time 1055.0, minPhero 0.01(232), stagnancy 43.3%
[35m[MSG][0m itr   728, best 5574.6396, time 1056.5, minPhero 0.01(232), stagnancy 43.7%
[35m[MSG][0m itr   729, best 5574.6396, time 1057.9, minPhero 0.01(232), stagnancy 44.0%
[35m[MSG][0m itr   730, best 5574.6396, time 1059.4, minPhero 0.01(232), stagnancy 44.3%
[35m[MSG][0m itr   731, best 5574.6396, time 1060.7, minPhero 0.01(232), stagnancy 44.7%
[35m[MSG][0m itr   732, best 5574.6396, time 1062.2, minPhero 0.01(232), stagnancy 45.0%
[35m[MSG][0m itr   733, best 5574.6396, time 1063.7, minPhero 0.01(232), stagnancy 45.3%
[35m[MSG][0m itr   734, best 5574.6396, time 1065.2, minPhero 0.01(232), stagnancy 45.7%
[35m[MSG][0m itr   735, best 5574.6396, time 1066.6, minPhero 0.01(232), stagnancy 46.0%
[35m[MSG][0m itr   736, best 5574.6396, time 1068.1, minPhero 0.01(232), stagnancy 46.3%
[35m[MSG][0m itr   737, best 5574.6396, time 1069.6, minPhero 0.01(232), stagnancy 46.7%
[35m[MSG][0m itr   738, best 5574.6396, time 1070.9, minPhero 0.01(232), stagnancy 47.0%
[35m[MSG][0m itr   739, best 5574.6396, time 1072.4, minPhero 0.01(232), stagnancy 47.3%
[35m[MSG][0m itr   740, best 5574.6396, time 1073.9, minPhero 0.01(232), stagnancy 47.7%
[35m[MSG][0m itr   741, best 5574.6396, time 1075.3, minPhero 0.01(232), stagnancy 48.0%
[35m[MSG][0m itr   742, best 5574.6396, time 1076.8, minPhero 0.01(232), stagnancy 48.3%
[35m[MSG][0m itr   743, best 5574.6396, time 1078.3, minPhero 0.01(232), stagnancy 48.7%
[35m[MSG][0m itr   744, best 5574.6396, time 1079.7, minPhero 0.01(232), stagnancy 49.0%
[35m[MSG][0m itr   745, best 5574.6396, time 1081.1, minPhero 0.01(232), stagnancy 49.3%
[35m[MSG][0m itr   746, best 5574.6396, time 1082.4, minPhero 0.01(232), stagnancy 49.7%
[35m[MSG][0m itr   747, best 5574.6396, time 1083.9, minPhero 0.01(232), stagnancy 50.0%
[35m[MSG][0m itr   748, best 5574.6396, time 1085.4, minPhero 0.01(232), stagnancy 50.3%
[35m[MSG][0m itr   749, best 5574.6396, time 1086.8, minPhero 0.01(232), stagnancy 50.7%
[35m[MSG][0m itr   750, best 5574.6396, time 1088.3, minPhero 0.01(232), stagnancy 51.0%
[35m[MSG][0m itr   751, best 5574.6396, time 1089.7, minPhero 0.01(232), stagnancy 51.3%
[35m[MSG][0m itr   752, best 5574.6396, time 1091.0, minPhero 0.01(232), stagnancy 51.7%
[35m[MSG][0m itr   753, best 5574.6396, time 1092.5, minPhero 0.01(232), stagnancy 52.0%
[35m[MSG][0m itr   754, best 5574.6396, time 1094.0, minPhero 0.01(232), stagnancy 52.3%
[35m[MSG][0m itr   755, best 5574.6396, time 1095.4, minPhero 0.01(232), stagnancy 52.7%
[35m[MSG][0m itr   756, best 5574.6396, time 1096.9, minPhero 0.01(232), stagnancy 53.0%
[35m[MSG][0m itr   757, best 5574.6396, time 1098.4, minPhero 0.01(232), stagnancy 53.3%
[35m[MSG][0m itr   758, best 5574.6396, time 1099.8, minPhero 0.01(232), stagnancy 53.7%
[35m[MSG][0m itr   759, best 5574.6396, time 1101.2, minPhero 0.01(232), stagnancy 54.0%
[35m[MSG][0m itr   760, best 5574.6396, time 1102.7, minPhero 0.01(232), stagnancy 54.3%
[35m[MSG][0m itr   761, best 5574.6396, time 1104.1, minPhero 0.01(232), stagnancy 54.7%
[35m[MSG][0m itr   762, best 5574.6396, time 1105.6, minPhero 0.01(232), stagnancy 55.0%
[35m[MSG][0m itr   763, best 5574.6396, time 1107.1, minPhero 0.01(232), stagnancy 55.3%
[35m[MSG][0m itr   764, best 5574.6396, time 1108.5, minPhero 0.01(232), stagnancy 55.7%
[35m[MSG][0m itr   765, best 5574.6396, time 1110.0, minPhero 0.01(232), stagnancy 56.0%
[35m[MSG][0m itr   766, best 5574.6396, time 1111.4, minPhero 0.01(232), stagnancy 56.3%
[35m[MSG][0m itr   767, best 5574.6396, time 1112.8, minPhero 0.01(232), stagnancy 56.7%
[35m[MSG][0m itr   768, best 5574.6396, time 1114.3, minPhero 0.01(232), stagnancy 57.0%
[35m[MSG][0m itr   769, best 5574.6396, time 1115.7, minPhero 0.01(232), stagnancy 57.3%
[35m[MSG][0m itr   770, best 5574.6396, time 1117.2, minPhero 0.01(232), stagnancy 57.7%
[35m[MSG][0m itr   771, best 5574.6396, time 1118.6, minPhero 0.01(232), stagnancy 58.0%
[35m[MSG][0m itr   772, best 5574.6396, time 1120.1, minPhero 0.01(232), stagnancy 58.3%
[35m[MSG][0m itr   773, best 5574.6396, time 1121.5, minPhero 0.01(232), stagnancy 58.7%
[35m[MSG][0m itr   774, best 5574.6396, time 1123.0, minPhero 0.01(232), stagnancy 59.0%
[35m[MSG][0m itr   775, best 5574.6396, time 1124.4, minPhero 0.01(232), stagnancy 59.3%
[35m[MSG][0m itr   776, best 5574.6396, time 1125.9, minPhero 0.01(232), stagnancy 59.7%
[35m[MSG][0m itr   777, best 5574.6396, time 1127.4, minPhero 0.01(232), stagnancy 60.0%
[35m[MSG][0m itr   778, best 5574.6396, time 1128.7, minPhero 0.01(232), stagnancy 60.3%
[35m[MSG][0m itr   779, best 5574.6396, time 1130.1, minPhero 0.01(232), stagnancy 60.7%
[35m[MSG][0m itr   780, best 5574.6396, time 1131.6, minPhero 0.01(232), stagnancy 61.0%
[35m[MSG][0m itr   781, best 5574.6396, time 1133.1, minPhero 0.01(232), stagnancy 61.3%
[35m[MSG][0m itr   782, best 5574.6396, time 1134.5, minPhero 0.01(232), stagnancy 61.7%
[35m[MSG][0m itr   783, best 5574.6396, time 1136.0, minPhero 0.01(232), stagnancy 62.0%
[35m[MSG][0m itr   784, best 5574.6396, time 1137.5, minPhero 0.01(232), stagnancy 62.3%
[35m[MSG][0m itr   785, best 5574.6396, time 1138.9, minPhero 0.01(232), stagnancy 62.7%
[35m[MSG][0m itr   786, best 5574.6396, time 1140.4, minPhero 0.01(232), stagnancy 63.0%
[35m[MSG][0m itr   787, best 5574.6396, time 1141.8, minPhero 0.01(232), stagnancy 63.3%
[35m[MSG][0m itr   788, best 5574.6396, time 1143.3, minPhero 0.01(232), stagnancy 63.7%
[35m[MSG][0m itr   789, best 5574.6396, time 1144.8, minPhero 0.01(232), stagnancy 64.0%
[35m[MSG][0m itr   790, best 5574.6396, time 1146.2, minPhero 0.01(232), stagnancy 64.3%
[35m[MSG][0m itr   791, best 5574.6396, time 1147.7, minPhero 0.01(232), stagnancy 64.7%
[35m[MSG][0m itr   792, best 5574.6396, time 1149.2, minPhero 0.01(232), stagnancy 65.0%
[35m[MSG][0m itr   793, best 5574.6396, time 1150.6, minPhero 0.01(232), stagnancy 65.3%
[35m[MSG][0m itr   794, best 5574.6396, time 1152.1, minPhero 0.01(232), stagnancy 65.7%
[35m[MSG][0m itr   795, best 5574.6396, time 1153.5, minPhero 0.01(232), stagnancy 66.0%
[35m[MSG][0m itr   796, best 5574.6396, time 1155.0, minPhero 0.01(232), stagnancy 66.3%
[35m[MSG][0m itr   797, best 5574.6396, time 1156.5, minPhero 0.01(232), stagnancy 66.7%
[35m[MSG][0m itr   798, best 5574.6396, time 1158.0, minPhero 0.01(232), stagnancy 67.0%
[35m[MSG][0m itr   799, best 5574.6396, time 1159.4, minPhero 0.01(232), stagnancy 67.3%
[35m[MSG][0m itr   800, best 5574.6396, time 1160.9, minPhero 0.01(232), stagnancy 67.7%
[35m[MSG][0m itr   801, best 5574.6396, time 1162.4, minPhero 0.01(232), stagnancy 68.0%
[35m[MSG][0m itr   802, best 5574.6396, time 1163.9, minPhero 0.01(232), stagnancy 68.3%
[35m[MSG][0m itr   803, best 5574.6396, time 1165.3, minPhero 0.01(232), stagnancy 68.7%
[35m[MSG][0m itr   804, best 5574.6396, time 1166.8, minPhero 0.01(232), stagnancy 69.0%
[35m[MSG][0m itr   805, best 5574.6396, time 1168.2, minPhero 0.01(232), stagnancy 69.3%
[35m[MSG][0m itr   806, best 5574.6396, time 1169.7, minPhero 0.01(232), stagnancy 69.7%
[35m[MSG][0m itr   807, best 5574.6396, time 1171.2, minPhero 0.01(232), stagnancy 70.0%
[35m[MSG][0m itr   808, best 5574.6396, time 1172.6, minPhero 0.01(232), stagnancy 70.3%
[35m[MSG][0m itr   809, best 5574.6396, time 1174.1, minPhero 0.01(232), stagnancy 70.7%
[35m[MSG][0m itr   810, best 5574.6396, time 1175.5, minPhero 0.01(232), stagnancy 71.0%
[35m[MSG][0m itr   811, best 5574.6396, time 1177.0, minPhero 0.01(232), stagnancy 71.3%
[35m[MSG][0m itr   812, best 5574.6396, time 1178.4, minPhero 0.01(232), stagnancy 71.7%
[35m[MSG][0m itr   813, best 5574.6396, time 1179.9, minPhero 0.01(232), stagnancy 72.0%
[35m[MSG][0m itr   814, best 5574.6396, time 1181.4, minPhero 0.01(232), stagnancy 72.3%
[35m[MSG][0m itr   815, best 5574.6396, time 1182.8, minPhero 0.01(232), stagnancy 72.7%
[35m[MSG][0m itr   816, best 5574.6396, time 1184.3, minPhero 0.01(232), stagnancy 73.0%
[35m[MSG][0m itr   817, best 5574.6396, time 1185.7, minPhero 0.01(232), stagnancy 73.3%
[35m[MSG][0m itr   818, best 5574.6396, time 1187.2, minPhero 0.01(232), stagnancy 73.7%
[35m[MSG][0m itr   819, best 5574.6396, time 1188.7, minPhero 0.01(232), stagnancy 74.0%
[35m[MSG][0m itr   820, best 5574.6396, time 1190.1, minPhero 0.01(232), stagnancy 74.3%
[35m[MSG][0m itr   821, best 5574.6396, time 1191.6, minPhero 0.01(232), stagnancy 74.7%
[35m[MSG][0m itr   822, best 5574.6396, time 1193.0, minPhero 0.01(232), stagnancy 75.0%
[35m[MSG][0m itr   823, best 5574.6396, time 1194.5, minPhero 0.01(232), stagnancy 75.3%
[35m[MSG][0m itr   824, best 5574.6396, time 1196.0, minPhero 0.01(232), stagnancy 75.7%
[35m[MSG][0m itr   825, best 5574.6396, time 1197.5, minPhero 0.01(232), stagnancy 76.0%
[35m[MSG][0m itr   826, best 5574.6396, time 1199.0, minPhero 0.01(232), stagnancy 76.3%
[35m[MSG][0m itr   827, best 5574.6396, time 1200.4, minPhero 0.01(232), stagnancy 76.7%
[35m[MSG][0m itr   828, best 5574.6396, time 1201.9, minPhero 0.01(232), stagnancy 77.0%
[35m[MSG][0m itr   829, best 5574.6396, time 1203.4, minPhero 0.01(232), stagnancy 77.3%
[35m[MSG][0m itr   830, best 5574.6396, time 1204.8, minPhero 0.01(232), stagnancy 77.7%
[35m[MSG][0m itr   831, best 5574.6396, time 1206.3, minPhero 0.01(232), stagnancy 78.0%
[35m[MSG][0m itr   832, best 5574.6396, time 1207.8, minPhero 0.01(232), stagnancy 78.3%
[35m[MSG][0m itr   833, best 5574.6396, time 1209.3, minPhero 0.01(232), stagnancy 78.7%
[35m[MSG][0m itr   834, best 5574.6396, time 1210.8, minPhero 0.01(232), stagnancy 79.0%
[35m[MSG][0m itr   835, best 5574.6396, time 1212.2, minPhero 0.01(232), stagnancy 79.3%
[35m[MSG][0m itr   836, best 5574.6396, time 1213.7, minPhero 0.01(232), stagnancy 79.7%
[35m[MSG][0m itr   837, best 5574.6396, time 1215.1, minPhero 0.01(232), stagnancy 80.0%
[35m[MSG][0m itr   838, best 5574.6396, time 1216.6, minPhero 0.01(232), stagnancy 80.3%
[35m[MSG][0m itr   839, best 5574.6396, time 1218.1, minPhero 0.01(232), stagnancy 80.7%
[35m[MSG][0m itr   840, best 5574.6396, time 1219.6, minPhero 0.01(232), stagnancy 81.0%
[35m[MSG][0m itr   841, best 5574.6396, time 1221.1, minPhero 0.01(232), stagnancy 81.3%
[35m[MSG][0m itr   842, best 5574.6396, time 1222.5, minPhero 0.01(232), stagnancy 81.7%
[35m[MSG][0m itr   843, best 5574.6396, time 1224.0, minPhero 0.01(232), stagnancy 82.0%
[35m[MSG][0m itr   844, best 5574.6396, time 1225.4, minPhero 0.01(232), stagnancy 82.3%
[35m[MSG][0m itr   845, best 5574.6396, time 1226.9, minPhero 0.01(232), stagnancy 82.7%
[35m[MSG][0m itr   846, best 5574.6396, time 1228.4, minPhero 0.01(232), stagnancy 83.0%
[35m[MSG][0m itr   847, best 5574.6396, time 1229.8, minPhero 0.01(232), stagnancy 83.3%
[35m[MSG][0m itr   848, best 5574.6396, time 1231.3, minPhero 0.01(232), stagnancy 83.7%
[35m[MSG][0m itr   849, best 5574.6396, time 1232.7, minPhero 0.01(232), stagnancy 84.0%
[35m[MSG][0m itr   850, best 5574.6396, time 1234.2, minPhero 0.01(232), stagnancy 84.3%
[35m[MSG][0m itr   851, best 5574.6396, time 1235.6, minPhero 0.01(232), stagnancy 84.7%
[35m[MSG][0m itr   852, best 5574.6396, time 1237.0, minPhero 0.01(232), stagnancy 85.0%
[35m[MSG][0m itr   853, best 5574.6396, time 1238.4, minPhero 0.01(232), stagnancy 85.3%
[35m[MSG][0m itr   854, best 5574.6396, time 1239.8, minPhero 0.01(232), stagnancy 85.7%
[35m[MSG][0m itr   855, best 5574.6396, time 1241.3, minPhero 0.01(232), stagnancy 86.0%
[35m[MSG][0m itr   856, best 5574.6396, time 1242.8, minPhero 0.01(232), stagnancy 86.3%
[35m[MSG][0m itr   857, best 5574.6396, time 1244.2, minPhero 0.01(232), stagnancy 86.7%
[35m[MSG][0m itr   858, best 5574.6396, time 1245.7, minPhero 0.01(232), stagnancy 87.0%
[35m[MSG][0m itr   859, best 5574.6396, time 1247.1, minPhero 0.01(232), stagnancy 87.3%
[35m[MSG][0m itr   860, best 5574.6396, time 1248.6, minPhero 0.01(232), stagnancy 87.7%
[35m[MSG][0m itr   861, best 5574.6396, time 1250.1, minPhero 0.01(232), stagnancy 88.0%
[35m[MSG][0m itr   862, best 5574.6396, time 1251.5, minPhero 0.01(232), stagnancy 88.3%
[35m[MSG][0m itr   863, best 5574.6396, time 1253.0, minPhero 0.01(232), stagnancy 88.7%
[35m[MSG][0m itr   864, best 5574.6396, time 1254.5, minPhero 0.01(232), stagnancy 89.0%
[35m[MSG][0m itr   865, best 5574.6396, time 1256.0, minPhero 0.01(232), stagnancy 89.3%
[35m[MSG][0m itr   866, best 5574.6396, time 1257.5, minPhero 0.01(232), stagnancy 89.7%
[35m[MSG][0m itr   867, best 5574.6396, time 1259.0, minPhero 0.01(232), stagnancy 90.0%
[35m[MSG][0m itr   868, best 5574.6396, time 1260.4, minPhero 0.01(232), stagnancy 90.3%
[35m[MSG][0m itr   869, best 5574.6396, time 1261.9, minPhero 0.01(232), stagnancy 90.7%
[35m[MSG][0m itr   870, best 5574.6396, time 1263.3, minPhero 0.01(232), stagnancy 91.0%
[35m[MSG][0m itr   871, best 5574.6396, time 1264.8, minPhero 0.01(232), stagnancy 91.3%
[35m[MSG][0m itr   872, best 5574.6396, time 1266.3, minPhero 0.01(232), stagnancy 91.7%
[35m[MSG][0m itr   873, best 5574.6396, time 1267.7, minPhero 0.01(232), stagnancy 92.0%
[35m[MSG][0m itr   874, best 5574.6396, time 1269.2, minPhero 0.01(232), stagnancy 92.3%
[35m[MSG][0m itr   875, best 5574.6396, time 1270.6, minPhero 0.01(232), stagnancy 92.7%
[35m[MSG][0m itr   876, best 5574.6396, time 1272.1, minPhero 0.01(232), stagnancy 93.0%
[35m[MSG][0m itr   877, best 5574.6396, time 1273.5, minPhero 0.01(232), stagnancy 93.3%
[35m[MSG][0m itr   878, best 5574.6396, time 1275.0, minPhero 0.01(232), stagnancy 93.7%
[35m[MSG][0m itr   879, best 5574.6396, time 1276.4, minPhero 0.01(232), stagnancy 94.0%
[35m[MSG][0m itr   880, best 5574.6396, time 1277.9, minPhero 0.01(232), stagnancy 94.3%
[35m[MSG][0m itr   881, best 5574.6396, time 1279.4, minPhero 0.01(232), stagnancy 94.7%
[35m[MSG][0m itr   882, best 5574.6396, time 1280.8, minPhero 0.01(232), stagnancy 95.0%
[35m[MSG][0m itr   883, best 5574.6396, time 1282.3, minPhero 0.01(232), stagnancy 95.3%
[35m[MSG][0m itr   884, best 5574.6396, time 1283.7, minPhero 0.01(232), stagnancy 95.7%
[35m[MSG][0m itr   885, best 5574.6396, time 1285.1, minPhero 0.01(232), stagnancy 96.0%
[35m[MSG][0m itr   886, best 5574.6396, time 1286.6, minPhero 0.01(232), stagnancy 96.3%
[35m[MSG][0m itr   887, best 5574.6396, time 1288.1, minPhero 0.01(232), stagnancy 96.7%
[35m[MSG][0m itr   888, best 5574.6396, time 1289.5, minPhero 0.01(232), stagnancy 97.0%
[35m[MSG][0m itr   889, best 5574.6396, time 1290.9, minPhero 0.01(232), stagnancy 97.3%
[35m[MSG][0m itr   890, best 5574.6396, time 1292.3, minPhero 0.01(232), stagnancy 97.7%
[35m[MSG][0m itr   891, best 5574.6396, time 1293.7, minPhero 0.01(232), stagnancy 98.0%
[35m[MSG][0m itr   892, best 5574.6396, time 1295.2, minPhero 0.01(232), stagnancy 98.3%
[35m[MSG][0m itr   893, best 5574.6396, time 1296.7, minPhero 0.01(232), stagnancy 98.7%
[35m[MSG][0m itr   894, best 5574.6396, time 1298.1, minPhero 0.01(232), stagnancy 99.0%
[35m[MSG][0m itr   895, best 5574.6396, time 1299.6, minPhero 0.01(232), stagnancy 99.3%
[35m[MSG][0m itr   896, best 5574.6396, time 1300.9, minPhero 0.01(232), stagnancy 99.7%
[35m[MSG][0m itr   897, best 5574.6396, time 1302.2, minPhero 0.01(232), stagnancy 100.0%
[35m[MSG][0m Solution converged. Reinitialising pheromones...
[35m[MSG][0m Time: 1302.20 s
[35m[MSG][0m Best cost: 5574.64
