[35m[MSG][0m Log level set to LOG_DEBUG
[35m[MSG][0m Parsing input from file "res/fruitybun250_2016.vrp"
[35m[MSG][0m Number of nodes: 250
[35m[MSG][0m Running ACO search
[35m[MSG][0m ACO settings: 
 alpha:     8.000
 beta:      1.000
 pers:      0.850
 minPhero:  0.015
 nbhood:    10
 popSize:   512
 maxStag:   300
[35m[MSG][0m itr     1, best 5773.8491, time    1.6, minPhero 0.85(28922), stagnancy 0.0%
[35m[MSG][0m itr     2, best 5732.4692, time    3.1, minPhero 0.72(28922), stagnancy 0.0%
[35m[MSG][0m itr     3, best 5732.4692, time    4.7, minPhero 0.61(28922), stagnancy 0.3%
[35m[MSG][0m itr     4, best 5732.4692, time    6.2, minPhero 0.52(28922), stagnancy 0.7%
[35m[MSG][0m itr     5, best 5704.7505, time    7.6, minPhero 0.44(28922), stagnancy 0.0%
[35m[MSG][0m itr     6, best 5704.7505, time    9.1, minPhero 0.38(28922), stagnancy 0.3%
[35m[MSG][0m itr     7, best 5704.7505, time   10.6, minPhero 0.32(28922), stagnancy 0.7%
[35m[MSG][0m itr     8, best 5704.7505, time   12.0, minPhero 0.27(28922), stagnancy 1.0%
[35m[MSG][0m itr     9, best 5704.7505, time   13.9, minPhero 0.23(28922), stagnancy 1.3%
[35m[MSG][0m itr    10, best 5695.2334, time   15.5, minPhero 0.20(28922), stagnancy 0.0%
[35m[MSG][0m itr    11, best 5690.6167, time   16.9, minPhero 0.17(28922), stagnancy 0.0%
[35m[MSG][0m itr    12, best 5687.4219, time   18.2, minPhero 0.14(28922), stagnancy 0.0%
[35m[MSG][0m itr    13, best 5687.4219, time   19.7, minPhero 0.12(28922), stagnancy 0.3%
[35m[MSG][0m itr    14, best 5665.1396, time   21.2, minPhero 0.10(28922), stagnancy 0.0%
[35m[MSG][0m itr    15, best 5665.1396, time   22.6, minPhero 0.09(28922), stagnancy 0.3%
[35m[MSG][0m itr    16, best 5665.1396, time   24.1, minPhero 0.07(28922), stagnancy 0.7%
[35m[MSG][0m itr    17, best 5665.1396, time   25.6, minPhero 0.06(28922), stagnancy 1.0%
[35m[MSG][0m itr    18, best 5665.1396, time   27.1, minPhero 0.05(28922), stagnancy 1.3%
[35m[MSG][0m itr    19, best 5665.1396, time   28.6, minPhero 0.05(28922), stagnancy 1.7%
[35m[MSG][0m itr    20, best 5665.1396, time   30.0, minPhero 0.04(28922), stagnancy 2.0%
[35m[MSG][0m itr    21, best 5659.7988, time   31.5, minPhero 0.03(28922), stagnancy 0.0%
[35m[MSG][0m itr    22, best 5659.7988, time   32.9, minPhero 0.03(28922), stagnancy 0.3%
[35m[MSG][0m itr    23, best 5657.3281, time   34.3, minPhero 0.02(576), stagnancy 0.0%
[35m[MSG][0m itr    24, best 5644.7305, time   35.7, minPhero 0.02(524), stagnancy 0.0%
[35m[MSG][0m itr    25, best 5637.4912, time   37.2, minPhero 0.02(531), stagnancy 0.0%
[35m[MSG][0m itr    26, best 5637.4912, time   38.6, minPhero 0.01(531), stagnancy 0.3%
[35m[MSG][0m itr    27, best 5619.7500, time   40.1, minPhero 0.01(445), stagnancy 0.0%
[35m[MSG][0m itr    28, best 5619.7500, time   41.6, minPhero 0.01(445), stagnancy 0.3%
[35m[MSG][0m itr    29, best 5619.7500, time   43.1, minPhero 0.01(441), stagnancy 0.7%
[35m[MSG][0m itr    30, best 5609.5928, time   44.6, minPhero 0.01(441), stagnancy 0.0%
[35m[MSG][0m itr    31, best 5609.5928, time   46.1, minPhero 0.01(384), stagnancy 0.3%
[35m[MSG][0m itr    32, best 5609.5928, time   47.7, minPhero 0.01(369), stagnancy 0.7%
[35m[MSG][0m itr    33, best 5606.7900, time   49.1, minPhero 0.01(364), stagnancy 0.0%
[35m[MSG][0m itr    34, best 5604.6553, time   50.7, minPhero 0.01(368), stagnancy 0.0%
[35m[MSG][0m itr    35, best 5604.6553, time   52.1, minPhero 0.01(357), stagnancy 0.3%
[35m[MSG][0m itr    36, best 5603.7051, time   53.6, minPhero 0.01(348), stagnancy 0.0%
[35m[MSG][0m itr    37, best 5603.7051, time   55.1, minPhero 0.01(345), stagnancy 0.3%
[35m[MSG][0m itr    38, best 5603.6074, time   56.7, minPhero 0.01(332), stagnancy 0.0%
[35m[MSG][0m itr    39, best 5602.7100, time   58.2, minPhero 0.01(336), stagnancy 0.0%
[35m[MSG][0m itr    40, best 5601.9268, time   60.0, minPhero 0.01(337), stagnancy 0.0%
[35m[MSG][0m itr    41, best 5598.6172, time   61.5, minPhero 0.01(316), stagnancy 0.0%
[35m[MSG][0m itr    42, best 5598.6172, time   63.1, minPhero 0.01(298), stagnancy 0.3%
[35m[MSG][0m itr    43, best 5598.5078, time   64.6, minPhero 0.01(291), stagnancy 0.0%
[35m[MSG][0m itr    44, best 5598.0479, time   66.1, minPhero 0.01(287), stagnancy 0.0%
[35m[MSG][0m itr    45, best 5598.0479, time   67.7, minPhero 0.01(287), stagnancy 0.3%
[35m[MSG][0m itr    46, best 5597.9541, time   69.2, minPhero 0.01(284), stagnancy 0.0%
[35m[MSG][0m itr    47, best 5597.4824, time   70.8, minPhero 0.01(280), stagnancy 0.0%
[35m[MSG][0m itr    48, best 5597.4824, time   72.3, minPhero 0.01(276), stagnancy 0.3%
[35m[MSG][0m itr    49, best 5597.4824, time   73.8, minPhero 0.01(275), stagnancy 0.7%
[35m[MSG][0m itr    50, best 5597.4824, time   75.3, minPhero 0.01(268), stagnancy 1.0%
[35m[MSG][0m itr    51, best 5597.4346, time   76.8, minPhero 0.01(258), stagnancy 0.0%
[35m[MSG][0m itr    52, best 5596.2959, time   78.3, minPhero 0.01(263), stagnancy 0.0%
[35m[MSG][0m itr    53, best 5596.2959, time   79.9, minPhero 0.01(260), stagnancy 0.3%
[35m[MSG][0m itr    54, best 5596.1260, time   81.4, minPhero 0.01(257), stagnancy 0.0%
[35m[MSG][0m itr    55, best 5596.1250, time   82.9, minPhero 0.01(256), stagnancy 0.0%
[35m[MSG][0m itr    56, best 5596.1250, time   84.4, minPhero 0.01(256), stagnancy 0.3%
[35m[MSG][0m itr    57, best 5596.1167, time   86.0, minPhero 0.01(258), stagnancy 0.0%
[35m[MSG][0m itr    58, best 5596.0234, time   87.5, minPhero 0.01(255), stagnancy 0.0%
[35m[MSG][0m itr    59, best 5595.9751, time   89.1, minPhero 0.01(254), stagnancy 0.0%
[35m[MSG][0m itr    60, best 5593.0439, time   90.6, minPhero 0.01(256), stagnancy 0.0%
[35m[MSG][0m itr    61, best 5593.0439, time   92.1, minPhero 0.01(253), stagnancy 0.3%
[35m[MSG][0m itr    62, best 5592.9697, time   93.6, minPhero 0.01(253), stagnancy 0.0%
[35m[MSG][0m itr    63, best 5591.4976, time   95.2, minPhero 0.01(260), stagnancy 0.0%
[35m[MSG][0m itr    64, best 5591.1543, time   96.7, minPhero 0.01(262), stagnancy 0.0%
[35m[MSG][0m itr    65, best 5591.0522, time   98.2, minPhero 0.01(259), stagnancy 0.0%
[35m[MSG][0m itr    66, best 5591.0039, time   99.7, minPhero 0.01(259), stagnancy 0.0%
[35m[MSG][0m itr    67, best 5591.0034, time  101.3, minPhero 0.01(259), stagnancy 0.0%
[35m[MSG][0m itr    68, best 5588.5703, time  102.7, minPhero 0.01(263), stagnancy 0.0%
[35m[MSG][0m itr    69, best 5588.3726, time  104.2, minPhero 0.01(263), stagnancy 0.0%
[35m[MSG][0m itr    70, best 5588.3237, time  105.7, minPhero 0.01(263), stagnancy 0.0%
[35m[MSG][0m itr    71, best 5588.3237, time  107.2, minPhero 0.01(263), stagnancy 0.3%
[35m[MSG][0m itr    72, best 5588.3237, time  108.8, minPhero 0.01(263), stagnancy 0.7%
[35m[MSG][0m itr    73, best 5588.3237, time  110.3, minPhero 0.01(263), stagnancy 1.0%
[35m[MSG][0m itr    74, best 5588.3237, time  111.8, minPhero 0.01(256), stagnancy 1.3%
[35m[MSG][0m itr    75, best 5588.3237, time  113.3, minPhero 0.01(252), stagnancy 1.7%
[35m[MSG][0m itr    76, best 5588.3237, time  114.8, minPhero 0.01(251), stagnancy 2.0%
[35m[MSG][0m itr    77, best 5588.3213, time  116.4, minPhero 0.01(252), stagnancy 0.0%
[35m[MSG][0m itr    78, best 5588.3213, time  117.9, minPhero 0.01(252), stagnancy 0.3%
[35m[MSG][0m itr    79, best 5588.3213, time  119.4, minPhero 0.01(251), stagnancy 0.7%
[35m[MSG][0m itr    80, best 5588.3213, time  120.9, minPhero 0.01(250), stagnancy 1.0%
[35m[MSG][0m itr    81, best 5588.3213, time  122.8, minPhero 0.01(250), stagnancy 1.3%
[35m[MSG][0m itr    82, best 5587.8618, time  124.3, minPhero 0.01(250), stagnancy 0.0%
[35m[MSG][0m itr    83, best 5587.8618, time  125.8, minPhero 0.01(250), stagnancy 0.3%
[35m[MSG][0m itr    84, best 5587.8618, time  127.3, minPhero 0.01(250), stagnancy 0.7%
[35m[MSG][0m itr    85, best 5587.8618, time  128.8, minPhero 0.01(244), stagnancy 1.0%
[35m[MSG][0m itr    86, best 5587.8618, time  130.6, minPhero 0.01(242), stagnancy 1.3%
[35m[MSG][0m itr    87, best 5583.7778, time  132.1, minPhero 0.01(250), stagnancy 0.0%
[35m[MSG][0m itr    88, best 5583.7778, time  133.6, minPhero 0.01(248), stagnancy 0.3%
[35m[MSG][0m itr    89, best 5583.7778, time  135.1, minPhero 0.01(248), stagnancy 0.7%
[35m[MSG][0m itr    90, best 5583.7778, time  136.6, minPhero 0.01(245), stagnancy 1.0%
[35m[MSG][0m itr    91, best 5583.7778, time  138.1, minPhero 0.01(245), stagnancy 1.3%
[35m[MSG][0m itr    92, best 5583.7778, time  139.6, minPhero 0.01(245), stagnancy 1.7%
[35m[MSG][0m itr    93, best 5582.8301, time  141.2, minPhero 0.01(250), stagnancy 0.0%
[35m[MSG][0m itr    94, best 5581.9946, time  142.7, minPhero 0.01(251), stagnancy 0.0%
[35m[MSG][0m itr    95, best 5581.9946, time  144.2, minPhero 0.01(251), stagnancy 0.3%
[35m[MSG][0m itr    96, best 5581.9946, time  145.8, minPhero 0.01(251), stagnancy 0.7%
[35m[MSG][0m itr    97, best 5581.9946, time  147.3, minPhero 0.01(251), stagnancy 1.0%
[35m[MSG][0m itr    98, best 5581.9946, time  148.8, minPhero 0.01(251), stagnancy 1.3%
[35m[MSG][0m itr    99, best 5581.9946, time  150.3, minPhero 0.01(250), stagnancy 1.7%
[35m[MSG][0m itr   100, best 5581.9946, time  152.1, minPhero 0.01(250), stagnancy 2.0%
[35m[MSG][0m itr   101, best 5581.9946, time  153.6, minPhero 0.01(250), stagnancy 2.3%
[35m[MSG][0m itr   102, best 5581.9946, time  155.1, minPhero 0.01(250), stagnancy 2.7%
[35m[MSG][0m itr   103, best 5581.9946, time  156.6, minPhero 0.01(250), stagnancy 3.0%
[35m[MSG][0m itr   104, best 5581.9946, time  158.1, minPhero 0.01(247), stagnancy 3.3%
[35m[MSG][0m itr   105, best 5581.9946, time  159.6, minPhero 0.01(245), stagnancy 3.7%
[35m[MSG][0m itr   106, best 5581.9946, time  161.1, minPhero 0.01(243), stagnancy 4.0%
[35m[MSG][0m itr   107, best 5581.9946, time  162.6, minPhero 0.01(243), stagnancy 4.3%
[35m[MSG][0m itr   108, best 5581.9946, time  164.1, minPhero 0.01(243), stagnancy 4.7%
[35m[MSG][0m itr   109, best 5581.9946, time  165.6, minPhero 0.01(236), stagnancy 5.0%
[35m[MSG][0m itr   110, best 5581.9946, time  167.1, minPhero 0.01(236), stagnancy 5.3%
[35m[MSG][0m itr   111, best 5581.9946, time  168.6, minPhero 0.01(236), stagnancy 5.7%
[35m[MSG][0m itr   112, best 5581.9946, time  170.1, minPhero 0.01(235), stagnancy 6.0%
[35m[MSG][0m itr   113, best 5581.9946, time  171.6, minPhero 0.01(235), stagnancy 6.3%
[35m[MSG][0m itr   114, best 5580.6089, time  173.3, minPhero 0.01(240), stagnancy 0.0%
[35m[MSG][0m itr   115, best 5580.6089, time  174.8, minPhero 0.01(237), stagnancy 0.3%
[35m[MSG][0m itr   116, best 5580.6089, time  176.4, minPhero 0.01(237), stagnancy 0.7%
[35m[MSG][0m itr   117, best 5580.6089, time  178.2, minPhero 0.01(237), stagnancy 1.0%
[35m[MSG][0m itr   118, best 5580.6084, time  179.7, minPhero 0.01(237), stagnancy 0.0%
[35m[MSG][0m itr   119, best 5580.6084, time  181.3, minPhero 0.01(237), stagnancy 0.3%
[35m[MSG][0m itr   120, best 5580.6084, time  182.8, minPhero 0.01(237), stagnancy 0.7%
[35m[MSG][0m itr   121, best 5580.6084, time  184.5, minPhero 0.01(237), stagnancy 1.0%
[35m[MSG][0m itr   122, best 5580.6084, time  186.1, minPhero 0.01(237), stagnancy 1.3%
[35m[MSG][0m itr   123, best 5580.6084, time  187.6, minPhero 0.01(237), stagnancy 1.7%
[35m[MSG][0m itr   124, best 5580.6084, time  189.1, minPhero 0.01(237), stagnancy 2.0%
[35m[MSG][0m itr   125, best 5580.6084, time  190.6, minPhero 0.01(237), stagnancy 2.3%
[35m[MSG][0m itr   126, best 5580.6084, time  192.4, minPhero 0.01(237), stagnancy 2.7%
[35m[MSG][0m itr   127, best 5580.6084, time  193.9, minPhero 0.01(237), stagnancy 3.0%
[35m[MSG][0m itr   128, best 5580.6084, time  195.4, minPhero 0.01(237), stagnancy 3.3%
[35m[MSG][0m itr   129, best 5580.6084, time  196.9, minPhero 0.01(237), stagnancy 3.7%
[35m[MSG][0m itr   130, best 5580.6084, time  198.4, minPhero 0.01(237), stagnancy 4.0%
[35m[MSG][0m itr   131, best 5580.6084, time  199.9, minPhero 0.01(237), stagnancy 4.3%
[35m[MSG][0m itr   132, best 5580.6084, time  201.4, minPhero 0.01(237), stagnancy 4.7%
[35m[MSG][0m itr   133, best 5580.6084, time  202.9, minPhero 0.01(237), stagnancy 5.0%
[35m[MSG][0m itr   134, best 5580.6084, time  204.4, minPhero 0.01(237), stagnancy 5.3%
[35m[MSG][0m itr   135, best 5580.6084, time  205.9, minPhero 0.01(237), stagnancy 5.7%
[35m[MSG][0m itr   136, best 5580.6084, time  207.4, minPhero 0.01(232), stagnancy 6.0%
[35m[MSG][0m itr   137, best 5580.6079, time  208.9, minPhero 0.01(232), stagnancy 0.0%
[35m[MSG][0m itr   138, best 5580.6079, time  210.4, minPhero 0.01(232), stagnancy 0.3%
[35m[MSG][0m itr   139, best 5580.6079, time  212.0, minPhero 0.01(232), stagnancy 0.7%
[35m[MSG][0m itr   140, best 5580.6079, time  213.5, minPhero 0.01(232), stagnancy 1.0%
[35m[MSG][0m itr   141, best 5580.6079, time  215.0, minPhero 0.01(232), stagnancy 1.3%
[35m[MSG][0m itr   142, best 5580.6079, time  216.5, minPhero 0.01(232), stagnancy 1.7%
[35m[MSG][0m itr   143, best 5580.6079, time  218.0, minPhero 0.01(232), stagnancy 2.0%
[35m[MSG][0m itr   144, best 5580.6079, time  219.5, minPhero 0.01(232), stagnancy 2.3%
[35m[MSG][0m itr   145, best 5580.6079, time  221.3, minPhero 0.01(232), stagnancy 2.7%
[35m[MSG][0m itr   146, best 5580.6079, time  222.9, minPhero 0.01(232), stagnancy 3.0%
[35m[MSG][0m itr   147, best 5580.6079, time  224.4, minPhero 0.01(232), stagnancy 3.3%
[35m[MSG][0m itr   148, best 5580.6079, time  225.9, minPhero 0.01(232), stagnancy 3.7%
[35m[MSG][0m itr   149, best 5580.6079, time  227.4, minPhero 0.01(232), stagnancy 4.0%
[35m[MSG][0m itr   150, best 5580.6079, time  229.0, minPhero 0.01(232), stagnancy 4.3%
[35m[MSG][0m itr   151, best 5580.6079, time  230.4, minPhero 0.01(232), stagnancy 4.7%
[35m[MSG][0m itr   152, best 5580.6079, time  231.9, minPhero 0.01(232), stagnancy 5.0%
[35m[MSG][0m itr   153, best 5580.6079, time  233.4, minPhero 0.01(232), stagnancy 5.3%
[35m[MSG][0m itr   154, best 5580.6079, time  234.9, minPhero 0.01(232), stagnancy 5.7%
[35m[MSG][0m itr   155, best 5580.6079, time  236.4, minPhero 0.01(232), stagnancy 6.0%
[35m[MSG][0m itr   156, best 5580.6079, time  237.8, minPhero 0.01(232), stagnancy 6.3%
[35m[MSG][0m itr   157, best 5580.6079, time  239.3, minPhero 0.01(232), stagnancy 6.7%
[35m[MSG][0m itr   158, best 5580.6079, time  240.7, minPhero 0.01(232), stagnancy 7.0%
[35m[MSG][0m itr   159, best 5580.6079, time  242.3, minPhero 0.01(232), stagnancy 7.3%
[35m[MSG][0m itr   160, best 5580.6079, time  243.8, minPhero 0.01(232), stagnancy 7.7%
[35m[MSG][0m itr   161, best 5580.6079, time  245.3, minPhero 0.01(232), stagnancy 8.0%
[35m[MSG][0m itr   162, best 5580.6079, time  246.8, minPhero 0.01(232), stagnancy 8.3%
[35m[MSG][0m itr   163, best 5580.6079, time  248.2, minPhero 0.01(232), stagnancy 8.7%
[35m[MSG][0m itr   164, best 5580.6079, time  249.6, minPhero 0.01(232), stagnancy 9.0%
[35m[MSG][0m itr   165, best 5580.6079, time  251.1, minPhero 0.01(232), stagnancy 9.3%
[35m[MSG][0m itr   166, best 5580.6079, time  252.6, minPhero 0.01(232), stagnancy 9.7%
[35m[MSG][0m itr   167, best 5580.6079, time  254.2, minPhero 0.01(232), stagnancy 10.0%
[35m[MSG][0m itr   168, best 5580.6079, time  255.7, minPhero 0.01(232), stagnancy 10.3%
[35m[MSG][0m itr   169, best 5580.6079, time  257.2, minPhero 0.01(232), stagnancy 10.7%
[35m[MSG][0m itr   170, best 5580.6079, time  258.7, minPhero 0.01(232), stagnancy 11.0%
[35m[MSG][0m itr   171, best 5580.6079, time  260.2, minPhero 0.01(232), stagnancy 11.3%
[35m[MSG][0m itr   172, best 5580.6079, time  262.0, minPhero 0.01(232), stagnancy 11.7%
[35m[MSG][0m itr   173, best 5580.6079, time  263.5, minPhero 0.01(232), stagnancy 12.0%
[35m[MSG][0m itr   174, best 5580.6079, time  265.0, minPhero 0.01(232), stagnancy 12.3%
[35m[MSG][0m itr   175, best 5580.6079, time  266.5, minPhero 0.01(232), stagnancy 12.7%
[35m[MSG][0m itr   176, best 5580.6079, time  268.0, minPhero 0.01(232), stagnancy 13.0%
[35m[MSG][0m itr   177, best 5580.6079, time  269.5, minPhero 0.01(232), stagnancy 13.3%
[35m[MSG][0m itr   178, best 5580.6079, time  271.0, minPhero 0.01(232), stagnancy 13.7%
[35m[MSG][0m itr   179, best 5580.6079, time  272.5, minPhero 0.01(232), stagnancy 14.0%
[35m[MSG][0m itr   180, best 5580.6079, time  274.0, minPhero 0.01(232), stagnancy 14.3%
[35m[MSG][0m itr   181, best 5580.6079, time  275.5, minPhero 0.01(232), stagnancy 14.7%
[35m[MSG][0m itr   182, best 5580.6079, time  277.0, minPhero 0.01(232), stagnancy 15.0%
[35m[MSG][0m itr   183, best 5580.6079, time  278.5, minPhero 0.01(232), stagnancy 15.3%
[35m[MSG][0m itr   184, best 5580.6079, time  280.0, minPhero 0.01(232), stagnancy 15.7%
[35m[MSG][0m itr   185, best 5580.6079, time  281.5, minPhero 0.01(232), stagnancy 16.0%
[35m[MSG][0m itr   186, best 5580.6079, time  283.0, minPhero 0.01(232), stagnancy 16.3%
[35m[MSG][0m itr   187, best 5580.6079, time  284.8, minPhero 0.01(232), stagnancy 16.7%
[35m[MSG][0m itr   188, best 5580.6079, time  286.4, minPhero 0.01(232), stagnancy 17.0%
[35m[MSG][0m itr   189, best 5580.6079, time  287.9, minPhero 0.01(232), stagnancy 17.3%
[35m[MSG][0m itr   190, best 5580.6079, time  289.4, minPhero 0.01(232), stagnancy 17.7%
[35m[MSG][0m itr   191, best 5580.6079, time  290.9, minPhero 0.01(232), stagnancy 18.0%
[35m[MSG][0m itr   192, best 5580.6079, time  292.4, minPhero 0.01(232), stagnancy 18.3%
[35m[MSG][0m itr   193, best 5580.6079, time  294.0, minPhero 0.01(232), stagnancy 18.7%
[35m[MSG][0m itr   194, best 5580.6079, time  295.5, minPhero 0.01(232), stagnancy 19.0%
[35m[MSG][0m itr   195, best 5580.6079, time  297.0, minPhero 0.01(232), stagnancy 19.3%
[35m[MSG][0m itr   196, best 5580.6079, time  298.4, minPhero 0.01(232), stagnancy 19.7%
[35m[MSG][0m itr   197, best 5580.6079, time  299.9, minPhero 0.01(232), stagnancy 20.0%
[35m[MSG][0m itr   198, best 5580.6079, time  301.4, minPhero 0.01(232), stagnancy 20.3%
[35m[MSG][0m itr   199, best 5580.6079, time  302.9, minPhero 0.01(232), stagnancy 20.7%
[35m[MSG][0m itr   200, best 5580.6079, time  304.4, minPhero 0.01(232), stagnancy 21.0%
[35m[MSG][0m itr   201, best 5580.6079, time  305.9, minPhero 0.01(232), stagnancy 21.3%
[35m[MSG][0m itr   202, best 5580.6079, time  307.4, minPhero 0.01(232), stagnancy 21.7%
[35m[MSG][0m itr   203, best 5580.6079, time  309.2, minPhero 0.01(232), stagnancy 22.0%
[35m[MSG][0m itr   204, best 5580.6079, time  310.7, minPhero 0.01(232), stagnancy 22.3%
[35m[MSG][0m itr   205, best 5580.6079, time  312.2, minPhero 0.01(232), stagnancy 22.7%
[35m[MSG][0m itr   206, best 5580.6079, time  313.7, minPhero 0.01(232), stagnancy 23.0%
[35m[MSG][0m itr   207, best 5580.6079, time  315.1, minPhero 0.01(232), stagnancy 23.3%
[35m[MSG][0m itr   208, best 5580.6079, time  316.6, minPhero 0.01(232), stagnancy 23.7%
[35m[MSG][0m itr   209, best 5580.6079, time  318.0, minPhero 0.01(232), stagnancy 24.0%
[35m[MSG][0m itr   210, best 5580.6079, time  319.5, minPhero 0.01(232), stagnancy 24.3%
[35m[MSG][0m itr   211, best 5580.6079, time  321.0, minPhero 0.01(232), stagnancy 24.7%
[35m[MSG][0m itr   212, best 5580.6079, time  322.6, minPhero 0.01(232), stagnancy 25.0%
[35m[MSG][0m itr   213, best 5580.6079, time  324.1, minPhero 0.01(232), stagnancy 25.3%
[35m[MSG][0m itr   214, best 5580.6079, time  325.6, minPhero 0.01(232), stagnancy 25.7%
[35m[MSG][0m itr   215, best 5580.6079, time  327.1, minPhero 0.01(232), stagnancy 26.0%
[35m[MSG][0m itr   216, best 5580.6079, time  328.6, minPhero 0.01(232), stagnancy 26.3%
[35m[MSG][0m itr   217, best 5580.6079, time  330.1, minPhero 0.01(232), stagnancy 26.7%
[35m[MSG][0m itr   218, best 5577.4204, time  331.6, minPhero 0.01(239), stagnancy 0.0%
[35m[MSG][0m itr   219, best 5577.4204, time  333.1, minPhero 0.01(239), stagnancy 0.3%
[35m[MSG][0m itr   220, best 5577.3091, time  334.6, minPhero 0.01(239), stagnancy 0.0%
[35m[MSG][0m itr   221, best 5577.3091, time  336.1, minPhero 0.01(239), stagnancy 0.3%
[35m[MSG][0m itr   222, best 5576.3262, time  337.6, minPhero 0.01(240), stagnancy 0.0%
[35m[MSG][0m itr   223, best 5576.3262, time  339.1, minPhero 0.01(240), stagnancy 0.3%
[35m[MSG][0m itr   224, best 5576.3262, time  340.6, minPhero 0.01(240), stagnancy 0.7%
[35m[MSG][0m itr   225, best 5576.3262, time  342.2, minPhero 0.01(240), stagnancy 1.0%
[35m[MSG][0m itr   226, best 5576.3262, time  343.7, minPhero 0.01(240), stagnancy 1.3%
[35m[MSG][0m itr   227, best 5576.3262, time  345.2, minPhero 0.01(240), stagnancy 1.7%
[35m[MSG][0m itr   228, best 5575.3271, time  346.8, minPhero 0.01(244), stagnancy 0.0%
[35m[MSG][0m itr   229, best 5575.3271, time  348.3, minPhero 0.01(244), stagnancy 0.3%
[35m[MSG][0m itr   230, best 5575.3267, time  350.0, minPhero 0.01(244), stagnancy 0.0%
[35m[MSG][0m itr   231, best 5575.3267, time  351.5, minPhero 0.01(244), stagnancy 0.3%
[35m[MSG][0m itr   232, best 5575.3267, time  353.0, minPhero 0.01(244), stagnancy 0.7%
[35m[MSG][0m itr   233, best 5575.3267, time  354.6, minPhero 0.01(244), stagnancy 1.0%
[35m[MSG][0m itr   234, best 5575.3267, time  356.1, minPhero 0.01(244), stagnancy 1.3%
[35m[MSG][0m itr   235, best 5575.3267, time  357.6, minPhero 0.01(241), stagnancy 1.7%
[35m[MSG][0m itr   236, best 5575.3267, time  359.2, minPhero 0.01(241), stagnancy 2.0%
[35m[MSG][0m itr   237, best 5575.3267, time  360.9, minPhero 0.01(241), stagnancy 2.3%
[35m[MSG][0m itr   238, best 5575.3267, time  362.5, minPhero 0.01(241), stagnancy 2.7%
[35m[MSG][0m itr   239, best 5575.3267, time  364.0, minPhero 0.01(241), stagnancy 3.0%
[35m[MSG][0m itr   240, best 5575.3267, time  365.5, minPhero 0.01(237), stagnancy 3.3%
[35m[MSG][0m itr   241, best 5575.3267, time  367.0, minPhero 0.01(237), stagnancy 3.7%
[35m[MSG][0m itr   242, best 5575.3267, time  368.6, minPhero 0.01(237), stagnancy 4.0%
[35m[MSG][0m itr   243, best 5575.3267, time  370.1, minPhero 0.01(237), stagnancy 4.3%
[35m[MSG][0m itr   244, best 5575.3267, time  371.6, minPhero 0.01(236), stagnancy 4.7%
[35m[MSG][0m itr   245, best 5575.3267, time  373.2, minPhero 0.01(236), stagnancy 5.0%
[35m[MSG][0m itr   246, best 5575.3267, time  374.7, minPhero 0.01(236), stagnancy 5.3%
[35m[MSG][0m itr   247, best 5575.3267, time  376.2, minPhero 0.01(236), stagnancy 5.7%
[35m[MSG][0m itr   248, best 5575.3267, time  377.9, minPhero 0.01(236), stagnancy 6.0%
[35m[MSG][0m itr   249, best 5575.3267, time  379.4, minPhero 0.01(236), stagnancy 6.3%
[35m[MSG][0m itr   250, best 5575.3267, time  380.9, minPhero 0.01(232), stagnancy 6.7%
[35m[MSG][0m itr   251, best 5575.3267, time  382.4, minPhero 0.01(232), stagnancy 7.0%
[35m[MSG][0m itr   252, best 5575.3267, time  383.9, minPhero 0.01(232), stagnancy 7.3%
[35m[MSG][0m itr   253, best 5575.3267, time  385.5, minPhero 0.01(232), stagnancy 7.7%
[35m[MSG][0m itr   254, best 5575.3267, time  387.0, minPhero 0.01(232), stagnancy 8.0%
[35m[MSG][0m itr   255, best 5575.3267, time  388.6, minPhero 0.01(232), stagnancy 8.3%
[35m[MSG][0m itr   256, best 5575.3267, time  390.1, minPhero 0.01(232), stagnancy 8.7%
[35m[MSG][0m itr   257, best 5575.3267, time  391.6, minPhero 0.01(232), stagnancy 9.0%
[35m[MSG][0m itr   258, best 5575.3267, time  393.2, minPhero 0.01(232), stagnancy 9.3%
[35m[MSG][0m itr   259, best 5575.3267, time  394.7, minPhero 0.01(232), stagnancy 9.7%
[35m[MSG][0m itr   260, best 5575.3267, time  396.4, minPhero 0.01(232), stagnancy 10.0%
[35m[MSG][0m itr   261, best 5575.3267, time  398.0, minPhero 0.01(232), stagnancy 10.3%
[35m[MSG][0m itr   262, best 5575.3267, time  399.5, minPhero 0.01(232), stagnancy 10.7%
[35m[MSG][0m itr   263, best 5575.3267, time  401.0, minPhero 0.01(232), stagnancy 11.0%
[35m[MSG][0m itr   264, best 5575.3267, time  402.5, minPhero 0.01(232), stagnancy 11.3%
[35m[MSG][0m itr   265, best 5575.3267, time  404.0, minPhero 0.01(232), stagnancy 11.7%
[35m[MSG][0m itr   266, best 5575.3267, time  405.9, minPhero 0.01(232), stagnancy 12.0%
[35m[MSG][0m itr   267, best 5575.3267, time  407.4, minPhero 0.01(232), stagnancy 12.3%
[35m[MSG][0m itr   268, best 5575.3267, time  408.9, minPhero 0.01(232), stagnancy 12.7%
[35m[MSG][0m itr   269, best 5575.3267, time  410.5, minPhero 0.01(232), stagnancy 13.0%
[35m[MSG][0m itr   270, best 5575.3267, time  412.0, minPhero 0.01(232), stagnancy 13.3%
[35m[MSG][0m itr   271, best 5575.3267, time  413.5, minPhero 0.01(232), stagnancy 13.7%
[35m[MSG][0m itr   272, best 5575.3267, time  415.0, minPhero 0.01(232), stagnancy 14.0%
[35m[MSG][0m itr   273, best 5575.3267, time  416.5, minPhero 0.01(232), stagnancy 14.3%
[35m[MSG][0m itr   274, best 5575.3267, time  418.1, minPhero 0.01(232), stagnancy 14.7%
[35m[MSG][0m itr   275, best 5575.3267, time  419.6, minPhero 0.01(232), stagnancy 15.0%
[35m[MSG][0m itr   276, best 5575.3267, time  421.1, minPhero 0.01(232), stagnancy 15.3%
[35m[MSG][0m itr   277, best 5575.3267, time  422.5, minPhero 0.01(232), stagnancy 15.7%
[35m[MSG][0m itr   278, best 5575.3267, time  424.0, minPhero 0.01(232), stagnancy 16.0%
[35m[MSG][0m itr   279, best 5575.3267, time  425.6, minPhero 0.01(232), stagnancy 16.3%
[35m[MSG][0m itr   280, best 5575.3267, time  427.1, minPhero 0.01(232), stagnancy 16.7%
[35m[MSG][0m itr   281, best 5575.3267, time  428.8, minPhero 0.01(232), stagnancy 17.0%
[35m[MSG][0m itr   282, best 5575.3267, time  430.3, minPhero 0.01(232), stagnancy 17.3%
[35m[MSG][0m itr   283, best 5575.3267, time  431.8, minPhero 0.01(232), stagnancy 17.7%
[35m[MSG][0m itr   284, best 5575.3267, time  433.3, minPhero 0.01(232), stagnancy 18.0%
[35m[MSG][0m itr   285, best 5575.3267, time  434.9, minPhero 0.01(232), stagnancy 18.3%
[35m[MSG][0m itr   286, best 5575.3267, time  436.4, minPhero 0.01(232), stagnancy 18.7%
[35m[MSG][0m itr   287, best 5575.3267, time  437.9, minPhero 0.01(232), stagnancy 19.0%
[35m[MSG][0m itr   288, best 5575.3267, time  439.4, minPhero 0.01(232), stagnancy 19.3%
[35m[MSG][0m itr   289, best 5575.3267, time  440.9, minPhero 0.01(232), stagnancy 19.7%
[35m[MSG][0m itr   290, best 5575.3267, time  442.4, minPhero 0.01(232), stagnancy 20.0%
[35m[MSG][0m itr   291, best 5575.3267, time  443.9, minPhero 0.01(232), stagnancy 20.3%
[35m[MSG][0m itr   292, best 5575.3267, time  445.5, minPhero 0.01(232), stagnancy 20.7%
[35m[MSG][0m itr   293, best 5575.3267, time  447.0, minPhero 0.01(232), stagnancy 21.0%
[35m[MSG][0m itr   294, best 5575.3267, time  448.5, minPhero 0.01(232), stagnancy 21.3%
[35m[MSG][0m itr   295, best 5575.3267, time  450.0, minPhero 0.01(232), stagnancy 21.7%
[35m[MSG][0m itr   296, best 5575.3267, time  451.5, minPhero 0.01(232), stagnancy 22.0%
[35m[MSG][0m itr   297, best 5575.3267, time  453.0, minPhero 0.01(232), stagnancy 22.3%
[35m[MSG][0m itr   298, best 5575.3267, time  454.5, minPhero 0.01(232), stagnancy 22.7%
[35m[MSG][0m itr   299, best 5575.3267, time  456.1, minPhero 0.01(232), stagnancy 23.0%
[35m[MSG][0m itr   300, best 5575.3267, time  457.6, minPhero 0.01(232), stagnancy 23.3%
[35m[MSG][0m itr   301, best 5575.3267, time  459.1, minPhero 0.01(232), stagnancy 23.7%
[35m[MSG][0m itr   302, best 5575.3267, time  460.6, minPhero 0.01(232), stagnancy 24.0%
[35m[MSG][0m itr   303, best 5575.3267, time  462.1, minPhero 0.01(232), stagnancy 24.3%
[35m[MSG][0m itr   304, best 5575.3267, time  463.6, minPhero 0.01(232), stagnancy 24.7%
[35m[MSG][0m itr   305, best 5575.3267, time  465.4, minPhero 0.01(232), stagnancy 25.0%
[35m[MSG][0m itr   306, best 5575.3267, time  466.9, minPhero 0.01(232), stagnancy 25.3%
[35m[MSG][0m itr   307, best 5575.3267, time  468.4, minPhero 0.01(232), stagnancy 25.7%
[35m[MSG][0m itr   308, best 5575.3267, time  469.9, minPhero 0.01(232), stagnancy 26.0%
[35m[MSG][0m itr   309, best 5575.3267, time  471.5, minPhero 0.01(232), stagnancy 26.3%
[35m[MSG][0m itr   310, best 5575.3267, time  473.0, minPhero 0.01(232), stagnancy 26.7%
[35m[MSG][0m itr   311, best 5575.3267, time  474.5, minPhero 0.01(232), stagnancy 27.0%
[35m[MSG][0m itr   312, best 5575.3267, time  476.0, minPhero 0.01(232), stagnancy 27.3%
[35m[MSG][0m itr   313, best 5575.3267, time  477.4, minPhero 0.01(232), stagnancy 27.7%
[35m[MSG][0m itr   314, best 5575.3267, time  478.8, minPhero 0.01(232), stagnancy 28.0%
[35m[MSG][0m itr   315, best 5575.3267, time  480.3, minPhero 0.01(232), stagnancy 28.3%
[35m[MSG][0m itr   316, best 5575.3267, time  481.7, minPhero 0.01(232), stagnancy 28.7%
[35m[MSG][0m itr   317, best 5575.3267, time  483.1, minPhero 0.01(232), stagnancy 29.0%
[35m[MSG][0m itr   318, best 5575.3262, time  484.5, minPhero 0.01(232), stagnancy 0.0%
[35m[MSG][0m itr   319, best 5575.3262, time  486.0, minPhero 0.01(232), stagnancy 0.3%
[35m[MSG][0m itr   320, best 5575.3262, time  487.4, minPhero 0.01(232), stagnancy 0.7%
[35m[MSG][0m itr   321, best 5575.3262, time  488.9, minPhero 0.01(232), stagnancy 1.0%
[35m[MSG][0m itr   322, best 5575.3262, time  490.3, minPhero 0.01(232), stagnancy 1.3%
[35m[MSG][0m itr   323, best 5575.3262, time  491.7, minPhero 0.01(232), stagnancy 1.7%
[35m[MSG][0m itr   324, best 5575.3262, time  493.0, minPhero 0.01(232), stagnancy 2.0%
[35m[MSG][0m itr   325, best 5575.3262, time  494.2, minPhero 0.01(232), stagnancy 2.3%
[35m[MSG][0m itr   326, best 5575.3262, time  495.6, minPhero 0.01(232), stagnancy 2.7%
[35m[MSG][0m itr   327, best 5575.3262, time  497.0, minPhero 0.01(232), stagnancy 3.0%
[35m[MSG][0m itr   328, best 5575.3262, time  498.4, minPhero 0.01(232), stagnancy 3.3%
[35m[MSG][0m itr   329, best 5575.3262, time  499.8, minPhero 0.01(232), stagnancy 3.7%
[35m[MSG][0m itr   330, best 5575.3262, time  501.3, minPhero 0.01(232), stagnancy 4.0%
[35m[MSG][0m itr   331, best 5575.3262, time  502.7, minPhero 0.01(232), stagnancy 4.3%
[35m[MSG][0m itr   332, best 5575.3262, time  504.1, minPhero 0.01(232), stagnancy 4.7%
[35m[MSG][0m itr   333, best 5575.3262, time  505.5, minPhero 0.01(232), stagnancy 5.0%
[35m[MSG][0m itr   334, best 5575.3262, time  507.0, minPhero 0.01(232), stagnancy 5.3%
[35m[MSG][0m itr   335, best 5575.3262, time  508.4, minPhero 0.01(232), stagnancy 5.7%
[35m[MSG][0m itr   336, best 5575.3262, time  509.8, minPhero 0.01(232), stagnancy 6.0%
[35m[MSG][0m itr   337, best 5575.3262, time  511.3, minPhero 0.01(232), stagnancy 6.3%
[35m[MSG][0m itr   338, best 5575.3262, time  512.7, minPhero 0.01(232), stagnancy 6.7%
[35m[MSG][0m itr   339, best 5575.3262, time  514.1, minPhero 0.01(232), stagnancy 7.0%
[35m[MSG][0m itr   340, best 5575.3262, time  515.6, minPhero 0.01(232), stagnancy 7.3%
[35m[MSG][0m itr   341, best 5575.3262, time  517.0, minPhero 0.01(232), stagnancy 7.7%
[35m[MSG][0m itr   342, best 5575.3262, time  518.4, minPhero 0.01(232), stagnancy 8.0%
[35m[MSG][0m itr   343, best 5575.3262, time  519.9, minPhero 0.01(232), stagnancy 8.3%
[35m[MSG][0m itr   344, best 5575.3262, time  521.4, minPhero 0.01(232), stagnancy 8.7%
[35m[MSG][0m itr   345, best 5575.3262, time  522.8, minPhero 0.01(232), stagnancy 9.0%
[35m[MSG][0m itr   346, best 5575.3262, time  524.2, minPhero 0.01(232), stagnancy 9.3%
[35m[MSG][0m itr   347, best 5575.3262, time  525.7, minPhero 0.01(232), stagnancy 9.7%
[35m[MSG][0m itr   348, best 5575.3262, time  527.1, minPhero 0.01(232), stagnancy 10.0%
[35m[MSG][0m itr   349, best 5575.3262, time  528.5, minPhero 0.01(232), stagnancy 10.3%
[35m[MSG][0m itr   350, best 5575.3262, time  530.0, minPhero 0.01(232), stagnancy 10.7%
[35m[MSG][0m itr   351, best 5575.3262, time  531.3, minPhero 0.01(232), stagnancy 11.0%
[35m[MSG][0m itr   352, best 5575.3262, time  532.7, minPhero 0.01(232), stagnancy 11.3%
[35m[MSG][0m itr   353, best 5575.3262, time  534.1, minPhero 0.01(232), stagnancy 11.7%
[35m[MSG][0m itr   354, best 5575.3262, time  535.5, minPhero 0.01(232), stagnancy 12.0%
[35m[MSG][0m itr   355, best 5575.3262, time  537.0, minPhero 0.01(232), stagnancy 12.3%
[35m[MSG][0m itr   356, best 5575.3262, time  538.4, minPhero 0.01(232), stagnancy 12.7%
[35m[MSG][0m itr   357, best 5575.3262, time  539.9, minPhero 0.01(232), stagnancy 13.0%
[35m[MSG][0m itr   358, best 5575.3262, time  541.3, minPhero 0.01(232), stagnancy 13.3%
[35m[MSG][0m itr   359, best 5575.3262, time  542.8, minPhero 0.01(232), stagnancy 13.7%
[35m[MSG][0m itr   360, best 5575.3262, time  544.2, minPhero 0.01(232), stagnancy 14.0%
[35m[MSG][0m itr   361, best 5575.3262, time  545.6, minPhero 0.01(232), stagnancy 14.3%
[35m[MSG][0m itr   362, best 5575.3262, time  547.1, minPhero 0.01(232), stagnancy 14.7%
[35m[MSG][0m itr   363, best 5575.3262, time  548.6, minPhero 0.01(232), stagnancy 15.0%
[35m[MSG][0m itr   364, best 5575.3262, time  550.0, minPhero 0.01(232), stagnancy 15.3%
[35m[MSG][0m itr   365, best 5575.3262, time  551.4, minPhero 0.01(232), stagnancy 15.7%
[35m[MSG][0m itr   366, best 5575.3262, time  552.9, minPhero 0.01(232), stagnancy 16.0%
[35m[MSG][0m itr   367, best 5575.3262, time  554.4, minPhero 0.01(232), stagnancy 16.3%
[35m[MSG][0m itr   368, best 5575.3262, time  555.8, minPhero 0.01(232), stagnancy 16.7%
[35m[MSG][0m itr   369, best 5575.3262, time  557.2, minPhero 0.01(232), stagnancy 17.0%
[35m[MSG][0m itr   370, best 5575.3262, time  558.6, minPhero 0.01(232), stagnancy 17.3%
[35m[MSG][0m itr   371, best 5575.3262, time  560.1, minPhero 0.01(232), stagnancy 17.7%
[35m[MSG][0m itr   372, best 5575.3262, time  561.5, minPhero 0.01(232), stagnancy 18.0%
[35m[MSG][0m itr   373, best 5575.3262, time  562.9, minPhero 0.01(232), stagnancy 18.3%
[35m[MSG][0m itr   374, best 5575.3262, time  564.3, minPhero 0.01(232), stagnancy 18.7%
[35m[MSG][0m itr   375, best 5575.3262, time  565.8, minPhero 0.01(232), stagnancy 19.0%
[35m[MSG][0m itr   376, best 5575.3262, time  567.3, minPhero 0.01(232), stagnancy 19.3%
[35m[MSG][0m itr   377, best 5575.3262, time  568.7, minPhero 0.01(232), stagnancy 19.7%
[35m[MSG][0m itr   378, best 5575.3262, time  570.1, minPhero 0.01(232), stagnancy 20.0%
[35m[MSG][0m itr   379, best 5575.3262, time  571.5, minPhero 0.01(232), stagnancy 20.3%
[35m[MSG][0m itr   380, best 5575.3262, time  573.0, minPhero 0.01(232), stagnancy 20.7%
[35m[MSG][0m itr   381, best 5575.3262, time  574.4, minPhero 0.01(232), stagnancy 21.0%
[35m[MSG][0m itr   382, best 5575.3262, time  575.9, minPhero 0.01(232), stagnancy 21.3%
[35m[MSG][0m itr   383, best 5575.3262, time  577.3, minPhero 0.01(232), stagnancy 21.7%
[35m[MSG][0m itr   384, best 5575.3262, time  578.7, minPhero 0.01(232), stagnancy 22.0%
[35m[MSG][0m itr   385, best 5575.3262, time  580.1, minPhero 0.01(232), stagnancy 22.3%
[35m[MSG][0m itr   386, best 5575.3262, time  581.6, minPhero 0.01(232), stagnancy 22.7%
[35m[MSG][0m itr   387, best 5575.3262, time  583.0, minPhero 0.01(232), stagnancy 23.0%
[35m[MSG][0m itr   388, best 5575.3262, time  584.5, minPhero 0.01(232), stagnancy 23.3%
[35m[MSG][0m itr   389, best 5575.3262, time  585.9, minPhero 0.01(232), stagnancy 23.7%
[35m[MSG][0m itr   390, best 5575.3262, time  587.3, minPhero 0.01(232), stagnancy 24.0%
[35m[MSG][0m itr   391, best 5575.3262, time  588.8, minPhero 0.01(232), stagnancy 24.3%
[35m[MSG][0m itr   392, best 5575.3262, time  590.2, minPhero 0.01(232), stagnancy 24.7%
[35m[MSG][0m itr   393, best 5575.3262, time  591.6, minPhero 0.01(232), stagnancy 25.0%
[35m[MSG][0m itr   394, best 5575.3262, time  593.1, minPhero 0.01(232), stagnancy 25.3%
[35m[MSG][0m itr   395, best 5575.3262, time  594.4, minPhero 0.01(232), stagnancy 25.7%
[35m[MSG][0m itr   396, best 5575.3262, time  595.8, minPhero 0.01(232), stagnancy 26.0%
[35m[MSG][0m itr   397, best 5575.3262, time  597.2, minPhero 0.01(232), stagnancy 26.3%
[35m[MSG][0m itr   398, best 5575.3262, time  598.6, minPhero 0.01(232), stagnancy 26.7%
[35m[MSG][0m itr   399, best 5575.3262, time  600.0, minPhero 0.01(232), stagnancy 27.0%
[35m[MSG][0m itr   400, best 5575.3262, time  601.5, minPhero 0.01(232), stagnancy 27.3%
[35m[MSG][0m itr   401, best 5575.3262, time  602.9, minPhero 0.01(232), stagnancy 27.7%
[35m[MSG][0m itr   402, best 5575.3262, time  604.2, minPhero 0.01(232), stagnancy 28.0%
[35m[MSG][0m itr   403, best 5575.3262, time  605.7, minPhero 0.01(232), stagnancy 28.3%
[35m[MSG][0m itr   404, best 5575.3262, time  607.1, minPhero 0.01(232), stagnancy 28.7%
[35m[MSG][0m itr   405, best 5575.3262, time  608.4, minPhero 0.01(232), stagnancy 29.0%
[35m[MSG][0m itr   406, best 5575.3262, time  609.9, minPhero 0.01(232), stagnancy 29.3%
[35m[MSG][0m itr   407, best 5575.3262, time  611.3, minPhero 0.01(232), stagnancy 29.7%
[35m[MSG][0m itr   408, best 5575.3262, time  612.8, minPhero 0.01(232), stagnancy 30.0%
[35m[MSG][0m itr   409, best 5575.3262, time  614.2, minPhero 0.01(232), stagnancy 30.3%
[35m[MSG][0m itr   410, best 5575.3262, time  615.6, minPhero 0.01(232), stagnancy 30.7%
[35m[MSG][0m itr   411, best 5575.3262, time  617.0, minPhero 0.01(232), stagnancy 31.0%
[35m[MSG][0m itr   412, best 5575.3262, time  618.4, minPhero 0.01(232), stagnancy 31.3%
[35m[MSG][0m itr   413, best 5575.3262, time  619.9, minPhero 0.01(232), stagnancy 31.7%
[35m[MSG][0m itr   414, best 5575.3262, time  621.3, minPhero 0.01(232), stagnancy 32.0%
[35m[MSG][0m itr   415, best 5575.3262, time  622.7, minPhero 0.01(232), stagnancy 32.3%
[35m[MSG][0m itr   416, best 5575.3262, time  624.2, minPhero 0.01(232), stagnancy 32.7%
[35m[MSG][0m itr   417, best 5575.3262, time  625.6, minPhero 0.01(232), stagnancy 33.0%
[35m[MSG][0m itr   418, best 5575.3262, time  627.1, minPhero 0.01(232), stagnancy 33.3%
[35m[MSG][0m itr   419, best 5575.3262, time  628.5, minPhero 0.01(232), stagnancy 33.7%
[35m[MSG][0m itr   420, best 5575.3262, time  630.0, minPhero 0.01(232), stagnancy 34.0%
[35m[MSG][0m itr   421, best 5575.3262, time  631.4, minPhero 0.01(232), stagnancy 34.3%
[35m[MSG][0m itr   422, best 5575.3262, time  632.8, minPhero 0.01(232), stagnancy 34.7%
[35m[MSG][0m itr   423, best 5575.3262, time  634.3, minPhero 0.01(232), stagnancy 35.0%
[35m[MSG][0m itr   424, best 5575.3262, time  635.6, minPhero 0.01(232), stagnancy 35.3%
[35m[MSG][0m itr   425, best 5575.3262, time  637.0, minPhero 0.01(232), stagnancy 35.7%
[35m[MSG][0m itr   426, best 5575.3262, time  638.4, minPhero 0.01(232), stagnancy 36.0%
[35m[MSG][0m itr   427, best 5575.3262, time  639.8, minPhero 0.01(232), stagnancy 36.3%
[35m[MSG][0m itr   428, best 5575.3262, time  641.2, minPhero 0.01(232), stagnancy 36.7%
[35m[MSG][0m itr   429, best 5575.3262, time  642.5, minPhero 0.01(232), stagnancy 37.0%
[35m[MSG][0m itr   430, best 5575.3262, time  643.9, minPhero 0.01(232), stagnancy 37.3%
[35m[MSG][0m itr   431, best 5575.3262, time  645.3, minPhero 0.01(232), stagnancy 37.7%
[35m[MSG][0m itr   432, best 5575.3262, time  646.8, minPhero 0.01(232), stagnancy 38.0%
[35m[MSG][0m itr   433, best 5575.3262, time  648.1, minPhero 0.01(232), stagnancy 38.3%
[35m[MSG][0m itr   434, best 5575.3262, time  649.5, minPhero 0.01(232), stagnancy 38.7%
[35m[MSG][0m itr   435, best 5575.3262, time  650.9, minPhero 0.01(232), stagnancy 39.0%
[35m[MSG][0m itr   436, best 5575.3262, time  652.2, minPhero 0.01(232), stagnancy 39.3%
[35m[MSG][0m itr   437, best 5575.3262, time  653.6, minPhero 0.01(232), stagnancy 39.7%
[35m[MSG][0m itr   438, best 5575.3262, time  655.1, minPhero 0.01(232), stagnancy 40.0%
[35m[MSG][0m itr   439, best 5575.3262, time  656.5, minPhero 0.01(232), stagnancy 40.3%
[35m[MSG][0m itr   440, best 5575.3262, time  657.9, minPhero 0.01(232), stagnancy 40.7%
[35m[MSG][0m itr   441, best 5575.3262, time  659.4, minPhero 0.01(232), stagnancy 41.0%
[35m[MSG][0m itr   442, best 5575.3262, time  660.9, minPhero 0.01(232), stagnancy 41.3%
[35m[MSG][0m itr   443, best 5575.3262, time  662.5, minPhero 0.01(232), stagnancy 41.7%
[35m[MSG][0m itr   444, best 5575.3262, time  664.0, minPhero 0.01(232), stagnancy 42.0%
[35m[MSG][0m itr   445, best 5575.3262, time  665.7, minPhero 0.01(232), stagnancy 42.3%
[35m[MSG][0m itr   446, best 5575.3262, time  667.3, minPhero 0.01(232), stagnancy 42.7%
[35m[MSG][0m itr   447, best 5575.3262, time  668.8, minPhero 0.01(232), stagnancy 43.0%
[35m[MSG][0m itr   448, best 5575.3262, time  670.3, minPhero 0.01(232), stagnancy 43.3%
[35m[MSG][0m itr   449, best 5575.3262, time  671.8, minPhero 0.01(232), stagnancy 43.7%
[35m[MSG][0m itr   450, best 5575.3262, time  673.3, minPhero 0.01(232), stagnancy 44.0%
[35m[MSG][0m itr   451, best 5575.3262, time  674.8, minPhero 0.01(232), stagnancy 44.3%
[35m[MSG][0m itr   452, best 5575.3262, time  676.4, minPhero 0.01(232), stagnancy 44.7%
[35m[MSG][0m itr   453, best 5575.3262, time  677.8, minPhero 0.01(232), stagnancy 45.0%
[35m[MSG][0m itr   454, best 5575.3262, time  679.3, minPhero 0.01(232), stagnancy 45.3%
[35m[MSG][0m itr   455, best 5575.3262, time  680.8, minPhero 0.01(232), stagnancy 45.7%
[35m[MSG][0m itr   456, best 5575.3262, time  682.6, minPhero 0.01(232), stagnancy 46.0%
[35m[MSG][0m itr   457, best 5575.3262, time  684.1, minPhero 0.01(232), stagnancy 46.3%
[35m[MSG][0m itr   458, best 5575.3262, time  685.6, minPhero 0.01(232), stagnancy 46.7%
[35m[MSG][0m itr   459, best 5575.3262, time  687.2, minPhero 0.01(232), stagnancy 47.0%
[35m[MSG][0m itr   460, best 5575.3262, time  688.7, minPhero 0.01(232), stagnancy 47.3%
[35m[MSG][0m itr   461, best 5575.3262, time  690.3, minPhero 0.01(232), stagnancy 47.7%
[35m[MSG][0m itr   462, best 5575.3262, time  691.8, minPhero 0.01(232), stagnancy 48.0%
[35m[MSG][0m itr   463, best 5575.3262, time  693.5, minPhero 0.01(232), stagnancy 48.3%
[35m[MSG][0m itr   464, best 5575.3262, time  695.1, minPhero 0.01(232), stagnancy 48.7%
[35m[MSG][0m itr   465, best 5575.3262, time  696.6, minPhero 0.01(232), stagnancy 49.0%
[35m[MSG][0m itr   466, best 5575.3262, time  698.1, minPhero 0.01(232), stagnancy 49.3%
[35m[MSG][0m itr   467, best 5575.3262, time  699.6, minPhero 0.01(232), stagnancy 49.7%
[35m[MSG][0m itr   468, best 5575.3262, time  701.1, minPhero 0.01(232), stagnancy 50.0%
[35m[MSG][0m itr   469, best 5575.3262, time  702.6, minPhero 0.01(232), stagnancy 50.3%
[35m[MSG][0m itr   470, best 5575.3262, time  704.1, minPhero 0.01(232), stagnancy 50.7%
[35m[MSG][0m itr   471, best 5575.3262, time  705.6, minPhero 0.01(232), stagnancy 51.0%
[35m[MSG][0m itr   472, best 5575.3262, time  707.1, minPhero 0.01(232), stagnancy 51.3%
[35m[MSG][0m itr   473, best 5575.3262, time  708.5, minPhero 0.01(232), stagnancy 51.7%
[35m[MSG][0m itr   474, best 5575.3262, time  709.9, minPhero 0.01(232), stagnancy 52.0%
[35m[MSG][0m itr   475, best 5575.3262, time  711.3, minPhero 0.01(232), stagnancy 52.3%
[35m[MSG][0m itr   476, best 5575.3262, time  712.7, minPhero 0.01(232), stagnancy 52.7%
[35m[MSG][0m itr   477, best 5575.3262, time  714.2, minPhero 0.01(232), stagnancy 53.0%
[35m[MSG][0m itr   478, best 5575.3262, time  715.6, minPhero 0.01(232), stagnancy 53.3%
[35m[MSG][0m itr   479, best 5575.3262, time  717.0, minPhero 0.01(232), stagnancy 53.7%
[35m[MSG][0m itr   480, best 5575.3262, time  718.5, minPhero 0.01(232), stagnancy 54.0%
[35m[MSG][0m itr   481, best 5575.3262, time  719.9, minPhero 0.01(232), stagnancy 54.3%
[35m[MSG][0m itr   482, best 5575.3262, time  721.3, minPhero 0.01(232), stagnancy 54.7%
[35m[MSG][0m itr   483, best 5575.3262, time  722.8, minPhero 0.01(232), stagnancy 55.0%
[35m[MSG][0m itr   484, best 5575.3262, time  724.2, minPhero 0.01(232), stagnancy 55.3%
[35m[MSG][0m itr   485, best 5575.3262, time  725.6, minPhero 0.01(232), stagnancy 55.7%
[35m[MSG][0m itr   486, best 5575.3262, time  727.1, minPhero 0.01(232), stagnancy 56.0%
[35m[MSG][0m itr   487, best 5575.3262, time  728.5, minPhero 0.01(232), stagnancy 56.3%
[35m[MSG][0m itr   488, best 5575.3262, time  730.0, minPhero 0.01(232), stagnancy 56.7%
[35m[MSG][0m itr   489, best 5575.3262, time  731.5, minPhero 0.01(232), stagnancy 57.0%
[35m[MSG][0m itr   490, best 5575.3262, time  732.8, minPhero 0.01(232), stagnancy 57.3%
[35m[MSG][0m itr   491, best 5575.3262, time  734.2, minPhero 0.01(232), stagnancy 57.7%
[35m[MSG][0m itr   492, best 5575.3262, time  735.7, minPhero 0.01(232), stagnancy 58.0%
[35m[MSG][0m itr   493, best 5575.3262, time  737.1, minPhero 0.01(232), stagnancy 58.3%
[35m[MSG][0m itr   494, best 5575.3262, time  738.5, minPhero 0.01(232), stagnancy 58.7%
[35m[MSG][0m itr   495, best 5575.3262, time  739.9, minPhero 0.01(232), stagnancy 59.0%
[35m[MSG][0m itr   496, best 5575.3262, time  741.3, minPhero 0.01(232), stagnancy 59.3%
[35m[MSG][0m itr   497, best 5575.3262, time  742.8, minPhero 0.01(232), stagnancy 59.7%
[35m[MSG][0m itr   498, best 5575.3262, time  744.2, minPhero 0.01(232), stagnancy 60.0%
[35m[MSG][0m itr   499, best 5575.3262, time  745.6, minPhero 0.01(232), stagnancy 60.3%
[35m[MSG][0m itr   500, best 5575.3262, time  747.1, minPhero 0.01(232), stagnancy 60.7%
[35m[MSG][0m itr   501, best 5575.3262, time  748.5, minPhero 0.01(232), stagnancy 61.0%
[35m[MSG][0m itr   502, best 5575.3262, time  749.9, minPhero 0.01(232), stagnancy 61.3%
[35m[MSG][0m itr   503, best 5575.3262, time  751.4, minPhero 0.01(232), stagnancy 61.7%
[35m[MSG][0m itr   504, best 5575.3262, time  752.8, minPhero 0.01(232), stagnancy 62.0%
[35m[MSG][0m itr   505, best 5575.3262, time  754.2, minPhero 0.01(232), stagnancy 62.3%
[35m[MSG][0m itr   506, best 5575.3262, time  755.6, minPhero 0.01(232), stagnancy 62.7%
[35m[MSG][0m itr   507, best 5575.3262, time  757.1, minPhero 0.01(232), stagnancy 63.0%
[35m[MSG][0m itr   508, best 5575.3262, time  758.5, minPhero 0.01(232), stagnancy 63.3%
[35m[MSG][0m itr   509, best 5575.3262, time  760.0, minPhero 0.01(232), stagnancy 63.7%
[35m[MSG][0m itr   510, best 5575.3262, time  761.4, minPhero 0.01(232), stagnancy 64.0%
[35m[MSG][0m itr   511, best 5575.3262, time  762.8, minPhero 0.01(232), stagnancy 64.3%
[35m[MSG][0m itr   512, best 5575.3262, time  764.3, minPhero 0.01(232), stagnancy 64.7%
[35m[MSG][0m itr   513, best 5575.3262, time  765.7, minPhero 0.01(232), stagnancy 65.0%
[35m[MSG][0m itr   514, best 5575.3262, time  767.1, minPhero 0.01(232), stagnancy 65.3%
[35m[MSG][0m itr   515, best 5575.3262, time  768.6, minPhero 0.01(232), stagnancy 65.7%
[35m[MSG][0m itr   516, best 5575.3262, time  770.0, minPhero 0.01(232), stagnancy 66.0%
[35m[MSG][0m itr   517, best 5575.3262, time  771.5, minPhero 0.01(232), stagnancy 66.3%
[35m[MSG][0m itr   518, best 5575.3262, time  772.9, minPhero 0.01(232), stagnancy 66.7%
[35m[MSG][0m itr   519, best 5575.3262, time  774.4, minPhero 0.01(232), stagnancy 67.0%
[35m[MSG][0m itr   520, best 5575.3262, time  775.8, minPhero 0.01(232), stagnancy 67.3%
[35m[MSG][0m itr   521, best 5575.3262, time  777.3, minPhero 0.01(232), stagnancy 67.7%
[35m[MSG][0m itr   522, best 5575.3262, time  778.7, minPhero 0.01(232), stagnancy 68.0%
[35m[MSG][0m itr   523, best 5575.3262, time  780.1, minPhero 0.01(232), stagnancy 68.3%
[35m[MSG][0m itr   524, best 5575.3262, time  781.5, minPhero 0.01(232), stagnancy 68.7%
[35m[MSG][0m itr   525, best 5575.3262, time  782.9, minPhero 0.01(232), stagnancy 69.0%
[35m[MSG][0m itr   526, best 5575.3262, time  784.3, minPhero 0.01(232), stagnancy 69.3%
[35m[MSG][0m itr   527, best 5575.3262, time  785.7, minPhero 0.01(232), stagnancy 69.7%
[35m[MSG][0m itr   528, best 5575.3262, time  787.1, minPhero 0.01(232), stagnancy 70.0%
[35m[MSG][0m itr   529, best 5575.3262, time  788.6, minPhero 0.01(232), stagnancy 70.3%
[35m[MSG][0m itr   530, best 5575.3262, time  790.0, minPhero 0.01(232), stagnancy 70.7%
[35m[MSG][0m itr   531, best 5575.3262, time  791.3, minPhero 0.01(232), stagnancy 71.0%
[35m[MSG][0m itr   532, best 5575.3262, time  792.7, minPhero 0.01(232), stagnancy 71.3%
[35m[MSG][0m itr   533, best 5575.3262, time  794.2, minPhero 0.01(232), stagnancy 71.7%
[35m[MSG][0m itr   534, best 5575.3262, time  795.6, minPhero 0.01(232), stagnancy 72.0%
[35m[MSG][0m itr   535, best 5575.3262, time  797.0, minPhero 0.01(232), stagnancy 72.3%
[35m[MSG][0m itr   536, best 5575.3262, time  798.5, minPhero 0.01(232), stagnancy 72.7%
[35m[MSG][0m itr   537, best 5575.3262, time  799.9, minPhero 0.01(232), stagnancy 73.0%
[35m[MSG][0m itr   538, best 5575.3262, time  801.3, minPhero 0.01(232), stagnancy 73.3%
[35m[MSG][0m itr   539, best 5575.3262, time  802.8, minPhero 0.01(232), stagnancy 73.7%
[35m[MSG][0m itr   540, best 5575.3262, time  804.2, minPhero 0.01(232), stagnancy 74.0%
[35m[MSG][0m itr   541, best 5575.3262, time  805.6, minPhero 0.01(232), stagnancy 74.3%
[35m[MSG][0m itr   542, best 5575.3262, time  807.1, minPhero 0.01(232), stagnancy 74.7%
[35m[MSG][0m itr   543, best 5575.3262, time  808.5, minPhero 0.01(232), stagnancy 75.0%
[35m[MSG][0m itr   544, best 5575.3262, time  810.0, minPhero 0.01(232), stagnancy 75.3%
[35m[MSG][0m itr   545, best 5575.3262, time  811.3, minPhero 0.01(232), stagnancy 75.7%
[35m[MSG][0m itr   546, best 5575.3262, time  812.7, minPhero 0.01(232), stagnancy 76.0%
[35m[MSG][0m itr   547, best 5575.3262, time  814.1, minPhero 0.01(232), stagnancy 76.3%
[35m[MSG][0m itr   548, best 5575.3262, time  815.6, minPhero 0.01(232), stagnancy 76.7%
[35m[MSG][0m itr   549, best 5575.3262, time  817.0, minPhero 0.01(232), stagnancy 77.0%
[35m[MSG][0m itr   550, best 5575.3262, time  818.4, minPhero 0.01(232), stagnancy 77.3%
[35m[MSG][0m itr   551, best 5575.3262, time  819.8, minPhero 0.01(232), stagnancy 77.7%
[35m[MSG][0m itr   552, best 5575.3262, time  821.3, minPhero 0.01(232), stagnancy 78.0%
[35m[MSG][0m itr   553, best 5575.3262, time  822.7, minPhero 0.01(232), stagnancy 78.3%
[35m[MSG][0m itr   554, best 5575.3262, time  824.1, minPhero 0.01(232), stagnancy 78.7%
[35m[MSG][0m itr   555, best 5575.3262, time  825.6, minPhero 0.01(232), stagnancy 79.0%
[35m[MSG][0m itr   556, best 5575.3262, time  827.0, minPhero 0.01(232), stagnancy 79.3%
[35m[MSG][0m itr   557, best 5575.3262, time  828.5, minPhero 0.01(232), stagnancy 79.7%
[35m[MSG][0m itr   558, best 5575.3262, time  829.9, minPhero 0.01(232), stagnancy 80.0%
[35m[MSG][0m itr   559, best 5575.3262, time  831.3, minPhero 0.01(232), stagnancy 80.3%
[35m[MSG][0m itr   560, best 5575.3262, time  832.8, minPhero 0.01(232), stagnancy 80.7%
[35m[MSG][0m itr   561, best 5575.3262, time  834.2, minPhero 0.01(232), stagnancy 81.0%
[35m[MSG][0m itr   562, best 5575.3262, time  835.6, minPhero 0.01(232), stagnancy 81.3%
[35m[MSG][0m itr   563, best 5575.3262, time  837.0, minPhero 0.01(232), stagnancy 81.7%
[35m[MSG][0m itr   564, best 5575.3262, time  838.5, minPhero 0.01(232), stagnancy 82.0%
[35m[MSG][0m itr   565, best 5575.3262, time  840.0, minPhero 0.01(232), stagnancy 82.3%
[35m[MSG][0m itr   566, best 5575.3262, time  841.4, minPhero 0.01(232), stagnancy 82.7%
[35m[MSG][0m itr   567, best 5575.3262, time  842.8, minPhero 0.01(232), stagnancy 83.0%
[35m[MSG][0m itr   568, best 5575.3262, time  844.3, minPhero 0.01(232), stagnancy 83.3%
[35m[MSG][0m itr   569, best 5575.3262, time  845.8, minPhero 0.01(232), stagnancy 83.7%
[35m[MSG][0m itr   570, best 5575.3262, time  847.2, minPhero 0.01(232), stagnancy 84.0%
[35m[MSG][0m itr   571, best 5575.3262, time  848.6, minPhero 0.01(232), stagnancy 84.3%
[35m[MSG][0m itr   572, best 5575.3262, time  850.1, minPhero 0.01(232), stagnancy 84.7%
[35m[MSG][0m itr   573, best 5575.3262, time  851.5, minPhero 0.01(232), stagnancy 85.0%
[35m[MSG][0m itr   574, best 5575.3262, time  852.9, minPhero 0.01(232), stagnancy 85.3%
[35m[MSG][0m itr   575, best 5575.3262, time  854.4, minPhero 0.01(232), stagnancy 85.7%
[35m[MSG][0m itr   576, best 5575.3262, time  855.8, minPhero 0.01(232), stagnancy 86.0%
[35m[MSG][0m itr   577, best 5575.3262, time  857.2, minPhero 0.01(232), stagnancy 86.3%
[35m[MSG][0m itr   578, best 5575.3262, time  858.6, minPhero 0.01(232), stagnancy 86.7%
[35m[MSG][0m itr   579, best 5575.3262, time  860.1, minPhero 0.01(232), stagnancy 87.0%
[35m[MSG][0m itr   580, best 5575.3262, time  861.5, minPhero 0.01(232), stagnancy 87.3%
[35m[MSG][0m itr   581, best 5575.3262, time  862.9, minPhero 0.01(232), stagnancy 87.7%
[35m[MSG][0m itr   582, best 5575.3262, time  864.4, minPhero 0.01(232), stagnancy 88.0%
[35m[MSG][0m itr   583, best 5575.3262, time  865.7, minPhero 0.01(232), stagnancy 88.3%
[35m[MSG][0m itr   584, best 5575.3262, time  867.1, minPhero 0.01(232), stagnancy 88.7%
[35m[MSG][0m itr   585, best 5575.3262, time  868.5, minPhero 0.01(232), stagnancy 89.0%
[35m[MSG][0m itr   586, best 5575.3262, time  869.9, minPhero 0.01(232), stagnancy 89.3%
[35m[MSG][0m itr   587, best 5575.3262, time  871.4, minPhero 0.01(232), stagnancy 89.7%
[35m[MSG][0m itr   588, best 5575.3262, time  872.8, minPhero 0.01(232), stagnancy 90.0%
[35m[MSG][0m itr   589, best 5575.3262, time  874.3, minPhero 0.01(232), stagnancy 90.3%
[35m[MSG][0m itr   590, best 5575.3262, time  875.7, minPhero 0.01(232), stagnancy 90.7%
[35m[MSG][0m itr   591, best 5575.3262, time  877.1, minPhero 0.01(232), stagnancy 91.0%
[35m[MSG][0m itr   592, best 5575.3262, time  878.6, minPhero 0.01(232), stagnancy 91.3%
[35m[MSG][0m itr   593, best 5575.3262, time  880.0, minPhero 0.01(232), stagnancy 91.7%
[35m[MSG][0m itr   594, best 5575.3262, time  881.3, minPhero 0.01(232), stagnancy 92.0%
[35m[MSG][0m itr   595, best 5575.3262, time  882.6, minPhero 0.01(232), stagnancy 92.3%
[35m[MSG][0m itr   596, best 5575.3262, time  884.1, minPhero 0.01(232), stagnancy 92.7%
[35m[MSG][0m itr   597, best 5575.3262, time  885.5, minPhero 0.01(232), stagnancy 93.0%
[35m[MSG][0m itr   598, best 5575.3262, time  886.9, minPhero 0.01(232), stagnancy 93.3%
[35m[MSG][0m itr   599, best 5575.3262, time  888.4, minPhero 0.01(232), stagnancy 93.7%
[35m[MSG][0m itr   600, best 5575.3262, time  889.8, minPhero 0.01(232), stagnancy 94.0%
[35m[MSG][0m itr   601, best 5575.3262, time  891.3, minPhero 0.01(232), stagnancy 94.3%
[35m[MSG][0m itr   602, best 5575.3262, time  892.7, minPhero 0.01(232), stagnancy 94.7%
[35m[MSG][0m itr   603, best 5575.3262, time  894.1, minPhero 0.01(232), stagnancy 95.0%
[35m[MSG][0m itr   604, best 5575.3262, time  895.6, minPhero 0.01(232), stagnancy 95.3%
[35m[MSG][0m itr   605, best 5575.3262, time  897.0, minPhero 0.01(232), stagnancy 95.7%
[35m[MSG][0m itr   606, best 5575.3262, time  898.4, minPhero 0.01(232), stagnancy 96.0%
[35m[MSG][0m itr   607, best 5575.3262, time  899.8, minPhero 0.01(232), stagnancy 96.3%
[35m[MSG][0m itr   608, best 5575.3262, time  901.3, minPhero 0.01(232), stagnancy 96.7%
[35m[MSG][0m itr   609, best 5575.3262, time  902.7, minPhero 0.01(232), stagnancy 97.0%
[35m[MSG][0m itr   610, best 5575.3262, time  904.1, minPhero 0.01(232), stagnancy 97.3%
[35m[MSG][0m itr   611, best 5575.3262, time  905.6, minPhero 0.01(232), stagnancy 97.7%
[35m[MSG][0m itr   612, best 5575.3262, time  907.0, minPhero 0.01(232), stagnancy 98.0%
[35m[MSG][0m itr   613, best 5575.3262, time  908.5, minPhero 0.01(232), stagnancy 98.3%
[35m[MSG][0m itr   614, best 5575.3262, time  909.9, minPhero 0.01(232), stagnancy 98.7%
[35m[MSG][0m itr   615, best 5575.3262, time  911.3, minPhero 0.01(232), stagnancy 99.0%
[35m[MSG][0m itr   616, best 5575.3262, time  912.8, minPhero 0.01(232), stagnancy 99.3%
[35m[MSG][0m itr   617, best 5575.3262, time  914.2, minPhero 0.01(232), stagnancy 99.7%
[35m[MSG][0m itr   618, best 5575.3262, time  915.6, minPhero 0.01(232), stagnancy 100.0%
[35m[MSG][0m Solution converged. Reinitialising pheromones...
[35m[MSG][0m Time: 915.64 s
[35m[MSG][0m Best cost: 5575.33
