[35m[MSG][0m Log level set to LOG_DEBUG
[35m[MSG][0m Parsing input from file "res/fruitybun250_2016.vrp"
[35m[MSG][0m Number of nodes: 250
[35m[MSG][0m Running ACO search
[35m[MSG][0m ACO settings: 
 alpha:     8.000
 beta:      1.000
 pers:      0.850
 minPhero:  0.015
 nbhood:    10
 popSize:   512
 maxStag:   300
[35m[MSG][0m itr     1, best 5776.9199, time    1.3, minPhero 0.85(28922), stagnancy 0.0%
[35m[MSG][0m itr     2, best 5759.3804, time    2.7, minPhero 0.72(28922), stagnancy 0.0%
[35m[MSG][0m itr     3, best 5703.3574, time    4.2, minPhero 0.61(28922), stagnancy 0.0%
[35m[MSG][0m itr     4, best 5703.3574, time    5.6, minPhero 0.52(28922), stagnancy 0.3%
[35m[MSG][0m itr     5, best 5703.3574, time    7.1, minPhero 0.44(28922), stagnancy 0.7%
[35m[MSG][0m itr     6, best 5703.3574, time    8.5, minPhero 0.38(28922), stagnancy 1.0%
[35m[MSG][0m itr     7, best 5703.3574, time   10.0, minPhero 0.32(28922), stagnancy 1.3%
[35m[MSG][0m itr     8, best 5703.3574, time   11.5, minPhero 0.27(28922), stagnancy 1.7%
[35m[MSG][0m itr     9, best 5703.3574, time   12.9, minPhero 0.23(28922), stagnancy 2.0%
[35m[MSG][0m itr    10, best 5694.3335, time   14.4, minPhero 0.20(28922), stagnancy 0.0%
[35m[MSG][0m itr    11, best 5694.3335, time   15.8, minPhero 0.17(28922), stagnancy 0.3%
[35m[MSG][0m itr    12, best 5694.3335, time   17.3, minPhero 0.14(28922), stagnancy 0.7%
[35m[MSG][0m itr    13, best 5694.3335, time   18.8, minPhero 0.12(28922), stagnancy 1.0%
[35m[MSG][0m itr    14, best 5676.8159, time   20.2, minPhero 0.10(28922), stagnancy 0.0%
[35m[MSG][0m itr    15, best 5658.6460, time   21.7, minPhero 0.09(28922), stagnancy 0.0%
[35m[MSG][0m itr    16, best 5658.6460, time   23.1, minPhero 0.07(28922), stagnancy 0.3%
[35m[MSG][0m itr    17, best 5658.6460, time   24.6, minPhero 0.06(28922), stagnancy 0.7%
[35m[MSG][0m itr    18, best 5654.9463, time   26.1, minPhero 0.05(28922), stagnancy 0.0%
[35m[MSG][0m itr    19, best 5644.3022, time   27.5, minPhero 0.05(28922), stagnancy 0.0%
[35m[MSG][0m itr    20, best 5637.6992, time   29.0, minPhero 0.04(28922), stagnancy 0.0%
[35m[MSG][0m itr    21, best 5630.4009, time   30.5, minPhero 0.03(28922), stagnancy 0.0%
[35m[MSG][0m itr    22, best 5630.4009, time   31.9, minPhero 0.03(28922), stagnancy 0.3%
[35m[MSG][0m itr    23, best 5630.4009, time   33.4, minPhero 0.02(520), stagnancy 0.7%
[35m[MSG][0m itr    24, best 5630.4009, time   34.9, minPhero 0.02(427), stagnancy 1.0%
[35m[MSG][0m itr    25, best 5620.3447, time   36.3, minPhero 0.02(413), stagnancy 0.0%
[35m[MSG][0m itr    26, best 5620.3447, time   37.8, minPhero 0.01(413), stagnancy 0.3%
[35m[MSG][0m itr    27, best 5620.3447, time   39.3, minPhero 0.01(413), stagnancy 0.7%
[35m[MSG][0m itr    28, best 5618.9766, time   40.7, minPhero 0.01(415), stagnancy 0.0%
[35m[MSG][0m itr    29, best 5618.4292, time   42.1, minPhero 0.01(414), stagnancy 0.0%
[35m[MSG][0m itr    30, best 5616.8970, time   43.6, minPhero 0.01(415), stagnancy 0.0%
[35m[MSG][0m itr    31, best 5616.5830, time   45.1, minPhero 0.01(414), stagnancy 0.0%
[35m[MSG][0m itr    32, best 5616.5830, time   46.5, minPhero 0.01(373), stagnancy 0.3%
[35m[MSG][0m itr    33, best 5614.9561, time   48.0, minPhero 0.01(347), stagnancy 0.0%
[35m[MSG][0m itr    34, best 5614.5962, time   49.4, minPhero 0.01(357), stagnancy 0.0%
[35m[MSG][0m itr    35, best 5603.7583, time   50.9, minPhero 0.01(325), stagnancy 0.0%
[35m[MSG][0m itr    36, best 5603.7583, time   52.3, minPhero 0.01(318), stagnancy 0.3%
[35m[MSG][0m itr    37, best 5603.7583, time   53.8, minPhero 0.01(308), stagnancy 0.7%
[35m[MSG][0m itr    38, best 5599.8618, time   55.3, minPhero 0.01(302), stagnancy 0.0%
[35m[MSG][0m itr    39, best 5599.0854, time   56.7, minPhero 0.01(303), stagnancy 0.0%
[35m[MSG][0m itr    40, best 5596.3657, time   58.2, minPhero 0.01(304), stagnancy 0.0%
[35m[MSG][0m itr    41, best 5596.3657, time   59.6, minPhero 0.01(299), stagnancy 0.3%
[35m[MSG][0m itr    42, best 5596.3657, time   61.1, minPhero 0.01(293), stagnancy 0.7%
[35m[MSG][0m itr    43, best 5596.2144, time   62.5, minPhero 0.01(287), stagnancy 0.0%
[35m[MSG][0m itr    44, best 5596.2144, time   63.9, minPhero 0.01(281), stagnancy 0.3%
[35m[MSG][0m itr    45, best 5595.0195, time   65.4, minPhero 0.01(285), stagnancy 0.0%
[35m[MSG][0m itr    46, best 5595.0195, time   66.8, minPhero 0.01(280), stagnancy 0.3%
[35m[MSG][0m itr    47, best 5591.4219, time   68.3, minPhero 0.01(280), stagnancy 0.0%
[35m[MSG][0m itr    48, best 5590.4814, time   69.7, minPhero 0.01(279), stagnancy 0.0%
[35m[MSG][0m itr    49, best 5590.0332, time   71.2, minPhero 0.01(280), stagnancy 0.0%
[35m[MSG][0m itr    50, best 5588.9897, time   72.6, minPhero 0.01(282), stagnancy 0.0%
[35m[MSG][0m itr    51, best 5588.9897, time   74.0, minPhero 0.01(278), stagnancy 0.3%
[35m[MSG][0m itr    52, best 5588.8818, time   75.5, minPhero 0.01(276), stagnancy 0.0%
[35m[MSG][0m itr    53, best 5588.3901, time   76.9, minPhero 0.01(276), stagnancy 0.0%
[35m[MSG][0m itr    54, best 5588.2822, time   78.4, minPhero 0.01(276), stagnancy 0.0%
[35m[MSG][0m itr    55, best 5588.2822, time   79.7, minPhero 0.01(268), stagnancy 0.3%
[35m[MSG][0m itr    56, best 5587.8496, time   81.2, minPhero 0.01(263), stagnancy 0.0%
[35m[MSG][0m itr    57, best 5586.9766, time   82.6, minPhero 0.01(269), stagnancy 0.0%
[35m[MSG][0m itr    58, best 5586.8682, time   84.0, minPhero 0.01(268), stagnancy 0.0%
[35m[MSG][0m itr    59, best 5586.8682, time   85.5, minPhero 0.01(268), stagnancy 0.3%
[35m[MSG][0m itr    60, best 5586.8682, time   86.8, minPhero 0.01(268), stagnancy 0.7%
[35m[MSG][0m itr    61, best 5586.7974, time   88.2, minPhero 0.01(268), stagnancy 0.0%
[35m[MSG][0m itr    62, best 5586.7969, time   89.7, minPhero 0.01(259), stagnancy 0.0%
[35m[MSG][0m itr    63, best 5586.7969, time   91.1, minPhero 0.01(259), stagnancy 0.3%
[35m[MSG][0m itr    64, best 5586.7969, time   92.5, minPhero 0.01(259), stagnancy 0.7%
[35m[MSG][0m itr    65, best 5586.7944, time   94.0, minPhero 0.01(260), stagnancy 0.0%
[35m[MSG][0m itr    66, best 5586.5894, time   95.4, minPhero 0.01(256), stagnancy 0.0%
[35m[MSG][0m itr    67, best 5586.3745, time   96.9, minPhero 0.01(260), stagnancy 0.0%
[35m[MSG][0m itr    68, best 5586.3745, time   98.3, minPhero 0.01(259), stagnancy 0.3%
[35m[MSG][0m itr    69, best 5586.2461, time   99.7, minPhero 0.01(261), stagnancy 0.0%
[35m[MSG][0m itr    70, best 5586.2461, time  101.2, minPhero 0.01(261), stagnancy 0.3%
[35m[MSG][0m itr    71, best 5586.0957, time  102.6, minPhero 0.01(259), stagnancy 0.0%
[35m[MSG][0m itr    72, best 5586.0957, time  104.1, minPhero 0.01(257), stagnancy 0.3%
[35m[MSG][0m itr    73, best 5586.0928, time  105.5, minPhero 0.01(257), stagnancy 0.0%
[35m[MSG][0m itr    74, best 5586.0928, time  107.0, minPhero 0.01(257), stagnancy 0.3%
[35m[MSG][0m itr    75, best 5586.0928, time  108.4, minPhero 0.01(255), stagnancy 0.7%
[35m[MSG][0m itr    76, best 5586.0928, time  109.9, minPhero 0.01(254), stagnancy 1.0%
[35m[MSG][0m itr    77, best 5586.0928, time  111.3, minPhero 0.01(253), stagnancy 1.3%
[35m[MSG][0m itr    78, best 5586.0928, time  112.7, minPhero 0.01(252), stagnancy 1.7%
[35m[MSG][0m itr    79, best 5586.0928, time  114.2, minPhero 0.01(250), stagnancy 2.0%
[35m[MSG][0m itr    80, best 5586.0928, time  115.6, minPhero 0.01(250), stagnancy 2.3%
[35m[MSG][0m itr    81, best 5586.0928, time  117.1, minPhero 0.01(250), stagnancy 2.7%
[35m[MSG][0m itr    82, best 5586.0928, time  118.5, minPhero 0.01(250), stagnancy 3.0%
[35m[MSG][0m itr    83, best 5586.0928, time  120.0, minPhero 0.01(250), stagnancy 3.3%
[35m[MSG][0m itr    84, best 5586.0928, time  121.4, minPhero 0.01(250), stagnancy 3.7%
[35m[MSG][0m itr    85, best 5586.0928, time  122.9, minPhero 0.01(247), stagnancy 4.0%
[35m[MSG][0m itr    86, best 5586.0928, time  124.3, minPhero 0.01(245), stagnancy 4.3%
[35m[MSG][0m itr    87, best 5586.0928, time  125.7, minPhero 0.01(245), stagnancy 4.7%
[35m[MSG][0m itr    88, best 5586.0928, time  127.1, minPhero 0.01(245), stagnancy 5.0%
[35m[MSG][0m itr    89, best 5586.0928, time  128.6, minPhero 0.01(236), stagnancy 5.3%
[35m[MSG][0m itr    90, best 5586.0928, time  130.0, minPhero 0.01(234), stagnancy 5.7%
[35m[MSG][0m itr    91, best 5586.0928, time  131.5, minPhero 0.01(234), stagnancy 6.0%
[35m[MSG][0m itr    92, best 5586.0928, time  132.9, minPhero 0.01(233), stagnancy 6.3%
[35m[MSG][0m itr    93, best 5586.0928, time  134.3, minPhero 0.01(233), stagnancy 6.7%
[35m[MSG][0m itr    94, best 5586.0928, time  135.8, minPhero 0.01(233), stagnancy 7.0%
[35m[MSG][0m itr    95, best 5586.0928, time  137.2, minPhero 0.01(232), stagnancy 7.3%
[35m[MSG][0m itr    96, best 5586.0928, time  138.6, minPhero 0.01(232), stagnancy 7.7%
[35m[MSG][0m itr    97, best 5586.0928, time  140.1, minPhero 0.01(232), stagnancy 8.0%
[35m[MSG][0m itr    98, best 5586.0928, time  141.4, minPhero 0.01(232), stagnancy 8.3%
[35m[MSG][0m itr    99, best 5586.0928, time  142.8, minPhero 0.01(232), stagnancy 8.7%
[35m[MSG][0m itr   100, best 5586.0928, time  144.2, minPhero 0.01(232), stagnancy 9.0%
[35m[MSG][0m itr   101, best 5586.0928, time  145.6, minPhero 0.01(232), stagnancy 9.3%
[35m[MSG][0m itr   102, best 5586.0928, time  146.9, minPhero 0.01(232), stagnancy 9.7%
[35m[MSG][0m itr   103, best 5586.0928, time  148.4, minPhero 0.01(232), stagnancy 10.0%
[35m[MSG][0m itr   104, best 5586.0928, time  149.8, minPhero 0.01(232), stagnancy 10.3%
[35m[MSG][0m itr   105, best 5586.0928, time  151.3, minPhero 0.01(232), stagnancy 10.7%
[35m[MSG][0m itr   106, best 5586.0928, time  152.7, minPhero 0.01(232), stagnancy 11.0%
[35m[MSG][0m itr   107, best 5586.0928, time  154.1, minPhero 0.01(232), stagnancy 11.3%
[35m[MSG][0m itr   108, best 5586.0928, time  155.5, minPhero 0.01(232), stagnancy 11.7%
[35m[MSG][0m itr   109, best 5586.0928, time  156.9, minPhero 0.01(232), stagnancy 12.0%
[35m[MSG][0m itr   110, best 5586.0928, time  158.3, minPhero 0.01(232), stagnancy 12.3%
[35m[MSG][0m itr   111, best 5586.0928, time  159.8, minPhero 0.01(232), stagnancy 12.7%
[35m[MSG][0m itr   112, best 5586.0928, time  161.2, minPhero 0.01(232), stagnancy 13.0%
[35m[MSG][0m itr   113, best 5586.0928, time  162.6, minPhero 0.01(232), stagnancy 13.3%
[35m[MSG][0m itr   114, best 5586.0928, time  164.1, minPhero 0.01(232), stagnancy 13.7%
[35m[MSG][0m itr   115, best 5586.0928, time  165.5, minPhero 0.01(232), stagnancy 14.0%
[35m[MSG][0m itr   116, best 5586.0928, time  166.9, minPhero 0.01(232), stagnancy 14.3%
[35m[MSG][0m itr   117, best 5586.0928, time  168.3, minPhero 0.01(232), stagnancy 14.7%
[35m[MSG][0m itr   118, best 5586.0928, time  169.8, minPhero 0.01(232), stagnancy 15.0%
[35m[MSG][0m itr   119, best 5586.0928, time  171.2, minPhero 0.01(232), stagnancy 15.3%
[35m[MSG][0m itr   120, best 5586.0928, time  172.6, minPhero 0.01(232), stagnancy 15.7%
[35m[MSG][0m itr   121, best 5586.0928, time  174.1, minPhero 0.01(232), stagnancy 16.0%
[35m[MSG][0m itr   122, best 5586.0928, time  175.5, minPhero 0.01(232), stagnancy 16.3%
[35m[MSG][0m itr   123, best 5586.0928, time  176.9, minPhero 0.01(232), stagnancy 16.7%
[35m[MSG][0m itr   124, best 5586.0928, time  178.4, minPhero 0.01(232), stagnancy 17.0%
[35m[MSG][0m itr   125, best 5586.0928, time  179.8, minPhero 0.01(232), stagnancy 17.3%
[35m[MSG][0m itr   126, best 5586.0928, time  181.2, minPhero 0.01(232), stagnancy 17.7%
[35m[MSG][0m itr   127, best 5586.0928, time  182.7, minPhero 0.01(232), stagnancy 18.0%
[35m[MSG][0m itr   128, best 5586.0928, time  184.1, minPhero 0.01(232), stagnancy 18.3%
[35m[MSG][0m itr   129, best 5586.0928, time  185.5, minPhero 0.01(232), stagnancy 18.7%
[35m[MSG][0m itr   130, best 5586.0928, time  186.9, minPhero 0.01(232), stagnancy 19.0%
[35m[MSG][0m itr   131, best 5586.0928, time  188.4, minPhero 0.01(232), stagnancy 19.3%
[35m[MSG][0m itr   132, best 5586.0928, time  189.8, minPhero 0.01(232), stagnancy 19.7%
[35m[MSG][0m itr   133, best 5586.0928, time  191.3, minPhero 0.01(232), stagnancy 20.0%
[35m[MSG][0m itr   134, best 5586.0928, time  192.7, minPhero 0.01(232), stagnancy 20.3%
[35m[MSG][0m itr   135, best 5586.0928, time  194.1, minPhero 0.01(232), stagnancy 20.7%
[35m[MSG][0m itr   136, best 5586.0928, time  195.6, minPhero 0.01(232), stagnancy 21.0%
[35m[MSG][0m itr   137, best 5586.0928, time  197.0, minPhero 0.01(232), stagnancy 21.3%
[35m[MSG][0m itr   138, best 5586.0928, time  198.4, minPhero 0.01(232), stagnancy 21.7%
[35m[MSG][0m itr   139, best 5586.0928, time  199.9, minPhero 0.01(232), stagnancy 22.0%
[35m[MSG][0m itr   140, best 5586.0928, time  201.3, minPhero 0.01(232), stagnancy 22.3%
[35m[MSG][0m itr   141, best 5586.0928, time  202.6, minPhero 0.01(232), stagnancy 22.7%
[35m[MSG][0m itr   142, best 5586.0923, time  204.0, minPhero 0.01(232), stagnancy 0.0%
[35m[MSG][0m itr   143, best 5586.0923, time  205.3, minPhero 0.01(232), stagnancy 0.3%
[35m[MSG][0m itr   144, best 5586.0923, time  206.6, minPhero 0.01(232), stagnancy 0.7%
[35m[MSG][0m itr   145, best 5586.0923, time  208.0, minPhero 0.01(232), stagnancy 1.0%
[35m[MSG][0m itr   146, best 5586.0923, time  209.4, minPhero 0.01(232), stagnancy 1.3%
[35m[MSG][0m itr   147, best 5586.0923, time  210.8, minPhero 0.01(232), stagnancy 1.7%
[35m[MSG][0m itr   148, best 5586.0923, time  212.3, minPhero 0.01(232), stagnancy 2.0%
[35m[MSG][0m itr   149, best 5586.0923, time  213.7, minPhero 0.01(232), stagnancy 2.3%
[35m[MSG][0m itr   150, best 5586.0923, time  215.1, minPhero 0.01(232), stagnancy 2.7%
[35m[MSG][0m itr   151, best 5586.0923, time  216.5, minPhero 0.01(232), stagnancy 3.0%
[35m[MSG][0m itr   152, best 5586.0923, time  218.0, minPhero 0.01(232), stagnancy 3.3%
[35m[MSG][0m itr   153, best 5586.0923, time  219.4, minPhero 0.01(232), stagnancy 3.7%
[35m[MSG][0m itr   154, best 5586.0923, time  220.8, minPhero 0.01(232), stagnancy 4.0%
[35m[MSG][0m itr   155, best 5586.0923, time  222.3, minPhero 0.01(232), stagnancy 4.3%
[35m[MSG][0m itr   156, best 5586.0923, time  223.7, minPhero 0.01(232), stagnancy 4.7%
[35m[MSG][0m itr   157, best 5586.0923, time  225.2, minPhero 0.01(232), stagnancy 5.0%
[35m[MSG][0m itr   158, best 5586.0923, time  226.6, minPhero 0.01(232), stagnancy 5.3%
[35m[MSG][0m itr   159, best 5586.0923, time  228.0, minPhero 0.01(232), stagnancy 5.7%
[35m[MSG][0m itr   160, best 5586.0923, time  229.4, minPhero 0.01(232), stagnancy 6.0%
[35m[MSG][0m itr   161, best 5586.0923, time  230.9, minPhero 0.01(232), stagnancy 6.3%
[35m[MSG][0m itr   162, best 5586.0923, time  232.3, minPhero 0.01(232), stagnancy 6.7%
[35m[MSG][0m itr   163, best 5586.0923, time  233.7, minPhero 0.01(232), stagnancy 7.0%
[35m[MSG][0m itr   164, best 5586.0923, time  235.2, minPhero 0.01(232), stagnancy 7.3%
[35m[MSG][0m itr   165, best 5586.0923, time  236.6, minPhero 0.01(232), stagnancy 7.7%
[35m[MSG][0m itr   166, best 5586.0923, time  238.1, minPhero 0.01(232), stagnancy 8.0%
[35m[MSG][0m itr   167, best 5586.0923, time  239.5, minPhero 0.01(232), stagnancy 8.3%
[35m[MSG][0m itr   168, best 5586.0923, time  240.9, minPhero 0.01(232), stagnancy 8.7%
[35m[MSG][0m itr   169, best 5586.0923, time  242.4, minPhero 0.01(232), stagnancy 9.0%
[35m[MSG][0m itr   170, best 5586.0923, time  243.8, minPhero 0.01(232), stagnancy 9.3%
[35m[MSG][0m itr   171, best 5586.0923, time  245.2, minPhero 0.01(232), stagnancy 9.7%
[35m[MSG][0m itr   172, best 5586.0923, time  246.6, minPhero 0.01(232), stagnancy 10.0%
[35m[MSG][0m itr   173, best 5586.0923, time  248.0, minPhero 0.01(232), stagnancy 10.3%
[35m[MSG][0m itr   174, best 5586.0923, time  249.5, minPhero 0.01(232), stagnancy 10.7%
[35m[MSG][0m itr   175, best 5586.0923, time  250.9, minPhero 0.01(232), stagnancy 11.0%
[35m[MSG][0m itr   176, best 5586.0923, time  252.3, minPhero 0.01(232), stagnancy 11.3%
[35m[MSG][0m itr   177, best 5586.0923, time  253.7, minPhero 0.01(232), stagnancy 11.7%
[35m[MSG][0m itr   178, best 5586.0923, time  255.2, minPhero 0.01(232), stagnancy 12.0%
[35m[MSG][0m itr   179, best 5586.0923, time  256.6, minPhero 0.01(232), stagnancy 12.3%
[35m[MSG][0m itr   180, best 5586.0923, time  258.0, minPhero 0.01(232), stagnancy 12.7%
[35m[MSG][0m itr   181, best 5586.0923, time  259.4, minPhero 0.01(232), stagnancy 13.0%
[35m[MSG][0m itr   182, best 5586.0923, time  260.8, minPhero 0.01(232), stagnancy 13.3%
[35m[MSG][0m itr   183, best 5586.0923, time  262.2, minPhero 0.01(232), stagnancy 13.7%
[35m[MSG][0m itr   184, best 5586.0923, time  263.7, minPhero 0.01(232), stagnancy 14.0%
[35m[MSG][0m itr   185, best 5586.0923, time  265.1, minPhero 0.01(232), stagnancy 14.3%
[35m[MSG][0m itr   186, best 5586.0923, time  266.5, minPhero 0.01(232), stagnancy 14.7%
[35m[MSG][0m itr   187, best 5586.0923, time  267.9, minPhero 0.01(232), stagnancy 15.0%
[35m[MSG][0m itr   188, best 5586.0923, time  269.3, minPhero 0.01(232), stagnancy 15.3%
[35m[MSG][0m itr   189, best 5586.0923, time  270.8, minPhero 0.01(232), stagnancy 15.7%
[35m[MSG][0m itr   190, best 5586.0923, time  272.2, minPhero 0.01(232), stagnancy 16.0%
[35m[MSG][0m itr   191, best 5586.0923, time  273.7, minPhero 0.01(232), stagnancy 16.3%
[35m[MSG][0m itr   192, best 5586.0923, time  275.1, minPhero 0.01(232), stagnancy 16.7%
[35m[MSG][0m itr   193, best 5586.0923, time  276.6, minPhero 0.01(232), stagnancy 17.0%
[35m[MSG][0m itr   194, best 5586.0923, time  278.0, minPhero 0.01(232), stagnancy 17.3%
[35m[MSG][0m itr   195, best 5586.0923, time  279.4, minPhero 0.01(232), stagnancy 17.7%
[35m[MSG][0m itr   196, best 5586.0923, time  280.8, minPhero 0.01(232), stagnancy 18.0%
[35m[MSG][0m itr   197, best 5586.0923, time  282.2, minPhero 0.01(232), stagnancy 18.3%
[35m[MSG][0m itr   198, best 5586.0923, time  283.7, minPhero 0.01(232), stagnancy 18.7%
[35m[MSG][0m itr   199, best 5586.0923, time  285.1, minPhero 0.01(232), stagnancy 19.0%
[35m[MSG][0m itr   200, best 5586.0923, time  286.5, minPhero 0.01(232), stagnancy 19.3%
[35m[MSG][0m itr   201, best 5586.0923, time  288.0, minPhero 0.01(232), stagnancy 19.7%
[35m[MSG][0m itr   202, best 5586.0923, time  289.4, minPhero 0.01(232), stagnancy 20.0%
[35m[MSG][0m itr   203, best 5586.0923, time  290.8, minPhero 0.01(232), stagnancy 20.3%
[35m[MSG][0m itr   204, best 5586.0923, time  292.3, minPhero 0.01(232), stagnancy 20.7%
[35m[MSG][0m itr   205, best 5586.0923, time  293.7, minPhero 0.01(232), stagnancy 21.0%
[35m[MSG][0m itr   206, best 5586.0923, time  295.1, minPhero 0.01(232), stagnancy 21.3%
[35m[MSG][0m itr   207, best 5586.0923, time  296.6, minPhero 0.01(232), stagnancy 21.7%
[35m[MSG][0m itr   208, best 5586.0923, time  298.0, minPhero 0.01(232), stagnancy 22.0%
[35m[MSG][0m itr   209, best 5586.0923, time  299.4, minPhero 0.01(232), stagnancy 22.3%
[35m[MSG][0m itr   210, best 5586.0923, time  300.8, minPhero 0.01(232), stagnancy 22.7%
[35m[MSG][0m itr   211, best 5586.0923, time  302.3, minPhero 0.01(232), stagnancy 23.0%
[35m[MSG][0m itr   212, best 5586.0923, time  303.7, minPhero 0.01(232), stagnancy 23.3%
[35m[MSG][0m itr   213, best 5586.0923, time  305.2, minPhero 0.01(232), stagnancy 23.7%
[35m[MSG][0m itr   214, best 5586.0923, time  306.5, minPhero 0.01(232), stagnancy 24.0%
[35m[MSG][0m itr   215, best 5586.0923, time  307.9, minPhero 0.01(232), stagnancy 24.3%
[35m[MSG][0m itr   216, best 5586.0923, time  309.3, minPhero 0.01(232), stagnancy 24.7%
[35m[MSG][0m itr   217, best 5586.0923, time  310.7, minPhero 0.01(232), stagnancy 25.0%
[35m[MSG][0m itr   218, best 5586.0923, time  312.2, minPhero 0.01(232), stagnancy 25.3%
[35m[MSG][0m itr   219, best 5586.0923, time  313.6, minPhero 0.01(232), stagnancy 25.7%
[35m[MSG][0m itr   220, best 5586.0923, time  315.1, minPhero 0.01(232), stagnancy 26.0%
[35m[MSG][0m itr   221, best 5586.0923, time  316.5, minPhero 0.01(232), stagnancy 26.3%
[35m[MSG][0m itr   222, best 5586.0923, time  317.9, minPhero 0.01(232), stagnancy 26.7%
[35m[MSG][0m itr   223, best 5586.0923, time  319.4, minPhero 0.01(232), stagnancy 27.0%
[35m[MSG][0m itr   224, best 5586.0923, time  320.8, minPhero 0.01(232), stagnancy 27.3%
[35m[MSG][0m itr   225, best 5586.0923, time  322.2, minPhero 0.01(232), stagnancy 27.7%
[35m[MSG][0m itr   226, best 5586.0923, time  323.6, minPhero 0.01(232), stagnancy 28.0%
[35m[MSG][0m itr   227, best 5586.0923, time  325.1, minPhero 0.01(232), stagnancy 28.3%
[35m[MSG][0m itr   228, best 5586.0923, time  326.5, minPhero 0.01(232), stagnancy 28.7%
[35m[MSG][0m itr   229, best 5586.0923, time  327.9, minPhero 0.01(232), stagnancy 29.0%
[35m[MSG][0m itr   230, best 5586.0923, time  329.3, minPhero 0.01(232), stagnancy 29.3%
[35m[MSG][0m itr   231, best 5586.0923, time  330.8, minPhero 0.01(232), stagnancy 29.7%
[35m[MSG][0m itr   232, best 5586.0923, time  332.2, minPhero 0.01(232), stagnancy 30.0%
[35m[MSG][0m itr   233, best 5586.0923, time  333.6, minPhero 0.01(232), stagnancy 30.3%
[35m[MSG][0m itr   234, best 5586.0923, time  335.0, minPhero 0.01(232), stagnancy 30.7%
[35m[MSG][0m itr   235, best 5586.0923, time  336.5, minPhero 0.01(232), stagnancy 31.0%
[35m[MSG][0m itr   236, best 5586.0923, time  337.9, minPhero 0.01(232), stagnancy 31.3%
[35m[MSG][0m itr   237, best 5586.0923, time  339.3, minPhero 0.01(232), stagnancy 31.7%
[35m[MSG][0m itr   238, best 5586.0923, time  340.8, minPhero 0.01(232), stagnancy 32.0%
[35m[MSG][0m itr   239, best 5586.0923, time  342.1, minPhero 0.01(232), stagnancy 32.3%
[35m[MSG][0m itr   240, best 5586.0923, time  343.6, minPhero 0.01(232), stagnancy 32.7%
[35m[MSG][0m itr   241, best 5586.0923, time  345.0, minPhero 0.01(232), stagnancy 33.0%
[35m[MSG][0m itr   242, best 5586.0923, time  346.5, minPhero 0.01(232), stagnancy 33.3%
[35m[MSG][0m itr   243, best 5586.0923, time  347.9, minPhero 0.01(232), stagnancy 33.7%
[35m[MSG][0m itr   244, best 5586.0923, time  349.3, minPhero 0.01(232), stagnancy 34.0%
[35m[MSG][0m itr   245, best 5586.0923, time  350.8, minPhero 0.01(232), stagnancy 34.3%
[35m[MSG][0m itr   246, best 5586.0923, time  352.2, minPhero 0.01(232), stagnancy 34.7%
[35m[MSG][0m itr   247, best 5586.0923, time  353.6, minPhero 0.01(232), stagnancy 35.0%
[35m[MSG][0m itr   248, best 5586.0923, time  355.1, minPhero 0.01(232), stagnancy 35.3%
[35m[MSG][0m itr   249, best 5586.0923, time  356.5, minPhero 0.01(232), stagnancy 35.7%
[35m[MSG][0m itr   250, best 5586.0923, time  357.9, minPhero 0.01(232), stagnancy 36.0%
[35m[MSG][0m itr   251, best 5586.0923, time  359.3, minPhero 0.01(232), stagnancy 36.3%
[35m[MSG][0m itr   252, best 5586.0923, time  360.8, minPhero 0.01(232), stagnancy 36.7%
[35m[MSG][0m itr   253, best 5586.0923, time  362.2, minPhero 0.01(232), stagnancy 37.0%
[35m[MSG][0m itr   254, best 5586.0923, time  363.6, minPhero 0.01(232), stagnancy 37.3%
[35m[MSG][0m itr   255, best 5586.0923, time  365.1, minPhero 0.01(232), stagnancy 37.7%
[35m[MSG][0m itr   256, best 5586.0923, time  366.5, minPhero 0.01(232), stagnancy 38.0%
[35m[MSG][0m itr   257, best 5586.0923, time  367.9, minPhero 0.01(232), stagnancy 38.3%
[35m[MSG][0m itr   258, best 5586.0923, time  369.4, minPhero 0.01(232), stagnancy 38.7%
[35m[MSG][0m itr   259, best 5586.0923, time  370.8, minPhero 0.01(232), stagnancy 39.0%
[35m[MSG][0m itr   260, best 5586.0923, time  372.2, minPhero 0.01(232), stagnancy 39.3%
[35m[MSG][0m itr   261, best 5586.0923, time  373.7, minPhero 0.01(232), stagnancy 39.7%
[35m[MSG][0m itr   262, best 5586.0923, time  375.1, minPhero 0.01(232), stagnancy 40.0%
[35m[MSG][0m itr   263, best 5586.0923, time  376.4, minPhero 0.01(232), stagnancy 40.3%
[35m[MSG][0m itr   264, best 5586.0923, time  377.9, minPhero 0.01(232), stagnancy 40.7%
[35m[MSG][0m itr   265, best 5586.0923, time  379.3, minPhero 0.01(232), stagnancy 41.0%
[35m[MSG][0m itr   266, best 5586.0923, time  380.8, minPhero 0.01(232), stagnancy 41.3%
[35m[MSG][0m itr   267, best 5586.0923, time  382.2, minPhero 0.01(232), stagnancy 41.7%
[35m[MSG][0m itr   268, best 5586.0923, time  383.6, minPhero 0.01(232), stagnancy 42.0%
[35m[MSG][0m itr   269, best 5586.0923, time  385.1, minPhero 0.01(232), stagnancy 42.3%
[35m[MSG][0m itr   270, best 5586.0923, time  386.5, minPhero 0.01(232), stagnancy 42.7%
[35m[MSG][0m itr   271, best 5586.0923, time  387.9, minPhero 0.01(232), stagnancy 43.0%
[35m[MSG][0m itr   272, best 5586.0923, time  389.3, minPhero 0.01(232), stagnancy 43.3%
[35m[MSG][0m itr   273, best 5586.0923, time  390.8, minPhero 0.01(232), stagnancy 43.7%
[35m[MSG][0m itr   274, best 5586.0923, time  392.2, minPhero 0.01(232), stagnancy 44.0%
[35m[MSG][0m itr   275, best 5586.0923, time  393.6, minPhero 0.01(232), stagnancy 44.3%
[35m[MSG][0m itr   276, best 5586.0923, time  395.1, minPhero 0.01(232), stagnancy 44.7%
[35m[MSG][0m itr   277, best 5586.0923, time  396.5, minPhero 0.01(232), stagnancy 45.0%
[35m[MSG][0m itr   278, best 5586.0923, time  397.9, minPhero 0.01(232), stagnancy 45.3%
[35m[MSG][0m itr   279, best 5586.0923, time  399.4, minPhero 0.01(232), stagnancy 45.7%
[35m[MSG][0m itr   280, best 5586.0923, time  400.8, minPhero 0.01(232), stagnancy 46.0%
[35m[MSG][0m itr   281, best 5586.0923, time  402.2, minPhero 0.01(232), stagnancy 46.3%
[35m[MSG][0m itr   282, best 5586.0923, time  403.7, minPhero 0.01(232), stagnancy 46.7%
[35m[MSG][0m itr   283, best 5586.0923, time  405.1, minPhero 0.01(232), stagnancy 47.0%
[35m[MSG][0m itr   284, best 5586.0923, time  406.6, minPhero 0.01(232), stagnancy 47.3%
[35m[MSG][0m itr   285, best 5586.0923, time  408.0, minPhero 0.01(232), stagnancy 47.7%
[35m[MSG][0m itr   286, best 5586.0923, time  409.4, minPhero 0.01(232), stagnancy 48.0%
[35m[MSG][0m itr   287, best 5586.0923, time  410.9, minPhero 0.01(232), stagnancy 48.3%
[35m[MSG][0m itr   288, best 5586.0923, time  412.3, minPhero 0.01(232), stagnancy 48.7%
[35m[MSG][0m itr   289, best 5586.0923, time  413.8, minPhero 0.01(232), stagnancy 49.0%
[35m[MSG][0m itr   290, best 5586.0923, time  415.2, minPhero 0.01(232), stagnancy 49.3%
[35m[MSG][0m itr   291, best 5586.0923, time  416.6, minPhero 0.01(232), stagnancy 49.7%
[35m[MSG][0m itr   292, best 5586.0923, time  418.0, minPhero 0.01(232), stagnancy 50.0%
[35m[MSG][0m itr   293, best 5586.0923, time  419.4, minPhero 0.01(232), stagnancy 50.3%
[35m[MSG][0m itr   294, best 5586.0923, time  420.9, minPhero 0.01(232), stagnancy 50.7%
[35m[MSG][0m itr   295, best 5586.0923, time  422.3, minPhero 0.01(232), stagnancy 51.0%
[35m[MSG][0m itr   296, best 5586.0923, time  423.8, minPhero 0.01(232), stagnancy 51.3%
[35m[MSG][0m itr   297, best 5586.0923, time  425.2, minPhero 0.01(232), stagnancy 51.7%
[35m[MSG][0m itr   298, best 5586.0923, time  426.6, minPhero 0.01(232), stagnancy 52.0%
[35m[MSG][0m itr   299, best 5586.0923, time  428.1, minPhero 0.01(232), stagnancy 52.3%
[35m[MSG][0m itr   300, best 5586.0923, time  429.5, minPhero 0.01(232), stagnancy 52.7%
[35m[MSG][0m itr   301, best 5586.0923, time  430.9, minPhero 0.01(232), stagnancy 53.0%
[35m[MSG][0m itr   302, best 5586.0923, time  432.3, minPhero 0.01(232), stagnancy 53.3%
[35m[MSG][0m itr   303, best 5586.0923, time  433.8, minPhero 0.01(232), stagnancy 53.7%
[35m[MSG][0m itr   304, best 5586.0923, time  435.2, minPhero 0.01(232), stagnancy 54.0%
[35m[MSG][0m itr   305, best 5586.0923, time  436.6, minPhero 0.01(232), stagnancy 54.3%
[35m[MSG][0m itr   306, best 5586.0923, time  438.1, minPhero 0.01(232), stagnancy 54.7%
[35m[MSG][0m itr   307, best 5586.0923, time  439.5, minPhero 0.01(232), stagnancy 55.0%
[35m[MSG][0m itr   308, best 5586.0923, time  440.9, minPhero 0.01(232), stagnancy 55.3%
[35m[MSG][0m itr   309, best 5586.0923, time  442.3, minPhero 0.01(232), stagnancy 55.7%
[35m[MSG][0m itr   310, best 5586.0923, time  443.8, minPhero 0.01(232), stagnancy 56.0%
[35m[MSG][0m itr   311, best 5586.0923, time  445.2, minPhero 0.01(232), stagnancy 56.3%
[35m[MSG][0m itr   312, best 5586.0923, time  446.7, minPhero 0.01(232), stagnancy 56.7%
[35m[MSG][0m itr   313, best 5586.0923, time  448.1, minPhero 0.01(232), stagnancy 57.0%
[35m[MSG][0m itr   314, best 5586.0923, time  449.5, minPhero 0.01(232), stagnancy 57.3%
[35m[MSG][0m itr   315, best 5586.0923, time  451.0, minPhero 0.01(232), stagnancy 57.7%
[35m[MSG][0m itr   316, best 5586.0923, time  452.4, minPhero 0.01(232), stagnancy 58.0%
[35m[MSG][0m itr   317, best 5586.0923, time  453.8, minPhero 0.01(232), stagnancy 58.3%
[35m[MSG][0m itr   318, best 5586.0923, time  455.3, minPhero 0.01(232), stagnancy 58.7%
[35m[MSG][0m itr   319, best 5586.0923, time  456.7, minPhero 0.01(232), stagnancy 59.0%
[35m[MSG][0m itr   320, best 5586.0923, time  458.1, minPhero 0.01(232), stagnancy 59.3%
[35m[MSG][0m itr   321, best 5586.0923, time  459.6, minPhero 0.01(232), stagnancy 59.7%
[35m[MSG][0m itr   322, best 5586.0923, time  461.0, minPhero 0.01(232), stagnancy 60.0%
[35m[MSG][0m itr   323, best 5586.0923, time  462.4, minPhero 0.01(232), stagnancy 60.3%
[35m[MSG][0m itr   324, best 5586.0923, time  463.9, minPhero 0.01(232), stagnancy 60.7%
[35m[MSG][0m itr   325, best 5586.0923, time  465.3, minPhero 0.01(232), stagnancy 61.0%
[35m[MSG][0m itr   326, best 5586.0923, time  466.7, minPhero 0.01(232), stagnancy 61.3%
[35m[MSG][0m itr   327, best 5586.0923, time  468.2, minPhero 0.01(232), stagnancy 61.7%
[35m[MSG][0m itr   328, best 5586.0923, time  469.6, minPhero 0.01(232), stagnancy 62.0%
[35m[MSG][0m itr   329, best 5586.0923, time  471.0, minPhero 0.01(232), stagnancy 62.3%
[35m[MSG][0m itr   330, best 5586.0923, time  472.5, minPhero 0.01(232), stagnancy 62.7%
[35m[MSG][0m itr   331, best 5586.0923, time  473.9, minPhero 0.01(232), stagnancy 63.0%
[35m[MSG][0m itr   332, best 5586.0923, time  475.3, minPhero 0.01(232), stagnancy 63.3%
[35m[MSG][0m itr   333, best 5586.0923, time  476.8, minPhero 0.01(232), stagnancy 63.7%
[35m[MSG][0m itr   334, best 5586.0923, time  478.2, minPhero 0.01(232), stagnancy 64.0%
[35m[MSG][0m itr   335, best 5586.0923, time  479.6, minPhero 0.01(232), stagnancy 64.3%
[35m[MSG][0m itr   336, best 5586.0923, time  481.0, minPhero 0.01(232), stagnancy 64.7%
[35m[MSG][0m itr   337, best 5586.0923, time  482.5, minPhero 0.01(232), stagnancy 65.0%
[35m[MSG][0m itr   338, best 5586.0923, time  483.9, minPhero 0.01(232), stagnancy 65.3%
[35m[MSG][0m itr   339, best 5586.0923, time  485.4, minPhero 0.01(232), stagnancy 65.7%
[35m[MSG][0m itr   340, best 5586.0923, time  486.8, minPhero 0.01(232), stagnancy 66.0%
[35m[MSG][0m itr   341, best 5586.0923, time  488.3, minPhero 0.01(232), stagnancy 66.3%
[35m[MSG][0m itr   342, best 5586.0923, time  489.7, minPhero 0.01(232), stagnancy 66.7%
[35m[MSG][0m itr   343, best 5586.0923, time  491.0, minPhero 0.01(232), stagnancy 67.0%
[35m[MSG][0m itr   344, best 5586.0923, time  492.3, minPhero 0.01(232), stagnancy 67.3%
[35m[MSG][0m itr   345, best 5586.0923, time  493.8, minPhero 0.01(232), stagnancy 67.7%
[35m[MSG][0m itr   346, best 5586.0923, time  495.2, minPhero 0.01(232), stagnancy 68.0%
[35m[MSG][0m itr   347, best 5586.0923, time  496.6, minPhero 0.01(232), stagnancy 68.3%
[35m[MSG][0m itr   348, best 5586.0923, time  498.1, minPhero 0.01(232), stagnancy 68.7%
[35m[MSG][0m itr   349, best 5586.0923, time  499.5, minPhero 0.01(232), stagnancy 69.0%
[35m[MSG][0m itr   350, best 5584.4224, time  500.9, minPhero 0.01(245), stagnancy 0.0%
[35m[MSG][0m itr   351, best 5584.4224, time  502.4, minPhero 0.01(245), stagnancy 0.3%
[35m[MSG][0m itr   352, best 5584.3511, time  503.8, minPhero 0.01(245), stagnancy 0.0%
[35m[MSG][0m itr   353, best 5584.3511, time  505.2, minPhero 0.01(245), stagnancy 0.3%
[35m[MSG][0m itr   354, best 5584.3511, time  506.7, minPhero 0.01(245), stagnancy 0.7%
[35m[MSG][0m itr   355, best 5584.3511, time  508.1, minPhero 0.01(245), stagnancy 1.0%
[35m[MSG][0m itr   356, best 5584.3506, time  509.5, minPhero 0.01(245), stagnancy 0.0%
[35m[MSG][0m itr   357, best 5584.3506, time  511.0, minPhero 0.01(245), stagnancy 0.3%
[35m[MSG][0m itr   358, best 5584.3506, time  512.4, minPhero 0.01(245), stagnancy 0.7%
[35m[MSG][0m itr   359, best 5584.3506, time  513.8, minPhero 0.01(245), stagnancy 1.0%
[35m[MSG][0m itr   360, best 5584.3506, time  515.3, minPhero 0.01(245), stagnancy 1.3%
[35m[MSG][0m itr   361, best 5584.3506, time  516.7, minPhero 0.01(245), stagnancy 1.7%
[35m[MSG][0m itr   362, best 5584.3506, time  518.2, minPhero 0.01(245), stagnancy 2.0%
[35m[MSG][0m itr   363, best 5584.3506, time  519.6, minPhero 0.01(245), stagnancy 2.3%
[35m[MSG][0m itr   364, best 5584.3506, time  521.0, minPhero 0.01(245), stagnancy 2.7%
[35m[MSG][0m itr   365, best 5584.3506, time  522.4, minPhero 0.01(245), stagnancy 3.0%
[35m[MSG][0m itr   366, best 5584.3506, time  523.9, minPhero 0.01(245), stagnancy 3.3%
[35m[MSG][0m itr   367, best 5584.3506, time  525.3, minPhero 0.01(242), stagnancy 3.7%
[35m[MSG][0m itr   368, best 5584.3506, time  526.8, minPhero 0.01(242), stagnancy 4.0%
[35m[MSG][0m itr   369, best 5584.3506, time  528.2, minPhero 0.01(242), stagnancy 4.3%
[35m[MSG][0m itr   370, best 5584.3506, time  529.6, minPhero 0.01(242), stagnancy 4.7%
[35m[MSG][0m itr   371, best 5584.3506, time  531.1, minPhero 0.01(242), stagnancy 5.0%
[35m[MSG][0m itr   372, best 5584.3506, time  532.5, minPhero 0.01(232), stagnancy 5.3%
[35m[MSG][0m itr   373, best 5584.3506, time  533.9, minPhero 0.01(232), stagnancy 5.7%
[35m[MSG][0m itr   374, best 5584.3506, time  535.4, minPhero 0.01(232), stagnancy 6.0%
[35m[MSG][0m itr   375, best 5584.3506, time  536.8, minPhero 0.01(232), stagnancy 6.3%
[35m[MSG][0m itr   376, best 5584.3506, time  538.3, minPhero 0.01(232), stagnancy 6.7%
[35m[MSG][0m itr   377, best 5584.3506, time  539.7, minPhero 0.01(232), stagnancy 7.0%
[35m[MSG][0m itr   378, best 5584.3506, time  541.1, minPhero 0.01(232), stagnancy 7.3%
[35m[MSG][0m itr   379, best 5584.3506, time  542.6, minPhero 0.01(232), stagnancy 7.7%
[35m[MSG][0m itr   380, best 5584.3506, time  544.0, minPhero 0.01(232), stagnancy 8.0%
[35m[MSG][0m itr   381, best 5584.3506, time  545.4, minPhero 0.01(232), stagnancy 8.3%
[35m[MSG][0m itr   382, best 5584.3506, time  546.8, minPhero 0.01(232), stagnancy 8.7%
[35m[MSG][0m itr   383, best 5584.3506, time  548.3, minPhero 0.01(232), stagnancy 9.0%
[35m[MSG][0m itr   384, best 5584.3506, time  549.7, minPhero 0.01(232), stagnancy 9.3%
[35m[MSG][0m itr   385, best 5584.3506, time  551.2, minPhero 0.01(232), stagnancy 9.7%
[35m[MSG][0m itr   386, best 5584.3506, time  552.6, minPhero 0.01(232), stagnancy 10.0%
[35m[MSG][0m itr   387, best 5584.3506, time  554.1, minPhero 0.01(232), stagnancy 10.3%
[35m[MSG][0m itr   388, best 5584.3506, time  555.5, minPhero 0.01(232), stagnancy 10.7%
[35m[MSG][0m itr   389, best 5584.3506, time  556.9, minPhero 0.01(232), stagnancy 11.0%
[35m[MSG][0m itr   390, best 5584.3506, time  558.3, minPhero 0.01(232), stagnancy 11.3%
[35m[MSG][0m itr   391, best 5584.3506, time  559.8, minPhero 0.01(232), stagnancy 11.7%
[35m[MSG][0m itr   392, best 5584.3506, time  561.2, minPhero 0.01(232), stagnancy 12.0%
[35m[MSG][0m itr   393, best 5584.3506, time  562.6, minPhero 0.01(232), stagnancy 12.3%
[35m[MSG][0m itr   394, best 5584.3506, time  564.1, minPhero 0.01(232), stagnancy 12.7%
[35m[MSG][0m itr   395, best 5584.3506, time  565.5, minPhero 0.01(232), stagnancy 13.0%
[35m[MSG][0m itr   396, best 5584.3506, time  567.0, minPhero 0.01(232), stagnancy 13.3%
[35m[MSG][0m itr   397, best 5584.3506, time  568.4, minPhero 0.01(232), stagnancy 13.7%
[35m[MSG][0m itr   398, best 5584.3506, time  569.9, minPhero 0.01(232), stagnancy 14.0%
[35m[MSG][0m itr   399, best 5584.3506, time  571.3, minPhero 0.01(232), stagnancy 14.3%
[35m[MSG][0m itr   400, best 5584.3506, time  572.7, minPhero 0.01(232), stagnancy 14.7%
[35m[MSG][0m itr   401, best 5584.3506, time  574.2, minPhero 0.01(232), stagnancy 15.0%
[35m[MSG][0m itr   402, best 5584.1104, time  575.6, minPhero 0.01(240), stagnancy 0.0%
[35m[MSG][0m itr   403, best 5584.1104, time  577.1, minPhero 0.01(240), stagnancy 0.3%
[35m[MSG][0m itr   404, best 5584.1104, time  578.5, minPhero 0.01(240), stagnancy 0.7%
[35m[MSG][0m itr   405, best 5582.5146, time  580.0, minPhero 0.01(245), stagnancy 0.0%
[35m[MSG][0m itr   406, best 5581.3076, time  581.4, minPhero 0.01(247), stagnancy 0.0%
[35m[MSG][0m itr   407, best 5581.3076, time  582.9, minPhero 0.01(247), stagnancy 0.3%
[35m[MSG][0m itr   408, best 5581.3076, time  584.3, minPhero 0.01(247), stagnancy 0.7%
[35m[MSG][0m itr   409, best 5581.3076, time  585.7, minPhero 0.01(247), stagnancy 1.0%
[35m[MSG][0m itr   410, best 5581.3071, time  587.2, minPhero 0.01(247), stagnancy 0.0%
[35m[MSG][0m itr   411, best 5581.3071, time  588.7, minPhero 0.01(247), stagnancy 0.3%
[35m[MSG][0m itr   412, best 5581.3071, time  590.1, minPhero 0.01(247), stagnancy 0.7%
[35m[MSG][0m itr   413, best 5581.3071, time  591.5, minPhero 0.01(247), stagnancy 1.0%
[35m[MSG][0m itr   414, best 5581.3071, time  593.0, minPhero 0.01(247), stagnancy 1.3%
[35m[MSG][0m itr   415, best 5581.3071, time  594.4, minPhero 0.01(247), stagnancy 1.7%
[35m[MSG][0m itr   416, best 5581.3071, time  595.9, minPhero 0.01(247), stagnancy 2.0%
[35m[MSG][0m itr   417, best 5581.3071, time  597.4, minPhero 0.01(245), stagnancy 2.3%
[35m[MSG][0m itr   418, best 5581.3071, time  598.8, minPhero 0.01(245), stagnancy 2.7%
[35m[MSG][0m itr   419, best 5581.3071, time  600.1, minPhero 0.01(245), stagnancy 3.0%
[35m[MSG][0m itr   420, best 5581.3071, time  601.6, minPhero 0.01(245), stagnancy 3.3%
[35m[MSG][0m itr   421, best 5581.3071, time  603.0, minPhero 0.01(243), stagnancy 3.7%
[35m[MSG][0m itr   422, best 5581.3071, time  604.5, minPhero 0.01(243), stagnancy 4.0%
[35m[MSG][0m itr   423, best 5581.3071, time  605.9, minPhero 0.01(243), stagnancy 4.3%
[35m[MSG][0m itr   424, best 5581.3071, time  607.4, minPhero 0.01(236), stagnancy 4.7%
[35m[MSG][0m itr   425, best 5581.3071, time  608.8, minPhero 0.01(236), stagnancy 5.0%
[35m[MSG][0m itr   426, best 5581.3071, time  610.3, minPhero 0.01(236), stagnancy 5.3%
[35m[MSG][0m itr   427, best 5581.3071, time  611.7, minPhero 0.01(233), stagnancy 5.7%
[35m[MSG][0m itr   428, best 5581.3071, time  613.2, minPhero 0.01(232), stagnancy 6.0%
[35m[MSG][0m itr   429, best 5581.3071, time  614.6, minPhero 0.01(232), stagnancy 6.3%
[35m[MSG][0m itr   430, best 5581.3071, time  616.0, minPhero 0.01(232), stagnancy 6.7%
[35m[MSG][0m itr   431, best 5581.3071, time  617.2, minPhero 0.01(232), stagnancy 7.0%
[35m[MSG][0m itr   432, best 5581.3071, time  618.7, minPhero 0.01(232), stagnancy 7.3%
[35m[MSG][0m itr   433, best 5581.3071, time  620.0, minPhero 0.01(232), stagnancy 7.7%
[35m[MSG][0m itr   434, best 5581.3071, time  621.4, minPhero 0.01(232), stagnancy 8.0%
[35m[MSG][0m itr   435, best 5581.3071, time  622.9, minPhero 0.01(232), stagnancy 8.3%
[35m[MSG][0m itr   436, best 5581.3071, time  624.3, minPhero 0.01(232), stagnancy 8.7%
[35m[MSG][0m itr   437, best 5581.3071, time  625.8, minPhero 0.01(232), stagnancy 9.0%
[35m[MSG][0m itr   438, best 5581.3071, time  627.2, minPhero 0.01(232), stagnancy 9.3%
[35m[MSG][0m itr   439, best 5581.3071, time  628.5, minPhero 0.01(232), stagnancy 9.7%
[35m[MSG][0m itr   440, best 5581.3071, time  630.0, minPhero 0.01(232), stagnancy 10.0%
[35m[MSG][0m itr   441, best 5581.3071, time  631.3, minPhero 0.01(232), stagnancy 10.3%
[35m[MSG][0m itr   442, best 5581.3071, time  632.8, minPhero 0.01(232), stagnancy 10.7%
[35m[MSG][0m itr   443, best 5581.3071, time  634.2, minPhero 0.01(232), stagnancy 11.0%
[35m[MSG][0m itr   444, best 5581.3071, time  635.6, minPhero 0.01(232), stagnancy 11.3%
[35m[MSG][0m itr   445, best 5581.3071, time  637.0, minPhero 0.01(232), stagnancy 11.7%
[35m[MSG][0m itr   446, best 5581.3071, time  638.3, minPhero 0.01(232), stagnancy 12.0%
[35m[MSG][0m itr   447, best 5581.3071, time  639.7, minPhero 0.01(232), stagnancy 12.3%
[35m[MSG][0m itr   448, best 5581.3071, time  641.1, minPhero 0.01(232), stagnancy 12.7%
[35m[MSG][0m itr   449, best 5581.3071, time  642.6, minPhero 0.01(232), stagnancy 13.0%
[35m[MSG][0m itr   450, best 5581.3071, time  643.9, minPhero 0.01(232), stagnancy 13.3%
[35m[MSG][0m itr   451, best 5581.3071, time  645.4, minPhero 0.01(232), stagnancy 13.7%
[35m[MSG][0m itr   452, best 5581.3071, time  646.8, minPhero 0.01(232), stagnancy 14.0%
[35m[MSG][0m itr   453, best 5581.3071, time  648.2, minPhero 0.01(232), stagnancy 14.3%
[35m[MSG][0m itr   454, best 5581.3071, time  649.6, minPhero 0.01(232), stagnancy 14.7%
[35m[MSG][0m itr   455, best 5581.3071, time  651.0, minPhero 0.01(232), stagnancy 15.0%
[35m[MSG][0m itr   456, best 5581.3071, time  652.4, minPhero 0.01(232), stagnancy 15.3%
[35m[MSG][0m itr   457, best 5581.3071, time  653.7, minPhero 0.01(232), stagnancy 15.7%
[35m[MSG][0m itr   458, best 5581.3071, time  655.1, minPhero 0.01(232), stagnancy 16.0%
[35m[MSG][0m itr   459, best 5581.3071, time  656.6, minPhero 0.01(232), stagnancy 16.3%
[35m[MSG][0m itr   460, best 5581.3071, time  658.0, minPhero 0.01(232), stagnancy 16.7%
[35m[MSG][0m itr   461, best 5581.3071, time  659.5, minPhero 0.01(232), stagnancy 17.0%
[35m[MSG][0m itr   462, best 5581.3071, time  660.9, minPhero 0.01(232), stagnancy 17.3%
[35m[MSG][0m itr   463, best 5581.3071, time  662.4, minPhero 0.01(232), stagnancy 17.7%
[35m[MSG][0m itr   464, best 5581.3071, time  663.8, minPhero 0.01(232), stagnancy 18.0%
[35m[MSG][0m itr   465, best 5581.3071, time  665.2, minPhero 0.01(232), stagnancy 18.3%
[35m[MSG][0m itr   466, best 5581.3071, time  666.7, minPhero 0.01(232), stagnancy 18.7%
[35m[MSG][0m itr   467, best 5581.3071, time  668.1, minPhero 0.01(232), stagnancy 19.0%
[35m[MSG][0m itr   468, best 5581.3071, time  669.6, minPhero 0.01(232), stagnancy 19.3%
[35m[MSG][0m itr   469, best 5581.3071, time  671.0, minPhero 0.01(232), stagnancy 19.7%
[35m[MSG][0m itr   470, best 5581.3071, time  672.4, minPhero 0.01(232), stagnancy 20.0%
[35m[MSG][0m itr   471, best 5581.3071, time  673.9, minPhero 0.01(232), stagnancy 20.3%
[35m[MSG][0m itr   472, best 5581.3071, time  675.3, minPhero 0.01(232), stagnancy 20.7%
[35m[MSG][0m itr   473, best 5581.3071, time  676.8, minPhero 0.01(232), stagnancy 21.0%
[35m[MSG][0m itr   474, best 5581.3071, time  678.2, minPhero 0.01(232), stagnancy 21.3%
[35m[MSG][0m itr   475, best 5581.3071, time  679.7, minPhero 0.01(232), stagnancy 21.7%
[35m[MSG][0m itr   476, best 5581.3071, time  681.1, minPhero 0.01(232), stagnancy 22.0%
[35m[MSG][0m itr   477, best 5581.3071, time  682.6, minPhero 0.01(232), stagnancy 22.3%
[35m[MSG][0m itr   478, best 5581.3071, time  684.0, minPhero 0.01(232), stagnancy 22.7%
[35m[MSG][0m itr   479, best 5581.3071, time  685.4, minPhero 0.01(232), stagnancy 23.0%
[35m[MSG][0m itr   480, best 5581.3071, time  686.9, minPhero 0.01(232), stagnancy 23.3%
[35m[MSG][0m itr   481, best 5581.3071, time  688.3, minPhero 0.01(232), stagnancy 23.7%
[35m[MSG][0m itr   482, best 5581.3071, time  689.7, minPhero 0.01(232), stagnancy 24.0%
[35m[MSG][0m itr   483, best 5581.3071, time  691.2, minPhero 0.01(232), stagnancy 24.3%
[35m[MSG][0m itr   484, best 5581.3071, time  692.6, minPhero 0.01(232), stagnancy 24.7%
[35m[MSG][0m itr   485, best 5581.3071, time  694.0, minPhero 0.01(232), stagnancy 25.0%
[35m[MSG][0m itr   486, best 5581.3071, time  695.5, minPhero 0.01(232), stagnancy 25.3%
[35m[MSG][0m itr   487, best 5581.3071, time  696.9, minPhero 0.01(232), stagnancy 25.7%
[35m[MSG][0m itr   488, best 5581.3071, time  698.4, minPhero 0.01(232), stagnancy 26.0%
[35m[MSG][0m itr   489, best 5581.3071, time  699.8, minPhero 0.01(232), stagnancy 26.3%
[35m[MSG][0m itr   490, best 5581.3071, time  701.3, minPhero 0.01(232), stagnancy 26.7%
[35m[MSG][0m itr   491, best 5581.3071, time  702.8, minPhero 0.01(232), stagnancy 27.0%
[35m[MSG][0m itr   492, best 5581.3071, time  704.2, minPhero 0.01(232), stagnancy 27.3%
[35m[MSG][0m itr   493, best 5581.3071, time  705.6, minPhero 0.01(232), stagnancy 27.7%
[35m[MSG][0m itr   494, best 5581.3071, time  707.0, minPhero 0.01(232), stagnancy 28.0%
[35m[MSG][0m itr   495, best 5581.3071, time  708.4, minPhero 0.01(232), stagnancy 28.3%
[35m[MSG][0m itr   496, best 5581.3071, time  709.8, minPhero 0.01(232), stagnancy 28.7%
[35m[MSG][0m itr   497, best 5581.3071, time  711.3, minPhero 0.01(232), stagnancy 29.0%
[35m[MSG][0m itr   498, best 5581.3071, time  712.7, minPhero 0.01(232), stagnancy 29.3%
[35m[MSG][0m itr   499, best 5581.3071, time  714.2, minPhero 0.01(232), stagnancy 29.7%
[35m[MSG][0m itr   500, best 5581.3071, time  715.6, minPhero 0.01(232), stagnancy 30.0%
[35m[MSG][0m itr   501, best 5581.3071, time  717.0, minPhero 0.01(232), stagnancy 30.3%
[35m[MSG][0m itr   502, best 5581.3071, time  718.5, minPhero 0.01(232), stagnancy 30.7%
[35m[MSG][0m itr   503, best 5581.3071, time  719.9, minPhero 0.01(232), stagnancy 31.0%
[35m[MSG][0m itr   504, best 5581.3071, time  721.3, minPhero 0.01(232), stagnancy 31.3%
[35m[MSG][0m itr   505, best 5581.3071, time  722.8, minPhero 0.01(232), stagnancy 31.7%
[35m[MSG][0m itr   506, best 5581.3071, time  724.2, minPhero 0.01(232), stagnancy 32.0%
[35m[MSG][0m itr   507, best 5581.3071, time  725.7, minPhero 0.01(232), stagnancy 32.3%
[35m[MSG][0m itr   508, best 5581.3071, time  727.1, minPhero 0.01(232), stagnancy 32.7%
[35m[MSG][0m itr   509, best 5581.3071, time  728.6, minPhero 0.01(232), stagnancy 33.0%
[35m[MSG][0m itr   510, best 5580.1123, time  730.0, minPhero 0.01(241), stagnancy 0.0%
[35m[MSG][0m itr   511, best 5579.9609, time  731.4, minPhero 0.01(241), stagnancy 0.0%
[35m[MSG][0m itr   512, best 5579.9609, time  732.9, minPhero 0.01(241), stagnancy 0.3%
[35m[MSG][0m itr   513, best 5579.9609, time  734.3, minPhero 0.01(241), stagnancy 0.7%
[35m[MSG][0m itr   514, best 5579.9609, time  735.8, minPhero 0.01(241), stagnancy 1.0%
[35m[MSG][0m itr   515, best 5579.9609, time  737.3, minPhero 0.01(241), stagnancy 1.3%
[35m[MSG][0m itr   516, best 5579.9604, time  738.7, minPhero 0.01(241), stagnancy 0.0%
[35m[MSG][0m itr   517, best 5579.9604, time  740.2, minPhero 0.01(241), stagnancy 0.3%
[35m[MSG][0m itr   518, best 5579.9604, time  741.6, minPhero 0.01(241), stagnancy 0.7%
[35m[MSG][0m itr   519, best 5579.9604, time  743.1, minPhero 0.01(241), stagnancy 1.0%
[35m[MSG][0m itr   520, best 5579.9604, time  744.5, minPhero 0.01(241), stagnancy 1.3%
[35m[MSG][0m itr   521, best 5579.9604, time  746.0, minPhero 0.01(241), stagnancy 1.7%
[35m[MSG][0m itr   522, best 5579.9604, time  747.4, minPhero 0.01(239), stagnancy 2.0%
[35m[MSG][0m itr   523, best 5579.9604, time  748.9, minPhero 0.01(239), stagnancy 2.3%
[35m[MSG][0m itr   524, best 5579.9604, time  750.3, minPhero 0.01(239), stagnancy 2.7%
[35m[MSG][0m itr   525, best 5579.9604, time  751.8, minPhero 0.01(239), stagnancy 3.0%
[35m[MSG][0m itr   526, best 5579.9604, time  753.2, minPhero 0.01(239), stagnancy 3.3%
[35m[MSG][0m itr   527, best 5579.9604, time  754.7, minPhero 0.01(239), stagnancy 3.7%
[35m[MSG][0m itr   528, best 5579.9604, time  756.1, minPhero 0.01(239), stagnancy 4.0%
[35m[MSG][0m itr   529, best 5579.9604, time  757.6, minPhero 0.01(239), stagnancy 4.3%
[35m[MSG][0m itr   530, best 5579.9604, time  759.0, minPhero 0.01(239), stagnancy 4.7%
[35m[MSG][0m itr   531, best 5579.9604, time  760.4, minPhero 0.01(239), stagnancy 5.0%
[35m[MSG][0m itr   532, best 5579.9604, time  761.9, minPhero 0.01(232), stagnancy 5.3%
[35m[MSG][0m itr   533, best 5579.9604, time  763.3, minPhero 0.01(232), stagnancy 5.7%
[35m[MSG][0m itr   534, best 5579.9604, time  764.8, minPhero 0.01(232), stagnancy 6.0%
[35m[MSG][0m itr   535, best 5579.9604, time  766.2, minPhero 0.01(232), stagnancy 6.3%
[35m[MSG][0m itr   536, best 5579.9604, time  767.7, minPhero 0.01(232), stagnancy 6.7%
[35m[MSG][0m itr   537, best 5579.9604, time  769.1, minPhero 0.01(232), stagnancy 7.0%
[35m[MSG][0m itr   538, best 5579.9604, time  770.5, minPhero 0.01(232), stagnancy 7.3%
[35m[MSG][0m itr   539, best 5579.9604, time  772.0, minPhero 0.01(232), stagnancy 7.7%
[35m[MSG][0m itr   540, best 5579.9604, time  773.4, minPhero 0.01(232), stagnancy 8.0%
[35m[MSG][0m itr   541, best 5579.9604, time  774.9, minPhero 0.01(232), stagnancy 8.3%
[35m[MSG][0m itr   542, best 5579.9604, time  776.3, minPhero 0.01(232), stagnancy 8.7%
[35m[MSG][0m itr   543, best 5579.9604, time  777.7, minPhero 0.01(232), stagnancy 9.0%
[35m[MSG][0m itr   544, best 5579.9604, time  779.2, minPhero 0.01(232), stagnancy 9.3%
[35m[MSG][0m itr   545, best 5579.9604, time  780.6, minPhero 0.01(232), stagnancy 9.7%
[35m[MSG][0m itr   546, best 5579.9604, time  782.1, minPhero 0.01(232), stagnancy 10.0%
[35m[MSG][0m itr   547, best 5579.9604, time  783.6, minPhero 0.01(232), stagnancy 10.3%
[35m[MSG][0m itr   548, best 5579.9604, time  785.0, minPhero 0.01(232), stagnancy 10.7%
[35m[MSG][0m itr   549, best 5579.9604, time  786.4, minPhero 0.01(232), stagnancy 11.0%
[35m[MSG][0m itr   550, best 5578.2500, time  787.8, minPhero 0.01(239), stagnancy 0.0%
[35m[MSG][0m itr   551, best 5577.5015, time  789.3, minPhero 0.01(239), stagnancy 0.0%
[35m[MSG][0m itr   552, best 5577.5015, time  790.7, minPhero 0.01(239), stagnancy 0.3%
[35m[MSG][0m itr   553, best 5577.5010, time  792.1, minPhero 0.01(239), stagnancy 0.0%
[35m[MSG][0m itr   554, best 5577.5010, time  793.6, minPhero 0.01(239), stagnancy 0.3%
[35m[MSG][0m itr   555, best 5577.5010, time  795.0, minPhero 0.01(239), stagnancy 0.7%
[35m[MSG][0m itr   556, best 5577.5010, time  796.4, minPhero 0.01(239), stagnancy 1.0%
[35m[MSG][0m itr   557, best 5577.5010, time  797.9, minPhero 0.01(239), stagnancy 1.3%
[35m[MSG][0m itr   558, best 5577.5010, time  799.3, minPhero 0.01(239), stagnancy 1.7%
[35m[MSG][0m itr   559, best 5577.5010, time  800.6, minPhero 0.01(239), stagnancy 2.0%
[35m[MSG][0m itr   560, best 5577.5010, time  802.1, minPhero 0.01(239), stagnancy 2.3%
[35m[MSG][0m itr   561, best 5577.5010, time  803.5, minPhero 0.01(239), stagnancy 2.7%
[35m[MSG][0m itr   562, best 5577.5010, time  805.0, minPhero 0.01(236), stagnancy 3.0%
[35m[MSG][0m itr   563, best 5577.5010, time  806.4, minPhero 0.01(236), stagnancy 3.3%
[35m[MSG][0m itr   564, best 5577.5010, time  807.9, minPhero 0.01(236), stagnancy 3.7%
[35m[MSG][0m itr   565, best 5577.5010, time  809.3, minPhero 0.01(236), stagnancy 4.0%
[35m[MSG][0m itr   566, best 5577.5010, time  810.8, minPhero 0.01(236), stagnancy 4.3%
[35m[MSG][0m itr   567, best 5577.5010, time  812.2, minPhero 0.01(236), stagnancy 4.7%
[35m[MSG][0m itr   568, best 5577.5010, time  813.6, minPhero 0.01(236), stagnancy 5.0%
[35m[MSG][0m itr   569, best 5577.5010, time  815.1, minPhero 0.01(236), stagnancy 5.3%
[35m[MSG][0m itr   570, best 5577.5010, time  816.5, minPhero 0.01(236), stagnancy 5.7%
[35m[MSG][0m itr   571, best 5577.5010, time  817.9, minPhero 0.01(236), stagnancy 6.0%
[35m[MSG][0m itr   572, best 5577.5010, time  819.4, minPhero 0.01(232), stagnancy 6.3%
[35m[MSG][0m itr   573, best 5577.5010, time  820.8, minPhero 0.01(232), stagnancy 6.7%
[35m[MSG][0m itr   574, best 5577.5010, time  822.3, minPhero 0.01(232), stagnancy 7.0%
[35m[MSG][0m itr   575, best 5577.5010, time  823.7, minPhero 0.01(232), stagnancy 7.3%
[35m[MSG][0m itr   576, best 5577.5010, time  825.2, minPhero 0.01(232), stagnancy 7.7%
[35m[MSG][0m itr   577, best 5577.5010, time  826.6, minPhero 0.01(232), stagnancy 8.0%
[35m[MSG][0m itr   578, best 5577.5010, time  828.0, minPhero 0.01(232), stagnancy 8.3%
[35m[MSG][0m itr   579, best 5577.5010, time  829.5, minPhero 0.01(232), stagnancy 8.7%
[35m[MSG][0m itr   580, best 5577.5010, time  830.9, minPhero 0.01(232), stagnancy 9.0%
[35m[MSG][0m itr   581, best 5577.5010, time  832.3, minPhero 0.01(232), stagnancy 9.3%
[35m[MSG][0m itr   582, best 5577.5010, time  833.8, minPhero 0.01(232), stagnancy 9.7%
[35m[MSG][0m itr   583, best 5577.5010, time  835.2, minPhero 0.01(232), stagnancy 10.0%
[35m[MSG][0m itr   584, best 5577.5010, time  836.6, minPhero 0.01(232), stagnancy 10.3%
[35m[MSG][0m itr   585, best 5577.5010, time  838.1, minPhero 0.01(232), stagnancy 10.7%
[35m[MSG][0m itr   586, best 5577.5010, time  839.5, minPhero 0.01(232), stagnancy 11.0%
[35m[MSG][0m itr   587, best 5577.5005, time  841.0, minPhero 0.01(232), stagnancy 0.0%
[35m[MSG][0m itr   588, best 5577.5005, time  842.4, minPhero 0.01(232), stagnancy 0.3%
[35m[MSG][0m itr   589, best 5577.5005, time  843.8, minPhero 0.01(232), stagnancy 0.7%
[35m[MSG][0m itr   590, best 5577.5005, time  845.3, minPhero 0.01(232), stagnancy 1.0%
[35m[MSG][0m itr   591, best 5577.5005, time  846.7, minPhero 0.01(232), stagnancy 1.3%
[35m[MSG][0m itr   592, best 5577.5005, time  848.1, minPhero 0.01(232), stagnancy 1.7%
[35m[MSG][0m itr   593, best 5577.5005, time  849.6, minPhero 0.01(232), stagnancy 2.0%
[35m[MSG][0m itr   594, best 5577.5005, time  851.0, minPhero 0.01(232), stagnancy 2.3%
[35m[MSG][0m itr   595, best 5577.5005, time  852.5, minPhero 0.01(232), stagnancy 2.7%
[35m[MSG][0m itr   596, best 5577.5005, time  853.9, minPhero 0.01(232), stagnancy 3.0%
[35m[MSG][0m itr   597, best 5577.5005, time  855.3, minPhero 0.01(232), stagnancy 3.3%
[35m[MSG][0m itr   598, best 5577.5005, time  856.8, minPhero 0.01(232), stagnancy 3.7%
[35m[MSG][0m itr   599, best 5577.5005, time  858.1, minPhero 0.01(232), stagnancy 4.0%
[35m[MSG][0m itr   600, best 5577.5005, time  859.6, minPhero 0.01(232), stagnancy 4.3%
[35m[MSG][0m itr   601, best 5577.5005, time  861.0, minPhero 0.01(232), stagnancy 4.7%
[35m[MSG][0m itr   602, best 5577.5005, time  862.4, minPhero 0.01(232), stagnancy 5.0%
[35m[MSG][0m itr   603, best 5577.5005, time  863.8, minPhero 0.01(232), stagnancy 5.3%
[35m[MSG][0m itr   604, best 5577.5005, time  865.3, minPhero 0.01(232), stagnancy 5.7%
[35m[MSG][0m itr   605, best 5577.5005, time  866.7, minPhero 0.01(232), stagnancy 6.0%
[35m[MSG][0m itr   606, best 5577.5005, time  868.2, minPhero 0.01(232), stagnancy 6.3%
[35m[MSG][0m itr   607, best 5577.5005, time  869.6, minPhero 0.01(232), stagnancy 6.7%
[35m[MSG][0m itr   608, best 5577.5005, time  871.1, minPhero 0.01(232), stagnancy 7.0%
[35m[MSG][0m itr   609, best 5577.5005, time  872.5, minPhero 0.01(232), stagnancy 7.3%
[35m[MSG][0m itr   610, best 5577.5005, time  874.0, minPhero 0.01(232), stagnancy 7.7%
[35m[MSG][0m itr   611, best 5577.5005, time  875.4, minPhero 0.01(232), stagnancy 8.0%
[35m[MSG][0m itr   612, best 5577.5005, time  876.9, minPhero 0.01(232), stagnancy 8.3%
[35m[MSG][0m itr   613, best 5577.5005, time  878.3, minPhero 0.01(232), stagnancy 8.7%
[35m[MSG][0m itr   614, best 5577.5005, time  879.7, minPhero 0.01(232), stagnancy 9.0%
[35m[MSG][0m itr   615, best 5577.5005, time  881.2, minPhero 0.01(232), stagnancy 9.3%
[35m[MSG][0m itr   616, best 5577.5005, time  882.6, minPhero 0.01(232), stagnancy 9.7%
[35m[MSG][0m itr   617, best 5577.5005, time  884.0, minPhero 0.01(232), stagnancy 10.0%
[35m[MSG][0m itr   618, best 5577.5005, time  885.5, minPhero 0.01(232), stagnancy 10.3%
[35m[MSG][0m itr   619, best 5577.5005, time  886.9, minPhero 0.01(232), stagnancy 10.7%
[35m[MSG][0m itr   620, best 5577.5005, time  888.3, minPhero 0.01(232), stagnancy 11.0%
[35m[MSG][0m itr   621, best 5577.5005, time  889.8, minPhero 0.01(232), stagnancy 11.3%
[35m[MSG][0m itr   622, best 5577.5005, time  891.2, minPhero 0.01(232), stagnancy 11.7%
[35m[MSG][0m itr   623, best 5577.5005, time  892.7, minPhero 0.01(232), stagnancy 12.0%
[35m[MSG][0m itr   624, best 5577.5005, time  894.1, minPhero 0.01(232), stagnancy 12.3%
[35m[MSG][0m itr   625, best 5577.5005, time  895.5, minPhero 0.01(232), stagnancy 12.7%
[35m[MSG][0m itr   626, best 5577.5005, time  897.0, minPhero 0.01(232), stagnancy 13.0%
[35m[MSG][0m itr   627, best 5577.5005, time  898.4, minPhero 0.01(232), stagnancy 13.3%
[35m[MSG][0m itr   628, best 5577.5005, time  899.8, minPhero 0.01(232), stagnancy 13.7%
[35m[MSG][0m itr   629, best 5577.5005, time  901.2, minPhero 0.01(232), stagnancy 14.0%
[35m[MSG][0m itr   630, best 5577.5005, time  902.7, minPhero 0.01(232), stagnancy 14.3%
[35m[MSG][0m itr   631, best 5577.5005, time  904.1, minPhero 0.01(232), stagnancy 14.7%
[35m[MSG][0m itr   632, best 5577.5005, time  905.6, minPhero 0.01(232), stagnancy 15.0%
[35m[MSG][0m itr   633, best 5577.5005, time  907.0, minPhero 0.01(232), stagnancy 15.3%
[35m[MSG][0m itr   634, best 5577.5005, time  908.5, minPhero 0.01(232), stagnancy 15.7%
[35m[MSG][0m itr   635, best 5577.5005, time  909.9, minPhero 0.01(232), stagnancy 16.0%
[35m[MSG][0m itr   636, best 5577.5005, time  911.3, minPhero 0.01(232), stagnancy 16.3%
[35m[MSG][0m itr   637, best 5577.5005, time  912.8, minPhero 0.01(232), stagnancy 16.7%
[35m[MSG][0m itr   638, best 5577.5005, time  914.2, minPhero 0.01(232), stagnancy 17.0%
[35m[MSG][0m itr   639, best 5577.5005, time  915.7, minPhero 0.01(232), stagnancy 17.3%
[35m[MSG][0m itr   640, best 5577.5005, time  917.1, minPhero 0.01(232), stagnancy 17.7%
[35m[MSG][0m itr   641, best 5577.5005, time  918.6, minPhero 0.01(232), stagnancy 18.0%
[35m[MSG][0m itr   642, best 5577.5005, time  920.0, minPhero 0.01(232), stagnancy 18.3%
[35m[MSG][0m itr   643, best 5577.5005, time  921.4, minPhero 0.01(232), stagnancy 18.7%
[35m[MSG][0m itr   644, best 5577.5005, time  922.9, minPhero 0.01(232), stagnancy 19.0%
[35m[MSG][0m itr   645, best 5577.5005, time  924.3, minPhero 0.01(232), stagnancy 19.3%
[35m[MSG][0m itr   646, best 5577.5005, time  925.8, minPhero 0.01(232), stagnancy 19.7%
[35m[MSG][0m itr   647, best 5577.5005, time  927.2, minPhero 0.01(232), stagnancy 20.0%
[35m[MSG][0m itr   648, best 5577.5005, time  928.6, minPhero 0.01(232), stagnancy 20.3%
[35m[MSG][0m itr   649, best 5577.5005, time  930.1, minPhero 0.01(232), stagnancy 20.7%
[35m[MSG][0m itr   650, best 5577.5005, time  931.5, minPhero 0.01(232), stagnancy 21.0%
[35m[MSG][0m itr   651, best 5577.5005, time  932.9, minPhero 0.01(232), stagnancy 21.3%
[35m[MSG][0m itr   652, best 5577.5005, time  934.4, minPhero 0.01(232), stagnancy 21.7%
[35m[MSG][0m itr   653, best 5577.5005, time  935.8, minPhero 0.01(232), stagnancy 22.0%
[35m[MSG][0m itr   654, best 5577.5005, time  937.3, minPhero 0.01(232), stagnancy 22.3%
[35m[MSG][0m itr   655, best 5577.5005, time  938.7, minPhero 0.01(232), stagnancy 22.7%
[35m[MSG][0m itr   656, best 5577.5005, time  940.2, minPhero 0.01(232), stagnancy 23.0%
[35m[MSG][0m itr   657, best 5577.5005, time  941.6, minPhero 0.01(232), stagnancy 23.3%
[35m[MSG][0m itr   658, best 5577.5005, time  943.1, minPhero 0.01(232), stagnancy 23.7%
[35m[MSG][0m itr   659, best 5577.5005, time  944.5, minPhero 0.01(232), stagnancy 24.0%
[35m[MSG][0m itr   660, best 5577.5005, time  945.9, minPhero 0.01(232), stagnancy 24.3%
[35m[MSG][0m itr   661, best 5577.5005, time  947.4, minPhero 0.01(232), stagnancy 24.7%
[35m[MSG][0m itr   662, best 5577.5005, time  948.8, minPhero 0.01(232), stagnancy 25.0%
[35m[MSG][0m itr   663, best 5577.5005, time  950.3, minPhero 0.01(232), stagnancy 25.3%
[35m[MSG][0m itr   664, best 5577.5005, time  951.7, minPhero 0.01(232), stagnancy 25.7%
[35m[MSG][0m itr   665, best 5577.5005, time  953.2, minPhero 0.01(232), stagnancy 26.0%
[35m[MSG][0m itr   666, best 5577.5005, time  954.6, minPhero 0.01(232), stagnancy 26.3%
[35m[MSG][0m itr   667, best 5577.5005, time  956.0, minPhero 0.01(232), stagnancy 26.7%
[35m[MSG][0m itr   668, best 5577.5005, time  957.5, minPhero 0.01(232), stagnancy 27.0%
[35m[MSG][0m itr   669, best 5577.5005, time  958.9, minPhero 0.01(232), stagnancy 27.3%
[35m[MSG][0m itr   670, best 5577.5005, time  960.4, minPhero 0.01(232), stagnancy 27.7%
[35m[MSG][0m itr   671, best 5577.5005, time  961.8, minPhero 0.01(232), stagnancy 28.0%
[35m[MSG][0m itr   672, best 5577.5005, time  963.3, minPhero 0.01(232), stagnancy 28.3%
[35m[MSG][0m itr   673, best 5577.5005, time  964.7, minPhero 0.01(232), stagnancy 28.7%
[35m[MSG][0m itr   674, best 5577.5005, time  966.1, minPhero 0.01(232), stagnancy 29.0%
[35m[MSG][0m itr   675, best 5577.5005, time  967.6, minPhero 0.01(232), stagnancy 29.3%
[35m[MSG][0m itr   676, best 5577.5005, time  969.0, minPhero 0.01(232), stagnancy 29.7%
[35m[MSG][0m itr   677, best 5577.5005, time  970.5, minPhero 0.01(232), stagnancy 30.0%
[35m[MSG][0m itr   678, best 5577.4292, time  971.9, minPhero 0.01(239), stagnancy 0.0%
[35m[MSG][0m itr   679, best 5577.4292, time  973.3, minPhero 0.01(239), stagnancy 0.3%
[35m[MSG][0m itr   680, best 5577.4292, time  974.8, minPhero 0.01(239), stagnancy 0.7%
[35m[MSG][0m itr   681, best 5576.0562, time  976.2, minPhero 0.01(242), stagnancy 0.0%
[35m[MSG][0m itr   682, best 5576.0557, time  977.6, minPhero 0.01(242), stagnancy 0.0%
[35m[MSG][0m itr   683, best 5576.0557, time  979.1, minPhero 0.01(242), stagnancy 0.3%
[35m[MSG][0m itr   684, best 5576.0557, time  980.4, minPhero 0.01(242), stagnancy 0.7%
[35m[MSG][0m itr   685, best 5576.0557, time  981.8, minPhero 0.01(242), stagnancy 1.0%
[35m[MSG][0m itr   686, best 5576.0557, time  983.3, minPhero 0.01(242), stagnancy 1.3%
[35m[MSG][0m itr   687, best 5576.0557, time  984.7, minPhero 0.01(242), stagnancy 1.7%
[35m[MSG][0m itr   688, best 5576.0557, time  986.2, minPhero 0.01(242), stagnancy 2.0%
[35m[MSG][0m itr   689, best 5576.0557, time  987.6, minPhero 0.01(242), stagnancy 2.3%
[35m[MSG][0m itr   690, best 5576.0557, time  989.1, minPhero 0.01(242), stagnancy 2.7%
[35m[MSG][0m itr   691, best 5576.0557, time  990.5, minPhero 0.01(242), stagnancy 3.0%
[35m[MSG][0m itr   692, best 5576.0557, time  991.9, minPhero 0.01(242), stagnancy 3.3%
[35m[MSG][0m itr   693, best 5576.0557, time  993.4, minPhero 0.01(242), stagnancy 3.7%
[35m[MSG][0m itr   694, best 5576.0557, time  994.8, minPhero 0.01(242), stagnancy 4.0%
[35m[MSG][0m itr   695, best 5576.0557, time  996.3, minPhero 0.01(242), stagnancy 4.3%
[35m[MSG][0m itr   696, best 5576.0557, time  997.7, minPhero 0.01(242), stagnancy 4.7%
[35m[MSG][0m itr   697, best 5576.0557, time  999.1, minPhero 0.01(238), stagnancy 5.0%
[35m[MSG][0m itr   698, best 5576.0557, time 1000.6, minPhero 0.01(238), stagnancy 5.3%
[35m[MSG][0m itr   699, best 5576.0557, time 1002.0, minPhero 0.01(238), stagnancy 5.7%
[35m[MSG][0m itr   700, best 5576.0557, time 1003.4, minPhero 0.01(234), stagnancy 6.0%
[35m[MSG][0m itr   701, best 5576.0557, time 1004.8, minPhero 0.01(234), stagnancy 6.3%
[35m[MSG][0m itr   702, best 5576.0557, time 1006.2, minPhero 0.01(234), stagnancy 6.7%
[35m[MSG][0m itr   703, best 5576.0557, time 1007.6, minPhero 0.01(232), stagnancy 7.0%
[35m[MSG][0m itr   704, best 5576.0557, time 1008.9, minPhero 0.01(232), stagnancy 7.3%
[35m[MSG][0m itr   705, best 5576.0557, time 1010.3, minPhero 0.01(232), stagnancy 7.7%
[35m[MSG][0m itr   706, best 5576.0557, time 1011.6, minPhero 0.01(232), stagnancy 8.0%
[35m[MSG][0m itr   707, best 5576.0557, time 1013.1, minPhero 0.01(232), stagnancy 8.3%
[35m[MSG][0m itr   708, best 5576.0557, time 1014.5, minPhero 0.01(232), stagnancy 8.7%
[35m[MSG][0m itr   709, best 5576.0557, time 1015.9, minPhero 0.01(232), stagnancy 9.0%
[35m[MSG][0m itr   710, best 5576.0557, time 1017.4, minPhero 0.01(232), stagnancy 9.3%
[35m[MSG][0m itr   711, best 5576.0557, time 1018.8, minPhero 0.01(232), stagnancy 9.7%
[35m[MSG][0m itr   712, best 5576.0557, time 1020.2, minPhero 0.01(232), stagnancy 10.0%
[35m[MSG][0m itr   713, best 5576.0557, time 1021.7, minPhero 0.01(232), stagnancy 10.3%
[35m[MSG][0m itr   714, best 5576.0557, time 1023.1, minPhero 0.01(232), stagnancy 10.7%
[35m[MSG][0m itr   715, best 5576.0557, time 1024.6, minPhero 0.01(232), stagnancy 11.0%
[35m[MSG][0m itr   716, best 5576.0557, time 1026.0, minPhero 0.01(232), stagnancy 11.3%
[35m[MSG][0m itr   717, best 5576.0557, time 1027.4, minPhero 0.01(232), stagnancy 11.7%
[35m[MSG][0m itr   718, best 5576.0557, time 1028.8, minPhero 0.01(232), stagnancy 12.0%
[35m[MSG][0m itr   719, best 5576.0557, time 1030.3, minPhero 0.01(232), stagnancy 12.3%
[35m[MSG][0m itr   720, best 5576.0557, time 1031.7, minPhero 0.01(232), stagnancy 12.7%
[35m[MSG][0m itr   721, best 5576.0552, time 1033.1, minPhero 0.01(232), stagnancy 0.0%
[35m[MSG][0m itr   722, best 5576.0552, time 1034.6, minPhero 0.01(232), stagnancy 0.3%
[35m[MSG][0m itr   723, best 5576.0552, time 1036.0, minPhero 0.01(232), stagnancy 0.7%
[35m[MSG][0m itr   724, best 5576.0552, time 1037.4, minPhero 0.01(232), stagnancy 1.0%
[35m[MSG][0m itr   725, best 5576.0552, time 1038.9, minPhero 0.01(232), stagnancy 1.3%
[35m[MSG][0m itr   726, best 5576.0552, time 1040.2, minPhero 0.01(232), stagnancy 1.7%
[35m[MSG][0m itr   727, best 5576.0552, time 1041.6, minPhero 0.01(232), stagnancy 2.0%
[35m[MSG][0m itr   728, best 5576.0552, time 1043.1, minPhero 0.01(232), stagnancy 2.3%
[35m[MSG][0m itr   729, best 5576.0552, time 1044.5, minPhero 0.01(232), stagnancy 2.7%
[35m[MSG][0m itr   730, best 5576.0552, time 1045.9, minPhero 0.01(232), stagnancy 3.0%
[35m[MSG][0m itr   731, best 5576.0552, time 1047.4, minPhero 0.01(232), stagnancy 3.3%
[35m[MSG][0m itr   732, best 5576.0552, time 1048.8, minPhero 0.01(232), stagnancy 3.7%
[35m[MSG][0m itr   733, best 5576.0552, time 1050.2, minPhero 0.01(232), stagnancy 4.0%
[35m[MSG][0m itr   734, best 5576.0552, time 1051.7, minPhero 0.01(232), stagnancy 4.3%
[35m[MSG][0m itr   735, best 5576.0552, time 1053.1, minPhero 0.01(232), stagnancy 4.7%
[35m[MSG][0m itr   736, best 5576.0552, time 1054.6, minPhero 0.01(232), stagnancy 5.0%
[35m[MSG][0m itr   737, best 5576.0552, time 1056.0, minPhero 0.01(232), stagnancy 5.3%
[35m[MSG][0m itr   738, best 5576.0552, time 1057.4, minPhero 0.01(232), stagnancy 5.7%
[35m[MSG][0m itr   739, best 5576.0552, time 1058.9, minPhero 0.01(232), stagnancy 6.0%
[35m[MSG][0m itr   740, best 5576.0552, time 1060.3, minPhero 0.01(232), stagnancy 6.3%
[35m[MSG][0m itr   741, best 5576.0552, time 1061.8, minPhero 0.01(232), stagnancy 6.7%
[35m[MSG][0m itr   742, best 5576.0552, time 1063.2, minPhero 0.01(232), stagnancy 7.0%
[35m[MSG][0m itr   743, best 5576.0552, time 1064.6, minPhero 0.01(232), stagnancy 7.3%
[35m[MSG][0m itr   744, best 5576.0552, time 1066.0, minPhero 0.01(232), stagnancy 7.7%
[35m[MSG][0m itr   745, best 5576.0552, time 1067.3, minPhero 0.01(232), stagnancy 8.0%
[35m[MSG][0m itr   746, best 5576.0552, time 1068.7, minPhero 0.01(232), stagnancy 8.3%
[35m[MSG][0m itr   747, best 5576.0552, time 1070.1, minPhero 0.01(232), stagnancy 8.7%
[35m[MSG][0m itr   748, best 5576.0552, time 1071.6, minPhero 0.01(232), stagnancy 9.0%
[35m[MSG][0m itr   749, best 5576.0552, time 1072.9, minPhero 0.01(232), stagnancy 9.3%
[35m[MSG][0m itr   750, best 5576.0552, time 1074.3, minPhero 0.01(232), stagnancy 9.7%
[35m[MSG][0m itr   751, best 5576.0552, time 1075.7, minPhero 0.01(232), stagnancy 10.0%
[35m[MSG][0m itr   752, best 5576.0552, time 1077.1, minPhero 0.01(232), stagnancy 10.3%
[35m[MSG][0m itr   753, best 5576.0552, time 1078.6, minPhero 0.01(232), stagnancy 10.7%
[35m[MSG][0m itr   754, best 5576.0552, time 1080.0, minPhero 0.01(232), stagnancy 11.0%
[35m[MSG][0m itr   755, best 5576.0552, time 1081.5, minPhero 0.01(232), stagnancy 11.3%
[35m[MSG][0m itr   756, best 5576.0552, time 1082.9, minPhero 0.01(232), stagnancy 11.7%
[35m[MSG][0m itr   757, best 5576.0552, time 1084.3, minPhero 0.01(232), stagnancy 12.0%
[35m[MSG][0m itr   758, best 5576.0552, time 1085.8, minPhero 0.01(232), stagnancy 12.3%
[35m[MSG][0m itr   759, best 5576.0552, time 1087.2, minPhero 0.01(232), stagnancy 12.7%
[35m[MSG][0m itr   760, best 5576.0552, time 1088.6, minPhero 0.01(232), stagnancy 13.0%
[35m[MSG][0m itr   761, best 5576.0552, time 1090.1, minPhero 0.01(232), stagnancy 13.3%
[35m[MSG][0m itr   762, best 5576.0552, time 1091.5, minPhero 0.01(232), stagnancy 13.7%
[35m[MSG][0m itr   763, best 5576.0552, time 1093.0, minPhero 0.01(232), stagnancy 14.0%
[35m[MSG][0m itr   764, best 5576.0552, time 1094.4, minPhero 0.01(232), stagnancy 14.3%
[35m[MSG][0m itr   765, best 5576.0552, time 1095.9, minPhero 0.01(232), stagnancy 14.7%
[35m[MSG][0m itr   766, best 5576.0552, time 1097.3, minPhero 0.01(232), stagnancy 15.0%
[35m[MSG][0m itr   767, best 5576.0552, time 1098.7, minPhero 0.01(232), stagnancy 15.3%
[35m[MSG][0m itr   768, best 5576.0552, time 1100.2, minPhero 0.01(232), stagnancy 15.7%
[35m[MSG][0m itr   769, best 5576.0552, time 1101.6, minPhero 0.01(232), stagnancy 16.0%
[35m[MSG][0m itr   770, best 5576.0552, time 1103.1, minPhero 0.01(232), stagnancy 16.3%
[35m[MSG][0m itr   771, best 5576.0552, time 1104.5, minPhero 0.01(232), stagnancy 16.7%
[35m[MSG][0m itr   772, best 5576.0552, time 1105.9, minPhero 0.01(232), stagnancy 17.0%
[35m[MSG][0m itr   773, best 5576.0552, time 1107.4, minPhero 0.01(232), stagnancy 17.3%
[35m[MSG][0m itr   774, best 5576.0552, time 1108.8, minPhero 0.01(232), stagnancy 17.7%
[35m[MSG][0m itr   775, best 5576.0552, time 1110.2, minPhero 0.01(232), stagnancy 18.0%
[35m[MSG][0m itr   776, best 5576.0552, time 1111.7, minPhero 0.01(232), stagnancy 18.3%
[35m[MSG][0m itr   777, best 5576.0552, time 1113.1, minPhero 0.01(232), stagnancy 18.7%
[35m[MSG][0m itr   778, best 5576.0552, time 1114.6, minPhero 0.01(232), stagnancy 19.0%
[35m[MSG][0m itr   779, best 5576.0552, time 1116.0, minPhero 0.01(232), stagnancy 19.3%
[35m[MSG][0m itr   780, best 5576.0552, time 1117.5, minPhero 0.01(232), stagnancy 19.7%
[35m[MSG][0m itr   781, best 5576.0552, time 1118.9, minPhero 0.01(232), stagnancy 20.0%
[35m[MSG][0m itr   782, best 5576.0552, time 1120.4, minPhero 0.01(232), stagnancy 20.3%
[35m[MSG][0m itr   783, best 5576.0552, time 1121.8, minPhero 0.01(232), stagnancy 20.7%
[35m[MSG][0m itr   784, best 5576.0552, time 1123.3, minPhero 0.01(232), stagnancy 21.0%
[35m[MSG][0m itr   785, best 5576.0552, time 1124.8, minPhero 0.01(232), stagnancy 21.3%
[35m[MSG][0m itr   786, best 5576.0552, time 1126.2, minPhero 0.01(232), stagnancy 21.7%
[35m[MSG][0m itr   787, best 5576.0552, time 1127.6, minPhero 0.01(232), stagnancy 22.0%
[35m[MSG][0m itr   788, best 5576.0552, time 1129.1, minPhero 0.01(232), stagnancy 22.3%
[35m[MSG][0m itr   789, best 5576.0552, time 1130.5, minPhero 0.01(232), stagnancy 22.7%
[35m[MSG][0m itr   790, best 5576.0552, time 1132.0, minPhero 0.01(232), stagnancy 23.0%
[35m[MSG][0m itr   791, best 5576.0552, time 1133.4, minPhero 0.01(232), stagnancy 23.3%
[35m[MSG][0m itr   792, best 5576.0552, time 1134.9, minPhero 0.01(232), stagnancy 23.7%
[35m[MSG][0m itr   793, best 5576.0552, time 1136.3, minPhero 0.01(232), stagnancy 24.0%
[35m[MSG][0m itr   794, best 5576.0552, time 1137.8, minPhero 0.01(232), stagnancy 24.3%
[35m[MSG][0m itr   795, best 5576.0552, time 1139.2, minPhero 0.01(232), stagnancy 24.7%
[35m[MSG][0m itr   796, best 5576.0552, time 1140.6, minPhero 0.01(232), stagnancy 25.0%
[35m[MSG][0m itr   797, best 5576.0552, time 1142.1, minPhero 0.01(232), stagnancy 25.3%
[35m[MSG][0m itr   798, best 5576.0552, time 1143.5, minPhero 0.01(232), stagnancy 25.7%
[35m[MSG][0m itr   799, best 5576.0552, time 1144.9, minPhero 0.01(232), stagnancy 26.0%
[35m[MSG][0m itr   800, best 5576.0552, time 1146.3, minPhero 0.01(232), stagnancy 26.3%
[35m[MSG][0m itr   801, best 5576.0552, time 1147.8, minPhero 0.01(232), stagnancy 26.7%
[35m[MSG][0m itr   802, best 5576.0552, time 1149.2, minPhero 0.01(232), stagnancy 27.0%
[35m[MSG][0m itr   803, best 5576.0552, time 1150.7, minPhero 0.01(232), stagnancy 27.3%
[35m[MSG][0m itr   804, best 5576.0552, time 1152.1, minPhero 0.01(232), stagnancy 27.7%
[35m[MSG][0m itr   805, best 5576.0552, time 1153.5, minPhero 0.01(232), stagnancy 28.0%
[35m[MSG][0m itr   806, best 5576.0552, time 1155.0, minPhero 0.01(232), stagnancy 28.3%
[35m[MSG][0m itr   807, best 5576.0552, time 1156.4, minPhero 0.01(232), stagnancy 28.7%
[35m[MSG][0m itr   808, best 5576.0552, time 1157.9, minPhero 0.01(232), stagnancy 29.0%
[35m[MSG][0m itr   809, best 5576.0552, time 1159.3, minPhero 0.01(232), stagnancy 29.3%
[35m[MSG][0m itr   810, best 5576.0552, time 1160.8, minPhero 0.01(232), stagnancy 29.7%
[35m[MSG][0m itr   811, best 5576.0552, time 1162.2, minPhero 0.01(232), stagnancy 30.0%
[35m[MSG][0m itr   812, best 5576.0552, time 1163.7, minPhero 0.01(232), stagnancy 30.3%
[35m[MSG][0m itr   813, best 5576.0552, time 1165.3, minPhero 0.01(232), stagnancy 30.7%
[35m[MSG][0m itr   814, best 5576.0552, time 1166.7, minPhero 0.01(232), stagnancy 31.0%
[35m[MSG][0m itr   815, best 5576.0552, time 1168.1, minPhero 0.01(232), stagnancy 31.3%
[35m[MSG][0m itr   816, best 5576.0552, time 1169.5, minPhero 0.01(232), stagnancy 31.7%
[35m[MSG][0m itr   817, best 5576.0552, time 1170.9, minPhero 0.01(232), stagnancy 32.0%
[35m[MSG][0m itr   818, best 5576.0552, time 1172.3, minPhero 0.01(232), stagnancy 32.3%
[35m[MSG][0m itr   819, best 5576.0552, time 1173.8, minPhero 0.01(232), stagnancy 32.7%
[35m[MSG][0m itr   820, best 5576.0552, time 1175.3, minPhero 0.01(232), stagnancy 33.0%
[35m[MSG][0m itr   821, best 5576.0552, time 1177.0, minPhero 0.01(232), stagnancy 33.3%
[35m[MSG][0m itr   822, best 5576.0552, time 1178.8, minPhero 0.01(232), stagnancy 33.7%
[35m[MSG][0m itr   823, best 5576.0552, time 1180.7, minPhero 0.01(232), stagnancy 34.0%
[35m[MSG][0m itr   824, best 5576.0552, time 1182.3, minPhero 0.01(232), stagnancy 34.3%
[35m[MSG][0m itr   825, best 5576.0552, time 1184.0, minPhero 0.01(232), stagnancy 34.7%
[35m[MSG][0m itr   826, best 5576.0552, time 1185.8, minPhero 0.01(232), stagnancy 35.0%
[35m[MSG][0m itr   827, best 5576.0552, time 1187.9, minPhero 0.01(232), stagnancy 35.3%
[35m[MSG][0m itr   828, best 5576.0552, time 1189.9, minPhero 0.01(232), stagnancy 35.7%
[35m[MSG][0m itr   829, best 5576.0552, time 1191.5, minPhero 0.01(232), stagnancy 36.0%
[35m[MSG][0m itr   830, best 5576.0552, time 1193.5, minPhero 0.01(232), stagnancy 36.3%
[35m[MSG][0m itr   831, best 5576.0552, time 1195.6, minPhero 0.01(232), stagnancy 36.7%
[35m[MSG][0m itr   832, best 5576.0552, time 1197.7, minPhero 0.01(232), stagnancy 37.0%
[35m[MSG][0m itr   833, best 5576.0552, time 1199.2, minPhero 0.01(232), stagnancy 37.3%
[35m[MSG][0m itr   834, best 5576.0552, time 1200.7, minPhero 0.01(232), stagnancy 37.7%
[35m[MSG][0m itr   835, best 5576.0552, time 1202.1, minPhero 0.01(232), stagnancy 38.0%
[35m[MSG][0m itr   836, best 5576.0552, time 1203.7, minPhero 0.01(232), stagnancy 38.3%
[35m[MSG][0m itr   837, best 5576.0552, time 1205.2, minPhero 0.01(232), stagnancy 38.7%
[35m[MSG][0m itr   838, best 5576.0552, time 1206.8, minPhero 0.01(232), stagnancy 39.0%
[35m[MSG][0m itr   839, best 5576.0552, time 1208.2, minPhero 0.01(232), stagnancy 39.3%
[35m[MSG][0m itr   840, best 5576.0552, time 1209.6, minPhero 0.01(232), stagnancy 39.7%
[35m[MSG][0m itr   841, best 5576.0552, time 1211.1, minPhero 0.01(232), stagnancy 40.0%
[35m[MSG][0m itr   842, best 5576.0552, time 1212.7, minPhero 0.01(232), stagnancy 40.3%
[35m[MSG][0m itr   843, best 5576.0552, time 1214.2, minPhero 0.01(232), stagnancy 40.7%
[35m[MSG][0m itr   844, best 5576.0552, time 1215.6, minPhero 0.01(232), stagnancy 41.0%
[35m[MSG][0m itr   845, best 5576.0552, time 1217.0, minPhero 0.01(232), stagnancy 41.3%
[35m[MSG][0m itr   846, best 5576.0552, time 1218.5, minPhero 0.01(232), stagnancy 41.7%
[35m[MSG][0m itr   847, best 5576.0552, time 1219.9, minPhero 0.01(232), stagnancy 42.0%
[35m[MSG][0m itr   848, best 5576.0552, time 1221.3, minPhero 0.01(232), stagnancy 42.3%
[35m[MSG][0m itr   849, best 5576.0552, time 1222.8, minPhero 0.01(232), stagnancy 42.7%
[35m[MSG][0m itr   850, best 5576.0552, time 1224.2, minPhero 0.01(232), stagnancy 43.0%
[35m[MSG][0m itr   851, best 5576.0552, time 1225.6, minPhero 0.01(232), stagnancy 43.3%
[35m[MSG][0m itr   852, best 5576.0552, time 1227.1, minPhero 0.01(232), stagnancy 43.7%
[35m[MSG][0m itr   853, best 5576.0552, time 1228.5, minPhero 0.01(232), stagnancy 44.0%
[35m[MSG][0m itr   854, best 5576.0552, time 1229.9, minPhero 0.01(232), stagnancy 44.3%
[35m[MSG][0m itr   855, best 5576.0552, time 1231.4, minPhero 0.01(232), stagnancy 44.7%
[35m[MSG][0m itr   856, best 5576.0552, time 1232.8, minPhero 0.01(232), stagnancy 45.0%
[35m[MSG][0m itr   857, best 5576.0552, time 1234.3, minPhero 0.01(232), stagnancy 45.3%
[35m[MSG][0m itr   858, best 5576.0552, time 1235.7, minPhero 0.01(232), stagnancy 45.7%
[35m[MSG][0m itr   859, best 5576.0552, time 1237.1, minPhero 0.01(232), stagnancy 46.0%
[35m[MSG][0m itr   860, best 5576.0552, time 1238.5, minPhero 0.01(232), stagnancy 46.3%
[35m[MSG][0m itr   861, best 5576.0552, time 1240.0, minPhero 0.01(232), stagnancy 46.7%
[35m[MSG][0m itr   862, best 5576.0552, time 1241.5, minPhero 0.01(232), stagnancy 47.0%
[35m[MSG][0m itr   863, best 5576.0552, time 1242.9, minPhero 0.01(232), stagnancy 47.3%
[35m[MSG][0m itr   864, best 5576.0552, time 1244.3, minPhero 0.01(232), stagnancy 47.7%
[35m[MSG][0m itr   865, best 5576.0552, time 1245.8, minPhero 0.01(232), stagnancy 48.0%
[35m[MSG][0m itr   866, best 5576.0552, time 1247.2, minPhero 0.01(232), stagnancy 48.3%
[35m[MSG][0m itr   867, best 5576.0552, time 1248.6, minPhero 0.01(232), stagnancy 48.7%
[35m[MSG][0m itr   868, best 5576.0552, time 1250.1, minPhero 0.01(232), stagnancy 49.0%
[35m[MSG][0m itr   869, best 5576.0552, time 1251.5, minPhero 0.01(232), stagnancy 49.3%
[35m[MSG][0m itr   870, best 5576.0552, time 1252.9, minPhero 0.01(232), stagnancy 49.7%
[35m[MSG][0m itr   871, best 5576.0552, time 1254.4, minPhero 0.01(232), stagnancy 50.0%
[35m[MSG][0m itr   872, best 5576.0552, time 1255.8, minPhero 0.01(232), stagnancy 50.3%
[35m[MSG][0m itr   873, best 5576.0552, time 1257.3, minPhero 0.01(232), stagnancy 50.7%
[35m[MSG][0m itr   874, best 5576.0552, time 1258.7, minPhero 0.01(232), stagnancy 51.0%
[35m[MSG][0m itr   875, best 5576.0552, time 1260.2, minPhero 0.01(232), stagnancy 51.3%
[35m[MSG][0m itr   876, best 5576.0552, time 1261.6, minPhero 0.01(232), stagnancy 51.7%
[35m[MSG][0m itr   877, best 5576.0552, time 1263.1, minPhero 0.01(232), stagnancy 52.0%
[35m[MSG][0m itr   878, best 5576.0552, time 1264.5, minPhero 0.01(232), stagnancy 52.3%
[35m[MSG][0m itr   879, best 5576.0552, time 1265.9, minPhero 0.01(232), stagnancy 52.7%
[35m[MSG][0m itr   880, best 5576.0552, time 1267.3, minPhero 0.01(232), stagnancy 53.0%
[35m[MSG][0m itr   881, best 5576.0552, time 1268.8, minPhero 0.01(232), stagnancy 53.3%
[35m[MSG][0m itr   882, best 5576.0552, time 1270.1, minPhero 0.01(232), stagnancy 53.7%
[35m[MSG][0m itr   883, best 5576.0552, time 1271.5, minPhero 0.01(232), stagnancy 54.0%
[35m[MSG][0m itr   884, best 5576.0552, time 1273.0, minPhero 0.01(232), stagnancy 54.3%
[35m[MSG][0m itr   885, best 5576.0552, time 1274.4, minPhero 0.01(232), stagnancy 54.7%
[35m[MSG][0m itr   886, best 5576.0552, time 1275.9, minPhero 0.01(232), stagnancy 55.0%
[35m[MSG][0m itr   887, best 5576.0552, time 1277.3, minPhero 0.01(232), stagnancy 55.3%
[35m[MSG][0m itr   888, best 5576.0552, time 1278.7, minPhero 0.01(232), stagnancy 55.7%
[35m[MSG][0m itr   889, best 5576.0552, time 1280.1, minPhero 0.01(232), stagnancy 56.0%
[35m[MSG][0m itr   890, best 5576.0552, time 1281.6, minPhero 0.01(232), stagnancy 56.3%
[35m[MSG][0m itr   891, best 5576.0552, time 1283.0, minPhero 0.01(232), stagnancy 56.7%
[35m[MSG][0m itr   892, best 5576.0552, time 1284.4, minPhero 0.01(232), stagnancy 57.0%
[35m[MSG][0m itr   893, best 5576.0552, time 1285.9, minPhero 0.01(232), stagnancy 57.3%
[35m[MSG][0m itr   894, best 5576.0552, time 1287.3, minPhero 0.01(232), stagnancy 57.7%
[35m[MSG][0m itr   895, best 5576.0552, time 1288.8, minPhero 0.01(232), stagnancy 58.0%
[35m[MSG][0m itr   896, best 5576.0552, time 1290.1, minPhero 0.01(232), stagnancy 58.3%
[35m[MSG][0m itr   897, best 5576.0552, time 1291.4, minPhero 0.01(232), stagnancy 58.7%
[35m[MSG][0m itr   898, best 5576.0552, time 1292.9, minPhero 0.01(232), stagnancy 59.0%
[35m[MSG][0m itr   899, best 5576.0552, time 1294.3, minPhero 0.01(232), stagnancy 59.3%
[35m[MSG][0m itr   900, best 5576.0552, time 1295.8, minPhero 0.01(232), stagnancy 59.7%
[35m[MSG][0m itr   901, best 5576.0552, time 1297.2, minPhero 0.01(232), stagnancy 60.0%
[35m[MSG][0m itr   902, best 5576.0552, time 1298.6, minPhero 0.01(232), stagnancy 60.3%
[35m[MSG][0m itr   903, best 5576.0552, time 1300.1, minPhero 0.01(232), stagnancy 60.7%
[35m[MSG][0m itr   904, best 5576.0552, time 1301.5, minPhero 0.01(232), stagnancy 61.0%
[35m[MSG][0m itr   905, best 5576.0552, time 1303.0, minPhero 0.01(232), stagnancy 61.3%
[35m[MSG][0m itr   906, best 5576.0552, time 1304.4, minPhero 0.01(232), stagnancy 61.7%
[35m[MSG][0m itr   907, best 5576.0552, time 1305.9, minPhero 0.01(232), stagnancy 62.0%
[35m[MSG][0m itr   908, best 5576.0552, time 1307.3, minPhero 0.01(232), stagnancy 62.3%
[35m[MSG][0m itr   909, best 5576.0552, time 1308.8, minPhero 0.01(232), stagnancy 62.7%
[35m[MSG][0m itr   910, best 5576.0552, time 1310.1, minPhero 0.01(232), stagnancy 63.0%
[35m[MSG][0m itr   911, best 5576.0552, time 1311.4, minPhero 0.01(232), stagnancy 63.3%
[35m[MSG][0m itr   912, best 5576.0552, time 1312.8, minPhero 0.01(232), stagnancy 63.7%
[35m[MSG][0m itr   913, best 5576.0552, time 1314.3, minPhero 0.01(232), stagnancy 64.0%
[35m[MSG][0m itr   914, best 5576.0552, time 1315.7, minPhero 0.01(232), stagnancy 64.3%
[35m[MSG][0m itr   915, best 5576.0552, time 1317.1, minPhero 0.01(232), stagnancy 64.7%
[35m[MSG][0m itr   916, best 5576.0552, time 1318.6, minPhero 0.01(232), stagnancy 65.0%
[35m[MSG][0m itr   917, best 5576.0552, time 1320.0, minPhero 0.01(232), stagnancy 65.3%
[35m[MSG][0m itr   918, best 5576.0552, time 1321.3, minPhero 0.01(232), stagnancy 65.7%
[35m[MSG][0m itr   919, best 5576.0552, time 1322.6, minPhero 0.01(232), stagnancy 66.0%
[35m[MSG][0m itr   920, best 5576.0552, time 1324.1, minPhero 0.01(232), stagnancy 66.3%
[35m[MSG][0m itr   921, best 5576.0552, time 1325.5, minPhero 0.01(232), stagnancy 66.7%
[35m[MSG][0m itr   922, best 5576.0552, time 1327.0, minPhero 0.01(232), stagnancy 67.0%
[35m[MSG][0m itr   923, best 5576.0552, time 1328.4, minPhero 0.01(232), stagnancy 67.3%
[35m[MSG][0m itr   924, best 5576.0552, time 1329.9, minPhero 0.01(232), stagnancy 67.7%
[35m[MSG][0m itr   925, best 5576.0552, time 1331.3, minPhero 0.01(232), stagnancy 68.0%
[35m[MSG][0m itr   926, best 5576.0552, time 1332.7, minPhero 0.01(232), stagnancy 68.3%
[35m[MSG][0m itr   927, best 5576.0552, time 1334.1, minPhero 0.01(232), stagnancy 68.7%
[35m[MSG][0m itr   928, best 5576.0552, time 1335.6, minPhero 0.01(232), stagnancy 69.0%
[35m[MSG][0m itr   929, best 5576.0552, time 1337.1, minPhero 0.01(232), stagnancy 69.3%
[35m[MSG][0m itr   930, best 5576.0552, time 1338.4, minPhero 0.01(232), stagnancy 69.7%
[35m[MSG][0m itr   931, best 5576.0552, time 1339.8, minPhero 0.01(232), stagnancy 70.0%
[35m[MSG][0m itr   932, best 5576.0552, time 1341.3, minPhero 0.01(232), stagnancy 70.3%
[35m[MSG][0m itr   933, best 5576.0552, time 1342.7, minPhero 0.01(232), stagnancy 70.7%
[35m[MSG][0m itr   934, best 5576.0552, time 1344.1, minPhero 0.01(232), stagnancy 71.0%
[35m[MSG][0m itr   935, best 5576.0552, time 1345.6, minPhero 0.01(232), stagnancy 71.3%
[35m[MSG][0m itr   936, best 5576.0552, time 1347.0, minPhero 0.01(232), stagnancy 71.7%
[35m[MSG][0m itr   937, best 5576.0552, time 1348.5, minPhero 0.01(232), stagnancy 72.0%
[35m[MSG][0m itr   938, best 5576.0552, time 1349.9, minPhero 0.01(232), stagnancy 72.3%
[35m[MSG][0m itr   939, best 5576.0552, time 1351.3, minPhero 0.01(232), stagnancy 72.7%
[35m[MSG][0m itr   940, best 5576.0552, time 1352.8, minPhero 0.01(232), stagnancy 73.0%
[35m[MSG][0m itr   941, best 5576.0552, time 1354.2, minPhero 0.01(232), stagnancy 73.3%
[35m[MSG][0m itr   942, best 5576.0552, time 1355.6, minPhero 0.01(232), stagnancy 73.7%
[35m[MSG][0m itr   943, best 5576.0552, time 1357.1, minPhero 0.01(232), stagnancy 74.0%
[35m[MSG][0m itr   944, best 5576.0552, time 1358.5, minPhero 0.01(232), stagnancy 74.3%
[35m[MSG][0m itr   945, best 5576.0552, time 1359.9, minPhero 0.01(232), stagnancy 74.7%
[35m[MSG][0m itr   946, best 5576.0552, time 1361.4, minPhero 0.01(232), stagnancy 75.0%
[35m[MSG][0m itr   947, best 5576.0552, time 1362.8, minPhero 0.01(232), stagnancy 75.3%
[35m[MSG][0m itr   948, best 5576.0552, time 1364.2, minPhero 0.01(232), stagnancy 75.7%
[35m[MSG][0m itr   949, best 5576.0552, time 1365.7, minPhero 0.01(232), stagnancy 76.0%
[35m[MSG][0m itr   950, best 5576.0552, time 1367.1, minPhero 0.01(232), stagnancy 76.3%
[35m[MSG][0m itr   951, best 5576.0552, time 1368.6, minPhero 0.01(232), stagnancy 76.7%
[35m[MSG][0m itr   952, best 5576.0552, time 1370.0, minPhero 0.01(232), stagnancy 77.0%
[35m[MSG][0m itr   953, best 5576.0552, time 1371.5, minPhero 0.01(232), stagnancy 77.3%
[35m[MSG][0m itr   954, best 5576.0552, time 1372.9, minPhero 0.01(232), stagnancy 77.7%
[35m[MSG][0m itr   955, best 5576.0552, time 1374.3, minPhero 0.01(232), stagnancy 78.0%
[35m[MSG][0m itr   956, best 5576.0552, time 1375.8, minPhero 0.01(232), stagnancy 78.3%
[35m[MSG][0m itr   957, best 5576.0552, time 1377.3, minPhero 0.01(232), stagnancy 78.7%
[35m[MSG][0m itr   958, best 5576.0552, time 1378.7, minPhero 0.01(232), stagnancy 79.0%
[35m[MSG][0m itr   959, best 5576.0552, time 1380.2, minPhero 0.01(232), stagnancy 79.3%
[35m[MSG][0m itr   960, best 5576.0552, time 1381.6, minPhero 0.01(232), stagnancy 79.7%
[35m[MSG][0m itr   961, best 5576.0552, time 1383.0, minPhero 0.01(232), stagnancy 80.0%
[35m[MSG][0m itr   962, best 5576.0552, time 1384.5, minPhero 0.01(232), stagnancy 80.3%
[35m[MSG][0m itr   963, best 5576.0552, time 1385.9, minPhero 0.01(232), stagnancy 80.7%
[35m[MSG][0m itr   964, best 5576.0552, time 1387.4, minPhero 0.01(232), stagnancy 81.0%
[35m[MSG][0m itr   965, best 5576.0552, time 1388.8, minPhero 0.01(232), stagnancy 81.3%
[35m[MSG][0m itr   966, best 5576.0552, time 1390.3, minPhero 0.01(232), stagnancy 81.7%
[35m[MSG][0m itr   967, best 5576.0552, time 1391.7, minPhero 0.01(232), stagnancy 82.0%
[35m[MSG][0m itr   968, best 5576.0552, time 1393.1, minPhero 0.01(232), stagnancy 82.3%
[35m[MSG][0m itr   969, best 5576.0552, time 1394.6, minPhero 0.01(232), stagnancy 82.7%
[35m[MSG][0m itr   970, best 5576.0552, time 1396.0, minPhero 0.01(232), stagnancy 83.0%
[35m[MSG][0m itr   971, best 5576.0552, time 1397.5, minPhero 0.01(232), stagnancy 83.3%
[35m[MSG][0m itr   972, best 5576.0552, time 1398.9, minPhero 0.01(232), stagnancy 83.7%
[35m[MSG][0m itr   973, best 5576.0552, time 1400.3, minPhero 0.01(232), stagnancy 84.0%
[35m[MSG][0m itr   974, best 5576.0552, time 1401.6, minPhero 0.01(232), stagnancy 84.3%
[35m[MSG][0m itr   975, best 5576.0552, time 1402.9, minPhero 0.01(232), stagnancy 84.7%
[35m[MSG][0m itr   976, best 5576.0552, time 1404.3, minPhero 0.01(232), stagnancy 85.0%
[35m[MSG][0m itr   977, best 5576.0552, time 1405.7, minPhero 0.01(232), stagnancy 85.3%
[35m[MSG][0m itr   978, best 5576.0552, time 1407.1, minPhero 0.01(232), stagnancy 85.7%
[35m[MSG][0m itr   979, best 5576.0552, time 1408.6, minPhero 0.01(232), stagnancy 86.0%
[35m[MSG][0m itr   980, best 5576.0552, time 1410.0, minPhero 0.01(232), stagnancy 86.3%
[35m[MSG][0m itr   981, best 5576.0552, time 1411.5, minPhero 0.01(232), stagnancy 86.7%
[35m[MSG][0m itr   982, best 5576.0552, time 1412.9, minPhero 0.01(232), stagnancy 87.0%
[35m[MSG][0m itr   983, best 5576.0552, time 1414.3, minPhero 0.01(232), stagnancy 87.3%
[35m[MSG][0m itr   984, best 5576.0552, time 1415.8, minPhero 0.01(232), stagnancy 87.7%
[35m[MSG][0m itr   985, best 5576.0552, time 1417.2, minPhero 0.01(232), stagnancy 88.0%
[35m[MSG][0m itr   986, best 5576.0552, time 1418.6, minPhero 0.01(232), stagnancy 88.3%
[35m[MSG][0m itr   987, best 5576.0552, time 1420.1, minPhero 0.01(232), stagnancy 88.7%
[35m[MSG][0m itr   988, best 5576.0552, time 1421.5, minPhero 0.01(232), stagnancy 89.0%
[35m[MSG][0m itr   989, best 5576.0552, time 1423.0, minPhero 0.01(232), stagnancy 89.3%
[35m[MSG][0m itr   990, best 5576.0552, time 1424.4, minPhero 0.01(232), stagnancy 89.7%
[35m[MSG][0m itr   991, best 5576.0552, time 1425.8, minPhero 0.01(232), stagnancy 90.0%
[35m[MSG][0m itr   992, best 5576.0552, time 1427.3, minPhero 0.01(232), stagnancy 90.3%
[35m[MSG][0m itr   993, best 5576.0552, time 1428.7, minPhero 0.01(232), stagnancy 90.7%
[35m[MSG][0m itr   994, best 5576.0552, time 1430.2, minPhero 0.01(232), stagnancy 91.0%
[35m[MSG][0m itr   995, best 5576.0552, time 1431.6, minPhero 0.01(232), stagnancy 91.3%
[35m[MSG][0m itr   996, best 5576.0552, time 1433.1, minPhero 0.01(232), stagnancy 91.7%
[35m[MSG][0m itr   997, best 5576.0552, time 1434.5, minPhero 0.01(232), stagnancy 92.0%
[35m[MSG][0m itr   998, best 5576.0552, time 1435.9, minPhero 0.01(232), stagnancy 92.3%
[35m[MSG][0m itr   999, best 5576.0552, time 1437.4, minPhero 0.01(232), stagnancy 92.7%
[35m[MSG][0m itr  1000, best 5576.0552, time 1438.8, minPhero 0.01(232), stagnancy 93.0%
[35m[MSG][0m itr  1001, best 5576.0552, time 1440.3, minPhero 0.01(232), stagnancy 93.3%
[35m[MSG][0m itr  1002, best 5576.0552, time 1441.7, minPhero 0.01(232), stagnancy 93.7%
[35m[MSG][0m itr  1003, best 5576.0552, time 1443.2, minPhero 0.01(232), stagnancy 94.0%
[35m[MSG][0m itr  1004, best 5576.0552, time 1444.6, minPhero 0.01(232), stagnancy 94.3%
[35m[MSG][0m itr  1005, best 5576.0552, time 1446.1, minPhero 0.01(232), stagnancy 94.7%
[35m[MSG][0m itr  1006, best 5576.0552, time 1447.5, minPhero 0.01(232), stagnancy 95.0%
[35m[MSG][0m itr  1007, best 5576.0552, time 1449.0, minPhero 0.01(232), stagnancy 95.3%
[35m[MSG][0m itr  1008, best 5576.0552, time 1450.4, minPhero 0.01(232), stagnancy 95.7%
[35m[MSG][0m itr  1009, best 5576.0552, time 1451.9, minPhero 0.01(232), stagnancy 96.0%
[35m[MSG][0m itr  1010, best 5576.0552, time 1453.3, minPhero 0.01(232), stagnancy 96.3%
[35m[MSG][0m itr  1011, best 5576.0552, time 1454.7, minPhero 0.01(232), stagnancy 96.7%
[35m[MSG][0m itr  1012, best 5576.0552, time 1456.2, minPhero 0.01(232), stagnancy 97.0%
[35m[MSG][0m itr  1013, best 5576.0552, time 1457.7, minPhero 0.01(232), stagnancy 97.3%
[35m[MSG][0m itr  1014, best 5576.0552, time 1459.1, minPhero 0.01(232), stagnancy 97.7%
[35m[MSG][0m itr  1015, best 5576.0552, time 1460.5, minPhero 0.01(232), stagnancy 98.0%
[35m[MSG][0m itr  1016, best 5576.0552, time 1462.0, minPhero 0.01(232), stagnancy 98.3%
[35m[MSG][0m itr  1017, best 5576.0552, time 1463.5, minPhero 0.01(232), stagnancy 98.7%
[35m[MSG][0m itr  1018, best 5576.0552, time 1464.9, minPhero 0.01(232), stagnancy 99.0%
[35m[MSG][0m itr  1019, best 5576.0552, time 1466.3, minPhero 0.01(232), stagnancy 99.3%
[35m[MSG][0m itr  1020, best 5576.0552, time 1467.8, minPhero 0.01(232), stagnancy 99.7%
[35m[MSG][0m itr  1021, best 5576.0552, time 1469.2, minPhero 0.01(232), stagnancy 100.0%
[35m[MSG][0m Solution converged. Reinitialising pheromones...
[35m[MSG][0m Time: 1469.21 s
[35m[MSG][0m Best cost: 5576.06
