[35m[MSG][0m Log level set to LOG_DEBUG
[35m[MSG][0m Parsing input from file "res/fruitybun250_2016.vrp"
[35m[MSG][0m Number of nodes: 250
[35m[MSG][0m Running ACO search
[35m[MSG][0m ACO settings: 
 alpha:     8.000
 beta:      1.000
 pers:      0.850
 minPhero:  0.015
 nbhood:    10
 popSize:   512
 maxStag:   300
[35m[MSG][0m itr     1, best 5756.8174, time    1.4, minPhero 0.85(28922), stagnancy 0.0%
[35m[MSG][0m itr     2, best 5756.8174, time    2.8, minPhero 0.72(28922), stagnancy 0.3%
[35m[MSG][0m itr     3, best 5738.3672, time    4.2, minPhero 0.61(28922), stagnancy 0.0%
[35m[MSG][0m itr     4, best 5728.0361, time    5.7, minPhero 0.52(28922), stagnancy 0.0%
[35m[MSG][0m itr     5, best 5717.6416, time    7.2, minPhero 0.44(28922), stagnancy 0.0%
[35m[MSG][0m itr     6, best 5717.6416, time    8.6, minPhero 0.38(28922), stagnancy 0.3%
[35m[MSG][0m itr     7, best 5717.6416, time   10.1, minPhero 0.32(28922), stagnancy 0.7%
[35m[MSG][0m itr     8, best 5717.6416, time   11.5, minPhero 0.27(28922), stagnancy 1.0%
[35m[MSG][0m itr     9, best 5715.3101, time   13.0, minPhero 0.23(28922), stagnancy 0.0%
[35m[MSG][0m itr    10, best 5715.3101, time   14.5, minPhero 0.20(28922), stagnancy 0.3%
[35m[MSG][0m itr    11, best 5679.4854, time   15.9, minPhero 0.17(28922), stagnancy 0.0%
[35m[MSG][0m itr    12, best 5679.4854, time   17.4, minPhero 0.14(28922), stagnancy 0.3%
[35m[MSG][0m itr    13, best 5679.4854, time   18.8, minPhero 0.12(28922), stagnancy 0.7%
[35m[MSG][0m itr    14, best 5668.8223, time   20.3, minPhero 0.10(28922), stagnancy 0.0%
[35m[MSG][0m itr    15, best 5668.8223, time   21.8, minPhero 0.09(28922), stagnancy 0.3%
[35m[MSG][0m itr    16, best 5640.0322, time   23.3, minPhero 0.07(28922), stagnancy 0.0%
[35m[MSG][0m itr    17, best 5640.0322, time   24.7, minPhero 0.06(28922), stagnancy 0.3%
[35m[MSG][0m itr    18, best 5640.0322, time   26.2, minPhero 0.05(28922), stagnancy 0.7%
[35m[MSG][0m itr    19, best 5640.0322, time   27.7, minPhero 0.05(28922), stagnancy 1.0%
[35m[MSG][0m itr    20, best 5640.0322, time   29.1, minPhero 0.04(28922), stagnancy 1.3%
[35m[MSG][0m itr    21, best 5637.6118, time   30.6, minPhero 0.03(28922), stagnancy 0.0%
[35m[MSG][0m itr    22, best 5611.7705, time   32.1, minPhero 0.03(28922), stagnancy 0.0%
[35m[MSG][0m itr    23, best 5611.7705, time   33.5, minPhero 0.02(579), stagnancy 0.3%
[35m[MSG][0m itr    24, best 5611.7705, time   35.0, minPhero 0.02(579), stagnancy 0.7%
[35m[MSG][0m itr    25, best 5611.7705, time   36.5, minPhero 0.02(477), stagnancy 1.0%
[35m[MSG][0m itr    26, best 5601.5269, time   38.0, minPhero 0.01(455), stagnancy 0.0%
[35m[MSG][0m itr    27, best 5601.5239, time   39.4, minPhero 0.01(450), stagnancy 0.0%
[35m[MSG][0m itr    28, best 5601.5239, time   40.9, minPhero 0.01(450), stagnancy 0.3%
[35m[MSG][0m itr    29, best 5596.7739, time   42.4, minPhero 0.01(389), stagnancy 0.0%
[35m[MSG][0m itr    30, best 5596.4912, time   43.9, minPhero 0.01(379), stagnancy 0.0%
[35m[MSG][0m itr    31, best 5596.4912, time   45.3, minPhero 0.01(376), stagnancy 0.3%
[35m[MSG][0m itr    32, best 5594.7593, time   46.8, minPhero 0.01(328), stagnancy 0.0%
[35m[MSG][0m itr    33, best 5592.4443, time   48.1, minPhero 0.01(321), stagnancy 0.0%
[35m[MSG][0m itr    34, best 5592.4443, time   49.5, minPhero 0.01(304), stagnancy 0.3%
[35m[MSG][0m itr    35, best 5591.7666, time   50.9, minPhero 0.01(303), stagnancy 0.0%
[35m[MSG][0m itr    36, best 5591.7666, time   52.4, minPhero 0.01(298), stagnancy 0.3%
[35m[MSG][0m itr    37, best 5589.4663, time   53.8, minPhero 0.01(289), stagnancy 0.0%
[35m[MSG][0m itr    38, best 5589.4663, time   55.3, minPhero 0.01(286), stagnancy 0.3%
[35m[MSG][0m itr    39, best 5589.0825, time   56.7, minPhero 0.01(282), stagnancy 0.0%
[35m[MSG][0m itr    40, best 5588.8159, time   58.2, minPhero 0.01(276), stagnancy 0.0%
[35m[MSG][0m itr    41, best 5588.8159, time   59.6, minPhero 0.01(275), stagnancy 0.3%
[35m[MSG][0m itr    42, best 5588.8159, time   61.0, minPhero 0.01(274), stagnancy 0.7%
[35m[MSG][0m Solution converged. Reinitialising pheromones...
[35m[MSG][0m itr    43, best 5588.8159, time   62.5, minPhero 0.85(28922), stagnancy 1.0%
[35m[MSG][0m itr    44, best 5588.8159, time   64.0, minPhero 0.72(28922), stagnancy 1.3%
[35m[MSG][0m itr    45, best 5588.8159, time   65.4, minPhero 0.61(28922), stagnancy 1.7%
[35m[MSG][0m itr    46, best 5588.8159, time   66.9, minPhero 0.52(28922), stagnancy 2.0%
[35m[MSG][0m itr    47, best 5588.8159, time   68.3, minPhero 0.44(28922), stagnancy 2.3%
[35m[MSG][0m itr    48, best 5588.8159, time   69.8, minPhero 0.38(28922), stagnancy 2.7%
[35m[MSG][0m itr    49, best 5588.8159, time   71.2, minPhero 0.32(28922), stagnancy 3.0%
[35m[MSG][0m itr    50, best 5588.8159, time   72.7, minPhero 0.27(28922), stagnancy 3.3%
[35m[MSG][0m itr    51, best 5588.8159, time   74.2, minPhero 0.23(28922), stagnancy 3.7%
[35m[MSG][0m itr    52, best 5588.8159, time   75.6, minPhero 0.20(28922), stagnancy 4.0%
[35m[MSG][0m itr    53, best 5588.8159, time   77.1, minPhero 0.17(28922), stagnancy 4.3%
[35m[MSG][0m itr    54, best 5588.8159, time   78.6, minPhero 0.14(28922), stagnancy 4.7%
[35m[MSG][0m itr    55, best 5588.8159, time   80.1, minPhero 0.12(28922), stagnancy 5.0%
[35m[MSG][0m itr    56, best 5588.8159, time   81.6, minPhero 0.10(28922), stagnancy 5.3%
[35m[MSG][0m itr    57, best 5588.8159, time   83.1, minPhero 0.09(28922), stagnancy 5.7%
[35m[MSG][0m itr    58, best 5588.8159, time   84.5, minPhero 0.07(28922), stagnancy 6.0%
[35m[MSG][0m itr    59, best 5588.8159, time   86.0, minPhero 0.06(28922), stagnancy 6.3%
[35m[MSG][0m itr    60, best 5588.8159, time   87.5, minPhero 0.05(28922), stagnancy 6.7%
[35m[MSG][0m itr    61, best 5588.8159, time   88.9, minPhero 0.05(28922), stagnancy 7.0%
[35m[MSG][0m itr    62, best 5588.8159, time   90.4, minPhero 0.04(28922), stagnancy 7.3%
[35m[MSG][0m itr    63, best 5588.5186, time   91.9, minPhero 0.03(28922), stagnancy 0.0%
[35m[MSG][0m itr    64, best 5587.5903, time   93.4, minPhero 0.03(28922), stagnancy 0.0%
[35m[MSG][0m itr    65, best 5587.2930, time   94.8, minPhero 0.02(235), stagnancy 0.0%
[35m[MSG][0m itr    66, best 5587.2930, time   96.3, minPhero 0.02(235), stagnancy 0.3%
[35m[MSG][0m itr    67, best 5587.2930, time   97.7, minPhero 0.02(235), stagnancy 0.7%
[35m[MSG][0m itr    68, best 5587.2930, time   99.2, minPhero 0.01(235), stagnancy 1.0%
[35m[MSG][0m itr    69, best 5587.0576, time  100.6, minPhero 0.01(240), stagnancy 0.0%
[35m[MSG][0m itr    70, best 5587.0576, time  102.0, minPhero 0.01(240), stagnancy 0.3%
[35m[MSG][0m itr    71, best 5586.7651, time  103.5, minPhero 0.01(240), stagnancy 0.0%
[35m[MSG][0m itr    72, best 5586.7651, time  104.9, minPhero 0.01(240), stagnancy 0.3%
[35m[MSG][0m itr    73, best 5586.4678, time  106.3, minPhero 0.01(240), stagnancy 0.0%
[35m[MSG][0m itr    74, best 5586.4678, time  107.8, minPhero 0.01(240), stagnancy 0.3%
[35m[MSG][0m itr    75, best 5586.4678, time  109.2, minPhero 0.01(240), stagnancy 0.7%
[35m[MSG][0m itr    76, best 5586.4678, time  110.6, minPhero 0.01(240), stagnancy 1.0%
[35m[MSG][0m itr    77, best 5586.4678, time  112.0, minPhero 0.01(240), stagnancy 1.3%
[35m[MSG][0m itr    78, best 5585.7905, time  113.4, minPhero 0.01(243), stagnancy 0.0%
[35m[MSG][0m itr    79, best 5584.9067, time  114.9, minPhero 0.01(244), stagnancy 0.0%
[35m[MSG][0m itr    80, best 5584.9048, time  116.3, minPhero 0.01(244), stagnancy 0.0%
[35m[MSG][0m itr    81, best 5584.9048, time  117.8, minPhero 0.01(244), stagnancy 0.3%
[35m[MSG][0m itr    82, best 5584.9048, time  119.2, minPhero 0.01(244), stagnancy 0.7%
[35m[MSG][0m itr    83, best 5584.9048, time  120.7, minPhero 0.01(244), stagnancy 1.0%
[35m[MSG][0m itr    84, best 5584.3315, time  122.1, minPhero 0.01(247), stagnancy 0.0%
[35m[MSG][0m itr    85, best 5584.3315, time  123.6, minPhero 0.01(247), stagnancy 0.3%
[35m[MSG][0m itr    86, best 5584.3315, time  125.1, minPhero 0.01(244), stagnancy 0.7%
[35m[MSG][0m itr    87, best 5584.3315, time  126.5, minPhero 0.01(244), stagnancy 1.0%
[35m[MSG][0m itr    88, best 5584.3315, time  128.0, minPhero 0.01(244), stagnancy 1.3%
[35m[MSG][0m itr    89, best 5584.3315, time  129.4, minPhero 0.01(244), stagnancy 1.7%
[35m[MSG][0m itr    90, best 5584.3315, time  130.9, minPhero 0.01(243), stagnancy 2.0%
[35m[MSG][0m itr    91, best 5584.3315, time  132.4, minPhero 0.01(241), stagnancy 2.3%
[35m[MSG][0m itr    92, best 5584.3315, time  133.8, minPhero 0.01(241), stagnancy 2.7%
[35m[MSG][0m itr    93, best 5584.3315, time  135.2, minPhero 0.01(241), stagnancy 3.0%
[35m[MSG][0m itr    94, best 5584.3311, time  136.7, minPhero 0.01(241), stagnancy 0.0%
[35m[MSG][0m itr    95, best 5584.3311, time  138.1, minPhero 0.01(238), stagnancy 0.3%
[35m[MSG][0m itr    96, best 5584.3311, time  139.6, minPhero 0.01(238), stagnancy 0.7%
[35m[MSG][0m itr    97, best 5584.3311, time  141.0, minPhero 0.01(238), stagnancy 1.0%
[35m[MSG][0m itr    98, best 5584.3311, time  142.5, minPhero 0.01(238), stagnancy 1.3%
[35m[MSG][0m itr    99, best 5584.3311, time  143.9, minPhero 0.01(238), stagnancy 1.7%
[35m[MSG][0m itr   100, best 5584.0371, time  145.4, minPhero 0.01(245), stagnancy 0.0%
[35m[MSG][0m itr   101, best 5584.0371, time  146.8, minPhero 0.01(245), stagnancy 0.3%
[35m[MSG][0m itr   102, best 5584.0371, time  148.3, minPhero 0.01(245), stagnancy 0.7%
[35m[MSG][0m itr   103, best 5581.2979, time  149.7, minPhero 0.01(255), stagnancy 0.0%
[35m[MSG][0m itr   104, best 5581.2979, time  151.1, minPhero 0.01(255), stagnancy 0.3%
[35m[MSG][0m itr   105, best 5579.4248, time  152.4, minPhero 0.01(256), stagnancy 0.0%
[35m[MSG][0m itr   106, best 5579.4248, time  153.9, minPhero 0.01(253), stagnancy 0.3%
[35m[MSG][0m itr   107, best 5579.4248, time  155.3, minPhero 0.01(253), stagnancy 0.7%
[35m[MSG][0m itr   108, best 5579.4248, time  156.8, minPhero 0.01(253), stagnancy 1.0%
[35m[MSG][0m itr   109, best 5579.4248, time  158.2, minPhero 0.01(253), stagnancy 1.3%
[35m[MSG][0m itr   110, best 5579.4248, time  159.6, minPhero 0.01(253), stagnancy 1.7%
[35m[MSG][0m itr   111, best 5578.2358, time  161.1, minPhero 0.01(261), stagnancy 0.0%
[35m[MSG][0m itr   112, best 5577.3901, time  162.6, minPhero 0.01(263), stagnancy 0.0%
[35m[MSG][0m itr   113, best 5576.8379, time  164.1, minPhero 0.01(264), stagnancy 0.0%
[35m[MSG][0m itr   114, best 5576.8379, time  165.5, minPhero 0.01(264), stagnancy 0.3%
[35m[MSG][0m itr   115, best 5576.8374, time  167.0, minPhero 0.01(264), stagnancy 0.0%
[35m[MSG][0m itr   116, best 5576.8374, time  168.5, minPhero 0.01(264), stagnancy 0.3%
[35m[MSG][0m itr   117, best 5576.8374, time  170.0, minPhero 0.01(264), stagnancy 0.7%
[35m[MSG][0m itr   118, best 5576.8374, time  171.4, minPhero 0.01(264), stagnancy 1.0%
[35m[MSG][0m itr   119, best 5570.8525, time  172.9, minPhero 0.01(265), stagnancy 0.0%
[35m[MSG][0m itr   120, best 5570.8525, time  174.3, minPhero 0.01(263), stagnancy 0.3%
[35m[MSG][0m itr   121, best 5570.8525, time  175.7, minPhero 0.01(263), stagnancy 0.7%
[35m[MSG][0m itr   122, best 5570.8525, time  177.2, minPhero 0.01(263), stagnancy 1.0%
[35m[MSG][0m itr   123, best 5570.8525, time  178.6, minPhero 0.01(260), stagnancy 1.3%
[35m[MSG][0m itr   124, best 5570.8525, time  180.1, minPhero 0.01(259), stagnancy 1.7%
[35m[MSG][0m itr   125, best 5570.8525, time  181.6, minPhero 0.01(250), stagnancy 2.0%
[35m[MSG][0m itr   126, best 5570.8525, time  183.0, minPhero 0.01(250), stagnancy 2.3%
[35m[MSG][0m itr   127, best 5570.8525, time  184.5, minPhero 0.01(250), stagnancy 2.7%
[35m[MSG][0m itr   128, best 5570.8521, time  185.9, minPhero 0.01(250), stagnancy 0.0%
[35m[MSG][0m itr   129, best 5570.8521, time  187.4, minPhero 0.01(250), stagnancy 0.3%
[35m[MSG][0m itr   130, best 5570.8521, time  188.9, minPhero 0.01(250), stagnancy 0.7%
[35m[MSG][0m itr   131, best 5570.8521, time  190.3, minPhero 0.01(250), stagnancy 1.0%
[35m[MSG][0m itr   132, best 5570.8521, time  191.7, minPhero 0.01(250), stagnancy 1.3%
[35m[MSG][0m itr   133, best 5570.6963, time  193.2, minPhero 0.01(249), stagnancy 0.0%
[35m[MSG][0m itr   134, best 5570.6963, time  194.6, minPhero 0.01(246), stagnancy 0.3%
[35m[MSG][0m itr   135, best 5570.6963, time  196.1, minPhero 0.01(246), stagnancy 0.7%
[35m[MSG][0m itr   136, best 5570.6963, time  197.5, minPhero 0.01(246), stagnancy 1.0%
[35m[MSG][0m itr   137, best 5570.6963, time  199.0, minPhero 0.01(246), stagnancy 1.3%
[35m[MSG][0m itr   138, best 5570.6963, time  200.4, minPhero 0.01(245), stagnancy 1.7%
[35m[MSG][0m itr   139, best 5570.6963, time  201.9, minPhero 0.01(245), stagnancy 2.0%
[35m[MSG][0m itr   140, best 5570.6963, time  203.4, minPhero 0.01(245), stagnancy 2.3%
[35m[MSG][0m itr   141, best 5570.6963, time  204.8, minPhero 0.01(236), stagnancy 2.7%
[35m[MSG][0m itr   142, best 5570.6958, time  206.3, minPhero 0.01(236), stagnancy 0.0%
[35m[MSG][0m itr   143, best 5570.6958, time  207.7, minPhero 0.01(236), stagnancy 0.3%
[35m[MSG][0m itr   144, best 5570.6958, time  209.2, minPhero 0.01(236), stagnancy 0.7%
[35m[MSG][0m itr   145, best 5570.6958, time  210.6, minPhero 0.01(236), stagnancy 1.0%
[35m[MSG][0m itr   146, best 5570.6958, time  212.0, minPhero 0.01(236), stagnancy 1.3%
[35m[MSG][0m itr   147, best 5570.6958, time  213.5, minPhero 0.01(236), stagnancy 1.7%
[35m[MSG][0m itr   148, best 5570.6162, time  214.9, minPhero 0.01(239), stagnancy 0.0%
[35m[MSG][0m itr   149, best 5570.4688, time  216.4, minPhero 0.01(247), stagnancy 0.0%
[35m[MSG][0m itr   150, best 5570.4688, time  217.8, minPhero 0.01(247), stagnancy 0.3%
[35m[MSG][0m itr   151, best 5570.4688, time  219.3, minPhero 0.01(247), stagnancy 0.7%
[35m[MSG][0m itr   152, best 5570.4688, time  220.7, minPhero 0.01(247), stagnancy 1.0%
[35m[MSG][0m itr   153, best 5570.0361, time  222.2, minPhero 0.01(249), stagnancy 0.0%
[35m[MSG][0m itr   154, best 5570.0361, time  223.7, minPhero 0.01(249), stagnancy 0.3%
[35m[MSG][0m itr   155, best 5570.0361, time  225.2, minPhero 0.01(245), stagnancy 0.7%
[35m[MSG][0m itr   156, best 5569.9570, time  226.7, minPhero 0.01(245), stagnancy 0.0%
[35m[MSG][0m itr   157, best 5569.9570, time  228.1, minPhero 0.01(245), stagnancy 0.3%
[35m[MSG][0m itr   158, best 5569.9570, time  229.5, minPhero 0.01(245), stagnancy 0.7%
[35m[MSG][0m itr   159, best 5569.9570, time  231.0, minPhero 0.01(245), stagnancy 1.0%
[35m[MSG][0m itr   160, best 5569.9565, time  232.5, minPhero 0.01(245), stagnancy 0.0%
[35m[MSG][0m itr   161, best 5569.9565, time  233.8, minPhero 0.01(245), stagnancy 0.3%
[35m[MSG][0m itr   162, best 5569.9565, time  235.2, minPhero 0.01(245), stagnancy 0.7%
[35m[MSG][0m itr   163, best 5569.9565, time  236.7, minPhero 0.01(245), stagnancy 1.0%
[35m[MSG][0m itr   164, best 5569.9565, time  238.2, minPhero 0.01(245), stagnancy 1.3%
[35m[MSG][0m itr   165, best 5569.9565, time  239.6, minPhero 0.01(245), stagnancy 1.7%
[35m[MSG][0m itr   166, best 5569.9565, time  241.1, minPhero 0.01(245), stagnancy 2.0%
[35m[MSG][0m itr   167, best 5569.9565, time  242.5, minPhero 0.01(245), stagnancy 2.3%
[35m[MSG][0m itr   168, best 5569.9565, time  244.0, minPhero 0.01(245), stagnancy 2.7%
[35m[MSG][0m itr   169, best 5569.9565, time  245.5, minPhero 0.01(245), stagnancy 3.0%
[35m[MSG][0m itr   170, best 5569.9565, time  246.9, minPhero 0.01(245), stagnancy 3.3%
[35m[MSG][0m itr   171, best 5569.9565, time  248.4, minPhero 0.01(236), stagnancy 3.7%
[35m[MSG][0m itr   172, best 5569.9565, time  249.8, minPhero 0.01(236), stagnancy 4.0%
[35m[MSG][0m itr   173, best 5569.9565, time  251.2, minPhero 0.01(236), stagnancy 4.3%
[35m[MSG][0m itr   174, best 5569.9565, time  252.7, minPhero 0.01(236), stagnancy 4.7%
[35m[MSG][0m itr   175, best 5569.9565, time  254.1, minPhero 0.01(235), stagnancy 5.0%
[35m[MSG][0m itr   176, best 5569.9565, time  255.6, minPhero 0.01(235), stagnancy 5.3%
[35m[MSG][0m itr   177, best 5569.9565, time  257.0, minPhero 0.01(235), stagnancy 5.7%
[35m[MSG][0m itr   178, best 5569.9565, time  258.5, minPhero 0.01(232), stagnancy 6.0%
[35m[MSG][0m itr   179, best 5569.9565, time  259.9, minPhero 0.01(232), stagnancy 6.3%
[35m[MSG][0m itr   180, best 5569.9565, time  261.4, minPhero 0.01(232), stagnancy 6.7%
[35m[MSG][0m itr   181, best 5569.9565, time  262.8, minPhero 0.01(232), stagnancy 7.0%
[35m[MSG][0m itr   182, best 5569.9565, time  264.2, minPhero 0.01(232), stagnancy 7.3%
[35m[MSG][0m itr   183, best 5569.9565, time  265.7, minPhero 0.01(232), stagnancy 7.7%
[35m[MSG][0m itr   184, best 5569.9565, time  267.1, minPhero 0.01(232), stagnancy 8.0%
[35m[MSG][0m itr   185, best 5569.9565, time  268.6, minPhero 0.01(232), stagnancy 8.3%
[35m[MSG][0m itr   186, best 5569.9565, time  270.0, minPhero 0.01(232), stagnancy 8.7%
[35m[MSG][0m itr   187, best 5569.9565, time  271.5, minPhero 0.01(232), stagnancy 9.0%
[35m[MSG][0m itr   188, best 5569.9565, time  272.9, minPhero 0.01(232), stagnancy 9.3%
[35m[MSG][0m itr   189, best 5569.9565, time  274.4, minPhero 0.01(232), stagnancy 9.7%
[35m[MSG][0m itr   190, best 5569.9565, time  275.9, minPhero 0.01(232), stagnancy 10.0%
[35m[MSG][0m itr   191, best 5569.9565, time  277.3, minPhero 0.01(232), stagnancy 10.3%
[35m[MSG][0m itr   192, best 5569.9565, time  278.7, minPhero 0.01(232), stagnancy 10.7%
[35m[MSG][0m itr   193, best 5569.9565, time  280.2, minPhero 0.01(232), stagnancy 11.0%
[35m[MSG][0m itr   194, best 5569.9565, time  281.7, minPhero 0.01(232), stagnancy 11.3%
[35m[MSG][0m itr   195, best 5569.9565, time  283.1, minPhero 0.01(232), stagnancy 11.7%
[35m[MSG][0m itr   196, best 5569.9565, time  284.6, minPhero 0.01(232), stagnancy 12.0%
[35m[MSG][0m itr   197, best 5569.9565, time  286.0, minPhero 0.01(232), stagnancy 12.3%
[35m[MSG][0m itr   198, best 5569.9565, time  287.5, minPhero 0.01(232), stagnancy 12.7%
[35m[MSG][0m itr   199, best 5569.9565, time  288.9, minPhero 0.01(232), stagnancy 13.0%
[35m[MSG][0m itr   200, best 5569.9565, time  290.4, minPhero 0.01(232), stagnancy 13.3%
[35m[MSG][0m itr   201, best 5569.9565, time  291.8, minPhero 0.01(232), stagnancy 13.7%
[35m[MSG][0m itr   202, best 5569.9565, time  293.2, minPhero 0.01(232), stagnancy 14.0%
[35m[MSG][0m itr   203, best 5569.9565, time  294.7, minPhero 0.01(232), stagnancy 14.3%
[35m[MSG][0m itr   204, best 5569.9565, time  296.1, minPhero 0.01(232), stagnancy 14.7%
[35m[MSG][0m itr   205, best 5569.9565, time  297.4, minPhero 0.01(232), stagnancy 15.0%
[35m[MSG][0m itr   206, best 5569.9565, time  298.9, minPhero 0.01(232), stagnancy 15.3%
[35m[MSG][0m itr   207, best 5569.9565, time  300.3, minPhero 0.01(232), stagnancy 15.7%
[35m[MSG][0m itr   208, best 5569.9565, time  301.7, minPhero 0.01(232), stagnancy 16.0%
[35m[MSG][0m itr   209, best 5569.9565, time  303.2, minPhero 0.01(232), stagnancy 16.3%
[35m[MSG][0m itr   210, best 5569.9565, time  304.7, minPhero 0.01(232), stagnancy 16.7%
[35m[MSG][0m itr   211, best 5569.9565, time  306.1, minPhero 0.01(232), stagnancy 17.0%
[35m[MSG][0m itr   212, best 5569.9565, time  307.6, minPhero 0.01(232), stagnancy 17.3%
[35m[MSG][0m itr   213, best 5569.9565, time  309.1, minPhero 0.01(232), stagnancy 17.7%
[35m[MSG][0m itr   214, best 5569.9565, time  310.5, minPhero 0.01(232), stagnancy 18.0%
[35m[MSG][0m itr   215, best 5569.9565, time  312.0, minPhero 0.01(232), stagnancy 18.3%
[35m[MSG][0m itr   216, best 5569.9565, time  313.4, minPhero 0.01(232), stagnancy 18.7%
[35m[MSG][0m itr   217, best 5569.9565, time  314.9, minPhero 0.01(232), stagnancy 19.0%
[35m[MSG][0m itr   218, best 5569.9565, time  316.3, minPhero 0.01(232), stagnancy 19.3%
[35m[MSG][0m itr   219, best 5569.9565, time  317.8, minPhero 0.01(232), stagnancy 19.7%
[35m[MSG][0m itr   220, best 5569.9565, time  319.2, minPhero 0.01(232), stagnancy 20.0%
[35m[MSG][0m itr   221, best 5569.9565, time  320.7, minPhero 0.01(232), stagnancy 20.3%
[35m[MSG][0m itr   222, best 5569.9565, time  322.1, minPhero 0.01(232), stagnancy 20.7%
[35m[MSG][0m itr   223, best 5569.9565, time  323.5, minPhero 0.01(232), stagnancy 21.0%
[35m[MSG][0m itr   224, best 5569.9565, time  325.0, minPhero 0.01(232), stagnancy 21.3%
[35m[MSG][0m itr   225, best 5569.9565, time  326.5, minPhero 0.01(232), stagnancy 21.7%
[35m[MSG][0m itr   226, best 5569.9565, time  327.8, minPhero 0.01(232), stagnancy 22.0%
[35m[MSG][0m itr   227, best 5569.9565, time  329.3, minPhero 0.01(232), stagnancy 22.3%
[35m[MSG][0m itr   228, best 5569.9565, time  330.7, minPhero 0.01(232), stagnancy 22.7%
[35m[MSG][0m itr   229, best 5569.9565, time  332.2, minPhero 0.01(232), stagnancy 23.0%
[35m[MSG][0m itr   230, best 5569.9565, time  333.6, minPhero 0.01(232), stagnancy 23.3%
[35m[MSG][0m itr   231, best 5569.9565, time  335.1, minPhero 0.01(232), stagnancy 23.7%
[35m[MSG][0m itr   232, best 5569.9565, time  336.5, minPhero 0.01(232), stagnancy 24.0%
[35m[MSG][0m itr   233, best 5569.9565, time  338.0, minPhero 0.01(232), stagnancy 24.3%
[35m[MSG][0m itr   234, best 5569.9565, time  339.4, minPhero 0.01(232), stagnancy 24.7%
[35m[MSG][0m itr   235, best 5569.9565, time  340.9, minPhero 0.01(232), stagnancy 25.0%
[35m[MSG][0m itr   236, best 5569.9565, time  342.4, minPhero 0.01(232), stagnancy 25.3%
[35m[MSG][0m itr   237, best 5569.9565, time  343.8, minPhero 0.01(232), stagnancy 25.7%
[35m[MSG][0m itr   238, best 5569.9565, time  345.2, minPhero 0.01(232), stagnancy 26.0%
[35m[MSG][0m itr   239, best 5569.9565, time  346.7, minPhero 0.01(232), stagnancy 26.3%
[35m[MSG][0m itr   240, best 5569.9565, time  348.1, minPhero 0.01(232), stagnancy 26.7%
[35m[MSG][0m itr   241, best 5569.9565, time  349.6, minPhero 0.01(232), stagnancy 27.0%
[35m[MSG][0m itr   242, best 5569.9565, time  351.0, minPhero 0.01(232), stagnancy 27.3%
[35m[MSG][0m itr   243, best 5569.9565, time  352.4, minPhero 0.01(232), stagnancy 27.7%
[35m[MSG][0m itr   244, best 5569.9565, time  353.8, minPhero 0.01(232), stagnancy 28.0%
[35m[MSG][0m itr   245, best 5569.9565, time  355.3, minPhero 0.01(232), stagnancy 28.3%
[35m[MSG][0m itr   246, best 5569.9565, time  356.7, minPhero 0.01(232), stagnancy 28.7%
[35m[MSG][0m itr   247, best 5569.9565, time  358.2, minPhero 0.01(232), stagnancy 29.0%
[35m[MSG][0m itr   248, best 5569.9565, time  359.6, minPhero 0.01(232), stagnancy 29.3%
[35m[MSG][0m itr   249, best 5569.9565, time  361.1, minPhero 0.01(232), stagnancy 29.7%
[35m[MSG][0m itr   250, best 5569.9565, time  362.5, minPhero 0.01(232), stagnancy 30.0%
[35m[MSG][0m itr   251, best 5569.9565, time  364.0, minPhero 0.01(232), stagnancy 30.3%
[35m[MSG][0m itr   252, best 5569.9565, time  365.4, minPhero 0.01(232), stagnancy 30.7%
[35m[MSG][0m itr   253, best 5569.9565, time  366.8, minPhero 0.01(232), stagnancy 31.0%
[35m[MSG][0m itr   254, best 5569.9565, time  368.3, minPhero 0.01(232), stagnancy 31.3%
[35m[MSG][0m itr   255, best 5569.9565, time  369.8, minPhero 0.01(232), stagnancy 31.7%
[35m[MSG][0m itr   256, best 5569.9565, time  371.2, minPhero 0.01(232), stagnancy 32.0%
[35m[MSG][0m itr   257, best 5569.9565, time  372.7, minPhero 0.01(232), stagnancy 32.3%
[35m[MSG][0m itr   258, best 5569.9565, time  374.1, minPhero 0.01(232), stagnancy 32.7%
[35m[MSG][0m itr   259, best 5569.9565, time  375.6, minPhero 0.01(232), stagnancy 33.0%
[35m[MSG][0m itr   260, best 5569.9565, time  377.0, minPhero 0.01(232), stagnancy 33.3%
[35m[MSG][0m itr   261, best 5569.9565, time  378.5, minPhero 0.01(232), stagnancy 33.7%
[35m[MSG][0m itr   262, best 5569.9565, time  380.0, minPhero 0.01(232), stagnancy 34.0%
[35m[MSG][0m itr   263, best 5569.9565, time  381.4, minPhero 0.01(232), stagnancy 34.3%
[35m[MSG][0m itr   264, best 5569.9565, time  382.8, minPhero 0.01(232), stagnancy 34.7%
[35m[MSG][0m itr   265, best 5569.9565, time  384.3, minPhero 0.01(232), stagnancy 35.0%
[35m[MSG][0m itr   266, best 5569.9565, time  385.8, minPhero 0.01(232), stagnancy 35.3%
[35m[MSG][0m itr   267, best 5569.9565, time  387.2, minPhero 0.01(232), stagnancy 35.7%
[35m[MSG][0m itr   268, best 5569.9565, time  388.7, minPhero 0.01(232), stagnancy 36.0%
[35m[MSG][0m itr   269, best 5569.9565, time  390.1, minPhero 0.01(232), stagnancy 36.3%
[35m[MSG][0m itr   270, best 5569.9565, time  391.6, minPhero 0.01(232), stagnancy 36.7%
[35m[MSG][0m itr   271, best 5569.9565, time  393.0, minPhero 0.01(232), stagnancy 37.0%
[35m[MSG][0m itr   272, best 5569.9565, time  394.5, minPhero 0.01(232), stagnancy 37.3%
[35m[MSG][0m itr   273, best 5569.9565, time  396.0, minPhero 0.01(232), stagnancy 37.7%
[35m[MSG][0m itr   274, best 5569.9565, time  397.4, minPhero 0.01(232), stagnancy 38.0%
[35m[MSG][0m itr   275, best 5569.9565, time  398.9, minPhero 0.01(232), stagnancy 38.3%
[35m[MSG][0m itr   276, best 5569.9565, time  400.3, minPhero 0.01(232), stagnancy 38.7%
[35m[MSG][0m itr   277, best 5569.9565, time  401.8, minPhero 0.01(232), stagnancy 39.0%
[35m[MSG][0m itr   278, best 5569.9565, time  403.2, minPhero 0.01(232), stagnancy 39.3%
[35m[MSG][0m itr   279, best 5569.9565, time  404.7, minPhero 0.01(232), stagnancy 39.7%
[35m[MSG][0m itr   280, best 5569.9565, time  406.1, minPhero 0.01(232), stagnancy 40.0%
[35m[MSG][0m itr   281, best 5569.9565, time  407.6, minPhero 0.01(232), stagnancy 40.3%
[35m[MSG][0m itr   282, best 5569.9565, time  409.0, minPhero 0.01(232), stagnancy 40.7%
[35m[MSG][0m itr   283, best 5569.9565, time  410.4, minPhero 0.01(232), stagnancy 41.0%
[35m[MSG][0m itr   284, best 5569.9565, time  411.9, minPhero 0.01(232), stagnancy 41.3%
[35m[MSG][0m itr   285, best 5569.9565, time  413.4, minPhero 0.01(232), stagnancy 41.7%
[35m[MSG][0m itr   286, best 5569.9565, time  414.8, minPhero 0.01(232), stagnancy 42.0%
[35m[MSG][0m itr   287, best 5569.9565, time  416.3, minPhero 0.01(232), stagnancy 42.3%
[35m[MSG][0m itr   288, best 5569.9565, time  417.8, minPhero 0.01(232), stagnancy 42.7%
[35m[MSG][0m itr   289, best 5569.9565, time  419.2, minPhero 0.01(232), stagnancy 43.0%
[35m[MSG][0m itr   290, best 5569.9565, time  420.7, minPhero 0.01(232), stagnancy 43.3%
[35m[MSG][0m itr   291, best 5569.9565, time  422.1, minPhero 0.01(232), stagnancy 43.7%
[35m[MSG][0m itr   292, best 5569.9565, time  423.5, minPhero 0.01(232), stagnancy 44.0%
[35m[MSG][0m itr   293, best 5569.9565, time  425.0, minPhero 0.01(232), stagnancy 44.3%
[35m[MSG][0m itr   294, best 5569.9565, time  426.5, minPhero 0.01(232), stagnancy 44.7%
[35m[MSG][0m itr   295, best 5569.9565, time  428.0, minPhero 0.01(232), stagnancy 45.0%
[35m[MSG][0m itr   296, best 5569.9565, time  429.4, minPhero 0.01(232), stagnancy 45.3%
[35m[MSG][0m itr   297, best 5569.9565, time  430.8, minPhero 0.01(232), stagnancy 45.7%
[35m[MSG][0m itr   298, best 5569.9565, time  432.3, minPhero 0.01(232), stagnancy 46.0%
[35m[MSG][0m itr   299, best 5569.9565, time  433.8, minPhero 0.01(232), stagnancy 46.3%
[35m[MSG][0m itr   300, best 5569.9565, time  435.2, minPhero 0.01(232), stagnancy 46.7%
[35m[MSG][0m itr   301, best 5569.9565, time  436.7, minPhero 0.01(232), stagnancy 47.0%
[35m[MSG][0m itr   302, best 5569.9565, time  438.0, minPhero 0.01(232), stagnancy 47.3%
[35m[MSG][0m itr   303, best 5569.9565, time  439.5, minPhero 0.01(232), stagnancy 47.7%
[35m[MSG][0m itr   304, best 5569.9565, time  440.9, minPhero 0.01(232), stagnancy 48.0%
[35m[MSG][0m itr   305, best 5569.9565, time  442.4, minPhero 0.01(232), stagnancy 48.3%
[35m[MSG][0m itr   306, best 5569.9565, time  443.8, minPhero 0.01(232), stagnancy 48.7%
[35m[MSG][0m itr   307, best 5569.9565, time  445.3, minPhero 0.01(232), stagnancy 49.0%
[35m[MSG][0m itr   308, best 5569.9565, time  446.7, minPhero 0.01(232), stagnancy 49.3%
[35m[MSG][0m itr   309, best 5569.9565, time  448.2, minPhero 0.01(232), stagnancy 49.7%
[35m[MSG][0m itr   310, best 5569.9565, time  449.7, minPhero 0.01(232), stagnancy 50.0%
[35m[MSG][0m itr   311, best 5569.9565, time  451.1, minPhero 0.01(232), stagnancy 50.3%
[35m[MSG][0m itr   312, best 5569.9565, time  452.5, minPhero 0.01(232), stagnancy 50.7%
[35m[MSG][0m itr   313, best 5569.9565, time  454.0, minPhero 0.01(232), stagnancy 51.0%
[35m[MSG][0m itr   314, best 5569.9565, time  455.5, minPhero 0.01(232), stagnancy 51.3%
[35m[MSG][0m itr   315, best 5569.9565, time  456.9, minPhero 0.01(232), stagnancy 51.7%
[35m[MSG][0m itr   316, best 5569.9565, time  458.4, minPhero 0.01(232), stagnancy 52.0%
[35m[MSG][0m itr   317, best 5569.9565, time  459.9, minPhero 0.01(232), stagnancy 52.3%
[35m[MSG][0m itr   318, best 5569.9565, time  461.3, minPhero 0.01(232), stagnancy 52.7%
[35m[MSG][0m itr   319, best 5569.9565, time  462.8, minPhero 0.01(232), stagnancy 53.0%
[35m[MSG][0m itr   320, best 5569.9565, time  464.2, minPhero 0.01(232), stagnancy 53.3%
[35m[MSG][0m itr   321, best 5569.9565, time  465.7, minPhero 0.01(232), stagnancy 53.7%
[35m[MSG][0m itr   322, best 5569.9565, time  467.1, minPhero 0.01(232), stagnancy 54.0%
[35m[MSG][0m itr   323, best 5569.9565, time  468.5, minPhero 0.01(232), stagnancy 54.3%
[35m[MSG][0m itr   324, best 5569.9565, time  470.0, minPhero 0.01(232), stagnancy 54.7%
[35m[MSG][0m itr   325, best 5569.9565, time  471.5, minPhero 0.01(232), stagnancy 55.0%
[35m[MSG][0m itr   326, best 5569.9565, time  472.8, minPhero 0.01(232), stagnancy 55.3%
[35m[MSG][0m itr   327, best 5569.9565, time  474.3, minPhero 0.01(232), stagnancy 55.7%
[35m[MSG][0m itr   328, best 5569.9565, time  475.7, minPhero 0.01(232), stagnancy 56.0%
[35m[MSG][0m itr   329, best 5569.9565, time  477.2, minPhero 0.01(232), stagnancy 56.3%
[35m[MSG][0m itr   330, best 5569.9565, time  478.6, minPhero 0.01(232), stagnancy 56.7%
[35m[MSG][0m itr   331, best 5569.9565, time  480.1, minPhero 0.01(232), stagnancy 57.0%
[35m[MSG][0m itr   332, best 5569.9565, time  481.5, minPhero 0.01(232), stagnancy 57.3%
[35m[MSG][0m itr   333, best 5569.9565, time  482.9, minPhero 0.01(232), stagnancy 57.7%
[35m[MSG][0m itr   334, best 5569.9565, time  484.4, minPhero 0.01(232), stagnancy 58.0%
[35m[MSG][0m itr   335, best 5569.9565, time  485.8, minPhero 0.01(232), stagnancy 58.3%
[35m[MSG][0m itr   336, best 5569.9565, time  487.3, minPhero 0.01(232), stagnancy 58.7%
[35m[MSG][0m itr   337, best 5569.9565, time  488.8, minPhero 0.01(232), stagnancy 59.0%
[35m[MSG][0m itr   338, best 5569.9565, time  490.2, minPhero 0.01(232), stagnancy 59.3%
[35m[MSG][0m itr   339, best 5569.9565, time  491.6, minPhero 0.01(232), stagnancy 59.7%
[35m[MSG][0m itr   340, best 5569.9565, time  493.1, minPhero 0.01(232), stagnancy 60.0%
[35m[MSG][0m itr   341, best 5569.9565, time  494.5, minPhero 0.01(232), stagnancy 60.3%
[35m[MSG][0m itr   342, best 5569.9565, time  496.0, minPhero 0.01(232), stagnancy 60.7%
[35m[MSG][0m itr   343, best 5569.9565, time  497.3, minPhero 0.01(232), stagnancy 61.0%
[35m[MSG][0m itr   344, best 5569.9565, time  498.9, minPhero 0.01(232), stagnancy 61.3%
[35m[MSG][0m itr   345, best 5569.9565, time  500.2, minPhero 0.01(232), stagnancy 61.7%
[35m[MSG][0m itr   346, best 5569.9565, time  501.7, minPhero 0.01(232), stagnancy 62.0%
[35m[MSG][0m itr   347, best 5569.9565, time  503.1, minPhero 0.01(232), stagnancy 62.3%
[35m[MSG][0m itr   348, best 5569.9565, time  504.6, minPhero 0.01(232), stagnancy 62.7%
[35m[MSG][0m itr   349, best 5569.9565, time  506.0, minPhero 0.01(232), stagnancy 63.0%
[35m[MSG][0m itr   350, best 5568.9326, time  507.5, minPhero 0.01(238), stagnancy 0.0%
[35m[MSG][0m itr   351, best 5568.9326, time  508.9, minPhero 0.01(238), stagnancy 0.3%
[35m[MSG][0m itr   352, best 5568.9326, time  510.4, minPhero 0.01(238), stagnancy 0.7%
[35m[MSG][0m itr   353, best 5568.9326, time  511.8, minPhero 0.01(238), stagnancy 1.0%
[35m[MSG][0m itr   354, best 5568.9321, time  513.3, minPhero 0.01(238), stagnancy 0.0%
[35m[MSG][0m itr   355, best 5568.9321, time  514.7, minPhero 0.01(238), stagnancy 0.3%
[35m[MSG][0m itr   356, best 5568.9321, time  516.2, minPhero 0.01(238), stagnancy 0.7%
[35m[MSG][0m itr   357, best 5568.9321, time  517.6, minPhero 0.01(238), stagnancy 1.0%
[35m[MSG][0m itr   358, best 5568.9321, time  519.1, minPhero 0.01(238), stagnancy 1.3%
[35m[MSG][0m itr   359, best 5568.9321, time  520.4, minPhero 0.01(238), stagnancy 1.7%
[35m[MSG][0m itr   360, best 5568.9321, time  521.8, minPhero 0.01(238), stagnancy 2.0%
[35m[MSG][0m itr   361, best 5568.9321, time  523.3, minPhero 0.01(238), stagnancy 2.3%
[35m[MSG][0m itr   362, best 5568.9321, time  524.7, minPhero 0.01(238), stagnancy 2.7%
[35m[MSG][0m itr   363, best 5568.9321, time  526.2, minPhero 0.01(238), stagnancy 3.0%
[35m[MSG][0m itr   364, best 5568.9321, time  527.7, minPhero 0.01(238), stagnancy 3.3%
[35m[MSG][0m itr   365, best 5568.9321, time  529.1, minPhero 0.01(238), stagnancy 3.7%
[35m[MSG][0m itr   366, best 5568.9321, time  530.6, minPhero 0.01(238), stagnancy 4.0%
[35m[MSG][0m itr   367, best 5568.9321, time  532.0, minPhero 0.01(238), stagnancy 4.3%
[35m[MSG][0m itr   368, best 5568.9321, time  533.4, minPhero 0.01(238), stagnancy 4.7%
[35m[MSG][0m itr   369, best 5568.9321, time  534.9, minPhero 0.01(238), stagnancy 5.0%
[35m[MSG][0m itr   370, best 5568.9321, time  536.3, minPhero 0.01(238), stagnancy 5.3%
[35m[MSG][0m itr   371, best 5568.9321, time  537.8, minPhero 0.01(238), stagnancy 5.7%
[35m[MSG][0m itr   372, best 5568.9321, time  539.2, minPhero 0.01(232), stagnancy 6.0%
[35m[MSG][0m itr   373, best 5568.9321, time  540.7, minPhero 0.01(232), stagnancy 6.3%
[35m[MSG][0m itr   374, best 5568.9321, time  542.1, minPhero 0.01(232), stagnancy 6.7%
[35m[MSG][0m itr   375, best 5568.9321, time  543.6, minPhero 0.01(232), stagnancy 7.0%
[35m[MSG][0m itr   376, best 5568.9321, time  545.0, minPhero 0.01(232), stagnancy 7.3%
[35m[MSG][0m itr   377, best 5568.9321, time  546.5, minPhero 0.01(232), stagnancy 7.7%
[35m[MSG][0m itr   378, best 5568.9321, time  548.0, minPhero 0.01(232), stagnancy 8.0%
[35m[MSG][0m itr   379, best 5568.9321, time  549.4, minPhero 0.01(232), stagnancy 8.3%
[35m[MSG][0m itr   380, best 5568.9321, time  550.9, minPhero 0.01(232), stagnancy 8.7%
[35m[MSG][0m itr   381, best 5568.9321, time  552.4, minPhero 0.01(232), stagnancy 9.0%
[35m[MSG][0m itr   382, best 5568.9321, time  553.8, minPhero 0.01(232), stagnancy 9.3%
[35m[MSG][0m itr   383, best 5568.9321, time  555.3, minPhero 0.01(232), stagnancy 9.7%
[35m[MSG][0m itr   384, best 5568.9321, time  556.7, minPhero 0.01(232), stagnancy 10.0%
[35m[MSG][0m itr   385, best 5568.9321, time  558.1, minPhero 0.01(232), stagnancy 10.3%
[35m[MSG][0m itr   386, best 5568.9321, time  559.6, minPhero 0.01(232), stagnancy 10.7%
[35m[MSG][0m itr   387, best 5568.9321, time  561.0, minPhero 0.01(232), stagnancy 11.0%
[35m[MSG][0m itr   388, best 5568.9321, time  562.5, minPhero 0.01(232), stagnancy 11.3%
[35m[MSG][0m itr   389, best 5568.9321, time  563.9, minPhero 0.01(232), stagnancy 11.7%
[35m[MSG][0m itr   390, best 5568.9321, time  565.3, minPhero 0.01(232), stagnancy 12.0%
[35m[MSG][0m itr   391, best 5568.9321, time  566.8, minPhero 0.01(232), stagnancy 12.3%
[35m[MSG][0m itr   392, best 5568.9321, time  568.3, minPhero 0.01(232), stagnancy 12.7%
[35m[MSG][0m itr   393, best 5568.9321, time  569.7, minPhero 0.01(232), stagnancy 13.0%
[35m[MSG][0m itr   394, best 5568.9321, time  571.1, minPhero 0.01(232), stagnancy 13.3%
[35m[MSG][0m itr   395, best 5568.9321, time  572.6, minPhero 0.01(232), stagnancy 13.7%
[35m[MSG][0m itr   396, best 5568.9321, time  574.0, minPhero 0.01(232), stagnancy 14.0%
[35m[MSG][0m itr   397, best 5568.9321, time  575.5, minPhero 0.01(232), stagnancy 14.3%
[35m[MSG][0m itr   398, best 5568.9321, time  576.9, minPhero 0.01(232), stagnancy 14.7%
[35m[MSG][0m itr   399, best 5568.9321, time  578.4, minPhero 0.01(232), stagnancy 15.0%
[35m[MSG][0m itr   400, best 5568.9321, time  579.8, minPhero 0.01(232), stagnancy 15.3%
[35m[MSG][0m itr   401, best 5568.9321, time  581.3, minPhero 0.01(232), stagnancy 15.7%
[35m[MSG][0m itr   402, best 5568.9321, time  582.7, minPhero 0.01(232), stagnancy 16.0%
[35m[MSG][0m itr   403, best 5568.9321, time  584.2, minPhero 0.01(232), stagnancy 16.3%
[35m[MSG][0m itr   404, best 5568.9321, time  585.6, minPhero 0.01(232), stagnancy 16.7%
[35m[MSG][0m itr   405, best 5568.9321, time  587.1, minPhero 0.01(232), stagnancy 17.0%
[35m[MSG][0m itr   406, best 5568.9321, time  588.5, minPhero 0.01(232), stagnancy 17.3%
[35m[MSG][0m itr   407, best 5568.9321, time  590.0, minPhero 0.01(232), stagnancy 17.7%
[35m[MSG][0m itr   408, best 5568.9321, time  591.4, minPhero 0.01(232), stagnancy 18.0%
[35m[MSG][0m itr   409, best 5568.9321, time  592.9, minPhero 0.01(232), stagnancy 18.3%
[35m[MSG][0m itr   410, best 5568.9321, time  594.3, minPhero 0.01(232), stagnancy 18.7%
[35m[MSG][0m itr   411, best 5568.9321, time  595.8, minPhero 0.01(232), stagnancy 19.0%
[35m[MSG][0m itr   412, best 5568.9321, time  597.3, minPhero 0.01(232), stagnancy 19.3%
[35m[MSG][0m itr   413, best 5568.9321, time  598.7, minPhero 0.01(232), stagnancy 19.7%
[35m[MSG][0m itr   414, best 5568.9321, time  600.2, minPhero 0.01(232), stagnancy 20.0%
[35m[MSG][0m itr   415, best 5568.9321, time  601.6, minPhero 0.01(232), stagnancy 20.3%
[35m[MSG][0m itr   416, best 5568.9321, time  602.9, minPhero 0.01(232), stagnancy 20.7%
[35m[MSG][0m itr   417, best 5568.9321, time  604.4, minPhero 0.01(232), stagnancy 21.0%
[35m[MSG][0m itr   418, best 5568.9321, time  605.8, minPhero 0.01(232), stagnancy 21.3%
[35m[MSG][0m itr   419, best 5568.9321, time  607.3, minPhero 0.01(232), stagnancy 21.7%
[35m[MSG][0m itr   420, best 5568.9321, time  608.8, minPhero 0.01(232), stagnancy 22.0%
[35m[MSG][0m itr   421, best 5568.9321, time  610.2, minPhero 0.01(232), stagnancy 22.3%
[35m[MSG][0m itr   422, best 5568.9321, time  611.7, minPhero 0.01(232), stagnancy 22.7%
[35m[MSG][0m itr   423, best 5568.9321, time  613.2, minPhero 0.01(232), stagnancy 23.0%
[35m[MSG][0m itr   424, best 5568.9321, time  614.6, minPhero 0.01(232), stagnancy 23.3%
[35m[MSG][0m itr   425, best 5568.9321, time  616.1, minPhero 0.01(232), stagnancy 23.7%
[35m[MSG][0m itr   426, best 5568.9321, time  617.5, minPhero 0.01(232), stagnancy 24.0%
[35m[MSG][0m itr   427, best 5568.9321, time  618.9, minPhero 0.01(232), stagnancy 24.3%
[35m[MSG][0m itr   428, best 5568.9321, time  620.4, minPhero 0.01(232), stagnancy 24.7%
[35m[MSG][0m itr   429, best 5568.9321, time  621.9, minPhero 0.01(232), stagnancy 25.0%
[35m[MSG][0m itr   430, best 5568.9321, time  623.3, minPhero 0.01(232), stagnancy 25.3%
[35m[MSG][0m itr   431, best 5568.9321, time  624.7, minPhero 0.01(232), stagnancy 25.7%
[35m[MSG][0m itr   432, best 5568.9321, time  626.2, minPhero 0.01(232), stagnancy 26.0%
[35m[MSG][0m itr   433, best 5568.9321, time  627.6, minPhero 0.01(232), stagnancy 26.3%
[35m[MSG][0m itr   434, best 5568.9321, time  629.1, minPhero 0.01(232), stagnancy 26.7%
[35m[MSG][0m itr   435, best 5568.9321, time  630.5, minPhero 0.01(232), stagnancy 27.0%
[35m[MSG][0m itr   436, best 5568.9321, time  631.9, minPhero 0.01(232), stagnancy 27.3%
[35m[MSG][0m itr   437, best 5568.9321, time  633.3, minPhero 0.01(232), stagnancy 27.7%
[35m[MSG][0m itr   438, best 5568.9321, time  634.7, minPhero 0.01(232), stagnancy 28.0%
[35m[MSG][0m itr   439, best 5568.9321, time  636.2, minPhero 0.01(232), stagnancy 28.3%
[35m[MSG][0m itr   440, best 5568.9321, time  637.5, minPhero 0.01(232), stagnancy 28.7%
[35m[MSG][0m itr   441, best 5568.9321, time  638.9, minPhero 0.01(232), stagnancy 29.0%
[35m[MSG][0m itr   442, best 5568.9321, time  640.4, minPhero 0.01(232), stagnancy 29.3%
[35m[MSG][0m itr   443, best 5568.9321, time  641.8, minPhero 0.01(232), stagnancy 29.7%
[35m[MSG][0m itr   444, best 5568.9321, time  643.1, minPhero 0.01(232), stagnancy 30.0%
[35m[MSG][0m itr   445, best 5568.9321, time  644.5, minPhero 0.01(232), stagnancy 30.3%
[35m[MSG][0m itr   446, best 5568.9321, time  645.9, minPhero 0.01(232), stagnancy 30.7%
[35m[MSG][0m itr   447, best 5568.9321, time  647.3, minPhero 0.01(232), stagnancy 31.0%
[35m[MSG][0m itr   448, best 5568.9321, time  648.7, minPhero 0.01(232), stagnancy 31.3%
[35m[MSG][0m itr   449, best 5568.9321, time  650.1, minPhero 0.01(232), stagnancy 31.7%
[35m[MSG][0m itr   450, best 5568.9321, time  651.5, minPhero 0.01(232), stagnancy 32.0%
[35m[MSG][0m itr   451, best 5568.9321, time  652.8, minPhero 0.01(232), stagnancy 32.3%
[35m[MSG][0m itr   452, best 5568.9321, time  654.3, minPhero 0.01(232), stagnancy 32.7%
[35m[MSG][0m itr   453, best 5568.9321, time  655.7, minPhero 0.01(232), stagnancy 33.0%
[35m[MSG][0m itr   454, best 5568.9321, time  657.1, minPhero 0.01(232), stagnancy 33.3%
[35m[MSG][0m itr   455, best 5568.9321, time  658.6, minPhero 0.01(232), stagnancy 33.7%
[35m[MSG][0m itr   456, best 5568.9321, time  660.0, minPhero 0.01(232), stagnancy 34.0%
[35m[MSG][0m itr   457, best 5568.9321, time  661.5, minPhero 0.01(232), stagnancy 34.3%
[35m[MSG][0m itr   458, best 5568.9321, time  663.0, minPhero 0.01(232), stagnancy 34.7%
[35m[MSG][0m itr   459, best 5568.9321, time  664.4, minPhero 0.01(232), stagnancy 35.0%
[35m[MSG][0m itr   460, best 5568.9321, time  665.9, minPhero 0.01(232), stagnancy 35.3%
[35m[MSG][0m itr   461, best 5568.9321, time  667.3, minPhero 0.01(232), stagnancy 35.7%
[35m[MSG][0m itr   462, best 5568.9321, time  668.8, minPhero 0.01(232), stagnancy 36.0%
[35m[MSG][0m itr   463, best 5568.9321, time  670.3, minPhero 0.01(232), stagnancy 36.3%
[35m[MSG][0m itr   464, best 5568.9321, time  671.8, minPhero 0.01(232), stagnancy 36.7%
[35m[MSG][0m itr   465, best 5568.9321, time  673.2, minPhero 0.01(232), stagnancy 37.0%
[35m[MSG][0m itr   466, best 5568.9321, time  674.6, minPhero 0.01(232), stagnancy 37.3%
[35m[MSG][0m itr   467, best 5568.9321, time  676.0, minPhero 0.01(232), stagnancy 37.7%
[35m[MSG][0m itr   468, best 5568.9321, time  677.5, minPhero 0.01(232), stagnancy 38.0%
[35m[MSG][0m itr   469, best 5568.9321, time  678.9, minPhero 0.01(232), stagnancy 38.3%
[35m[MSG][0m itr   470, best 5568.9321, time  680.4, minPhero 0.01(232), stagnancy 38.7%
[35m[MSG][0m itr   471, best 5568.9321, time  681.8, minPhero 0.01(232), stagnancy 39.0%
[35m[MSG][0m itr   472, best 5568.9321, time  683.3, minPhero 0.01(232), stagnancy 39.3%
[35m[MSG][0m itr   473, best 5568.9321, time  684.7, minPhero 0.01(232), stagnancy 39.7%
[35m[MSG][0m itr   474, best 5568.9321, time  686.2, minPhero 0.01(232), stagnancy 40.0%
[35m[MSG][0m itr   475, best 5568.9321, time  687.6, minPhero 0.01(232), stagnancy 40.3%
[35m[MSG][0m itr   476, best 5568.9321, time  688.9, minPhero 0.01(232), stagnancy 40.7%
[35m[MSG][0m itr   477, best 5568.9321, time  690.4, minPhero 0.01(232), stagnancy 41.0%
[35m[MSG][0m itr   478, best 5568.9321, time  691.8, minPhero 0.01(232), stagnancy 41.3%
[35m[MSG][0m itr   479, best 5568.9321, time  693.3, minPhero 0.01(232), stagnancy 41.7%
[35m[MSG][0m itr   480, best 5568.9321, time  694.7, minPhero 0.01(232), stagnancy 42.0%
[35m[MSG][0m itr   481, best 5568.9321, time  696.1, minPhero 0.01(232), stagnancy 42.3%
[35m[MSG][0m itr   482, best 5568.9321, time  697.6, minPhero 0.01(232), stagnancy 42.7%
[35m[MSG][0m itr   483, best 5568.9321, time  699.0, minPhero 0.01(232), stagnancy 43.0%
[35m[MSG][0m itr   484, best 5568.9321, time  700.5, minPhero 0.01(232), stagnancy 43.3%
[35m[MSG][0m itr   485, best 5568.9321, time  702.0, minPhero 0.01(232), stagnancy 43.7%
[35m[MSG][0m itr   486, best 5568.9321, time  703.4, minPhero 0.01(232), stagnancy 44.0%
[35m[MSG][0m itr   487, best 5568.9321, time  704.8, minPhero 0.01(232), stagnancy 44.3%
[35m[MSG][0m itr   488, best 5568.9321, time  706.3, minPhero 0.01(232), stagnancy 44.7%
[35m[MSG][0m itr   489, best 5568.9321, time  707.8, minPhero 0.01(232), stagnancy 45.0%
[35m[MSG][0m itr   490, best 5568.9321, time  709.2, minPhero 0.01(232), stagnancy 45.3%
[35m[MSG][0m itr   491, best 5568.9321, time  710.7, minPhero 0.01(232), stagnancy 45.7%
[35m[MSG][0m itr   492, best 5568.9321, time  712.1, minPhero 0.01(232), stagnancy 46.0%
[35m[MSG][0m itr   493, best 5568.9321, time  713.6, minPhero 0.01(232), stagnancy 46.3%
[35m[MSG][0m itr   494, best 5568.9321, time  715.0, minPhero 0.01(232), stagnancy 46.7%
[35m[MSG][0m itr   495, best 5568.9321, time  716.5, minPhero 0.01(232), stagnancy 47.0%
[35m[MSG][0m itr   496, best 5568.9321, time  717.9, minPhero 0.01(232), stagnancy 47.3%
[35m[MSG][0m itr   497, best 5568.9321, time  719.4, minPhero 0.01(232), stagnancy 47.7%
[35m[MSG][0m itr   498, best 5568.9321, time  720.8, minPhero 0.01(232), stagnancy 48.0%
[35m[MSG][0m itr   499, best 5568.9321, time  722.3, minPhero 0.01(232), stagnancy 48.3%
[35m[MSG][0m itr   500, best 5568.9321, time  723.7, minPhero 0.01(232), stagnancy 48.7%
[35m[MSG][0m itr   501, best 5568.9321, time  725.1, minPhero 0.01(232), stagnancy 49.0%
[35m[MSG][0m itr   502, best 5568.9321, time  726.6, minPhero 0.01(232), stagnancy 49.3%
[35m[MSG][0m itr   503, best 5568.9321, time  728.0, minPhero 0.01(232), stagnancy 49.7%
[35m[MSG][0m itr   504, best 5568.9321, time  729.5, minPhero 0.01(232), stagnancy 50.0%
[35m[MSG][0m itr   505, best 5568.9321, time  730.9, minPhero 0.01(232), stagnancy 50.3%
[35m[MSG][0m itr   506, best 5568.9321, time  732.4, minPhero 0.01(232), stagnancy 50.7%
[35m[MSG][0m itr   507, best 5568.9321, time  733.8, minPhero 0.01(232), stagnancy 51.0%
[35m[MSG][0m itr   508, best 5568.9321, time  735.3, minPhero 0.01(232), stagnancy 51.3%
[35m[MSG][0m itr   509, best 5568.9321, time  736.7, minPhero 0.01(232), stagnancy 51.7%
[35m[MSG][0m itr   510, best 5568.9321, time  738.2, minPhero 0.01(232), stagnancy 52.0%
[35m[MSG][0m itr   511, best 5568.9321, time  739.6, minPhero 0.01(232), stagnancy 52.3%
[35m[MSG][0m itr   512, best 5568.9321, time  741.1, minPhero 0.01(232), stagnancy 52.7%
[35m[MSG][0m itr   513, best 5568.9321, time  742.5, minPhero 0.01(232), stagnancy 53.0%
[35m[MSG][0m itr   514, best 5568.9321, time  744.0, minPhero 0.01(232), stagnancy 53.3%
[35m[MSG][0m itr   515, best 5568.9321, time  745.4, minPhero 0.01(232), stagnancy 53.7%
[35m[MSG][0m itr   516, best 5568.9321, time  746.8, minPhero 0.01(232), stagnancy 54.0%
[35m[MSG][0m itr   517, best 5568.9321, time  748.3, minPhero 0.01(232), stagnancy 54.3%
[35m[MSG][0m itr   518, best 5568.9321, time  749.7, minPhero 0.01(232), stagnancy 54.7%
[35m[MSG][0m itr   519, best 5568.9321, time  751.2, minPhero 0.01(232), stagnancy 55.0%
[35m[MSG][0m itr   520, best 5568.9321, time  752.7, minPhero 0.01(232), stagnancy 55.3%
[35m[MSG][0m itr   521, best 5568.9321, time  754.2, minPhero 0.01(232), stagnancy 55.7%
[35m[MSG][0m itr   522, best 5568.9321, time  755.6, minPhero 0.01(232), stagnancy 56.0%
[35m[MSG][0m itr   523, best 5568.9321, time  757.1, minPhero 0.01(232), stagnancy 56.3%
[35m[MSG][0m itr   524, best 5568.9321, time  758.5, minPhero 0.01(232), stagnancy 56.7%
[35m[MSG][0m itr   525, best 5568.9321, time  759.9, minPhero 0.01(232), stagnancy 57.0%
[35m[MSG][0m itr   526, best 5568.9321, time  761.4, minPhero 0.01(232), stagnancy 57.3%
[35m[MSG][0m itr   527, best 5568.9321, time  762.8, minPhero 0.01(232), stagnancy 57.7%
[35m[MSG][0m itr   528, best 5568.9321, time  764.3, minPhero 0.01(232), stagnancy 58.0%
[35m[MSG][0m itr   529, best 5568.9321, time  765.7, minPhero 0.01(232), stagnancy 58.3%
[35m[MSG][0m itr   530, best 5568.9321, time  767.1, minPhero 0.01(232), stagnancy 58.7%
[35m[MSG][0m itr   531, best 5568.9321, time  768.6, minPhero 0.01(232), stagnancy 59.0%
[35m[MSG][0m itr   532, best 5568.9321, time  770.0, minPhero 0.01(232), stagnancy 59.3%
[35m[MSG][0m itr   533, best 5568.9321, time  771.3, minPhero 0.01(232), stagnancy 59.7%
[35m[MSG][0m itr   534, best 5568.9321, time  772.7, minPhero 0.01(232), stagnancy 60.0%
[35m[MSG][0m itr   535, best 5568.9321, time  774.2, minPhero 0.01(232), stagnancy 60.3%
[35m[MSG][0m itr   536, best 5568.9321, time  775.6, minPhero 0.01(232), stagnancy 60.7%
[35m[MSG][0m itr   537, best 5568.9321, time  777.1, minPhero 0.01(232), stagnancy 61.0%
[35m[MSG][0m itr   538, best 5568.9321, time  778.5, minPhero 0.01(232), stagnancy 61.3%
[35m[MSG][0m itr   539, best 5568.9321, time  779.9, minPhero 0.01(232), stagnancy 61.7%
[35m[MSG][0m itr   540, best 5568.9321, time  781.4, minPhero 0.01(232), stagnancy 62.0%
[35m[MSG][0m itr   541, best 5568.9321, time  782.9, minPhero 0.01(232), stagnancy 62.3%
[35m[MSG][0m itr   542, best 5568.9321, time  784.3, minPhero 0.01(232), stagnancy 62.7%
[35m[MSG][0m itr   543, best 5568.9321, time  785.7, minPhero 0.01(232), stagnancy 63.0%
[35m[MSG][0m itr   544, best 5568.9321, time  787.2, minPhero 0.01(232), stagnancy 63.3%
[35m[MSG][0m itr   545, best 5568.9321, time  788.6, minPhero 0.01(232), stagnancy 63.7%
[35m[MSG][0m itr   546, best 5568.9321, time  790.1, minPhero 0.01(232), stagnancy 64.0%
[35m[MSG][0m itr   547, best 5568.9321, time  791.5, minPhero 0.01(232), stagnancy 64.3%
[35m[MSG][0m itr   548, best 5568.9321, time  793.0, minPhero 0.01(232), stagnancy 64.7%
[35m[MSG][0m itr   549, best 5568.9321, time  794.4, minPhero 0.01(232), stagnancy 65.0%
[35m[MSG][0m itr   550, best 5568.9321, time  795.9, minPhero 0.01(232), stagnancy 65.3%
[35m[MSG][0m itr   551, best 5568.9321, time  797.4, minPhero 0.01(232), stagnancy 65.7%
[35m[MSG][0m itr   552, best 5568.9321, time  798.8, minPhero 0.01(232), stagnancy 66.0%
[35m[MSG][0m itr   553, best 5568.9321, time  800.3, minPhero 0.01(232), stagnancy 66.3%
[35m[MSG][0m itr   554, best 5568.9321, time  801.7, minPhero 0.01(232), stagnancy 66.7%
[35m[MSG][0m itr   555, best 5568.9321, time  803.1, minPhero 0.01(232), stagnancy 67.0%
[35m[MSG][0m itr   556, best 5568.9321, time  804.6, minPhero 0.01(232), stagnancy 67.3%
[35m[MSG][0m itr   557, best 5568.9321, time  806.0, minPhero 0.01(232), stagnancy 67.7%
[35m[MSG][0m itr   558, best 5568.9321, time  807.4, minPhero 0.01(232), stagnancy 68.0%
[35m[MSG][0m itr   559, best 5568.9321, time  808.9, minPhero 0.01(232), stagnancy 68.3%
[35m[MSG][0m itr   560, best 5568.9321, time  810.3, minPhero 0.01(232), stagnancy 68.7%
[35m[MSG][0m itr   561, best 5568.9321, time  811.7, minPhero 0.01(232), stagnancy 69.0%
[35m[MSG][0m itr   562, best 5568.9321, time  813.2, minPhero 0.01(232), stagnancy 69.3%
[35m[MSG][0m itr   563, best 5568.9321, time  814.6, minPhero 0.01(232), stagnancy 69.7%
[35m[MSG][0m itr   564, best 5568.9321, time  816.1, minPhero 0.01(232), stagnancy 70.0%
[35m[MSG][0m itr   565, best 5568.9321, time  817.5, minPhero 0.01(232), stagnancy 70.3%
[35m[MSG][0m itr   566, best 5568.9321, time  819.0, minPhero 0.01(232), stagnancy 70.7%
[35m[MSG][0m itr   567, best 5568.9321, time  820.5, minPhero 0.01(232), stagnancy 71.0%
[35m[MSG][0m itr   568, best 5568.9321, time  821.9, minPhero 0.01(232), stagnancy 71.3%
[35m[MSG][0m itr   569, best 5568.9321, time  823.4, minPhero 0.01(232), stagnancy 71.7%
[35m[MSG][0m itr   570, best 5568.9321, time  824.9, minPhero 0.01(232), stagnancy 72.0%
[35m[MSG][0m itr   571, best 5568.9321, time  826.3, minPhero 0.01(232), stagnancy 72.3%
[35m[MSG][0m itr   572, best 5568.9321, time  827.8, minPhero 0.01(232), stagnancy 72.7%
[35m[MSG][0m itr   573, best 5568.9321, time  829.2, minPhero 0.01(232), stagnancy 73.0%
[35m[MSG][0m itr   574, best 5568.9321, time  830.5, minPhero 0.01(232), stagnancy 73.3%
[35m[MSG][0m itr   575, best 5568.9321, time  831.9, minPhero 0.01(232), stagnancy 73.7%
[35m[MSG][0m itr   576, best 5568.9321, time  833.3, minPhero 0.01(232), stagnancy 74.0%
[35m[MSG][0m itr   577, best 5568.9321, time  834.8, minPhero 0.01(232), stagnancy 74.3%
[35m[MSG][0m itr   578, best 5568.9321, time  836.2, minPhero 0.01(232), stagnancy 74.7%
[35m[MSG][0m itr   579, best 5568.9321, time  837.7, minPhero 0.01(232), stagnancy 75.0%
[35m[MSG][0m itr   580, best 5568.9321, time  839.2, minPhero 0.01(232), stagnancy 75.3%
[35m[MSG][0m itr   581, best 5568.9321, time  840.6, minPhero 0.01(232), stagnancy 75.7%
[35m[MSG][0m itr   582, best 5568.9321, time  842.0, minPhero 0.01(232), stagnancy 76.0%
[35m[MSG][0m itr   583, best 5568.9321, time  843.3, minPhero 0.01(232), stagnancy 76.3%
[35m[MSG][0m itr   584, best 5568.9321, time  844.7, minPhero 0.01(232), stagnancy 76.7%
[35m[MSG][0m itr   585, best 5568.9321, time  846.1, minPhero 0.01(232), stagnancy 77.0%
[35m[MSG][0m itr   586, best 5568.9321, time  847.6, minPhero 0.01(232), stagnancy 77.3%
[35m[MSG][0m itr   587, best 5568.9321, time  849.0, minPhero 0.01(232), stagnancy 77.7%
[35m[MSG][0m itr   588, best 5568.9321, time  850.5, minPhero 0.01(232), stagnancy 78.0%
[35m[MSG][0m itr   589, best 5568.9321, time  851.9, minPhero 0.01(232), stagnancy 78.3%
[35m[MSG][0m itr   590, best 5568.9321, time  853.3, minPhero 0.01(232), stagnancy 78.7%
[35m[MSG][0m itr   591, best 5568.9321, time  854.8, minPhero 0.01(232), stagnancy 79.0%
[35m[MSG][0m itr   592, best 5568.9321, time  856.3, minPhero 0.01(232), stagnancy 79.3%
[35m[MSG][0m itr   593, best 5568.9321, time  857.7, minPhero 0.01(232), stagnancy 79.7%
[35m[MSG][0m itr   594, best 5568.9321, time  859.2, minPhero 0.01(232), stagnancy 80.0%
[35m[MSG][0m itr   595, best 5568.9321, time  860.5, minPhero 0.01(232), stagnancy 80.3%
[35m[MSG][0m itr   596, best 5568.9321, time  862.0, minPhero 0.01(232), stagnancy 80.7%
[35m[MSG][0m itr   597, best 5568.9321, time  863.4, minPhero 0.01(232), stagnancy 81.0%
[35m[MSG][0m itr   598, best 5568.9321, time  864.9, minPhero 0.01(232), stagnancy 81.3%
[35m[MSG][0m itr   599, best 5568.9321, time  866.3, minPhero 0.01(232), stagnancy 81.7%
[35m[MSG][0m itr   600, best 5568.9321, time  867.8, minPhero 0.01(232), stagnancy 82.0%
[35m[MSG][0m itr   601, best 5568.9321, time  869.2, minPhero 0.01(232), stagnancy 82.3%
[35m[MSG][0m itr   602, best 5568.9321, time  870.6, minPhero 0.01(232), stagnancy 82.7%
[35m[MSG][0m itr   603, best 5568.9321, time  872.1, minPhero 0.01(232), stagnancy 83.0%
[35m[MSG][0m itr   604, best 5568.9321, time  873.6, minPhero 0.01(232), stagnancy 83.3%
[35m[MSG][0m itr   605, best 5568.9321, time  875.0, minPhero 0.01(232), stagnancy 83.7%
[35m[MSG][0m itr   606, best 5568.9321, time  876.5, minPhero 0.01(232), stagnancy 84.0%
[35m[MSG][0m itr   607, best 5568.9321, time  877.9, minPhero 0.01(232), stagnancy 84.3%
[35m[MSG][0m itr   608, best 5568.9321, time  879.3, minPhero 0.01(232), stagnancy 84.7%
[35m[MSG][0m itr   609, best 5568.9321, time  880.8, minPhero 0.01(232), stagnancy 85.0%
[35m[MSG][0m itr   610, best 5568.9321, time  882.2, minPhero 0.01(232), stagnancy 85.3%
[35m[MSG][0m itr   611, best 5568.9321, time  883.7, minPhero 0.01(232), stagnancy 85.7%
[35m[MSG][0m itr   612, best 5568.9321, time  885.1, minPhero 0.01(232), stagnancy 86.0%
[35m[MSG][0m itr   613, best 5568.9321, time  886.5, minPhero 0.01(232), stagnancy 86.3%
[35m[MSG][0m itr   614, best 5568.9321, time  888.0, minPhero 0.01(232), stagnancy 86.7%
[35m[MSG][0m itr   615, best 5568.9321, time  889.5, minPhero 0.01(232), stagnancy 87.0%
[35m[MSG][0m itr   616, best 5568.9321, time  890.9, minPhero 0.01(232), stagnancy 87.3%
[35m[MSG][0m itr   617, best 5568.9321, time  892.4, minPhero 0.01(232), stagnancy 87.7%
[35m[MSG][0m itr   618, best 5568.9321, time  893.8, minPhero 0.01(232), stagnancy 88.0%
[35m[MSG][0m itr   619, best 5568.9321, time  895.3, minPhero 0.01(232), stagnancy 88.3%
[35m[MSG][0m itr   620, best 5568.9321, time  896.7, minPhero 0.01(232), stagnancy 88.7%
[35m[MSG][0m itr   621, best 5568.9321, time  898.2, minPhero 0.01(232), stagnancy 89.0%
[35m[MSG][0m itr   622, best 5568.9321, time  899.6, minPhero 0.01(232), stagnancy 89.3%
[35m[MSG][0m itr   623, best 5568.9321, time  901.1, minPhero 0.01(232), stagnancy 89.7%
[35m[MSG][0m itr   624, best 5568.9321, time  902.5, minPhero 0.01(232), stagnancy 90.0%
[35m[MSG][0m itr   625, best 5568.9321, time  904.0, minPhero 0.01(232), stagnancy 90.3%
[35m[MSG][0m itr   626, best 5568.9321, time  905.4, minPhero 0.01(232), stagnancy 90.7%
[35m[MSG][0m itr   627, best 5568.9321, time  906.8, minPhero 0.01(232), stagnancy 91.0%
[35m[MSG][0m itr   628, best 5568.9321, time  908.3, minPhero 0.01(232), stagnancy 91.3%
[35m[MSG][0m itr   629, best 5568.9321, time  909.7, minPhero 0.01(232), stagnancy 91.7%
[35m[MSG][0m itr   630, best 5568.9321, time  911.2, minPhero 0.01(232), stagnancy 92.0%
[35m[MSG][0m itr   631, best 5568.9321, time  912.7, minPhero 0.01(232), stagnancy 92.3%
[35m[MSG][0m itr   632, best 5568.9321, time  914.1, minPhero 0.01(232), stagnancy 92.7%
[35m[MSG][0m itr   633, best 5568.9321, time  915.6, minPhero 0.01(232), stagnancy 93.0%
[35m[MSG][0m itr   634, best 5568.9321, time  917.1, minPhero 0.01(232), stagnancy 93.3%
[35m[MSG][0m itr   635, best 5568.9321, time  918.5, minPhero 0.01(232), stagnancy 93.7%
[35m[MSG][0m itr   636, best 5568.9321, time  920.0, minPhero 0.01(232), stagnancy 94.0%
[35m[MSG][0m itr   637, best 5568.9321, time  921.4, minPhero 0.01(232), stagnancy 94.3%
[35m[MSG][0m itr   638, best 5568.9321, time  922.9, minPhero 0.01(232), stagnancy 94.7%
[35m[MSG][0m itr   639, best 5568.9321, time  924.3, minPhero 0.01(232), stagnancy 95.0%
[35m[MSG][0m itr   640, best 5568.9321, time  925.8, minPhero 0.01(232), stagnancy 95.3%
[35m[MSG][0m itr   641, best 5568.9321, time  927.2, minPhero 0.01(232), stagnancy 95.7%
[35m[MSG][0m itr   642, best 5568.9321, time  928.6, minPhero 0.01(232), stagnancy 96.0%
[35m[MSG][0m itr   643, best 5568.9321, time  930.0, minPhero 0.01(232), stagnancy 96.3%
[35m[MSG][0m itr   644, best 5568.9321, time  931.5, minPhero 0.01(232), stagnancy 96.7%
[35m[MSG][0m itr   645, best 5568.9321, time  932.9, minPhero 0.01(232), stagnancy 97.0%
[35m[MSG][0m itr   646, best 5568.9321, time  934.4, minPhero 0.01(232), stagnancy 97.3%
[35m[MSG][0m itr   647, best 5568.9321, time  935.8, minPhero 0.01(232), stagnancy 97.7%
[35m[MSG][0m itr   648, best 5568.9321, time  937.3, minPhero 0.01(232), stagnancy 98.0%
[35m[MSG][0m itr   649, best 5568.9321, time  938.7, minPhero 0.01(232), stagnancy 98.3%
[35m[MSG][0m itr   650, best 5568.9321, time  940.2, minPhero 0.01(232), stagnancy 98.7%
[35m[MSG][0m itr   651, best 5568.9321, time  941.7, minPhero 0.01(232), stagnancy 99.0%
[35m[MSG][0m itr   652, best 5568.9321, time  943.1, minPhero 0.01(232), stagnancy 99.3%
[35m[MSG][0m itr   653, best 5568.9321, time  944.6, minPhero 0.01(232), stagnancy 99.7%
[35m[MSG][0m itr   654, best 5568.9321, time  946.0, minPhero 0.01(232), stagnancy 100.0%
[35m[MSG][0m Solution converged. Reinitialising pheromones...
[35m[MSG][0m Time: 946.01 s
[35m[MSG][0m Best cost: 5568.93
