[35m[MSG][0m Log level set to LOG_DEBUG
[35m[MSG][0m Parsing input from file "res/fruitybun250_2016.vrp"
[35m[MSG][0m Number of nodes: 250
[35m[MSG][0m Running ACO search
[35m[MSG][0m ACO settings: 
 alpha:     8.000
 beta:      1.000
 pers:      0.850
 minPhero:  0.015
 nbhood:    10
 popSize:   512
 maxStag:   300
[35m[MSG][0m itr     1, best 5705.0933, time    1.4, minPhero 0.85(28922), stagnancy 0.0%
[35m[MSG][0m itr     2, best 5705.0933, time    2.8, minPhero 0.72(28922), stagnancy 0.3%
[35m[MSG][0m itr     3, best 5705.0933, time    4.3, minPhero 0.61(28922), stagnancy 0.7%
[35m[MSG][0m itr     4, best 5705.0933, time    5.7, minPhero 0.52(28922), stagnancy 1.0%
[35m[MSG][0m itr     5, best 5705.0933, time    7.2, minPhero 0.44(28922), stagnancy 1.3%
[35m[MSG][0m itr     6, best 5705.0933, time    8.6, minPhero 0.38(28922), stagnancy 1.7%
[35m[MSG][0m itr     7, best 5705.0933, time   10.1, minPhero 0.32(28922), stagnancy 2.0%
[35m[MSG][0m itr     8, best 5705.0933, time   11.5, minPhero 0.27(28922), stagnancy 2.3%
[35m[MSG][0m itr     9, best 5687.5112, time   13.0, minPhero 0.23(28922), stagnancy 0.0%
[35m[MSG][0m itr    10, best 5687.5112, time   14.5, minPhero 0.20(28922), stagnancy 0.3%
[35m[MSG][0m itr    11, best 5687.5112, time   16.0, minPhero 0.17(28922), stagnancy 0.7%
[35m[MSG][0m itr    12, best 5687.5112, time   17.4, minPhero 0.14(28922), stagnancy 1.0%
[35m[MSG][0m itr    13, best 5687.5112, time   18.9, minPhero 0.12(28922), stagnancy 1.3%
[35m[MSG][0m itr    14, best 5687.5112, time   20.4, minPhero 0.10(28922), stagnancy 1.7%
[35m[MSG][0m itr    15, best 5687.5112, time   21.9, minPhero 0.09(28922), stagnancy 2.0%
[35m[MSG][0m itr    16, best 5687.5112, time   23.3, minPhero 0.07(28922), stagnancy 2.3%
[35m[MSG][0m itr    17, best 5687.5112, time   24.8, minPhero 0.06(28922), stagnancy 2.7%
[35m[MSG][0m itr    18, best 5687.5112, time   26.3, minPhero 0.05(28922), stagnancy 3.0%
[35m[MSG][0m itr    19, best 5675.7544, time   27.8, minPhero 0.05(28922), stagnancy 0.0%
[35m[MSG][0m itr    20, best 5669.3252, time   29.2, minPhero 0.04(28922), stagnancy 0.0%
[35m[MSG][0m itr    21, best 5659.5562, time   30.7, minPhero 0.03(28922), stagnancy 0.0%
[35m[MSG][0m itr    22, best 5650.5308, time   32.2, minPhero 0.03(28922), stagnancy 0.0%
[35m[MSG][0m itr    23, best 5650.5308, time   33.6, minPhero 0.02(369), stagnancy 0.3%
[35m[MSG][0m itr    24, best 5650.5308, time   35.1, minPhero 0.02(369), stagnancy 0.7%
[35m[MSG][0m itr    25, best 5647.5566, time   36.5, minPhero 0.02(373), stagnancy 0.0%
[35m[MSG][0m itr    26, best 5646.5962, time   38.0, minPhero 0.01(383), stagnancy 0.0%
[35m[MSG][0m itr    27, best 5637.5469, time   39.5, minPhero 0.01(385), stagnancy 0.0%
[35m[MSG][0m itr    28, best 5637.5469, time   40.9, minPhero 0.01(385), stagnancy 0.3%
[35m[MSG][0m itr    29, best 5634.0679, time   42.4, minPhero 0.01(395), stagnancy 0.0%
[35m[MSG][0m itr    30, best 5625.6777, time   43.9, minPhero 0.01(398), stagnancy 0.0%
[35m[MSG][0m itr    31, best 5619.5337, time   45.3, minPhero 0.01(346), stagnancy 0.0%
[35m[MSG][0m itr    32, best 5619.1436, time   46.8, minPhero 0.01(337), stagnancy 0.0%
[35m[MSG][0m itr    33, best 5616.8252, time   48.3, minPhero 0.01(332), stagnancy 0.0%
[35m[MSG][0m itr    34, best 5615.3989, time   49.8, minPhero 0.01(318), stagnancy 0.0%
[35m[MSG][0m itr    35, best 5615.3989, time   51.2, minPhero 0.01(317), stagnancy 0.3%
[35m[MSG][0m itr    36, best 5611.2095, time   52.7, minPhero 0.01(314), stagnancy 0.0%
[35m[MSG][0m itr    37, best 5611.2095, time   54.1, minPhero 0.01(312), stagnancy 0.3%
[35m[MSG][0m itr    38, best 5611.2095, time   55.6, minPhero 0.01(309), stagnancy 0.7%
[35m[MSG][0m itr    39, best 5611.2095, time   56.9, minPhero 0.01(308), stagnancy 1.0%
[35m[MSG][0m itr    40, best 5610.8228, time   58.4, minPhero 0.01(304), stagnancy 0.0%
[35m[MSG][0m itr    41, best 5610.8228, time   59.7, minPhero 0.01(298), stagnancy 0.3%
[35m[MSG][0m itr    42, best 5606.7573, time   61.2, minPhero 0.01(295), stagnancy 0.0%
[35m[MSG][0m itr    43, best 5606.6074, time   62.6, minPhero 0.01(296), stagnancy 0.0%
[35m[MSG][0m itr    44, best 5606.6074, time   64.1, minPhero 0.01(291), stagnancy 0.3%
[35m[MSG][0m itr    45, best 5605.9839, time   65.6, minPhero 0.01(290), stagnancy 0.0%
[35m[MSG][0m itr    46, best 5605.9839, time   67.0, minPhero 0.01(288), stagnancy 0.3%
[35m[MSG][0m itr    47, best 5604.9136, time   68.5, minPhero 0.01(288), stagnancy 0.0%
[35m[MSG][0m itr    48, best 5603.8511, time   69.9, minPhero 0.01(288), stagnancy 0.0%
[35m[MSG][0m itr    49, best 5603.8511, time   71.4, minPhero 0.01(284), stagnancy 0.3%
[35m[MSG][0m itr    50, best 5603.8511, time   72.8, minPhero 0.01(283), stagnancy 0.7%
[35m[MSG][0m itr    51, best 5598.3027, time   74.3, minPhero 0.01(289), stagnancy 0.0%
[35m[MSG][0m itr    52, best 5598.3027, time   75.7, minPhero 0.01(285), stagnancy 0.3%
[35m[MSG][0m itr    53, best 5598.3027, time   77.2, minPhero 0.01(282), stagnancy 0.7%
[35m[MSG][0m itr    54, best 5598.3027, time   78.7, minPhero 0.01(275), stagnancy 1.0%
[35m[MSG][0m itr    55, best 5596.7393, time   80.1, minPhero 0.01(279), stagnancy 0.0%
[35m[MSG][0m itr    56, best 5596.7393, time   81.6, minPhero 0.01(277), stagnancy 0.3%
[35m[MSG][0m itr    57, best 5596.7393, time   83.1, minPhero 0.01(275), stagnancy 0.7%
[35m[MSG][0m itr    58, best 5594.6943, time   84.5, minPhero 0.01(273), stagnancy 0.0%
[35m[MSG][0m itr    59, best 5593.4814, time   85.9, minPhero 0.01(270), stagnancy 0.0%
[35m[MSG][0m itr    60, best 5593.4814, time   87.4, minPhero 0.01(268), stagnancy 0.3%
[35m[MSG][0m itr    61, best 5593.4814, time   88.9, minPhero 0.01(268), stagnancy 0.7%
[35m[MSG][0m itr    62, best 5593.4814, time   90.3, minPhero 0.01(262), stagnancy 1.0%
[35m[MSG][0m itr    63, best 5593.4814, time   91.8, minPhero 0.01(261), stagnancy 1.3%
[35m[MSG][0m itr    64, best 5591.7051, time   93.2, minPhero 0.01(268), stagnancy 0.0%
[35m[MSG][0m itr    65, best 5591.7051, time   94.7, minPhero 0.01(265), stagnancy 0.3%
[35m[MSG][0m itr    66, best 5591.7051, time   96.2, minPhero 0.01(265), stagnancy 0.7%
[35m[MSG][0m itr    67, best 5591.7051, time   97.6, minPhero 0.01(263), stagnancy 1.0%
[35m[MSG][0m itr    68, best 5591.7051, time   99.1, minPhero 0.01(262), stagnancy 1.3%
[35m[MSG][0m itr    69, best 5591.7051, time  100.5, minPhero 0.01(261), stagnancy 1.7%
[35m[MSG][0m itr    70, best 5591.7051, time  102.0, minPhero 0.01(257), stagnancy 2.0%
[35m[MSG][0m itr    71, best 5591.1147, time  103.5, minPhero 0.01(267), stagnancy 0.0%
[35m[MSG][0m itr    72, best 5590.3965, time  104.9, minPhero 0.01(270), stagnancy 0.0%
[35m[MSG][0m itr    73, best 5589.7466, time  106.4, minPhero 0.01(264), stagnancy 0.0%
[35m[MSG][0m itr    74, best 5588.9429, time  107.8, minPhero 0.01(260), stagnancy 0.0%
[35m[MSG][0m itr    75, best 5588.9429, time  109.3, minPhero 0.01(260), stagnancy 0.3%
[35m[MSG][0m itr    76, best 5588.9429, time  110.7, minPhero 0.01(259), stagnancy 0.7%
[35m[MSG][0m itr    77, best 5588.9429, time  112.2, minPhero 0.01(257), stagnancy 1.0%
[35m[MSG][0m itr    78, best 5588.9424, time  113.6, minPhero 0.01(257), stagnancy 0.0%
[35m[MSG][0m itr    79, best 5586.3052, time  115.1, minPhero 0.01(262), stagnancy 0.0%
[35m[MSG][0m itr    80, best 5585.8838, time  116.5, minPhero 0.01(262), stagnancy 0.0%
[35m[MSG][0m itr    81, best 5585.8838, time  118.0, minPhero 0.01(262), stagnancy 0.3%
[35m[MSG][0m itr    82, best 5584.6802, time  119.5, minPhero 0.01(262), stagnancy 0.0%
[35m[MSG][0m itr    83, best 5584.6797, time  120.8, minPhero 0.01(259), stagnancy 0.0%
[35m[MSG][0m itr    84, best 5584.6797, time  122.1, minPhero 0.01(252), stagnancy 0.3%
[35m[MSG][0m itr    85, best 5583.8179, time  123.5, minPhero 0.01(257), stagnancy 0.0%
[35m[MSG][0m itr    86, best 5583.8174, time  124.9, minPhero 0.01(250), stagnancy 0.0%
[35m[MSG][0m itr    87, best 5583.8174, time  126.3, minPhero 0.01(250), stagnancy 0.3%
[35m[MSG][0m itr    88, best 5583.8169, time  127.8, minPhero 0.01(250), stagnancy 0.0%
[35m[MSG][0m itr    89, best 5582.8608, time  129.3, minPhero 0.01(256), stagnancy 0.0%
[35m[MSG][0m itr    90, best 5582.8608, time  130.7, minPhero 0.01(256), stagnancy 0.3%
[35m[MSG][0m itr    91, best 5582.8608, time  132.2, minPhero 0.01(256), stagnancy 0.7%
[35m[MSG][0m itr    92, best 5582.8071, time  133.7, minPhero 0.01(257), stagnancy 0.0%
[35m[MSG][0m itr    93, best 5582.8066, time  135.1, minPhero 0.01(255), stagnancy 0.0%
[35m[MSG][0m itr    94, best 5582.8066, time  136.6, minPhero 0.01(255), stagnancy 0.3%
[35m[MSG][0m itr    95, best 5582.8066, time  138.1, minPhero 0.01(255), stagnancy 0.7%
[35m[MSG][0m itr    96, best 5582.2979, time  139.5, minPhero 0.01(257), stagnancy 0.0%
[35m[MSG][0m itr    97, best 5582.2979, time  141.0, minPhero 0.01(256), stagnancy 0.3%
[35m[MSG][0m itr    98, best 5582.2979, time  142.5, minPhero 0.01(256), stagnancy 0.7%
[35m[MSG][0m itr    99, best 5582.2979, time  144.0, minPhero 0.01(256), stagnancy 1.0%
[35m[MSG][0m itr   100, best 5582.2979, time  145.4, minPhero 0.01(256), stagnancy 1.3%
[35m[MSG][0m itr   101, best 5582.0532, time  146.9, minPhero 0.01(254), stagnancy 0.0%
[35m[MSG][0m itr   102, best 5581.3892, time  148.3, minPhero 0.01(258), stagnancy 0.0%
[35m[MSG][0m itr   103, best 5581.3892, time  149.8, minPhero 0.01(258), stagnancy 0.3%
[35m[MSG][0m itr   104, best 5581.3892, time  151.2, minPhero 0.01(253), stagnancy 0.7%
[35m[MSG][0m itr   105, best 5581.3892, time  152.7, minPhero 0.01(253), stagnancy 1.0%
[35m[MSG][0m itr   106, best 5581.3892, time  154.2, minPhero 0.01(253), stagnancy 1.3%
[35m[MSG][0m itr   107, best 5581.3892, time  155.7, minPhero 0.01(248), stagnancy 1.7%
[35m[MSG][0m itr   108, best 5581.3892, time  157.1, minPhero 0.01(246), stagnancy 2.0%
[35m[MSG][0m itr   109, best 5581.3892, time  158.6, minPhero 0.01(246), stagnancy 2.3%
[35m[MSG][0m itr   110, best 5581.3892, time  160.1, minPhero 0.01(246), stagnancy 2.7%
[35m[MSG][0m itr   111, best 5580.4058, time  161.6, minPhero 0.01(247), stagnancy 0.0%
[35m[MSG][0m itr   112, best 5580.4058, time  163.0, minPhero 0.01(247), stagnancy 0.3%
[35m[MSG][0m itr   113, best 5580.4058, time  164.5, minPhero 0.01(247), stagnancy 0.7%
[35m[MSG][0m itr   114, best 5579.6558, time  165.9, minPhero 0.01(250), stagnancy 0.0%
[35m[MSG][0m itr   115, best 5579.6558, time  167.4, minPhero 0.01(250), stagnancy 0.3%
[35m[MSG][0m itr   116, best 5579.0562, time  168.9, minPhero 0.01(251), stagnancy 0.0%
[35m[MSG][0m itr   117, best 5579.0562, time  170.4, minPhero 0.01(250), stagnancy 0.3%
[35m[MSG][0m itr   118, best 5579.0562, time  171.8, minPhero 0.01(250), stagnancy 0.7%
[35m[MSG][0m itr   119, best 5579.0562, time  173.3, minPhero 0.01(250), stagnancy 1.0%
[35m[MSG][0m itr   120, best 5579.0557, time  174.7, minPhero 0.01(250), stagnancy 0.0%
[35m[MSG][0m itr   121, best 5579.0557, time  176.2, minPhero 0.01(248), stagnancy 0.3%
[35m[MSG][0m itr   122, best 5579.0557, time  177.6, minPhero 0.01(247), stagnancy 0.7%
[35m[MSG][0m itr   123, best 5579.0557, time  179.1, minPhero 0.01(242), stagnancy 1.0%
[35m[MSG][0m itr   124, best 5579.0557, time  180.6, minPhero 0.01(239), stagnancy 1.3%
[35m[MSG][0m itr   125, best 5579.0557, time  182.0, minPhero 0.01(239), stagnancy 1.7%
[35m[MSG][0m itr   126, best 5579.0557, time  183.5, minPhero 0.01(239), stagnancy 2.0%
[35m[MSG][0m itr   127, best 5579.0557, time  184.9, minPhero 0.01(239), stagnancy 2.3%
[35m[MSG][0m itr   128, best 5579.0557, time  186.3, minPhero 0.01(239), stagnancy 2.7%
[35m[MSG][0m itr   129, best 5579.0557, time  187.8, minPhero 0.01(239), stagnancy 3.0%
[35m[MSG][0m itr   130, best 5579.0557, time  189.2, minPhero 0.01(238), stagnancy 3.3%
[35m[MSG][0m itr   131, best 5579.0557, time  190.7, minPhero 0.01(238), stagnancy 3.7%
[35m[MSG][0m itr   132, best 5579.0557, time  192.0, minPhero 0.01(238), stagnancy 4.0%
[35m[MSG][0m itr   133, best 5579.0557, time  193.5, minPhero 0.01(236), stagnancy 4.3%
[35m[MSG][0m itr   134, best 5579.0557, time  194.9, minPhero 0.01(236), stagnancy 4.7%
[35m[MSG][0m itr   135, best 5579.0557, time  196.4, minPhero 0.01(235), stagnancy 5.0%
[35m[MSG][0m itr   136, best 5579.0557, time  197.8, minPhero 0.01(234), stagnancy 5.3%
[35m[MSG][0m itr   137, best 5579.0557, time  199.3, minPhero 0.01(234), stagnancy 5.7%
[35m[MSG][0m itr   138, best 5579.0557, time  200.7, minPhero 0.01(232), stagnancy 6.0%
[35m[MSG][0m itr   139, best 5579.0557, time  202.1, minPhero 0.01(232), stagnancy 6.3%
[35m[MSG][0m itr   140, best 5579.0557, time  203.6, minPhero 0.01(232), stagnancy 6.7%
[35m[MSG][0m itr   141, best 5579.0557, time  205.0, minPhero 0.01(232), stagnancy 7.0%
[35m[MSG][0m itr   142, best 5579.0557, time  206.4, minPhero 0.01(232), stagnancy 7.3%
[35m[MSG][0m itr   143, best 5579.0557, time  207.9, minPhero 0.01(232), stagnancy 7.7%
[35m[MSG][0m itr   144, best 5579.0557, time  209.4, minPhero 0.01(232), stagnancy 8.0%
[35m[MSG][0m itr   145, best 5579.0557, time  210.8, minPhero 0.01(232), stagnancy 8.3%
[35m[MSG][0m itr   146, best 5579.0557, time  212.3, minPhero 0.01(232), stagnancy 8.7%
[35m[MSG][0m itr   147, best 5579.0557, time  213.8, minPhero 0.01(232), stagnancy 9.0%
[35m[MSG][0m itr   148, best 5579.0557, time  215.3, minPhero 0.01(232), stagnancy 9.3%
[35m[MSG][0m itr   149, best 5577.9058, time  216.6, minPhero 0.01(245), stagnancy 0.0%
[35m[MSG][0m itr   150, best 5577.9058, time  218.0, minPhero 0.01(245), stagnancy 0.3%
[35m[MSG][0m itr   151, best 5577.6113, time  219.4, minPhero 0.01(245), stagnancy 0.0%
[35m[MSG][0m itr   152, best 5577.6113, time  220.9, minPhero 0.01(245), stagnancy 0.3%
[35m[MSG][0m itr   153, best 5572.0337, time  222.3, minPhero 0.01(249), stagnancy 0.0%
[35m[MSG][0m itr   154, best 5572.0337, time  223.8, minPhero 0.01(249), stagnancy 0.3%
[35m[MSG][0m itr   155, best 5572.0337, time  225.3, minPhero 0.01(249), stagnancy 0.7%
[35m[MSG][0m itr   156, best 5571.6279, time  226.7, minPhero 0.01(249), stagnancy 0.0%
[35m[MSG][0m itr   157, best 5570.9951, time  228.2, minPhero 0.01(250), stagnancy 0.0%
[35m[MSG][0m itr   158, best 5570.9951, time  229.7, minPhero 0.01(250), stagnancy 0.3%
[35m[MSG][0m itr   159, best 5570.8838, time  231.2, minPhero 0.01(250), stagnancy 0.0%
[35m[MSG][0m itr   160, best 5570.8838, time  232.6, minPhero 0.01(250), stagnancy 0.3%
[35m[MSG][0m itr   161, best 5570.5918, time  234.1, minPhero 0.01(252), stagnancy 0.0%
[35m[MSG][0m itr   162, best 5570.5918, time  235.5, minPhero 0.01(252), stagnancy 0.3%
[35m[MSG][0m itr   163, best 5570.5918, time  237.0, minPhero 0.01(252), stagnancy 0.7%
[35m[MSG][0m itr   164, best 5570.5918, time  238.5, minPhero 0.01(252), stagnancy 1.0%
[35m[MSG][0m itr   165, best 5570.5918, time  240.0, minPhero 0.01(252), stagnancy 1.3%
[35m[MSG][0m itr   166, best 5570.5918, time  241.3, minPhero 0.01(252), stagnancy 1.7%
[35m[MSG][0m itr   167, best 5570.4268, time  242.7, minPhero 0.01(259), stagnancy 0.0%
[35m[MSG][0m itr   168, best 5570.4268, time  244.1, minPhero 0.01(259), stagnancy 0.3%
[35m[MSG][0m itr   169, best 5570.4268, time  245.6, minPhero 0.01(259), stagnancy 0.7%
[35m[MSG][0m itr   170, best 5570.1348, time  247.0, minPhero 0.01(259), stagnancy 0.0%
[35m[MSG][0m itr   171, best 5570.1348, time  248.5, minPhero 0.01(248), stagnancy 0.3%
[35m[MSG][0m itr   172, best 5569.6787, time  250.0, minPhero 0.01(249), stagnancy 0.0%
[35m[MSG][0m itr   173, best 5569.6787, time  251.5, minPhero 0.01(249), stagnancy 0.3%
[35m[MSG][0m itr   174, best 5569.6787, time  252.9, minPhero 0.01(248), stagnancy 0.7%
[35m[MSG][0m itr   175, best 5569.6782, time  254.4, minPhero 0.01(247), stagnancy 0.0%
[35m[MSG][0m itr   176, best 5569.6782, time  255.8, minPhero 0.01(247), stagnancy 0.3%
[35m[MSG][0m itr   177, best 5569.6782, time  257.3, minPhero 0.01(245), stagnancy 0.7%
[35m[MSG][0m itr   178, best 5569.6782, time  258.7, minPhero 0.01(245), stagnancy 1.0%
[35m[MSG][0m itr   179, best 5569.6782, time  260.0, minPhero 0.01(244), stagnancy 1.3%
[35m[MSG][0m itr   180, best 5569.6782, time  261.5, minPhero 0.01(244), stagnancy 1.7%
[35m[MSG][0m itr   181, best 5569.6782, time  263.0, minPhero 0.01(244), stagnancy 2.0%
[35m[MSG][0m itr   182, best 5569.6782, time  264.4, minPhero 0.01(244), stagnancy 2.3%
[35m[MSG][0m itr   183, best 5569.6782, time  265.9, minPhero 0.01(244), stagnancy 2.7%
[35m[MSG][0m itr   184, best 5569.6782, time  267.4, minPhero 0.01(244), stagnancy 3.0%
[35m[MSG][0m itr   185, best 5569.6782, time  268.8, minPhero 0.01(244), stagnancy 3.3%
[35m[MSG][0m itr   186, best 5569.6782, time  270.3, minPhero 0.01(244), stagnancy 3.7%
[35m[MSG][0m itr   187, best 5569.6782, time  271.8, minPhero 0.01(244), stagnancy 4.0%
[35m[MSG][0m itr   188, best 5569.6782, time  273.2, minPhero 0.01(244), stagnancy 4.3%
[35m[MSG][0m itr   189, best 5569.6782, time  274.7, minPhero 0.01(235), stagnancy 4.7%
[35m[MSG][0m itr   190, best 5569.6782, time  276.1, minPhero 0.01(235), stagnancy 5.0%
[35m[MSG][0m itr   191, best 5569.6782, time  277.6, minPhero 0.01(232), stagnancy 5.3%
[35m[MSG][0m itr   192, best 5569.6782, time  279.0, minPhero 0.01(232), stagnancy 5.7%
[35m[MSG][0m itr   193, best 5569.6782, time  280.5, minPhero 0.01(232), stagnancy 6.0%
[35m[MSG][0m itr   194, best 5569.6782, time  282.0, minPhero 0.01(232), stagnancy 6.3%
[35m[MSG][0m itr   195, best 5568.9678, time  283.4, minPhero 0.01(246), stagnancy 0.0%
[35m[MSG][0m itr   196, best 5568.9678, time  284.9, minPhero 0.01(246), stagnancy 0.3%
[35m[MSG][0m itr   197, best 5568.5845, time  286.4, minPhero 0.01(246), stagnancy 0.0%
[35m[MSG][0m itr   198, best 5568.5845, time  287.8, minPhero 0.01(246), stagnancy 0.3%
[35m[MSG][0m itr   199, best 5568.5845, time  289.3, minPhero 0.01(246), stagnancy 0.7%
[35m[MSG][0m itr   200, best 5568.5845, time  290.7, minPhero 0.01(246), stagnancy 1.0%
[35m[MSG][0m itr   201, best 5568.3579, time  292.2, minPhero 0.01(248), stagnancy 0.0%
[35m[MSG][0m itr   202, best 5566.9312, time  293.7, minPhero 0.01(248), stagnancy 0.0%
[35m[MSG][0m itr   203, best 5566.9312, time  295.1, minPhero 0.01(248), stagnancy 0.3%
[35m[MSG][0m itr   204, best 5566.9312, time  296.6, minPhero 0.01(248), stagnancy 0.7%
[35m[MSG][0m itr   205, best 5566.9312, time  298.1, minPhero 0.01(248), stagnancy 1.0%
[35m[MSG][0m itr   206, best 5566.9312, time  299.6, minPhero 0.01(248), stagnancy 1.3%
[35m[MSG][0m itr   207, best 5566.9307, time  301.0, minPhero 0.01(248), stagnancy 0.0%
[35m[MSG][0m itr   208, best 5566.9307, time  302.5, minPhero 0.01(248), stagnancy 0.3%
[35m[MSG][0m itr   209, best 5566.9307, time  304.0, minPhero 0.01(248), stagnancy 0.7%
[35m[MSG][0m itr   210, best 5566.9307, time  305.4, minPhero 0.01(248), stagnancy 1.0%
[35m[MSG][0m itr   211, best 5566.9307, time  306.9, minPhero 0.01(248), stagnancy 1.3%
[35m[MSG][0m itr   212, best 5566.9307, time  308.4, minPhero 0.01(247), stagnancy 1.7%
[35m[MSG][0m itr   213, best 5566.9307, time  309.9, minPhero 0.01(246), stagnancy 2.0%
[35m[MSG][0m itr   214, best 5566.9307, time  311.3, minPhero 0.01(246), stagnancy 2.3%
[35m[MSG][0m itr   215, best 5566.1230, time  312.8, minPhero 0.01(259), stagnancy 0.0%
[35m[MSG][0m itr   216, best 5564.7666, time  314.3, minPhero 0.01(259), stagnancy 0.0%
[35m[MSG][0m itr   217, best 5564.7666, time  315.8, minPhero 0.01(249), stagnancy 0.3%
[35m[MSG][0m itr   218, best 5564.7666, time  317.2, minPhero 0.01(249), stagnancy 0.7%
[35m[MSG][0m itr   219, best 5564.7666, time  318.7, minPhero 0.01(249), stagnancy 1.0%
[35m[MSG][0m itr   220, best 5564.7666, time  320.2, minPhero 0.01(246), stagnancy 1.3%
[35m[MSG][0m itr   221, best 5564.7666, time  321.7, minPhero 0.01(246), stagnancy 1.7%
[35m[MSG][0m itr   222, best 5564.7666, time  323.1, minPhero 0.01(246), stagnancy 2.0%
[35m[MSG][0m itr   223, best 5564.7666, time  324.5, minPhero 0.01(245), stagnancy 2.3%
[35m[MSG][0m itr   224, best 5564.7666, time  325.9, minPhero 0.01(245), stagnancy 2.7%
[35m[MSG][0m itr   225, best 5564.7666, time  327.4, minPhero 0.01(245), stagnancy 3.0%
[35m[MSG][0m itr   226, best 5564.7666, time  328.7, minPhero 0.01(245), stagnancy 3.3%
[35m[MSG][0m itr   227, best 5564.7666, time  330.1, minPhero 0.01(242), stagnancy 3.7%
[35m[MSG][0m itr   228, best 5564.7666, time  331.6, minPhero 0.01(242), stagnancy 4.0%
[35m[MSG][0m itr   229, best 5564.7666, time  333.0, minPhero 0.01(242), stagnancy 4.3%
[35m[MSG][0m itr   230, best 5564.7666, time  334.5, minPhero 0.01(242), stagnancy 4.7%
[35m[MSG][0m itr   231, best 5564.7666, time  335.9, minPhero 0.01(242), stagnancy 5.0%
[35m[MSG][0m itr   232, best 5564.7666, time  337.4, minPhero 0.01(242), stagnancy 5.3%
[35m[MSG][0m itr   233, best 5564.7666, time  338.9, minPhero 0.01(242), stagnancy 5.7%
[35m[MSG][0m itr   234, best 5564.7666, time  340.4, minPhero 0.01(242), stagnancy 6.0%
[35m[MSG][0m itr   235, best 5564.7666, time  341.8, minPhero 0.01(242), stagnancy 6.3%
[35m[MSG][0m itr   236, best 5564.7666, time  343.3, minPhero 0.01(242), stagnancy 6.7%
[35m[MSG][0m itr   237, best 5564.7666, time  344.7, minPhero 0.01(232), stagnancy 7.0%
[35m[MSG][0m itr   238, best 5564.7666, time  346.1, minPhero 0.01(232), stagnancy 7.3%
[35m[MSG][0m itr   239, best 5564.7666, time  347.6, minPhero 0.01(232), stagnancy 7.7%
[35m[MSG][0m itr   240, best 5564.7666, time  349.1, minPhero 0.01(232), stagnancy 8.0%
[35m[MSG][0m itr   241, best 5564.7666, time  350.4, minPhero 0.01(232), stagnancy 8.3%
[35m[MSG][0m itr   242, best 5564.7666, time  351.9, minPhero 0.01(232), stagnancy 8.7%
[35m[MSG][0m itr   243, best 5564.7666, time  353.4, minPhero 0.01(232), stagnancy 9.0%
[35m[MSG][0m itr   244, best 5564.7666, time  354.8, minPhero 0.01(232), stagnancy 9.3%
[35m[MSG][0m itr   245, best 5564.7666, time  356.3, minPhero 0.01(232), stagnancy 9.7%
[35m[MSG][0m itr   246, best 5564.7666, time  357.8, minPhero 0.01(232), stagnancy 10.0%
[35m[MSG][0m itr   247, best 5564.7666, time  359.2, minPhero 0.01(232), stagnancy 10.3%
[35m[MSG][0m itr   248, best 5564.7666, time  360.7, minPhero 0.01(232), stagnancy 10.7%
[35m[MSG][0m itr   249, best 5564.7666, time  362.1, minPhero 0.01(232), stagnancy 11.0%
[35m[MSG][0m itr   250, best 5564.7666, time  363.6, minPhero 0.01(232), stagnancy 11.3%
[35m[MSG][0m itr   251, best 5564.7666, time  365.1, minPhero 0.01(232), stagnancy 11.7%
[35m[MSG][0m itr   252, best 5564.7666, time  366.6, minPhero 0.01(232), stagnancy 12.0%
[35m[MSG][0m itr   253, best 5564.7666, time  368.0, minPhero 0.01(232), stagnancy 12.3%
[35m[MSG][0m itr   254, best 5564.7666, time  369.5, minPhero 0.01(232), stagnancy 12.7%
[35m[MSG][0m itr   255, best 5564.7666, time  371.0, minPhero 0.01(232), stagnancy 13.0%
[35m[MSG][0m itr   256, best 5564.7666, time  372.4, minPhero 0.01(232), stagnancy 13.3%
[35m[MSG][0m itr   257, best 5564.7666, time  373.9, minPhero 0.01(232), stagnancy 13.7%
[35m[MSG][0m itr   258, best 5564.7666, time  375.4, minPhero 0.01(232), stagnancy 14.0%
[35m[MSG][0m itr   259, best 5564.7666, time  376.8, minPhero 0.01(232), stagnancy 14.3%
[35m[MSG][0m itr   260, best 5564.7666, time  378.3, minPhero 0.01(232), stagnancy 14.7%
[35m[MSG][0m itr   261, best 5564.7666, time  379.8, minPhero 0.01(232), stagnancy 15.0%
[35m[MSG][0m itr   262, best 5564.7666, time  381.2, minPhero 0.01(232), stagnancy 15.3%
[35m[MSG][0m itr   263, best 5564.7666, time  382.7, minPhero 0.01(232), stagnancy 15.7%
[35m[MSG][0m itr   264, best 5564.7666, time  384.2, minPhero 0.01(232), stagnancy 16.0%
[35m[MSG][0m itr   265, best 5564.7666, time  385.7, minPhero 0.01(232), stagnancy 16.3%
[35m[MSG][0m itr   266, best 5564.7666, time  387.1, minPhero 0.01(232), stagnancy 16.7%
[35m[MSG][0m itr   267, best 5564.7666, time  388.6, minPhero 0.01(232), stagnancy 17.0%
[35m[MSG][0m itr   268, best 5564.7661, time  390.1, minPhero 0.01(232), stagnancy 0.0%
[35m[MSG][0m itr   269, best 5564.7661, time  391.5, minPhero 0.01(232), stagnancy 0.3%
[35m[MSG][0m itr   270, best 5564.7661, time  393.0, minPhero 0.01(232), stagnancy 0.7%
[35m[MSG][0m itr   271, best 5564.7661, time  394.5, minPhero 0.01(232), stagnancy 1.0%
[35m[MSG][0m itr   272, best 5564.7661, time  395.9, minPhero 0.01(232), stagnancy 1.3%
[35m[MSG][0m itr   273, best 5564.7661, time  397.4, minPhero 0.01(232), stagnancy 1.7%
[35m[MSG][0m itr   274, best 5564.7661, time  398.9, minPhero 0.01(232), stagnancy 2.0%
[35m[MSG][0m itr   275, best 5564.7661, time  400.3, minPhero 0.01(232), stagnancy 2.3%
[35m[MSG][0m itr   276, best 5564.7661, time  401.8, minPhero 0.01(232), stagnancy 2.7%
[35m[MSG][0m itr   277, best 5564.7661, time  403.2, minPhero 0.01(232), stagnancy 3.0%
[35m[MSG][0m itr   278, best 5564.7661, time  404.7, minPhero 0.01(232), stagnancy 3.3%
[35m[MSG][0m itr   279, best 5564.7661, time  406.1, minPhero 0.01(232), stagnancy 3.7%
[35m[MSG][0m itr   280, best 5564.7661, time  407.6, minPhero 0.01(232), stagnancy 4.0%
[35m[MSG][0m itr   281, best 5564.7661, time  409.0, minPhero 0.01(232), stagnancy 4.3%
[35m[MSG][0m itr   282, best 5564.7661, time  410.5, minPhero 0.01(232), stagnancy 4.7%
[35m[MSG][0m itr   283, best 5564.7661, time  412.0, minPhero 0.01(232), stagnancy 5.0%
[35m[MSG][0m itr   284, best 5564.7661, time  413.4, minPhero 0.01(232), stagnancy 5.3%
[35m[MSG][0m itr   285, best 5564.7661, time  414.9, minPhero 0.01(232), stagnancy 5.7%
[35m[MSG][0m itr   286, best 5564.7661, time  416.3, minPhero 0.01(232), stagnancy 6.0%
[35m[MSG][0m itr   287, best 5564.7661, time  417.8, minPhero 0.01(232), stagnancy 6.3%
[35m[MSG][0m itr   288, best 5564.7661, time  419.3, minPhero 0.01(232), stagnancy 6.7%
[35m[MSG][0m itr   289, best 5564.7661, time  420.7, minPhero 0.01(232), stagnancy 7.0%
[35m[MSG][0m itr   290, best 5564.7661, time  422.2, minPhero 0.01(232), stagnancy 7.3%
[35m[MSG][0m itr   291, best 5564.7661, time  423.6, minPhero 0.01(232), stagnancy 7.7%
[35m[MSG][0m itr   292, best 5564.7661, time  425.1, minPhero 0.01(232), stagnancy 8.0%
[35m[MSG][0m itr   293, best 5564.7661, time  426.5, minPhero 0.01(232), stagnancy 8.3%
[35m[MSG][0m itr   294, best 5564.7661, time  428.0, minPhero 0.01(232), stagnancy 8.7%
[35m[MSG][0m itr   295, best 5564.7661, time  429.5, minPhero 0.01(232), stagnancy 9.0%
[35m[MSG][0m itr   296, best 5564.7661, time  430.9, minPhero 0.01(232), stagnancy 9.3%
[35m[MSG][0m itr   297, best 5564.7661, time  432.4, minPhero 0.01(232), stagnancy 9.7%
[35m[MSG][0m itr   298, best 5564.7661, time  433.8, minPhero 0.01(232), stagnancy 10.0%
[35m[MSG][0m itr   299, best 5564.7661, time  435.3, minPhero 0.01(232), stagnancy 10.3%
[35m[MSG][0m itr   300, best 5564.7661, time  436.7, minPhero 0.01(232), stagnancy 10.7%
[35m[MSG][0m itr   301, best 5564.7661, time  438.2, minPhero 0.01(232), stagnancy 11.0%
[35m[MSG][0m itr   302, best 5564.7661, time  439.6, minPhero 0.01(232), stagnancy 11.3%
[35m[MSG][0m itr   303, best 5564.7661, time  441.1, minPhero 0.01(232), stagnancy 11.7%
[35m[MSG][0m itr   304, best 5564.7661, time  442.6, minPhero 0.01(232), stagnancy 12.0%
[35m[MSG][0m itr   305, best 5564.7661, time  444.0, minPhero 0.01(232), stagnancy 12.3%
[35m[MSG][0m itr   306, best 5564.7661, time  445.5, minPhero 0.01(232), stagnancy 12.7%
[35m[MSG][0m itr   307, best 5564.7661, time  447.0, minPhero 0.01(232), stagnancy 13.0%
[35m[MSG][0m itr   308, best 5564.7661, time  448.4, minPhero 0.01(232), stagnancy 13.3%
[35m[MSG][0m itr   309, best 5564.7661, time  449.9, minPhero 0.01(232), stagnancy 13.7%
[35m[MSG][0m itr   310, best 5564.7661, time  451.3, minPhero 0.01(232), stagnancy 14.0%
[35m[MSG][0m itr   311, best 5564.7661, time  452.8, minPhero 0.01(232), stagnancy 14.3%
[35m[MSG][0m itr   312, best 5564.7661, time  454.3, minPhero 0.01(232), stagnancy 14.7%
[35m[MSG][0m itr   313, best 5564.7661, time  455.8, minPhero 0.01(232), stagnancy 15.0%
[35m[MSG][0m itr   314, best 5564.7661, time  457.2, minPhero 0.01(232), stagnancy 15.3%
[35m[MSG][0m itr   315, best 5564.7661, time  458.7, minPhero 0.01(232), stagnancy 15.7%
[35m[MSG][0m itr   316, best 5564.7661, time  460.1, minPhero 0.01(232), stagnancy 16.0%
[35m[MSG][0m itr   317, best 5564.7661, time  461.6, minPhero 0.01(232), stagnancy 16.3%
[35m[MSG][0m itr   318, best 5564.7661, time  463.1, minPhero 0.01(232), stagnancy 16.7%
[35m[MSG][0m itr   319, best 5564.7661, time  464.6, minPhero 0.01(232), stagnancy 17.0%
[35m[MSG][0m itr   320, best 5564.7661, time  466.0, minPhero 0.01(232), stagnancy 17.3%
[35m[MSG][0m itr   321, best 5564.7661, time  467.5, minPhero 0.01(232), stagnancy 17.7%
[35m[MSG][0m itr   322, best 5564.7661, time  468.9, minPhero 0.01(232), stagnancy 18.0%
[35m[MSG][0m itr   323, best 5564.7661, time  470.4, minPhero 0.01(232), stagnancy 18.3%
[35m[MSG][0m itr   324, best 5564.7661, time  471.9, minPhero 0.01(232), stagnancy 18.7%
[35m[MSG][0m itr   325, best 5564.7661, time  473.3, minPhero 0.01(232), stagnancy 19.0%
[35m[MSG][0m itr   326, best 5564.7661, time  474.8, minPhero 0.01(232), stagnancy 19.3%
[35m[MSG][0m itr   327, best 5564.7661, time  476.3, minPhero 0.01(232), stagnancy 19.7%
[35m[MSG][0m itr   328, best 5564.7661, time  477.7, minPhero 0.01(232), stagnancy 20.0%
[35m[MSG][0m itr   329, best 5564.7661, time  479.2, minPhero 0.01(232), stagnancy 20.3%
[35m[MSG][0m itr   330, best 5564.7661, time  480.7, minPhero 0.01(232), stagnancy 20.7%
[35m[MSG][0m itr   331, best 5564.7661, time  482.2, minPhero 0.01(232), stagnancy 21.0%
[35m[MSG][0m itr   332, best 5564.7661, time  483.6, minPhero 0.01(232), stagnancy 21.3%
[35m[MSG][0m itr   333, best 5564.7661, time  485.1, minPhero 0.01(232), stagnancy 21.7%
[35m[MSG][0m itr   334, best 5564.7661, time  486.6, minPhero 0.01(232), stagnancy 22.0%
[35m[MSG][0m itr   335, best 5564.7661, time  488.0, minPhero 0.01(232), stagnancy 22.3%
[35m[MSG][0m itr   336, best 5564.7661, time  489.5, minPhero 0.01(232), stagnancy 22.7%
[35m[MSG][0m itr   337, best 5564.7661, time  491.0, minPhero 0.01(232), stagnancy 23.0%
[35m[MSG][0m itr   338, best 5564.7661, time  492.4, minPhero 0.01(232), stagnancy 23.3%
[35m[MSG][0m itr   339, best 5564.7661, time  493.9, minPhero 0.01(232), stagnancy 23.7%
[35m[MSG][0m itr   340, best 5564.7661, time  495.4, minPhero 0.01(232), stagnancy 24.0%
[35m[MSG][0m itr   341, best 5564.7661, time  496.8, minPhero 0.01(232), stagnancy 24.3%
[35m[MSG][0m itr   342, best 5564.7661, time  498.3, minPhero 0.01(232), stagnancy 24.7%
[35m[MSG][0m itr   343, best 5564.7661, time  499.8, minPhero 0.01(232), stagnancy 25.0%
[35m[MSG][0m itr   344, best 5564.7661, time  501.2, minPhero 0.01(232), stagnancy 25.3%
[35m[MSG][0m itr   345, best 5564.7661, time  502.7, minPhero 0.01(232), stagnancy 25.7%
[35m[MSG][0m itr   346, best 5564.7661, time  504.1, minPhero 0.01(232), stagnancy 26.0%
[35m[MSG][0m itr   347, best 5564.7661, time  505.6, minPhero 0.01(232), stagnancy 26.3%
[35m[MSG][0m itr   348, best 5564.7661, time  507.0, minPhero 0.01(232), stagnancy 26.7%
[35m[MSG][0m itr   349, best 5564.7661, time  508.5, minPhero 0.01(232), stagnancy 27.0%
[35m[MSG][0m itr   350, best 5564.7661, time  509.9, minPhero 0.01(232), stagnancy 27.3%
[35m[MSG][0m itr   351, best 5564.7661, time  511.4, minPhero 0.01(232), stagnancy 27.7%
[35m[MSG][0m itr   352, best 5564.7661, time  512.8, minPhero 0.01(232), stagnancy 28.0%
[35m[MSG][0m itr   353, best 5564.7661, time  514.3, minPhero 0.01(232), stagnancy 28.3%
[35m[MSG][0m itr   354, best 5564.7661, time  515.8, minPhero 0.01(232), stagnancy 28.7%
[35m[MSG][0m itr   355, best 5564.7661, time  517.2, minPhero 0.01(232), stagnancy 29.0%
[35m[MSG][0m itr   356, best 5564.7661, time  518.7, minPhero 0.01(232), stagnancy 29.3%
[35m[MSG][0m itr   357, best 5564.7661, time  520.2, minPhero 0.01(232), stagnancy 29.7%
[35m[MSG][0m itr   358, best 5564.7661, time  521.6, minPhero 0.01(232), stagnancy 30.0%
[35m[MSG][0m itr   359, best 5564.7661, time  523.1, minPhero 0.01(232), stagnancy 30.3%
[35m[MSG][0m itr   360, best 5564.7661, time  524.6, minPhero 0.01(232), stagnancy 30.7%
[35m[MSG][0m itr   361, best 5564.7661, time  526.1, minPhero 0.01(232), stagnancy 31.0%
[35m[MSG][0m itr   362, best 5564.7661, time  527.6, minPhero 0.01(232), stagnancy 31.3%
[35m[MSG][0m itr   363, best 5564.7661, time  529.1, minPhero 0.01(232), stagnancy 31.7%
[35m[MSG][0m itr   364, best 5564.7661, time  530.5, minPhero 0.01(232), stagnancy 32.0%
[35m[MSG][0m itr   365, best 5564.7661, time  532.0, minPhero 0.01(232), stagnancy 32.3%
[35m[MSG][0m itr   366, best 5564.7661, time  533.4, minPhero 0.01(232), stagnancy 32.7%
[35m[MSG][0m itr   367, best 5564.7661, time  535.0, minPhero 0.01(232), stagnancy 33.0%
[35m[MSG][0m itr   368, best 5564.7661, time  536.4, minPhero 0.01(232), stagnancy 33.3%
[35m[MSG][0m itr   369, best 5564.7661, time  537.9, minPhero 0.01(232), stagnancy 33.7%
[35m[MSG][0m itr   370, best 5564.7661, time  539.4, minPhero 0.01(232), stagnancy 34.0%
[35m[MSG][0m itr   371, best 5564.7661, time  540.9, minPhero 0.01(232), stagnancy 34.3%
[35m[MSG][0m itr   372, best 5564.7661, time  542.4, minPhero 0.01(232), stagnancy 34.7%
[35m[MSG][0m itr   373, best 5564.7661, time  543.8, minPhero 0.01(232), stagnancy 35.0%
[35m[MSG][0m itr   374, best 5564.7661, time  545.3, minPhero 0.01(232), stagnancy 35.3%
[35m[MSG][0m itr   375, best 5564.7661, time  546.7, minPhero 0.01(232), stagnancy 35.7%
[35m[MSG][0m itr   376, best 5564.7661, time  548.2, minPhero 0.01(232), stagnancy 36.0%
[35m[MSG][0m itr   377, best 5564.7661, time  549.7, minPhero 0.01(232), stagnancy 36.3%
[35m[MSG][0m itr   378, best 5564.7661, time  551.1, minPhero 0.01(232), stagnancy 36.7%
[35m[MSG][0m itr   379, best 5564.7661, time  552.6, minPhero 0.01(232), stagnancy 37.0%
[35m[MSG][0m itr   380, best 5564.7661, time  554.0, minPhero 0.01(232), stagnancy 37.3%
[35m[MSG][0m itr   381, best 5564.7661, time  555.5, minPhero 0.01(232), stagnancy 37.7%
[35m[MSG][0m itr   382, best 5564.7661, time  556.9, minPhero 0.01(232), stagnancy 38.0%
[35m[MSG][0m itr   383, best 5564.7661, time  558.4, minPhero 0.01(232), stagnancy 38.3%
[35m[MSG][0m itr   384, best 5564.7661, time  559.9, minPhero 0.01(232), stagnancy 38.7%
[35m[MSG][0m itr   385, best 5564.7661, time  561.3, minPhero 0.01(232), stagnancy 39.0%
[35m[MSG][0m itr   386, best 5564.7661, time  562.8, minPhero 0.01(232), stagnancy 39.3%
[35m[MSG][0m itr   387, best 5564.7661, time  564.3, minPhero 0.01(232), stagnancy 39.7%
[35m[MSG][0m itr   388, best 5564.7661, time  565.7, minPhero 0.01(232), stagnancy 40.0%
[35m[MSG][0m itr   389, best 5564.7661, time  567.1, minPhero 0.01(232), stagnancy 40.3%
[35m[MSG][0m itr   390, best 5564.7661, time  568.4, minPhero 0.01(232), stagnancy 40.7%
[35m[MSG][0m itr   391, best 5564.7661, time  569.9, minPhero 0.01(232), stagnancy 41.0%
[35m[MSG][0m itr   392, best 5564.7661, time  571.4, minPhero 0.01(232), stagnancy 41.3%
[35m[MSG][0m itr   393, best 5564.7661, time  572.8, minPhero 0.01(232), stagnancy 41.7%
[35m[MSG][0m itr   394, best 5564.7661, time  574.3, minPhero 0.01(232), stagnancy 42.0%
[35m[MSG][0m itr   395, best 5564.7661, time  575.8, minPhero 0.01(232), stagnancy 42.3%
[35m[MSG][0m itr   396, best 5564.7661, time  577.2, minPhero 0.01(232), stagnancy 42.7%
[35m[MSG][0m itr   397, best 5564.7661, time  578.7, minPhero 0.01(232), stagnancy 43.0%
[35m[MSG][0m itr   398, best 5564.7661, time  580.2, minPhero 0.01(232), stagnancy 43.3%
[35m[MSG][0m itr   399, best 5564.7661, time  581.6, minPhero 0.01(232), stagnancy 43.7%
[35m[MSG][0m itr   400, best 5564.7661, time  583.1, minPhero 0.01(232), stagnancy 44.0%
[35m[MSG][0m itr   401, best 5564.7661, time  584.6, minPhero 0.01(232), stagnancy 44.3%
[35m[MSG][0m itr   402, best 5564.7661, time  586.0, minPhero 0.01(232), stagnancy 44.7%
[35m[MSG][0m itr   403, best 5564.7661, time  587.5, minPhero 0.01(232), stagnancy 45.0%
[35m[MSG][0m itr   404, best 5564.7661, time  589.0, minPhero 0.01(232), stagnancy 45.3%
[35m[MSG][0m itr   405, best 5564.7661, time  590.5, minPhero 0.01(232), stagnancy 45.7%
[35m[MSG][0m itr   406, best 5564.7661, time  592.0, minPhero 0.01(232), stagnancy 46.0%
[35m[MSG][0m itr   407, best 5564.7661, time  593.4, minPhero 0.01(232), stagnancy 46.3%
[35m[MSG][0m itr   408, best 5564.7661, time  594.9, minPhero 0.01(232), stagnancy 46.7%
[35m[MSG][0m itr   409, best 5564.7661, time  596.4, minPhero 0.01(232), stagnancy 47.0%
[35m[MSG][0m itr   410, best 5564.7661, time  597.8, minPhero 0.01(232), stagnancy 47.3%
[35m[MSG][0m itr   411, best 5564.7661, time  599.2, minPhero 0.01(232), stagnancy 47.7%
[35m[MSG][0m itr   412, best 5564.7661, time  600.6, minPhero 0.01(232), stagnancy 48.0%
[35m[MSG][0m itr   413, best 5564.7661, time  602.1, minPhero 0.01(232), stagnancy 48.3%
[35m[MSG][0m itr   414, best 5564.7661, time  603.5, minPhero 0.01(232), stagnancy 48.7%
[35m[MSG][0m itr   415, best 5564.7661, time  605.0, minPhero 0.01(232), stagnancy 49.0%
[35m[MSG][0m itr   416, best 5564.7661, time  606.5, minPhero 0.01(232), stagnancy 49.3%
[35m[MSG][0m itr   417, best 5564.7661, time  608.0, minPhero 0.01(232), stagnancy 49.7%
[35m[MSG][0m itr   418, best 5564.7661, time  609.4, minPhero 0.01(232), stagnancy 50.0%
[35m[MSG][0m itr   419, best 5564.7661, time  610.9, minPhero 0.01(232), stagnancy 50.3%
[35m[MSG][0m itr   420, best 5564.7661, time  612.4, minPhero 0.01(232), stagnancy 50.7%
[35m[MSG][0m itr   421, best 5564.7661, time  613.9, minPhero 0.01(232), stagnancy 51.0%
[35m[MSG][0m itr   422, best 5564.7661, time  615.3, minPhero 0.01(232), stagnancy 51.3%
[35m[MSG][0m itr   423, best 5564.7661, time  616.8, minPhero 0.01(232), stagnancy 51.7%
[35m[MSG][0m itr   424, best 5564.7661, time  618.2, minPhero 0.01(232), stagnancy 52.0%
[35m[MSG][0m itr   425, best 5564.7661, time  619.7, minPhero 0.01(232), stagnancy 52.3%
[35m[MSG][0m itr   426, best 5564.7661, time  621.2, minPhero 0.01(232), stagnancy 52.7%
[35m[MSG][0m itr   427, best 5564.7661, time  622.6, minPhero 0.01(232), stagnancy 53.0%
[35m[MSG][0m itr   428, best 5564.7661, time  624.1, minPhero 0.01(232), stagnancy 53.3%
[35m[MSG][0m itr   429, best 5564.7661, time  625.6, minPhero 0.01(232), stagnancy 53.7%
[35m[MSG][0m itr   430, best 5564.7661, time  627.1, minPhero 0.01(232), stagnancy 54.0%
[35m[MSG][0m itr   431, best 5564.7661, time  628.5, minPhero 0.01(232), stagnancy 54.3%
[35m[MSG][0m itr   432, best 5564.7661, time  630.0, minPhero 0.01(232), stagnancy 54.7%
[35m[MSG][0m itr   433, best 5564.7661, time  631.3, minPhero 0.01(232), stagnancy 55.0%
[35m[MSG][0m itr   434, best 5564.7661, time  632.8, minPhero 0.01(232), stagnancy 55.3%
[35m[MSG][0m itr   435, best 5564.7661, time  634.2, minPhero 0.01(232), stagnancy 55.7%
[35m[MSG][0m itr   436, best 5564.7661, time  635.6, minPhero 0.01(232), stagnancy 56.0%
[35m[MSG][0m itr   437, best 5564.7661, time  637.0, minPhero 0.01(232), stagnancy 56.3%
[35m[MSG][0m itr   438, best 5564.7661, time  638.4, minPhero 0.01(232), stagnancy 56.7%
[35m[MSG][0m itr   439, best 5564.7661, time  639.9, minPhero 0.01(232), stagnancy 57.0%
[35m[MSG][0m itr   440, best 5564.7661, time  641.2, minPhero 0.01(232), stagnancy 57.3%
[35m[MSG][0m itr   441, best 5564.7661, time  642.7, minPhero 0.01(232), stagnancy 57.7%
[35m[MSG][0m itr   442, best 5564.7661, time  644.0, minPhero 0.01(232), stagnancy 58.0%
[35m[MSG][0m itr   443, best 5564.7661, time  645.5, minPhero 0.01(232), stagnancy 58.3%
[35m[MSG][0m itr   444, best 5564.7661, time  646.9, minPhero 0.01(232), stagnancy 58.7%
[35m[MSG][0m itr   445, best 5564.7661, time  648.3, minPhero 0.01(232), stagnancy 59.0%
[35m[MSG][0m itr   446, best 5564.7661, time  649.7, minPhero 0.01(232), stagnancy 59.3%
[35m[MSG][0m itr   447, best 5564.7661, time  651.1, minPhero 0.01(232), stagnancy 59.7%
[35m[MSG][0m itr   448, best 5564.7661, time  652.6, minPhero 0.01(232), stagnancy 60.0%
[35m[MSG][0m itr   449, best 5564.7661, time  653.9, minPhero 0.01(232), stagnancy 60.3%
[35m[MSG][0m itr   450, best 5564.7661, time  655.4, minPhero 0.01(232), stagnancy 60.7%
[35m[MSG][0m itr   451, best 5564.7661, time  656.7, minPhero 0.01(232), stagnancy 61.0%
[35m[MSG][0m itr   452, best 5564.7661, time  658.2, minPhero 0.01(232), stagnancy 61.3%
[35m[MSG][0m itr   453, best 5564.7661, time  659.6, minPhero 0.01(232), stagnancy 61.7%
[35m[MSG][0m itr   454, best 5564.7661, time  661.1, minPhero 0.01(232), stagnancy 62.0%
[35m[MSG][0m itr   455, best 5564.7661, time  662.6, minPhero 0.01(232), stagnancy 62.3%
[35m[MSG][0m itr   456, best 5564.7661, time  664.0, minPhero 0.01(232), stagnancy 62.7%
[35m[MSG][0m itr   457, best 5564.7661, time  665.5, minPhero 0.01(232), stagnancy 63.0%
[35m[MSG][0m itr   458, best 5564.7661, time  667.0, minPhero 0.01(232), stagnancy 63.3%
[35m[MSG][0m itr   459, best 5564.7661, time  668.4, minPhero 0.01(232), stagnancy 63.7%
[35m[MSG][0m itr   460, best 5564.7661, time  669.9, minPhero 0.01(232), stagnancy 64.0%
[35m[MSG][0m itr   461, best 5564.7661, time  671.3, minPhero 0.01(232), stagnancy 64.3%
[35m[MSG][0m itr   462, best 5564.7661, time  672.8, minPhero 0.01(232), stagnancy 64.7%
[35m[MSG][0m itr   463, best 5564.4482, time  674.3, minPhero 0.01(240), stagnancy 0.0%
[35m[MSG][0m itr   464, best 5564.4482, time  675.7, minPhero 0.01(240), stagnancy 0.3%
[35m[MSG][0m itr   465, best 5564.4482, time  677.2, minPhero 0.01(240), stagnancy 0.7%
[35m[MSG][0m itr   466, best 5564.4482, time  678.7, minPhero 0.01(240), stagnancy 1.0%
[35m[MSG][0m itr   467, best 5564.4482, time  680.0, minPhero 0.01(240), stagnancy 1.3%
[35m[MSG][0m itr   468, best 5564.4482, time  681.5, minPhero 0.01(240), stagnancy 1.7%
[35m[MSG][0m itr   469, best 5564.4482, time  683.0, minPhero 0.01(240), stagnancy 2.0%
[35m[MSG][0m itr   470, best 5564.4482, time  684.4, minPhero 0.01(240), stagnancy 2.3%
[35m[MSG][0m itr   471, best 5564.4482, time  685.9, minPhero 0.01(240), stagnancy 2.7%
[35m[MSG][0m itr   472, best 5564.4482, time  687.3, minPhero 0.01(240), stagnancy 3.0%
[35m[MSG][0m itr   473, best 5564.4482, time  688.8, minPhero 0.01(240), stagnancy 3.3%
[35m[MSG][0m itr   474, best 5564.4482, time  690.3, minPhero 0.01(240), stagnancy 3.7%
[35m[MSG][0m itr   475, best 5564.4482, time  691.8, minPhero 0.01(240), stagnancy 4.0%
[35m[MSG][0m itr   476, best 5564.4482, time  693.3, minPhero 0.01(240), stagnancy 4.3%
[35m[MSG][0m itr   477, best 5564.3149, time  694.8, minPhero 0.01(247), stagnancy 0.0%
[35m[MSG][0m itr   478, best 5564.3149, time  696.2, minPhero 0.01(247), stagnancy 0.3%
[35m[MSG][0m itr   479, best 5561.9248, time  697.7, minPhero 0.01(247), stagnancy 0.0%
[35m[MSG][0m itr   480, best 5560.3633, time  699.2, minPhero 0.01(247), stagnancy 0.0%
[35m[MSG][0m itr   481, best 5560.3633, time  700.7, minPhero 0.01(247), stagnancy 0.3%
[35m[MSG][0m itr   482, best 5560.3633, time  702.2, minPhero 0.01(247), stagnancy 0.7%
[35m[MSG][0m itr   483, best 5560.3633, time  703.7, minPhero 0.01(247), stagnancy 1.0%
[35m[MSG][0m itr   484, best 5560.3633, time  705.1, minPhero 0.01(247), stagnancy 1.3%
[35m[MSG][0m itr   485, best 5560.3633, time  706.6, minPhero 0.01(240), stagnancy 1.7%
[35m[MSG][0m itr   486, best 5560.3633, time  708.1, minPhero 0.01(240), stagnancy 2.0%
[35m[MSG][0m itr   487, best 5560.3633, time  709.5, minPhero 0.01(240), stagnancy 2.3%
[35m[MSG][0m itr   488, best 5560.3633, time  711.0, minPhero 0.01(240), stagnancy 2.7%
[35m[MSG][0m itr   489, best 5560.3633, time  712.4, minPhero 0.01(240), stagnancy 3.0%
[35m[MSG][0m itr   490, best 5560.3633, time  713.9, minPhero 0.01(240), stagnancy 3.3%
[35m[MSG][0m itr   491, best 5560.3633, time  715.4, minPhero 0.01(240), stagnancy 3.7%
[35m[MSG][0m itr   492, best 5560.3633, time  716.8, minPhero 0.01(240), stagnancy 4.0%
[35m[MSG][0m itr   493, best 5560.3633, time  718.2, minPhero 0.01(240), stagnancy 4.3%
[35m[MSG][0m itr   494, best 5560.3633, time  719.7, minPhero 0.01(238), stagnancy 4.7%
[35m[MSG][0m itr   495, best 5560.3633, time  721.1, minPhero 0.01(238), stagnancy 5.0%
[35m[MSG][0m itr   496, best 5560.3633, time  722.6, minPhero 0.01(238), stagnancy 5.3%
[35m[MSG][0m itr   497, best 5560.3633, time  724.1, minPhero 0.01(238), stagnancy 5.7%
[35m[MSG][0m itr   498, best 5560.3633, time  725.5, minPhero 0.01(238), stagnancy 6.0%
[35m[MSG][0m itr   499, best 5560.3633, time  727.0, minPhero 0.01(233), stagnancy 6.3%
[35m[MSG][0m itr   500, best 5560.3633, time  728.5, minPhero 0.01(233), stagnancy 6.7%
[35m[MSG][0m itr   501, best 5560.3633, time  730.0, minPhero 0.01(233), stagnancy 7.0%
[35m[MSG][0m itr   502, best 5560.3633, time  731.4, minPhero 0.01(232), stagnancy 7.3%
[35m[MSG][0m itr   503, best 5560.3633, time  732.8, minPhero 0.01(232), stagnancy 7.7%
[35m[MSG][0m itr   504, best 5560.3633, time  734.3, minPhero 0.01(232), stagnancy 8.0%
[35m[MSG][0m itr   505, best 5560.3633, time  735.6, minPhero 0.01(232), stagnancy 8.3%
[35m[MSG][0m itr   506, best 5560.3633, time  737.0, minPhero 0.01(232), stagnancy 8.7%
[35m[MSG][0m itr   507, best 5560.3633, time  738.5, minPhero 0.01(232), stagnancy 9.0%
[35m[MSG][0m itr   508, best 5560.3633, time  740.0, minPhero 0.01(232), stagnancy 9.3%
[35m[MSG][0m itr   509, best 5560.3633, time  741.4, minPhero 0.01(232), stagnancy 9.7%
[35m[MSG][0m itr   510, best 5560.3633, time  742.9, minPhero 0.01(232), stagnancy 10.0%
[35m[MSG][0m itr   511, best 5560.3633, time  744.3, minPhero 0.01(232), stagnancy 10.3%
[35m[MSG][0m itr   512, best 5560.3633, time  745.8, minPhero 0.01(232), stagnancy 10.7%
[35m[MSG][0m itr   513, best 5560.3633, time  747.3, minPhero 0.01(232), stagnancy 11.0%
[35m[MSG][0m itr   514, best 5560.3633, time  748.7, minPhero 0.01(232), stagnancy 11.3%
[35m[MSG][0m itr   515, best 5560.3633, time  750.2, minPhero 0.01(232), stagnancy 11.7%
[35m[MSG][0m itr   516, best 5560.3633, time  751.7, minPhero 0.01(232), stagnancy 12.0%
[35m[MSG][0m itr   517, best 5560.3633, time  753.1, minPhero 0.01(232), stagnancy 12.3%
[35m[MSG][0m itr   518, best 5560.3633, time  754.6, minPhero 0.01(232), stagnancy 12.7%
[35m[MSG][0m itr   519, best 5560.3633, time  756.1, minPhero 0.01(232), stagnancy 13.0%
[35m[MSG][0m itr   520, best 5560.3633, time  757.6, minPhero 0.01(232), stagnancy 13.3%
[35m[MSG][0m itr   521, best 5560.3633, time  759.0, minPhero 0.01(232), stagnancy 13.7%
[35m[MSG][0m itr   522, best 5560.3633, time  760.5, minPhero 0.01(232), stagnancy 14.0%
[35m[MSG][0m itr   523, best 5560.3633, time  762.0, minPhero 0.01(232), stagnancy 14.3%
[35m[MSG][0m itr   524, best 5560.3633, time  763.4, minPhero 0.01(232), stagnancy 14.7%
[35m[MSG][0m itr   525, best 5560.3633, time  764.9, minPhero 0.01(232), stagnancy 15.0%
[35m[MSG][0m itr   526, best 5560.3633, time  766.4, minPhero 0.01(232), stagnancy 15.3%
[35m[MSG][0m itr   527, best 5560.3633, time  767.8, minPhero 0.01(232), stagnancy 15.7%
[35m[MSG][0m itr   528, best 5560.3633, time  769.3, minPhero 0.01(232), stagnancy 16.0%
[35m[MSG][0m itr   529, best 5560.3633, time  770.7, minPhero 0.01(232), stagnancy 16.3%
[35m[MSG][0m itr   530, best 5560.3633, time  772.2, minPhero 0.01(232), stagnancy 16.7%
[35m[MSG][0m itr   531, best 5560.3633, time  773.7, minPhero 0.01(232), stagnancy 17.0%
[35m[MSG][0m itr   532, best 5560.3633, time  775.2, minPhero 0.01(232), stagnancy 17.3%
[35m[MSG][0m itr   533, best 5560.3633, time  776.6, minPhero 0.01(232), stagnancy 17.7%
[35m[MSG][0m itr   534, best 5560.3633, time  778.1, minPhero 0.01(232), stagnancy 18.0%
[35m[MSG][0m itr   535, best 5560.3633, time  779.6, minPhero 0.01(232), stagnancy 18.3%
[35m[MSG][0m itr   536, best 5560.3633, time  781.0, minPhero 0.01(232), stagnancy 18.7%
[35m[MSG][0m itr   537, best 5560.3633, time  782.5, minPhero 0.01(232), stagnancy 19.0%
[35m[MSG][0m itr   538, best 5560.3633, time  784.0, minPhero 0.01(232), stagnancy 19.3%
[35m[MSG][0m itr   539, best 5560.3633, time  785.4, minPhero 0.01(232), stagnancy 19.7%
[35m[MSG][0m itr   540, best 5560.3633, time  786.9, minPhero 0.01(232), stagnancy 20.0%
[35m[MSG][0m itr   541, best 5560.3633, time  788.4, minPhero 0.01(232), stagnancy 20.3%
[35m[MSG][0m itr   542, best 5560.3633, time  789.8, minPhero 0.01(232), stagnancy 20.7%
[35m[MSG][0m itr   543, best 5560.3633, time  791.3, minPhero 0.01(232), stagnancy 21.0%
[35m[MSG][0m itr   544, best 5560.3633, time  792.8, minPhero 0.01(232), stagnancy 21.3%
[35m[MSG][0m itr   545, best 5560.3633, time  794.3, minPhero 0.01(232), stagnancy 21.7%
[35m[MSG][0m itr   546, best 5560.3633, time  795.7, minPhero 0.01(232), stagnancy 22.0%
[35m[MSG][0m itr   547, best 5560.3633, time  797.2, minPhero 0.01(232), stagnancy 22.3%
[35m[MSG][0m itr   548, best 5560.3633, time  798.6, minPhero 0.01(232), stagnancy 22.7%
[35m[MSG][0m itr   549, best 5560.3633, time  800.0, minPhero 0.01(232), stagnancy 23.0%
[35m[MSG][0m itr   550, best 5560.3633, time  801.4, minPhero 0.01(232), stagnancy 23.3%
[35m[MSG][0m itr   551, best 5560.3633, time  802.9, minPhero 0.01(232), stagnancy 23.7%
[35m[MSG][0m itr   552, best 5560.3633, time  804.4, minPhero 0.01(232), stagnancy 24.0%
[35m[MSG][0m itr   553, best 5560.3633, time  805.8, minPhero 0.01(232), stagnancy 24.3%
[35m[MSG][0m itr   554, best 5560.3633, time  807.4, minPhero 0.01(232), stagnancy 24.7%
[35m[MSG][0m itr   555, best 5560.3633, time  808.8, minPhero 0.01(232), stagnancy 25.0%
[35m[MSG][0m itr   556, best 5560.3633, time  810.2, minPhero 0.01(232), stagnancy 25.3%
[35m[MSG][0m itr   557, best 5560.3633, time  811.7, minPhero 0.01(232), stagnancy 25.7%
[35m[MSG][0m itr   558, best 5560.3633, time  813.2, minPhero 0.01(232), stagnancy 26.0%
[35m[MSG][0m itr   559, best 5560.3633, time  814.7, minPhero 0.01(232), stagnancy 26.3%
[35m[MSG][0m itr   560, best 5560.3633, time  816.1, minPhero 0.01(232), stagnancy 26.7%
[35m[MSG][0m itr   561, best 5560.3633, time  817.6, minPhero 0.01(232), stagnancy 27.0%
[35m[MSG][0m itr   562, best 5560.3633, time  819.1, minPhero 0.01(232), stagnancy 27.3%
[35m[MSG][0m itr   563, best 5560.3633, time  820.6, minPhero 0.01(232), stagnancy 27.7%
[35m[MSG][0m itr   564, best 5560.3633, time  822.1, minPhero 0.01(232), stagnancy 28.0%
[35m[MSG][0m itr   565, best 5560.3633, time  823.5, minPhero 0.01(232), stagnancy 28.3%
[35m[MSG][0m itr   566, best 5560.3633, time  825.0, minPhero 0.01(232), stagnancy 28.7%
[35m[MSG][0m itr   567, best 5560.3633, time  826.5, minPhero 0.01(232), stagnancy 29.0%
[35m[MSG][0m itr   568, best 5560.3633, time  827.9, minPhero 0.01(232), stagnancy 29.3%
[35m[MSG][0m itr   569, best 5560.3633, time  829.4, minPhero 0.01(232), stagnancy 29.7%
[35m[MSG][0m itr   570, best 5560.3633, time  830.9, minPhero 0.01(232), stagnancy 30.0%
[35m[MSG][0m itr   571, best 5560.3633, time  832.3, minPhero 0.01(232), stagnancy 30.3%
[35m[MSG][0m itr   572, best 5560.3633, time  833.8, minPhero 0.01(232), stagnancy 30.7%
[35m[MSG][0m itr   573, best 5560.3633, time  835.3, minPhero 0.01(232), stagnancy 31.0%
[35m[MSG][0m itr   574, best 5560.3633, time  836.8, minPhero 0.01(232), stagnancy 31.3%
[35m[MSG][0m itr   575, best 5560.3633, time  838.2, minPhero 0.01(232), stagnancy 31.7%
[35m[MSG][0m itr   576, best 5560.3633, time  839.5, minPhero 0.01(232), stagnancy 32.0%
[35m[MSG][0m itr   577, best 5560.3633, time  840.9, minPhero 0.01(232), stagnancy 32.3%
[35m[MSG][0m itr   578, best 5560.3633, time  842.4, minPhero 0.01(232), stagnancy 32.7%
[35m[MSG][0m itr   579, best 5560.3633, time  843.9, minPhero 0.01(232), stagnancy 33.0%
[35m[MSG][0m itr   580, best 5560.3633, time  845.2, minPhero 0.01(232), stagnancy 33.3%
[35m[MSG][0m itr   581, best 5560.3633, time  846.7, minPhero 0.01(232), stagnancy 33.7%
[35m[MSG][0m itr   582, best 5560.3633, time  848.2, minPhero 0.01(232), stagnancy 34.0%
[35m[MSG][0m itr   583, best 5560.3633, time  849.6, minPhero 0.01(232), stagnancy 34.3%
[35m[MSG][0m itr   584, best 5560.3633, time  851.1, minPhero 0.01(232), stagnancy 34.7%
[35m[MSG][0m itr   585, best 5560.3633, time  852.6, minPhero 0.01(232), stagnancy 35.0%
[35m[MSG][0m itr   586, best 5560.3633, time  854.1, minPhero 0.01(232), stagnancy 35.3%
[35m[MSG][0m itr   587, best 5560.3633, time  855.5, minPhero 0.01(232), stagnancy 35.7%
[35m[MSG][0m itr   588, best 5560.3633, time  857.0, minPhero 0.01(232), stagnancy 36.0%
[35m[MSG][0m itr   589, best 5560.3633, time  858.5, minPhero 0.01(232), stagnancy 36.3%
[35m[MSG][0m itr   590, best 5560.3633, time  859.9, minPhero 0.01(232), stagnancy 36.7%
[35m[MSG][0m itr   591, best 5560.3633, time  861.4, minPhero 0.01(232), stagnancy 37.0%
[35m[MSG][0m itr   592, best 5560.3633, time  862.9, minPhero 0.01(232), stagnancy 37.3%
[35m[MSG][0m itr   593, best 5560.3633, time  864.3, minPhero 0.01(232), stagnancy 37.7%
[35m[MSG][0m itr   594, best 5560.3633, time  865.8, minPhero 0.01(232), stagnancy 38.0%
[35m[MSG][0m itr   595, best 5560.3633, time  867.2, minPhero 0.01(232), stagnancy 38.3%
[35m[MSG][0m itr   596, best 5560.3633, time  868.7, minPhero 0.01(232), stagnancy 38.7%
[35m[MSG][0m itr   597, best 5560.3633, time  870.1, minPhero 0.01(232), stagnancy 39.0%
[35m[MSG][0m itr   598, best 5560.3633, time  871.6, minPhero 0.01(232), stagnancy 39.3%
[35m[MSG][0m itr   599, best 5560.3633, time  873.1, minPhero 0.01(232), stagnancy 39.7%
[35m[MSG][0m itr   600, best 5560.3633, time  874.6, minPhero 0.01(232), stagnancy 40.0%
[35m[MSG][0m itr   601, best 5560.3633, time  876.0, minPhero 0.01(232), stagnancy 40.3%
[35m[MSG][0m itr   602, best 5560.3633, time  877.5, minPhero 0.01(232), stagnancy 40.7%
[35m[MSG][0m itr   603, best 5560.3633, time  879.0, minPhero 0.01(232), stagnancy 41.0%
[35m[MSG][0m itr   604, best 5560.3633, time  880.5, minPhero 0.01(232), stagnancy 41.3%
[35m[MSG][0m itr   605, best 5560.3633, time  882.0, minPhero 0.01(232), stagnancy 41.7%
[35m[MSG][0m itr   606, best 5560.3633, time  883.4, minPhero 0.01(232), stagnancy 42.0%
[35m[MSG][0m itr   607, best 5560.3633, time  884.9, minPhero 0.01(232), stagnancy 42.3%
[35m[MSG][0m itr   608, best 5560.3633, time  886.4, minPhero 0.01(232), stagnancy 42.7%
[35m[MSG][0m itr   609, best 5560.3633, time  887.9, minPhero 0.01(232), stagnancy 43.0%
[35m[MSG][0m itr   610, best 5560.3633, time  889.3, minPhero 0.01(232), stagnancy 43.3%
[35m[MSG][0m itr   611, best 5560.3633, time  890.8, minPhero 0.01(232), stagnancy 43.7%
[35m[MSG][0m itr   612, best 5560.3633, time  892.3, minPhero 0.01(232), stagnancy 44.0%
[35m[MSG][0m itr   613, best 5560.3633, time  893.7, minPhero 0.01(232), stagnancy 44.3%
[35m[MSG][0m itr   614, best 5560.3633, time  895.2, minPhero 0.01(232), stagnancy 44.7%
[35m[MSG][0m itr   615, best 5560.3633, time  896.7, minPhero 0.01(232), stagnancy 45.0%
[35m[MSG][0m itr   616, best 5560.3633, time  898.2, minPhero 0.01(232), stagnancy 45.3%
[35m[MSG][0m itr   617, best 5560.3633, time  899.6, minPhero 0.01(232), stagnancy 45.7%
[35m[MSG][0m itr   618, best 5560.3633, time  901.1, minPhero 0.01(232), stagnancy 46.0%
[35m[MSG][0m itr   619, best 5560.3633, time  902.6, minPhero 0.01(232), stagnancy 46.3%
[35m[MSG][0m itr   620, best 5560.3633, time  904.0, minPhero 0.01(232), stagnancy 46.7%
[35m[MSG][0m itr   621, best 5560.3633, time  905.5, minPhero 0.01(232), stagnancy 47.0%
[35m[MSG][0m itr   622, best 5560.3633, time  906.9, minPhero 0.01(232), stagnancy 47.3%
[35m[MSG][0m itr   623, best 5560.3633, time  908.4, minPhero 0.01(232), stagnancy 47.7%
[35m[MSG][0m itr   624, best 5560.3633, time  909.8, minPhero 0.01(232), stagnancy 48.0%
[35m[MSG][0m itr   625, best 5560.3633, time  911.3, minPhero 0.01(232), stagnancy 48.3%
[35m[MSG][0m itr   626, best 5560.3633, time  912.8, minPhero 0.01(232), stagnancy 48.7%
[35m[MSG][0m itr   627, best 5560.3633, time  914.3, minPhero 0.01(232), stagnancy 49.0%
[35m[MSG][0m itr   628, best 5560.3633, time  915.8, minPhero 0.01(232), stagnancy 49.3%
[35m[MSG][0m itr   629, best 5560.3633, time  917.2, minPhero 0.01(232), stagnancy 49.7%
[35m[MSG][0m itr   630, best 5560.3633, time  918.7, minPhero 0.01(232), stagnancy 50.0%
[35m[MSG][0m itr   631, best 5560.3633, time  920.1, minPhero 0.01(232), stagnancy 50.3%
[35m[MSG][0m itr   632, best 5560.3633, time  921.6, minPhero 0.01(232), stagnancy 50.7%
[35m[MSG][0m itr   633, best 5560.3633, time  923.1, minPhero 0.01(232), stagnancy 51.0%
[35m[MSG][0m itr   634, best 5560.3633, time  924.6, minPhero 0.01(232), stagnancy 51.3%
[35m[MSG][0m itr   635, best 5560.3633, time  925.9, minPhero 0.01(232), stagnancy 51.7%
[35m[MSG][0m itr   636, best 5560.3633, time  927.4, minPhero 0.01(232), stagnancy 52.0%
[35m[MSG][0m itr   637, best 5560.3633, time  928.8, minPhero 0.01(232), stagnancy 52.3%
[35m[MSG][0m itr   638, best 5560.3633, time  930.3, minPhero 0.01(232), stagnancy 52.7%
[35m[MSG][0m itr   639, best 5560.3633, time  931.8, minPhero 0.01(232), stagnancy 53.0%
[35m[MSG][0m itr   640, best 5560.3633, time  933.3, minPhero 0.01(232), stagnancy 53.3%
[35m[MSG][0m itr   641, best 5560.3633, time  934.8, minPhero 0.01(232), stagnancy 53.7%
[35m[MSG][0m itr   642, best 5560.3633, time  936.3, minPhero 0.01(232), stagnancy 54.0%
[35m[MSG][0m itr   643, best 5560.3633, time  937.7, minPhero 0.01(232), stagnancy 54.3%
[35m[MSG][0m itr   644, best 5560.3633, time  939.2, minPhero 0.01(232), stagnancy 54.7%
[35m[MSG][0m itr   645, best 5560.3633, time  940.7, minPhero 0.01(232), stagnancy 55.0%
[35m[MSG][0m itr   646, best 5560.3633, time  942.2, minPhero 0.01(232), stagnancy 55.3%
[35m[MSG][0m itr   647, best 5560.3633, time  943.6, minPhero 0.01(232), stagnancy 55.7%
[35m[MSG][0m itr   648, best 5560.3633, time  945.1, minPhero 0.01(232), stagnancy 56.0%
[35m[MSG][0m itr   649, best 5560.3633, time  946.6, minPhero 0.01(232), stagnancy 56.3%
[35m[MSG][0m itr   650, best 5560.3633, time  948.0, minPhero 0.01(232), stagnancy 56.7%
[35m[MSG][0m itr   651, best 5560.3633, time  949.6, minPhero 0.01(232), stagnancy 57.0%
[35m[MSG][0m itr   652, best 5560.3633, time  951.0, minPhero 0.01(232), stagnancy 57.3%
[35m[MSG][0m itr   653, best 5560.3633, time  952.5, minPhero 0.01(232), stagnancy 57.7%
[35m[MSG][0m itr   654, best 5560.3633, time  954.0, minPhero 0.01(232), stagnancy 58.0%
[35m[MSG][0m itr   655, best 5560.3633, time  955.4, minPhero 0.01(232), stagnancy 58.3%
[35m[MSG][0m itr   656, best 5560.3633, time  956.9, minPhero 0.01(232), stagnancy 58.7%
[35m[MSG][0m itr   657, best 5560.3633, time  958.4, minPhero 0.01(232), stagnancy 59.0%
[35m[MSG][0m itr   658, best 5560.3633, time  959.9, minPhero 0.01(232), stagnancy 59.3%
[35m[MSG][0m itr   659, best 5560.3633, time  961.3, minPhero 0.01(232), stagnancy 59.7%
[35m[MSG][0m itr   660, best 5560.3633, time  962.8, minPhero 0.01(232), stagnancy 60.0%
[35m[MSG][0m itr   661, best 5560.3633, time  964.3, minPhero 0.01(232), stagnancy 60.3%
[35m[MSG][0m itr   662, best 5560.3633, time  965.7, minPhero 0.01(232), stagnancy 60.7%
[35m[MSG][0m itr   663, best 5560.3633, time  967.2, minPhero 0.01(232), stagnancy 61.0%
[35m[MSG][0m itr   664, best 5560.3633, time  968.6, minPhero 0.01(232), stagnancy 61.3%
[35m[MSG][0m itr   665, best 5560.3633, time  970.1, minPhero 0.01(232), stagnancy 61.7%
[35m[MSG][0m itr   666, best 5560.3633, time  971.6, minPhero 0.01(232), stagnancy 62.0%
[35m[MSG][0m itr   667, best 5560.3633, time  973.1, minPhero 0.01(232), stagnancy 62.3%
[35m[MSG][0m itr   668, best 5560.3628, time  974.5, minPhero 0.01(232), stagnancy 0.0%
[35m[MSG][0m itr   669, best 5560.3628, time  976.0, minPhero 0.01(232), stagnancy 0.3%
[35m[MSG][0m itr   670, best 5560.3628, time  977.5, minPhero 0.01(232), stagnancy 0.7%
[35m[MSG][0m itr   671, best 5560.3628, time  979.0, minPhero 0.01(232), stagnancy 1.0%
[35m[MSG][0m itr   672, best 5560.3628, time  980.5, minPhero 0.01(232), stagnancy 1.3%
[35m[MSG][0m itr   673, best 5560.3628, time  982.0, minPhero 0.01(232), stagnancy 1.7%
[35m[MSG][0m itr   674, best 5560.3628, time  983.5, minPhero 0.01(232), stagnancy 2.0%
[35m[MSG][0m itr   675, best 5560.3628, time  984.9, minPhero 0.01(232), stagnancy 2.3%
[35m[MSG][0m itr   676, best 5560.3628, time  986.2, minPhero 0.01(232), stagnancy 2.7%
[35m[MSG][0m itr   677, best 5560.3628, time  987.7, minPhero 0.01(232), stagnancy 3.0%
[35m[MSG][0m itr   678, best 5560.3628, time  989.2, minPhero 0.01(232), stagnancy 3.3%
[35m[MSG][0m itr   679, best 5560.3628, time  990.6, minPhero 0.01(232), stagnancy 3.7%
[35m[MSG][0m itr   680, best 5560.3628, time  992.1, minPhero 0.01(232), stagnancy 4.0%
[35m[MSG][0m itr   681, best 5560.3628, time  993.6, minPhero 0.01(232), stagnancy 4.3%
[35m[MSG][0m itr   682, best 5560.3628, time  995.0, minPhero 0.01(232), stagnancy 4.7%
[35m[MSG][0m itr   683, best 5560.3628, time  996.5, minPhero 0.01(232), stagnancy 5.0%
[35m[MSG][0m itr   684, best 5560.3628, time  998.0, minPhero 0.01(232), stagnancy 5.3%
[35m[MSG][0m itr   685, best 5560.3628, time  999.4, minPhero 0.01(232), stagnancy 5.7%
[35m[MSG][0m itr   686, best 5560.3628, time 1001.0, minPhero 0.01(232), stagnancy 6.0%
[35m[MSG][0m itr   687, best 5560.3628, time 1002.5, minPhero 0.01(232), stagnancy 6.3%
[35m[MSG][0m itr   688, best 5560.3628, time 1003.9, minPhero 0.01(232), stagnancy 6.7%
[35m[MSG][0m itr   689, best 5560.3628, time 1005.4, minPhero 0.01(232), stagnancy 7.0%
[35m[MSG][0m itr   690, best 5560.3628, time 1006.8, minPhero 0.01(232), stagnancy 7.3%
[35m[MSG][0m itr   691, best 5560.3628, time 1008.3, minPhero 0.01(232), stagnancy 7.7%
[35m[MSG][0m itr   692, best 5560.3628, time 1009.8, minPhero 0.01(232), stagnancy 8.0%
[35m[MSG][0m itr   693, best 5560.3628, time 1011.2, minPhero 0.01(232), stagnancy 8.3%
[35m[MSG][0m itr   694, best 5560.3628, time 1012.7, minPhero 0.01(232), stagnancy 8.7%
[35m[MSG][0m itr   695, best 5560.3628, time 1014.2, minPhero 0.01(232), stagnancy 9.0%
[35m[MSG][0m itr   696, best 5560.3628, time 1015.6, minPhero 0.01(232), stagnancy 9.3%
[35m[MSG][0m itr   697, best 5560.3628, time 1017.1, minPhero 0.01(232), stagnancy 9.7%
[35m[MSG][0m itr   698, best 5560.3628, time 1018.6, minPhero 0.01(232), stagnancy 10.0%
[35m[MSG][0m itr   699, best 5560.3628, time 1020.1, minPhero 0.01(232), stagnancy 10.3%
[35m[MSG][0m itr   700, best 5560.3628, time 1021.5, minPhero 0.01(232), stagnancy 10.7%
[35m[MSG][0m itr   701, best 5560.3628, time 1023.0, minPhero 0.01(232), stagnancy 11.0%
[35m[MSG][0m itr   702, best 5560.3628, time 1024.5, minPhero 0.01(232), stagnancy 11.3%
[35m[MSG][0m itr   703, best 5560.3628, time 1025.9, minPhero 0.01(232), stagnancy 11.7%
[35m[MSG][0m itr   704, best 5560.3628, time 1027.5, minPhero 0.01(232), stagnancy 12.0%
[35m[MSG][0m itr   705, best 5560.3628, time 1028.8, minPhero 0.01(232), stagnancy 12.3%
[35m[MSG][0m itr   706, best 5560.3628, time 1030.3, minPhero 0.01(232), stagnancy 12.7%
[35m[MSG][0m itr   707, best 5560.3628, time 1031.8, minPhero 0.01(232), stagnancy 13.0%
[35m[MSG][0m itr   708, best 5560.3628, time 1033.2, minPhero 0.01(232), stagnancy 13.3%
[35m[MSG][0m itr   709, best 5560.3628, time 1034.7, minPhero 0.01(232), stagnancy 13.7%
[35m[MSG][0m itr   710, best 5560.3628, time 1036.2, minPhero 0.01(232), stagnancy 14.0%
[35m[MSG][0m itr   711, best 5560.3628, time 1037.7, minPhero 0.01(232), stagnancy 14.3%
[35m[MSG][0m itr   712, best 5560.3628, time 1039.2, minPhero 0.01(232), stagnancy 14.7%
[35m[MSG][0m itr   713, best 5560.3628, time 1040.6, minPhero 0.01(232), stagnancy 15.0%
[35m[MSG][0m itr   714, best 5560.3628, time 1042.1, minPhero 0.01(232), stagnancy 15.3%
[35m[MSG][0m itr   715, best 5560.3628, time 1043.6, minPhero 0.01(232), stagnancy 15.7%
[35m[MSG][0m itr   716, best 5560.3628, time 1045.0, minPhero 0.01(232), stagnancy 16.0%
[35m[MSG][0m itr   717, best 5560.3628, time 1046.5, minPhero 0.01(232), stagnancy 16.3%
[35m[MSG][0m itr   718, best 5560.3628, time 1047.9, minPhero 0.01(232), stagnancy 16.7%
[35m[MSG][0m itr   719, best 5560.3628, time 1049.5, minPhero 0.01(232), stagnancy 17.0%
[35m[MSG][0m itr   720, best 5560.3628, time 1050.9, minPhero 0.01(232), stagnancy 17.3%
[35m[MSG][0m itr   721, best 5560.3628, time 1052.4, minPhero 0.01(232), stagnancy 17.7%
[35m[MSG][0m itr   722, best 5560.3628, time 1053.9, minPhero 0.01(232), stagnancy 18.0%
[35m[MSG][0m itr   723, best 5560.3628, time 1055.4, minPhero 0.01(232), stagnancy 18.3%
[35m[MSG][0m itr   724, best 5560.3628, time 1056.8, minPhero 0.01(232), stagnancy 18.7%
[35m[MSG][0m itr   725, best 5560.3628, time 1058.3, minPhero 0.01(232), stagnancy 19.0%
[35m[MSG][0m itr   726, best 5560.3628, time 1059.8, minPhero 0.01(232), stagnancy 19.3%
[35m[MSG][0m itr   727, best 5560.3628, time 1061.2, minPhero 0.01(232), stagnancy 19.7%
[35m[MSG][0m itr   728, best 5560.3628, time 1062.7, minPhero 0.01(232), stagnancy 20.0%
[35m[MSG][0m itr   729, best 5560.3628, time 1064.1, minPhero 0.01(232), stagnancy 20.3%
[35m[MSG][0m itr   730, best 5560.3628, time 1065.6, minPhero 0.01(232), stagnancy 20.7%
[35m[MSG][0m itr   731, best 5560.3628, time 1067.1, minPhero 0.01(232), stagnancy 21.0%
[35m[MSG][0m itr   732, best 5560.3628, time 1068.5, minPhero 0.01(232), stagnancy 21.3%
[35m[MSG][0m itr   733, best 5560.3628, time 1070.0, minPhero 0.01(232), stagnancy 21.7%
[35m[MSG][0m itr   734, best 5560.3628, time 1071.5, minPhero 0.01(232), stagnancy 22.0%
[35m[MSG][0m itr   735, best 5560.3628, time 1072.9, minPhero 0.01(232), stagnancy 22.3%
[35m[MSG][0m itr   736, best 5560.3628, time 1074.4, minPhero 0.01(232), stagnancy 22.7%
[35m[MSG][0m itr   737, best 5560.3628, time 1075.9, minPhero 0.01(232), stagnancy 23.0%
[35m[MSG][0m itr   738, best 5560.3628, time 1077.4, minPhero 0.01(232), stagnancy 23.3%
[35m[MSG][0m itr   739, best 5560.3628, time 1078.8, minPhero 0.01(232), stagnancy 23.7%
[35m[MSG][0m itr   740, best 5560.3628, time 1080.2, minPhero 0.01(232), stagnancy 24.0%
[35m[MSG][0m itr   741, best 5560.3628, time 1081.7, minPhero 0.01(232), stagnancy 24.3%
[35m[MSG][0m itr   742, best 5560.3628, time 1083.3, minPhero 0.01(232), stagnancy 24.7%
[35m[MSG][0m itr   743, best 5560.3628, time 1084.8, minPhero 0.01(232), stagnancy 25.0%
[35m[MSG][0m itr   744, best 5560.3628, time 1086.2, minPhero 0.01(232), stagnancy 25.3%
[35m[MSG][0m itr   745, best 5560.3628, time 1087.7, minPhero 0.01(232), stagnancy 25.7%
[35m[MSG][0m itr   746, best 5560.3628, time 1089.2, minPhero 0.01(232), stagnancy 26.0%
[35m[MSG][0m itr   747, best 5560.3628, time 1090.6, minPhero 0.01(232), stagnancy 26.3%
[35m[MSG][0m itr   748, best 5560.3628, time 1092.1, minPhero 0.01(232), stagnancy 26.7%
[35m[MSG][0m itr   749, best 5560.3628, time 1093.6, minPhero 0.01(232), stagnancy 27.0%
[35m[MSG][0m itr   750, best 5560.3628, time 1095.0, minPhero 0.01(232), stagnancy 27.3%
[35m[MSG][0m itr   751, best 5560.3628, time 1096.5, minPhero 0.01(232), stagnancy 27.7%
[35m[MSG][0m itr   752, best 5560.3628, time 1098.0, minPhero 0.01(232), stagnancy 28.0%
[35m[MSG][0m itr   753, best 5560.3628, time 1099.4, minPhero 0.01(232), stagnancy 28.3%
[35m[MSG][0m itr   754, best 5560.3628, time 1100.9, minPhero 0.01(232), stagnancy 28.7%
[35m[MSG][0m itr   755, best 5560.3628, time 1102.4, minPhero 0.01(232), stagnancy 29.0%
[35m[MSG][0m itr   756, best 5560.3628, time 1103.9, minPhero 0.01(232), stagnancy 29.3%
[35m[MSG][0m itr   757, best 5560.3628, time 1105.3, minPhero 0.01(232), stagnancy 29.7%
[35m[MSG][0m itr   758, best 5560.3628, time 1106.8, minPhero 0.01(232), stagnancy 30.0%
[35m[MSG][0m itr   759, best 5560.3628, time 1108.3, minPhero 0.01(232), stagnancy 30.3%
[35m[MSG][0m itr   760, best 5560.3628, time 1109.8, minPhero 0.01(232), stagnancy 30.7%
[35m[MSG][0m itr   761, best 5560.3628, time 1111.2, minPhero 0.01(232), stagnancy 31.0%
[35m[MSG][0m itr   762, best 5560.3628, time 1112.7, minPhero 0.01(232), stagnancy 31.3%
[35m[MSG][0m itr   763, best 5560.3628, time 1114.2, minPhero 0.01(232), stagnancy 31.7%
[35m[MSG][0m itr   764, best 5560.3628, time 1115.7, minPhero 0.01(232), stagnancy 32.0%
[35m[MSG][0m itr   765, best 5560.3628, time 1117.1, minPhero 0.01(232), stagnancy 32.3%
[35m[MSG][0m itr   766, best 5560.3628, time 1118.6, minPhero 0.01(232), stagnancy 32.7%
[35m[MSG][0m itr   767, best 5560.3628, time 1120.0, minPhero 0.01(232), stagnancy 33.0%
[35m[MSG][0m itr   768, best 5560.3628, time 1121.5, minPhero 0.01(232), stagnancy 33.3%
[35m[MSG][0m itr   769, best 5560.3628, time 1123.0, minPhero 0.01(232), stagnancy 33.7%
[35m[MSG][0m itr   770, best 5560.3628, time 1124.5, minPhero 0.01(232), stagnancy 34.0%
[35m[MSG][0m itr   771, best 5560.3628, time 1125.9, minPhero 0.01(232), stagnancy 34.3%
[35m[MSG][0m itr   772, best 5560.3628, time 1127.4, minPhero 0.01(232), stagnancy 34.7%
[35m[MSG][0m itr   773, best 5560.3628, time 1128.8, minPhero 0.01(232), stagnancy 35.0%
[35m[MSG][0m itr   774, best 5560.3628, time 1130.3, minPhero 0.01(232), stagnancy 35.3%
[35m[MSG][0m itr   775, best 5560.3628, time 1131.7, minPhero 0.01(232), stagnancy 35.7%
[35m[MSG][0m itr   776, best 5560.3628, time 1133.2, minPhero 0.01(232), stagnancy 36.0%
[35m[MSG][0m itr   777, best 5560.3628, time 1134.7, minPhero 0.01(232), stagnancy 36.3%
[35m[MSG][0m itr   778, best 5560.3628, time 1136.2, minPhero 0.01(232), stagnancy 36.7%
[35m[MSG][0m itr   779, best 5560.3628, time 1137.7, minPhero 0.01(232), stagnancy 37.0%
[35m[MSG][0m itr   780, best 5560.3628, time 1139.1, minPhero 0.01(232), stagnancy 37.3%
[35m[MSG][0m itr   781, best 5560.3628, time 1140.6, minPhero 0.01(232), stagnancy 37.7%
[35m[MSG][0m itr   782, best 5560.3628, time 1142.1, minPhero 0.01(232), stagnancy 38.0%
[35m[MSG][0m itr   783, best 5560.3628, time 1143.6, minPhero 0.01(232), stagnancy 38.3%
[35m[MSG][0m itr   784, best 5560.3628, time 1145.1, minPhero 0.01(232), stagnancy 38.7%
[35m[MSG][0m itr   785, best 5560.3628, time 1146.5, minPhero 0.01(232), stagnancy 39.0%
[35m[MSG][0m itr   786, best 5560.3628, time 1148.0, minPhero 0.01(232), stagnancy 39.3%
[35m[MSG][0m itr   787, best 5560.3628, time 1149.4, minPhero 0.01(232), stagnancy 39.7%
[35m[MSG][0m itr   788, best 5560.3628, time 1150.9, minPhero 0.01(232), stagnancy 40.0%
[35m[MSG][0m itr   789, best 5560.3628, time 1152.4, minPhero 0.01(232), stagnancy 40.3%
[35m[MSG][0m itr   790, best 5560.3628, time 1153.9, minPhero 0.01(232), stagnancy 40.7%
[35m[MSG][0m itr   791, best 5560.3628, time 1155.3, minPhero 0.01(232), stagnancy 41.0%
[35m[MSG][0m itr   792, best 5560.3628, time 1156.8, minPhero 0.01(232), stagnancy 41.3%
[35m[MSG][0m itr   793, best 5560.3628, time 1158.3, minPhero 0.01(232), stagnancy 41.7%
[35m[MSG][0m itr   794, best 5560.3628, time 1159.7, minPhero 0.01(232), stagnancy 42.0%
[35m[MSG][0m itr   795, best 5560.3628, time 1161.2, minPhero 0.01(232), stagnancy 42.3%
[35m[MSG][0m itr   796, best 5560.3628, time 1162.7, minPhero 0.01(232), stagnancy 42.7%
[35m[MSG][0m itr   797, best 5560.3628, time 1164.1, minPhero 0.01(232), stagnancy 43.0%
[35m[MSG][0m itr   798, best 5560.3628, time 1165.5, minPhero 0.01(232), stagnancy 43.3%
[35m[MSG][0m itr   799, best 5560.3628, time 1166.8, minPhero 0.01(232), stagnancy 43.7%
[35m[MSG][0m itr   800, best 5560.3628, time 1168.3, minPhero 0.01(232), stagnancy 44.0%
[35m[MSG][0m itr   801, best 5560.3628, time 1169.8, minPhero 0.01(232), stagnancy 44.3%
[35m[MSG][0m itr   802, best 5560.3628, time 1171.3, minPhero 0.01(232), stagnancy 44.7%
[35m[MSG][0m itr   803, best 5560.3628, time 1172.7, minPhero 0.01(232), stagnancy 45.0%
[35m[MSG][0m itr   804, best 5560.3628, time 1174.3, minPhero 0.01(232), stagnancy 45.3%
[35m[MSG][0m itr   805, best 5560.3628, time 1175.7, minPhero 0.01(232), stagnancy 45.7%
[35m[MSG][0m itr   806, best 5560.3628, time 1177.2, minPhero 0.01(232), stagnancy 46.0%
[35m[MSG][0m itr   807, best 5560.3628, time 1178.6, minPhero 0.01(232), stagnancy 46.3%
[35m[MSG][0m itr   808, best 5560.3628, time 1180.1, minPhero 0.01(232), stagnancy 46.7%
[35m[MSG][0m itr   809, best 5560.3628, time 1181.6, minPhero 0.01(232), stagnancy 47.0%
[35m[MSG][0m itr   810, best 5560.3628, time 1183.1, minPhero 0.01(232), stagnancy 47.3%
[35m[MSG][0m itr   811, best 5560.3628, time 1184.5, minPhero 0.01(232), stagnancy 47.7%
[35m[MSG][0m itr   812, best 5560.3628, time 1186.0, minPhero 0.01(232), stagnancy 48.0%
[35m[MSG][0m itr   813, best 5560.3628, time 1187.4, minPhero 0.01(232), stagnancy 48.3%
[35m[MSG][0m itr   814, best 5560.3628, time 1188.9, minPhero 0.01(232), stagnancy 48.7%
[35m[MSG][0m itr   815, best 5560.3628, time 1190.4, minPhero 0.01(232), stagnancy 49.0%
[35m[MSG][0m itr   816, best 5560.3628, time 1191.9, minPhero 0.01(232), stagnancy 49.3%
[35m[MSG][0m itr   817, best 5560.3628, time 1193.4, minPhero 0.01(232), stagnancy 49.7%
[35m[MSG][0m itr   818, best 5560.3628, time 1194.8, minPhero 0.01(232), stagnancy 50.0%
[35m[MSG][0m itr   819, best 5560.3628, time 1196.3, minPhero 0.01(232), stagnancy 50.3%
[35m[MSG][0m itr   820, best 5560.3628, time 1197.8, minPhero 0.01(232), stagnancy 50.7%
[35m[MSG][0m itr   821, best 5560.3628, time 1199.3, minPhero 0.01(232), stagnancy 51.0%
[35m[MSG][0m itr   822, best 5560.3628, time 1200.8, minPhero 0.01(232), stagnancy 51.3%
[35m[MSG][0m itr   823, best 5560.3628, time 1202.2, minPhero 0.01(232), stagnancy 51.7%
[35m[MSG][0m itr   824, best 5560.3628, time 1203.7, minPhero 0.01(232), stagnancy 52.0%
[35m[MSG][0m itr   825, best 5560.3628, time 1205.2, minPhero 0.01(232), stagnancy 52.3%
[35m[MSG][0m itr   826, best 5560.3628, time 1206.6, minPhero 0.01(232), stagnancy 52.7%
[35m[MSG][0m itr   827, best 5560.3628, time 1208.1, minPhero 0.01(232), stagnancy 53.0%
[35m[MSG][0m itr   828, best 5560.3628, time 1209.5, minPhero 0.01(232), stagnancy 53.3%
[35m[MSG][0m itr   829, best 5560.3628, time 1211.0, minPhero 0.01(232), stagnancy 53.7%
[35m[MSG][0m itr   830, best 5560.3628, time 1212.5, minPhero 0.01(232), stagnancy 54.0%
[35m[MSG][0m itr   831, best 5560.3628, time 1214.0, minPhero 0.01(232), stagnancy 54.3%
[35m[MSG][0m itr   832, best 5560.3628, time 1215.4, minPhero 0.01(232), stagnancy 54.7%
[35m[MSG][0m itr   833, best 5560.3628, time 1216.9, minPhero 0.01(232), stagnancy 55.0%
[35m[MSG][0m itr   834, best 5560.3628, time 1218.4, minPhero 0.01(232), stagnancy 55.3%
[35m[MSG][0m itr   835, best 5560.3628, time 1219.9, minPhero 0.01(232), stagnancy 55.7%
[35m[MSG][0m itr   836, best 5560.3628, time 1221.3, minPhero 0.01(232), stagnancy 56.0%
[35m[MSG][0m itr   837, best 5560.3628, time 1222.8, minPhero 0.01(232), stagnancy 56.3%
[35m[MSG][0m itr   838, best 5560.3628, time 1224.3, minPhero 0.01(232), stagnancy 56.7%
[35m[MSG][0m itr   839, best 5560.3628, time 1225.6, minPhero 0.01(232), stagnancy 57.0%
[35m[MSG][0m itr   840, best 5560.3628, time 1226.9, minPhero 0.01(232), stagnancy 57.3%
[35m[MSG][0m itr   841, best 5560.3628, time 1228.4, minPhero 0.01(232), stagnancy 57.7%
[35m[MSG][0m itr   842, best 5560.3628, time 1229.8, minPhero 0.01(232), stagnancy 58.0%
[35m[MSG][0m itr   843, best 5560.3628, time 1231.3, minPhero 0.01(232), stagnancy 58.3%
[35m[MSG][0m itr   844, best 5560.3628, time 1232.7, minPhero 0.01(232), stagnancy 58.7%
[35m[MSG][0m itr   845, best 5560.3628, time 1234.2, minPhero 0.01(232), stagnancy 59.0%
[35m[MSG][0m itr   846, best 5560.3628, time 1235.7, minPhero 0.01(232), stagnancy 59.3%
[35m[MSG][0m itr   847, best 5560.3628, time 1237.2, minPhero 0.01(232), stagnancy 59.7%
[35m[MSG][0m itr   848, best 5560.3628, time 1238.7, minPhero 0.01(232), stagnancy 60.0%
[35m[MSG][0m itr   849, best 5560.3628, time 1240.2, minPhero 0.01(232), stagnancy 60.3%
[35m[MSG][0m itr   850, best 5560.3628, time 1241.6, minPhero 0.01(232), stagnancy 60.7%
[35m[MSG][0m itr   851, best 5560.3628, time 1243.1, minPhero 0.01(232), stagnancy 61.0%
[35m[MSG][0m itr   852, best 5560.3628, time 1244.5, minPhero 0.01(232), stagnancy 61.3%
[35m[MSG][0m itr   853, best 5560.3628, time 1246.0, minPhero 0.01(232), stagnancy 61.7%
[35m[MSG][0m itr   854, best 5560.3628, time 1247.5, minPhero 0.01(232), stagnancy 62.0%
[35m[MSG][0m itr   855, best 5560.3628, time 1248.9, minPhero 0.01(232), stagnancy 62.3%
[35m[MSG][0m itr   856, best 5560.3628, time 1250.4, minPhero 0.01(232), stagnancy 62.7%
[35m[MSG][0m itr   857, best 5560.3628, time 1251.9, minPhero 0.01(232), stagnancy 63.0%
[35m[MSG][0m itr   858, best 5560.3628, time 1253.3, minPhero 0.01(232), stagnancy 63.3%
[35m[MSG][0m itr   859, best 5560.3628, time 1254.8, minPhero 0.01(232), stagnancy 63.7%
[35m[MSG][0m itr   860, best 5560.3628, time 1256.2, minPhero 0.01(232), stagnancy 64.0%
[35m[MSG][0m itr   861, best 5560.3628, time 1257.7, minPhero 0.01(232), stagnancy 64.3%
[35m[MSG][0m itr   862, best 5560.3628, time 1259.1, minPhero 0.01(232), stagnancy 64.7%
[35m[MSG][0m itr   863, best 5560.3628, time 1260.6, minPhero 0.01(232), stagnancy 65.0%
[35m[MSG][0m itr   864, best 5560.3628, time 1262.1, minPhero 0.01(232), stagnancy 65.3%
[35m[MSG][0m itr   865, best 5560.3628, time 1263.5, minPhero 0.01(232), stagnancy 65.7%
[35m[MSG][0m itr   866, best 5560.3628, time 1265.0, minPhero 0.01(232), stagnancy 66.0%
[35m[MSG][0m itr   867, best 5560.3628, time 1266.5, minPhero 0.01(232), stagnancy 66.3%
[35m[MSG][0m itr   868, best 5560.3628, time 1267.9, minPhero 0.01(232), stagnancy 66.7%
[35m[MSG][0m itr   869, best 5560.3628, time 1269.4, minPhero 0.01(232), stagnancy 67.0%
[35m[MSG][0m itr   870, best 5560.3628, time 1270.9, minPhero 0.01(232), stagnancy 67.3%
[35m[MSG][0m itr   871, best 5560.3628, time 1272.3, minPhero 0.01(232), stagnancy 67.7%
[35m[MSG][0m itr   872, best 5560.3628, time 1273.8, minPhero 0.01(232), stagnancy 68.0%
[35m[MSG][0m itr   873, best 5560.3628, time 1275.3, minPhero 0.01(232), stagnancy 68.3%
[35m[MSG][0m itr   874, best 5560.3628, time 1276.7, minPhero 0.01(232), stagnancy 68.7%
[35m[MSG][0m itr   875, best 5560.3628, time 1278.2, minPhero 0.01(232), stagnancy 69.0%
[35m[MSG][0m itr   876, best 5560.3628, time 1279.5, minPhero 0.01(232), stagnancy 69.3%
[35m[MSG][0m itr   877, best 5560.3628, time 1281.0, minPhero 0.01(232), stagnancy 69.7%
[35m[MSG][0m itr   878, best 5560.3628, time 1282.5, minPhero 0.01(232), stagnancy 70.0%
[35m[MSG][0m itr   879, best 5560.3628, time 1284.0, minPhero 0.01(232), stagnancy 70.3%
[35m[MSG][0m itr   880, best 5560.3628, time 1285.4, minPhero 0.01(232), stagnancy 70.7%
[35m[MSG][0m itr   881, best 5560.3628, time 1286.9, minPhero 0.01(232), stagnancy 71.0%
[35m[MSG][0m itr   882, best 5560.3628, time 1288.4, minPhero 0.01(232), stagnancy 71.3%
[35m[MSG][0m itr   883, best 5560.3628, time 1289.8, minPhero 0.01(232), stagnancy 71.7%
[35m[MSG][0m itr   884, best 5560.3628, time 1291.2, minPhero 0.01(232), stagnancy 72.0%
[35m[MSG][0m itr   885, best 5560.3628, time 1292.7, minPhero 0.01(232), stagnancy 72.3%
[35m[MSG][0m itr   886, best 5560.3628, time 1294.2, minPhero 0.01(232), stagnancy 72.7%
[35m[MSG][0m itr   887, best 5560.3628, time 1295.7, minPhero 0.01(232), stagnancy 73.0%
[35m[MSG][0m itr   888, best 5560.3628, time 1297.2, minPhero 0.01(232), stagnancy 73.3%
[35m[MSG][0m itr   889, best 5560.3628, time 1298.6, minPhero 0.01(232), stagnancy 73.7%
[35m[MSG][0m itr   890, best 5560.3628, time 1300.1, minPhero 0.01(232), stagnancy 74.0%
[35m[MSG][0m itr   891, best 5560.3628, time 1301.6, minPhero 0.01(232), stagnancy 74.3%
[35m[MSG][0m itr   892, best 5560.3628, time 1303.1, minPhero 0.01(232), stagnancy 74.7%
[35m[MSG][0m itr   893, best 5560.3628, time 1304.6, minPhero 0.01(232), stagnancy 75.0%
[35m[MSG][0m itr   894, best 5560.3628, time 1306.0, minPhero 0.01(232), stagnancy 75.3%
[35m[MSG][0m itr   895, best 5560.3628, time 1307.5, minPhero 0.01(232), stagnancy 75.7%
[35m[MSG][0m itr   896, best 5560.3628, time 1309.0, minPhero 0.01(232), stagnancy 76.0%
[35m[MSG][0m itr   897, best 5560.3628, time 1310.4, minPhero 0.01(232), stagnancy 76.3%
[35m[MSG][0m itr   898, best 5560.3628, time 1311.9, minPhero 0.01(232), stagnancy 76.7%
[35m[MSG][0m itr   899, best 5560.3628, time 1313.4, minPhero 0.01(232), stagnancy 77.0%
[35m[MSG][0m itr   900, best 5560.3628, time 1314.8, minPhero 0.01(232), stagnancy 77.3%
[35m[MSG][0m itr   901, best 5560.3628, time 1316.3, minPhero 0.01(232), stagnancy 77.7%
[35m[MSG][0m itr   902, best 5560.3628, time 1317.8, minPhero 0.01(232), stagnancy 78.0%
[35m[MSG][0m itr   903, best 5560.3628, time 1319.2, minPhero 0.01(232), stagnancy 78.3%
[35m[MSG][0m itr   904, best 5560.3628, time 1320.7, minPhero 0.01(232), stagnancy 78.7%
[35m[MSG][0m itr   905, best 5560.3628, time 1322.1, minPhero 0.01(232), stagnancy 79.0%
[35m[MSG][0m itr   906, best 5560.3628, time 1323.6, minPhero 0.01(232), stagnancy 79.3%
[35m[MSG][0m itr   907, best 5560.3628, time 1325.1, minPhero 0.01(232), stagnancy 79.7%
[35m[MSG][0m itr   908, best 5560.3628, time 1326.5, minPhero 0.01(232), stagnancy 80.0%
[35m[MSG][0m itr   909, best 5560.3628, time 1328.0, minPhero 0.01(232), stagnancy 80.3%
[35m[MSG][0m itr   910, best 5560.3628, time 1329.5, minPhero 0.01(232), stagnancy 80.7%
[35m[MSG][0m itr   911, best 5560.3628, time 1331.0, minPhero 0.01(232), stagnancy 81.0%
[35m[MSG][0m itr   912, best 5560.3628, time 1332.5, minPhero 0.01(232), stagnancy 81.3%
[35m[MSG][0m itr   913, best 5560.3628, time 1333.9, minPhero 0.01(232), stagnancy 81.7%
[35m[MSG][0m itr   914, best 5560.3628, time 1335.4, minPhero 0.01(232), stagnancy 82.0%
[35m[MSG][0m itr   915, best 5560.3628, time 1336.9, minPhero 0.01(232), stagnancy 82.3%
[35m[MSG][0m itr   916, best 5560.3628, time 1338.3, minPhero 0.01(232), stagnancy 82.7%
[35m[MSG][0m itr   917, best 5560.3628, time 1339.8, minPhero 0.01(232), stagnancy 83.0%
[35m[MSG][0m itr   918, best 5560.3628, time 1341.3, minPhero 0.01(232), stagnancy 83.3%
[35m[MSG][0m itr   919, best 5560.3628, time 1342.7, minPhero 0.01(232), stagnancy 83.7%
[35m[MSG][0m itr   920, best 5560.3628, time 1344.2, minPhero 0.01(232), stagnancy 84.0%
[35m[MSG][0m itr   921, best 5560.3628, time 1345.6, minPhero 0.01(232), stagnancy 84.3%
[35m[MSG][0m itr   922, best 5560.3628, time 1346.9, minPhero 0.01(232), stagnancy 84.7%
[35m[MSG][0m itr   923, best 5560.3628, time 1348.4, minPhero 0.01(232), stagnancy 85.0%
[35m[MSG][0m itr   924, best 5560.3628, time 1349.9, minPhero 0.01(232), stagnancy 85.3%
[35m[MSG][0m itr   925, best 5560.3628, time 1351.3, minPhero 0.01(232), stagnancy 85.7%
[35m[MSG][0m itr   926, best 5560.3628, time 1352.8, minPhero 0.01(232), stagnancy 86.0%
[35m[MSG][0m itr   927, best 5560.3628, time 1354.3, minPhero 0.01(232), stagnancy 86.3%
[35m[MSG][0m itr   928, best 5560.3628, time 1355.7, minPhero 0.01(232), stagnancy 86.7%
[35m[MSG][0m itr   929, best 5560.3628, time 1357.2, minPhero 0.01(232), stagnancy 87.0%
[35m[MSG][0m itr   930, best 5560.3628, time 1358.6, minPhero 0.01(232), stagnancy 87.3%
[35m[MSG][0m itr   931, best 5560.3628, time 1360.1, minPhero 0.01(232), stagnancy 87.7%
[35m[MSG][0m itr   932, best 5560.3628, time 1361.6, minPhero 0.01(232), stagnancy 88.0%
[35m[MSG][0m itr   933, best 5560.3628, time 1363.0, minPhero 0.01(232), stagnancy 88.3%
[35m[MSG][0m itr   934, best 5560.3628, time 1364.5, minPhero 0.01(232), stagnancy 88.7%
[35m[MSG][0m itr   935, best 5560.3628, time 1365.9, minPhero 0.01(232), stagnancy 89.0%
[35m[MSG][0m itr   936, best 5560.3628, time 1367.4, minPhero 0.01(232), stagnancy 89.3%
[35m[MSG][0m itr   937, best 5560.3628, time 1368.9, minPhero 0.01(232), stagnancy 89.7%
[35m[MSG][0m itr   938, best 5560.3628, time 1370.4, minPhero 0.01(232), stagnancy 90.0%
[35m[MSG][0m itr   939, best 5560.3628, time 1371.9, minPhero 0.01(232), stagnancy 90.3%
[35m[MSG][0m itr   940, best 5560.3628, time 1373.3, minPhero 0.01(232), stagnancy 90.7%
[35m[MSG][0m itr   941, best 5560.3628, time 1374.6, minPhero 0.01(232), stagnancy 91.0%
[35m[MSG][0m itr   942, best 5560.3628, time 1376.1, minPhero 0.01(232), stagnancy 91.3%
[35m[MSG][0m itr   943, best 5560.3628, time 1377.5, minPhero 0.01(232), stagnancy 91.7%
[35m[MSG][0m itr   944, best 5560.3628, time 1379.0, minPhero 0.01(232), stagnancy 92.0%
[35m[MSG][0m itr   945, best 5560.3628, time 1380.5, minPhero 0.01(232), stagnancy 92.3%
[35m[MSG][0m itr   946, best 5560.3628, time 1381.9, minPhero 0.01(232), stagnancy 92.7%
[35m[MSG][0m itr   947, best 5560.3628, time 1383.4, minPhero 0.01(232), stagnancy 93.0%
[35m[MSG][0m itr   948, best 5560.3628, time 1384.9, minPhero 0.01(232), stagnancy 93.3%
[35m[MSG][0m itr   949, best 5560.3628, time 1386.4, minPhero 0.01(232), stagnancy 93.7%
[35m[MSG][0m itr   950, best 5560.3628, time 1387.8, minPhero 0.01(232), stagnancy 94.0%
[35m[MSG][0m itr   951, best 5560.3628, time 1389.3, minPhero 0.01(232), stagnancy 94.3%
[35m[MSG][0m itr   952, best 5560.3628, time 1390.8, minPhero 0.01(232), stagnancy 94.7%
[35m[MSG][0m itr   953, best 5560.3628, time 1392.3, minPhero 0.01(232), stagnancy 95.0%
[35m[MSG][0m itr   954, best 5560.3628, time 1393.7, minPhero 0.01(232), stagnancy 95.3%
[35m[MSG][0m itr   955, best 5560.3628, time 1395.2, minPhero 0.01(232), stagnancy 95.7%
[35m[MSG][0m itr   956, best 5560.3628, time 1396.7, minPhero 0.01(232), stagnancy 96.0%
[35m[MSG][0m itr   957, best 5560.3628, time 1398.2, minPhero 0.01(232), stagnancy 96.3%
[35m[MSG][0m itr   958, best 5560.3628, time 1399.5, minPhero 0.01(232), stagnancy 96.7%
[35m[MSG][0m itr   959, best 5560.3628, time 1401.0, minPhero 0.01(232), stagnancy 97.0%
[35m[MSG][0m itr   960, best 5560.3628, time 1402.5, minPhero 0.01(232), stagnancy 97.3%
[35m[MSG][0m itr   961, best 5560.3628, time 1404.0, minPhero 0.01(232), stagnancy 97.7%
[35m[MSG][0m itr   962, best 5560.3628, time 1405.4, minPhero 0.01(232), stagnancy 98.0%
[35m[MSG][0m itr   963, best 5560.3628, time 1406.7, minPhero 0.01(232), stagnancy 98.3%
[35m[MSG][0m itr   964, best 5560.3628, time 1408.1, minPhero 0.01(232), stagnancy 98.7%
[35m[MSG][0m itr   965, best 5560.3628, time 1409.6, minPhero 0.01(232), stagnancy 99.0%
[35m[MSG][0m itr   966, best 5560.3628, time 1411.1, minPhero 0.01(232), stagnancy 99.3%
[35m[MSG][0m itr   967, best 5560.3628, time 1412.4, minPhero 0.01(232), stagnancy 99.7%
[35m[MSG][0m itr   968, best 5560.3628, time 1413.9, minPhero 0.01(232), stagnancy 100.0%
[35m[MSG][0m Solution converged. Reinitialising pheromones...
[35m[MSG][0m Time: 1413.94 s
[35m[MSG][0m Best cost: 5560.36
