[35m[MSG][0m Log level set to LOG_DEBUG
[35m[MSG][0m Parsing input from file "res/fruitybun250_2016.vrp"
[35m[MSG][0m Number of nodes: 250
[35m[MSG][0m Running ACO search
[35m[MSG][0m ACO settings: 
 alpha:     8.000
 beta:      1.000
 pers:      0.870
 minPhero:  0.015
 nbhood:    10
 popSize:   256
 maxStag:   300
[35m[MSG][0m itr     1, best 5758.8511, time    0.7, minPhero 0.87(28922), stagnancy 0.0%
[35m[MSG][0m itr     2, best 5758.8511, time    1.4, minPhero 0.76(28922), stagnancy 0.3%
[35m[MSG][0m itr     3, best 5758.8511, time    2.1, minPhero 0.66(28922), stagnancy 0.7%
[35m[MSG][0m itr     4, best 5758.8511, time    2.8, minPhero 0.57(28922), stagnancy 1.0%
[35m[MSG][0m itr     5, best 5744.3950, time    3.6, minPhero 0.50(28922), stagnancy 0.0%
[35m[MSG][0m itr     6, best 5703.9302, time    4.3, minPhero 0.43(28922), stagnancy 0.0%
[35m[MSG][0m itr     7, best 5703.9302, time    5.0, minPhero 0.38(28922), stagnancy 0.3%
[35m[MSG][0m itr     8, best 5703.9302, time    5.8, minPhero 0.33(28922), stagnancy 0.7%
[35m[MSG][0m itr     9, best 5703.9302, time    6.5, minPhero 0.29(28922), stagnancy 1.0%
[35m[MSG][0m itr    10, best 5703.9302, time    7.2, minPhero 0.25(28922), stagnancy 1.3%
[35m[MSG][0m itr    11, best 5703.9302, time    8.0, minPhero 0.22(28922), stagnancy 1.7%
[35m[MSG][0m itr    12, best 5703.9302, time    8.8, minPhero 0.19(28922), stagnancy 2.0%
[35m[MSG][0m itr    13, best 5703.9302, time    9.5, minPhero 0.16(28922), stagnancy 2.3%
[35m[MSG][0m itr    14, best 5703.9302, time   10.3, minPhero 0.14(28922), stagnancy 2.7%
[35m[MSG][0m itr    15, best 5699.4180, time   11.0, minPhero 0.12(28922), stagnancy 0.0%
[35m[MSG][0m itr    16, best 5699.4180, time   11.8, minPhero 0.11(28922), stagnancy 0.3%
[35m[MSG][0m itr    17, best 5699.4180, time   12.5, minPhero 0.09(28922), stagnancy 0.7%
[35m[MSG][0m itr    18, best 5695.7329, time   13.3, minPhero 0.08(28922), stagnancy 0.0%
[35m[MSG][0m itr    19, best 5686.0859, time   14.0, minPhero 0.07(28922), stagnancy 0.0%
[35m[MSG][0m itr    20, best 5675.2603, time   14.8, minPhero 0.06(28922), stagnancy 0.0%
[35m[MSG][0m itr    21, best 5675.1880, time   15.5, minPhero 0.05(28922), stagnancy 0.0%
[35m[MSG][0m itr    22, best 5675.1880, time   16.3, minPhero 0.05(28922), stagnancy 0.3%
[35m[MSG][0m itr    23, best 5671.5771, time   17.0, minPhero 0.04(28922), stagnancy 0.0%
[35m[MSG][0m itr    24, best 5660.3101, time   17.8, minPhero 0.04(28922), stagnancy 0.0%
[35m[MSG][0m itr    25, best 5653.6860, time   18.5, minPhero 0.03(28922), stagnancy 0.0%
[35m[MSG][0m itr    26, best 5653.6860, time   19.2, minPhero 0.03(28922), stagnancy 0.3%
[35m[MSG][0m itr    27, best 5653.6860, time   20.0, minPhero 0.02(560), stagnancy 0.7%
[35m[MSG][0m itr    28, best 5643.6763, time   20.7, minPhero 0.02(563), stagnancy 0.0%
[35m[MSG][0m itr    29, best 5643.6763, time   21.5, minPhero 0.02(521), stagnancy 0.3%
[35m[MSG][0m itr    30, best 5633.3354, time   22.2, minPhero 0.02(523), stagnancy 0.0%
[35m[MSG][0m itr    31, best 5633.3354, time   23.0, minPhero 0.01(477), stagnancy 0.3%
[35m[MSG][0m itr    32, best 5633.3354, time   23.7, minPhero 0.01(463), stagnancy 0.7%
[35m[MSG][0m itr    33, best 5633.3354, time   24.5, minPhero 0.01(463), stagnancy 1.0%
[35m[MSG][0m itr    34, best 5630.8711, time   25.2, minPhero 0.01(429), stagnancy 0.0%
[35m[MSG][0m itr    35, best 5630.8711, time   26.0, minPhero 0.01(416), stagnancy 0.3%
[35m[MSG][0m itr    36, best 5630.8711, time   26.7, minPhero 0.01(411), stagnancy 0.7%
[35m[MSG][0m itr    37, best 5628.3682, time   27.5, minPhero 0.01(402), stagnancy 0.0%
[35m[MSG][0m itr    38, best 5626.9014, time   28.2, minPhero 0.01(375), stagnancy 0.0%
[35m[MSG][0m itr    39, best 5626.9014, time   28.9, minPhero 0.01(373), stagnancy 0.3%
[35m[MSG][0m itr    40, best 5626.9014, time   29.7, minPhero 0.01(334), stagnancy 0.7%
[35m[MSG][0m itr    41, best 5622.7646, time   30.5, minPhero 0.01(329), stagnancy 0.0%
[35m[MSG][0m itr    42, best 5622.7646, time   31.2, minPhero 0.01(325), stagnancy 0.3%
[35m[MSG][0m itr    43, best 5621.5781, time   32.0, minPhero 0.01(318), stagnancy 0.0%
[35m[MSG][0m itr    44, best 5621.5781, time   32.7, minPhero 0.01(314), stagnancy 0.3%
[35m[MSG][0m itr    45, best 5620.5039, time   33.5, minPhero 0.01(307), stagnancy 0.0%
[35m[MSG][0m itr    46, best 5619.8926, time   34.2, minPhero 0.01(307), stagnancy 0.0%
[35m[MSG][0m itr    47, best 5619.7314, time   35.0, minPhero 0.01(297), stagnancy 0.0%
[35m[MSG][0m itr    48, best 5617.2192, time   35.7, minPhero 0.01(297), stagnancy 0.0%
[35m[MSG][0m itr    49, best 5617.2192, time   36.5, minPhero 0.01(290), stagnancy 0.3%
[35m[MSG][0m itr    50, best 5617.2192, time   37.2, minPhero 0.01(286), stagnancy 0.7%
[35m[MSG][0m itr    51, best 5617.2188, time   37.9, minPhero 0.01(285), stagnancy 0.0%
[35m[MSG][0m itr    52, best 5617.2188, time   38.7, minPhero 0.01(283), stagnancy 0.3%
[35m[MSG][0m itr    53, best 5617.2188, time   39.4, minPhero 0.01(279), stagnancy 0.7%
[35m[MSG][0m itr    54, best 5617.2188, time   40.1, minPhero 0.01(277), stagnancy 1.0%
[35m[MSG][0m itr    55, best 5616.4746, time   40.9, minPhero 0.01(278), stagnancy 0.0%
[35m[MSG][0m itr    56, best 5615.4165, time   41.6, minPhero 0.01(281), stagnancy 0.0%
[35m[MSG][0m itr    57, best 5615.4165, time   42.3, minPhero 0.01(280), stagnancy 0.3%
[35m[MSG][0m itr    58, best 5615.3682, time   43.1, minPhero 0.01(275), stagnancy 0.0%
[35m[MSG][0m itr    59, best 5615.2368, time   43.8, minPhero 0.01(269), stagnancy 0.0%
[35m[MSG][0m itr    60, best 5615.2368, time   44.6, minPhero 0.01(267), stagnancy 0.3%
[35m[MSG][0m itr    61, best 5613.0947, time   45.3, minPhero 0.01(273), stagnancy 0.0%
[35m[MSG][0m itr    62, best 5612.6313, time   46.1, minPhero 0.01(272), stagnancy 0.0%
[35m[MSG][0m itr    63, best 5612.3335, time   46.8, minPhero 0.01(269), stagnancy 0.0%
[35m[MSG][0m itr    64, best 5611.9155, time   47.5, minPhero 0.01(275), stagnancy 0.0%
[35m[MSG][0m itr    65, best 5611.9155, time   48.3, minPhero 0.01(274), stagnancy 0.3%
[35m[MSG][0m Solution converged. Reinitialising pheromones...
[35m[MSG][0m itr    66, best 5611.9155, time   49.0, minPhero 0.87(28922), stagnancy 0.7%
[35m[MSG][0m itr    67, best 5611.9155, time   49.8, minPhero 0.76(28922), stagnancy 1.0%
[35m[MSG][0m itr    68, best 5611.9155, time   50.5, minPhero 0.66(28922), stagnancy 1.3%
[35m[MSG][0m itr    69, best 5611.9155, time   51.3, minPhero 0.57(28922), stagnancy 1.7%
[35m[MSG][0m itr    70, best 5611.9155, time   52.0, minPhero 0.50(28922), stagnancy 2.0%
[35m[MSG][0m itr    71, best 5611.9155, time   52.7, minPhero 0.43(28922), stagnancy 2.3%
[35m[MSG][0m itr    72, best 5611.9155, time   53.5, minPhero 0.38(28922), stagnancy 2.7%
[35m[MSG][0m itr    73, best 5611.9155, time   54.2, minPhero 0.33(28922), stagnancy 3.0%
[35m[MSG][0m itr    74, best 5611.9155, time   54.9, minPhero 0.29(28922), stagnancy 3.3%
[35m[MSG][0m itr    75, best 5611.9155, time   55.7, minPhero 0.25(28922), stagnancy 3.7%
[35m[MSG][0m itr    76, best 5611.9155, time   56.4, minPhero 0.22(28922), stagnancy 4.0%
[35m[MSG][0m itr    77, best 5611.9155, time   57.2, minPhero 0.19(28922), stagnancy 4.3%
[35m[MSG][0m itr    78, best 5611.9155, time   57.9, minPhero 0.16(28922), stagnancy 4.7%
[35m[MSG][0m itr    79, best 5611.9155, time   58.7, minPhero 0.14(28922), stagnancy 5.0%
[35m[MSG][0m itr    80, best 5611.9155, time   59.5, minPhero 0.12(28922), stagnancy 5.3%
[35m[MSG][0m itr    81, best 5611.9155, time   60.2, minPhero 0.11(28922), stagnancy 5.7%
[35m[MSG][0m itr    82, best 5611.9155, time   61.0, minPhero 0.09(28922), stagnancy 6.0%
[35m[MSG][0m itr    83, best 5611.9155, time   61.7, minPhero 0.08(28922), stagnancy 6.3%
[35m[MSG][0m itr    84, best 5611.9155, time   62.4, minPhero 0.07(28922), stagnancy 6.7%
[35m[MSG][0m itr    85, best 5611.9155, time   63.2, minPhero 0.06(28922), stagnancy 7.0%
[35m[MSG][0m itr    86, best 5611.9155, time   63.9, minPhero 0.05(28922), stagnancy 7.3%
[35m[MSG][0m itr    87, best 5611.9155, time   64.7, minPhero 0.05(28922), stagnancy 7.7%
[35m[MSG][0m itr    88, best 5611.9155, time   65.4, minPhero 0.04(28922), stagnancy 8.0%
[35m[MSG][0m itr    89, best 5611.9155, time   66.2, minPhero 0.04(28922), stagnancy 8.3%
[35m[MSG][0m itr    90, best 5611.8672, time   66.9, minPhero 0.03(28922), stagnancy 0.0%
[35m[MSG][0m itr    91, best 5611.8672, time   67.7, minPhero 0.03(28922), stagnancy 0.3%
[35m[MSG][0m itr    92, best 5609.6953, time   68.4, minPhero 0.02(239), stagnancy 0.0%
[35m[MSG][0m itr    93, best 5609.6953, time   69.2, minPhero 0.02(239), stagnancy 0.3%
[35m[MSG][0m itr    94, best 5609.6953, time   69.9, minPhero 0.02(239), stagnancy 0.7%
[35m[MSG][0m itr    95, best 5609.6919, time   70.7, minPhero 0.02(240), stagnancy 0.0%
[35m[MSG][0m itr    96, best 5608.7812, time   71.4, minPhero 0.01(245), stagnancy 0.0%
[35m[MSG][0m itr    97, best 5608.7812, time   72.1, minPhero 0.01(245), stagnancy 0.3%
[35m[MSG][0m itr    98, best 5608.7788, time   72.8, minPhero 0.01(245), stagnancy 0.0%
[35m[MSG][0m itr    99, best 5608.7588, time   73.5, minPhero 0.01(248), stagnancy 0.0%
[35m[MSG][0m itr   100, best 5608.2900, time   74.2, minPhero 0.01(249), stagnancy 0.0%
[35m[MSG][0m itr   101, best 5608.2900, time   75.0, minPhero 0.01(249), stagnancy 0.3%
[35m[MSG][0m itr   102, best 5608.0742, time   75.7, minPhero 0.01(254), stagnancy 0.0%
[35m[MSG][0m itr   103, best 5607.7344, time   76.4, minPhero 0.01(254), stagnancy 0.0%
[35m[MSG][0m itr   104, best 5607.7344, time   77.1, minPhero 0.01(254), stagnancy 0.3%
[35m[MSG][0m itr   105, best 5606.8535, time   77.9, minPhero 0.01(256), stagnancy 0.0%
[35m[MSG][0m itr   106, best 5606.2607, time   78.6, minPhero 0.01(258), stagnancy 0.0%
[35m[MSG][0m itr   107, best 5606.2607, time   79.4, minPhero 0.01(258), stagnancy 0.3%
[35m[MSG][0m itr   108, best 5606.2607, time   80.1, minPhero 0.01(258), stagnancy 0.7%
[35m[MSG][0m itr   109, best 5606.2603, time   80.8, minPhero 0.01(258), stagnancy 0.0%
[35m[MSG][0m itr   110, best 5606.2603, time   81.6, minPhero 0.01(258), stagnancy 0.3%
[35m[MSG][0m itr   111, best 5606.2603, time   82.3, minPhero 0.01(258), stagnancy 0.7%
[35m[MSG][0m itr   112, best 5606.2603, time   83.0, minPhero 0.01(258), stagnancy 1.0%
[35m[MSG][0m itr   113, best 5606.0845, time   83.8, minPhero 0.01(260), stagnancy 0.0%
[35m[MSG][0m itr   114, best 5606.0845, time   84.5, minPhero 0.01(259), stagnancy 0.3%
[35m[MSG][0m itr   115, best 5606.0845, time   85.2, minPhero 0.01(257), stagnancy 0.7%
[35m[MSG][0m itr   116, best 5606.0820, time   86.0, minPhero 0.01(257), stagnancy 0.0%
[35m[MSG][0m itr   117, best 5606.0820, time   86.7, minPhero 0.01(257), stagnancy 0.3%
[35m[MSG][0m itr   118, best 5606.0820, time   87.4, minPhero 0.01(251), stagnancy 0.7%
[35m[MSG][0m itr   119, best 5606.0820, time   88.2, minPhero 0.01(249), stagnancy 1.0%
[35m[MSG][0m itr   120, best 5602.8779, time   88.9, minPhero 0.01(261), stagnancy 0.0%
[35m[MSG][0m itr   121, best 5602.8779, time   89.6, minPhero 0.01(261), stagnancy 0.3%
[35m[MSG][0m itr   122, best 5602.8779, time   90.4, minPhero 0.01(259), stagnancy 0.7%
[35m[MSG][0m itr   123, best 5602.8779, time   91.1, minPhero 0.01(258), stagnancy 1.0%
[35m[MSG][0m itr   124, best 5602.8779, time   91.9, minPhero 0.01(257), stagnancy 1.3%
[35m[MSG][0m itr   125, best 5600.9023, time   92.6, minPhero 0.01(256), stagnancy 0.0%
[35m[MSG][0m itr   126, best 5600.9019, time   93.3, minPhero 0.01(255), stagnancy 0.0%
[35m[MSG][0m itr   127, best 5600.8540, time   94.0, minPhero 0.01(254), stagnancy 0.0%
[35m[MSG][0m itr   128, best 5600.8540, time   94.8, minPhero 0.01(252), stagnancy 0.3%
[35m[MSG][0m itr   129, best 5600.8540, time   95.5, minPhero 0.01(249), stagnancy 0.7%
[35m[MSG][0m itr   130, best 5600.8540, time   96.3, minPhero 0.01(249), stagnancy 1.0%
[35m[MSG][0m itr   131, best 5600.8535, time   97.0, minPhero 0.01(248), stagnancy 0.0%
[35m[MSG][0m itr   132, best 5600.8535, time   97.7, minPhero 0.01(248), stagnancy 0.3%
[35m[MSG][0m itr   133, best 5600.1099, time   98.5, minPhero 0.01(256), stagnancy 0.0%
[35m[MSG][0m itr   134, best 5600.1099, time   99.2, minPhero 0.01(256), stagnancy 0.3%
[35m[MSG][0m itr   135, best 5600.1099, time   99.9, minPhero 0.01(256), stagnancy 0.7%
[35m[MSG][0m itr   136, best 5600.1099, time  100.6, minPhero 0.01(256), stagnancy 1.0%
[35m[MSG][0m itr   137, best 5600.1099, time  101.4, minPhero 0.01(256), stagnancy 1.3%
[35m[MSG][0m itr   138, best 5598.0381, time  102.1, minPhero 0.01(258), stagnancy 0.0%
[35m[MSG][0m itr   139, best 5596.4917, time  102.8, minPhero 0.01(258), stagnancy 0.0%
[35m[MSG][0m itr   140, best 5596.4917, time  103.6, minPhero 0.01(257), stagnancy 0.3%
[35m[MSG][0m itr   141, best 5596.4917, time  104.3, minPhero 0.01(257), stagnancy 0.7%
[35m[MSG][0m itr   142, best 5596.4917, time  105.0, minPhero 0.01(257), stagnancy 1.0%
[35m[MSG][0m itr   143, best 5596.4917, time  105.7, minPhero 0.01(256), stagnancy 1.3%
[35m[MSG][0m itr   144, best 5596.4917, time  106.5, minPhero 0.01(256), stagnancy 1.7%
[35m[MSG][0m itr   145, best 5596.4917, time  107.2, minPhero 0.01(254), stagnancy 2.0%
[35m[MSG][0m itr   146, best 5596.4917, time  108.0, minPhero 0.01(246), stagnancy 2.3%
[35m[MSG][0m itr   147, best 5596.4917, time  108.7, minPhero 0.01(246), stagnancy 2.7%
[35m[MSG][0m itr   148, best 5595.8921, time  109.4, minPhero 0.01(248), stagnancy 0.0%
[35m[MSG][0m itr   149, best 5595.8921, time  110.1, minPhero 0.01(248), stagnancy 0.3%
[35m[MSG][0m itr   150, best 5595.8921, time  110.8, minPhero 0.01(246), stagnancy 0.7%
[35m[MSG][0m itr   151, best 5595.8921, time  111.6, minPhero 0.01(245), stagnancy 1.0%
[35m[MSG][0m itr   152, best 5595.8921, time  112.4, minPhero 0.01(245), stagnancy 1.3%
[35m[MSG][0m itr   153, best 5595.8921, time  113.1, minPhero 0.01(245), stagnancy 1.7%
[35m[MSG][0m itr   154, best 5595.8921, time  113.8, minPhero 0.01(244), stagnancy 2.0%
[35m[MSG][0m itr   155, best 5595.8921, time  114.5, minPhero 0.01(243), stagnancy 2.3%
[35m[MSG][0m itr   156, best 5595.8921, time  115.3, minPhero 0.01(243), stagnancy 2.7%
[35m[MSG][0m itr   157, best 5595.8921, time  116.0, minPhero 0.01(242), stagnancy 3.0%
[35m[MSG][0m itr   158, best 5595.8921, time  116.7, minPhero 0.01(240), stagnancy 3.3%
[35m[MSG][0m itr   159, best 5595.8921, time  117.5, minPhero 0.01(234), stagnancy 3.7%
[35m[MSG][0m itr   160, best 5595.8921, time  118.2, minPhero 0.01(234), stagnancy 4.0%
[35m[MSG][0m itr   161, best 5595.8921, time  118.9, minPhero 0.01(234), stagnancy 4.3%
[35m[MSG][0m itr   162, best 5595.8921, time  119.7, minPhero 0.01(234), stagnancy 4.7%
[35m[MSG][0m itr   163, best 5595.8921, time  120.4, minPhero 0.01(234), stagnancy 5.0%
[35m[MSG][0m itr   164, best 5595.8921, time  121.1, minPhero 0.01(234), stagnancy 5.3%
[35m[MSG][0m itr   165, best 5595.8921, time  121.9, minPhero 0.01(234), stagnancy 5.7%
[35m[MSG][0m itr   166, best 5595.8921, time  122.6, minPhero 0.01(234), stagnancy 6.0%
[35m[MSG][0m itr   167, best 5595.8916, time  123.3, minPhero 0.01(234), stagnancy 0.0%
[35m[MSG][0m itr   168, best 5595.8916, time  124.0, minPhero 0.01(234), stagnancy 0.3%
[35m[MSG][0m itr   169, best 5595.8916, time  124.8, minPhero 0.01(234), stagnancy 0.7%
[35m[MSG][0m itr   170, best 5595.8916, time  125.5, minPhero 0.01(234), stagnancy 1.0%
[35m[MSG][0m itr   171, best 5595.8916, time  126.2, minPhero 0.01(234), stagnancy 1.3%
[35m[MSG][0m itr   172, best 5595.8916, time  126.9, minPhero 0.01(234), stagnancy 1.7%
[35m[MSG][0m itr   173, best 5595.8916, time  127.7, minPhero 0.01(234), stagnancy 2.0%
[35m[MSG][0m itr   174, best 5595.8916, time  128.4, minPhero 0.01(232), stagnancy 2.3%
[35m[MSG][0m itr   175, best 5595.8916, time  129.1, minPhero 0.01(232), stagnancy 2.7%
[35m[MSG][0m itr   176, best 5595.8916, time  129.8, minPhero 0.01(232), stagnancy 3.0%
[35m[MSG][0m itr   177, best 5595.8916, time  130.5, minPhero 0.01(232), stagnancy 3.3%
[35m[MSG][0m itr   178, best 5595.8916, time  131.3, minPhero 0.01(232), stagnancy 3.7%
[35m[MSG][0m itr   179, best 5595.8916, time  132.0, minPhero 0.01(232), stagnancy 4.0%
[35m[MSG][0m itr   180, best 5595.8916, time  132.7, minPhero 0.01(232), stagnancy 4.3%
[35m[MSG][0m itr   181, best 5595.8916, time  133.4, minPhero 0.01(232), stagnancy 4.7%
[35m[MSG][0m itr   182, best 5595.8916, time  134.2, minPhero 0.01(232), stagnancy 5.0%
[35m[MSG][0m itr   183, best 5595.8916, time  134.9, minPhero 0.01(232), stagnancy 5.3%
[35m[MSG][0m itr   184, best 5595.8916, time  135.6, minPhero 0.01(232), stagnancy 5.7%
[35m[MSG][0m itr   185, best 5595.8916, time  136.3, minPhero 0.01(232), stagnancy 6.0%
[35m[MSG][0m itr   186, best 5595.8916, time  137.1, minPhero 0.01(232), stagnancy 6.3%
[35m[MSG][0m itr   187, best 5595.8916, time  137.8, minPhero 0.01(232), stagnancy 6.7%
[35m[MSG][0m itr   188, best 5595.8916, time  138.5, minPhero 0.01(232), stagnancy 7.0%
[35m[MSG][0m itr   189, best 5595.8916, time  139.3, minPhero 0.01(232), stagnancy 7.3%
[35m[MSG][0m itr   190, best 5595.8916, time  140.0, minPhero 0.01(232), stagnancy 7.7%
[35m[MSG][0m itr   191, best 5595.8916, time  140.8, minPhero 0.01(232), stagnancy 8.0%
[35m[MSG][0m itr   192, best 5595.8916, time  141.5, minPhero 0.01(232), stagnancy 8.3%
[35m[MSG][0m itr   193, best 5595.8916, time  142.3, minPhero 0.01(232), stagnancy 8.7%
[35m[MSG][0m itr   194, best 5595.8916, time  143.0, minPhero 0.01(232), stagnancy 9.0%
[35m[MSG][0m itr   195, best 5595.8916, time  143.7, minPhero 0.01(232), stagnancy 9.3%
[35m[MSG][0m itr   196, best 5595.8916, time  144.4, minPhero 0.01(232), stagnancy 9.7%
[35m[MSG][0m itr   197, best 5595.8916, time  145.2, minPhero 0.01(232), stagnancy 10.0%
[35m[MSG][0m itr   198, best 5595.8916, time  145.9, minPhero 0.01(232), stagnancy 10.3%
[35m[MSG][0m itr   199, best 5595.8916, time  146.6, minPhero 0.01(232), stagnancy 10.7%
[35m[MSG][0m itr   200, best 5595.8916, time  147.3, minPhero 0.01(232), stagnancy 11.0%
[35m[MSG][0m itr   201, best 5595.8916, time  148.1, minPhero 0.01(232), stagnancy 11.3%
[35m[MSG][0m itr   202, best 5595.8916, time  148.8, minPhero 0.01(232), stagnancy 11.7%
[35m[MSG][0m itr   203, best 5595.8916, time  149.5, minPhero 0.01(232), stagnancy 12.0%
[35m[MSG][0m itr   204, best 5595.8916, time  150.3, minPhero 0.01(232), stagnancy 12.3%
[35m[MSG][0m itr   205, best 5595.8916, time  151.0, minPhero 0.01(232), stagnancy 12.7%
[35m[MSG][0m itr   206, best 5595.8916, time  151.7, minPhero 0.01(232), stagnancy 13.0%
[35m[MSG][0m itr   207, best 5595.8916, time  152.5, minPhero 0.01(232), stagnancy 13.3%
[35m[MSG][0m itr   208, best 5595.8916, time  153.2, minPhero 0.01(232), stagnancy 13.7%
[35m[MSG][0m itr   209, best 5595.8916, time  153.9, minPhero 0.01(232), stagnancy 14.0%
[35m[MSG][0m itr   210, best 5595.8916, time  154.7, minPhero 0.01(232), stagnancy 14.3%
[35m[MSG][0m itr   211, best 5595.8916, time  155.4, minPhero 0.01(232), stagnancy 14.7%
[35m[MSG][0m itr   212, best 5595.8916, time  156.2, minPhero 0.01(232), stagnancy 15.0%
[35m[MSG][0m itr   213, best 5595.8916, time  156.9, minPhero 0.01(232), stagnancy 15.3%
[35m[MSG][0m itr   214, best 5595.8916, time  157.6, minPhero 0.01(232), stagnancy 15.7%
[35m[MSG][0m itr   215, best 5595.8916, time  158.3, minPhero 0.01(232), stagnancy 16.0%
[35m[MSG][0m itr   216, best 5595.8916, time  159.1, minPhero 0.01(232), stagnancy 16.3%
[35m[MSG][0m itr   217, best 5595.8916, time  159.8, minPhero 0.01(232), stagnancy 16.7%
[35m[MSG][0m itr   218, best 5595.8916, time  160.5, minPhero 0.01(232), stagnancy 17.0%
[35m[MSG][0m itr   219, best 5595.8916, time  161.3, minPhero 0.01(232), stagnancy 17.3%
[35m[MSG][0m itr   220, best 5595.8916, time  162.0, minPhero 0.01(232), stagnancy 17.7%
[35m[MSG][0m itr   221, best 5595.8916, time  162.7, minPhero 0.01(232), stagnancy 18.0%
[35m[MSG][0m itr   222, best 5595.8916, time  163.4, minPhero 0.01(232), stagnancy 18.3%
[35m[MSG][0m itr   223, best 5595.8916, time  164.2, minPhero 0.01(232), stagnancy 18.7%
[35m[MSG][0m itr   224, best 5595.8916, time  164.9, minPhero 0.01(232), stagnancy 19.0%
[35m[MSG][0m itr   225, best 5595.8916, time  165.6, minPhero 0.01(232), stagnancy 19.3%
[35m[MSG][0m itr   226, best 5595.8916, time  166.4, minPhero 0.01(232), stagnancy 19.7%
[35m[MSG][0m itr   227, best 5595.8916, time  167.1, minPhero 0.01(232), stagnancy 20.0%
[35m[MSG][0m itr   228, best 5595.8916, time  167.8, minPhero 0.01(232), stagnancy 20.3%
[35m[MSG][0m itr   229, best 5595.8916, time  168.5, minPhero 0.01(232), stagnancy 20.7%
[35m[MSG][0m itr   230, best 5595.8916, time  169.3, minPhero 0.01(232), stagnancy 21.0%
[35m[MSG][0m itr   231, best 5595.8916, time  170.0, minPhero 0.01(232), stagnancy 21.3%
[35m[MSG][0m itr   232, best 5595.8916, time  170.7, minPhero 0.01(232), stagnancy 21.7%
[35m[MSG][0m itr   233, best 5595.8916, time  171.4, minPhero 0.01(232), stagnancy 22.0%
[35m[MSG][0m itr   234, best 5595.8916, time  172.1, minPhero 0.01(232), stagnancy 22.3%
[35m[MSG][0m itr   235, best 5595.8916, time  172.9, minPhero 0.01(232), stagnancy 22.7%
[35m[MSG][0m itr   236, best 5595.8916, time  173.6, minPhero 0.01(232), stagnancy 23.0%
[35m[MSG][0m itr   237, best 5595.8916, time  174.3, minPhero 0.01(232), stagnancy 23.3%
[35m[MSG][0m itr   238, best 5595.8916, time  175.1, minPhero 0.01(232), stagnancy 23.7%
[35m[MSG][0m itr   239, best 5595.8916, time  175.8, minPhero 0.01(232), stagnancy 24.0%
[35m[MSG][0m itr   240, best 5595.8916, time  176.5, minPhero 0.01(232), stagnancy 24.3%
[35m[MSG][0m itr   241, best 5595.8916, time  177.2, minPhero 0.01(232), stagnancy 24.7%
[35m[MSG][0m itr   242, best 5595.8916, time  178.0, minPhero 0.01(232), stagnancy 25.0%
[35m[MSG][0m itr   243, best 5595.8916, time  178.7, minPhero 0.01(232), stagnancy 25.3%
[35m[MSG][0m itr   244, best 5595.8916, time  179.4, minPhero 0.01(232), stagnancy 25.7%
[35m[MSG][0m itr   245, best 5595.8916, time  180.1, minPhero 0.01(232), stagnancy 26.0%
[35m[MSG][0m itr   246, best 5595.8916, time  180.9, minPhero 0.01(232), stagnancy 26.3%
[35m[MSG][0m itr   247, best 5595.8916, time  181.6, minPhero 0.01(232), stagnancy 26.7%
[35m[MSG][0m itr   248, best 5595.8916, time  182.3, minPhero 0.01(232), stagnancy 27.0%
[35m[MSG][0m itr   249, best 5595.8916, time  183.0, minPhero 0.01(232), stagnancy 27.3%
[35m[MSG][0m itr   250, best 5595.8916, time  183.8, minPhero 0.01(232), stagnancy 27.7%
[35m[MSG][0m itr   251, best 5595.8916, time  184.5, minPhero 0.01(232), stagnancy 28.0%
[35m[MSG][0m itr   252, best 5595.8916, time  185.2, minPhero 0.01(232), stagnancy 28.3%
[35m[MSG][0m itr   253, best 5595.8916, time  186.0, minPhero 0.01(232), stagnancy 28.7%
[35m[MSG][0m itr   254, best 5595.8916, time  186.7, minPhero 0.01(232), stagnancy 29.0%
[35m[MSG][0m itr   255, best 5595.8916, time  187.4, minPhero 0.01(232), stagnancy 29.3%
[35m[MSG][0m itr   256, best 5595.8916, time  188.2, minPhero 0.01(232), stagnancy 29.7%
[35m[MSG][0m itr   257, best 5595.8916, time  188.9, minPhero 0.01(232), stagnancy 30.0%
[35m[MSG][0m itr   258, best 5595.8916, time  189.6, minPhero 0.01(232), stagnancy 30.3%
[35m[MSG][0m itr   259, best 5595.8916, time  190.3, minPhero 0.01(232), stagnancy 30.7%
[35m[MSG][0m itr   260, best 5595.8916, time  191.1, minPhero 0.01(232), stagnancy 31.0%
[35m[MSG][0m itr   261, best 5595.8916, time  191.8, minPhero 0.01(232), stagnancy 31.3%
[35m[MSG][0m itr   262, best 5595.8916, time  192.5, minPhero 0.01(232), stagnancy 31.7%
[35m[MSG][0m itr   263, best 5595.8916, time  193.3, minPhero 0.01(232), stagnancy 32.0%
[35m[MSG][0m itr   264, best 5595.8916, time  194.0, minPhero 0.01(232), stagnancy 32.3%
[35m[MSG][0m itr   265, best 5595.8916, time  194.7, minPhero 0.01(232), stagnancy 32.7%
[35m[MSG][0m itr   266, best 5595.8916, time  195.4, minPhero 0.01(232), stagnancy 33.0%
[35m[MSG][0m itr   267, best 5595.8916, time  196.2, minPhero 0.01(232), stagnancy 33.3%
[35m[MSG][0m itr   268, best 5595.8916, time  196.9, minPhero 0.01(232), stagnancy 33.7%
[35m[MSG][0m itr   269, best 5595.8916, time  197.6, minPhero 0.01(232), stagnancy 34.0%
[35m[MSG][0m itr   270, best 5595.8916, time  198.3, minPhero 0.01(232), stagnancy 34.3%
[35m[MSG][0m itr   271, best 5595.8916, time  199.1, minPhero 0.01(232), stagnancy 34.7%
[35m[MSG][0m itr   272, best 5595.8916, time  199.8, minPhero 0.01(232), stagnancy 35.0%
[35m[MSG][0m itr   273, best 5595.8916, time  200.5, minPhero 0.01(232), stagnancy 35.3%
[35m[MSG][0m itr   274, best 5595.8916, time  201.3, minPhero 0.01(232), stagnancy 35.7%
[35m[MSG][0m itr   275, best 5595.8916, time  202.0, minPhero 0.01(232), stagnancy 36.0%
[35m[MSG][0m itr   276, best 5595.8916, time  202.7, minPhero 0.01(232), stagnancy 36.3%
[35m[MSG][0m itr   277, best 5595.8916, time  203.5, minPhero 0.01(232), stagnancy 36.7%
[35m[MSG][0m itr   278, best 5595.8916, time  204.2, minPhero 0.01(232), stagnancy 37.0%
[35m[MSG][0m itr   279, best 5595.8916, time  204.9, minPhero 0.01(232), stagnancy 37.3%
[35m[MSG][0m itr   280, best 5595.8916, time  205.6, minPhero 0.01(232), stagnancy 37.7%
[35m[MSG][0m itr   281, best 5595.8916, time  206.4, minPhero 0.01(232), stagnancy 38.0%
[35m[MSG][0m itr   282, best 5595.8916, time  207.1, minPhero 0.01(232), stagnancy 38.3%
[35m[MSG][0m itr   283, best 5595.8916, time  207.8, minPhero 0.01(232), stagnancy 38.7%
[35m[MSG][0m itr   284, best 5595.8916, time  208.6, minPhero 0.01(232), stagnancy 39.0%
[35m[MSG][0m itr   285, best 5595.8916, time  209.3, minPhero 0.01(232), stagnancy 39.3%
[35m[MSG][0m itr   286, best 5595.8916, time  210.0, minPhero 0.01(232), stagnancy 39.7%
[35m[MSG][0m itr   287, best 5595.8916, time  210.7, minPhero 0.01(232), stagnancy 40.0%
[35m[MSG][0m itr   288, best 5595.8916, time  211.5, minPhero 0.01(232), stagnancy 40.3%
[35m[MSG][0m itr   289, best 5595.8916, time  212.2, minPhero 0.01(232), stagnancy 40.7%
[35m[MSG][0m itr   290, best 5595.8916, time  212.9, minPhero 0.01(232), stagnancy 41.0%
[35m[MSG][0m itr   291, best 5595.8916, time  213.7, minPhero 0.01(232), stagnancy 41.3%
[35m[MSG][0m itr   292, best 5595.8916, time  214.4, minPhero 0.01(232), stagnancy 41.7%
[35m[MSG][0m itr   293, best 5595.8916, time  215.1, minPhero 0.01(232), stagnancy 42.0%
[35m[MSG][0m itr   294, best 5595.8916, time  215.9, minPhero 0.01(232), stagnancy 42.3%
[35m[MSG][0m itr   295, best 5595.8916, time  216.6, minPhero 0.01(232), stagnancy 42.7%
[35m[MSG][0m itr   296, best 5595.8916, time  217.3, minPhero 0.01(232), stagnancy 43.0%
[35m[MSG][0m itr   297, best 5595.8916, time  218.0, minPhero 0.01(232), stagnancy 43.3%
[35m[MSG][0m itr   298, best 5595.8916, time  218.8, minPhero 0.01(232), stagnancy 43.7%
[35m[MSG][0m itr   299, best 5595.8916, time  219.5, minPhero 0.01(232), stagnancy 44.0%
[35m[MSG][0m itr   300, best 5595.8916, time  220.3, minPhero 0.01(232), stagnancy 44.3%
[35m[MSG][0m itr   301, best 5595.8916, time  221.0, minPhero 0.01(232), stagnancy 44.7%
[35m[MSG][0m itr   302, best 5595.8916, time  221.7, minPhero 0.01(232), stagnancy 45.0%
[35m[MSG][0m itr   303, best 5595.8916, time  222.4, minPhero 0.01(232), stagnancy 45.3%
[35m[MSG][0m itr   304, best 5595.8916, time  223.2, minPhero 0.01(232), stagnancy 45.7%
[35m[MSG][0m itr   305, best 5595.8916, time  224.0, minPhero 0.01(232), stagnancy 46.0%
[35m[MSG][0m itr   306, best 5595.8916, time  224.8, minPhero 0.01(232), stagnancy 46.3%
[35m[MSG][0m itr   307, best 5595.8916, time  225.7, minPhero 0.01(232), stagnancy 46.7%
[35m[MSG][0m itr   308, best 5595.8916, time  226.6, minPhero 0.01(232), stagnancy 47.0%
[35m[MSG][0m itr   309, best 5595.8916, time  227.5, minPhero 0.01(232), stagnancy 47.3%
[35m[MSG][0m itr   310, best 5595.8916, time  228.2, minPhero 0.01(232), stagnancy 47.7%
[35m[MSG][0m itr   311, best 5595.8916, time  228.9, minPhero 0.01(232), stagnancy 48.0%
[35m[MSG][0m itr   312, best 5595.8916, time  229.6, minPhero 0.01(232), stagnancy 48.3%
[35m[MSG][0m itr   313, best 5595.8916, time  230.2, minPhero 0.01(232), stagnancy 48.7%
[35m[MSG][0m itr   314, best 5595.8916, time  231.0, minPhero 0.01(232), stagnancy 49.0%
[35m[MSG][0m itr   315, best 5595.8916, time  231.7, minPhero 0.01(232), stagnancy 49.3%
[35m[MSG][0m itr   316, best 5595.8916, time  232.4, minPhero 0.01(232), stagnancy 49.7%
[35m[MSG][0m itr   317, best 5595.8916, time  233.1, minPhero 0.01(232), stagnancy 50.0%
[35m[MSG][0m itr   318, best 5595.8916, time  233.9, minPhero 0.01(232), stagnancy 50.3%
[35m[MSG][0m itr   319, best 5595.8916, time  234.6, minPhero 0.01(232), stagnancy 50.7%
[35m[MSG][0m itr   320, best 5595.8916, time  235.3, minPhero 0.01(232), stagnancy 51.0%
[35m[MSG][0m itr   321, best 5595.8916, time  236.0, minPhero 0.01(232), stagnancy 51.3%
[35m[MSG][0m itr   322, best 5595.8916, time  236.8, minPhero 0.01(232), stagnancy 51.7%
[35m[MSG][0m itr   323, best 5595.8916, time  237.5, minPhero 0.01(232), stagnancy 52.0%
[35m[MSG][0m itr   324, best 5595.8916, time  238.4, minPhero 0.01(232), stagnancy 52.3%
[35m[MSG][0m itr   325, best 5595.8916, time  239.2, minPhero 0.01(232), stagnancy 52.7%
[35m[MSG][0m itr   326, best 5595.8916, time  240.0, minPhero 0.01(232), stagnancy 53.0%
[35m[MSG][0m itr   327, best 5595.8916, time  240.8, minPhero 0.01(232), stagnancy 53.3%
[35m[MSG][0m itr   328, best 5595.8916, time  241.6, minPhero 0.01(232), stagnancy 53.7%
[35m[MSG][0m itr   329, best 5595.8916, time  242.5, minPhero 0.01(232), stagnancy 54.0%
[35m[MSG][0m itr   330, best 5595.8916, time  243.4, minPhero 0.01(232), stagnancy 54.3%
[35m[MSG][0m itr   331, best 5595.8916, time  244.2, minPhero 0.01(232), stagnancy 54.7%
[35m[MSG][0m itr   332, best 5595.8916, time  245.0, minPhero 0.01(232), stagnancy 55.0%
[35m[MSG][0m itr   333, best 5595.8916, time  245.8, minPhero 0.01(232), stagnancy 55.3%
[35m[MSG][0m itr   334, best 5595.8916, time  246.6, minPhero 0.01(232), stagnancy 55.7%
[35m[MSG][0m itr   335, best 5595.8916, time  247.4, minPhero 0.01(232), stagnancy 56.0%
[35m[MSG][0m itr   336, best 5595.8916, time  248.2, minPhero 0.01(232), stagnancy 56.3%
[35m[MSG][0m itr   337, best 5595.8916, time  249.0, minPhero 0.01(232), stagnancy 56.7%
[35m[MSG][0m itr   338, best 5595.8916, time  249.8, minPhero 0.01(232), stagnancy 57.0%
[35m[MSG][0m itr   339, best 5595.8916, time  250.6, minPhero 0.01(232), stagnancy 57.3%
[35m[MSG][0m itr   340, best 5595.8916, time  251.4, minPhero 0.01(232), stagnancy 57.7%
[35m[MSG][0m itr   341, best 5595.8916, time  252.2, minPhero 0.01(232), stagnancy 58.0%
[35m[MSG][0m itr   342, best 5595.8916, time  253.0, minPhero 0.01(232), stagnancy 58.3%
[35m[MSG][0m itr   343, best 5595.8916, time  253.8, minPhero 0.01(232), stagnancy 58.7%
[35m[MSG][0m itr   344, best 5595.8916, time  254.6, minPhero 0.01(232), stagnancy 59.0%
[35m[MSG][0m itr   345, best 5595.8916, time  255.4, minPhero 0.01(232), stagnancy 59.3%
[35m[MSG][0m itr   346, best 5595.8916, time  256.2, minPhero 0.01(232), stagnancy 59.7%
[35m[MSG][0m itr   347, best 5595.8916, time  257.0, minPhero 0.01(232), stagnancy 60.0%
[35m[MSG][0m itr   348, best 5595.8916, time  257.8, minPhero 0.01(232), stagnancy 60.3%
[35m[MSG][0m itr   349, best 5595.8916, time  258.6, minPhero 0.01(232), stagnancy 60.7%
[35m[MSG][0m itr   350, best 5595.8916, time  259.4, minPhero 0.01(232), stagnancy 61.0%
[35m[MSG][0m itr   351, best 5595.8916, time  260.2, minPhero 0.01(232), stagnancy 61.3%
[35m[MSG][0m itr   352, best 5595.8916, time  261.0, minPhero 0.01(232), stagnancy 61.7%
[35m[MSG][0m itr   353, best 5595.8916, time  261.8, minPhero 0.01(232), stagnancy 62.0%
[35m[MSG][0m itr   354, best 5595.8916, time  262.6, minPhero 0.01(232), stagnancy 62.3%
[35m[MSG][0m itr   355, best 5595.8916, time  263.4, minPhero 0.01(232), stagnancy 62.7%
[35m[MSG][0m itr   356, best 5595.8916, time  264.1, minPhero 0.01(232), stagnancy 63.0%
[35m[MSG][0m itr   357, best 5595.8916, time  264.9, minPhero 0.01(232), stagnancy 63.3%
[35m[MSG][0m itr   358, best 5595.8916, time  265.6, minPhero 0.01(232), stagnancy 63.7%
[35m[MSG][0m itr   359, best 5595.8916, time  266.4, minPhero 0.01(232), stagnancy 64.0%
[35m[MSG][0m itr   360, best 5595.8916, time  267.1, minPhero 0.01(232), stagnancy 64.3%
[35m[MSG][0m itr   361, best 5595.8916, time  267.8, minPhero 0.01(232), stagnancy 64.7%
[35m[MSG][0m itr   362, best 5595.8916, time  268.5, minPhero 0.01(232), stagnancy 65.0%
[35m[MSG][0m itr   363, best 5595.8916, time  269.3, minPhero 0.01(232), stagnancy 65.3%
[35m[MSG][0m itr   364, best 5595.8916, time  270.1, minPhero 0.01(232), stagnancy 65.7%
[35m[MSG][0m itr   365, best 5595.8916, time  270.8, minPhero 0.01(232), stagnancy 66.0%
[35m[MSG][0m itr   366, best 5595.8916, time  271.6, minPhero 0.01(232), stagnancy 66.3%
[35m[MSG][0m itr   367, best 5595.8916, time  272.4, minPhero 0.01(232), stagnancy 66.7%
[35m[MSG][0m itr   368, best 5595.8916, time  273.2, minPhero 0.01(232), stagnancy 67.0%
[35m[MSG][0m itr   369, best 5595.8916, time  274.0, minPhero 0.01(232), stagnancy 67.3%
[35m[MSG][0m itr   370, best 5595.8916, time  274.8, minPhero 0.01(232), stagnancy 67.7%
[35m[MSG][0m itr   371, best 5595.8916, time  275.6, minPhero 0.01(232), stagnancy 68.0%
[35m[MSG][0m itr   372, best 5595.8916, time  276.5, minPhero 0.01(232), stagnancy 68.3%
[35m[MSG][0m itr   373, best 5595.8916, time  277.3, minPhero 0.01(232), stagnancy 68.7%
[35m[MSG][0m itr   374, best 5595.8916, time  278.1, minPhero 0.01(232), stagnancy 69.0%
[35m[MSG][0m itr   375, best 5595.8916, time  279.0, minPhero 0.01(232), stagnancy 69.3%
[35m[MSG][0m itr   376, best 5595.8916, time  279.8, minPhero 0.01(232), stagnancy 69.7%
[35m[MSG][0m itr   377, best 5595.8916, time  280.5, minPhero 0.01(232), stagnancy 70.0%
[35m[MSG][0m itr   378, best 5595.8916, time  281.2, minPhero 0.01(232), stagnancy 70.3%
[35m[MSG][0m itr   379, best 5595.8916, time  282.0, minPhero 0.01(232), stagnancy 70.7%
[35m[MSG][0m itr   380, best 5595.8916, time  282.7, minPhero 0.01(232), stagnancy 71.0%
[35m[MSG][0m itr   381, best 5595.8916, time  283.4, minPhero 0.01(232), stagnancy 71.3%
[35m[MSG][0m itr   382, best 5595.8916, time  284.1, minPhero 0.01(232), stagnancy 71.7%
[35m[MSG][0m itr   383, best 5595.8916, time  284.9, minPhero 0.01(232), stagnancy 72.0%
[35m[MSG][0m itr   384, best 5595.8916, time  285.6, minPhero 0.01(232), stagnancy 72.3%
[35m[MSG][0m itr   385, best 5595.8916, time  286.3, minPhero 0.01(232), stagnancy 72.7%
[35m[MSG][0m itr   386, best 5595.8916, time  287.1, minPhero 0.01(232), stagnancy 73.0%
[35m[MSG][0m itr   387, best 5595.8916, time  287.8, minPhero 0.01(232), stagnancy 73.3%
[35m[MSG][0m itr   388, best 5595.8916, time  288.5, minPhero 0.01(232), stagnancy 73.7%
[35m[MSG][0m itr   389, best 5595.8916, time  289.2, minPhero 0.01(232), stagnancy 74.0%
[35m[MSG][0m itr   390, best 5595.8916, time  290.0, minPhero 0.01(232), stagnancy 74.3%
[35m[MSG][0m itr   391, best 5595.8916, time  290.7, minPhero 0.01(232), stagnancy 74.7%
[35m[MSG][0m itr   392, best 5595.8916, time  291.5, minPhero 0.01(232), stagnancy 75.0%
[35m[MSG][0m itr   393, best 5595.8916, time  292.2, minPhero 0.01(232), stagnancy 75.3%
[35m[MSG][0m itr   394, best 5595.8916, time  292.9, minPhero 0.01(232), stagnancy 75.7%
[35m[MSG][0m itr   395, best 5595.8916, time  293.7, minPhero 0.01(232), stagnancy 76.0%
[35m[MSG][0m itr   396, best 5595.8916, time  294.4, minPhero 0.01(232), stagnancy 76.3%
[35m[MSG][0m itr   397, best 5595.8916, time  295.2, minPhero 0.01(232), stagnancy 76.7%
[35m[MSG][0m itr   398, best 5595.8916, time  295.9, minPhero 0.01(232), stagnancy 77.0%
[35m[MSG][0m itr   399, best 5595.8916, time  296.6, minPhero 0.01(232), stagnancy 77.3%
[35m[MSG][0m itr   400, best 5595.8916, time  297.4, minPhero 0.01(232), stagnancy 77.7%
[35m[MSG][0m itr   401, best 5595.8916, time  298.1, minPhero 0.01(232), stagnancy 78.0%
[35m[MSG][0m itr   402, best 5595.8916, time  298.8, minPhero 0.01(232), stagnancy 78.3%
[35m[MSG][0m itr   403, best 5595.8916, time  299.5, minPhero 0.01(232), stagnancy 78.7%
[35m[MSG][0m itr   404, best 5595.8916, time  300.3, minPhero 0.01(232), stagnancy 79.0%
[35m[MSG][0m itr   405, best 5595.8916, time  301.0, minPhero 0.01(232), stagnancy 79.3%
[35m[MSG][0m itr   406, best 5595.8916, time  301.8, minPhero 0.01(232), stagnancy 79.7%
[35m[MSG][0m itr   407, best 5595.8916, time  302.5, minPhero 0.01(232), stagnancy 80.0%
[35m[MSG][0m itr   408, best 5595.8916, time  303.2, minPhero 0.01(232), stagnancy 80.3%
[35m[MSG][0m itr   409, best 5595.8916, time  303.9, minPhero 0.01(232), stagnancy 80.7%
[35m[MSG][0m itr   410, best 5595.8916, time  304.7, minPhero 0.01(232), stagnancy 81.0%
[35m[MSG][0m itr   411, best 5595.8916, time  305.4, minPhero 0.01(232), stagnancy 81.3%
[35m[MSG][0m itr   412, best 5595.8916, time  306.1, minPhero 0.01(232), stagnancy 81.7%
[35m[MSG][0m itr   413, best 5595.8916, time  306.9, minPhero 0.01(232), stagnancy 82.0%
[35m[MSG][0m itr   414, best 5595.8916, time  307.6, minPhero 0.01(232), stagnancy 82.3%
[35m[MSG][0m itr   415, best 5595.8916, time  308.3, minPhero 0.01(232), stagnancy 82.7%
[35m[MSG][0m itr   416, best 5595.8916, time  309.1, minPhero 0.01(232), stagnancy 83.0%
[35m[MSG][0m itr   417, best 5595.8916, time  309.8, minPhero 0.01(232), stagnancy 83.3%
[35m[MSG][0m itr   418, best 5595.8916, time  310.5, minPhero 0.01(232), stagnancy 83.7%
[35m[MSG][0m itr   419, best 5595.8916, time  311.3, minPhero 0.01(232), stagnancy 84.0%
[35m[MSG][0m itr   420, best 5595.8916, time  312.0, minPhero 0.01(232), stagnancy 84.3%
[35m[MSG][0m itr   421, best 5595.8916, time  312.7, minPhero 0.01(232), stagnancy 84.7%
[35m[MSG][0m itr   422, best 5595.8916, time  313.5, minPhero 0.01(232), stagnancy 85.0%
[35m[MSG][0m itr   423, best 5595.8916, time  314.2, minPhero 0.01(232), stagnancy 85.3%
[35m[MSG][0m itr   424, best 5595.8916, time  314.9, minPhero 0.01(232), stagnancy 85.7%
[35m[MSG][0m itr   425, best 5595.8916, time  315.6, minPhero 0.01(232), stagnancy 86.0%
[35m[MSG][0m itr   426, best 5595.8916, time  316.3, minPhero 0.01(232), stagnancy 86.3%
[35m[MSG][0m itr   427, best 5595.8916, time  317.1, minPhero 0.01(232), stagnancy 86.7%
[35m[MSG][0m itr   428, best 5595.8916, time  317.8, minPhero 0.01(232), stagnancy 87.0%
[35m[MSG][0m itr   429, best 5595.8916, time  318.5, minPhero 0.01(232), stagnancy 87.3%
[35m[MSG][0m itr   430, best 5595.8916, time  319.2, minPhero 0.01(232), stagnancy 87.7%
[35m[MSG][0m itr   431, best 5595.8916, time  320.0, minPhero 0.01(232), stagnancy 88.0%
[35m[MSG][0m itr   432, best 5595.8916, time  320.7, minPhero 0.01(232), stagnancy 88.3%
[35m[MSG][0m itr   433, best 5595.8916, time  321.5, minPhero 0.01(232), stagnancy 88.7%
[35m[MSG][0m itr   434, best 5595.8916, time  322.2, minPhero 0.01(232), stagnancy 89.0%
[35m[MSG][0m itr   435, best 5595.8916, time  322.9, minPhero 0.01(232), stagnancy 89.3%
[35m[MSG][0m itr   436, best 5595.8916, time  323.6, minPhero 0.01(232), stagnancy 89.7%
[35m[MSG][0m itr   437, best 5595.8916, time  324.4, minPhero 0.01(232), stagnancy 90.0%
[35m[MSG][0m itr   438, best 5595.8916, time  325.1, minPhero 0.01(232), stagnancy 90.3%
[35m[MSG][0m itr   439, best 5595.8916, time  325.8, minPhero 0.01(232), stagnancy 90.7%
[35m[MSG][0m itr   440, best 5595.8916, time  326.6, minPhero 0.01(232), stagnancy 91.0%
[35m[MSG][0m itr   441, best 5595.8916, time  327.3, minPhero 0.01(232), stagnancy 91.3%
[35m[MSG][0m itr   442, best 5595.8916, time  328.0, minPhero 0.01(232), stagnancy 91.7%
[35m[MSG][0m itr   443, best 5595.8916, time  328.7, minPhero 0.01(232), stagnancy 92.0%
[35m[MSG][0m itr   444, best 5595.8916, time  329.5, minPhero 0.01(232), stagnancy 92.3%
[35m[MSG][0m itr   445, best 5595.8916, time  330.2, minPhero 0.01(232), stagnancy 92.7%
[35m[MSG][0m itr   446, best 5595.8916, time  330.9, minPhero 0.01(232), stagnancy 93.0%
[35m[MSG][0m itr   447, best 5595.8916, time  331.7, minPhero 0.01(232), stagnancy 93.3%
[35m[MSG][0m itr   448, best 5595.8916, time  332.4, minPhero 0.01(232), stagnancy 93.7%
[35m[MSG][0m itr   449, best 5595.8916, time  333.1, minPhero 0.01(232), stagnancy 94.0%
[35m[MSG][0m itr   450, best 5595.8916, time  333.8, minPhero 0.01(232), stagnancy 94.3%
[35m[MSG][0m itr   451, best 5595.8916, time  334.6, minPhero 0.01(232), stagnancy 94.7%
[35m[MSG][0m itr   452, best 5595.8916, time  335.2, minPhero 0.01(232), stagnancy 95.0%
[35m[MSG][0m itr   453, best 5595.8916, time  336.0, minPhero 0.01(232), stagnancy 95.3%
[35m[MSG][0m itr   454, best 5595.8916, time  336.7, minPhero 0.01(232), stagnancy 95.7%
[35m[MSG][0m itr   455, best 5595.8916, time  337.4, minPhero 0.01(232), stagnancy 96.0%
[35m[MSG][0m itr   456, best 5595.8916, time  338.1, minPhero 0.01(232), stagnancy 96.3%
[35m[MSG][0m itr   457, best 5595.8916, time  338.9, minPhero 0.01(232), stagnancy 96.7%
[35m[MSG][0m itr   458, best 5595.8916, time  339.6, minPhero 0.01(232), stagnancy 97.0%
[35m[MSG][0m itr   459, best 5595.8916, time  340.3, minPhero 0.01(232), stagnancy 97.3%
[35m[MSG][0m itr   460, best 5595.8916, time  341.1, minPhero 0.01(232), stagnancy 97.7%
[35m[MSG][0m itr   461, best 5595.8916, time  341.8, minPhero 0.01(232), stagnancy 98.0%
[35m[MSG][0m itr   462, best 5595.8916, time  342.5, minPhero 0.01(232), stagnancy 98.3%
[35m[MSG][0m itr   463, best 5595.8916, time  343.2, minPhero 0.01(232), stagnancy 98.7%
[35m[MSG][0m itr   464, best 5595.8916, time  344.0, minPhero 0.01(232), stagnancy 99.0%
[35m[MSG][0m itr   465, best 5595.8916, time  344.7, minPhero 0.01(232), stagnancy 99.3%
[35m[MSG][0m itr   466, best 5595.8916, time  345.4, minPhero 0.01(232), stagnancy 99.7%
[35m[MSG][0m itr   467, best 5595.8916, time  346.1, minPhero 0.01(232), stagnancy 100.0%
[35m[MSG][0m Solution converged. Reinitialising pheromones...
[35m[MSG][0m Time: 346.13 s
[35m[MSG][0m Best cost: 5595.89
