[35m[MSG][0m Log level set to LOG_DEBUG
[35m[MSG][0m Parsing input from file "res/fruitybun250_2016.vrp"
[35m[MSG][0m Number of nodes: 250
[35m[MSG][0m Running ACO search
[35m[MSG][0m ACO settings: 
 alpha:     8.000
 beta:      1.000
 pers:      0.870
 minPhero:  0.015
 nbhood:    10
 popSize:   256
 maxStag:   300
[35m[MSG][0m itr     1, best 5777.4038, time    0.6, minPhero 0.87(28922), stagnancy 0.0%
[35m[MSG][0m itr     2, best 5754.1162, time    1.1, minPhero 0.76(28922), stagnancy 0.0%
[35m[MSG][0m itr     3, best 5754.1162, time    1.7, minPhero 0.66(28922), stagnancy 0.3%
[35m[MSG][0m itr     4, best 5754.1162, time    2.3, minPhero 0.57(28922), stagnancy 0.7%
[35m[MSG][0m itr     5, best 5754.1162, time    2.9, minPhero 0.50(28922), stagnancy 1.0%
[35m[MSG][0m itr     6, best 5745.4897, time    3.5, minPhero 0.43(28922), stagnancy 0.0%
[35m[MSG][0m itr     7, best 5707.3521, time    4.1, minPhero 0.38(28922), stagnancy 0.0%
[35m[MSG][0m itr     8, best 5707.3521, time    4.7, minPhero 0.33(28922), stagnancy 0.3%
[35m[MSG][0m itr     9, best 5707.3521, time    5.4, minPhero 0.29(28922), stagnancy 0.7%
[35m[MSG][0m itr    10, best 5707.3521, time    6.0, minPhero 0.25(28922), stagnancy 1.0%
[35m[MSG][0m itr    11, best 5706.3877, time    6.6, minPhero 0.22(28922), stagnancy 0.0%
[35m[MSG][0m itr    12, best 5706.3877, time    7.2, minPhero 0.19(28922), stagnancy 0.3%
[35m[MSG][0m itr    13, best 5706.3877, time    7.9, minPhero 0.16(28922), stagnancy 0.7%
[35m[MSG][0m itr    14, best 5706.3877, time    8.5, minPhero 0.14(28922), stagnancy 1.0%
[35m[MSG][0m itr    15, best 5687.4106, time    9.1, minPhero 0.12(28922), stagnancy 0.0%
[35m[MSG][0m itr    16, best 5687.4106, time    9.6, minPhero 0.11(28922), stagnancy 0.3%
[35m[MSG][0m itr    17, best 5687.4106, time   10.2, minPhero 0.09(28922), stagnancy 0.7%
[35m[MSG][0m itr    18, best 5687.4106, time   10.8, minPhero 0.08(28922), stagnancy 1.0%
[35m[MSG][0m itr    19, best 5687.4106, time   11.5, minPhero 0.07(28922), stagnancy 1.3%
[35m[MSG][0m itr    20, best 5687.4106, time   12.1, minPhero 0.06(28922), stagnancy 1.7%
[35m[MSG][0m itr    21, best 5680.6870, time   12.7, minPhero 0.05(28922), stagnancy 0.0%
[35m[MSG][0m itr    22, best 5680.5903, time   13.3, minPhero 0.05(28922), stagnancy 0.0%
[35m[MSG][0m itr    23, best 5674.9102, time   13.9, minPhero 0.04(28922), stagnancy 0.0%
[35m[MSG][0m itr    24, best 5671.6489, time   14.5, minPhero 0.04(28922), stagnancy 0.0%
[35m[MSG][0m itr    25, best 5671.6489, time   15.1, minPhero 0.03(28922), stagnancy 0.3%
[35m[MSG][0m itr    26, best 5658.8306, time   15.8, minPhero 0.03(28922), stagnancy 0.0%
[35m[MSG][0m itr    27, best 5654.3130, time   16.4, minPhero 0.02(615), stagnancy 0.0%
[35m[MSG][0m itr    28, best 5654.3130, time   17.0, minPhero 0.02(562), stagnancy 0.3%
[35m[MSG][0m itr    29, best 5654.3130, time   17.6, minPhero 0.02(525), stagnancy 0.7%
[35m[MSG][0m itr    30, best 5654.3130, time   18.2, minPhero 0.02(520), stagnancy 1.0%
[35m[MSG][0m itr    31, best 5654.3130, time   18.8, minPhero 0.01(481), stagnancy 1.3%
[35m[MSG][0m itr    32, best 5653.0430, time   19.4, minPhero 0.01(481), stagnancy 0.0%
[35m[MSG][0m itr    33, best 5649.7183, time   20.1, minPhero 0.01(476), stagnancy 0.0%
[35m[MSG][0m itr    34, best 5649.7183, time   20.7, minPhero 0.01(442), stagnancy 0.3%
[35m[MSG][0m itr    35, best 5648.5259, time   21.3, minPhero 0.01(433), stagnancy 0.0%
[35m[MSG][0m itr    36, best 5647.8774, time   21.9, minPhero 0.01(423), stagnancy 0.0%
[35m[MSG][0m itr    37, best 5647.8774, time   22.5, minPhero 0.01(371), stagnancy 0.3%
[35m[MSG][0m itr    38, best 5631.8257, time   23.1, minPhero 0.01(364), stagnancy 0.0%
[35m[MSG][0m itr    39, best 5631.8257, time   23.7, minPhero 0.01(362), stagnancy 0.3%
[35m[MSG][0m itr    40, best 5631.7734, time   24.3, minPhero 0.01(344), stagnancy 0.0%
[35m[MSG][0m itr    41, best 5626.4341, time   24.9, minPhero 0.01(345), stagnancy 0.0%
[35m[MSG][0m itr    42, best 5626.4341, time   25.5, minPhero 0.01(344), stagnancy 0.3%
[35m[MSG][0m itr    43, best 5625.7266, time   26.1, minPhero 0.01(338), stagnancy 0.0%
[35m[MSG][0m itr    44, best 5625.7266, time   26.7, minPhero 0.01(307), stagnancy 0.3%
[35m[MSG][0m itr    45, best 5625.7266, time   27.4, minPhero 0.01(305), stagnancy 0.7%
[35m[MSG][0m itr    46, best 5623.7090, time   28.0, minPhero 0.01(301), stagnancy 0.0%
[35m[MSG][0m itr    47, best 5623.2168, time   28.6, minPhero 0.01(299), stagnancy 0.0%
[35m[MSG][0m itr    48, best 5623.2168, time   29.2, minPhero 0.01(293), stagnancy 0.3%
[35m[MSG][0m itr    49, best 5623.2168, time   29.8, minPhero 0.01(292), stagnancy 0.7%
[35m[MSG][0m itr    50, best 5621.7373, time   30.4, minPhero 0.01(292), stagnancy 0.0%
[35m[MSG][0m itr    51, best 5619.3789, time   31.0, minPhero 0.01(292), stagnancy 0.0%
[35m[MSG][0m itr    52, best 5619.3789, time   31.7, minPhero 0.01(288), stagnancy 0.3%
[35m[MSG][0m itr    53, best 5619.3789, time   32.3, minPhero 0.01(277), stagnancy 0.7%
[35m[MSG][0m itr    54, best 5619.3789, time   33.1, minPhero 0.01(274), stagnancy 1.0%
[35m[MSG][0m Solution converged. Reinitialising pheromones...
[35m[MSG][0m itr    55, best 5619.3789, time   33.7, minPhero 0.87(28922), stagnancy 1.3%
[35m[MSG][0m itr    56, best 5619.3789, time   34.3, minPhero 0.76(28922), stagnancy 1.7%
[35m[MSG][0m itr    57, best 5619.3789, time   35.0, minPhero 0.66(28922), stagnancy 2.0%
[35m[MSG][0m itr    58, best 5619.3789, time   35.6, minPhero 0.57(28922), stagnancy 2.3%
[35m[MSG][0m itr    59, best 5619.3789, time   36.2, minPhero 0.50(28922), stagnancy 2.7%
[35m[MSG][0m itr    60, best 5619.3789, time   36.8, minPhero 0.43(28922), stagnancy 3.0%
[35m[MSG][0m itr    61, best 5619.3789, time   37.4, minPhero 0.38(28922), stagnancy 3.3%
[35m[MSG][0m itr    62, best 5619.3789, time   38.0, minPhero 0.33(28922), stagnancy 3.7%
[35m[MSG][0m itr    63, best 5619.3789, time   38.6, minPhero 0.29(28922), stagnancy 4.0%
[35m[MSG][0m itr    64, best 5619.3789, time   39.2, minPhero 0.25(28922), stagnancy 4.3%
[35m[MSG][0m itr    65, best 5619.3789, time   39.9, minPhero 0.22(28922), stagnancy 4.7%
[35m[MSG][0m itr    66, best 5619.3789, time   40.5, minPhero 0.19(28922), stagnancy 5.0%
[35m[MSG][0m itr    67, best 5619.3789, time   41.1, minPhero 0.16(28922), stagnancy 5.3%
[35m[MSG][0m itr    68, best 5619.3789, time   41.7, minPhero 0.14(28922), stagnancy 5.7%
[35m[MSG][0m itr    69, best 5619.3789, time   42.3, minPhero 0.12(28922), stagnancy 6.0%
[35m[MSG][0m itr    70, best 5619.3789, time   42.9, minPhero 0.11(28922), stagnancy 6.3%
[35m[MSG][0m itr    71, best 5619.3789, time   43.5, minPhero 0.09(28922), stagnancy 6.7%
[35m[MSG][0m itr    72, best 5619.3789, time   44.2, minPhero 0.08(28922), stagnancy 7.0%
[35m[MSG][0m itr    73, best 5619.3789, time   44.8, minPhero 0.07(28922), stagnancy 7.3%
[35m[MSG][0m itr    74, best 5619.3789, time   45.5, minPhero 0.06(28922), stagnancy 7.7%
[35m[MSG][0m itr    75, best 5619.3789, time   46.2, minPhero 0.05(28922), stagnancy 8.0%
[35m[MSG][0m itr    76, best 5619.3789, time   47.0, minPhero 0.05(28922), stagnancy 8.3%
[35m[MSG][0m itr    77, best 5619.3789, time   47.7, minPhero 0.04(28922), stagnancy 8.7%
[35m[MSG][0m itr    78, best 5619.3789, time   48.5, minPhero 0.04(28922), stagnancy 9.0%
[35m[MSG][0m itr    79, best 5618.9565, time   49.3, minPhero 0.03(28922), stagnancy 0.0%
[35m[MSG][0m itr    80, best 5618.9561, time   49.9, minPhero 0.03(28922), stagnancy 0.0%
[35m[MSG][0m itr    81, best 5618.6631, time   50.6, minPhero 0.02(240), stagnancy 0.0%
[35m[MSG][0m itr    82, best 5618.6631, time   51.2, minPhero 0.02(240), stagnancy 0.3%
[35m[MSG][0m itr    83, best 5618.5542, time   51.9, minPhero 0.02(245), stagnancy 0.0%
[35m[MSG][0m itr    84, best 5618.2407, time   52.6, minPhero 0.02(245), stagnancy 0.0%
[35m[MSG][0m itr    85, best 5618.2402, time   53.4, minPhero 0.01(245), stagnancy 0.0%
[35m[MSG][0m itr    86, best 5618.2402, time   54.1, minPhero 0.01(245), stagnancy 0.3%
[35m[MSG][0m itr    87, best 5618.2402, time   54.9, minPhero 0.01(245), stagnancy 0.7%
[35m[MSG][0m itr    88, best 5618.2402, time   55.7, minPhero 0.01(245), stagnancy 1.0%
[35m[MSG][0m itr    89, best 5618.2402, time   56.4, minPhero 0.01(245), stagnancy 1.3%
[35m[MSG][0m itr    90, best 5618.2402, time   57.2, minPhero 0.01(245), stagnancy 1.7%
[35m[MSG][0m itr    91, best 5618.2402, time   58.0, minPhero 0.01(245), stagnancy 2.0%
[35m[MSG][0m itr    92, best 5618.0400, time   58.6, minPhero 0.01(248), stagnancy 0.0%
[35m[MSG][0m itr    93, best 5618.0400, time   59.3, minPhero 0.01(248), stagnancy 0.3%
[35m[MSG][0m itr    94, best 5618.0400, time   59.8, minPhero 0.01(248), stagnancy 0.7%
[35m[MSG][0m itr    95, best 5618.0400, time   60.4, minPhero 0.01(248), stagnancy 1.0%
[35m[MSG][0m itr    96, best 5617.5068, time   60.9, minPhero 0.01(245), stagnancy 0.0%
[35m[MSG][0m itr    97, best 5617.5068, time   61.5, minPhero 0.01(245), stagnancy 0.3%
[35m[MSG][0m itr    98, best 5617.5063, time   62.1, minPhero 0.01(245), stagnancy 0.0%
[35m[MSG][0m itr    99, best 5617.5063, time   62.8, minPhero 0.01(245), stagnancy 0.3%
[35m[MSG][0m itr   100, best 5617.5063, time   63.6, minPhero 0.01(245), stagnancy 0.7%
[35m[MSG][0m itr   101, best 5617.5063, time   64.3, minPhero 0.01(245), stagnancy 1.0%
[35m[MSG][0m itr   102, best 5617.5063, time   65.0, minPhero 0.01(245), stagnancy 1.3%
[35m[MSG][0m itr   103, best 5617.2114, time   65.6, minPhero 0.01(248), stagnancy 0.0%
[35m[MSG][0m itr   104, best 5617.2109, time   66.3, minPhero 0.01(248), stagnancy 0.0%
[35m[MSG][0m itr   105, best 5617.2109, time   67.0, minPhero 0.01(248), stagnancy 0.3%
[35m[MSG][0m itr   106, best 5617.2109, time   67.6, minPhero 0.01(248), stagnancy 0.7%
[35m[MSG][0m itr   107, best 5617.2109, time   68.3, minPhero 0.01(246), stagnancy 1.0%
[35m[MSG][0m itr   108, best 5617.2109, time   68.9, minPhero 0.01(241), stagnancy 1.3%
[35m[MSG][0m itr   109, best 5617.2109, time   69.6, minPhero 0.01(241), stagnancy 1.7%
[35m[MSG][0m itr   110, best 5617.2109, time   70.2, minPhero 0.01(241), stagnancy 2.0%
[35m[MSG][0m itr   111, best 5617.2109, time   70.8, minPhero 0.01(240), stagnancy 2.3%
[35m[MSG][0m itr   112, best 5617.2109, time   71.4, minPhero 0.01(240), stagnancy 2.7%
[35m[MSG][0m itr   113, best 5617.2109, time   72.0, minPhero 0.01(240), stagnancy 3.0%
[35m[MSG][0m itr   114, best 5617.2109, time   72.5, minPhero 0.01(240), stagnancy 3.3%
[35m[MSG][0m itr   115, best 5617.2109, time   73.1, minPhero 0.01(240), stagnancy 3.7%
[35m[MSG][0m itr   116, best 5617.2109, time   73.8, minPhero 0.01(240), stagnancy 4.0%
[35m[MSG][0m itr   117, best 5617.2109, time   74.4, minPhero 0.01(240), stagnancy 4.3%
[35m[MSG][0m itr   118, best 5617.2109, time   75.1, minPhero 0.01(237), stagnancy 4.7%
[35m[MSG][0m itr   119, best 5617.2109, time   75.8, minPhero 0.01(237), stagnancy 5.0%
[35m[MSG][0m itr   120, best 5617.2109, time   76.4, minPhero 0.01(237), stagnancy 5.3%
[35m[MSG][0m itr   121, best 5617.2109, time   77.1, minPhero 0.01(237), stagnancy 5.7%
[35m[MSG][0m itr   122, best 5617.2109, time   77.7, minPhero 0.01(235), stagnancy 6.0%
[35m[MSG][0m itr   123, best 5617.2109, time   78.4, minPhero 0.01(235), stagnancy 6.3%
[35m[MSG][0m itr   124, best 5617.2109, time   79.0, minPhero 0.01(235), stagnancy 6.7%
[35m[MSG][0m itr   125, best 5613.6396, time   79.7, minPhero 0.01(239), stagnancy 0.0%
[35m[MSG][0m itr   126, best 5613.6396, time   80.4, minPhero 0.01(239), stagnancy 0.3%
[35m[MSG][0m itr   127, best 5611.7026, time   81.0, minPhero 0.01(241), stagnancy 0.0%
[35m[MSG][0m itr   128, best 5611.7026, time   81.7, minPhero 0.01(241), stagnancy 0.3%
[35m[MSG][0m itr   129, best 5611.7026, time   82.5, minPhero 0.01(238), stagnancy 0.7%
[35m[MSG][0m itr   130, best 5611.7026, time   83.1, minPhero 0.01(238), stagnancy 1.0%
[35m[MSG][0m itr   131, best 5611.7026, time   83.6, minPhero 0.01(238), stagnancy 1.3%
[35m[MSG][0m itr   132, best 5611.7026, time   84.2, minPhero 0.01(238), stagnancy 1.7%
[35m[MSG][0m itr   133, best 5611.7026, time   84.9, minPhero 0.01(238), stagnancy 2.0%
[35m[MSG][0m itr   134, best 5611.7026, time   85.5, minPhero 0.01(238), stagnancy 2.3%
[35m[MSG][0m itr   135, best 5611.6641, time   86.1, minPhero 0.01(240), stagnancy 0.0%
[35m[MSG][0m itr   136, best 5611.3779, time   86.7, minPhero 0.01(241), stagnancy 0.0%
[35m[MSG][0m itr   137, best 5611.3779, time   87.3, minPhero 0.01(241), stagnancy 0.3%
[35m[MSG][0m itr   138, best 5611.3779, time   87.9, minPhero 0.01(241), stagnancy 0.7%
[35m[MSG][0m itr   139, best 5611.3779, time   88.5, minPhero 0.01(241), stagnancy 1.0%
[35m[MSG][0m itr   140, best 5611.3779, time   89.1, minPhero 0.01(241), stagnancy 1.3%
[35m[MSG][0m itr   141, best 5611.3779, time   89.7, minPhero 0.01(241), stagnancy 1.7%
[35m[MSG][0m itr   142, best 5607.6973, time   90.3, minPhero 0.01(245), stagnancy 0.0%
[35m[MSG][0m itr   143, best 5607.6973, time   90.9, minPhero 0.01(245), stagnancy 0.3%
[35m[MSG][0m itr   144, best 5607.6973, time   91.5, minPhero 0.01(245), stagnancy 0.7%
[35m[MSG][0m itr   145, best 5607.6973, time   92.1, minPhero 0.01(245), stagnancy 1.0%
[35m[MSG][0m itr   146, best 5607.6973, time   92.7, minPhero 0.01(245), stagnancy 1.3%
[35m[MSG][0m itr   147, best 5607.6968, time   93.3, minPhero 0.01(245), stagnancy 0.0%
[35m[MSG][0m itr   148, best 5606.6450, time   93.8, minPhero 0.01(246), stagnancy 0.0%
[35m[MSG][0m itr   149, best 5606.6450, time   94.4, minPhero 0.01(246), stagnancy 0.3%
[35m[MSG][0m itr   150, best 5606.3203, time   95.0, minPhero 0.01(246), stagnancy 0.0%
[35m[MSG][0m itr   151, best 5606.3203, time   95.6, minPhero 0.01(242), stagnancy 0.3%
[35m[MSG][0m itr   152, best 5606.3203, time   96.2, minPhero 0.01(242), stagnancy 0.7%
[35m[MSG][0m itr   153, best 5606.3203, time   96.7, minPhero 0.01(240), stagnancy 1.0%
[35m[MSG][0m itr   154, best 5606.3203, time   97.3, minPhero 0.01(240), stagnancy 1.3%
[35m[MSG][0m itr   155, best 5606.3203, time   97.9, minPhero 0.01(240), stagnancy 1.7%
[35m[MSG][0m itr   156, best 5605.3848, time   98.5, minPhero 0.01(242), stagnancy 0.0%
[35m[MSG][0m itr   157, best 5605.3848, time   99.1, minPhero 0.01(242), stagnancy 0.3%
[35m[MSG][0m itr   158, best 5605.3848, time   99.6, minPhero 0.01(242), stagnancy 0.7%
[35m[MSG][0m itr   159, best 5605.3843, time  100.2, minPhero 0.01(242), stagnancy 0.0%
[35m[MSG][0m itr   160, best 5605.3843, time  100.7, minPhero 0.01(242), stagnancy 0.3%
[35m[MSG][0m itr   161, best 5605.3843, time  101.3, minPhero 0.01(242), stagnancy 0.7%
[35m[MSG][0m itr   162, best 5605.3843, time  101.9, minPhero 0.01(242), stagnancy 1.0%
[35m[MSG][0m itr   163, best 5605.3838, time  102.5, minPhero 0.01(242), stagnancy 0.0%
[35m[MSG][0m itr   164, best 5605.3838, time  103.1, minPhero 0.01(242), stagnancy 0.3%
[35m[MSG][0m itr   165, best 5605.3838, time  103.7, minPhero 0.01(242), stagnancy 0.7%
[35m[MSG][0m itr   166, best 5605.3838, time  104.3, minPhero 0.01(242), stagnancy 1.0%
[35m[MSG][0m itr   167, best 5605.3838, time  104.9, minPhero 0.01(242), stagnancy 1.3%
[35m[MSG][0m itr   168, best 5605.3838, time  105.5, minPhero 0.01(238), stagnancy 1.7%
[35m[MSG][0m itr   169, best 5605.3838, time  106.1, minPhero 0.01(236), stagnancy 2.0%
[35m[MSG][0m itr   170, best 5605.3838, time  106.7, minPhero 0.01(236), stagnancy 2.3%
[35m[MSG][0m itr   171, best 5605.3838, time  107.3, minPhero 0.01(236), stagnancy 2.7%
[35m[MSG][0m itr   172, best 5605.3838, time  107.9, minPhero 0.01(236), stagnancy 3.0%
[35m[MSG][0m itr   173, best 5605.3838, time  108.5, minPhero 0.01(236), stagnancy 3.3%
[35m[MSG][0m itr   174, best 5605.3838, time  109.1, minPhero 0.01(234), stagnancy 3.7%
[35m[MSG][0m itr   175, best 5605.3838, time  109.7, minPhero 0.01(234), stagnancy 4.0%
[35m[MSG][0m itr   176, best 5605.3838, time  110.3, minPhero 0.01(234), stagnancy 4.3%
[35m[MSG][0m itr   177, best 5605.3838, time  110.9, minPhero 0.01(234), stagnancy 4.7%
[35m[MSG][0m itr   178, best 5605.3838, time  111.5, minPhero 0.01(234), stagnancy 5.0%
[35m[MSG][0m itr   179, best 5605.3838, time  112.2, minPhero 0.01(234), stagnancy 5.3%
[35m[MSG][0m itr   180, best 5605.3838, time  112.8, minPhero 0.01(234), stagnancy 5.7%
[35m[MSG][0m itr   181, best 5605.3838, time  113.3, minPhero 0.01(233), stagnancy 6.0%
[35m[MSG][0m itr   182, best 5605.3838, time  113.9, minPhero 0.01(232), stagnancy 6.3%
[35m[MSG][0m itr   183, best 5605.3838, time  114.5, minPhero 0.01(232), stagnancy 6.7%
[35m[MSG][0m itr   184, best 5605.3838, time  115.1, minPhero 0.01(232), stagnancy 7.0%
[35m[MSG][0m itr   185, best 5605.3838, time  115.7, minPhero 0.01(232), stagnancy 7.3%
[35m[MSG][0m itr   186, best 5605.3838, time  116.4, minPhero 0.01(232), stagnancy 7.7%
[35m[MSG][0m itr   187, best 5605.3838, time  117.0, minPhero 0.01(232), stagnancy 8.0%
[35m[MSG][0m itr   188, best 5605.3838, time  117.6, minPhero 0.01(232), stagnancy 8.3%
[35m[MSG][0m itr   189, best 5605.3838, time  118.2, minPhero 0.01(232), stagnancy 8.7%
[35m[MSG][0m itr   190, best 5605.3838, time  118.8, minPhero 0.01(232), stagnancy 9.0%
[35m[MSG][0m itr   191, best 5605.3838, time  119.4, minPhero 0.01(232), stagnancy 9.3%
[35m[MSG][0m itr   192, best 5605.3838, time  120.0, minPhero 0.01(232), stagnancy 9.7%
[35m[MSG][0m itr   193, best 5605.3838, time  120.6, minPhero 0.01(232), stagnancy 10.0%
[35m[MSG][0m itr   194, best 5605.3838, time  121.2, minPhero 0.01(232), stagnancy 10.3%
[35m[MSG][0m itr   195, best 5605.3838, time  121.8, minPhero 0.01(232), stagnancy 10.7%
[35m[MSG][0m itr   196, best 5605.3838, time  122.4, minPhero 0.01(232), stagnancy 11.0%
[35m[MSG][0m itr   197, best 5605.3838, time  123.0, minPhero 0.01(232), stagnancy 11.3%
[35m[MSG][0m itr   198, best 5605.3838, time  123.6, minPhero 0.01(232), stagnancy 11.7%
[35m[MSG][0m itr   199, best 5605.3838, time  124.2, minPhero 0.01(232), stagnancy 12.0%
[35m[MSG][0m itr   200, best 5605.3838, time  124.8, minPhero 0.01(232), stagnancy 12.3%
[35m[MSG][0m itr   201, best 5605.3838, time  125.4, minPhero 0.01(232), stagnancy 12.7%
[35m[MSG][0m itr   202, best 5605.3838, time  126.0, minPhero 0.01(232), stagnancy 13.0%
[35m[MSG][0m itr   203, best 5605.3838, time  126.6, minPhero 0.01(232), stagnancy 13.3%
[35m[MSG][0m itr   204, best 5605.3838, time  127.2, minPhero 0.01(232), stagnancy 13.7%
[35m[MSG][0m itr   205, best 5605.3838, time  127.8, minPhero 0.01(232), stagnancy 14.0%
[35m[MSG][0m itr   206, best 5605.3838, time  128.4, minPhero 0.01(232), stagnancy 14.3%
[35m[MSG][0m itr   207, best 5605.3838, time  129.0, minPhero 0.01(232), stagnancy 14.7%
[35m[MSG][0m itr   208, best 5605.3838, time  129.6, minPhero 0.01(232), stagnancy 15.0%
[35m[MSG][0m itr   209, best 5605.3838, time  130.2, minPhero 0.01(232), stagnancy 15.3%
[35m[MSG][0m itr   210, best 5605.3838, time  130.8, minPhero 0.01(232), stagnancy 15.7%
[35m[MSG][0m itr   211, best 5605.3838, time  131.4, minPhero 0.01(232), stagnancy 16.0%
[35m[MSG][0m itr   212, best 5605.3838, time  132.0, minPhero 0.01(232), stagnancy 16.3%
[35m[MSG][0m itr   213, best 5605.3838, time  132.6, minPhero 0.01(232), stagnancy 16.7%
[35m[MSG][0m itr   214, best 5605.3838, time  133.2, minPhero 0.01(232), stagnancy 17.0%
[35m[MSG][0m itr   215, best 5605.3838, time  133.8, minPhero 0.01(232), stagnancy 17.3%
[35m[MSG][0m itr   216, best 5605.3838, time  134.4, minPhero 0.01(232), stagnancy 17.7%
[35m[MSG][0m itr   217, best 5605.3838, time  135.0, minPhero 0.01(232), stagnancy 18.0%
[35m[MSG][0m itr   218, best 5605.3838, time  135.6, minPhero 0.01(232), stagnancy 18.3%
[35m[MSG][0m itr   219, best 5605.3838, time  136.2, minPhero 0.01(232), stagnancy 18.7%
[35m[MSG][0m itr   220, best 5605.3838, time  136.8, minPhero 0.01(232), stagnancy 19.0%
[35m[MSG][0m itr   221, best 5605.3838, time  137.4, minPhero 0.01(232), stagnancy 19.3%
[35m[MSG][0m itr   222, best 5605.3838, time  138.0, minPhero 0.01(232), stagnancy 19.7%
[35m[MSG][0m itr   223, best 5605.3838, time  138.6, minPhero 0.01(232), stagnancy 20.0%
[35m[MSG][0m itr   224, best 5605.3838, time  139.2, minPhero 0.01(232), stagnancy 20.3%
[35m[MSG][0m itr   225, best 5605.3838, time  139.8, minPhero 0.01(232), stagnancy 20.7%
[35m[MSG][0m itr   226, best 5605.3838, time  140.4, minPhero 0.01(232), stagnancy 21.0%
[35m[MSG][0m itr   227, best 5605.3838, time  141.0, minPhero 0.01(232), stagnancy 21.3%
[35m[MSG][0m itr   228, best 5605.3838, time  141.6, minPhero 0.01(232), stagnancy 21.7%
[35m[MSG][0m itr   229, best 5605.3838, time  142.3, minPhero 0.01(232), stagnancy 22.0%
[35m[MSG][0m itr   230, best 5605.3838, time  142.9, minPhero 0.01(232), stagnancy 22.3%
[35m[MSG][0m itr   231, best 5605.3838, time  143.5, minPhero 0.01(232), stagnancy 22.7%
[35m[MSG][0m itr   232, best 5605.3838, time  144.1, minPhero 0.01(232), stagnancy 23.0%
[35m[MSG][0m itr   233, best 5605.3838, time  144.7, minPhero 0.01(232), stagnancy 23.3%
[35m[MSG][0m itr   234, best 5605.3838, time  145.3, minPhero 0.01(232), stagnancy 23.7%
[35m[MSG][0m itr   235, best 5605.3838, time  145.9, minPhero 0.01(232), stagnancy 24.0%
[35m[MSG][0m itr   236, best 5605.3838, time  146.5, minPhero 0.01(232), stagnancy 24.3%
[35m[MSG][0m itr   237, best 5605.3838, time  147.1, minPhero 0.01(232), stagnancy 24.7%
[35m[MSG][0m itr   238, best 5605.3838, time  147.7, minPhero 0.01(232), stagnancy 25.0%
[35m[MSG][0m itr   239, best 5605.3838, time  148.3, minPhero 0.01(232), stagnancy 25.3%
[35m[MSG][0m itr   240, best 5605.3838, time  148.9, minPhero 0.01(232), stagnancy 25.7%
[35m[MSG][0m itr   241, best 5605.3838, time  149.5, minPhero 0.01(232), stagnancy 26.0%
[35m[MSG][0m itr   242, best 5604.5176, time  150.1, minPhero 0.01(250), stagnancy 0.0%
[35m[MSG][0m itr   243, best 5604.5176, time  150.7, minPhero 0.01(250), stagnancy 0.3%
[35m[MSG][0m itr   244, best 5604.5176, time  151.3, minPhero 0.01(250), stagnancy 0.7%
[35m[MSG][0m itr   245, best 5604.5176, time  151.9, minPhero 0.01(250), stagnancy 1.0%
[35m[MSG][0m itr   246, best 5602.6694, time  152.5, minPhero 0.01(259), stagnancy 0.0%
[35m[MSG][0m itr   247, best 5600.2637, time  153.1, minPhero 0.01(259), stagnancy 0.0%
[35m[MSG][0m itr   248, best 5600.2637, time  153.7, minPhero 0.01(259), stagnancy 0.3%
[35m[MSG][0m itr   249, best 5600.2637, time  154.3, minPhero 0.01(259), stagnancy 0.7%
[35m[MSG][0m itr   250, best 5600.2637, time  154.9, minPhero 0.01(259), stagnancy 1.0%
[35m[MSG][0m itr   251, best 5600.2637, time  155.5, minPhero 0.01(259), stagnancy 1.3%
[35m[MSG][0m itr   252, best 5599.8506, time  156.1, minPhero 0.01(261), stagnancy 0.0%
[35m[MSG][0m itr   253, best 5599.8506, time  156.7, minPhero 0.01(261), stagnancy 0.3%
[35m[MSG][0m itr   254, best 5599.8506, time  157.4, minPhero 0.01(261), stagnancy 0.7%
[35m[MSG][0m itr   255, best 5599.8506, time  158.0, minPhero 0.01(261), stagnancy 1.0%
[35m[MSG][0m itr   256, best 5599.8506, time  158.6, minPhero 0.01(261), stagnancy 1.3%
[35m[MSG][0m itr   257, best 5599.6709, time  159.2, minPhero 0.01(263), stagnancy 0.0%
[35m[MSG][0m itr   258, best 5599.6709, time  159.8, minPhero 0.01(263), stagnancy 0.3%
[35m[MSG][0m itr   259, best 5599.6709, time  160.4, minPhero 0.01(259), stagnancy 0.7%
[35m[MSG][0m itr   260, best 5599.6709, time  161.0, minPhero 0.01(259), stagnancy 1.0%
[35m[MSG][0m itr   261, best 5599.6709, time  161.6, minPhero 0.01(259), stagnancy 1.3%
[35m[MSG][0m itr   262, best 5599.6709, time  162.2, minPhero 0.01(259), stagnancy 1.7%
[35m[MSG][0m itr   263, best 5596.2134, time  162.8, minPhero 0.01(263), stagnancy 0.0%
[35m[MSG][0m itr   264, best 5596.2134, time  163.4, minPhero 0.01(263), stagnancy 0.3%
[35m[MSG][0m itr   265, best 5596.2134, time  164.0, minPhero 0.01(263), stagnancy 0.7%
[35m[MSG][0m itr   266, best 5596.2134, time  164.6, minPhero 0.01(260), stagnancy 1.0%
[35m[MSG][0m itr   267, best 5596.2134, time  165.3, minPhero 0.01(260), stagnancy 1.3%
[35m[MSG][0m itr   268, best 5596.2134, time  165.9, minPhero 0.01(244), stagnancy 1.7%
[35m[MSG][0m itr   269, best 5596.2134, time  166.5, minPhero 0.01(244), stagnancy 2.0%
[35m[MSG][0m itr   270, best 5596.2134, time  167.1, minPhero 0.01(244), stagnancy 2.3%
[35m[MSG][0m itr   271, best 5596.2134, time  167.6, minPhero 0.01(244), stagnancy 2.7%
[35m[MSG][0m itr   272, best 5596.2134, time  168.3, minPhero 0.01(242), stagnancy 3.0%
[35m[MSG][0m itr   273, best 5596.2134, time  168.9, minPhero 0.01(242), stagnancy 3.3%
[35m[MSG][0m itr   274, best 5596.2129, time  169.5, minPhero 0.01(242), stagnancy 0.0%
[35m[MSG][0m itr   275, best 5596.2129, time  170.1, minPhero 0.01(242), stagnancy 0.3%
[35m[MSG][0m itr   276, best 5596.2129, time  170.7, minPhero 0.01(242), stagnancy 0.7%
[35m[MSG][0m itr   277, best 5596.2129, time  171.3, minPhero 0.01(242), stagnancy 1.0%
[35m[MSG][0m itr   278, best 5596.2129, time  171.9, minPhero 0.01(240), stagnancy 1.3%
[35m[MSG][0m itr   279, best 5596.2129, time  172.5, minPhero 0.01(240), stagnancy 1.7%
[35m[MSG][0m itr   280, best 5596.2129, time  173.1, minPhero 0.01(240), stagnancy 2.0%
[35m[MSG][0m itr   281, best 5596.2129, time  173.7, minPhero 0.01(240), stagnancy 2.3%
[35m[MSG][0m itr   282, best 5596.2129, time  174.3, minPhero 0.01(238), stagnancy 2.7%
[35m[MSG][0m itr   283, best 5596.2129, time  174.9, minPhero 0.01(237), stagnancy 3.0%
[35m[MSG][0m itr   284, best 5596.2129, time  175.6, minPhero 0.01(237), stagnancy 3.3%
[35m[MSG][0m itr   285, best 5596.2129, time  176.2, minPhero 0.01(237), stagnancy 3.7%
[35m[MSG][0m itr   286, best 5596.2129, time  176.8, minPhero 0.01(237), stagnancy 4.0%
[35m[MSG][0m itr   287, best 5596.2129, time  177.4, minPhero 0.01(237), stagnancy 4.3%
[35m[MSG][0m itr   288, best 5596.2129, time  178.0, minPhero 0.01(234), stagnancy 4.7%
[35m[MSG][0m itr   289, best 5596.2129, time  178.6, minPhero 0.01(232), stagnancy 5.0%
[35m[MSG][0m itr   290, best 5596.2129, time  179.2, minPhero 0.01(232), stagnancy 5.3%
[35m[MSG][0m itr   291, best 5596.2129, time  179.8, minPhero 0.01(232), stagnancy 5.7%
[35m[MSG][0m itr   292, best 5596.2129, time  180.4, minPhero 0.01(232), stagnancy 6.0%
[35m[MSG][0m itr   293, best 5596.2129, time  180.9, minPhero 0.01(232), stagnancy 6.3%
[35m[MSG][0m itr   294, best 5596.2129, time  181.5, minPhero 0.01(232), stagnancy 6.7%
[35m[MSG][0m itr   295, best 5590.0200, time  182.1, minPhero 0.01(238), stagnancy 0.0%
[35m[MSG][0m itr   296, best 5590.0200, time  182.7, minPhero 0.01(238), stagnancy 0.3%
[35m[MSG][0m itr   297, best 5590.0200, time  183.3, minPhero 0.01(238), stagnancy 0.7%
[35m[MSG][0m itr   298, best 5590.0200, time  183.9, minPhero 0.01(238), stagnancy 1.0%
[35m[MSG][0m itr   299, best 5590.0200, time  184.5, minPhero 0.01(238), stagnancy 1.3%
[35m[MSG][0m itr   300, best 5590.0200, time  185.2, minPhero 0.01(238), stagnancy 1.7%
[35m[MSG][0m itr   301, best 5590.0200, time  185.8, minPhero 0.01(238), stagnancy 2.0%
[35m[MSG][0m itr   302, best 5590.0200, time  186.4, minPhero 0.01(238), stagnancy 2.3%
[35m[MSG][0m itr   303, best 5590.0200, time  187.0, minPhero 0.01(238), stagnancy 2.7%
[35m[MSG][0m itr   304, best 5590.0195, time  187.6, minPhero 0.01(238), stagnancy 0.0%
[35m[MSG][0m itr   305, best 5590.0195, time  188.2, minPhero 0.01(238), stagnancy 0.3%
[35m[MSG][0m itr   306, best 5590.0195, time  188.8, minPhero 0.01(238), stagnancy 0.7%
[35m[MSG][0m itr   307, best 5590.0195, time  189.4, minPhero 0.01(238), stagnancy 1.0%
[35m[MSG][0m itr   308, best 5590.0195, time  190.0, minPhero 0.01(238), stagnancy 1.3%
[35m[MSG][0m itr   309, best 5590.0195, time  190.6, minPhero 0.01(238), stagnancy 1.7%
[35m[MSG][0m itr   310, best 5590.0195, time  191.3, minPhero 0.01(238), stagnancy 2.0%
[35m[MSG][0m itr   311, best 5590.0195, time  191.9, minPhero 0.01(238), stagnancy 2.3%
[35m[MSG][0m itr   312, best 5590.0195, time  192.5, minPhero 0.01(238), stagnancy 2.7%
[35m[MSG][0m itr   313, best 5590.0195, time  193.1, minPhero 0.01(238), stagnancy 3.0%
[35m[MSG][0m itr   314, best 5590.0195, time  193.7, minPhero 0.01(238), stagnancy 3.3%
[35m[MSG][0m itr   315, best 5590.0195, time  194.3, minPhero 0.01(238), stagnancy 3.7%
[35m[MSG][0m itr   316, best 5590.0195, time  194.9, minPhero 0.01(238), stagnancy 4.0%
[35m[MSG][0m itr   317, best 5590.0195, time  195.5, minPhero 0.01(238), stagnancy 4.3%
[35m[MSG][0m itr   318, best 5590.0195, time  196.1, minPhero 0.01(238), stagnancy 4.7%
[35m[MSG][0m itr   319, best 5590.0195, time  196.7, minPhero 0.01(238), stagnancy 5.0%
[35m[MSG][0m itr   320, best 5590.0195, time  197.3, minPhero 0.01(238), stagnancy 5.3%
[35m[MSG][0m itr   321, best 5590.0195, time  197.9, minPhero 0.01(232), stagnancy 5.7%
[35m[MSG][0m itr   322, best 5590.0195, time  198.5, minPhero 0.01(232), stagnancy 6.0%
[35m[MSG][0m itr   323, best 5590.0195, time  199.2, minPhero 0.01(232), stagnancy 6.3%
[35m[MSG][0m itr   324, best 5590.0195, time  199.8, minPhero 0.01(232), stagnancy 6.7%
[35m[MSG][0m itr   325, best 5590.0195, time  200.3, minPhero 0.01(232), stagnancy 7.0%
[35m[MSG][0m itr   326, best 5590.0195, time  201.0, minPhero 0.01(232), stagnancy 7.3%
[35m[MSG][0m itr   327, best 5590.0195, time  201.6, minPhero 0.01(232), stagnancy 7.7%
[35m[MSG][0m itr   328, best 5590.0195, time  202.2, minPhero 0.01(232), stagnancy 8.0%
[35m[MSG][0m itr   329, best 5590.0195, time  202.8, minPhero 0.01(232), stagnancy 8.3%
[35m[MSG][0m itr   330, best 5590.0195, time  203.4, minPhero 0.01(232), stagnancy 8.7%
[35m[MSG][0m itr   331, best 5590.0195, time  204.0, minPhero 0.01(232), stagnancy 9.0%
[35m[MSG][0m itr   332, best 5590.0195, time  204.6, minPhero 0.01(232), stagnancy 9.3%
[35m[MSG][0m itr   333, best 5590.0195, time  205.2, minPhero 0.01(232), stagnancy 9.7%
[35m[MSG][0m itr   334, best 5590.0195, time  205.8, minPhero 0.01(232), stagnancy 10.0%
[35m[MSG][0m itr   335, best 5590.0195, time  206.4, minPhero 0.01(232), stagnancy 10.3%
[35m[MSG][0m itr   336, best 5590.0195, time  207.0, minPhero 0.01(232), stagnancy 10.7%
[35m[MSG][0m itr   337, best 5590.0195, time  207.5, minPhero 0.01(232), stagnancy 11.0%
[35m[MSG][0m itr   338, best 5590.0195, time  208.1, minPhero 0.01(232), stagnancy 11.3%
[35m[MSG][0m itr   339, best 5590.0195, time  208.8, minPhero 0.01(232), stagnancy 11.7%
[35m[MSG][0m itr   340, best 5590.0195, time  209.4, minPhero 0.01(232), stagnancy 12.0%
[35m[MSG][0m itr   341, best 5590.0195, time  210.0, minPhero 0.01(232), stagnancy 12.3%
[35m[MSG][0m itr   342, best 5590.0195, time  210.6, minPhero 0.01(232), stagnancy 12.7%
[35m[MSG][0m itr   343, best 5590.0195, time  211.2, minPhero 0.01(232), stagnancy 13.0%
[35m[MSG][0m itr   344, best 5590.0195, time  211.8, minPhero 0.01(232), stagnancy 13.3%
[35m[MSG][0m itr   345, best 5590.0195, time  212.4, minPhero 0.01(232), stagnancy 13.7%
[35m[MSG][0m itr   346, best 5590.0195, time  213.0, minPhero 0.01(232), stagnancy 14.0%
[35m[MSG][0m itr   347, best 5590.0195, time  213.6, minPhero 0.01(232), stagnancy 14.3%
[35m[MSG][0m itr   348, best 5590.0195, time  214.2, minPhero 0.01(232), stagnancy 14.7%
[35m[MSG][0m itr   349, best 5590.0195, time  214.8, minPhero 0.01(232), stagnancy 15.0%
[35m[MSG][0m itr   350, best 5590.0195, time  215.4, minPhero 0.01(232), stagnancy 15.3%
[35m[MSG][0m itr   351, best 5590.0195, time  216.0, minPhero 0.01(232), stagnancy 15.7%
[35m[MSG][0m itr   352, best 5590.0195, time  216.6, minPhero 0.01(232), stagnancy 16.0%
[35m[MSG][0m itr   353, best 5590.0195, time  217.2, minPhero 0.01(232), stagnancy 16.3%
[35m[MSG][0m itr   354, best 5590.0195, time  217.8, minPhero 0.01(232), stagnancy 16.7%
[35m[MSG][0m itr   355, best 5590.0195, time  218.4, minPhero 0.01(232), stagnancy 17.0%
[35m[MSG][0m itr   356, best 5590.0195, time  219.0, minPhero 0.01(232), stagnancy 17.3%
[35m[MSG][0m itr   357, best 5590.0195, time  219.6, minPhero 0.01(232), stagnancy 17.7%
[35m[MSG][0m itr   358, best 5590.0195, time  220.2, minPhero 0.01(232), stagnancy 18.0%
[35m[MSG][0m itr   359, best 5590.0195, time  220.8, minPhero 0.01(232), stagnancy 18.3%
[35m[MSG][0m itr   360, best 5590.0195, time  221.4, minPhero 0.01(232), stagnancy 18.7%
[35m[MSG][0m itr   361, best 5590.0195, time  222.0, minPhero 0.01(232), stagnancy 19.0%
[35m[MSG][0m itr   362, best 5590.0195, time  222.6, minPhero 0.01(232), stagnancy 19.3%
[35m[MSG][0m itr   363, best 5590.0195, time  223.2, minPhero 0.01(232), stagnancy 19.7%
[35m[MSG][0m itr   364, best 5590.0195, time  223.8, minPhero 0.01(232), stagnancy 20.0%
[35m[MSG][0m itr   365, best 5590.0195, time  224.4, minPhero 0.01(232), stagnancy 20.3%
[35m[MSG][0m itr   366, best 5590.0195, time  225.0, minPhero 0.01(232), stagnancy 20.7%
[35m[MSG][0m itr   367, best 5590.0195, time  225.6, minPhero 0.01(232), stagnancy 21.0%
[35m[MSG][0m itr   368, best 5590.0195, time  226.2, minPhero 0.01(232), stagnancy 21.3%
[35m[MSG][0m itr   369, best 5590.0195, time  226.8, minPhero 0.01(232), stagnancy 21.7%
[35m[MSG][0m itr   370, best 5590.0195, time  227.4, minPhero 0.01(232), stagnancy 22.0%
[35m[MSG][0m itr   371, best 5590.0195, time  228.0, minPhero 0.01(232), stagnancy 22.3%
[35m[MSG][0m itr   372, best 5590.0195, time  228.6, minPhero 0.01(232), stagnancy 22.7%
[35m[MSG][0m itr   373, best 5590.0195, time  229.2, minPhero 0.01(232), stagnancy 23.0%
[35m[MSG][0m itr   374, best 5590.0195, time  229.8, minPhero 0.01(232), stagnancy 23.3%
[35m[MSG][0m itr   375, best 5590.0195, time  230.4, minPhero 0.01(232), stagnancy 23.7%
[35m[MSG][0m itr   376, best 5590.0195, time  231.1, minPhero 0.01(232), stagnancy 24.0%
[35m[MSG][0m itr   377, best 5590.0195, time  231.7, minPhero 0.01(232), stagnancy 24.3%
[35m[MSG][0m itr   378, best 5590.0195, time  232.3, minPhero 0.01(232), stagnancy 24.7%
[35m[MSG][0m itr   379, best 5590.0195, time  232.9, minPhero 0.01(232), stagnancy 25.0%
[35m[MSG][0m itr   380, best 5590.0195, time  233.5, minPhero 0.01(232), stagnancy 25.3%
[35m[MSG][0m itr   381, best 5590.0195, time  234.2, minPhero 0.01(232), stagnancy 25.7%
[35m[MSG][0m itr   382, best 5590.0195, time  234.8, minPhero 0.01(232), stagnancy 26.0%
[35m[MSG][0m itr   383, best 5590.0195, time  235.3, minPhero 0.01(232), stagnancy 26.3%
[35m[MSG][0m itr   384, best 5590.0195, time  236.0, minPhero 0.01(232), stagnancy 26.7%
[35m[MSG][0m itr   385, best 5590.0195, time  236.6, minPhero 0.01(232), stagnancy 27.0%
[35m[MSG][0m itr   386, best 5590.0195, time  237.1, minPhero 0.01(232), stagnancy 27.3%
[35m[MSG][0m itr   387, best 5590.0195, time  237.8, minPhero 0.01(232), stagnancy 27.7%
[35m[MSG][0m itr   388, best 5590.0195, time  238.4, minPhero 0.01(232), stagnancy 28.0%
[35m[MSG][0m itr   389, best 5590.0195, time  239.0, minPhero 0.01(232), stagnancy 28.3%
[35m[MSG][0m itr   390, best 5590.0195, time  239.5, minPhero 0.01(232), stagnancy 28.7%
[35m[MSG][0m itr   391, best 5590.0195, time  240.1, minPhero 0.01(232), stagnancy 29.0%
[35m[MSG][0m itr   392, best 5590.0195, time  240.6, minPhero 0.01(232), stagnancy 29.3%
[35m[MSG][0m itr   393, best 5590.0195, time  241.2, minPhero 0.01(232), stagnancy 29.7%
[35m[MSG][0m itr   394, best 5590.0195, time  241.8, minPhero 0.01(232), stagnancy 30.0%
[35m[MSG][0m itr   395, best 5590.0195, time  242.5, minPhero 0.01(232), stagnancy 30.3%
[35m[MSG][0m itr   396, best 5590.0195, time  243.1, minPhero 0.01(232), stagnancy 30.7%
[35m[MSG][0m itr   397, best 5590.0195, time  243.7, minPhero 0.01(232), stagnancy 31.0%
[35m[MSG][0m itr   398, best 5590.0195, time  244.3, minPhero 0.01(232), stagnancy 31.3%
[35m[MSG][0m itr   399, best 5590.0195, time  244.9, minPhero 0.01(232), stagnancy 31.7%
[35m[MSG][0m itr   400, best 5590.0195, time  245.5, minPhero 0.01(232), stagnancy 32.0%
[35m[MSG][0m itr   401, best 5590.0195, time  246.1, minPhero 0.01(232), stagnancy 32.3%
[35m[MSG][0m itr   402, best 5590.0195, time  246.7, minPhero 0.01(232), stagnancy 32.7%
[35m[MSG][0m itr   403, best 5590.0195, time  247.3, minPhero 0.01(232), stagnancy 33.0%
[35m[MSG][0m itr   404, best 5590.0195, time  247.9, minPhero 0.01(232), stagnancy 33.3%
[35m[MSG][0m itr   405, best 5590.0195, time  248.5, minPhero 0.01(232), stagnancy 33.7%
[35m[MSG][0m itr   406, best 5590.0195, time  249.1, minPhero 0.01(232), stagnancy 34.0%
[35m[MSG][0m itr   407, best 5590.0195, time  249.7, minPhero 0.01(232), stagnancy 34.3%
[35m[MSG][0m itr   408, best 5590.0195, time  250.4, minPhero 0.01(232), stagnancy 34.7%
[35m[MSG][0m itr   409, best 5590.0195, time  251.0, minPhero 0.01(232), stagnancy 35.0%
[35m[MSG][0m itr   410, best 5590.0195, time  251.6, minPhero 0.01(232), stagnancy 35.3%
[35m[MSG][0m itr   411, best 5590.0195, time  252.2, minPhero 0.01(232), stagnancy 35.7%
[35m[MSG][0m itr   412, best 5590.0195, time  252.8, minPhero 0.01(232), stagnancy 36.0%
[35m[MSG][0m itr   413, best 5590.0195, time  253.4, minPhero 0.01(232), stagnancy 36.3%
[35m[MSG][0m itr   414, best 5590.0195, time  254.0, minPhero 0.01(232), stagnancy 36.7%
[35m[MSG][0m itr   415, best 5590.0195, time  254.7, minPhero 0.01(232), stagnancy 37.0%
[35m[MSG][0m itr   416, best 5590.0195, time  255.3, minPhero 0.01(232), stagnancy 37.3%
[35m[MSG][0m itr   417, best 5590.0195, time  255.9, minPhero 0.01(232), stagnancy 37.7%
[35m[MSG][0m itr   418, best 5590.0195, time  256.4, minPhero 0.01(232), stagnancy 38.0%
[35m[MSG][0m itr   419, best 5590.0195, time  257.0, minPhero 0.01(232), stagnancy 38.3%
[35m[MSG][0m itr   420, best 5590.0195, time  257.6, minPhero 0.01(232), stagnancy 38.7%
[35m[MSG][0m itr   421, best 5590.0195, time  258.2, minPhero 0.01(232), stagnancy 39.0%
[35m[MSG][0m itr   422, best 5590.0195, time  258.9, minPhero 0.01(232), stagnancy 39.3%
[35m[MSG][0m itr   423, best 5590.0195, time  259.5, minPhero 0.01(232), stagnancy 39.7%
[35m[MSG][0m itr   424, best 5590.0195, time  260.1, minPhero 0.01(232), stagnancy 40.0%
[35m[MSG][0m itr   425, best 5590.0195, time  260.7, minPhero 0.01(232), stagnancy 40.3%
[35m[MSG][0m itr   426, best 5590.0195, time  261.3, minPhero 0.01(232), stagnancy 40.7%
[35m[MSG][0m itr   427, best 5590.0195, time  261.9, minPhero 0.01(232), stagnancy 41.0%
[35m[MSG][0m itr   428, best 5590.0195, time  262.5, minPhero 0.01(232), stagnancy 41.3%
[35m[MSG][0m itr   429, best 5590.0195, time  263.1, minPhero 0.01(232), stagnancy 41.7%
[35m[MSG][0m itr   430, best 5590.0195, time  263.7, minPhero 0.01(232), stagnancy 42.0%
[35m[MSG][0m itr   431, best 5590.0195, time  264.3, minPhero 0.01(232), stagnancy 42.3%
[35m[MSG][0m itr   432, best 5590.0195, time  264.9, minPhero 0.01(232), stagnancy 42.7%
[35m[MSG][0m itr   433, best 5590.0195, time  265.5, minPhero 0.01(232), stagnancy 43.0%
[35m[MSG][0m itr   434, best 5590.0195, time  266.1, minPhero 0.01(232), stagnancy 43.3%
[35m[MSG][0m itr   435, best 5590.0195, time  266.7, minPhero 0.01(232), stagnancy 43.7%
[35m[MSG][0m itr   436, best 5590.0195, time  267.3, minPhero 0.01(232), stagnancy 44.0%
[35m[MSG][0m itr   437, best 5590.0195, time  267.9, minPhero 0.01(232), stagnancy 44.3%
[35m[MSG][0m itr   438, best 5590.0195, time  268.5, minPhero 0.01(232), stagnancy 44.7%
[35m[MSG][0m itr   439, best 5590.0195, time  269.1, minPhero 0.01(232), stagnancy 45.0%
[35m[MSG][0m itr   440, best 5590.0195, time  269.7, minPhero 0.01(232), stagnancy 45.3%
[35m[MSG][0m itr   441, best 5590.0195, time  270.3, minPhero 0.01(232), stagnancy 45.7%
[35m[MSG][0m itr   442, best 5590.0195, time  270.9, minPhero 0.01(232), stagnancy 46.0%
[35m[MSG][0m itr   443, best 5590.0195, time  271.5, minPhero 0.01(232), stagnancy 46.3%
[35m[MSG][0m itr   444, best 5590.0195, time  272.1, minPhero 0.01(232), stagnancy 46.7%
[35m[MSG][0m itr   445, best 5590.0195, time  272.7, minPhero 0.01(232), stagnancy 47.0%
[35m[MSG][0m itr   446, best 5590.0195, time  273.3, minPhero 0.01(232), stagnancy 47.3%
[35m[MSG][0m itr   447, best 5590.0195, time  273.9, minPhero 0.01(232), stagnancy 47.7%
[35m[MSG][0m itr   448, best 5590.0195, time  274.5, minPhero 0.01(232), stagnancy 48.0%
[35m[MSG][0m itr   449, best 5590.0195, time  275.1, minPhero 0.01(232), stagnancy 48.3%
[35m[MSG][0m itr   450, best 5590.0195, time  275.7, minPhero 0.01(232), stagnancy 48.7%
[35m[MSG][0m itr   451, best 5590.0195, time  276.3, minPhero 0.01(232), stagnancy 49.0%
[35m[MSG][0m itr   452, best 5590.0195, time  276.9, minPhero 0.01(232), stagnancy 49.3%
[35m[MSG][0m itr   453, best 5590.0195, time  277.5, minPhero 0.01(232), stagnancy 49.7%
[35m[MSG][0m itr   454, best 5590.0195, time  278.1, minPhero 0.01(232), stagnancy 50.0%
[35m[MSG][0m itr   455, best 5590.0195, time  278.7, minPhero 0.01(232), stagnancy 50.3%
[35m[MSG][0m itr   456, best 5590.0195, time  279.3, minPhero 0.01(232), stagnancy 50.7%
[35m[MSG][0m itr   457, best 5590.0195, time  279.9, minPhero 0.01(232), stagnancy 51.0%
[35m[MSG][0m itr   458, best 5590.0195, time  280.5, minPhero 0.01(232), stagnancy 51.3%
[35m[MSG][0m itr   459, best 5590.0195, time  281.1, minPhero 0.01(232), stagnancy 51.7%
[35m[MSG][0m itr   460, best 5590.0195, time  281.7, minPhero 0.01(232), stagnancy 52.0%
[35m[MSG][0m itr   461, best 5590.0195, time  282.3, minPhero 0.01(232), stagnancy 52.3%
[35m[MSG][0m itr   462, best 5590.0195, time  282.9, minPhero 0.01(232), stagnancy 52.7%
[35m[MSG][0m itr   463, best 5590.0195, time  283.5, minPhero 0.01(232), stagnancy 53.0%
[35m[MSG][0m itr   464, best 5590.0195, time  284.1, minPhero 0.01(232), stagnancy 53.3%
[35m[MSG][0m itr   465, best 5590.0195, time  284.7, minPhero 0.01(232), stagnancy 53.7%
[35m[MSG][0m itr   466, best 5590.0195, time  285.3, minPhero 0.01(232), stagnancy 54.0%
[35m[MSG][0m itr   467, best 5590.0195, time  286.0, minPhero 0.01(232), stagnancy 54.3%
[35m[MSG][0m itr   468, best 5590.0195, time  286.6, minPhero 0.01(232), stagnancy 54.7%
[35m[MSG][0m itr   469, best 5590.0195, time  287.1, minPhero 0.01(232), stagnancy 55.0%
[35m[MSG][0m itr   470, best 5590.0195, time  287.7, minPhero 0.01(232), stagnancy 55.3%
[35m[MSG][0m itr   471, best 5590.0195, time  288.3, minPhero 0.01(232), stagnancy 55.7%
[35m[MSG][0m itr   472, best 5590.0195, time  288.9, minPhero 0.01(232), stagnancy 56.0%
[35m[MSG][0m itr   473, best 5590.0195, time  289.6, minPhero 0.01(232), stagnancy 56.3%
[35m[MSG][0m itr   474, best 5590.0195, time  290.2, minPhero 0.01(232), stagnancy 56.7%
[35m[MSG][0m itr   475, best 5590.0195, time  290.8, minPhero 0.01(232), stagnancy 57.0%
[35m[MSG][0m itr   476, best 5590.0195, time  291.4, minPhero 0.01(232), stagnancy 57.3%
[35m[MSG][0m itr   477, best 5590.0195, time  292.0, minPhero 0.01(232), stagnancy 57.7%
[35m[MSG][0m itr   478, best 5590.0195, time  292.6, minPhero 0.01(232), stagnancy 58.0%
[35m[MSG][0m itr   479, best 5590.0195, time  293.2, minPhero 0.01(232), stagnancy 58.3%
[35m[MSG][0m itr   480, best 5590.0195, time  293.8, minPhero 0.01(232), stagnancy 58.7%
[35m[MSG][0m itr   481, best 5590.0195, time  294.4, minPhero 0.01(232), stagnancy 59.0%
[35m[MSG][0m itr   482, best 5590.0195, time  294.9, minPhero 0.01(232), stagnancy 59.3%
[35m[MSG][0m itr   483, best 5590.0195, time  295.5, minPhero 0.01(232), stagnancy 59.7%
[35m[MSG][0m itr   484, best 5590.0195, time  296.2, minPhero 0.01(232), stagnancy 60.0%
[35m[MSG][0m itr   485, best 5590.0195, time  296.7, minPhero 0.01(232), stagnancy 60.3%
[35m[MSG][0m itr   486, best 5590.0195, time  297.3, minPhero 0.01(232), stagnancy 60.7%
[35m[MSG][0m itr   487, best 5590.0195, time  297.9, minPhero 0.01(232), stagnancy 61.0%
[35m[MSG][0m itr   488, best 5590.0195, time  298.5, minPhero 0.01(232), stagnancy 61.3%
[35m[MSG][0m itr   489, best 5590.0195, time  299.2, minPhero 0.01(232), stagnancy 61.7%
[35m[MSG][0m itr   490, best 5590.0195, time  299.8, minPhero 0.01(232), stagnancy 62.0%
[35m[MSG][0m itr   491, best 5590.0195, time  300.3, minPhero 0.01(232), stagnancy 62.3%
[35m[MSG][0m itr   492, best 5590.0195, time  300.9, minPhero 0.01(232), stagnancy 62.7%
[35m[MSG][0m itr   493, best 5590.0195, time  301.4, minPhero 0.01(232), stagnancy 63.0%
[35m[MSG][0m itr   494, best 5590.0195, time  302.0, minPhero 0.01(232), stagnancy 63.3%
[35m[MSG][0m itr   495, best 5590.0195, time  302.6, minPhero 0.01(232), stagnancy 63.7%
[35m[MSG][0m itr   496, best 5590.0195, time  303.2, minPhero 0.01(232), stagnancy 64.0%
[35m[MSG][0m itr   497, best 5590.0195, time  303.8, minPhero 0.01(232), stagnancy 64.3%
[35m[MSG][0m itr   498, best 5590.0195, time  304.4, minPhero 0.01(232), stagnancy 64.7%
[35m[MSG][0m itr   499, best 5590.0195, time  305.0, minPhero 0.01(232), stagnancy 65.0%
[35m[MSG][0m itr   500, best 5590.0195, time  305.6, minPhero 0.01(232), stagnancy 65.3%
[35m[MSG][0m itr   501, best 5590.0195, time  306.2, minPhero 0.01(232), stagnancy 65.7%
[35m[MSG][0m itr   502, best 5590.0195, time  306.8, minPhero 0.01(232), stagnancy 66.0%
[35m[MSG][0m itr   503, best 5590.0195, time  307.4, minPhero 0.01(232), stagnancy 66.3%
[35m[MSG][0m itr   504, best 5590.0195, time  308.0, minPhero 0.01(232), stagnancy 66.7%
[35m[MSG][0m itr   505, best 5590.0195, time  308.6, minPhero 0.01(232), stagnancy 67.0%
[35m[MSG][0m itr   506, best 5590.0195, time  309.2, minPhero 0.01(232), stagnancy 67.3%
[35m[MSG][0m itr   507, best 5590.0195, time  309.8, minPhero 0.01(232), stagnancy 67.7%
[35m[MSG][0m itr   508, best 5590.0195, time  310.4, minPhero 0.01(232), stagnancy 68.0%
[35m[MSG][0m itr   509, best 5590.0195, time  311.0, minPhero 0.01(232), stagnancy 68.3%
[35m[MSG][0m itr   510, best 5590.0195, time  311.6, minPhero 0.01(232), stagnancy 68.7%
[35m[MSG][0m itr   511, best 5590.0195, time  312.2, minPhero 0.01(232), stagnancy 69.0%
[35m[MSG][0m itr   512, best 5590.0195, time  312.8, minPhero 0.01(232), stagnancy 69.3%
[35m[MSG][0m itr   513, best 5590.0195, time  313.4, minPhero 0.01(232), stagnancy 69.7%
[35m[MSG][0m itr   514, best 5590.0195, time  314.0, minPhero 0.01(232), stagnancy 70.0%
[35m[MSG][0m itr   515, best 5590.0195, time  314.6, minPhero 0.01(232), stagnancy 70.3%
[35m[MSG][0m itr   516, best 5590.0195, time  315.2, minPhero 0.01(232), stagnancy 70.7%
[35m[MSG][0m itr   517, best 5590.0195, time  315.8, minPhero 0.01(232), stagnancy 71.0%
[35m[MSG][0m itr   518, best 5590.0195, time  316.4, minPhero 0.01(232), stagnancy 71.3%
[35m[MSG][0m itr   519, best 5590.0195, time  317.0, minPhero 0.01(232), stagnancy 71.7%
[35m[MSG][0m itr   520, best 5590.0195, time  317.6, minPhero 0.01(232), stagnancy 72.0%
[35m[MSG][0m itr   521, best 5590.0195, time  318.2, minPhero 0.01(232), stagnancy 72.3%
[35m[MSG][0m itr   522, best 5590.0195, time  318.8, minPhero 0.01(232), stagnancy 72.7%
[35m[MSG][0m itr   523, best 5590.0195, time  319.5, minPhero 0.01(232), stagnancy 73.0%
[35m[MSG][0m itr   524, best 5590.0195, time  320.1, minPhero 0.01(232), stagnancy 73.3%
[35m[MSG][0m itr   525, best 5590.0195, time  320.7, minPhero 0.01(232), stagnancy 73.7%
[35m[MSG][0m itr   526, best 5590.0195, time  321.3, minPhero 0.01(232), stagnancy 74.0%
[35m[MSG][0m itr   527, best 5590.0195, time  321.9, minPhero 0.01(232), stagnancy 74.3%
[35m[MSG][0m itr   528, best 5590.0195, time  322.5, minPhero 0.01(232), stagnancy 74.7%
[35m[MSG][0m itr   529, best 5590.0195, time  323.1, minPhero 0.01(232), stagnancy 75.0%
[35m[MSG][0m itr   530, best 5590.0195, time  323.7, minPhero 0.01(232), stagnancy 75.3%
[35m[MSG][0m itr   531, best 5590.0195, time  324.3, minPhero 0.01(232), stagnancy 75.7%
[35m[MSG][0m itr   532, best 5590.0195, time  324.9, minPhero 0.01(232), stagnancy 76.0%
[35m[MSG][0m itr   533, best 5590.0195, time  325.5, minPhero 0.01(232), stagnancy 76.3%
[35m[MSG][0m itr   534, best 5590.0195, time  326.1, minPhero 0.01(232), stagnancy 76.7%
[35m[MSG][0m itr   535, best 5590.0195, time  326.7, minPhero 0.01(232), stagnancy 77.0%
[35m[MSG][0m itr   536, best 5590.0195, time  327.3, minPhero 0.01(232), stagnancy 77.3%
[35m[MSG][0m itr   537, best 5590.0195, time  327.9, minPhero 0.01(232), stagnancy 77.7%
[35m[MSG][0m itr   538, best 5590.0195, time  328.5, minPhero 0.01(232), stagnancy 78.0%
[35m[MSG][0m itr   539, best 5590.0195, time  329.1, minPhero 0.01(232), stagnancy 78.3%
[35m[MSG][0m itr   540, best 5590.0195, time  329.7, minPhero 0.01(232), stagnancy 78.7%
[35m[MSG][0m itr   541, best 5590.0195, time  330.4, minPhero 0.01(232), stagnancy 79.0%
[35m[MSG][0m itr   542, best 5590.0195, time  330.9, minPhero 0.01(232), stagnancy 79.3%
[35m[MSG][0m itr   543, best 5590.0195, time  331.5, minPhero 0.01(232), stagnancy 79.7%
[35m[MSG][0m itr   544, best 5589.7842, time  332.1, minPhero 0.01(236), stagnancy 0.0%
[35m[MSG][0m itr   545, best 5589.7842, time  332.7, minPhero 0.01(236), stagnancy 0.3%
[35m[MSG][0m itr   546, best 5589.7842, time  333.3, minPhero 0.01(236), stagnancy 0.7%
[35m[MSG][0m itr   547, best 5589.7842, time  333.9, minPhero 0.01(236), stagnancy 1.0%
[35m[MSG][0m itr   548, best 5589.7842, time  334.5, minPhero 0.01(236), stagnancy 1.3%
[35m[MSG][0m itr   549, best 5589.7842, time  335.1, minPhero 0.01(236), stagnancy 1.7%
[35m[MSG][0m itr   550, best 5589.7837, time  335.7, minPhero 0.01(236), stagnancy 0.0%
[35m[MSG][0m itr   551, best 5589.7837, time  336.3, minPhero 0.01(236), stagnancy 0.3%
[35m[MSG][0m itr   552, best 5589.7837, time  336.9, minPhero 0.01(236), stagnancy 0.7%
[35m[MSG][0m itr   553, best 5589.7837, time  337.5, minPhero 0.01(236), stagnancy 1.0%
[35m[MSG][0m itr   554, best 5589.7837, time  338.1, minPhero 0.01(236), stagnancy 1.3%
[35m[MSG][0m itr   555, best 5589.7837, time  338.7, minPhero 0.01(236), stagnancy 1.7%
[35m[MSG][0m itr   556, best 5589.1743, time  339.3, minPhero 0.01(239), stagnancy 0.0%
[35m[MSG][0m itr   557, best 5589.1743, time  339.9, minPhero 0.01(239), stagnancy 0.3%
[35m[MSG][0m itr   558, best 5589.1743, time  340.5, minPhero 0.01(239), stagnancy 0.7%
[35m[MSG][0m itr   559, best 5589.1743, time  341.1, minPhero 0.01(239), stagnancy 1.0%
[35m[MSG][0m itr   560, best 5589.1738, time  341.7, minPhero 0.01(239), stagnancy 0.0%
[35m[MSG][0m itr   561, best 5589.1738, time  342.3, minPhero 0.01(239), stagnancy 0.3%
[35m[MSG][0m itr   562, best 5589.1738, time  342.9, minPhero 0.01(239), stagnancy 0.7%
[35m[MSG][0m itr   563, best 5589.1738, time  343.5, minPhero 0.01(239), stagnancy 1.0%
[35m[MSG][0m itr   564, best 5589.1738, time  344.1, minPhero 0.01(239), stagnancy 1.3%
[35m[MSG][0m itr   565, best 5589.1738, time  344.8, minPhero 0.01(239), stagnancy 1.7%
[35m[MSG][0m itr   566, best 5589.1738, time  345.3, minPhero 0.01(239), stagnancy 2.0%
[35m[MSG][0m itr   567, best 5589.1738, time  345.9, minPhero 0.01(239), stagnancy 2.3%
[35m[MSG][0m itr   568, best 5589.1738, time  346.5, minPhero 0.01(239), stagnancy 2.7%
[35m[MSG][0m itr   569, best 5589.1738, time  347.1, minPhero 0.01(239), stagnancy 3.0%
[35m[MSG][0m itr   570, best 5589.1738, time  347.8, minPhero 0.01(235), stagnancy 3.3%
[35m[MSG][0m itr   571, best 5589.1738, time  348.4, minPhero 0.01(235), stagnancy 3.7%
[35m[MSG][0m itr   572, best 5589.1738, time  349.0, minPhero 0.01(235), stagnancy 4.0%
[35m[MSG][0m itr   573, best 5589.1738, time  349.6, minPhero 0.01(235), stagnancy 4.3%
[35m[MSG][0m itr   574, best 5589.1738, time  350.2, minPhero 0.01(235), stagnancy 4.7%
[35m[MSG][0m itr   575, best 5589.1738, time  350.8, minPhero 0.01(235), stagnancy 5.0%
[35m[MSG][0m itr   576, best 5589.1738, time  351.4, minPhero 0.01(235), stagnancy 5.3%
[35m[MSG][0m itr   577, best 5589.1738, time  352.0, minPhero 0.01(235), stagnancy 5.7%
[35m[MSG][0m itr   578, best 5589.1738, time  352.6, minPhero 0.01(235), stagnancy 6.0%
[35m[MSG][0m itr   579, best 5589.1738, time  353.2, minPhero 0.01(235), stagnancy 6.3%
[35m[MSG][0m itr   580, best 5589.1738, time  353.8, minPhero 0.01(235), stagnancy 6.7%
[35m[MSG][0m itr   581, best 5589.1738, time  354.4, minPhero 0.01(233), stagnancy 7.0%
[35m[MSG][0m itr   582, best 5589.1738, time  355.0, minPhero 0.01(232), stagnancy 7.3%
[35m[MSG][0m itr   583, best 5589.1738, time  355.6, minPhero 0.01(232), stagnancy 7.7%
[35m[MSG][0m itr   584, best 5589.1738, time  356.2, minPhero 0.01(232), stagnancy 8.0%
[35m[MSG][0m itr   585, best 5589.1738, time  356.8, minPhero 0.01(232), stagnancy 8.3%
[35m[MSG][0m itr   586, best 5589.1738, time  357.4, minPhero 0.01(232), stagnancy 8.7%
[35m[MSG][0m itr   587, best 5589.1738, time  358.0, minPhero 0.01(232), stagnancy 9.0%
[35m[MSG][0m itr   588, best 5589.1738, time  358.7, minPhero 0.01(232), stagnancy 9.3%
[35m[MSG][0m itr   589, best 5589.1738, time  359.3, minPhero 0.01(232), stagnancy 9.7%
[35m[MSG][0m itr   590, best 5589.1738, time  359.9, minPhero 0.01(232), stagnancy 10.0%
[35m[MSG][0m itr   591, best 5589.1738, time  360.5, minPhero 0.01(232), stagnancy 10.3%
[35m[MSG][0m itr   592, best 5589.1738, time  361.1, minPhero 0.01(232), stagnancy 10.7%
[35m[MSG][0m itr   593, best 5589.1738, time  361.7, minPhero 0.01(232), stagnancy 11.0%
[35m[MSG][0m itr   594, best 5589.1738, time  362.3, minPhero 0.01(232), stagnancy 11.3%
[35m[MSG][0m itr   595, best 5589.1738, time  362.9, minPhero 0.01(232), stagnancy 11.7%
[35m[MSG][0m itr   596, best 5589.1738, time  363.5, minPhero 0.01(232), stagnancy 12.0%
[35m[MSG][0m itr   597, best 5589.1738, time  364.2, minPhero 0.01(232), stagnancy 12.3%
[35m[MSG][0m itr   598, best 5589.1738, time  364.8, minPhero 0.01(232), stagnancy 12.7%
[35m[MSG][0m itr   599, best 5589.1738, time  365.4, minPhero 0.01(232), stagnancy 13.0%
[35m[MSG][0m itr   600, best 5589.1738, time  366.0, minPhero 0.01(232), stagnancy 13.3%
[35m[MSG][0m itr   601, best 5589.1738, time  366.6, minPhero 0.01(232), stagnancy 13.7%
[35m[MSG][0m itr   602, best 5589.1738, time  367.2, minPhero 0.01(232), stagnancy 14.0%
[35m[MSG][0m itr   603, best 5589.1738, time  367.8, minPhero 0.01(232), stagnancy 14.3%
[35m[MSG][0m itr   604, best 5589.1738, time  368.4, minPhero 0.01(232), stagnancy 14.7%
[35m[MSG][0m itr   605, best 5589.1738, time  369.0, minPhero 0.01(232), stagnancy 15.0%
[35m[MSG][0m itr   606, best 5589.1738, time  369.6, minPhero 0.01(232), stagnancy 15.3%
[35m[MSG][0m itr   607, best 5589.1738, time  370.2, minPhero 0.01(232), stagnancy 15.7%
[35m[MSG][0m itr   608, best 5589.1738, time  370.8, minPhero 0.01(232), stagnancy 16.0%
[35m[MSG][0m itr   609, best 5589.1738, time  371.4, minPhero 0.01(232), stagnancy 16.3%
[35m[MSG][0m itr   610, best 5589.1738, time  372.0, minPhero 0.01(232), stagnancy 16.7%
[35m[MSG][0m itr   611, best 5589.1738, time  372.6, minPhero 0.01(232), stagnancy 17.0%
[35m[MSG][0m itr   612, best 5589.1738, time  373.2, minPhero 0.01(232), stagnancy 17.3%
[35m[MSG][0m itr   613, best 5589.1738, time  373.8, minPhero 0.01(232), stagnancy 17.7%
[35m[MSG][0m itr   614, best 5589.1738, time  374.4, minPhero 0.01(232), stagnancy 18.0%
[35m[MSG][0m itr   615, best 5589.1738, time  375.0, minPhero 0.01(232), stagnancy 18.3%
[35m[MSG][0m itr   616, best 5589.1738, time  375.6, minPhero 0.01(232), stagnancy 18.7%
[35m[MSG][0m itr   617, best 5589.1738, time  376.2, minPhero 0.01(232), stagnancy 19.0%
[35m[MSG][0m itr   618, best 5589.1738, time  376.8, minPhero 0.01(232), stagnancy 19.3%
[35m[MSG][0m itr   619, best 5589.1738, time  377.4, minPhero 0.01(232), stagnancy 19.7%
[35m[MSG][0m itr   620, best 5589.1738, time  378.0, minPhero 0.01(232), stagnancy 20.0%
[35m[MSG][0m itr   621, best 5589.1738, time  378.6, minPhero 0.01(232), stagnancy 20.3%
[35m[MSG][0m itr   622, best 5589.1738, time  379.2, minPhero 0.01(232), stagnancy 20.7%
[35m[MSG][0m itr   623, best 5589.1738, time  379.8, minPhero 0.01(232), stagnancy 21.0%
[35m[MSG][0m itr   624, best 5589.1738, time  380.4, minPhero 0.01(232), stagnancy 21.3%
[35m[MSG][0m itr   625, best 5589.1738, time  381.0, minPhero 0.01(232), stagnancy 21.7%
[35m[MSG][0m itr   626, best 5589.1738, time  381.6, minPhero 0.01(232), stagnancy 22.0%
[35m[MSG][0m itr   627, best 5589.1738, time  382.2, minPhero 0.01(232), stagnancy 22.3%
[35m[MSG][0m itr   628, best 5589.1738, time  382.8, minPhero 0.01(232), stagnancy 22.7%
[35m[MSG][0m itr   629, best 5589.1738, time  383.4, minPhero 0.01(232), stagnancy 23.0%
[35m[MSG][0m itr   630, best 5589.1738, time  384.0, minPhero 0.01(232), stagnancy 23.3%
[35m[MSG][0m itr   631, best 5589.1738, time  384.6, minPhero 0.01(232), stagnancy 23.7%
[35m[MSG][0m itr   632, best 5589.1738, time  385.3, minPhero 0.01(232), stagnancy 24.0%
[35m[MSG][0m itr   633, best 5589.1738, time  385.9, minPhero 0.01(232), stagnancy 24.3%
[35m[MSG][0m itr   634, best 5589.1738, time  386.5, minPhero 0.01(232), stagnancy 24.7%
[35m[MSG][0m itr   635, best 5589.1738, time  387.1, minPhero 0.01(232), stagnancy 25.0%
[35m[MSG][0m itr   636, best 5589.1738, time  387.7, minPhero 0.01(232), stagnancy 25.3%
[35m[MSG][0m itr   637, best 5589.1738, time  388.3, minPhero 0.01(232), stagnancy 25.7%
[35m[MSG][0m itr   638, best 5589.1738, time  388.9, minPhero 0.01(232), stagnancy 26.0%
[35m[MSG][0m itr   639, best 5589.1738, time  389.5, minPhero 0.01(232), stagnancy 26.3%
[35m[MSG][0m itr   640, best 5589.1738, time  390.1, minPhero 0.01(232), stagnancy 26.7%
[35m[MSG][0m itr   641, best 5589.1738, time  390.7, minPhero 0.01(232), stagnancy 27.0%
[35m[MSG][0m itr   642, best 5589.1738, time  391.3, minPhero 0.01(232), stagnancy 27.3%
[35m[MSG][0m itr   643, best 5589.1738, time  391.9, minPhero 0.01(232), stagnancy 27.7%
[35m[MSG][0m itr   644, best 5589.1738, time  392.5, minPhero 0.01(232), stagnancy 28.0%
[35m[MSG][0m itr   645, best 5589.1738, time  393.2, minPhero 0.01(232), stagnancy 28.3%
[35m[MSG][0m itr   646, best 5589.1738, time  393.7, minPhero 0.01(232), stagnancy 28.7%
[35m[MSG][0m itr   647, best 5589.1738, time  394.3, minPhero 0.01(232), stagnancy 29.0%
[35m[MSG][0m itr   648, best 5589.1738, time  394.9, minPhero 0.01(232), stagnancy 29.3%
[35m[MSG][0m itr   649, best 5589.1738, time  395.5, minPhero 0.01(232), stagnancy 29.7%
[35m[MSG][0m itr   650, best 5589.1738, time  396.1, minPhero 0.01(232), stagnancy 30.0%
[35m[MSG][0m itr   651, best 5589.1738, time  396.7, minPhero 0.01(232), stagnancy 30.3%
[35m[MSG][0m itr   652, best 5589.1738, time  397.3, minPhero 0.01(232), stagnancy 30.7%
[35m[MSG][0m itr   653, best 5589.1738, time  397.9, minPhero 0.01(232), stagnancy 31.0%
[35m[MSG][0m itr   654, best 5589.1738, time  398.5, minPhero 0.01(232), stagnancy 31.3%
[35m[MSG][0m itr   655, best 5589.1738, time  399.1, minPhero 0.01(232), stagnancy 31.7%
[35m[MSG][0m itr   656, best 5589.1738, time  399.7, minPhero 0.01(232), stagnancy 32.0%
[35m[MSG][0m itr   657, best 5589.1738, time  400.3, minPhero 0.01(232), stagnancy 32.3%
[35m[MSG][0m itr   658, best 5589.1738, time  400.9, minPhero 0.01(232), stagnancy 32.7%
[35m[MSG][0m itr   659, best 5589.1738, time  401.5, minPhero 0.01(232), stagnancy 33.0%
[35m[MSG][0m itr   660, best 5589.1738, time  402.1, minPhero 0.01(232), stagnancy 33.3%
[35m[MSG][0m itr   661, best 5589.1738, time  402.7, minPhero 0.01(232), stagnancy 33.7%
[35m[MSG][0m itr   662, best 5589.1738, time  403.3, minPhero 0.01(232), stagnancy 34.0%
[35m[MSG][0m itr   663, best 5589.1738, time  403.9, minPhero 0.01(232), stagnancy 34.3%
[35m[MSG][0m itr   664, best 5589.1738, time  404.6, minPhero 0.01(232), stagnancy 34.7%
[35m[MSG][0m itr   665, best 5589.1738, time  405.1, minPhero 0.01(232), stagnancy 35.0%
[35m[MSG][0m itr   666, best 5589.1738, time  405.7, minPhero 0.01(232), stagnancy 35.3%
[35m[MSG][0m itr   667, best 5589.1738, time  406.3, minPhero 0.01(232), stagnancy 35.7%
[35m[MSG][0m itr   668, best 5589.1738, time  406.9, minPhero 0.01(232), stagnancy 36.0%
[35m[MSG][0m itr   669, best 5589.1738, time  407.5, minPhero 0.01(232), stagnancy 36.3%
[35m[MSG][0m itr   670, best 5589.1738, time  408.1, minPhero 0.01(232), stagnancy 36.7%
[35m[MSG][0m itr   671, best 5589.1738, time  408.7, minPhero 0.01(232), stagnancy 37.0%
[35m[MSG][0m itr   672, best 5589.1738, time  409.3, minPhero 0.01(232), stagnancy 37.3%
[35m[MSG][0m itr   673, best 5589.1738, time  409.9, minPhero 0.01(232), stagnancy 37.7%
[35m[MSG][0m itr   674, best 5589.1738, time  410.5, minPhero 0.01(232), stagnancy 38.0%
[35m[MSG][0m itr   675, best 5589.1738, time  411.1, minPhero 0.01(232), stagnancy 38.3%
[35m[MSG][0m itr   676, best 5589.1738, time  411.8, minPhero 0.01(232), stagnancy 38.7%
[35m[MSG][0m itr   677, best 5589.1738, time  412.3, minPhero 0.01(232), stagnancy 39.0%
[35m[MSG][0m itr   678, best 5589.1738, time  413.0, minPhero 0.01(232), stagnancy 39.3%
[35m[MSG][0m itr   679, best 5589.1738, time  413.6, minPhero 0.01(232), stagnancy 39.7%
[35m[MSG][0m itr   680, best 5589.1738, time  414.1, minPhero 0.01(232), stagnancy 40.0%
[35m[MSG][0m itr   681, best 5589.1738, time  414.7, minPhero 0.01(232), stagnancy 40.3%
[35m[MSG][0m itr   682, best 5589.1738, time  415.3, minPhero 0.01(232), stagnancy 40.7%
[35m[MSG][0m itr   683, best 5589.1738, time  415.9, minPhero 0.01(232), stagnancy 41.0%
[35m[MSG][0m itr   684, best 5589.1738, time  416.5, minPhero 0.01(232), stagnancy 41.3%
[35m[MSG][0m itr   685, best 5589.1738, time  417.2, minPhero 0.01(232), stagnancy 41.7%
[35m[MSG][0m itr   686, best 5589.1738, time  417.8, minPhero 0.01(232), stagnancy 42.0%
[35m[MSG][0m itr   687, best 5589.1738, time  418.4, minPhero 0.01(232), stagnancy 42.3%
[35m[MSG][0m itr   688, best 5589.1738, time  419.0, minPhero 0.01(232), stagnancy 42.7%
[35m[MSG][0m itr   689, best 5589.1738, time  419.6, minPhero 0.01(232), stagnancy 43.0%
[35m[MSG][0m itr   690, best 5589.1738, time  420.2, minPhero 0.01(232), stagnancy 43.3%
[35m[MSG][0m itr   691, best 5589.1738, time  420.8, minPhero 0.01(232), stagnancy 43.7%
[35m[MSG][0m itr   692, best 5589.1738, time  421.4, minPhero 0.01(232), stagnancy 44.0%
[35m[MSG][0m itr   693, best 5589.1738, time  422.0, minPhero 0.01(232), stagnancy 44.3%
[35m[MSG][0m itr   694, best 5589.1738, time  422.6, minPhero 0.01(232), stagnancy 44.7%
[35m[MSG][0m itr   695, best 5589.1738, time  423.2, minPhero 0.01(232), stagnancy 45.0%
[35m[MSG][0m itr   696, best 5589.1738, time  423.8, minPhero 0.01(232), stagnancy 45.3%
[35m[MSG][0m itr   697, best 5589.1738, time  424.4, minPhero 0.01(232), stagnancy 45.7%
[35m[MSG][0m itr   698, best 5589.1738, time  425.1, minPhero 0.01(232), stagnancy 46.0%
[35m[MSG][0m itr   699, best 5589.1738, time  425.6, minPhero 0.01(232), stagnancy 46.3%
[35m[MSG][0m itr   700, best 5589.1738, time  426.3, minPhero 0.01(232), stagnancy 46.7%
[35m[MSG][0m itr   701, best 5589.1738, time  426.8, minPhero 0.01(232), stagnancy 47.0%
[35m[MSG][0m itr   702, best 5589.1738, time  427.4, minPhero 0.01(232), stagnancy 47.3%
[35m[MSG][0m itr   703, best 5589.1738, time  428.0, minPhero 0.01(232), stagnancy 47.7%
[35m[MSG][0m itr   704, best 5589.1738, time  428.6, minPhero 0.01(232), stagnancy 48.0%
[35m[MSG][0m itr   705, best 5589.1738, time  429.2, minPhero 0.01(232), stagnancy 48.3%
[35m[MSG][0m itr   706, best 5589.1738, time  429.8, minPhero 0.01(232), stagnancy 48.7%
[35m[MSG][0m itr   707, best 5589.1738, time  430.4, minPhero 0.01(232), stagnancy 49.0%
[35m[MSG][0m itr   708, best 5589.1738, time  431.0, minPhero 0.01(232), stagnancy 49.3%
[35m[MSG][0m itr   709, best 5589.1738, time  431.6, minPhero 0.01(232), stagnancy 49.7%
[35m[MSG][0m itr   710, best 5589.1738, time  432.2, minPhero 0.01(232), stagnancy 50.0%
[35m[MSG][0m itr   711, best 5589.1738, time  432.8, minPhero 0.01(232), stagnancy 50.3%
[35m[MSG][0m itr   712, best 5589.1738, time  433.4, minPhero 0.01(232), stagnancy 50.7%
[35m[MSG][0m itr   713, best 5589.1738, time  434.0, minPhero 0.01(232), stagnancy 51.0%
[35m[MSG][0m itr   714, best 5589.1738, time  434.7, minPhero 0.01(232), stagnancy 51.3%
[35m[MSG][0m itr   715, best 5589.1738, time  435.3, minPhero 0.01(232), stagnancy 51.7%
[35m[MSG][0m itr   716, best 5589.1738, time  435.9, minPhero 0.01(232), stagnancy 52.0%
[35m[MSG][0m itr   717, best 5589.1738, time  436.5, minPhero 0.01(232), stagnancy 52.3%
[35m[MSG][0m itr   718, best 5589.1738, time  437.1, minPhero 0.01(232), stagnancy 52.7%
[35m[MSG][0m itr   719, best 5589.1738, time  437.7, minPhero 0.01(232), stagnancy 53.0%
[35m[MSG][0m itr   720, best 5589.1738, time  438.3, minPhero 0.01(232), stagnancy 53.3%
[35m[MSG][0m itr   721, best 5589.1738, time  438.9, minPhero 0.01(232), stagnancy 53.7%
[35m[MSG][0m itr   722, best 5589.1738, time  439.5, minPhero 0.01(232), stagnancy 54.0%
[35m[MSG][0m itr   723, best 5589.1738, time  440.1, minPhero 0.01(232), stagnancy 54.3%
[35m[MSG][0m itr   724, best 5589.1738, time  440.7, minPhero 0.01(232), stagnancy 54.7%
[35m[MSG][0m itr   725, best 5589.1738, time  441.3, minPhero 0.01(232), stagnancy 55.0%
[35m[MSG][0m itr   726, best 5589.1738, time  441.9, minPhero 0.01(232), stagnancy 55.3%
[35m[MSG][0m itr   727, best 5589.1738, time  442.5, minPhero 0.01(232), stagnancy 55.7%
[35m[MSG][0m itr   728, best 5589.1738, time  443.1, minPhero 0.01(232), stagnancy 56.0%
[35m[MSG][0m itr   729, best 5589.1738, time  443.7, minPhero 0.01(232), stagnancy 56.3%
[35m[MSG][0m itr   730, best 5589.1733, time  444.3, minPhero 0.01(232), stagnancy 0.0%
[35m[MSG][0m itr   731, best 5589.1733, time  444.9, minPhero 0.01(232), stagnancy 0.3%
[35m[MSG][0m itr   732, best 5589.1733, time  445.5, minPhero 0.01(232), stagnancy 0.7%
[35m[MSG][0m itr   733, best 5589.1733, time  446.1, minPhero 0.01(232), stagnancy 1.0%
[35m[MSG][0m itr   734, best 5589.1733, time  446.7, minPhero 0.01(232), stagnancy 1.3%
[35m[MSG][0m itr   735, best 5589.1733, time  447.3, minPhero 0.01(232), stagnancy 1.7%
[35m[MSG][0m itr   736, best 5589.1733, time  447.9, minPhero 0.01(232), stagnancy 2.0%
[35m[MSG][0m itr   737, best 5589.1733, time  448.5, minPhero 0.01(232), stagnancy 2.3%
[35m[MSG][0m itr   738, best 5589.1733, time  449.1, minPhero 0.01(232), stagnancy 2.7%
[35m[MSG][0m itr   739, best 5589.1733, time  449.7, minPhero 0.01(232), stagnancy 3.0%
[35m[MSG][0m itr   740, best 5589.1733, time  450.3, minPhero 0.01(232), stagnancy 3.3%
[35m[MSG][0m itr   741, best 5589.1733, time  450.9, minPhero 0.01(232), stagnancy 3.7%
[35m[MSG][0m itr   742, best 5589.1733, time  451.5, minPhero 0.01(232), stagnancy 4.0%
[35m[MSG][0m itr   743, best 5589.1733, time  452.0, minPhero 0.01(232), stagnancy 4.3%
[35m[MSG][0m itr   744, best 5589.1733, time  452.6, minPhero 0.01(232), stagnancy 4.7%
[35m[MSG][0m itr   745, best 5589.1733, time  453.2, minPhero 0.01(232), stagnancy 5.0%
[35m[MSG][0m itr   746, best 5589.1733, time  453.8, minPhero 0.01(232), stagnancy 5.3%
[35m[MSG][0m itr   747, best 5589.1733, time  454.4, minPhero 0.01(232), stagnancy 5.7%
[35m[MSG][0m itr   748, best 5589.1733, time  455.0, minPhero 0.01(232), stagnancy 6.0%
[35m[MSG][0m itr   749, best 5589.1733, time  455.7, minPhero 0.01(232), stagnancy 6.3%
[35m[MSG][0m itr   750, best 5589.1733, time  456.3, minPhero 0.01(232), stagnancy 6.7%
[35m[MSG][0m itr   751, best 5589.1733, time  456.9, minPhero 0.01(232), stagnancy 7.0%
[35m[MSG][0m itr   752, best 5589.1733, time  457.5, minPhero 0.01(232), stagnancy 7.3%
[35m[MSG][0m itr   753, best 5589.1733, time  458.1, minPhero 0.01(232), stagnancy 7.7%
[35m[MSG][0m itr   754, best 5589.1733, time  458.7, minPhero 0.01(232), stagnancy 8.0%
[35m[MSG][0m itr   755, best 5589.1733, time  459.2, minPhero 0.01(232), stagnancy 8.3%
[35m[MSG][0m itr   756, best 5589.1733, time  459.8, minPhero 0.01(232), stagnancy 8.7%
[35m[MSG][0m itr   757, best 5589.1733, time  460.4, minPhero 0.01(232), stagnancy 9.0%
[35m[MSG][0m itr   758, best 5589.1733, time  461.0, minPhero 0.01(232), stagnancy 9.3%
[35m[MSG][0m itr   759, best 5589.1733, time  461.6, minPhero 0.01(232), stagnancy 9.7%
[35m[MSG][0m itr   760, best 5589.1733, time  462.2, minPhero 0.01(232), stagnancy 10.0%
[35m[MSG][0m itr   761, best 5589.1733, time  462.8, minPhero 0.01(232), stagnancy 10.3%
[35m[MSG][0m itr   762, best 5589.1733, time  463.4, minPhero 0.01(232), stagnancy 10.7%
[35m[MSG][0m itr   763, best 5589.1733, time  464.0, minPhero 0.01(232), stagnancy 11.0%
[35m[MSG][0m itr   764, best 5589.1733, time  464.7, minPhero 0.01(232), stagnancy 11.3%
[35m[MSG][0m itr   765, best 5589.1733, time  465.2, minPhero 0.01(232), stagnancy 11.7%
[35m[MSG][0m itr   766, best 5589.1733, time  465.8, minPhero 0.01(232), stagnancy 12.0%
[35m[MSG][0m itr   767, best 5589.1733, time  466.5, minPhero 0.01(232), stagnancy 12.3%
[35m[MSG][0m itr   768, best 5589.1733, time  467.1, minPhero 0.01(232), stagnancy 12.7%
[35m[MSG][0m itr   769, best 5589.1733, time  467.7, minPhero 0.01(232), stagnancy 13.0%
[35m[MSG][0m itr   770, best 5589.1733, time  468.3, minPhero 0.01(232), stagnancy 13.3%
[35m[MSG][0m itr   771, best 5589.1733, time  468.9, minPhero 0.01(232), stagnancy 13.7%
[35m[MSG][0m itr   772, best 5589.1733, time  469.5, minPhero 0.01(232), stagnancy 14.0%
[35m[MSG][0m itr   773, best 5589.1733, time  470.1, minPhero 0.01(232), stagnancy 14.3%
[35m[MSG][0m itr   774, best 5589.1733, time  470.7, minPhero 0.01(232), stagnancy 14.7%
[35m[MSG][0m itr   775, best 5589.1733, time  471.3, minPhero 0.01(232), stagnancy 15.0%
[35m[MSG][0m itr   776, best 5589.1733, time  471.9, minPhero 0.01(232), stagnancy 15.3%
[35m[MSG][0m itr   777, best 5589.1733, time  472.5, minPhero 0.01(232), stagnancy 15.7%
[35m[MSG][0m itr   778, best 5589.1733, time  473.1, minPhero 0.01(232), stagnancy 16.0%
[35m[MSG][0m itr   779, best 5589.1733, time  473.7, minPhero 0.01(232), stagnancy 16.3%
[35m[MSG][0m itr   780, best 5589.1733, time  474.3, minPhero 0.01(232), stagnancy 16.7%
[35m[MSG][0m itr   781, best 5589.1733, time  474.9, minPhero 0.01(232), stagnancy 17.0%
[35m[MSG][0m itr   782, best 5589.1733, time  475.5, minPhero 0.01(232), stagnancy 17.3%
[35m[MSG][0m itr   783, best 5589.1733, time  476.1, minPhero 0.01(232), stagnancy 17.7%
[35m[MSG][0m itr   784, best 5589.1733, time  476.7, minPhero 0.01(232), stagnancy 18.0%
[35m[MSG][0m itr   785, best 5589.1733, time  477.3, minPhero 0.01(232), stagnancy 18.3%
[35m[MSG][0m itr   786, best 5589.1733, time  477.9, minPhero 0.01(232), stagnancy 18.7%
[35m[MSG][0m itr   787, best 5589.1733, time  478.6, minPhero 0.01(232), stagnancy 19.0%
[35m[MSG][0m itr   788, best 5589.1733, time  479.2, minPhero 0.01(232), stagnancy 19.3%
[35m[MSG][0m itr   789, best 5589.1733, time  479.8, minPhero 0.01(232), stagnancy 19.7%
[35m[MSG][0m itr   790, best 5589.1733, time  480.4, minPhero 0.01(232), stagnancy 20.0%
[35m[MSG][0m itr   791, best 5589.1733, time  481.0, minPhero 0.01(232), stagnancy 20.3%
[35m[MSG][0m itr   792, best 5589.1733, time  481.6, minPhero 0.01(232), stagnancy 20.7%
[35m[MSG][0m itr   793, best 5589.1733, time  482.1, minPhero 0.01(232), stagnancy 21.0%
[35m[MSG][0m itr   794, best 5589.1733, time  482.8, minPhero 0.01(232), stagnancy 21.3%
[35m[MSG][0m itr   795, best 5589.1733, time  483.4, minPhero 0.01(232), stagnancy 21.7%
[35m[MSG][0m itr   796, best 5589.1733, time  483.9, minPhero 0.01(232), stagnancy 22.0%
[35m[MSG][0m itr   797, best 5589.1733, time  484.5, minPhero 0.01(232), stagnancy 22.3%
[35m[MSG][0m itr   798, best 5589.1733, time  485.1, minPhero 0.01(232), stagnancy 22.7%
[35m[MSG][0m itr   799, best 5589.1733, time  485.7, minPhero 0.01(232), stagnancy 23.0%
[35m[MSG][0m itr   800, best 5589.1733, time  486.3, minPhero 0.01(232), stagnancy 23.3%
[35m[MSG][0m itr   801, best 5589.1733, time  486.9, minPhero 0.01(232), stagnancy 23.7%
[35m[MSG][0m itr   802, best 5589.1733, time  487.5, minPhero 0.01(232), stagnancy 24.0%
[35m[MSG][0m itr   803, best 5589.1733, time  488.1, minPhero 0.01(232), stagnancy 24.3%
[35m[MSG][0m itr   804, best 5589.1733, time  488.7, minPhero 0.01(232), stagnancy 24.7%
[35m[MSG][0m itr   805, best 5589.1733, time  489.3, minPhero 0.01(232), stagnancy 25.0%
[35m[MSG][0m itr   806, best 5589.1733, time  489.9, minPhero 0.01(232), stagnancy 25.3%
[35m[MSG][0m itr   807, best 5589.1733, time  490.5, minPhero 0.01(232), stagnancy 25.7%
[35m[MSG][0m itr   808, best 5589.1733, time  491.1, minPhero 0.01(232), stagnancy 26.0%
[35m[MSG][0m itr   809, best 5589.1733, time  491.7, minPhero 0.01(232), stagnancy 26.3%
[35m[MSG][0m itr   810, best 5589.1733, time  492.3, minPhero 0.01(232), stagnancy 26.7%
[35m[MSG][0m itr   811, best 5589.1733, time  492.9, minPhero 0.01(232), stagnancy 27.0%
[35m[MSG][0m itr   812, best 5589.1733, time  493.5, minPhero 0.01(232), stagnancy 27.3%
[35m[MSG][0m itr   813, best 5589.1733, time  494.1, minPhero 0.01(232), stagnancy 27.7%
[35m[MSG][0m itr   814, best 5589.1733, time  494.7, minPhero 0.01(232), stagnancy 28.0%
[35m[MSG][0m itr   815, best 5589.1733, time  495.3, minPhero 0.01(232), stagnancy 28.3%
[35m[MSG][0m itr   816, best 5589.1733, time  495.9, minPhero 0.01(232), stagnancy 28.7%
[35m[MSG][0m itr   817, best 5589.1733, time  496.5, minPhero 0.01(232), stagnancy 29.0%
[35m[MSG][0m itr   818, best 5589.1733, time  497.2, minPhero 0.01(232), stagnancy 29.3%
[35m[MSG][0m itr   819, best 5589.1733, time  497.7, minPhero 0.01(232), stagnancy 29.7%
[35m[MSG][0m itr   820, best 5589.1733, time  498.3, minPhero 0.01(232), stagnancy 30.0%
[35m[MSG][0m itr   821, best 5589.1733, time  499.0, minPhero 0.01(232), stagnancy 30.3%
[35m[MSG][0m itr   822, best 5589.1733, time  499.6, minPhero 0.01(232), stagnancy 30.7%
[35m[MSG][0m itr   823, best 5589.1733, time  500.2, minPhero 0.01(232), stagnancy 31.0%
[35m[MSG][0m itr   824, best 5589.1733, time  500.8, minPhero 0.01(232), stagnancy 31.3%
[35m[MSG][0m itr   825, best 5589.1733, time  501.4, minPhero 0.01(232), stagnancy 31.7%
[35m[MSG][0m itr   826, best 5589.1733, time  502.0, minPhero 0.01(232), stagnancy 32.0%
[35m[MSG][0m itr   827, best 5589.1733, time  502.6, minPhero 0.01(232), stagnancy 32.3%
[35m[MSG][0m itr   828, best 5589.1733, time  503.2, minPhero 0.01(232), stagnancy 32.7%
[35m[MSG][0m itr   829, best 5589.1733, time  503.8, minPhero 0.01(232), stagnancy 33.0%
[35m[MSG][0m itr   830, best 5589.1733, time  504.4, minPhero 0.01(232), stagnancy 33.3%
[35m[MSG][0m itr   831, best 5589.1733, time  505.1, minPhero 0.01(232), stagnancy 33.7%
[35m[MSG][0m itr   832, best 5589.1733, time  505.7, minPhero 0.01(232), stagnancy 34.0%
[35m[MSG][0m itr   833, best 5589.1733, time  506.3, minPhero 0.01(232), stagnancy 34.3%
[35m[MSG][0m itr   834, best 5589.1733, time  506.9, minPhero 0.01(232), stagnancy 34.7%
[35m[MSG][0m itr   835, best 5589.1733, time  507.5, minPhero 0.01(232), stagnancy 35.0%
[35m[MSG][0m itr   836, best 5589.1733, time  508.0, minPhero 0.01(232), stagnancy 35.3%
[35m[MSG][0m itr   837, best 5589.1733, time  508.6, minPhero 0.01(232), stagnancy 35.7%
[35m[MSG][0m itr   838, best 5589.1733, time  509.2, minPhero 0.01(232), stagnancy 36.0%
[35m[MSG][0m itr   839, best 5589.1733, time  509.8, minPhero 0.01(232), stagnancy 36.3%
[35m[MSG][0m itr   840, best 5589.1733, time  510.4, minPhero 0.01(232), stagnancy 36.7%
[35m[MSG][0m itr   841, best 5589.1733, time  511.0, minPhero 0.01(232), stagnancy 37.0%
[35m[MSG][0m itr   842, best 5589.1733, time  511.6, minPhero 0.01(232), stagnancy 37.3%
[35m[MSG][0m itr   843, best 5589.1733, time  512.3, minPhero 0.01(232), stagnancy 37.7%
[35m[MSG][0m itr   844, best 5589.1733, time  512.9, minPhero 0.01(232), stagnancy 38.0%
[35m[MSG][0m itr   845, best 5589.1733, time  513.4, minPhero 0.01(232), stagnancy 38.3%
[35m[MSG][0m itr   846, best 5589.1733, time  514.0, minPhero 0.01(232), stagnancy 38.7%
[35m[MSG][0m itr   847, best 5589.1733, time  514.6, minPhero 0.01(232), stagnancy 39.0%
[35m[MSG][0m itr   848, best 5589.1733, time  515.2, minPhero 0.01(232), stagnancy 39.3%
[35m[MSG][0m itr   849, best 5589.1733, time  515.8, minPhero 0.01(232), stagnancy 39.7%
[35m[MSG][0m itr   850, best 5589.1733, time  516.4, minPhero 0.01(232), stagnancy 40.0%
[35m[MSG][0m itr   851, best 5589.1733, time  517.0, minPhero 0.01(232), stagnancy 40.3%
[35m[MSG][0m itr   852, best 5589.1733, time  517.6, minPhero 0.01(232), stagnancy 40.7%
[35m[MSG][0m itr   853, best 5589.1733, time  518.2, minPhero 0.01(232), stagnancy 41.0%
[35m[MSG][0m itr   854, best 5589.1733, time  518.8, minPhero 0.01(232), stagnancy 41.3%
[35m[MSG][0m itr   855, best 5589.1733, time  519.4, minPhero 0.01(232), stagnancy 41.7%
[35m[MSG][0m itr   856, best 5589.1733, time  520.0, minPhero 0.01(232), stagnancy 42.0%
[35m[MSG][0m itr   857, best 5589.1733, time  520.6, minPhero 0.01(232), stagnancy 42.3%
[35m[MSG][0m itr   858, best 5589.1733, time  521.2, minPhero 0.01(232), stagnancy 42.7%
[35m[MSG][0m itr   859, best 5589.1733, time  521.8, minPhero 0.01(232), stagnancy 43.0%
[35m[MSG][0m itr   860, best 5589.1733, time  522.4, minPhero 0.01(232), stagnancy 43.3%
[35m[MSG][0m itr   861, best 5589.1733, time  523.0, minPhero 0.01(232), stagnancy 43.7%
[35m[MSG][0m itr   862, best 5589.1733, time  523.6, minPhero 0.01(232), stagnancy 44.0%
[35m[MSG][0m itr   863, best 5589.1733, time  524.2, minPhero 0.01(232), stagnancy 44.3%
[35m[MSG][0m itr   864, best 5589.1733, time  524.9, minPhero 0.01(232), stagnancy 44.7%
[35m[MSG][0m itr   865, best 5589.1733, time  525.5, minPhero 0.01(232), stagnancy 45.0%
[35m[MSG][0m itr   866, best 5589.1733, time  526.1, minPhero 0.01(232), stagnancy 45.3%
[35m[MSG][0m itr   867, best 5589.1733, time  526.7, minPhero 0.01(232), stagnancy 45.7%
[35m[MSG][0m itr   868, best 5589.1733, time  527.3, minPhero 0.01(232), stagnancy 46.0%
[35m[MSG][0m itr   869, best 5589.1733, time  527.9, minPhero 0.01(232), stagnancy 46.3%
[35m[MSG][0m itr   870, best 5589.1733, time  528.5, minPhero 0.01(232), stagnancy 46.7%
[35m[MSG][0m itr   871, best 5589.1733, time  529.1, minPhero 0.01(232), stagnancy 47.0%
[35m[MSG][0m itr   872, best 5589.1733, time  529.7, minPhero 0.01(232), stagnancy 47.3%
[35m[MSG][0m itr   873, best 5589.1733, time  530.4, minPhero 0.01(232), stagnancy 47.7%
[35m[MSG][0m itr   874, best 5589.1733, time  531.0, minPhero 0.01(232), stagnancy 48.0%
[35m[MSG][0m itr   875, best 5589.1733, time  531.6, minPhero 0.01(232), stagnancy 48.3%
[35m[MSG][0m itr   876, best 5589.1733, time  532.2, minPhero 0.01(232), stagnancy 48.7%
[35m[MSG][0m itr   877, best 5589.1733, time  532.8, minPhero 0.01(232), stagnancy 49.0%
[35m[MSG][0m itr   878, best 5589.1733, time  533.4, minPhero 0.01(232), stagnancy 49.3%
[35m[MSG][0m itr   879, best 5589.1733, time  534.0, minPhero 0.01(232), stagnancy 49.7%
[35m[MSG][0m itr   880, best 5589.1733, time  534.6, minPhero 0.01(232), stagnancy 50.0%
[35m[MSG][0m itr   881, best 5589.1733, time  535.2, minPhero 0.01(232), stagnancy 50.3%
[35m[MSG][0m itr   882, best 5589.1733, time  535.8, minPhero 0.01(232), stagnancy 50.7%
[35m[MSG][0m itr   883, best 5589.1733, time  536.5, minPhero 0.01(232), stagnancy 51.0%
[35m[MSG][0m itr   884, best 5589.1733, time  537.1, minPhero 0.01(232), stagnancy 51.3%
[35m[MSG][0m itr   885, best 5589.1733, time  537.7, minPhero 0.01(232), stagnancy 51.7%
[35m[MSG][0m itr   886, best 5589.1733, time  538.3, minPhero 0.01(232), stagnancy 52.0%
[35m[MSG][0m itr   887, best 5589.1733, time  538.9, minPhero 0.01(232), stagnancy 52.3%
[35m[MSG][0m itr   888, best 5589.1733, time  539.5, minPhero 0.01(232), stagnancy 52.7%
[35m[MSG][0m itr   889, best 5589.1733, time  540.1, minPhero 0.01(232), stagnancy 53.0%
[35m[MSG][0m itr   890, best 5589.1733, time  540.7, minPhero 0.01(232), stagnancy 53.3%
[35m[MSG][0m itr   891, best 5589.1733, time  541.3, minPhero 0.01(232), stagnancy 53.7%
[35m[MSG][0m itr   892, best 5589.1733, time  541.9, minPhero 0.01(232), stagnancy 54.0%
[35m[MSG][0m itr   893, best 5589.1733, time  542.5, minPhero 0.01(232), stagnancy 54.3%
[35m[MSG][0m itr   894, best 5589.1733, time  543.1, minPhero 0.01(232), stagnancy 54.7%
[35m[MSG][0m itr   895, best 5589.1733, time  543.7, minPhero 0.01(232), stagnancy 55.0%
[35m[MSG][0m itr   896, best 5589.1733, time  544.3, minPhero 0.01(232), stagnancy 55.3%
[35m[MSG][0m itr   897, best 5589.1733, time  544.9, minPhero 0.01(232), stagnancy 55.7%
[35m[MSG][0m itr   898, best 5589.1733, time  545.5, minPhero 0.01(232), stagnancy 56.0%
[35m[MSG][0m itr   899, best 5589.1733, time  546.1, minPhero 0.01(232), stagnancy 56.3%
[35m[MSG][0m itr   900, best 5589.1733, time  546.7, minPhero 0.01(232), stagnancy 56.7%
[35m[MSG][0m itr   901, best 5589.1733, time  547.3, minPhero 0.01(232), stagnancy 57.0%
[35m[MSG][0m itr   902, best 5589.1733, time  547.9, minPhero 0.01(232), stagnancy 57.3%
[35m[MSG][0m itr   903, best 5589.1733, time  548.5, minPhero 0.01(232), stagnancy 57.7%
[35m[MSG][0m itr   904, best 5589.1733, time  549.2, minPhero 0.01(232), stagnancy 58.0%
[35m[MSG][0m itr   905, best 5589.1733, time  549.8, minPhero 0.01(232), stagnancy 58.3%
[35m[MSG][0m itr   906, best 5589.1733, time  550.4, minPhero 0.01(232), stagnancy 58.7%
[35m[MSG][0m itr   907, best 5589.1733, time  551.0, minPhero 0.01(232), stagnancy 59.0%
[35m[MSG][0m itr   908, best 5589.1733, time  551.6, minPhero 0.01(232), stagnancy 59.3%
[35m[MSG][0m itr   909, best 5589.1733, time  552.2, minPhero 0.01(232), stagnancy 59.7%
[35m[MSG][0m itr   910, best 5589.1733, time  552.8, minPhero 0.01(232), stagnancy 60.0%
[35m[MSG][0m itr   911, best 5589.1733, time  553.4, minPhero 0.01(232), stagnancy 60.3%
[35m[MSG][0m itr   912, best 5589.1733, time  554.0, minPhero 0.01(232), stagnancy 60.7%
[35m[MSG][0m itr   913, best 5589.1733, time  554.6, minPhero 0.01(232), stagnancy 61.0%
[35m[MSG][0m itr   914, best 5589.1733, time  555.2, minPhero 0.01(232), stagnancy 61.3%
[35m[MSG][0m itr   915, best 5589.1733, time  555.8, minPhero 0.01(232), stagnancy 61.7%
[35m[MSG][0m itr   916, best 5589.1733, time  556.4, minPhero 0.01(232), stagnancy 62.0%
[35m[MSG][0m itr   917, best 5589.1733, time  557.0, minPhero 0.01(232), stagnancy 62.3%
[35m[MSG][0m itr   918, best 5589.1733, time  557.6, minPhero 0.01(232), stagnancy 62.7%
[35m[MSG][0m itr   919, best 5589.1733, time  558.2, minPhero 0.01(232), stagnancy 63.0%
[35m[MSG][0m itr   920, best 5589.1733, time  558.8, minPhero 0.01(232), stagnancy 63.3%
[35m[MSG][0m itr   921, best 5589.1733, time  559.4, minPhero 0.01(232), stagnancy 63.7%
[35m[MSG][0m itr   922, best 5589.1733, time  560.0, minPhero 0.01(232), stagnancy 64.0%
[35m[MSG][0m itr   923, best 5589.1733, time  560.6, minPhero 0.01(232), stagnancy 64.3%
[35m[MSG][0m itr   924, best 5589.1733, time  561.2, minPhero 0.01(232), stagnancy 64.7%
[35m[MSG][0m itr   925, best 5589.1733, time  561.8, minPhero 0.01(232), stagnancy 65.0%
[35m[MSG][0m itr   926, best 5589.1733, time  562.4, minPhero 0.01(232), stagnancy 65.3%
[35m[MSG][0m itr   927, best 5589.1733, time  563.0, minPhero 0.01(232), stagnancy 65.7%
[35m[MSG][0m itr   928, best 5589.1733, time  563.6, minPhero 0.01(232), stagnancy 66.0%
[35m[MSG][0m itr   929, best 5589.1733, time  564.2, minPhero 0.01(232), stagnancy 66.3%
[35m[MSG][0m itr   930, best 5589.1733, time  564.8, minPhero 0.01(232), stagnancy 66.7%
[35m[MSG][0m itr   931, best 5589.1733, time  565.4, minPhero 0.01(232), stagnancy 67.0%
[35m[MSG][0m itr   932, best 5589.1733, time  566.0, minPhero 0.01(232), stagnancy 67.3%
[35m[MSG][0m itr   933, best 5589.1733, time  566.6, minPhero 0.01(232), stagnancy 67.7%
[35m[MSG][0m itr   934, best 5589.1733, time  567.2, minPhero 0.01(232), stagnancy 68.0%
[35m[MSG][0m itr   935, best 5589.1733, time  567.8, minPhero 0.01(232), stagnancy 68.3%
[35m[MSG][0m itr   936, best 5589.1733, time  568.5, minPhero 0.01(232), stagnancy 68.7%
[35m[MSG][0m itr   937, best 5589.1733, time  569.1, minPhero 0.01(232), stagnancy 69.0%
[35m[MSG][0m itr   938, best 5589.1733, time  569.7, minPhero 0.01(232), stagnancy 69.3%
[35m[MSG][0m itr   939, best 5589.1733, time  570.3, minPhero 0.01(232), stagnancy 69.7%
[35m[MSG][0m itr   940, best 5589.1733, time  570.9, minPhero 0.01(232), stagnancy 70.0%
[35m[MSG][0m itr   941, best 5589.1733, time  571.5, minPhero 0.01(232), stagnancy 70.3%
[35m[MSG][0m itr   942, best 5589.1733, time  572.1, minPhero 0.01(232), stagnancy 70.7%
[35m[MSG][0m itr   943, best 5589.1733, time  572.7, minPhero 0.01(232), stagnancy 71.0%
[35m[MSG][0m itr   944, best 5589.1733, time  573.3, minPhero 0.01(232), stagnancy 71.3%
[35m[MSG][0m itr   945, best 5589.1733, time  573.9, minPhero 0.01(232), stagnancy 71.7%
[35m[MSG][0m itr   946, best 5589.1733, time  574.5, minPhero 0.01(232), stagnancy 72.0%
[35m[MSG][0m itr   947, best 5589.1733, time  575.1, minPhero 0.01(232), stagnancy 72.3%
[35m[MSG][0m itr   948, best 5589.1733, time  575.7, minPhero 0.01(232), stagnancy 72.7%
[35m[MSG][0m itr   949, best 5589.1733, time  576.4, minPhero 0.01(232), stagnancy 73.0%
[35m[MSG][0m itr   950, best 5589.1733, time  576.9, minPhero 0.01(232), stagnancy 73.3%
[35m[MSG][0m itr   951, best 5589.1733, time  577.5, minPhero 0.01(232), stagnancy 73.7%
[35m[MSG][0m itr   952, best 5589.1733, time  578.2, minPhero 0.01(232), stagnancy 74.0%
[35m[MSG][0m itr   953, best 5589.1733, time  578.8, minPhero 0.01(232), stagnancy 74.3%
[35m[MSG][0m itr   954, best 5589.1733, time  579.4, minPhero 0.01(232), stagnancy 74.7%
[35m[MSG][0m itr   955, best 5589.1733, time  579.9, minPhero 0.01(232), stagnancy 75.0%
[35m[MSG][0m itr   956, best 5589.1733, time  580.6, minPhero 0.01(232), stagnancy 75.3%
[35m[MSG][0m itr   957, best 5589.1733, time  581.2, minPhero 0.01(232), stagnancy 75.7%
[35m[MSG][0m itr   958, best 5589.1733, time  581.8, minPhero 0.01(232), stagnancy 76.0%
[35m[MSG][0m itr   959, best 5589.1733, time  582.4, minPhero 0.01(232), stagnancy 76.3%
[35m[MSG][0m itr   960, best 5589.1733, time  583.0, minPhero 0.01(232), stagnancy 76.7%
[35m[MSG][0m itr   961, best 5589.1733, time  583.6, minPhero 0.01(232), stagnancy 77.0%
[35m[MSG][0m itr   962, best 5589.1733, time  584.2, minPhero 0.01(232), stagnancy 77.3%
[35m[MSG][0m itr   963, best 5589.1733, time  584.8, minPhero 0.01(232), stagnancy 77.7%
[35m[MSG][0m itr   964, best 5589.1733, time  585.4, minPhero 0.01(232), stagnancy 78.0%
[35m[MSG][0m itr   965, best 5589.1733, time  586.0, minPhero 0.01(232), stagnancy 78.3%
[35m[MSG][0m itr   966, best 5589.1733, time  586.6, minPhero 0.01(232), stagnancy 78.7%
[35m[MSG][0m itr   967, best 5589.1733, time  587.2, minPhero 0.01(232), stagnancy 79.0%
[35m[MSG][0m itr   968, best 5589.1733, time  587.9, minPhero 0.01(232), stagnancy 79.3%
[35m[MSG][0m itr   969, best 5589.1733, time  588.5, minPhero 0.01(232), stagnancy 79.7%
[35m[MSG][0m itr   970, best 5589.1733, time  589.1, minPhero 0.01(232), stagnancy 80.0%
[35m[MSG][0m itr   971, best 5589.1733, time  589.7, minPhero 0.01(232), stagnancy 80.3%
[35m[MSG][0m itr   972, best 5589.1733, time  590.3, minPhero 0.01(232), stagnancy 80.7%
[35m[MSG][0m itr   973, best 5589.1733, time  590.9, minPhero 0.01(232), stagnancy 81.0%
[35m[MSG][0m itr   974, best 5589.1733, time  591.5, minPhero 0.01(232), stagnancy 81.3%
[35m[MSG][0m itr   975, best 5589.1733, time  592.1, minPhero 0.01(232), stagnancy 81.7%
[35m[MSG][0m itr   976, best 5589.1733, time  592.7, minPhero 0.01(232), stagnancy 82.0%
[35m[MSG][0m itr   977, best 5589.1733, time  593.3, minPhero 0.01(232), stagnancy 82.3%
[35m[MSG][0m itr   978, best 5589.1733, time  593.9, minPhero 0.01(232), stagnancy 82.7%
[35m[MSG][0m itr   979, best 5589.1733, time  594.5, minPhero 0.01(232), stagnancy 83.0%
[35m[MSG][0m itr   980, best 5589.1733, time  595.1, minPhero 0.01(232), stagnancy 83.3%
[35m[MSG][0m itr   981, best 5589.1733, time  595.8, minPhero 0.01(232), stagnancy 83.7%
[35m[MSG][0m itr   982, best 5589.1733, time  596.4, minPhero 0.01(232), stagnancy 84.0%
[35m[MSG][0m itr   983, best 5589.1733, time  597.0, minPhero 0.01(232), stagnancy 84.3%
[35m[MSG][0m itr   984, best 5589.1733, time  597.6, minPhero 0.01(232), stagnancy 84.7%
[35m[MSG][0m itr   985, best 5589.1733, time  598.2, minPhero 0.01(232), stagnancy 85.0%
[35m[MSG][0m itr   986, best 5589.1733, time  598.8, minPhero 0.01(232), stagnancy 85.3%
[35m[MSG][0m itr   987, best 5589.1733, time  599.4, minPhero 0.01(232), stagnancy 85.7%
[35m[MSG][0m itr   988, best 5589.1733, time  600.0, minPhero 0.01(232), stagnancy 86.0%
[35m[MSG][0m itr   989, best 5589.1733, time  600.6, minPhero 0.01(232), stagnancy 86.3%
[35m[MSG][0m itr   990, best 5589.1733, time  601.2, minPhero 0.01(232), stagnancy 86.7%
[35m[MSG][0m itr   991, best 5589.1733, time  601.9, minPhero 0.01(232), stagnancy 87.0%
[35m[MSG][0m itr   992, best 5589.1733, time  602.5, minPhero 0.01(232), stagnancy 87.3%
[35m[MSG][0m itr   993, best 5589.1733, time  603.1, minPhero 0.01(232), stagnancy 87.7%
[35m[MSG][0m itr   994, best 5589.1733, time  603.7, minPhero 0.01(232), stagnancy 88.0%
[35m[MSG][0m itr   995, best 5589.1733, time  604.3, minPhero 0.01(232), stagnancy 88.3%
[35m[MSG][0m itr   996, best 5589.1733, time  604.9, minPhero 0.01(232), stagnancy 88.7%
[35m[MSG][0m itr   997, best 5589.1733, time  605.5, minPhero 0.01(232), stagnancy 89.0%
[35m[MSG][0m itr   998, best 5589.1733, time  606.1, minPhero 0.01(232), stagnancy 89.3%
[35m[MSG][0m itr   999, best 5589.1733, time  606.7, minPhero 0.01(232), stagnancy 89.7%
[35m[MSG][0m itr  1000, best 5589.1733, time  607.3, minPhero 0.01(232), stagnancy 90.0%
[35m[MSG][0m itr  1001, best 5589.1733, time  607.9, minPhero 0.01(232), stagnancy 90.3%
[35m[MSG][0m itr  1002, best 5589.1733, time  608.5, minPhero 0.01(232), stagnancy 90.7%
[35m[MSG][0m itr  1003, best 5589.1733, time  609.1, minPhero 0.01(232), stagnancy 91.0%
[35m[MSG][0m itr  1004, best 5589.1733, time  609.7, minPhero 0.01(232), stagnancy 91.3%
[35m[MSG][0m itr  1005, best 5589.1733, time  610.3, minPhero 0.01(232), stagnancy 91.7%
[35m[MSG][0m itr  1006, best 5589.1733, time  610.9, minPhero 0.01(232), stagnancy 92.0%
[35m[MSG][0m itr  1007, best 5589.1733, time  611.5, minPhero 0.01(232), stagnancy 92.3%
[35m[MSG][0m itr  1008, best 5589.1733, time  612.1, minPhero 0.01(232), stagnancy 92.7%
[35m[MSG][0m itr  1009, best 5589.1733, time  612.7, minPhero 0.01(232), stagnancy 93.0%
[35m[MSG][0m itr  1010, best 5589.1733, time  613.4, minPhero 0.01(232), stagnancy 93.3%
[35m[MSG][0m itr  1011, best 5589.1733, time  614.1, minPhero 0.01(232), stagnancy 93.7%
[35m[MSG][0m itr  1012, best 5589.1733, time  614.8, minPhero 0.01(232), stagnancy 94.0%
[35m[MSG][0m itr  1013, best 5589.1733, time  615.4, minPhero 0.01(232), stagnancy 94.3%
[35m[MSG][0m itr  1014, best 5589.1733, time  616.1, minPhero 0.01(232), stagnancy 94.7%
[35m[MSG][0m itr  1015, best 5589.1733, time  616.8, minPhero 0.01(232), stagnancy 95.0%
[35m[MSG][0m itr  1016, best 5589.1733, time  617.5, minPhero 0.01(232), stagnancy 95.3%
[35m[MSG][0m itr  1017, best 5589.1733, time  618.1, minPhero 0.01(232), stagnancy 95.7%
[35m[MSG][0m itr  1018, best 5589.1733, time  618.8, minPhero 0.01(232), stagnancy 96.0%
[35m[MSG][0m itr  1019, best 5589.1733, time  619.5, minPhero 0.01(232), stagnancy 96.3%
[35m[MSG][0m itr  1020, best 5589.1733, time  620.2, minPhero 0.01(232), stagnancy 96.7%
[35m[MSG][0m itr  1021, best 5589.1733, time  620.9, minPhero 0.01(232), stagnancy 97.0%
[35m[MSG][0m itr  1022, best 5589.1733, time  621.5, minPhero 0.01(232), stagnancy 97.3%
[35m[MSG][0m itr  1023, best 5589.1733, time  622.2, minPhero 0.01(232), stagnancy 97.7%
[35m[MSG][0m itr  1024, best 5589.1733, time  622.9, minPhero 0.01(232), stagnancy 98.0%
[35m[MSG][0m itr  1025, best 5589.1733, time  623.6, minPhero 0.01(232), stagnancy 98.3%
[35m[MSG][0m itr  1026, best 5589.1733, time  624.3, minPhero 0.01(232), stagnancy 98.7%
[35m[MSG][0m itr  1027, best 5589.1733, time  625.0, minPhero 0.01(232), stagnancy 99.0%
[35m[MSG][0m itr  1028, best 5589.1733, time  625.7, minPhero 0.01(232), stagnancy 99.3%
[35m[MSG][0m itr  1029, best 5589.1733, time  626.4, minPhero 0.01(232), stagnancy 99.7%
[35m[MSG][0m itr  1030, best 5589.1733, time  627.1, minPhero 0.01(232), stagnancy 100.0%
[35m[MSG][0m Solution converged. Reinitialising pheromones...
[35m[MSG][0m Time: 627.10 s
[35m[MSG][0m Best cost: 5589.17
