[35m[MSG][0m Log level set to LOG_DEBUG
[35m[MSG][0m Parsing input from file "res/fruitybun250_2016.vrp"
[35m[MSG][0m Number of nodes: 250
[35m[MSG][0m Running ACO search
[35m[MSG][0m ACO settings: 
 alpha:     8.000
 beta:      1.000
 pers:      0.990
 minPhero:  0.015
 nbhood:    10
 popSize:   2048
 maxStag:   500
[35m[MSG][0m itr     1, best 5750.3511, time   4.31, currMinPhero 0.99, stagnancy 0.0%
[35m[MSG][0m itr     2, best 5750.3511, time   8.58, currMinPhero 0.98, stagnancy 0.2%
[35m[MSG][0m itr     3, best 5750.3511, time  12.82, currMinPhero 0.97, stagnancy 0.4%
[35m[MSG][0m itr     4, best 5736.0132, time  17.11, currMinPhero 0.96, stagnancy 0.0%
[35m[MSG][0m itr     5, best 5736.0132, time  21.41, currMinPhero 0.95, stagnancy 0.2%
[35m[MSG][0m itr     6, best 5706.4717, time  25.62, currMinPhero 0.94, stagnancy 0.0%
[35m[MSG][0m itr     7, best 5706.4717, time  29.87, currMinPhero 0.93, stagnancy 0.2%
[35m[MSG][0m itr     8, best 5706.4717, time  34.17, currMinPhero 0.92, stagnancy 0.4%
[35m[MSG][0m itr     9, best 5706.4717, time  38.48, currMinPhero 0.91, stagnancy 0.6%
[35m[MSG][0m itr    10, best 5706.4717, time  42.55, currMinPhero 0.90, stagnancy 0.8%
[35m[MSG][0m itr    11, best 5706.4717, time  46.55, currMinPhero 0.90, stagnancy 1.0%
[35m[MSG][0m itr    12, best 5706.4717, time  50.74, currMinPhero 0.89, stagnancy 1.2%
[35m[MSG][0m itr    13, best 5706.4717, time  54.90, currMinPhero 0.88, stagnancy 1.4%
[35m[MSG][0m itr    14, best 5706.4717, time  59.25, currMinPhero 0.87, stagnancy 1.6%
[35m[MSG][0m itr    15, best 5706.4717, time  63.40, currMinPhero 0.86, stagnancy 1.8%
[35m[MSG][0m itr    16, best 5706.4717, time  67.77, currMinPhero 0.85, stagnancy 2.0%
[35m[MSG][0m itr    17, best 5706.4717, time  71.92, currMinPhero 0.84, stagnancy 2.2%
[35m[MSG][0m itr    18, best 5706.4717, time  76.08, currMinPhero 0.83, stagnancy 2.4%
[35m[MSG][0m itr    19, best 5706.4717, time  80.31, currMinPhero 0.83, stagnancy 2.6%
[35m[MSG][0m itr    20, best 5706.4717, time  84.55, currMinPhero 0.82, stagnancy 2.8%
[35m[MSG][0m itr    21, best 5706.4717, time  88.79, currMinPhero 0.81, stagnancy 3.0%
[35m[MSG][0m itr    22, best 5706.4717, time  93.08, currMinPhero 0.80, stagnancy 3.2%
[35m[MSG][0m itr    23, best 5706.4717, time  97.35, currMinPhero 0.79, stagnancy 3.4%
[35m[MSG][0m itr    24, best 5706.4717, time 101.70, currMinPhero 0.79, stagnancy 3.6%
[35m[MSG][0m itr    25, best 5706.4717, time 105.79, currMinPhero 0.78, stagnancy 3.8%
[35m[MSG][0m itr    26, best 5706.4717, time 110.07, currMinPhero 0.77, stagnancy 4.0%
[35m[MSG][0m itr    27, best 5706.4717, time 114.32, currMinPhero 0.76, stagnancy 4.2%
[35m[MSG][0m itr    28, best 5706.4717, time 118.76, currMinPhero 0.75, stagnancy 4.4%
[35m[MSG][0m itr    29, best 5706.4717, time 123.01, currMinPhero 0.75, stagnancy 4.6%
[35m[MSG][0m itr    30, best 5706.4717, time 127.31, currMinPhero 0.74, stagnancy 4.8%
[35m[MSG][0m itr    31, best 5706.4717, time 131.47, currMinPhero 0.73, stagnancy 5.0%
[35m[MSG][0m itr    32, best 5706.4717, time 135.84, currMinPhero 0.72, stagnancy 5.2%
[35m[MSG][0m itr    33, best 5706.4717, time 140.14, currMinPhero 0.72, stagnancy 5.4%
[35m[MSG][0m itr    34, best 5706.4717, time 144.38, currMinPhero 0.71, stagnancy 5.6%
[35m[MSG][0m itr    35, best 5706.4717, time 148.61, currMinPhero 0.70, stagnancy 5.8%
[35m[MSG][0m itr    36, best 5700.1802, time 152.90, currMinPhero 0.70, stagnancy 0.0%
[35m[MSG][0m itr    37, best 5700.1802, time 157.06, currMinPhero 0.69, stagnancy 0.2%
[35m[MSG][0m itr    38, best 5700.1802, time 161.90, currMinPhero 0.68, stagnancy 0.4%
[35m[MSG][0m itr    39, best 5700.1802, time 166.70, currMinPhero 0.68, stagnancy 0.6%
[35m[MSG][0m itr    40, best 5700.1802, time 171.38, currMinPhero 0.67, stagnancy 0.8%
[35m[MSG][0m itr    41, best 5700.1802, time 176.26, currMinPhero 0.66, stagnancy 1.0%
[35m[MSG][0m itr    42, best 5698.3374, time 181.14, currMinPhero 0.66, stagnancy 0.0%
[35m[MSG][0m itr    43, best 5698.3374, time 186.03, currMinPhero 0.65, stagnancy 0.2%
[35m[MSG][0m itr    44, best 5698.3374, time 190.58, currMinPhero 0.64, stagnancy 0.4%
[35m[MSG][0m itr    45, best 5698.3374, time 194.88, currMinPhero 0.64, stagnancy 0.6%
[35m[MSG][0m itr    46, best 5698.3374, time 199.07, currMinPhero 0.63, stagnancy 0.8%
[35m[MSG][0m itr    47, best 5698.3374, time 203.38, currMinPhero 0.62, stagnancy 1.0%
[35m[MSG][0m itr    48, best 5698.3374, time 207.69, currMinPhero 0.62, stagnancy 1.2%
[35m[MSG][0m itr    49, best 5698.3374, time 211.97, currMinPhero 0.61, stagnancy 1.4%
[35m[MSG][0m itr    50, best 5698.3374, time 216.23, currMinPhero 0.61, stagnancy 1.6%
[35m[MSG][0m itr    51, best 5698.3374, time 220.47, currMinPhero 0.60, stagnancy 1.8%
[35m[MSG][0m itr    52, best 5698.3374, time 224.73, currMinPhero 0.59, stagnancy 2.0%
[35m[MSG][0m itr    53, best 5698.3374, time 228.94, currMinPhero 0.59, stagnancy 2.2%
[35m[MSG][0m itr    54, best 5692.8516, time 233.63, currMinPhero 0.58, stagnancy 0.0%
[35m[MSG][0m itr    55, best 5692.8516, time 238.43, currMinPhero 0.58, stagnancy 0.2%
[35m[MSG][0m itr    56, best 5692.8516, time 243.34, currMinPhero 0.57, stagnancy 0.4%
[35m[MSG][0m itr    57, best 5692.8516, time 248.24, currMinPhero 0.56, stagnancy 0.6%
[35m[MSG][0m itr    58, best 5692.8516, time 253.01, currMinPhero 0.56, stagnancy 0.8%
[35m[MSG][0m itr    59, best 5692.8516, time 257.83, currMinPhero 0.55, stagnancy 1.0%
[35m[MSG][0m itr    60, best 5692.8516, time 262.57, currMinPhero 0.55, stagnancy 1.2%
[35m[MSG][0m itr    61, best 5692.8516, time 266.79, currMinPhero 0.54, stagnancy 1.4%
[35m[MSG][0m itr    62, best 5692.8516, time 271.01, currMinPhero 0.54, stagnancy 1.6%
[35m[MSG][0m itr    63, best 5692.8516, time 275.29, currMinPhero 0.53, stagnancy 1.8%
[35m[MSG][0m itr    64, best 5692.8516, time 279.66, currMinPhero 0.53, stagnancy 2.0%
[35m[MSG][0m itr    65, best 5692.8516, time 283.99, currMinPhero 0.52, stagnancy 2.2%
[35m[MSG][0m itr    66, best 5692.8516, time 288.23, currMinPhero 0.52, stagnancy 2.4%
[35m[MSG][0m itr    67, best 5692.8516, time 292.44, currMinPhero 0.51, stagnancy 2.6%
[35m[MSG][0m itr    68, best 5692.8516, time 296.62, currMinPhero 0.50, stagnancy 2.8%
[35m[MSG][0m itr    69, best 5692.8516, time 301.29, currMinPhero 0.50, stagnancy 3.0%
[35m[MSG][0m itr    70, best 5692.8516, time 306.26, currMinPhero 0.49, stagnancy 3.2%
[35m[MSG][0m itr    71, best 5692.8516, time 311.09, currMinPhero 0.49, stagnancy 3.4%
[35m[MSG][0m itr    72, best 5692.8516, time 315.96, currMinPhero 0.48, stagnancy 3.6%
[35m[MSG][0m itr    73, best 5692.8516, time 320.76, currMinPhero 0.48, stagnancy 3.8%
[35m[MSG][0m itr    74, best 5692.8516, time 325.59, currMinPhero 0.48, stagnancy 4.0%
[35m[MSG][0m itr    75, best 5692.8516, time 330.51, currMinPhero 0.47, stagnancy 4.2%
[35m[MSG][0m itr    76, best 5692.8516, time 335.10, currMinPhero 0.47, stagnancy 4.4%
[35m[MSG][0m itr    77, best 5692.8516, time 339.38, currMinPhero 0.46, stagnancy 4.6%
[35m[MSG][0m itr    78, best 5692.8516, time 343.72, currMinPhero 0.46, stagnancy 4.8%
[35m[MSG][0m itr    79, best 5692.8516, time 348.04, currMinPhero 0.45, stagnancy 5.0%
[35m[MSG][0m itr    80, best 5692.8516, time 352.22, currMinPhero 0.45, stagnancy 5.2%
[35m[MSG][0m itr    81, best 5685.9458, time 356.60, currMinPhero 0.44, stagnancy 0.0%
[35m[MSG][0m itr    82, best 5685.9458, time 360.89, currMinPhero 0.44, stagnancy 0.2%
[35m[MSG][0m itr    83, best 5685.9458, time 365.19, currMinPhero 0.43, stagnancy 0.4%
[35m[MSG][0m itr    84, best 5685.9458, time 369.64, currMinPhero 0.43, stagnancy 0.6%
[35m[MSG][0m itr    85, best 5672.6523, time 374.40, currMinPhero 0.43, stagnancy 0.0%
[35m[MSG][0m itr    86, best 5672.6523, time 379.21, currMinPhero 0.42, stagnancy 0.2%
[35m[MSG][0m itr    87, best 5672.6523, time 383.92, currMinPhero 0.42, stagnancy 0.4%
[35m[MSG][0m itr    88, best 5672.6523, time 388.76, currMinPhero 0.41, stagnancy 0.6%
[35m[MSG][0m itr    89, best 5672.6523, time 393.75, currMinPhero 0.41, stagnancy 0.8%
[35m[MSG][0m itr    90, best 5672.6523, time 398.56, currMinPhero 0.40, stagnancy 1.0%
[35m[MSG][0m itr    91, best 5672.6523, time 403.42, currMinPhero 0.40, stagnancy 1.2%
[35m[MSG][0m itr    92, best 5672.6523, time 408.24, currMinPhero 0.40, stagnancy 1.4%
[35m[MSG][0m itr    93, best 5672.6523, time 412.37, currMinPhero 0.39, stagnancy 1.6%
[35m[MSG][0m itr    94, best 5672.6523, time 416.68, currMinPhero 0.39, stagnancy 1.8%
[35m[MSG][0m itr    95, best 5672.6523, time 421.02, currMinPhero 0.38, stagnancy 2.0%
[35m[MSG][0m itr    96, best 5672.6523, time 425.29, currMinPhero 0.38, stagnancy 2.2%
[35m[MSG][0m itr    97, best 5672.6523, time 429.59, currMinPhero 0.38, stagnancy 2.4%
[35m[MSG][0m itr    98, best 5672.6523, time 433.87, currMinPhero 0.37, stagnancy 2.6%
[35m[MSG][0m itr    99, best 5672.6523, time 437.86, currMinPhero 0.37, stagnancy 2.8%
[35m[MSG][0m itr   100, best 5672.6523, time 442.10, currMinPhero 0.37, stagnancy 3.0%
[35m[MSG][0m itr   101, best 5672.6523, time 446.86, currMinPhero 0.36, stagnancy 3.2%
[35m[MSG][0m itr   102, best 5672.6523, time 451.74, currMinPhero 0.36, stagnancy 3.4%
[35m[MSG][0m itr   103, best 5672.6523, time 456.52, currMinPhero 0.36, stagnancy 3.6%
[35m[MSG][0m itr   104, best 5672.6523, time 461.40, currMinPhero 0.35, stagnancy 3.8%
[35m[MSG][0m itr   105, best 5672.6523, time 466.24, currMinPhero 0.35, stagnancy 4.0%
[35m[MSG][0m itr   106, best 5672.6523, time 471.07, currMinPhero 0.34, stagnancy 4.2%
[35m[MSG][0m itr   107, best 5672.6523, time 475.89, currMinPhero 0.34, stagnancy 4.4%
[35m[MSG][0m itr   108, best 5672.6523, time 480.72, currMinPhero 0.34, stagnancy 4.6%
[35m[MSG][0m itr   109, best 5672.6523, time 485.12, currMinPhero 0.33, stagnancy 4.8%
[35m[MSG][0m itr   110, best 5672.6523, time 489.43, currMinPhero 0.33, stagnancy 5.0%
[35m[MSG][0m itr   111, best 5672.6523, time 493.69, currMinPhero 0.33, stagnancy 5.2%
[35m[MSG][0m itr   112, best 5672.6523, time 497.98, currMinPhero 0.32, stagnancy 5.4%
[35m[MSG][0m itr   113, best 5672.6523, time 502.29, currMinPhero 0.32, stagnancy 5.6%
[35m[MSG][0m itr   114, best 5672.6523, time 506.46, currMinPhero 0.32, stagnancy 5.8%
[35m[MSG][0m itr   115, best 5672.6523, time 510.75, currMinPhero 0.31, stagnancy 6.0%
[35m[MSG][0m itr   116, best 5672.6523, time 515.07, currMinPhero 0.31, stagnancy 6.2%
[35m[MSG][0m itr   117, best 5672.6523, time 519.82, currMinPhero 0.31, stagnancy 6.4%
[35m[MSG][0m itr   118, best 5672.6523, time 524.66, currMinPhero 0.31, stagnancy 6.6%
[35m[MSG][0m itr   119, best 5672.6523, time 529.57, currMinPhero 0.30, stagnancy 6.8%
[35m[MSG][0m itr   120, best 5672.6523, time 534.21, currMinPhero 0.30, stagnancy 7.0%
[35m[MSG][0m itr   121, best 5672.6523, time 539.13, currMinPhero 0.30, stagnancy 7.2%
[35m[MSG][0m itr   122, best 5672.6523, time 543.99, currMinPhero 0.29, stagnancy 7.4%
[35m[MSG][0m itr   123, best 5672.6523, time 548.87, currMinPhero 0.29, stagnancy 7.6%
[35m[MSG][0m itr   124, best 5672.6523, time 553.67, currMinPhero 0.29, stagnancy 7.8%
[35m[MSG][0m itr   125, best 5672.6523, time 558.25, currMinPhero 0.28, stagnancy 8.0%
[35m[MSG][0m itr   126, best 5672.6523, time 562.56, currMinPhero 0.28, stagnancy 8.2%
[35m[MSG][0m itr   127, best 5672.6523, time 566.84, currMinPhero 0.28, stagnancy 8.4%
[35m[MSG][0m itr   128, best 5672.6523, time 571.22, currMinPhero 0.28, stagnancy 8.6%
[35m[MSG][0m itr   129, best 5672.6523, time 575.52, currMinPhero 0.27, stagnancy 8.8%
[35m[MSG][0m itr   130, best 5650.9048, time 579.85, currMinPhero 0.27, stagnancy 0.0%
[35m[MSG][0m itr   131, best 5650.9048, time 584.12, currMinPhero 0.27, stagnancy 0.2%
[35m[MSG][0m itr   132, best 5650.9048, time 588.42, currMinPhero 0.27, stagnancy 0.4%
[35m[MSG][0m itr   133, best 5650.9048, time 593.35, currMinPhero 0.26, stagnancy 0.6%
[35m[MSG][0m itr   134, best 5650.9048, time 598.19, currMinPhero 0.26, stagnancy 0.8%
[35m[MSG][0m itr   135, best 5650.9048, time 603.07, currMinPhero 0.26, stagnancy 1.0%
[35m[MSG][0m itr   136, best 5650.9048, time 607.97, currMinPhero 0.25, stagnancy 1.2%
[35m[MSG][0m itr   137, best 5650.9048, time 612.81, currMinPhero 0.25, stagnancy 1.4%
[35m[MSG][0m itr   138, best 5650.9048, time 617.66, currMinPhero 0.25, stagnancy 1.6%
[35m[MSG][0m itr   139, best 5650.9048, time 622.49, currMinPhero 0.25, stagnancy 1.8%
[35m[MSG][0m itr   140, best 5650.9048, time 627.40, currMinPhero 0.24, stagnancy 2.0%
[35m[MSG][0m itr   141, best 5650.9048, time 632.27, currMinPhero 0.24, stagnancy 2.2%
[35m[MSG][0m itr   142, best 5650.9048, time 636.58, currMinPhero 0.24, stagnancy 2.4%
[35m[MSG][0m itr   143, best 5650.9048, time 640.72, currMinPhero 0.24, stagnancy 2.6%
[35m[MSG][0m itr   144, best 5650.9048, time 645.07, currMinPhero 0.24, stagnancy 2.8%
[35m[MSG][0m itr   145, best 5650.9048, time 649.39, currMinPhero 0.23, stagnancy 3.0%
[35m[MSG][0m itr   146, best 5650.9048, time 653.72, currMinPhero 0.23, stagnancy 3.2%
[35m[MSG][0m itr   147, best 5650.9048, time 658.20, currMinPhero 0.23, stagnancy 3.4%
[35m[MSG][0m itr   148, best 5650.9048, time 662.70, currMinPhero 0.23, stagnancy 3.6%
[35m[MSG][0m itr   149, best 5650.9048, time 667.13, currMinPhero 0.22, stagnancy 3.8%
[35m[MSG][0m itr   150, best 5650.9048, time 672.12, currMinPhero 0.22, stagnancy 4.0%
[35m[MSG][0m itr   151, best 5650.9048, time 677.93, currMinPhero 0.22, stagnancy 4.2%
[35m[MSG][0m itr   152, best 5650.9048, time 684.98, currMinPhero 0.22, stagnancy 4.4%
[35m[MSG][0m itr   153, best 5650.9048, time 691.66, currMinPhero 0.21, stagnancy 4.6%
[35m[MSG][0m itr   154, best 5650.9048, time 696.44, currMinPhero 0.21, stagnancy 4.8%
[35m[MSG][0m itr   155, best 5650.9048, time 701.99, currMinPhero 0.21, stagnancy 5.0%
[35m[MSG][0m itr   156, best 5650.9048, time 707.11, currMinPhero 0.21, stagnancy 5.2%
[35m[MSG][0m itr   157, best 5650.9048, time 711.57, currMinPhero 0.21, stagnancy 5.4%
[35m[MSG][0m itr   158, best 5650.9048, time 716.41, currMinPhero 0.20, stagnancy 5.6%
[35m[MSG][0m itr   159, best 5650.9048, time 720.76, currMinPhero 0.20, stagnancy 5.8%
[35m[MSG][0m itr   160, best 5650.9048, time 725.03, currMinPhero 0.20, stagnancy 6.0%
[35m[MSG][0m itr   161, best 5650.9048, time 729.32, currMinPhero 0.20, stagnancy 6.2%
[35m[MSG][0m itr   162, best 5650.9048, time 733.65, currMinPhero 0.20, stagnancy 6.4%
[35m[MSG][0m itr   163, best 5650.9048, time 737.89, currMinPhero 0.19, stagnancy 6.6%
[35m[MSG][0m itr   164, best 5650.9048, time 742.22, currMinPhero 0.19, stagnancy 6.8%
[35m[MSG][0m itr   165, best 5650.9048, time 746.47, currMinPhero 0.19, stagnancy 7.0%
[35m[MSG][0m itr   166, best 5650.9048, time 750.74, currMinPhero 0.19, stagnancy 7.2%
[35m[MSG][0m itr   167, best 5645.9829, time 755.41, currMinPhero 0.19, stagnancy 0.0%
[35m[MSG][0m itr   168, best 5645.9829, time 760.19, currMinPhero 0.18, stagnancy 0.2%
[35m[MSG][0m itr   169, best 5645.9829, time 765.08, currMinPhero 0.18, stagnancy 0.4%
[35m[MSG][0m itr   170, best 5645.9829, time 769.94, currMinPhero 0.18, stagnancy 0.6%
[35m[MSG][0m itr   171, best 5645.9829, time 774.75, currMinPhero 0.18, stagnancy 0.8%
[35m[MSG][0m itr   172, best 5645.9829, time 779.44, currMinPhero 0.18, stagnancy 1.0%
[35m[MSG][0m itr   173, best 5645.9829, time 784.29, currMinPhero 0.18, stagnancy 1.2%
[35m[MSG][0m itr   174, best 5645.9829, time 789.17, currMinPhero 0.17, stagnancy 1.4%
[35m[MSG][0m itr   175, best 5645.9829, time 794.11, currMinPhero 0.17, stagnancy 1.6%
[35m[MSG][0m itr   176, best 5645.9829, time 798.49, currMinPhero 0.17, stagnancy 1.8%
[35m[MSG][0m itr   177, best 5645.9829, time 802.86, currMinPhero 0.17, stagnancy 2.0%
[35m[MSG][0m itr   178, best 5645.9829, time 807.12, currMinPhero 0.17, stagnancy 2.2%
[35m[MSG][0m itr   179, best 5645.9829, time 811.41, currMinPhero 0.17, stagnancy 2.4%
[35m[MSG][0m itr   180, best 5645.9829, time 815.40, currMinPhero 0.16, stagnancy 2.6%
[35m[MSG][0m itr   181, best 5645.9829, time 819.70, currMinPhero 0.16, stagnancy 2.8%
[35m[MSG][0m itr   182, best 5645.9829, time 824.06, currMinPhero 0.16, stagnancy 3.0%
[35m[MSG][0m itr   183, best 5645.9829, time 828.24, currMinPhero 0.16, stagnancy 3.2%
[35m[MSG][0m itr   184, best 5645.9829, time 833.11, currMinPhero 0.16, stagnancy 3.4%
[35m[MSG][0m itr   185, best 5645.9829, time 838.07, currMinPhero 0.16, stagnancy 3.6%
[35m[MSG][0m itr   186, best 5645.9829, time 843.04, currMinPhero 0.15, stagnancy 3.8%
[35m[MSG][0m itr   187, best 5645.9829, time 847.91, currMinPhero 0.15, stagnancy 4.0%
[35m[MSG][0m itr   188, best 5645.9829, time 852.78, currMinPhero 0.15, stagnancy 4.2%
[35m[MSG][0m itr   189, best 5645.9829, time 857.66, currMinPhero 0.15, stagnancy 4.4%
[35m[MSG][0m itr   190, best 5645.9829, time 862.55, currMinPhero 0.15, stagnancy 4.6%
[35m[MSG][0m itr   191, best 5640.4189, time 867.41, currMinPhero 0.15, stagnancy 0.0%
[35m[MSG][0m itr   192, best 5640.4189, time 872.09, currMinPhero 0.15, stagnancy 0.2%
[35m[MSG][0m itr   193, best 5640.4189, time 876.45, currMinPhero 0.14, stagnancy 0.4%
[35m[MSG][0m itr   194, best 5640.4189, time 880.82, currMinPhero 0.14, stagnancy 0.6%
[35m[MSG][0m itr   195, best 5640.4189, time 885.08, currMinPhero 0.14, stagnancy 0.8%
[35m[MSG][0m itr   196, best 5640.4189, time 889.35, currMinPhero 0.14, stagnancy 1.0%
[35m[MSG][0m itr   197, best 5640.4189, time 893.53, currMinPhero 0.14, stagnancy 1.2%
[35m[MSG][0m itr   198, best 5640.4189, time 897.82, currMinPhero 0.14, stagnancy 1.4%
[35m[MSG][0m itr   199, best 5640.4189, time 902.12, currMinPhero 0.14, stagnancy 1.6%
[35m[MSG][0m itr   200, best 5640.4189, time 906.48, currMinPhero 0.13, stagnancy 1.8%
[35m[MSG][0m itr   201, best 5640.4189, time 911.23, currMinPhero 0.13, stagnancy 2.0%
[35m[MSG][0m itr   202, best 5640.4189, time 916.05, currMinPhero 0.13, stagnancy 2.2%
[35m[MSG][0m itr   203, best 5640.4189, time 920.97, currMinPhero 0.13, stagnancy 2.4%
[35m[MSG][0m itr   204, best 5640.4189, time 925.91, currMinPhero 0.13, stagnancy 2.6%
[35m[MSG][0m itr   205, best 5640.4189, time 930.93, currMinPhero 0.13, stagnancy 2.8%
[35m[MSG][0m itr   206, best 5640.4189, time 935.84, currMinPhero 0.13, stagnancy 3.0%
[35m[MSG][0m itr   207, best 5640.4189, time 940.69, currMinPhero 0.12, stagnancy 3.2%
[35m[MSG][0m itr   208, best 5640.4189, time 945.57, currMinPhero 0.12, stagnancy 3.4%
[35m[MSG][0m itr   209, best 5640.4189, time 950.16, currMinPhero 0.12, stagnancy 3.6%
[35m[MSG][0m itr   210, best 5640.4189, time 954.37, currMinPhero 0.12, stagnancy 3.8%
[35m[MSG][0m itr   211, best 5634.9653, time 958.75, currMinPhero 0.12, stagnancy 0.0%
[35m[MSG][0m itr   212, best 5634.9653, time 963.10, currMinPhero 0.12, stagnancy 0.2%
[35m[MSG][0m itr   213, best 5634.9653, time 967.43, currMinPhero 0.12, stagnancy 0.4%
[35m[MSG][0m itr   214, best 5634.9653, time 971.80, currMinPhero 0.12, stagnancy 0.6%
[35m[MSG][0m itr   215, best 5631.1758, time 976.11, currMinPhero 0.12, stagnancy 0.0%
[35m[MSG][0m itr   216, best 5631.1758, time 980.44, currMinPhero 0.11, stagnancy 0.2%
[35m[MSG][0m itr   217, best 5631.1758, time 985.09, currMinPhero 0.11, stagnancy 0.4%
[35m[MSG][0m itr   218, best 5631.1758, time 990.06, currMinPhero 0.11, stagnancy 0.6%
[35m[MSG][0m itr   219, best 5631.1758, time 994.96, currMinPhero 0.11, stagnancy 0.8%
[35m[MSG][0m itr   220, best 5631.1758, time 999.81, currMinPhero 0.11, stagnancy 1.0%
[35m[MSG][0m itr   221, best 5631.1758, time 1004.72, currMinPhero 0.11, stagnancy 1.2%
[35m[MSG][0m itr   222, best 5631.1758, time 1009.46, currMinPhero 0.11, stagnancy 1.4%
[35m[MSG][0m itr   223, best 5631.1758, time 1014.29, currMinPhero 0.11, stagnancy 1.6%
[35m[MSG][0m itr   224, best 5631.1758, time 1019.23, currMinPhero 0.11, stagnancy 1.8%
[35m[MSG][0m itr   225, best 5631.1758, time 1024.02, currMinPhero 0.10, stagnancy 2.0%
[35m[MSG][0m itr   226, best 5631.1758, time 1028.93, currMinPhero 0.10, stagnancy 2.2%
[35m[MSG][0m itr   227, best 5631.1758, time 1033.25, currMinPhero 0.10, stagnancy 2.4%
[35m[MSG][0m itr   228, best 5631.1758, time 1037.60, currMinPhero 0.10, stagnancy 2.6%
[35m[MSG][0m itr   229, best 5631.1758, time 1041.89, currMinPhero 0.10, stagnancy 2.8%
[35m[MSG][0m itr   230, best 5631.1758, time 1046.27, currMinPhero 0.10, stagnancy 3.0%
[35m[MSG][0m itr   231, best 5631.1758, time 1050.56, currMinPhero 0.10, stagnancy 3.2%
[35m[MSG][0m itr   232, best 5631.1758, time 1054.91, currMinPhero 0.10, stagnancy 3.4%
[35m[MSG][0m itr   233, best 5631.1758, time 1059.21, currMinPhero 0.10, stagnancy 3.6%
[35m[MSG][0m itr   234, best 5631.1758, time 1063.56, currMinPhero 0.10, stagnancy 3.8%
[35m[MSG][0m itr   235, best 5631.1758, time 1068.14, currMinPhero 0.09, stagnancy 4.0%
[35m[MSG][0m itr   236, best 5631.1758, time 1072.88, currMinPhero 0.09, stagnancy 4.2%
[35m[MSG][0m itr   237, best 5631.1758, time 1077.77, currMinPhero 0.09, stagnancy 4.4%
[35m[MSG][0m itr   238, best 5631.1758, time 1082.66, currMinPhero 0.09, stagnancy 4.6%
[35m[MSG][0m itr   239, best 5631.1758, time 1087.59, currMinPhero 0.09, stagnancy 4.8%
[35m[MSG][0m itr   240, best 5631.1758, time 1092.50, currMinPhero 0.09, stagnancy 5.0%
[35m[MSG][0m itr   241, best 5631.1758, time 1097.32, currMinPhero 0.09, stagnancy 5.2%
[35m[MSG][0m itr   242, best 5631.1758, time 1102.20, currMinPhero 0.09, stagnancy 5.4%
[35m[MSG][0m itr   243, best 5631.1758, time 1107.05, currMinPhero 0.09, stagnancy 5.6%
[35m[MSG][0m itr   244, best 5631.1758, time 1111.60, currMinPhero 0.09, stagnancy 5.8%
[35m[MSG][0m itr   245, best 5631.1758, time 1116.02, currMinPhero 0.09, stagnancy 6.0%
[35m[MSG][0m itr   246, best 5621.1465, time 1120.37, currMinPhero 0.08, stagnancy 0.0%
[35m[MSG][0m itr   247, best 5621.1465, time 1124.73, currMinPhero 0.08, stagnancy 0.2%
[35m[MSG][0m itr   248, best 5621.1465, time 1128.97, currMinPhero 0.08, stagnancy 0.4%
[35m[MSG][0m itr   249, best 5621.1465, time 1133.24, currMinPhero 0.08, stagnancy 0.6%
[35m[MSG][0m itr   250, best 5621.1465, time 1137.53, currMinPhero 0.08, stagnancy 0.8%
[35m[MSG][0m itr   251, best 5621.1465, time 1142.35, currMinPhero 0.08, stagnancy 1.0%
[35m[MSG][0m itr   252, best 5621.1465, time 1146.99, currMinPhero 0.08, stagnancy 1.2%
[35m[MSG][0m itr   253, best 5621.1465, time 1151.75, currMinPhero 0.08, stagnancy 1.4%
[35m[MSG][0m itr   254, best 5621.1465, time 1156.64, currMinPhero 0.08, stagnancy 1.6%
[35m[MSG][0m itr   255, best 5621.1465, time 1161.51, currMinPhero 0.08, stagnancy 1.8%
[35m[MSG][0m itr   256, best 5621.1465, time 1166.36, currMinPhero 0.08, stagnancy 2.0%
[35m[MSG][0m itr   257, best 5621.1465, time 1171.20, currMinPhero 0.08, stagnancy 2.2%
[35m[MSG][0m itr   258, best 5621.1465, time 1176.04, currMinPhero 0.07, stagnancy 2.4%
[35m[MSG][0m itr   259, best 5621.1465, time 1180.96, currMinPhero 0.07, stagnancy 2.6%
[35m[MSG][0m itr   260, best 5621.1465, time 1185.82, currMinPhero 0.07, stagnancy 2.8%
[35m[MSG][0m itr   261, best 5621.1465, time 1190.59, currMinPhero 0.07, stagnancy 3.0%
[35m[MSG][0m itr   262, best 5621.1465, time 1195.24, currMinPhero 0.07, stagnancy 3.2%
[35m[MSG][0m itr   263, best 5621.1465, time 1199.53, currMinPhero 0.07, stagnancy 3.4%
[35m[MSG][0m itr   264, best 5619.1343, time 1203.82, currMinPhero 0.07, stagnancy 0.0%
[35m[MSG][0m itr   265, best 5619.1343, time 1208.14, currMinPhero 0.07, stagnancy 0.2%
[35m[MSG][0m itr   266, best 5619.1343, time 1212.46, currMinPhero 0.07, stagnancy 0.4%
[35m[MSG][0m itr   267, best 5619.1343, time 1216.78, currMinPhero 0.07, stagnancy 0.6%
[35m[MSG][0m itr   268, best 5619.1343, time 1221.17, currMinPhero 0.07, stagnancy 0.8%
[35m[MSG][0m itr   269, best 5618.1724, time 1225.51, currMinPhero 0.07, stagnancy 0.0%
[35m[MSG][0m itr   270, best 5618.1724, time 1230.20, currMinPhero 0.07, stagnancy 0.2%
[35m[MSG][0m itr   271, best 5618.1724, time 1234.96, currMinPhero 0.07, stagnancy 0.4%
[35m[MSG][0m itr   272, best 5618.1724, time 1239.85, currMinPhero 0.06, stagnancy 0.6%
[35m[MSG][0m itr   273, best 5618.1724, time 1244.82, currMinPhero 0.06, stagnancy 0.8%
[35m[MSG][0m itr   274, best 5618.1724, time 1249.61, currMinPhero 0.06, stagnancy 1.0%
[35m[MSG][0m itr   275, best 5618.1724, time 1254.45, currMinPhero 0.06, stagnancy 1.2%
[35m[MSG][0m itr   276, best 5618.1724, time 1259.29, currMinPhero 0.06, stagnancy 1.4%
[35m[MSG][0m itr   277, best 5618.1724, time 1264.19, currMinPhero 0.06, stagnancy 1.6%
[35m[MSG][0m itr   278, best 5618.1724, time 1269.07, currMinPhero 0.06, stagnancy 1.8%
[35m[MSG][0m itr   279, best 5618.1724, time 1273.95, currMinPhero 0.06, stagnancy 2.0%
[35m[MSG][0m itr   280, best 5618.1724, time 1278.43, currMinPhero 0.06, stagnancy 2.2%
[35m[MSG][0m itr   281, best 5618.1724, time 1282.68, currMinPhero 0.06, stagnancy 2.4%
[35m[MSG][0m itr   282, best 5609.0684, time 1286.91, currMinPhero 0.06, stagnancy 0.0%
[35m[MSG][0m itr   283, best 5609.0684, time 1291.22, currMinPhero 0.06, stagnancy 0.2%
[35m[MSG][0m itr   284, best 5609.0684, time 1295.56, currMinPhero 0.06, stagnancy 0.4%
[35m[MSG][0m itr   285, best 5609.0684, time 1299.81, currMinPhero 0.06, stagnancy 0.6%
[35m[MSG][0m itr   286, best 5609.0684, time 1304.14, currMinPhero 0.06, stagnancy 0.8%
[35m[MSG][0m itr   287, best 5609.0684, time 1308.70, currMinPhero 0.06, stagnancy 1.0%
[35m[MSG][0m itr   288, best 5606.7017, time 1313.66, currMinPhero 0.06, stagnancy 0.0%
[35m[MSG][0m itr   289, best 5606.7017, time 1318.40, currMinPhero 0.05, stagnancy 0.2%
[35m[MSG][0m itr   290, best 5606.7017, time 1323.35, currMinPhero 0.05, stagnancy 0.4%
[35m[MSG][0m itr   291, best 5606.7017, time 1328.25, currMinPhero 0.05, stagnancy 0.6%
[35m[MSG][0m itr   292, best 5606.7017, time 1333.12, currMinPhero 0.05, stagnancy 0.8%
[35m[MSG][0m itr   293, best 5606.7017, time 1338.03, currMinPhero 0.05, stagnancy 1.0%
[35m[MSG][0m itr   294, best 5605.3477, time 1342.75, currMinPhero 0.05, stagnancy 0.0%
[35m[MSG][0m itr   295, best 5605.3477, time 1347.60, currMinPhero 0.05, stagnancy 0.2%
[35m[MSG][0m itr   296, best 5605.3477, time 1352.51, currMinPhero 0.05, stagnancy 0.4%
[35m[MSG][0m itr   297, best 5605.3477, time 1357.37, currMinPhero 0.05, stagnancy 0.6%
[35m[MSG][0m itr   298, best 5600.8809, time 1361.69, currMinPhero 0.05, stagnancy 0.0%
[35m[MSG][0m itr   299, best 5599.6328, time 1366.09, currMinPhero 0.05, stagnancy 0.0%
[35m[MSG][0m itr   300, best 5599.6328, time 1370.40, currMinPhero 0.05, stagnancy 0.2%
[35m[MSG][0m itr   301, best 5599.6328, time 1374.87, currMinPhero 0.05, stagnancy 0.4%
[35m[MSG][0m itr   302, best 5599.6328, time 1379.11, currMinPhero 0.05, stagnancy 0.6%
[35m[MSG][0m itr   303, best 5599.6328, time 1383.45, currMinPhero 0.05, stagnancy 0.8%
[35m[MSG][0m itr   304, best 5599.6328, time 1387.78, currMinPhero 0.05, stagnancy 1.0%
[35m[MSG][0m itr   305, best 5599.6328, time 1392.27, currMinPhero 0.05, stagnancy 1.2%
[35m[MSG][0m itr   306, best 5599.6328, time 1397.16, currMinPhero 0.05, stagnancy 1.4%
[35m[MSG][0m itr   307, best 5599.6328, time 1401.98, currMinPhero 0.05, stagnancy 1.6%
[35m[MSG][0m itr   308, best 5599.6328, time 1406.83, currMinPhero 0.05, stagnancy 1.8%
[35m[MSG][0m itr   309, best 5599.6328, time 1411.72, currMinPhero 0.04, stagnancy 2.0%
[35m[MSG][0m itr   310, best 5599.6328, time 1416.75, currMinPhero 0.04, stagnancy 2.2%
[35m[MSG][0m itr   311, best 5599.6328, time 1421.63, currMinPhero 0.04, stagnancy 2.4%
[35m[MSG][0m itr   312, best 5599.6328, time 1426.51, currMinPhero 0.04, stagnancy 2.6%
[35m[MSG][0m itr   313, best 5598.4668, time 1431.38, currMinPhero 0.04, stagnancy 0.0%
[35m[MSG][0m itr   314, best 5598.4668, time 1436.28, currMinPhero 0.04, stagnancy 0.2%
[35m[MSG][0m itr   315, best 5598.4668, time 1441.17, currMinPhero 0.04, stagnancy 0.4%
[35m[MSG][0m itr   316, best 5598.4668, time 1445.79, currMinPhero 0.04, stagnancy 0.6%
[35m[MSG][0m itr   317, best 5598.4668, time 1450.09, currMinPhero 0.04, stagnancy 0.8%
[35m[MSG][0m itr   318, best 5598.4668, time 1454.40, currMinPhero 0.04, stagnancy 1.0%
[35m[MSG][0m itr   319, best 5598.4668, time 1458.71, currMinPhero 0.04, stagnancy 1.2%
[35m[MSG][0m itr   320, best 5597.7925, time 1463.00, currMinPhero 0.04, stagnancy 0.0%
[35m[MSG][0m itr   321, best 5597.7925, time 1467.32, currMinPhero 0.04, stagnancy 0.2%
[35m[MSG][0m itr   322, best 5597.7925, time 1471.74, currMinPhero 0.04, stagnancy 0.4%
[35m[MSG][0m itr   323, best 5597.7925, time 1476.05, currMinPhero 0.04, stagnancy 0.6%
[35m[MSG][0m itr   324, best 5597.7925, time 1480.56, currMinPhero 0.04, stagnancy 0.8%
[35m[MSG][0m itr   325, best 5597.7925, time 1485.45, currMinPhero 0.04, stagnancy 1.0%
[35m[MSG][0m itr   326, best 5597.7925, time 1490.37, currMinPhero 0.04, stagnancy 1.2%
[35m[MSG][0m itr   327, best 5597.7925, time 1495.20, currMinPhero 0.04, stagnancy 1.4%
[35m[MSG][0m itr   328, best 5597.7925, time 1500.06, currMinPhero 0.04, stagnancy 1.6%
[35m[MSG][0m itr   329, best 5597.7925, time 1504.91, currMinPhero 0.04, stagnancy 1.8%
[35m[MSG][0m itr   330, best 5597.7925, time 1509.76, currMinPhero 0.04, stagnancy 2.0%
[35m[MSG][0m itr   331, best 5597.7925, time 1514.64, currMinPhero 0.04, stagnancy 2.2%
[35m[MSG][0m itr   332, best 5597.7925, time 1519.52, currMinPhero 0.04, stagnancy 2.4%
[35m[MSG][0m itr   333, best 5597.7925, time 1524.42, currMinPhero 0.04, stagnancy 2.6%
[35m[MSG][0m itr   334, best 5597.7925, time 1529.34, currMinPhero 0.03, stagnancy 2.8%
[35m[MSG][0m itr   335, best 5597.7925, time 1533.56, currMinPhero 0.03, stagnancy 3.0%
[35m[MSG][0m itr   336, best 5597.7925, time 1537.88, currMinPhero 0.03, stagnancy 3.2%
[35m[MSG][0m itr   337, best 5597.7925, time 1542.19, currMinPhero 0.03, stagnancy 3.4%
[35m[MSG][0m itr   338, best 5597.7925, time 1546.41, currMinPhero 0.03, stagnancy 3.6%
[35m[MSG][0m itr   339, best 5597.7925, time 1550.60, currMinPhero 0.03, stagnancy 3.8%
[35m[MSG][0m itr   340, best 5597.5503, time 1555.39, currMinPhero 0.03, stagnancy 0.0%
[35m[MSG][0m itr   341, best 5597.5503, time 1560.14, currMinPhero 0.03, stagnancy 0.2%
[35m[MSG][0m itr   342, best 5597.5503, time 1564.92, currMinPhero 0.03, stagnancy 0.4%
[35m[MSG][0m itr   343, best 5597.5503, time 1569.67, currMinPhero 0.03, stagnancy 0.6%
[35m[MSG][0m itr   344, best 5597.5503, time 1574.76, currMinPhero 0.03, stagnancy 0.8%
[35m[MSG][0m itr   345, best 5597.5503, time 1580.19, currMinPhero 0.03, stagnancy 1.0%
[35m[MSG][0m itr   346, best 5597.5503, time 1585.61, currMinPhero 0.03, stagnancy 1.2%
[35m[MSG][0m itr   347, best 5597.5503, time 1591.03, currMinPhero 0.03, stagnancy 1.4%
[35m[MSG][0m itr   348, best 5597.5503, time 1596.45, currMinPhero 0.03, stagnancy 1.6%
[35m[MSG][0m itr   349, best 5597.5503, time 1601.70, currMinPhero 0.03, stagnancy 1.8%
[35m[MSG][0m itr   350, best 5596.6509, time 1606.47, currMinPhero 0.03, stagnancy 0.0%
[35m[MSG][0m itr   351, best 5596.6509, time 1611.24, currMinPhero 0.03, stagnancy 0.2%
[35m[MSG][0m itr   352, best 5596.6509, time 1616.01, currMinPhero 0.03, stagnancy 0.4%
[35m[MSG][0m itr   353, best 5596.6509, time 1620.38, currMinPhero 0.03, stagnancy 0.6%
[35m[MSG][0m itr   354, best 5596.6509, time 1624.74, currMinPhero 0.03, stagnancy 0.8%
[35m[MSG][0m itr   355, best 5596.6509, time 1629.15, currMinPhero 0.03, stagnancy 1.0%
[35m[MSG][0m itr   356, best 5596.6509, time 1633.49, currMinPhero 0.03, stagnancy 1.2%
[35m[MSG][0m itr   357, best 5596.6509, time 1637.99, currMinPhero 0.03, stagnancy 1.4%
[35m[MSG][0m itr   358, best 5596.6509, time 1642.95, currMinPhero 0.03, stagnancy 1.6%
[35m[MSG][0m itr   359, best 5596.6509, time 1647.79, currMinPhero 0.03, stagnancy 1.8%
[35m[MSG][0m itr   360, best 5596.3516, time 1652.65, currMinPhero 0.03, stagnancy 0.0%
[35m[MSG][0m itr   361, best 5596.3516, time 1657.53, currMinPhero 0.03, stagnancy 0.2%
[35m[MSG][0m itr   362, best 5593.7471, time 1662.39, currMinPhero 0.03, stagnancy 0.0%
[35m[MSG][0m itr   363, best 5593.7471, time 1667.29, currMinPhero 0.03, stagnancy 0.2%
[35m[MSG][0m itr   364, best 5593.7471, time 1672.01, currMinPhero 0.03, stagnancy 0.4%
[35m[MSG][0m itr   365, best 5593.7471, time 1676.85, currMinPhero 0.03, stagnancy 0.6%
[35m[MSG][0m itr   366, best 5593.7471, time 1681.69, currMinPhero 0.03, stagnancy 0.8%
[35m[MSG][0m itr   367, best 5593.7471, time 1686.59, currMinPhero 0.03, stagnancy 1.0%
[35m[MSG][0m itr   368, best 5593.7471, time 1691.45, currMinPhero 0.02, stagnancy 1.2%
[35m[MSG][0m itr   369, best 5593.7471, time 1696.34, currMinPhero 0.02, stagnancy 1.4%
[35m[MSG][0m itr   370, best 5593.7471, time 1700.68, currMinPhero 0.02, stagnancy 1.6%
[35m[MSG][0m itr   371, best 5593.7471, time 1705.00, currMinPhero 0.02, stagnancy 1.8%
[35m[MSG][0m itr   372, best 5593.7471, time 1709.33, currMinPhero 0.02, stagnancy 2.0%
[35m[MSG][0m itr   373, best 5593.7471, time 1713.45, currMinPhero 0.02, stagnancy 2.2%
[35m[MSG][0m itr   374, best 5593.7471, time 1717.77, currMinPhero 0.02, stagnancy 2.4%
[35m[MSG][0m itr   375, best 5591.7979, time 1722.10, currMinPhero 0.02, stagnancy 0.0%
[35m[MSG][0m itr   376, best 5591.7979, time 1726.50, currMinPhero 0.02, stagnancy 0.2%
[35m[MSG][0m itr   377, best 5591.1392, time 1730.90, currMinPhero 0.02, stagnancy 0.0%
[35m[MSG][0m itr   378, best 5591.1392, time 1735.74, currMinPhero 0.02, stagnancy 0.2%
[35m[MSG][0m itr   379, best 5591.1392, time 1740.74, currMinPhero 0.02, stagnancy 0.4%
[35m[MSG][0m Time: 1740.74 s
[35m[MSG][0m Best cost: 5591.14
