[35m[MSG][0m Log level set to LOG_DEBUG
[35m[MSG][0m Parsing input from file "res/fruitybun250_2016.vrp"
[35m[MSG][0m Number of nodes: 250
[35m[MSG][0m Running ACO search
[35m[MSG][0m ACO settings: 
 alpha:     8.000
 beta:      1.000
 pers:      0.850
 minPhero:  0.015
 nbhood:    10
 popSize:   512
 maxStag:   300
[35m[MSG][0m itr     1, best 5788.9077, time    1.3, minPhero 0.85(28922), stagnancy 0.0%
[35m[MSG][0m itr     2, best 5760.5264, time    2.5, minPhero 0.72(28922), stagnancy 0.0%
[35m[MSG][0m itr     3, best 5752.7549, time    3.7, minPhero 0.61(28922), stagnancy 0.0%
[35m[MSG][0m itr     4, best 5746.9541, time    5.0, minPhero 0.52(28922), stagnancy 0.0%
[35m[MSG][0m itr     5, best 5720.4180, time    6.3, minPhero 0.44(28922), stagnancy 0.0%
[35m[MSG][0m itr     6, best 5720.4180, time    7.5, minPhero 0.38(28922), stagnancy 0.3%
[35m[MSG][0m itr     7, best 5720.4180, time    8.8, minPhero 0.32(28922), stagnancy 0.7%
[35m[MSG][0m itr     8, best 5714.6196, time   10.1, minPhero 0.27(28922), stagnancy 0.0%
[35m[MSG][0m itr     9, best 5712.2480, time   11.4, minPhero 0.23(28922), stagnancy 0.0%
[35m[MSG][0m itr    10, best 5712.2480, time   12.7, minPhero 0.20(28922), stagnancy 0.3%
[35m[MSG][0m itr    11, best 5712.2480, time   13.9, minPhero 0.17(28922), stagnancy 0.7%
[35m[MSG][0m itr    12, best 5689.5317, time   15.2, minPhero 0.14(28922), stagnancy 0.0%
[35m[MSG][0m itr    13, best 5689.5317, time   16.5, minPhero 0.12(28922), stagnancy 0.3%
[35m[MSG][0m itr    14, best 5689.5317, time   17.7, minPhero 0.10(28922), stagnancy 0.7%
[35m[MSG][0m itr    15, best 5682.7412, time   19.0, minPhero 0.09(28922), stagnancy 0.0%
[35m[MSG][0m itr    16, best 5682.7412, time   20.4, minPhero 0.07(28922), stagnancy 0.3%
[35m[MSG][0m itr    17, best 5680.4062, time   21.7, minPhero 0.06(28922), stagnancy 0.0%
[35m[MSG][0m itr    18, best 5680.4062, time   23.0, minPhero 0.05(28922), stagnancy 0.3%
[35m[MSG][0m itr    19, best 5676.8564, time   24.3, minPhero 0.05(28922), stagnancy 0.0%
[35m[MSG][0m itr    20, best 5676.8564, time   25.6, minPhero 0.04(28922), stagnancy 0.3%
[35m[MSG][0m itr    21, best 5673.3813, time   27.0, minPhero 0.03(28922), stagnancy 0.0%
[35m[MSG][0m itr    22, best 5672.5684, time   28.3, minPhero 0.03(28922), stagnancy 0.0%
[35m[MSG][0m itr    23, best 5651.5972, time   29.6, minPhero 0.02(665), stagnancy 0.0%
[35m[MSG][0m itr    24, best 5651.5972, time   30.9, minPhero 0.02(613), stagnancy 0.3%
[35m[MSG][0m itr    25, best 5651.5972, time   32.2, minPhero 0.02(557), stagnancy 0.7%
[35m[MSG][0m itr    26, best 5651.5972, time   33.5, minPhero 0.01(530), stagnancy 1.0%
[35m[MSG][0m itr    27, best 5651.5972, time   35.3, minPhero 0.01(516), stagnancy 1.3%
[35m[MSG][0m itr    28, best 5644.4443, time   36.6, minPhero 0.01(508), stagnancy 0.0%
[35m[MSG][0m itr    29, best 5632.7583, time   37.9, minPhero 0.01(498), stagnancy 0.0%
[35m[MSG][0m itr    30, best 5632.7583, time   39.2, minPhero 0.01(495), stagnancy 0.3%
[35m[MSG][0m itr    31, best 5627.7886, time   40.6, minPhero 0.01(475), stagnancy 0.0%
[35m[MSG][0m itr    32, best 5627.7886, time   41.9, minPhero 0.01(475), stagnancy 0.3%
[35m[MSG][0m itr    33, best 5627.7886, time   43.2, minPhero 0.01(429), stagnancy 0.7%
[35m[MSG][0m itr    34, best 5617.5112, time   44.5, minPhero 0.01(412), stagnancy 0.0%
[35m[MSG][0m itr    35, best 5617.5112, time   45.8, minPhero 0.01(396), stagnancy 0.3%
[35m[MSG][0m itr    36, best 5617.5112, time   47.2, minPhero 0.01(378), stagnancy 0.7%
[35m[MSG][0m itr    37, best 5616.9141, time   48.5, minPhero 0.01(371), stagnancy 0.0%
[35m[MSG][0m itr    38, best 5616.3169, time   49.8, minPhero 0.01(364), stagnancy 0.0%
[35m[MSG][0m itr    39, best 5612.6025, time   51.1, minPhero 0.01(349), stagnancy 0.0%
[35m[MSG][0m itr    40, best 5602.5898, time   52.4, minPhero 0.01(343), stagnancy 0.0%
[35m[MSG][0m itr    41, best 5600.7310, time   53.7, minPhero 0.01(336), stagnancy 0.0%
[35m[MSG][0m itr    42, best 5599.8589, time   55.0, minPhero 0.01(328), stagnancy 0.0%
[35m[MSG][0m itr    43, best 5599.8589, time   56.4, minPhero 0.01(325), stagnancy 0.3%
[35m[MSG][0m itr    44, best 5596.8770, time   57.7, minPhero 0.01(321), stagnancy 0.0%
[35m[MSG][0m itr    45, best 5595.7847, time   59.0, minPhero 0.01(317), stagnancy 0.0%
[35m[MSG][0m itr    46, best 5594.4541, time   60.3, minPhero 0.01(316), stagnancy 0.0%
[35m[MSG][0m itr    47, best 5594.4541, time   61.6, minPhero 0.01(307), stagnancy 0.3%
[35m[MSG][0m itr    48, best 5590.4150, time   63.2, minPhero 0.01(307), stagnancy 0.0%
[35m[MSG][0m itr    49, best 5590.4150, time   64.5, minPhero 0.01(305), stagnancy 0.3%
[35m[MSG][0m itr    50, best 5587.3433, time   65.8, minPhero 0.01(301), stagnancy 0.0%
[35m[MSG][0m itr    51, best 5585.2529, time   67.3, minPhero 0.01(296), stagnancy 0.0%
[35m[MSG][0m itr    52, best 5583.3672, time   68.6, minPhero 0.01(296), stagnancy 0.0%
[35m[MSG][0m itr    53, best 5583.3672, time   69.9, minPhero 0.01(295), stagnancy 0.3%
[35m[MSG][0m itr    54, best 5583.3672, time   71.2, minPhero 0.01(289), stagnancy 0.7%
[35m[MSG][0m itr    55, best 5582.7378, time   72.5, minPhero 0.01(290), stagnancy 0.0%
[35m[MSG][0m itr    56, best 5580.6455, time   73.8, minPhero 0.01(286), stagnancy 0.0%
[35m[MSG][0m itr    57, best 5577.3604, time   75.0, minPhero 0.01(283), stagnancy 0.0%
[35m[MSG][0m itr    58, best 5577.3604, time   76.3, minPhero 0.01(280), stagnancy 0.3%
[35m[MSG][0m itr    59, best 5577.3604, time   77.5, minPhero 0.01(274), stagnancy 0.7%
[35m[MSG][0m Solution converged. Reinitialising pheromones...
[35m[MSG][0m itr    60, best 5577.3604, time   78.8, minPhero 0.85(28922), stagnancy 1.0%
[35m[MSG][0m itr    61, best 5577.3604, time   80.1, minPhero 0.72(28922), stagnancy 1.3%
[35m[MSG][0m itr    62, best 5577.3604, time   81.4, minPhero 0.61(28922), stagnancy 1.7%
[35m[MSG][0m itr    63, best 5577.3604, time   82.7, minPhero 0.52(28922), stagnancy 2.0%
[35m[MSG][0m itr    64, best 5577.3604, time   83.9, minPhero 0.44(28922), stagnancy 2.3%
[35m[MSG][0m itr    65, best 5577.3604, time   85.2, minPhero 0.38(28922), stagnancy 2.7%
[35m[MSG][0m itr    66, best 5577.3604, time   86.5, minPhero 0.32(28922), stagnancy 3.0%
[35m[MSG][0m itr    67, best 5577.3604, time   87.8, minPhero 0.27(28922), stagnancy 3.3%
[35m[MSG][0m itr    68, best 5577.3604, time   89.0, minPhero 0.23(28922), stagnancy 3.7%
[35m[MSG][0m itr    69, best 5577.3604, time   90.2, minPhero 0.20(28922), stagnancy 4.0%
[35m[MSG][0m itr    70, best 5577.3604, time   91.5, minPhero 0.17(28922), stagnancy 4.3%
[35m[MSG][0m itr    71, best 5577.3604, time   92.8, minPhero 0.14(28922), stagnancy 4.7%
[35m[MSG][0m itr    72, best 5577.3604, time   94.1, minPhero 0.12(28922), stagnancy 5.0%
[35m[MSG][0m itr    73, best 5577.3604, time   95.3, minPhero 0.10(28922), stagnancy 5.3%
[35m[MSG][0m itr    74, best 5577.3604, time   96.6, minPhero 0.09(28922), stagnancy 5.7%
[35m[MSG][0m itr    75, best 5577.3604, time   97.9, minPhero 0.07(28922), stagnancy 6.0%
[35m[MSG][0m itr    76, best 5577.3604, time   99.2, minPhero 0.06(28922), stagnancy 6.3%
[35m[MSG][0m itr    77, best 5577.3604, time  100.4, minPhero 0.05(28922), stagnancy 6.7%
[35m[MSG][0m itr    78, best 5577.3604, time  101.7, minPhero 0.05(28922), stagnancy 7.0%
[35m[MSG][0m itr    79, best 5575.4453, time  103.0, minPhero 0.04(28922), stagnancy 0.0%
[35m[MSG][0m itr    80, best 5575.4453, time  104.3, minPhero 0.03(28922), stagnancy 0.3%
[35m[MSG][0m itr    81, best 5575.4453, time  105.6, minPhero 0.03(28922), stagnancy 0.7%
[35m[MSG][0m itr    82, best 5575.4453, time  106.9, minPhero 0.02(234), stagnancy 1.0%
[35m[MSG][0m itr    83, best 5575.4453, time  108.2, minPhero 0.02(234), stagnancy 1.3%
[35m[MSG][0m itr    84, best 5575.4150, time  109.4, minPhero 0.02(236), stagnancy 0.0%
[35m[MSG][0m itr    85, best 5575.0225, time  110.7, minPhero 0.01(238), stagnancy 0.0%
[35m[MSG][0m itr    86, best 5574.7275, time  111.9, minPhero 0.01(238), stagnancy 0.0%
[35m[MSG][0m itr    87, best 5574.7275, time  113.2, minPhero 0.01(238), stagnancy 0.3%
[35m[MSG][0m itr    88, best 5574.7275, time  114.4, minPhero 0.01(238), stagnancy 0.7%
[35m[MSG][0m itr    89, best 5573.9502, time  115.6, minPhero 0.01(245), stagnancy 0.0%
[35m[MSG][0m itr    90, best 5573.9502, time  116.9, minPhero 0.01(245), stagnancy 0.3%
[35m[MSG][0m itr    91, best 5573.2739, time  118.1, minPhero 0.01(246), stagnancy 0.0%
[35m[MSG][0m itr    92, best 5573.2739, time  119.3, minPhero 0.01(246), stagnancy 0.3%
[35m[MSG][0m itr    93, best 5573.2739, time  120.6, minPhero 0.01(246), stagnancy 0.7%
[35m[MSG][0m itr    94, best 5573.2739, time  121.8, minPhero 0.01(246), stagnancy 1.0%
[35m[MSG][0m itr    95, best 5573.2739, time  123.1, minPhero 0.01(246), stagnancy 1.3%
[35m[MSG][0m itr    96, best 5573.2739, time  124.4, minPhero 0.01(245), stagnancy 1.7%
[35m[MSG][0m itr    97, best 5573.2739, time  125.6, minPhero 0.01(245), stagnancy 2.0%
[35m[MSG][0m itr    98, best 5573.2739, time  126.9, minPhero 0.01(245), stagnancy 2.3%
[35m[MSG][0m itr    99, best 5573.2739, time  128.1, minPhero 0.01(245), stagnancy 2.7%
[35m[MSG][0m itr   100, best 5573.2739, time  129.4, minPhero 0.01(245), stagnancy 3.0%
[35m[MSG][0m itr   101, best 5573.2739, time  130.6, minPhero 0.01(243), stagnancy 3.3%
[35m[MSG][0m itr   102, best 5573.2739, time  131.9, minPhero 0.01(243), stagnancy 3.7%
[35m[MSG][0m itr   103, best 5573.2739, time  133.1, minPhero 0.01(243), stagnancy 4.0%
[35m[MSG][0m itr   104, best 5573.2739, time  134.4, minPhero 0.01(243), stagnancy 4.3%
[35m[MSG][0m itr   105, best 5573.2739, time  135.6, minPhero 0.01(243), stagnancy 4.7%
[35m[MSG][0m itr   106, best 5573.2739, time  136.8, minPhero 0.01(242), stagnancy 5.0%
[35m[MSG][0m itr   107, best 5573.2739, time  138.1, minPhero 0.01(239), stagnancy 5.3%
[35m[MSG][0m itr   108, best 5573.2739, time  139.4, minPhero 0.01(239), stagnancy 5.7%
[35m[MSG][0m itr   109, best 5573.2739, time  140.6, minPhero 0.01(239), stagnancy 6.0%
[35m[MSG][0m itr   110, best 5573.2739, time  141.9, minPhero 0.01(239), stagnancy 6.3%
[35m[MSG][0m itr   111, best 5573.2739, time  143.2, minPhero 0.01(232), stagnancy 6.7%
[35m[MSG][0m itr   112, best 5573.2739, time  144.4, minPhero 0.01(232), stagnancy 7.0%
[35m[MSG][0m itr   113, best 5573.2739, time  145.7, minPhero 0.01(232), stagnancy 7.3%
[35m[MSG][0m itr   114, best 5573.2739, time  147.0, minPhero 0.01(232), stagnancy 7.7%
[35m[MSG][0m itr   115, best 5573.2739, time  148.2, minPhero 0.01(232), stagnancy 8.0%
[35m[MSG][0m itr   116, best 5573.2739, time  149.5, minPhero 0.01(232), stagnancy 8.3%
[35m[MSG][0m itr   117, best 5573.2739, time  150.8, minPhero 0.01(232), stagnancy 8.7%
[35m[MSG][0m itr   118, best 5573.2739, time  152.0, minPhero 0.01(232), stagnancy 9.0%
[35m[MSG][0m itr   119, best 5573.2739, time  153.3, minPhero 0.01(232), stagnancy 9.3%
[35m[MSG][0m itr   120, best 5573.2739, time  154.6, minPhero 0.01(232), stagnancy 9.7%
[35m[MSG][0m itr   121, best 5573.2739, time  155.8, minPhero 0.01(232), stagnancy 10.0%
[35m[MSG][0m itr   122, best 5573.2739, time  157.1, minPhero 0.01(232), stagnancy 10.3%
[35m[MSG][0m itr   123, best 5573.2739, time  158.3, minPhero 0.01(232), stagnancy 10.7%
[35m[MSG][0m itr   124, best 5573.2739, time  159.6, minPhero 0.01(232), stagnancy 11.0%
[35m[MSG][0m itr   125, best 5573.2739, time  160.8, minPhero 0.01(232), stagnancy 11.3%
[35m[MSG][0m itr   126, best 5573.2739, time  162.1, minPhero 0.01(232), stagnancy 11.7%
[35m[MSG][0m itr   127, best 5573.2739, time  163.4, minPhero 0.01(232), stagnancy 12.0%
[35m[MSG][0m itr   128, best 5573.2739, time  164.6, minPhero 0.01(232), stagnancy 12.3%
[35m[MSG][0m itr   129, best 5573.2739, time  165.9, minPhero 0.01(232), stagnancy 12.7%
[35m[MSG][0m itr   130, best 5573.2739, time  167.1, minPhero 0.01(232), stagnancy 13.0%
[35m[MSG][0m itr   131, best 5573.2739, time  168.4, minPhero 0.01(232), stagnancy 13.3%
[35m[MSG][0m itr   132, best 5573.2739, time  169.7, minPhero 0.01(232), stagnancy 13.7%
[35m[MSG][0m itr   133, best 5573.2739, time  170.9, minPhero 0.01(232), stagnancy 14.0%
[35m[MSG][0m itr   134, best 5573.2739, time  172.2, minPhero 0.01(232), stagnancy 14.3%
[35m[MSG][0m itr   135, best 5573.2739, time  173.5, minPhero 0.01(232), stagnancy 14.7%
[35m[MSG][0m itr   136, best 5573.2739, time  174.8, minPhero 0.01(232), stagnancy 15.0%
[35m[MSG][0m itr   137, best 5573.2739, time  176.0, minPhero 0.01(232), stagnancy 15.3%
[35m[MSG][0m itr   138, best 5573.2739, time  177.3, minPhero 0.01(232), stagnancy 15.7%
[35m[MSG][0m itr   139, best 5573.2739, time  178.6, minPhero 0.01(232), stagnancy 16.0%
[35m[MSG][0m itr   140, best 5573.2739, time  179.8, minPhero 0.01(232), stagnancy 16.3%
[35m[MSG][0m itr   141, best 5573.2739, time  181.1, minPhero 0.01(232), stagnancy 16.7%
[35m[MSG][0m itr   142, best 5573.2739, time  182.4, minPhero 0.01(232), stagnancy 17.0%
[35m[MSG][0m itr   143, best 5573.2739, time  183.7, minPhero 0.01(232), stagnancy 17.3%
[35m[MSG][0m itr   144, best 5573.2739, time  185.0, minPhero 0.01(232), stagnancy 17.7%
[35m[MSG][0m itr   145, best 5573.2739, time  186.2, minPhero 0.01(232), stagnancy 18.0%
[35m[MSG][0m itr   146, best 5573.2739, time  187.5, minPhero 0.01(232), stagnancy 18.3%
[35m[MSG][0m itr   147, best 5573.2739, time  188.7, minPhero 0.01(232), stagnancy 18.7%
[35m[MSG][0m itr   148, best 5573.2739, time  190.0, minPhero 0.01(232), stagnancy 19.0%
[35m[MSG][0m itr   149, best 5573.2739, time  191.2, minPhero 0.01(232), stagnancy 19.3%
[35m[MSG][0m itr   150, best 5573.2739, time  192.5, minPhero 0.01(232), stagnancy 19.7%
[35m[MSG][0m itr   151, best 5573.2739, time  193.7, minPhero 0.01(232), stagnancy 20.0%
[35m[MSG][0m itr   152, best 5573.2739, time  194.9, minPhero 0.01(232), stagnancy 20.3%
[35m[MSG][0m itr   153, best 5573.2739, time  196.2, minPhero 0.01(232), stagnancy 20.7%
[35m[MSG][0m itr   154, best 5573.2739, time  197.5, minPhero 0.01(232), stagnancy 21.0%
[35m[MSG][0m itr   155, best 5573.2739, time  198.8, minPhero 0.01(232), stagnancy 21.3%
[35m[MSG][0m itr   156, best 5573.2739, time  200.1, minPhero 0.01(232), stagnancy 21.7%
[35m[MSG][0m itr   157, best 5573.2739, time  201.3, minPhero 0.01(232), stagnancy 22.0%
[35m[MSG][0m itr   158, best 5573.2739, time  202.6, minPhero 0.01(232), stagnancy 22.3%
[35m[MSG][0m itr   159, best 5573.2739, time  203.9, minPhero 0.01(232), stagnancy 22.7%
[35m[MSG][0m itr   160, best 5573.2739, time  205.1, minPhero 0.01(232), stagnancy 23.0%
[35m[MSG][0m itr   161, best 5573.2739, time  206.4, minPhero 0.01(232), stagnancy 23.3%
[35m[MSG][0m itr   162, best 5573.2739, time  207.7, minPhero 0.01(232), stagnancy 23.7%
[35m[MSG][0m itr   163, best 5573.2739, time  209.0, minPhero 0.01(232), stagnancy 24.0%
[35m[MSG][0m itr   164, best 5573.2739, time  210.2, minPhero 0.01(232), stagnancy 24.3%
[35m[MSG][0m itr   165, best 5573.2739, time  211.5, minPhero 0.01(232), stagnancy 24.7%
[35m[MSG][0m itr   166, best 5573.2739, time  212.8, minPhero 0.01(232), stagnancy 25.0%
[35m[MSG][0m itr   167, best 5573.2739, time  214.0, minPhero 0.01(232), stagnancy 25.3%
[35m[MSG][0m itr   168, best 5573.2739, time  215.3, minPhero 0.01(232), stagnancy 25.7%
[35m[MSG][0m itr   169, best 5573.2739, time  216.6, minPhero 0.01(232), stagnancy 26.0%
[35m[MSG][0m itr   170, best 5573.2739, time  217.8, minPhero 0.01(232), stagnancy 26.3%
[35m[MSG][0m itr   171, best 5573.2739, time  219.1, minPhero 0.01(232), stagnancy 26.7%
[35m[MSG][0m itr   172, best 5573.2739, time  220.4, minPhero 0.01(232), stagnancy 27.0%
[35m[MSG][0m itr   173, best 5573.2739, time  221.6, minPhero 0.01(232), stagnancy 27.3%
[35m[MSG][0m itr   174, best 5573.2739, time  222.8, minPhero 0.01(232), stagnancy 27.7%
[35m[MSG][0m itr   175, best 5573.2739, time  224.1, minPhero 0.01(232), stagnancy 28.0%
[35m[MSG][0m itr   176, best 5573.2739, time  225.4, minPhero 0.01(232), stagnancy 28.3%
[35m[MSG][0m itr   177, best 5573.2739, time  226.7, minPhero 0.01(232), stagnancy 28.7%
[35m[MSG][0m itr   178, best 5573.2739, time  228.0, minPhero 0.01(232), stagnancy 29.0%
[35m[MSG][0m itr   179, best 5573.2739, time  229.2, minPhero 0.01(232), stagnancy 29.3%
[35m[MSG][0m itr   180, best 5573.2739, time  230.5, minPhero 0.01(232), stagnancy 29.7%
[35m[MSG][0m itr   181, best 5573.2739, time  231.7, minPhero 0.01(232), stagnancy 30.0%
[35m[MSG][0m itr   182, best 5573.2739, time  233.0, minPhero 0.01(232), stagnancy 30.3%
[35m[MSG][0m itr   183, best 5573.2739, time  234.3, minPhero 0.01(232), stagnancy 30.7%
[35m[MSG][0m itr   184, best 5573.2739, time  235.6, minPhero 0.01(232), stagnancy 31.0%
[35m[MSG][0m itr   185, best 5573.2739, time  236.9, minPhero 0.01(232), stagnancy 31.3%
[35m[MSG][0m itr   186, best 5573.2739, time  238.2, minPhero 0.01(232), stagnancy 31.7%
[35m[MSG][0m itr   187, best 5573.2739, time  239.5, minPhero 0.01(232), stagnancy 32.0%
[35m[MSG][0m itr   188, best 5573.2739, time  240.9, minPhero 0.01(232), stagnancy 32.3%
[35m[MSG][0m itr   189, best 5573.2739, time  242.2, minPhero 0.01(232), stagnancy 32.7%
[35m[MSG][0m itr   190, best 5573.2739, time  243.5, minPhero 0.01(232), stagnancy 33.0%
[35m[MSG][0m itr   191, best 5573.2739, time  244.7, minPhero 0.01(232), stagnancy 33.3%
[35m[MSG][0m itr   192, best 5573.2739, time  246.0, minPhero 0.01(232), stagnancy 33.7%
[35m[MSG][0m itr   193, best 5573.2739, time  247.3, minPhero 0.01(232), stagnancy 34.0%
[35m[MSG][0m itr   194, best 5573.2739, time  248.6, minPhero 0.01(232), stagnancy 34.3%
[35m[MSG][0m itr   195, best 5573.2739, time  249.9, minPhero 0.01(232), stagnancy 34.7%
[35m[MSG][0m itr   196, best 5573.2739, time  251.2, minPhero 0.01(232), stagnancy 35.0%
[35m[MSG][0m itr   197, best 5573.2739, time  252.5, minPhero 0.01(232), stagnancy 35.3%
[35m[MSG][0m itr   198, best 5573.2739, time  253.8, minPhero 0.01(232), stagnancy 35.7%
[35m[MSG][0m itr   199, best 5573.2739, time  255.0, minPhero 0.01(232), stagnancy 36.0%
[35m[MSG][0m itr   200, best 5573.2739, time  256.2, minPhero 0.01(232), stagnancy 36.3%
[35m[MSG][0m itr   201, best 5573.2739, time  257.4, minPhero 0.01(232), stagnancy 36.7%
[35m[MSG][0m itr   202, best 5573.2739, time  258.7, minPhero 0.01(232), stagnancy 37.0%
[35m[MSG][0m itr   203, best 5573.2739, time  260.0, minPhero 0.01(232), stagnancy 37.3%
[35m[MSG][0m itr   204, best 5573.2739, time  261.2, minPhero 0.01(232), stagnancy 37.7%
[35m[MSG][0m itr   205, best 5573.2739, time  262.4, minPhero 0.01(232), stagnancy 38.0%
[35m[MSG][0m itr   206, best 5573.2739, time  263.7, minPhero 0.01(232), stagnancy 38.3%
[35m[MSG][0m itr   207, best 5573.2739, time  265.0, minPhero 0.01(232), stagnancy 38.7%
[35m[MSG][0m itr   208, best 5573.2739, time  266.2, minPhero 0.01(232), stagnancy 39.0%
[35m[MSG][0m itr   209, best 5573.2739, time  267.5, minPhero 0.01(232), stagnancy 39.3%
[35m[MSG][0m itr   210, best 5573.2739, time  268.7, minPhero 0.01(232), stagnancy 39.7%
[35m[MSG][0m itr   211, best 5573.2739, time  270.0, minPhero 0.01(232), stagnancy 40.0%
[35m[MSG][0m itr   212, best 5573.2739, time  271.3, minPhero 0.01(232), stagnancy 40.3%
[35m[MSG][0m itr   213, best 5573.2739, time  272.5, minPhero 0.01(232), stagnancy 40.7%
[35m[MSG][0m itr   214, best 5573.2739, time  273.7, minPhero 0.01(232), stagnancy 41.0%
[35m[MSG][0m itr   215, best 5573.2739, time  274.9, minPhero 0.01(232), stagnancy 41.3%
[35m[MSG][0m itr   216, best 5573.2739, time  276.2, minPhero 0.01(232), stagnancy 41.7%
[35m[MSG][0m itr   217, best 5573.2739, time  277.5, minPhero 0.01(232), stagnancy 42.0%
[35m[MSG][0m itr   218, best 5573.2739, time  278.7, minPhero 0.01(232), stagnancy 42.3%
[35m[MSG][0m itr   219, best 5573.2739, time  280.0, minPhero 0.01(232), stagnancy 42.7%
[35m[MSG][0m itr   220, best 5573.2739, time  281.2, minPhero 0.01(232), stagnancy 43.0%
[35m[MSG][0m itr   221, best 5573.2739, time  282.5, minPhero 0.01(232), stagnancy 43.3%
[35m[MSG][0m itr   222, best 5573.2739, time  283.8, minPhero 0.01(232), stagnancy 43.7%
[35m[MSG][0m itr   223, best 5573.2739, time  285.0, minPhero 0.01(232), stagnancy 44.0%
[35m[MSG][0m itr   224, best 5573.2739, time  286.3, minPhero 0.01(232), stagnancy 44.3%
[35m[MSG][0m itr   225, best 5573.2739, time  287.5, minPhero 0.01(232), stagnancy 44.7%
[35m[MSG][0m itr   226, best 5573.2739, time  288.8, minPhero 0.01(232), stagnancy 45.0%
[35m[MSG][0m itr   227, best 5573.2739, time  290.1, minPhero 0.01(232), stagnancy 45.3%
[35m[MSG][0m itr   228, best 5573.2739, time  291.3, minPhero 0.01(232), stagnancy 45.7%
[35m[MSG][0m itr   229, best 5573.2739, time  292.6, minPhero 0.01(232), stagnancy 46.0%
[35m[MSG][0m itr   230, best 5573.2739, time  293.9, minPhero 0.01(232), stagnancy 46.3%
[35m[MSG][0m itr   231, best 5573.2739, time  295.0, minPhero 0.01(232), stagnancy 46.7%
[35m[MSG][0m itr   232, best 5573.2739, time  296.3, minPhero 0.01(232), stagnancy 47.0%
[35m[MSG][0m itr   233, best 5573.2739, time  297.6, minPhero 0.01(232), stagnancy 47.3%
[35m[MSG][0m itr   234, best 5573.2739, time  298.9, minPhero 0.01(232), stagnancy 47.7%
[35m[MSG][0m itr   235, best 5573.2739, time  300.1, minPhero 0.01(232), stagnancy 48.0%
[35m[MSG][0m itr   236, best 5573.2739, time  301.4, minPhero 0.01(232), stagnancy 48.3%
[35m[MSG][0m itr   237, best 5573.2739, time  302.6, minPhero 0.01(232), stagnancy 48.7%
[35m[MSG][0m itr   238, best 5573.2739, time  303.9, minPhero 0.01(232), stagnancy 49.0%
[35m[MSG][0m itr   239, best 5573.2739, time  305.2, minPhero 0.01(232), stagnancy 49.3%
[35m[MSG][0m itr   240, best 5573.2739, time  306.4, minPhero 0.01(232), stagnancy 49.7%
[35m[MSG][0m itr   241, best 5573.2739, time  307.7, minPhero 0.01(232), stagnancy 50.0%
[35m[MSG][0m itr   242, best 5573.2739, time  309.0, minPhero 0.01(232), stagnancy 50.3%
[35m[MSG][0m itr   243, best 5573.2739, time  310.3, minPhero 0.01(232), stagnancy 50.7%
[35m[MSG][0m itr   244, best 5573.2739, time  311.5, minPhero 0.01(232), stagnancy 51.0%
[35m[MSG][0m itr   245, best 5573.2739, time  312.8, minPhero 0.01(232), stagnancy 51.3%
[35m[MSG][0m itr   246, best 5573.2739, time  314.1, minPhero 0.01(232), stagnancy 51.7%
[35m[MSG][0m itr   247, best 5573.2739, time  315.3, minPhero 0.01(232), stagnancy 52.0%
[35m[MSG][0m itr   248, best 5573.2739, time  316.6, minPhero 0.01(232), stagnancy 52.3%
[35m[MSG][0m itr   249, best 5573.2739, time  317.8, minPhero 0.01(232), stagnancy 52.7%
[35m[MSG][0m itr   250, best 5573.2739, time  319.1, minPhero 0.01(232), stagnancy 53.0%
[35m[MSG][0m itr   251, best 5573.2739, time  320.3, minPhero 0.01(232), stagnancy 53.3%
[35m[MSG][0m itr   252, best 5573.2739, time  321.5, minPhero 0.01(232), stagnancy 53.7%
[35m[MSG][0m itr   253, best 5573.2739, time  322.8, minPhero 0.01(232), stagnancy 54.0%
[35m[MSG][0m itr   254, best 5573.2739, time  324.0, minPhero 0.01(232), stagnancy 54.3%
[35m[MSG][0m itr   255, best 5573.2739, time  325.3, minPhero 0.01(232), stagnancy 54.7%
[35m[MSG][0m itr   256, best 5573.2739, time  326.6, minPhero 0.01(232), stagnancy 55.0%
[35m[MSG][0m itr   257, best 5573.2739, time  327.8, minPhero 0.01(232), stagnancy 55.3%
[35m[MSG][0m itr   258, best 5573.2739, time  329.1, minPhero 0.01(232), stagnancy 55.7%
[35m[MSG][0m itr   259, best 5573.2739, time  330.4, minPhero 0.01(232), stagnancy 56.0%
[35m[MSG][0m itr   260, best 5573.2739, time  331.7, minPhero 0.01(232), stagnancy 56.3%
[35m[MSG][0m itr   261, best 5573.2739, time  332.9, minPhero 0.01(232), stagnancy 56.7%
[35m[MSG][0m itr   262, best 5573.2739, time  334.2, minPhero 0.01(232), stagnancy 57.0%
[35m[MSG][0m itr   263, best 5573.2739, time  335.5, minPhero 0.01(232), stagnancy 57.3%
[35m[MSG][0m itr   264, best 5573.2739, time  336.7, minPhero 0.01(232), stagnancy 57.7%
[35m[MSG][0m itr   265, best 5573.2739, time  338.0, minPhero 0.01(232), stagnancy 58.0%
[35m[MSG][0m itr   266, best 5573.2739, time  339.2, minPhero 0.01(232), stagnancy 58.3%
[35m[MSG][0m itr   267, best 5573.2739, time  340.5, minPhero 0.01(232), stagnancy 58.7%
[35m[MSG][0m itr   268, best 5573.2739, time  341.8, minPhero 0.01(232), stagnancy 59.0%
[35m[MSG][0m itr   269, best 5573.2739, time  343.0, minPhero 0.01(232), stagnancy 59.3%
[35m[MSG][0m itr   270, best 5573.2739, time  344.3, minPhero 0.01(232), stagnancy 59.7%
[35m[MSG][0m itr   271, best 5573.2739, time  345.6, minPhero 0.01(232), stagnancy 60.0%
[35m[MSG][0m itr   272, best 5573.2739, time  346.9, minPhero 0.01(232), stagnancy 60.3%
[35m[MSG][0m itr   273, best 5573.2739, time  348.1, minPhero 0.01(232), stagnancy 60.7%
[35m[MSG][0m itr   274, best 5573.2739, time  349.3, minPhero 0.01(232), stagnancy 61.0%
[35m[MSG][0m itr   275, best 5573.2739, time  350.6, minPhero 0.01(232), stagnancy 61.3%
[35m[MSG][0m itr   276, best 5573.2739, time  351.9, minPhero 0.01(232), stagnancy 61.7%
[35m[MSG][0m itr   277, best 5573.2739, time  353.2, minPhero 0.01(232), stagnancy 62.0%
[35m[MSG][0m itr   278, best 5573.2739, time  354.4, minPhero 0.01(232), stagnancy 62.3%
[35m[MSG][0m itr   279, best 5573.2739, time  355.7, minPhero 0.01(232), stagnancy 62.7%
[35m[MSG][0m itr   280, best 5573.2739, time  357.0, minPhero 0.01(232), stagnancy 63.0%
[35m[MSG][0m itr   281, best 5573.2739, time  358.2, minPhero 0.01(232), stagnancy 63.3%
[35m[MSG][0m itr   282, best 5573.2739, time  359.5, minPhero 0.01(232), stagnancy 63.7%
[35m[MSG][0m itr   283, best 5573.2739, time  360.7, minPhero 0.01(232), stagnancy 64.0%
[35m[MSG][0m itr   284, best 5573.2739, time  362.0, minPhero 0.01(232), stagnancy 64.3%
[35m[MSG][0m itr   285, best 5573.2739, time  363.2, minPhero 0.01(232), stagnancy 64.7%
[35m[MSG][0m itr   286, best 5573.2739, time  364.5, minPhero 0.01(232), stagnancy 65.0%
[35m[MSG][0m itr   287, best 5573.2739, time  365.8, minPhero 0.01(232), stagnancy 65.3%
[35m[MSG][0m itr   288, best 5573.2739, time  367.0, minPhero 0.01(232), stagnancy 65.7%
[35m[MSG][0m itr   289, best 5573.2739, time  368.3, minPhero 0.01(232), stagnancy 66.0%
[35m[MSG][0m itr   290, best 5573.2739, time  369.6, minPhero 0.01(232), stagnancy 66.3%
[35m[MSG][0m itr   291, best 5573.2739, time  370.8, minPhero 0.01(232), stagnancy 66.7%
[35m[MSG][0m itr   292, best 5573.2739, time  372.1, minPhero 0.01(232), stagnancy 67.0%
[35m[MSG][0m itr   293, best 5573.2739, time  373.4, minPhero 0.01(232), stagnancy 67.3%
[35m[MSG][0m itr   294, best 5573.2739, time  374.6, minPhero 0.01(232), stagnancy 67.7%
[35m[MSG][0m itr   295, best 5573.2739, time  375.9, minPhero 0.01(232), stagnancy 68.0%
[35m[MSG][0m itr   296, best 5573.2739, time  377.2, minPhero 0.01(232), stagnancy 68.3%
[35m[MSG][0m itr   297, best 5573.2739, time  378.5, minPhero 0.01(232), stagnancy 68.7%
[35m[MSG][0m itr   298, best 5573.2739, time  379.8, minPhero 0.01(232), stagnancy 69.0%
[35m[MSG][0m itr   299, best 5573.2739, time  381.3, minPhero 0.01(232), stagnancy 69.3%
[35m[MSG][0m itr   300, best 5573.2739, time  382.6, minPhero 0.01(232), stagnancy 69.7%
[35m[MSG][0m itr   301, best 5573.2739, time  383.9, minPhero 0.01(232), stagnancy 70.0%
[35m[MSG][0m itr   302, best 5573.2739, time  385.2, minPhero 0.01(232), stagnancy 70.3%
[35m[MSG][0m itr   303, best 5573.2739, time  386.5, minPhero 0.01(232), stagnancy 70.7%
[35m[MSG][0m itr   304, best 5573.2739, time  387.8, minPhero 0.01(232), stagnancy 71.0%
[35m[MSG][0m itr   305, best 5573.2739, time  389.1, minPhero 0.01(232), stagnancy 71.3%
[35m[MSG][0m itr   306, best 5573.2739, time  390.4, minPhero 0.01(232), stagnancy 71.7%
[35m[MSG][0m itr   307, best 5573.2739, time  391.7, minPhero 0.01(232), stagnancy 72.0%
[35m[MSG][0m itr   308, best 5573.2739, time  393.0, minPhero 0.01(232), stagnancy 72.3%
[35m[MSG][0m itr   309, best 5573.2739, time  394.3, minPhero 0.01(232), stagnancy 72.7%
[35m[MSG][0m itr   310, best 5573.2739, time  395.6, minPhero 0.01(232), stagnancy 73.0%
[35m[MSG][0m itr   311, best 5573.2739, time  396.8, minPhero 0.01(232), stagnancy 73.3%
[35m[MSG][0m itr   312, best 5573.2739, time  398.1, minPhero 0.01(232), stagnancy 73.7%
[35m[MSG][0m itr   313, best 5573.2739, time  399.5, minPhero 0.01(232), stagnancy 74.0%
[35m[MSG][0m itr   314, best 5573.2739, time  400.7, minPhero 0.01(232), stagnancy 74.3%
[35m[MSG][0m itr   315, best 5573.2739, time  402.0, minPhero 0.01(232), stagnancy 74.7%
[35m[MSG][0m itr   316, best 5573.2739, time  403.3, minPhero 0.01(232), stagnancy 75.0%
[35m[MSG][0m itr   317, best 5573.2739, time  404.6, minPhero 0.01(232), stagnancy 75.3%
[35m[MSG][0m itr   318, best 5573.2739, time  405.9, minPhero 0.01(232), stagnancy 75.7%
[35m[MSG][0m itr   319, best 5573.2739, time  407.2, minPhero 0.01(232), stagnancy 76.0%
[35m[MSG][0m itr   320, best 5573.2739, time  408.5, minPhero 0.01(232), stagnancy 76.3%
[35m[MSG][0m itr   321, best 5573.2739, time  410.1, minPhero 0.01(232), stagnancy 76.7%
[35m[MSG][0m itr   322, best 5573.2739, time  411.4, minPhero 0.01(232), stagnancy 77.0%
[35m[MSG][0m itr   323, best 5573.2739, time  412.7, minPhero 0.01(232), stagnancy 77.3%
[35m[MSG][0m itr   324, best 5573.2739, time  414.0, minPhero 0.01(232), stagnancy 77.7%
[35m[MSG][0m itr   325, best 5573.2739, time  415.3, minPhero 0.01(232), stagnancy 78.0%
[35m[MSG][0m itr   326, best 5573.2739, time  416.6, minPhero 0.01(232), stagnancy 78.3%
[35m[MSG][0m itr   327, best 5573.2739, time  417.9, minPhero 0.01(232), stagnancy 78.7%
[35m[MSG][0m itr   328, best 5573.2739, time  419.1, minPhero 0.01(232), stagnancy 79.0%
[35m[MSG][0m itr   329, best 5573.2739, time  420.4, minPhero 0.01(232), stagnancy 79.3%
[35m[MSG][0m itr   330, best 5573.2739, time  421.7, minPhero 0.01(232), stagnancy 79.7%
[35m[MSG][0m itr   331, best 5573.2739, time  423.0, minPhero 0.01(232), stagnancy 80.0%
[35m[MSG][0m itr   332, best 5573.2739, time  424.3, minPhero 0.01(232), stagnancy 80.3%
[35m[MSG][0m itr   333, best 5573.2739, time  425.8, minPhero 0.01(232), stagnancy 80.7%
[35m[MSG][0m itr   334, best 5573.2739, time  427.1, minPhero 0.01(232), stagnancy 81.0%
[35m[MSG][0m itr   335, best 5573.2739, time  428.4, minPhero 0.01(232), stagnancy 81.3%
[35m[MSG][0m itr   336, best 5573.2739, time  429.7, minPhero 0.01(232), stagnancy 81.7%
[35m[MSG][0m itr   337, best 5573.2739, time  431.1, minPhero 0.01(232), stagnancy 82.0%
[35m[MSG][0m itr   338, best 5573.2739, time  432.5, minPhero 0.01(232), stagnancy 82.3%
[35m[MSG][0m itr   339, best 5573.2739, time  433.9, minPhero 0.01(232), stagnancy 82.7%
[35m[MSG][0m itr   340, best 5573.2739, time  435.4, minPhero 0.01(232), stagnancy 83.0%
[35m[MSG][0m itr   341, best 5573.2739, time  436.8, minPhero 0.01(232), stagnancy 83.3%
[35m[MSG][0m itr   342, best 5573.2739, time  438.3, minPhero 0.01(232), stagnancy 83.7%
[35m[MSG][0m itr   343, best 5573.2739, time  439.8, minPhero 0.01(232), stagnancy 84.0%
[35m[MSG][0m itr   344, best 5573.2739, time  441.7, minPhero 0.01(232), stagnancy 84.3%
[35m[MSG][0m itr   345, best 5573.2739, time  443.2, minPhero 0.01(232), stagnancy 84.7%
[35m[MSG][0m itr   346, best 5573.2739, time  444.7, minPhero 0.01(232), stagnancy 85.0%
[35m[MSG][0m itr   347, best 5573.2739, time  446.1, minPhero 0.01(232), stagnancy 85.3%
[35m[MSG][0m itr   348, best 5573.2739, time  447.6, minPhero 0.01(232), stagnancy 85.7%
[35m[MSG][0m itr   349, best 5573.2739, time  449.4, minPhero 0.01(232), stagnancy 86.0%
[35m[MSG][0m itr   350, best 5573.2739, time  450.8, minPhero 0.01(232), stagnancy 86.3%
[35m[MSG][0m itr   351, best 5573.2739, time  452.2, minPhero 0.01(232), stagnancy 86.7%
[35m[MSG][0m itr   352, best 5573.2739, time  453.5, minPhero 0.01(232), stagnancy 87.0%
[35m[MSG][0m itr   353, best 5573.2739, time  454.8, minPhero 0.01(232), stagnancy 87.3%
[35m[MSG][0m itr   354, best 5573.2739, time  456.1, minPhero 0.01(232), stagnancy 87.7%
[35m[MSG][0m itr   355, best 5573.2739, time  457.4, minPhero 0.01(232), stagnancy 88.0%
[35m[MSG][0m itr   356, best 5573.2739, time  458.7, minPhero 0.01(232), stagnancy 88.3%
[35m[MSG][0m itr   357, best 5573.2739, time  460.0, minPhero 0.01(232), stagnancy 88.7%
[35m[MSG][0m itr   358, best 5573.2739, time  461.3, minPhero 0.01(232), stagnancy 89.0%
[35m[MSG][0m itr   359, best 5573.2739, time  462.8, minPhero 0.01(232), stagnancy 89.3%
[35m[MSG][0m itr   360, best 5573.2739, time  464.1, minPhero 0.01(232), stagnancy 89.7%
[35m[MSG][0m itr   361, best 5573.2739, time  465.4, minPhero 0.01(232), stagnancy 90.0%
[35m[MSG][0m itr   362, best 5573.2739, time  466.7, minPhero 0.01(232), stagnancy 90.3%
[35m[MSG][0m itr   363, best 5573.2739, time  468.0, minPhero 0.01(232), stagnancy 90.7%
[35m[MSG][0m itr   364, best 5573.2739, time  469.3, minPhero 0.01(232), stagnancy 91.0%
[35m[MSG][0m itr   365, best 5573.2739, time  470.6, minPhero 0.01(232), stagnancy 91.3%
[35m[MSG][0m itr   366, best 5573.2739, time  471.9, minPhero 0.01(232), stagnancy 91.7%
[35m[MSG][0m itr   367, best 5573.2739, time  473.2, minPhero 0.01(232), stagnancy 92.0%
[35m[MSG][0m itr   368, best 5573.2739, time  474.4, minPhero 0.01(232), stagnancy 92.3%
[35m[MSG][0m itr   369, best 5573.2739, time  475.7, minPhero 0.01(232), stagnancy 92.7%
[35m[MSG][0m itr   370, best 5573.2739, time  477.0, minPhero 0.01(232), stagnancy 93.0%
[35m[MSG][0m itr   371, best 5573.2739, time  478.3, minPhero 0.01(232), stagnancy 93.3%
[35m[MSG][0m itr   372, best 5573.2739, time  479.6, minPhero 0.01(232), stagnancy 93.7%
[35m[MSG][0m itr   373, best 5573.2739, time  480.9, minPhero 0.01(232), stagnancy 94.0%
[35m[MSG][0m itr   374, best 5573.2739, time  482.2, minPhero 0.01(232), stagnancy 94.3%
[35m[MSG][0m itr   375, best 5573.2739, time  483.5, minPhero 0.01(232), stagnancy 94.7%
[35m[MSG][0m itr   376, best 5573.2739, time  484.8, minPhero 0.01(232), stagnancy 95.0%
[35m[MSG][0m itr   377, best 5573.2739, time  486.1, minPhero 0.01(232), stagnancy 95.3%
[35m[MSG][0m itr   378, best 5573.2739, time  487.4, minPhero 0.01(232), stagnancy 95.7%
[35m[MSG][0m itr   379, best 5573.2739, time  488.7, minPhero 0.01(232), stagnancy 96.0%
[35m[MSG][0m itr   380, best 5573.2739, time  490.0, minPhero 0.01(232), stagnancy 96.3%
[35m[MSG][0m itr   381, best 5573.2739, time  491.2, minPhero 0.01(232), stagnancy 96.7%
[35m[MSG][0m itr   382, best 5573.2739, time  492.5, minPhero 0.01(232), stagnancy 97.0%
[35m[MSG][0m itr   383, best 5573.2739, time  493.8, minPhero 0.01(232), stagnancy 97.3%
[35m[MSG][0m itr   384, best 5573.2739, time  495.5, minPhero 0.01(232), stagnancy 97.7%
[35m[MSG][0m itr   385, best 5573.2739, time  496.8, minPhero 0.01(232), stagnancy 98.0%
[35m[MSG][0m itr   386, best 5573.2739, time  498.1, minPhero 0.01(232), stagnancy 98.3%
[35m[MSG][0m itr   387, best 5573.2739, time  499.4, minPhero 0.01(232), stagnancy 98.7%
[35m[MSG][0m itr   388, best 5573.2739, time  500.7, minPhero 0.01(232), stagnancy 99.0%
[35m[MSG][0m itr   389, best 5573.2739, time  502.0, minPhero 0.01(232), stagnancy 99.3%
[35m[MSG][0m itr   390, best 5573.2739, time  503.5, minPhero 0.01(232), stagnancy 99.7%
[35m[MSG][0m itr   391, best 5573.2739, time  504.8, minPhero 0.01(232), stagnancy 100.0%
[35m[MSG][0m Solution converged. Reinitialising pheromones...
[35m[MSG][0m Time: 504.79 s
[35m[MSG][0m Best cost: 5573.27
