[35m[MSG][0m Log level set to LOG_DEBUG
[35m[MSG][0m Parsing input from file "res/fruitybun250_2016.vrp"
[35m[MSG][0m Number of nodes: 250
[35m[MSG][0m Running ACO search
[35m[MSG][0m ACO settings: 
 alpha:     8.000
 beta:      1.000
 pers:      0.850
 minPhero:  0.015
 nbhood:    10
 popSize:   512
 maxStag:   300
[35m[MSG][0m itr     1, best 5739.3989, time    1.1, minPhero 0.85(28922), stagnancy 0.0%
[35m[MSG][0m itr     2, best 5739.3989, time    2.2, minPhero 0.72(28922), stagnancy 0.3%
[35m[MSG][0m itr     3, best 5739.3989, time    3.3, minPhero 0.61(28922), stagnancy 0.7%
[35m[MSG][0m itr     4, best 5728.1768, time    4.5, minPhero 0.52(28922), stagnancy 0.0%
[35m[MSG][0m itr     5, best 5726.7886, time    5.7, minPhero 0.44(28922), stagnancy 0.0%
[35m[MSG][0m itr     6, best 5726.7886, time    6.9, minPhero 0.38(28922), stagnancy 0.3%
[35m[MSG][0m itr     7, best 5726.7886, time    8.1, minPhero 0.32(28922), stagnancy 0.7%
[35m[MSG][0m itr     8, best 5698.4038, time    9.3, minPhero 0.27(28922), stagnancy 0.0%
[35m[MSG][0m itr     9, best 5698.4038, time   10.5, minPhero 0.23(28922), stagnancy 0.3%
[35m[MSG][0m itr    10, best 5698.4038, time   11.7, minPhero 0.20(28922), stagnancy 0.7%
[35m[MSG][0m itr    11, best 5689.2100, time   12.9, minPhero 0.17(28922), stagnancy 0.0%
[35m[MSG][0m itr    12, best 5689.2100, time   14.1, minPhero 0.14(28922), stagnancy 0.3%
[35m[MSG][0m itr    13, best 5689.2100, time   15.4, minPhero 0.12(28922), stagnancy 0.7%
[35m[MSG][0m itr    14, best 5684.7729, time   16.6, minPhero 0.10(28922), stagnancy 0.0%
[35m[MSG][0m itr    15, best 5684.7729, time   17.8, minPhero 0.09(28922), stagnancy 0.3%
[35m[MSG][0m itr    16, best 5683.0352, time   19.0, minPhero 0.07(28922), stagnancy 0.0%
[35m[MSG][0m itr    17, best 5683.0352, time   20.3, minPhero 0.06(28922), stagnancy 0.3%
[35m[MSG][0m itr    18, best 5678.0371, time   21.5, minPhero 0.05(28922), stagnancy 0.0%
[35m[MSG][0m itr    19, best 5678.0371, time   22.7, minPhero 0.05(28922), stagnancy 0.3%
[35m[MSG][0m itr    20, best 5678.0371, time   23.9, minPhero 0.04(28922), stagnancy 0.7%
[35m[MSG][0m itr    21, best 5663.9385, time   25.2, minPhero 0.03(28922), stagnancy 0.0%
[35m[MSG][0m itr    22, best 5663.9385, time   26.4, minPhero 0.03(28922), stagnancy 0.3%
[35m[MSG][0m itr    23, best 5663.9385, time   27.6, minPhero 0.02(568), stagnancy 0.7%
[35m[MSG][0m itr    24, best 5646.3818, time   28.8, minPhero 0.02(578), stagnancy 0.0%
[35m[MSG][0m itr    25, best 5644.3848, time   30.0, minPhero 0.02(545), stagnancy 0.0%
[35m[MSG][0m itr    26, best 5644.3848, time   31.2, minPhero 0.01(500), stagnancy 0.3%
[35m[MSG][0m itr    27, best 5644.3848, time   32.4, minPhero 0.01(496), stagnancy 0.7%
[35m[MSG][0m itr    28, best 5643.6382, time   33.6, minPhero 0.01(461), stagnancy 0.0%
[35m[MSG][0m itr    29, best 5631.7344, time   34.8, minPhero 0.01(461), stagnancy 0.0%
[35m[MSG][0m itr    30, best 5631.4565, time   36.0, minPhero 0.01(433), stagnancy 0.0%
[35m[MSG][0m itr    31, best 5626.0391, time   37.2, minPhero 0.01(434), stagnancy 0.0%
[35m[MSG][0m itr    32, best 5626.0391, time   38.4, minPhero 0.01(392), stagnancy 0.3%
[35m[MSG][0m itr    33, best 5623.6680, time   39.6, minPhero 0.01(388), stagnancy 0.0%
[35m[MSG][0m itr    34, best 5623.6680, time   40.8, minPhero 0.01(360), stagnancy 0.3%
[35m[MSG][0m itr    35, best 5623.6680, time   42.0, minPhero 0.01(355), stagnancy 0.7%
[35m[MSG][0m itr    36, best 5620.4058, time   43.2, minPhero 0.01(350), stagnancy 0.0%
[35m[MSG][0m itr    37, best 5620.4058, time   44.4, minPhero 0.01(345), stagnancy 0.3%
[35m[MSG][0m itr    38, best 5620.0581, time   45.6, minPhero 0.01(334), stagnancy 0.0%
[35m[MSG][0m itr    39, best 5617.4424, time   46.8, minPhero 0.01(328), stagnancy 0.0%
[35m[MSG][0m itr    40, best 5615.4312, time   48.0, minPhero 0.01(327), stagnancy 0.0%
[35m[MSG][0m itr    41, best 5615.4312, time   49.2, minPhero 0.01(308), stagnancy 0.3%
[35m[MSG][0m itr    42, best 5615.4312, time   50.4, minPhero 0.01(305), stagnancy 0.7%
[35m[MSG][0m itr    43, best 5615.1797, time   51.6, minPhero 0.01(304), stagnancy 0.0%
[35m[MSG][0m itr    44, best 5614.4097, time   52.9, minPhero 0.01(305), stagnancy 0.0%
[35m[MSG][0m itr    45, best 5613.8105, time   54.1, minPhero 0.01(299), stagnancy 0.0%
[35m[MSG][0m itr    46, best 5610.5527, time   55.3, minPhero 0.01(296), stagnancy 0.0%
[35m[MSG][0m itr    47, best 5610.5527, time   56.5, minPhero 0.01(294), stagnancy 0.3%
[35m[MSG][0m itr    48, best 5610.5371, time   57.8, minPhero 0.01(296), stagnancy 0.0%
[35m[MSG][0m itr    49, best 5608.7500, time   59.0, minPhero 0.01(301), stagnancy 0.0%
[35m[MSG][0m itr    50, best 5608.1128, time   60.2, minPhero 0.01(301), stagnancy 0.0%
[35m[MSG][0m itr    51, best 5603.9170, time   61.4, minPhero 0.01(299), stagnancy 0.0%
[35m[MSG][0m itr    52, best 5603.9170, time   62.6, minPhero 0.01(297), stagnancy 0.3%
[35m[MSG][0m itr    53, best 5603.9170, time   63.8, minPhero 0.01(290), stagnancy 0.7%
[35m[MSG][0m itr    54, best 5603.9170, time   65.0, minPhero 0.01(288), stagnancy 1.0%
[35m[MSG][0m itr    55, best 5599.3589, time   66.2, minPhero 0.01(288), stagnancy 0.0%
[35m[MSG][0m itr    56, best 5599.3589, time   67.3, minPhero 0.01(286), stagnancy 0.3%
[35m[MSG][0m itr    57, best 5599.3589, time   68.6, minPhero 0.01(284), stagnancy 0.7%
[35m[MSG][0m itr    58, best 5599.2246, time   69.8, minPhero 0.01(284), stagnancy 0.0%
[35m[MSG][0m itr    59, best 5598.4937, time   71.0, minPhero 0.01(283), stagnancy 0.0%
[35m[MSG][0m itr    60, best 5597.3784, time   72.2, minPhero 0.01(278), stagnancy 0.0%
[35m[MSG][0m itr    61, best 5597.3784, time   73.4, minPhero 0.01(271), stagnancy 0.3%
[35m[MSG][0m itr    62, best 5597.3784, time   74.7, minPhero 0.01(269), stagnancy 0.7%
[35m[MSG][0m itr    63, best 5597.3784, time   75.9, minPhero 0.01(268), stagnancy 1.0%
[35m[MSG][0m itr    64, best 5597.3599, time   77.1, minPhero 0.01(269), stagnancy 0.0%
[35m[MSG][0m itr    65, best 5596.5933, time   78.3, minPhero 0.01(269), stagnancy 0.0%
[35m[MSG][0m itr    66, best 5596.4370, time   79.5, minPhero 0.01(268), stagnancy 0.0%
[35m[MSG][0m itr    67, best 5596.4370, time   80.7, minPhero 0.01(268), stagnancy 0.3%
[35m[MSG][0m itr    68, best 5596.2349, time   81.9, minPhero 0.01(269), stagnancy 0.0%
[35m[MSG][0m itr    69, best 5596.2349, time   83.1, minPhero 0.01(267), stagnancy 0.3%
[35m[MSG][0m itr    70, best 5596.0327, time   84.3, minPhero 0.01(263), stagnancy 0.0%
[35m[MSG][0m itr    71, best 5594.9409, time   85.5, minPhero 0.01(262), stagnancy 0.0%
[35m[MSG][0m itr    72, best 5594.9409, time   86.7, minPhero 0.01(262), stagnancy 0.3%
[35m[MSG][0m itr    73, best 5593.6558, time   87.9, minPhero 0.01(263), stagnancy 0.0%
[35m[MSG][0m itr    74, best 5593.6558, time   89.2, minPhero 0.01(263), stagnancy 0.3%
[35m[MSG][0m itr    75, best 5593.4541, time   90.3, minPhero 0.01(263), stagnancy 0.0%
[35m[MSG][0m itr    76, best 5592.2158, time   91.6, minPhero 0.01(264), stagnancy 0.0%
[35m[MSG][0m itr    77, best 5591.8906, time   92.7, minPhero 0.01(261), stagnancy 0.0%
[35m[MSG][0m itr    78, best 5590.9307, time   93.9, minPhero 0.01(261), stagnancy 0.0%
[35m[MSG][0m itr    79, best 5590.9307, time   95.1, minPhero 0.01(261), stagnancy 0.3%
[35m[MSG][0m itr    80, best 5590.9307, time   96.3, minPhero 0.01(257), stagnancy 0.7%
[35m[MSG][0m itr    81, best 5590.9307, time   97.4, minPhero 0.01(255), stagnancy 1.0%
[35m[MSG][0m itr    82, best 5589.4697, time   98.6, minPhero 0.01(256), stagnancy 0.0%
[35m[MSG][0m itr    83, best 5589.0435, time   99.8, minPhero 0.01(257), stagnancy 0.0%
[35m[MSG][0m itr    84, best 5587.9082, time  101.0, minPhero 0.01(257), stagnancy 0.0%
[35m[MSG][0m itr    85, best 5587.9082, time  102.2, minPhero 0.01(257), stagnancy 0.3%
[35m[MSG][0m itr    86, best 5587.9082, time  103.5, minPhero 0.01(257), stagnancy 0.7%
[35m[MSG][0m itr    87, best 5587.9082, time  104.6, minPhero 0.01(257), stagnancy 1.0%
[35m[MSG][0m itr    88, best 5587.9082, time  105.8, minPhero 0.01(257), stagnancy 1.3%
[35m[MSG][0m itr    89, best 5587.9082, time  107.0, minPhero 0.01(253), stagnancy 1.7%
[35m[MSG][0m itr    90, best 5587.3086, time  108.2, minPhero 0.01(252), stagnancy 0.0%
[35m[MSG][0m itr    91, best 5586.2397, time  109.4, minPhero 0.01(256), stagnancy 0.0%
[35m[MSG][0m itr    92, best 5586.2397, time  110.7, minPhero 0.01(254), stagnancy 0.3%
[35m[MSG][0m itr    93, best 5586.2397, time  111.8, minPhero 0.01(253), stagnancy 0.7%
[35m[MSG][0m itr    94, best 5586.2397, time  113.0, minPhero 0.01(252), stagnancy 1.0%
[35m[MSG][0m itr    95, best 5586.2397, time  114.2, minPhero 0.01(251), stagnancy 1.3%
[35m[MSG][0m itr    96, best 5586.2397, time  115.4, minPhero 0.01(251), stagnancy 1.7%
[35m[MSG][0m itr    97, best 5586.2397, time  116.6, minPhero 0.01(247), stagnancy 2.0%
[35m[MSG][0m itr    98, best 5586.2397, time  117.8, minPhero 0.01(245), stagnancy 2.3%
[35m[MSG][0m itr    99, best 5585.5078, time  119.0, minPhero 0.01(249), stagnancy 0.0%
[35m[MSG][0m itr   100, best 5585.5078, time  120.2, minPhero 0.01(249), stagnancy 0.3%
[35m[MSG][0m itr   101, best 5585.1128, time  121.4, minPhero 0.01(253), stagnancy 0.0%
[35m[MSG][0m itr   102, best 5584.7339, time  122.7, minPhero 0.01(253), stagnancy 0.0%
[35m[MSG][0m itr   103, best 5584.4390, time  123.9, minPhero 0.01(253), stagnancy 0.0%
[35m[MSG][0m itr   104, best 5584.4390, time  125.1, minPhero 0.01(248), stagnancy 0.3%
[35m[MSG][0m itr   105, best 5583.7202, time  126.3, minPhero 0.01(255), stagnancy 0.0%
[35m[MSG][0m itr   106, best 5583.5835, time  127.5, minPhero 0.01(258), stagnancy 0.0%
[35m[MSG][0m itr   107, best 5583.5835, time  128.7, minPhero 0.01(258), stagnancy 0.3%
[35m[MSG][0m itr   108, best 5583.5835, time  129.9, minPhero 0.01(258), stagnancy 0.7%
[35m[MSG][0m itr   109, best 5583.2593, time  131.1, minPhero 0.01(258), stagnancy 0.0%
[35m[MSG][0m itr   110, best 5582.4810, time  132.4, minPhero 0.01(259), stagnancy 0.0%
[35m[MSG][0m itr   111, best 5581.9194, time  133.5, minPhero 0.01(259), stagnancy 0.0%
[35m[MSG][0m itr   112, best 5581.9194, time  134.8, minPhero 0.01(257), stagnancy 0.3%
[35m[MSG][0m itr   113, best 5581.9194, time  135.9, minPhero 0.01(254), stagnancy 0.7%
[35m[MSG][0m itr   114, best 5581.9194, time  137.2, minPhero 0.01(254), stagnancy 1.0%
[35m[MSG][0m itr   115, best 5581.9194, time  138.4, minPhero 0.01(254), stagnancy 1.3%
[35m[MSG][0m itr   116, best 5581.8237, time  139.6, minPhero 0.01(257), stagnancy 0.0%
[35m[MSG][0m itr   117, best 5581.8237, time  140.7, minPhero 0.01(257), stagnancy 0.3%
[35m[MSG][0m itr   118, best 5581.3320, time  141.9, minPhero 0.01(255), stagnancy 0.0%
[35m[MSG][0m itr   119, best 5581.3320, time  143.1, minPhero 0.01(252), stagnancy 0.3%
[35m[MSG][0m itr   120, best 5581.3320, time  144.4, minPhero 0.01(252), stagnancy 0.7%
[35m[MSG][0m itr   121, best 5581.3315, time  145.5, minPhero 0.01(252), stagnancy 0.0%
[35m[MSG][0m itr   122, best 5581.3315, time  146.8, minPhero 0.01(251), stagnancy 0.3%
[35m[MSG][0m itr   123, best 5581.3315, time  148.0, minPhero 0.01(251), stagnancy 0.7%
[35m[MSG][0m itr   124, best 5581.3315, time  149.2, minPhero 0.01(247), stagnancy 1.0%
[35m[MSG][0m itr   125, best 5581.3315, time  150.4, minPhero 0.01(246), stagnancy 1.3%
[35m[MSG][0m itr   126, best 5581.3315, time  151.6, minPhero 0.01(246), stagnancy 1.7%
[35m[MSG][0m itr   127, best 5581.1626, time  152.8, minPhero 0.01(246), stagnancy 0.0%
[35m[MSG][0m itr   128, best 5581.1621, time  153.8, minPhero 0.01(244), stagnancy 0.0%
[35m[MSG][0m itr   129, best 5581.1621, time  154.9, minPhero 0.01(244), stagnancy 0.3%
[35m[MSG][0m itr   130, best 5580.1699, time  156.1, minPhero 0.01(250), stagnancy 0.0%
[35m[MSG][0m itr   131, best 5580.1699, time  157.3, minPhero 0.01(249), stagnancy 0.3%
[35m[MSG][0m itr   132, best 5580.1699, time  158.5, minPhero 0.01(249), stagnancy 0.7%
[35m[MSG][0m itr   133, best 5580.1699, time  159.7, minPhero 0.01(247), stagnancy 1.0%
[35m[MSG][0m itr   134, best 5580.1699, time  160.9, minPhero 0.01(247), stagnancy 1.3%
[35m[MSG][0m itr   135, best 5580.1699, time  162.1, minPhero 0.01(247), stagnancy 1.7%
[35m[MSG][0m itr   136, best 5580.1699, time  163.3, minPhero 0.01(247), stagnancy 2.0%
[35m[MSG][0m itr   137, best 5580.1699, time  164.5, minPhero 0.01(247), stagnancy 2.3%
[35m[MSG][0m itr   138, best 5580.1699, time  165.7, minPhero 0.01(244), stagnancy 2.7%
[35m[MSG][0m itr   139, best 5580.1699, time  166.9, minPhero 0.01(244), stagnancy 3.0%
[35m[MSG][0m itr   140, best 5580.1699, time  168.2, minPhero 0.01(242), stagnancy 3.3%
[35m[MSG][0m itr   141, best 5580.1699, time  169.3, minPhero 0.01(242), stagnancy 3.7%
[35m[MSG][0m itr   142, best 5580.1699, time  170.6, minPhero 0.01(242), stagnancy 4.0%
[35m[MSG][0m itr   143, best 5580.1699, time  171.8, minPhero 0.01(242), stagnancy 4.3%
[35m[MSG][0m itr   144, best 5580.1699, time  173.0, minPhero 0.01(242), stagnancy 4.7%
[35m[MSG][0m itr   145, best 5580.1699, time  174.1, minPhero 0.01(242), stagnancy 5.0%
[35m[MSG][0m itr   146, best 5580.1699, time  175.3, minPhero 0.01(240), stagnancy 5.3%
[35m[MSG][0m itr   147, best 5580.1699, time  176.5, minPhero 0.01(240), stagnancy 5.7%
[35m[MSG][0m itr   148, best 5580.1699, time  177.7, minPhero 0.01(240), stagnancy 6.0%
[35m[MSG][0m itr   149, best 5580.1699, time  179.0, minPhero 0.01(236), stagnancy 6.3%
[35m[MSG][0m itr   150, best 5580.1699, time  180.1, minPhero 0.01(236), stagnancy 6.7%
[35m[MSG][0m itr   151, best 5580.1699, time  181.3, minPhero 0.01(236), stagnancy 7.0%
[35m[MSG][0m itr   152, best 5580.1699, time  182.5, minPhero 0.01(232), stagnancy 7.3%
[35m[MSG][0m itr   153, best 5580.1699, time  183.7, minPhero 0.01(232), stagnancy 7.7%
[35m[MSG][0m itr   154, best 5580.1699, time  184.9, minPhero 0.01(232), stagnancy 8.0%
[35m[MSG][0m itr   155, best 5580.1699, time  186.1, minPhero 0.01(232), stagnancy 8.3%
[35m[MSG][0m itr   156, best 5580.1699, time  187.3, minPhero 0.01(232), stagnancy 8.7%
[35m[MSG][0m itr   157, best 5580.1699, time  188.5, minPhero 0.01(232), stagnancy 9.0%
[35m[MSG][0m itr   158, best 5580.1699, time  189.8, minPhero 0.01(232), stagnancy 9.3%
[35m[MSG][0m itr   159, best 5576.8379, time  191.0, minPhero 0.01(240), stagnancy 0.0%
[35m[MSG][0m itr   160, best 5576.8379, time  192.2, minPhero 0.01(240), stagnancy 0.3%
[35m[MSG][0m itr   161, best 5576.8379, time  193.4, minPhero 0.01(240), stagnancy 0.7%
[35m[MSG][0m itr   162, best 5576.8379, time  194.6, minPhero 0.01(240), stagnancy 1.0%
[35m[MSG][0m itr   163, best 5576.8379, time  195.8, minPhero 0.01(240), stagnancy 1.3%
[35m[MSG][0m itr   164, best 5576.8379, time  197.0, minPhero 0.01(240), stagnancy 1.7%
[35m[MSG][0m itr   165, best 5576.8379, time  198.2, minPhero 0.01(240), stagnancy 2.0%
[35m[MSG][0m itr   166, best 5576.8379, time  199.5, minPhero 0.01(240), stagnancy 2.3%
[35m[MSG][0m itr   167, best 5576.8379, time  200.7, minPhero 0.01(240), stagnancy 2.7%
[35m[MSG][0m itr   168, best 5576.8379, time  201.9, minPhero 0.01(240), stagnancy 3.0%
[35m[MSG][0m itr   169, best 5576.8379, time  203.1, minPhero 0.01(240), stagnancy 3.3%
[35m[MSG][0m itr   170, best 5576.8379, time  204.4, minPhero 0.01(240), stagnancy 3.7%
[35m[MSG][0m itr   171, best 5576.8379, time  205.8, minPhero 0.01(240), stagnancy 4.0%
[35m[MSG][0m itr   172, best 5576.8379, time  207.1, minPhero 0.01(240), stagnancy 4.3%
[35m[MSG][0m itr   173, best 5576.8379, time  208.5, minPhero 0.01(240), stagnancy 4.7%
[35m[MSG][0m itr   174, best 5576.8379, time  209.9, minPhero 0.01(240), stagnancy 5.0%
[35m[MSG][0m itr   175, best 5576.8379, time  211.2, minPhero 0.01(240), stagnancy 5.3%
[35m[MSG][0m itr   176, best 5576.8379, time  212.6, minPhero 0.01(240), stagnancy 5.7%
[35m[MSG][0m itr   177, best 5576.8379, time  213.9, minPhero 0.01(240), stagnancy 6.0%
[35m[MSG][0m itr   178, best 5576.8379, time  215.1, minPhero 0.01(240), stagnancy 6.3%
[35m[MSG][0m itr   179, best 5576.8379, time  216.3, minPhero 0.01(240), stagnancy 6.7%
[35m[MSG][0m itr   180, best 5576.8379, time  217.6, minPhero 0.01(240), stagnancy 7.0%
[35m[MSG][0m itr   181, best 5576.8379, time  219.0, minPhero 0.01(232), stagnancy 7.3%
[35m[MSG][0m itr   182, best 5576.8379, time  220.4, minPhero 0.01(232), stagnancy 7.7%
[35m[MSG][0m itr   183, best 5576.8379, time  221.8, minPhero 0.01(232), stagnancy 8.0%
[35m[MSG][0m itr   184, best 5576.8379, time  223.1, minPhero 0.01(232), stagnancy 8.3%
[35m[MSG][0m itr   185, best 5576.8379, time  224.5, minPhero 0.01(232), stagnancy 8.7%
[35m[MSG][0m itr   186, best 5576.8379, time  225.9, minPhero 0.01(232), stagnancy 9.0%
[35m[MSG][0m itr   187, best 5576.8379, time  227.2, minPhero 0.01(232), stagnancy 9.3%
[35m[MSG][0m itr   188, best 5576.8379, time  228.6, minPhero 0.01(232), stagnancy 9.7%
[35m[MSG][0m itr   189, best 5576.8379, time  229.9, minPhero 0.01(232), stagnancy 10.0%
[35m[MSG][0m itr   190, best 5576.8379, time  231.1, minPhero 0.01(232), stagnancy 10.3%
[35m[MSG][0m itr   191, best 5576.8379, time  232.3, minPhero 0.01(232), stagnancy 10.7%
[35m[MSG][0m itr   192, best 5576.8379, time  233.5, minPhero 0.01(232), stagnancy 11.0%
[35m[MSG][0m itr   193, best 5576.8379, time  234.7, minPhero 0.01(232), stagnancy 11.3%
[35m[MSG][0m itr   194, best 5576.8379, time  235.9, minPhero 0.01(232), stagnancy 11.7%
[35m[MSG][0m itr   195, best 5576.8379, time  237.1, minPhero 0.01(232), stagnancy 12.0%
[35m[MSG][0m itr   196, best 5576.8379, time  238.3, minPhero 0.01(232), stagnancy 12.3%
[35m[MSG][0m itr   197, best 5576.8379, time  239.5, minPhero 0.01(232), stagnancy 12.7%
[35m[MSG][0m itr   198, best 5576.8379, time  240.7, minPhero 0.01(232), stagnancy 13.0%
[35m[MSG][0m itr   199, best 5576.8379, time  242.0, minPhero 0.01(232), stagnancy 13.3%
[35m[MSG][0m itr   200, best 5576.8379, time  243.2, minPhero 0.01(232), stagnancy 13.7%
[35m[MSG][0m itr   201, best 5576.8379, time  244.4, minPhero 0.01(232), stagnancy 14.0%
[35m[MSG][0m itr   202, best 5576.8379, time  245.6, minPhero 0.01(232), stagnancy 14.3%
[35m[MSG][0m itr   203, best 5576.8379, time  246.8, minPhero 0.01(232), stagnancy 14.7%
[35m[MSG][0m itr   204, best 5576.8379, time  248.0, minPhero 0.01(232), stagnancy 15.0%
[35m[MSG][0m itr   205, best 5576.8379, time  249.2, minPhero 0.01(232), stagnancy 15.3%
[35m[MSG][0m itr   206, best 5576.8379, time  250.4, minPhero 0.01(232), stagnancy 15.7%
[35m[MSG][0m itr   207, best 5576.8379, time  251.6, minPhero 0.01(232), stagnancy 16.0%
[35m[MSG][0m itr   208, best 5576.8379, time  252.8, minPhero 0.01(232), stagnancy 16.3%
[35m[MSG][0m itr   209, best 5576.8379, time  254.0, minPhero 0.01(232), stagnancy 16.7%
[35m[MSG][0m itr   210, best 5576.8379, time  255.2, minPhero 0.01(232), stagnancy 17.0%
[35m[MSG][0m itr   211, best 5576.8379, time  256.4, minPhero 0.01(232), stagnancy 17.3%
[35m[MSG][0m itr   212, best 5576.8374, time  257.6, minPhero 0.01(232), stagnancy 0.0%
[35m[MSG][0m itr   213, best 5576.8374, time  258.8, minPhero 0.01(232), stagnancy 0.3%
[35m[MSG][0m itr   214, best 5576.8374, time  260.0, minPhero 0.01(232), stagnancy 0.7%
[35m[MSG][0m itr   215, best 5576.8374, time  261.2, minPhero 0.01(232), stagnancy 1.0%
[35m[MSG][0m itr   216, best 5576.8374, time  262.4, minPhero 0.01(232), stagnancy 1.3%
[35m[MSG][0m itr   217, best 5576.8374, time  263.6, minPhero 0.01(232), stagnancy 1.7%
[35m[MSG][0m itr   218, best 5576.8374, time  264.8, minPhero 0.01(232), stagnancy 2.0%
[35m[MSG][0m itr   219, best 5576.8374, time  266.1, minPhero 0.01(232), stagnancy 2.3%
[35m[MSG][0m itr   220, best 5576.8374, time  267.2, minPhero 0.01(232), stagnancy 2.7%
[35m[MSG][0m itr   221, best 5576.8374, time  268.4, minPhero 0.01(232), stagnancy 3.0%
[35m[MSG][0m itr   222, best 5576.8374, time  269.6, minPhero 0.01(232), stagnancy 3.3%
[35m[MSG][0m itr   223, best 5576.8374, time  270.8, minPhero 0.01(232), stagnancy 3.7%
[35m[MSG][0m itr   224, best 5576.8374, time  272.0, minPhero 0.01(232), stagnancy 4.0%
[35m[MSG][0m itr   225, best 5576.8374, time  273.3, minPhero 0.01(232), stagnancy 4.3%
[35m[MSG][0m itr   226, best 5576.8374, time  274.5, minPhero 0.01(232), stagnancy 4.7%
[35m[MSG][0m itr   227, best 5576.8374, time  275.7, minPhero 0.01(232), stagnancy 5.0%
[35m[MSG][0m itr   228, best 5576.8374, time  276.9, minPhero 0.01(232), stagnancy 5.3%
[35m[MSG][0m itr   229, best 5576.8374, time  278.3, minPhero 0.01(232), stagnancy 5.7%
[35m[MSG][0m itr   230, best 5576.8374, time  279.7, minPhero 0.01(232), stagnancy 6.0%
[35m[MSG][0m itr   231, best 5576.8374, time  281.0, minPhero 0.01(232), stagnancy 6.3%
[35m[MSG][0m itr   232, best 5576.8374, time  282.4, minPhero 0.01(232), stagnancy 6.7%
[35m[MSG][0m itr   233, best 5576.8374, time  283.8, minPhero 0.01(232), stagnancy 7.0%
[35m[MSG][0m itr   234, best 5576.8374, time  285.1, minPhero 0.01(232), stagnancy 7.3%
[35m[MSG][0m itr   235, best 5576.8374, time  286.5, minPhero 0.01(232), stagnancy 7.7%
[35m[MSG][0m itr   236, best 5576.8374, time  287.8, minPhero 0.01(232), stagnancy 8.0%
[35m[MSG][0m itr   237, best 5576.8374, time  289.2, minPhero 0.01(232), stagnancy 8.3%
[35m[MSG][0m itr   238, best 5576.8374, time  290.6, minPhero 0.01(232), stagnancy 8.7%
[35m[MSG][0m itr   239, best 5576.8374, time  291.9, minPhero 0.01(232), stagnancy 9.0%
[35m[MSG][0m itr   240, best 5576.8374, time  293.3, minPhero 0.01(232), stagnancy 9.3%
[35m[MSG][0m itr   241, best 5576.8374, time  294.6, minPhero 0.01(232), stagnancy 9.7%
[35m[MSG][0m itr   242, best 5576.8374, time  295.9, minPhero 0.01(232), stagnancy 10.0%
[35m[MSG][0m itr   243, best 5576.8374, time  297.3, minPhero 0.01(232), stagnancy 10.3%
[35m[MSG][0m itr   244, best 5576.8374, time  298.7, minPhero 0.01(232), stagnancy 10.7%
[35m[MSG][0m itr   245, best 5576.8374, time  300.0, minPhero 0.01(232), stagnancy 11.0%
[35m[MSG][0m itr   246, best 5576.8374, time  301.3, minPhero 0.01(232), stagnancy 11.3%
[35m[MSG][0m itr   247, best 5576.8374, time  302.5, minPhero 0.01(232), stagnancy 11.7%
[35m[MSG][0m itr   248, best 5576.8374, time  303.7, minPhero 0.01(232), stagnancy 12.0%
[35m[MSG][0m itr   249, best 5576.8374, time  304.9, minPhero 0.01(232), stagnancy 12.3%
[35m[MSG][0m itr   250, best 5576.8374, time  306.1, minPhero 0.01(232), stagnancy 12.7%
[35m[MSG][0m itr   251, best 5576.8374, time  307.3, minPhero 0.01(232), stagnancy 13.0%
[35m[MSG][0m itr   252, best 5576.8374, time  308.5, minPhero 0.01(232), stagnancy 13.3%
[35m[MSG][0m itr   253, best 5576.8374, time  309.7, minPhero 0.01(232), stagnancy 13.7%
[35m[MSG][0m itr   254, best 5576.8374, time  310.9, minPhero 0.01(232), stagnancy 14.0%
[35m[MSG][0m itr   255, best 5576.8374, time  312.1, minPhero 0.01(232), stagnancy 14.3%
[35m[MSG][0m itr   256, best 5576.8374, time  313.3, minPhero 0.01(232), stagnancy 14.7%
[35m[MSG][0m itr   257, best 5576.2598, time  314.5, minPhero 0.01(235), stagnancy 0.0%
[35m[MSG][0m itr   258, best 5576.2598, time  315.7, minPhero 0.01(235), stagnancy 0.3%
[35m[MSG][0m itr   259, best 5576.2598, time  317.0, minPhero 0.01(235), stagnancy 0.7%
[35m[MSG][0m itr   260, best 5576.2598, time  318.2, minPhero 0.01(235), stagnancy 1.0%
[35m[MSG][0m itr   261, best 5576.2598, time  319.4, minPhero 0.01(235), stagnancy 1.3%
[35m[MSG][0m itr   262, best 5576.2598, time  320.6, minPhero 0.01(235), stagnancy 1.7%
[35m[MSG][0m itr   263, best 5576.2598, time  321.8, minPhero 0.01(235), stagnancy 2.0%
[35m[MSG][0m itr   264, best 5576.2598, time  323.0, minPhero 0.01(235), stagnancy 2.3%
[35m[MSG][0m itr   265, best 5576.2480, time  324.2, minPhero 0.01(241), stagnancy 0.0%
[35m[MSG][0m itr   266, best 5576.2480, time  325.4, minPhero 0.01(241), stagnancy 0.3%
[35m[MSG][0m itr   267, best 5576.2476, time  326.6, minPhero 0.01(241), stagnancy 0.0%
[35m[MSG][0m itr   268, best 5576.2476, time  327.8, minPhero 0.01(241), stagnancy 0.3%
[35m[MSG][0m itr   269, best 5576.2476, time  329.0, minPhero 0.01(241), stagnancy 0.7%
[35m[MSG][0m itr   270, best 5576.2476, time  330.2, minPhero 0.01(241), stagnancy 1.0%
[35m[MSG][0m itr   271, best 5576.2476, time  331.4, minPhero 0.01(241), stagnancy 1.3%
[35m[MSG][0m itr   272, best 5576.2476, time  332.6, minPhero 0.01(241), stagnancy 1.7%
[35m[MSG][0m itr   273, best 5576.2476, time  333.8, minPhero 0.01(241), stagnancy 2.0%
[35m[MSG][0m itr   274, best 5576.2476, time  335.0, minPhero 0.01(241), stagnancy 2.3%
[35m[MSG][0m itr   275, best 5576.2476, time  336.2, minPhero 0.01(241), stagnancy 2.7%
[35m[MSG][0m itr   276, best 5576.2476, time  337.5, minPhero 0.01(241), stagnancy 3.0%
[35m[MSG][0m itr   277, best 5576.2471, time  338.7, minPhero 0.01(241), stagnancy 0.0%
[35m[MSG][0m itr   278, best 5576.2471, time  339.8, minPhero 0.01(241), stagnancy 0.3%
[35m[MSG][0m itr   279, best 5576.2471, time  341.1, minPhero 0.01(238), stagnancy 0.7%
[35m[MSG][0m itr   280, best 5576.2471, time  342.4, minPhero 0.01(238), stagnancy 1.0%
[35m[MSG][0m itr   281, best 5576.2471, time  343.8, minPhero 0.01(238), stagnancy 1.3%
[35m[MSG][0m itr   282, best 5576.2471, time  345.1, minPhero 0.01(238), stagnancy 1.7%
[35m[MSG][0m itr   283, best 5576.2471, time  346.5, minPhero 0.01(238), stagnancy 2.0%
[35m[MSG][0m itr   284, best 5576.2471, time  347.9, minPhero 0.01(238), stagnancy 2.3%
[35m[MSG][0m itr   285, best 5576.2471, time  349.2, minPhero 0.01(238), stagnancy 2.7%
[35m[MSG][0m itr   286, best 5576.2471, time  350.6, minPhero 0.01(238), stagnancy 3.0%
[35m[MSG][0m itr   287, best 5576.2471, time  352.0, minPhero 0.01(232), stagnancy 3.3%
[35m[MSG][0m itr   288, best 5576.2471, time  353.3, minPhero 0.01(232), stagnancy 3.7%
[35m[MSG][0m itr   289, best 5576.2471, time  354.7, minPhero 0.01(232), stagnancy 4.0%
[35m[MSG][0m itr   290, best 5576.2471, time  356.0, minPhero 0.01(232), stagnancy 4.3%
[35m[MSG][0m itr   291, best 5576.2471, time  357.4, minPhero 0.01(232), stagnancy 4.7%
[35m[MSG][0m itr   292, best 5576.2471, time  358.7, minPhero 0.01(232), stagnancy 5.0%
[35m[MSG][0m itr   293, best 5576.2471, time  360.1, minPhero 0.01(232), stagnancy 5.3%
[35m[MSG][0m itr   294, best 5576.2471, time  361.4, minPhero 0.01(232), stagnancy 5.7%
[35m[MSG][0m itr   295, best 5576.2471, time  362.8, minPhero 0.01(232), stagnancy 6.0%
[35m[MSG][0m itr   296, best 5576.2471, time  364.2, minPhero 0.01(232), stagnancy 6.3%
[35m[MSG][0m itr   297, best 5576.2471, time  365.5, minPhero 0.01(232), stagnancy 6.7%
[35m[MSG][0m itr   298, best 5576.2471, time  366.9, minPhero 0.01(232), stagnancy 7.0%
[35m[MSG][0m itr   299, best 5576.2471, time  368.2, minPhero 0.01(232), stagnancy 7.3%
[35m[MSG][0m itr   300, best 5576.2471, time  369.4, minPhero 0.01(232), stagnancy 7.7%
[35m[MSG][0m itr   301, best 5576.2471, time  370.6, minPhero 0.01(232), stagnancy 8.0%
[35m[MSG][0m itr   302, best 5576.2471, time  371.8, minPhero 0.01(232), stagnancy 8.3%
[35m[MSG][0m itr   303, best 5576.2471, time  373.0, minPhero 0.01(232), stagnancy 8.7%
[35m[MSG][0m itr   304, best 5576.2471, time  374.2, minPhero 0.01(232), stagnancy 9.0%
[35m[MSG][0m itr   305, best 5576.2471, time  375.4, minPhero 0.01(232), stagnancy 9.3%
[35m[MSG][0m itr   306, best 5576.2471, time  376.6, minPhero 0.01(232), stagnancy 9.7%
[35m[MSG][0m itr   307, best 5576.2471, time  377.8, minPhero 0.01(232), stagnancy 10.0%
[35m[MSG][0m itr   308, best 5576.2471, time  379.0, minPhero 0.01(232), stagnancy 10.3%
[35m[MSG][0m itr   309, best 5576.2471, time  380.3, minPhero 0.01(232), stagnancy 10.7%
[35m[MSG][0m itr   310, best 5576.2471, time  381.5, minPhero 0.01(232), stagnancy 11.0%
[35m[MSG][0m itr   311, best 5576.2471, time  382.7, minPhero 0.01(232), stagnancy 11.3%
[35m[MSG][0m itr   312, best 5576.2471, time  383.8, minPhero 0.01(232), stagnancy 11.7%
[35m[MSG][0m itr   313, best 5576.2471, time  385.0, minPhero 0.01(232), stagnancy 12.0%
[35m[MSG][0m itr   314, best 5576.2471, time  386.2, minPhero 0.01(232), stagnancy 12.3%
[35m[MSG][0m itr   315, best 5576.2471, time  387.4, minPhero 0.01(232), stagnancy 12.7%
[35m[MSG][0m itr   316, best 5576.2471, time  388.6, minPhero 0.01(232), stagnancy 13.0%
[35m[MSG][0m itr   317, best 5576.2471, time  389.8, minPhero 0.01(232), stagnancy 13.3%
[35m[MSG][0m itr   318, best 5576.2471, time  391.0, minPhero 0.01(232), stagnancy 13.7%
[35m[MSG][0m itr   319, best 5576.2471, time  392.3, minPhero 0.01(232), stagnancy 14.0%
[35m[MSG][0m itr   320, best 5576.2471, time  393.5, minPhero 0.01(232), stagnancy 14.3%
[35m[MSG][0m itr   321, best 5576.2471, time  394.7, minPhero 0.01(232), stagnancy 14.7%
[35m[MSG][0m itr   322, best 5576.2471, time  395.9, minPhero 0.01(232), stagnancy 15.0%
[35m[MSG][0m itr   323, best 5576.2471, time  397.1, minPhero 0.01(232), stagnancy 15.3%
[35m[MSG][0m itr   324, best 5576.2471, time  398.3, minPhero 0.01(232), stagnancy 15.7%
[35m[MSG][0m itr   325, best 5576.2471, time  399.5, minPhero 0.01(232), stagnancy 16.0%
[35m[MSG][0m itr   326, best 5576.2471, time  400.7, minPhero 0.01(232), stagnancy 16.3%
[35m[MSG][0m itr   327, best 5576.2471, time  401.9, minPhero 0.01(232), stagnancy 16.7%
[35m[MSG][0m itr   328, best 5576.2471, time  403.1, minPhero 0.01(232), stagnancy 17.0%
[35m[MSG][0m itr   329, best 5576.2471, time  404.3, minPhero 0.01(232), stagnancy 17.3%
[35m[MSG][0m itr   330, best 5576.2471, time  405.5, minPhero 0.01(232), stagnancy 17.7%
[35m[MSG][0m itr   331, best 5576.2471, time  406.7, minPhero 0.01(232), stagnancy 18.0%
[35m[MSG][0m itr   332, best 5576.2471, time  408.1, minPhero 0.01(232), stagnancy 18.3%
[35m[MSG][0m itr   333, best 5576.2471, time  409.5, minPhero 0.01(232), stagnancy 18.7%
[35m[MSG][0m itr   334, best 5576.2471, time  410.8, minPhero 0.01(232), stagnancy 19.0%
[35m[MSG][0m itr   335, best 5576.2471, time  412.2, minPhero 0.01(232), stagnancy 19.3%
[35m[MSG][0m itr   336, best 5576.2471, time  413.5, minPhero 0.01(232), stagnancy 19.7%
[35m[MSG][0m itr   337, best 5576.2471, time  414.9, minPhero 0.01(232), stagnancy 20.0%
[35m[MSG][0m itr   338, best 5576.2471, time  416.2, minPhero 0.01(232), stagnancy 20.3%
[35m[MSG][0m itr   339, best 5576.2471, time  417.6, minPhero 0.01(232), stagnancy 20.7%
[35m[MSG][0m itr   340, best 5575.3423, time  419.0, minPhero 0.01(237), stagnancy 0.0%
[35m[MSG][0m itr   341, best 5575.3423, time  420.3, minPhero 0.01(237), stagnancy 0.3%
[35m[MSG][0m itr   342, best 5575.3418, time  421.7, minPhero 0.01(237), stagnancy 0.0%
[35m[MSG][0m itr   343, best 5575.3418, time  423.0, minPhero 0.01(237), stagnancy 0.3%
[35m[MSG][0m itr   344, best 5575.3418, time  424.4, minPhero 0.01(237), stagnancy 0.7%
[35m[MSG][0m itr   345, best 5575.3418, time  425.7, minPhero 0.01(237), stagnancy 1.0%
[35m[MSG][0m itr   346, best 5575.3418, time  427.1, minPhero 0.01(237), stagnancy 1.3%
[35m[MSG][0m itr   347, best 5575.3418, time  428.5, minPhero 0.01(237), stagnancy 1.7%
[35m[MSG][0m itr   348, best 5575.3418, time  429.8, minPhero 0.01(237), stagnancy 2.0%
[35m[MSG][0m itr   349, best 5575.3418, time  431.1, minPhero 0.01(237), stagnancy 2.3%
[35m[MSG][0m itr   350, best 5575.3418, time  432.5, minPhero 0.01(237), stagnancy 2.7%
[35m[MSG][0m itr   351, best 5575.3418, time  433.9, minPhero 0.01(237), stagnancy 3.0%
[35m[MSG][0m itr   352, best 5575.3418, time  435.1, minPhero 0.01(237), stagnancy 3.3%
[35m[MSG][0m itr   353, best 5575.3418, time  436.2, minPhero 0.01(237), stagnancy 3.7%
[35m[MSG][0m itr   354, best 5575.3418, time  437.4, minPhero 0.01(237), stagnancy 4.0%
[35m[MSG][0m itr   355, best 5575.3418, time  438.6, minPhero 0.01(237), stagnancy 4.3%
[35m[MSG][0m itr   356, best 5575.3418, time  439.8, minPhero 0.01(237), stagnancy 4.7%
[35m[MSG][0m itr   357, best 5575.3418, time  441.1, minPhero 0.01(237), stagnancy 5.0%
[35m[MSG][0m itr   358, best 5575.3418, time  442.2, minPhero 0.01(237), stagnancy 5.3%
[35m[MSG][0m itr   359, best 5575.3418, time  443.3, minPhero 0.01(237), stagnancy 5.7%
[35m[MSG][0m itr   360, best 5575.3418, time  444.4, minPhero 0.01(237), stagnancy 6.0%
[35m[MSG][0m itr   361, best 5575.3418, time  445.7, minPhero 0.01(237), stagnancy 6.3%
[35m[MSG][0m itr   362, best 5575.3418, time  446.8, minPhero 0.01(232), stagnancy 6.7%
[35m[MSG][0m itr   363, best 5575.3418, time  448.0, minPhero 0.01(232), stagnancy 7.0%
[35m[MSG][0m itr   364, best 5575.3418, time  449.2, minPhero 0.01(232), stagnancy 7.3%
[35m[MSG][0m itr   365, best 5575.3418, time  450.4, minPhero 0.01(232), stagnancy 7.7%
[35m[MSG][0m itr   366, best 5575.3418, time  451.6, minPhero 0.01(232), stagnancy 8.0%
[35m[MSG][0m itr   367, best 5575.3418, time  452.8, minPhero 0.01(232), stagnancy 8.3%
[35m[MSG][0m itr   368, best 5575.3418, time  454.1, minPhero 0.01(232), stagnancy 8.7%
[35m[MSG][0m itr   369, best 5575.3418, time  455.3, minPhero 0.01(232), stagnancy 9.0%
[35m[MSG][0m itr   370, best 5575.3418, time  456.5, minPhero 0.01(232), stagnancy 9.3%
[35m[MSG][0m itr   371, best 5575.3418, time  457.7, minPhero 0.01(232), stagnancy 9.7%
[35m[MSG][0m itr   372, best 5575.3418, time  458.9, minPhero 0.01(232), stagnancy 10.0%
[35m[MSG][0m itr   373, best 5575.3418, time  460.1, minPhero 0.01(232), stagnancy 10.3%
[35m[MSG][0m itr   374, best 5575.3418, time  461.3, minPhero 0.01(232), stagnancy 10.7%
[35m[MSG][0m itr   375, best 5575.3418, time  462.5, minPhero 0.01(232), stagnancy 11.0%
[35m[MSG][0m itr   376, best 5575.3418, time  463.7, minPhero 0.01(232), stagnancy 11.3%
[35m[MSG][0m itr   377, best 5575.3418, time  464.9, minPhero 0.01(232), stagnancy 11.7%
[35m[MSG][0m itr   378, best 5575.3418, time  466.1, minPhero 0.01(232), stagnancy 12.0%
[35m[MSG][0m itr   379, best 5575.3418, time  467.3, minPhero 0.01(232), stagnancy 12.3%
[35m[MSG][0m itr   380, best 5575.3418, time  468.5, minPhero 0.01(232), stagnancy 12.7%
[35m[MSG][0m itr   381, best 5575.3418, time  469.7, minPhero 0.01(232), stagnancy 13.0%
[35m[MSG][0m itr   382, best 5575.3418, time  470.9, minPhero 0.01(232), stagnancy 13.3%
[35m[MSG][0m itr   383, best 5575.3418, time  472.2, minPhero 0.01(232), stagnancy 13.7%
[35m[MSG][0m itr   384, best 5575.3418, time  473.5, minPhero 0.01(232), stagnancy 14.0%
[35m[MSG][0m itr   385, best 5575.3418, time  474.9, minPhero 0.01(232), stagnancy 14.3%
[35m[MSG][0m itr   386, best 5575.3418, time  476.2, minPhero 0.01(232), stagnancy 14.7%
[35m[MSG][0m itr   387, best 5575.3418, time  477.6, minPhero 0.01(232), stagnancy 15.0%
[35m[MSG][0m itr   388, best 5575.3418, time  478.9, minPhero 0.01(232), stagnancy 15.3%
[35m[MSG][0m itr   389, best 5575.3418, time  480.3, minPhero 0.01(232), stagnancy 15.7%
[35m[MSG][0m itr   390, best 5575.3418, time  481.7, minPhero 0.01(232), stagnancy 16.0%
[35m[MSG][0m itr   391, best 5575.3418, time  482.9, minPhero 0.01(232), stagnancy 16.3%
[35m[MSG][0m itr   392, best 5575.3418, time  484.2, minPhero 0.01(232), stagnancy 16.7%
[35m[MSG][0m itr   393, best 5575.3418, time  485.5, minPhero 0.01(232), stagnancy 17.0%
[35m[MSG][0m itr   394, best 5575.3418, time  486.9, minPhero 0.01(232), stagnancy 17.3%
[35m[MSG][0m itr   395, best 5575.3418, time  488.2, minPhero 0.01(232), stagnancy 17.7%
[35m[MSG][0m itr   396, best 5575.3418, time  489.6, minPhero 0.01(232), stagnancy 18.0%
[35m[MSG][0m itr   397, best 5575.3418, time  490.9, minPhero 0.01(232), stagnancy 18.3%
[35m[MSG][0m itr   398, best 5575.3418, time  492.3, minPhero 0.01(232), stagnancy 18.7%
[35m[MSG][0m itr   399, best 5575.3418, time  493.6, minPhero 0.01(232), stagnancy 19.0%
[35m[MSG][0m itr   400, best 5575.3418, time  495.0, minPhero 0.01(232), stagnancy 19.3%
[35m[MSG][0m itr   401, best 5575.3418, time  496.4, minPhero 0.01(232), stagnancy 19.7%
[35m[MSG][0m itr   402, best 5575.3418, time  497.8, minPhero 0.01(232), stagnancy 20.0%
[35m[MSG][0m itr   403, best 5575.3418, time  499.0, minPhero 0.01(232), stagnancy 20.3%
[35m[MSG][0m itr   404, best 5575.3418, time  500.3, minPhero 0.01(232), stagnancy 20.7%
[35m[MSG][0m itr   405, best 5575.3418, time  501.5, minPhero 0.01(232), stagnancy 21.0%
[35m[MSG][0m itr   406, best 5575.3418, time  502.7, minPhero 0.01(232), stagnancy 21.3%
[35m[MSG][0m itr   407, best 5575.3418, time  503.9, minPhero 0.01(232), stagnancy 21.7%
[35m[MSG][0m itr   408, best 5575.3418, time  505.1, minPhero 0.01(232), stagnancy 22.0%
[35m[MSG][0m itr   409, best 5575.3418, time  506.3, minPhero 0.01(232), stagnancy 22.3%
[35m[MSG][0m itr   410, best 5575.3418, time  507.5, minPhero 0.01(232), stagnancy 22.7%
[35m[MSG][0m itr   411, best 5575.3418, time  508.7, minPhero 0.01(232), stagnancy 23.0%
[35m[MSG][0m itr   412, best 5575.3418, time  509.9, minPhero 0.01(232), stagnancy 23.3%
[35m[MSG][0m itr   413, best 5575.3418, time  511.1, minPhero 0.01(232), stagnancy 23.7%
[35m[MSG][0m itr   414, best 5575.3418, time  512.3, minPhero 0.01(232), stagnancy 24.0%
[35m[MSG][0m itr   415, best 5575.3418, time  513.5, minPhero 0.01(232), stagnancy 24.3%
[35m[MSG][0m itr   416, best 5575.3418, time  514.7, minPhero 0.01(232), stagnancy 24.7%
[35m[MSG][0m itr   417, best 5575.3418, time  515.9, minPhero 0.01(232), stagnancy 25.0%
[35m[MSG][0m itr   418, best 5575.3418, time  517.1, minPhero 0.01(232), stagnancy 25.3%
[35m[MSG][0m itr   419, best 5575.3418, time  518.3, minPhero 0.01(232), stagnancy 25.7%
[35m[MSG][0m itr   420, best 5575.3418, time  519.6, minPhero 0.01(232), stagnancy 26.0%
[35m[MSG][0m itr   421, best 5575.3418, time  520.6, minPhero 0.01(232), stagnancy 26.3%
[35m[MSG][0m itr   422, best 5575.3418, time  521.8, minPhero 0.01(232), stagnancy 26.7%
[35m[MSG][0m itr   423, best 5575.3418, time  523.0, minPhero 0.01(232), stagnancy 27.0%
[35m[MSG][0m itr   424, best 5575.3418, time  524.2, minPhero 0.01(232), stagnancy 27.3%
[35m[MSG][0m itr   425, best 5575.3418, time  525.4, minPhero 0.01(232), stagnancy 27.7%
[35m[MSG][0m itr   426, best 5575.3418, time  526.5, minPhero 0.01(232), stagnancy 28.0%
[35m[MSG][0m itr   427, best 5575.3418, time  527.8, minPhero 0.01(232), stagnancy 28.3%
[35m[MSG][0m itr   428, best 5575.3418, time  529.0, minPhero 0.01(232), stagnancy 28.7%
[35m[MSG][0m itr   429, best 5575.3418, time  530.2, minPhero 0.01(232), stagnancy 29.0%
[35m[MSG][0m itr   430, best 5575.3418, time  531.4, minPhero 0.01(232), stagnancy 29.3%
[35m[MSG][0m itr   431, best 5575.3418, time  532.6, minPhero 0.01(232), stagnancy 29.7%
[35m[MSG][0m itr   432, best 5575.3418, time  533.8, minPhero 0.01(232), stagnancy 30.0%
[35m[MSG][0m itr   433, best 5575.3418, time  535.0, minPhero 0.01(232), stagnancy 30.3%
[35m[MSG][0m itr   434, best 5575.3418, time  536.1, minPhero 0.01(232), stagnancy 30.7%
[35m[MSG][0m itr   435, best 5575.3418, time  537.4, minPhero 0.01(232), stagnancy 31.0%
[35m[MSG][0m itr   436, best 5575.3418, time  538.8, minPhero 0.01(232), stagnancy 31.3%
[35m[MSG][0m itr   437, best 5575.3418, time  540.1, minPhero 0.01(232), stagnancy 31.7%
[35m[MSG][0m itr   438, best 5575.3418, time  541.4, minPhero 0.01(232), stagnancy 32.0%
[35m[MSG][0m itr   439, best 5575.3418, time  542.7, minPhero 0.01(232), stagnancy 32.3%
[35m[MSG][0m itr   440, best 5575.3418, time  544.1, minPhero 0.01(232), stagnancy 32.7%
[35m[MSG][0m itr   441, best 5575.3418, time  545.5, minPhero 0.01(232), stagnancy 33.0%
[35m[MSG][0m itr   442, best 5575.3418, time  546.9, minPhero 0.01(232), stagnancy 33.3%
[35m[MSG][0m itr   443, best 5575.3418, time  548.2, minPhero 0.01(232), stagnancy 33.7%
[35m[MSG][0m itr   444, best 5575.3418, time  549.5, minPhero 0.01(232), stagnancy 34.0%
[35m[MSG][0m itr   445, best 5575.3418, time  550.9, minPhero 0.01(232), stagnancy 34.3%
[35m[MSG][0m itr   446, best 5575.3418, time  552.2, minPhero 0.01(232), stagnancy 34.7%
[35m[MSG][0m itr   447, best 5575.3418, time  553.6, minPhero 0.01(232), stagnancy 35.0%
[35m[MSG][0m itr   448, best 5575.3418, time  554.9, minPhero 0.01(232), stagnancy 35.3%
[35m[MSG][0m itr   449, best 5575.3418, time  556.3, minPhero 0.01(232), stagnancy 35.7%
[35m[MSG][0m itr   450, best 5575.3418, time  557.7, minPhero 0.01(232), stagnancy 36.0%
[35m[MSG][0m itr   451, best 5575.3418, time  559.0, minPhero 0.01(232), stagnancy 36.3%
[35m[MSG][0m itr   452, best 5575.3418, time  560.3, minPhero 0.01(232), stagnancy 36.7%
[35m[MSG][0m itr   453, best 5575.3418, time  561.7, minPhero 0.01(232), stagnancy 37.0%
[35m[MSG][0m itr   454, best 5575.3418, time  563.0, minPhero 0.01(232), stagnancy 37.3%
[35m[MSG][0m itr   455, best 5575.3418, time  564.2, minPhero 0.01(232), stagnancy 37.7%
[35m[MSG][0m itr   456, best 5575.3418, time  565.6, minPhero 0.01(232), stagnancy 38.0%
[35m[MSG][0m itr   457, best 5575.3418, time  566.8, minPhero 0.01(232), stagnancy 38.3%
[35m[MSG][0m itr   458, best 5575.3418, time  567.9, minPhero 0.01(232), stagnancy 38.7%
[35m[MSG][0m itr   459, best 5575.3418, time  569.0, minPhero 0.01(232), stagnancy 39.0%
[35m[MSG][0m itr   460, best 5575.3418, time  570.3, minPhero 0.01(232), stagnancy 39.3%
[35m[MSG][0m itr   461, best 5575.3418, time  571.5, minPhero 0.01(232), stagnancy 39.7%
[35m[MSG][0m itr   462, best 5575.3418, time  572.7, minPhero 0.01(232), stagnancy 40.0%
[35m[MSG][0m itr   463, best 5575.3418, time  573.8, minPhero 0.01(232), stagnancy 40.3%
[35m[MSG][0m itr   464, best 5575.3418, time  575.0, minPhero 0.01(232), stagnancy 40.7%
[35m[MSG][0m itr   465, best 5575.3418, time  576.3, minPhero 0.01(232), stagnancy 41.0%
[35m[MSG][0m itr   466, best 5575.3418, time  577.4, minPhero 0.01(232), stagnancy 41.3%
[35m[MSG][0m itr   467, best 5575.3418, time  578.6, minPhero 0.01(232), stagnancy 41.7%
[35m[MSG][0m itr   468, best 5575.3418, time  579.9, minPhero 0.01(232), stagnancy 42.0%
[35m[MSG][0m itr   469, best 5575.3418, time  581.1, minPhero 0.01(232), stagnancy 42.3%
[35m[MSG][0m itr   470, best 5575.3418, time  582.3, minPhero 0.01(232), stagnancy 42.7%
[35m[MSG][0m itr   471, best 5575.3418, time  583.5, minPhero 0.01(232), stagnancy 43.0%
[35m[MSG][0m itr   472, best 5575.3418, time  584.7, minPhero 0.01(232), stagnancy 43.3%
[35m[MSG][0m itr   473, best 5575.3418, time  585.8, minPhero 0.01(232), stagnancy 43.7%
[35m[MSG][0m itr   474, best 5575.3418, time  587.1, minPhero 0.01(232), stagnancy 44.0%
[35m[MSG][0m itr   475, best 5575.3418, time  588.3, minPhero 0.01(232), stagnancy 44.3%
[35m[MSG][0m itr   476, best 5575.3418, time  589.5, minPhero 0.01(232), stagnancy 44.7%
[35m[MSG][0m itr   477, best 5575.3418, time  590.7, minPhero 0.01(232), stagnancy 45.0%
[35m[MSG][0m itr   478, best 5575.3418, time  591.8, minPhero 0.01(232), stagnancy 45.3%
[35m[MSG][0m itr   479, best 5575.3418, time  593.0, minPhero 0.01(232), stagnancy 45.7%
[35m[MSG][0m itr   480, best 5575.3418, time  594.1, minPhero 0.01(232), stagnancy 46.0%
[35m[MSG][0m itr   481, best 5575.3418, time  595.4, minPhero 0.01(232), stagnancy 46.3%
[35m[MSG][0m itr   482, best 5575.3418, time  596.5, minPhero 0.01(232), stagnancy 46.7%
[35m[MSG][0m itr   483, best 5575.3418, time  597.8, minPhero 0.01(232), stagnancy 47.0%
[35m[MSG][0m itr   484, best 5575.3418, time  598.9, minPhero 0.01(232), stagnancy 47.3%
[35m[MSG][0m itr   485, best 5575.3418, time  600.1, minPhero 0.01(232), stagnancy 47.7%
[35m[MSG][0m itr   486, best 5575.3418, time  601.4, minPhero 0.01(232), stagnancy 48.0%
[35m[MSG][0m itr   487, best 5575.3418, time  602.5, minPhero 0.01(232), stagnancy 48.3%
[35m[MSG][0m itr   488, best 5575.3418, time  603.9, minPhero 0.01(232), stagnancy 48.7%
[35m[MSG][0m itr   489, best 5575.3418, time  605.2, minPhero 0.01(232), stagnancy 49.0%
[35m[MSG][0m itr   490, best 5575.3418, time  606.6, minPhero 0.01(232), stagnancy 49.3%
[35m[MSG][0m itr   491, best 5575.3418, time  608.0, minPhero 0.01(232), stagnancy 49.7%
[35m[MSG][0m itr   492, best 5575.3418, time  609.3, minPhero 0.01(232), stagnancy 50.0%
[35m[MSG][0m itr   493, best 5575.3418, time  610.7, minPhero 0.01(232), stagnancy 50.3%
[35m[MSG][0m itr   494, best 5575.3418, time  612.1, minPhero 0.01(232), stagnancy 50.7%
[35m[MSG][0m itr   495, best 5575.3418, time  613.4, minPhero 0.01(232), stagnancy 51.0%
[35m[MSG][0m itr   496, best 5575.3418, time  614.8, minPhero 0.01(232), stagnancy 51.3%
[35m[MSG][0m itr   497, best 5575.3418, time  616.2, minPhero 0.01(232), stagnancy 51.7%
[35m[MSG][0m itr   498, best 5575.3418, time  617.6, minPhero 0.01(232), stagnancy 52.0%
[35m[MSG][0m itr   499, best 5575.3418, time  619.0, minPhero 0.01(232), stagnancy 52.3%
[35m[MSG][0m itr   500, best 5575.3418, time  620.4, minPhero 0.01(232), stagnancy 52.7%
[35m[MSG][0m itr   501, best 5575.3418, time  621.7, minPhero 0.01(232), stagnancy 53.0%
[35m[MSG][0m itr   502, best 5575.3418, time  623.1, minPhero 0.01(232), stagnancy 53.3%
[35m[MSG][0m itr   503, best 5575.3418, time  624.4, minPhero 0.01(232), stagnancy 53.7%
[35m[MSG][0m itr   504, best 5575.3418, time  625.8, minPhero 0.01(232), stagnancy 54.0%
[35m[MSG][0m itr   505, best 5575.3418, time  627.1, minPhero 0.01(232), stagnancy 54.3%
[35m[MSG][0m itr   506, best 5575.3418, time  628.4, minPhero 0.01(232), stagnancy 54.7%
[35m[MSG][0m itr   507, best 5575.3418, time  629.6, minPhero 0.01(232), stagnancy 55.0%
[35m[MSG][0m itr   508, best 5575.3418, time  631.0, minPhero 0.01(232), stagnancy 55.3%
[35m[MSG][0m itr   509, best 5575.3418, time  632.2, minPhero 0.01(232), stagnancy 55.7%
[35m[MSG][0m itr   510, best 5575.3418, time  633.4, minPhero 0.01(232), stagnancy 56.0%
[35m[MSG][0m itr   511, best 5575.3418, time  634.6, minPhero 0.01(232), stagnancy 56.3%
[35m[MSG][0m itr   512, best 5575.3418, time  635.7, minPhero 0.01(232), stagnancy 56.7%
[35m[MSG][0m itr   513, best 5575.3418, time  636.8, minPhero 0.01(232), stagnancy 57.0%
[35m[MSG][0m itr   514, best 5575.3418, time  638.0, minPhero 0.01(232), stagnancy 57.3%
[35m[MSG][0m itr   515, best 5575.3418, time  639.1, minPhero 0.01(232), stagnancy 57.7%
[35m[MSG][0m itr   516, best 5575.3418, time  640.3, minPhero 0.01(232), stagnancy 58.0%
[35m[MSG][0m itr   517, best 5575.3418, time  641.5, minPhero 0.01(232), stagnancy 58.3%
[35m[MSG][0m itr   518, best 5575.3418, time  642.7, minPhero 0.01(232), stagnancy 58.7%
[35m[MSG][0m itr   519, best 5575.3418, time  643.9, minPhero 0.01(232), stagnancy 59.0%
[35m[MSG][0m itr   520, best 5575.3418, time  645.0, minPhero 0.01(232), stagnancy 59.3%
[35m[MSG][0m itr   521, best 5575.3418, time  646.2, minPhero 0.01(232), stagnancy 59.7%
[35m[MSG][0m itr   522, best 5575.3418, time  647.4, minPhero 0.01(232), stagnancy 60.0%
[35m[MSG][0m itr   523, best 5575.3418, time  648.5, minPhero 0.01(232), stagnancy 60.3%
[35m[MSG][0m itr   524, best 5575.3418, time  649.7, minPhero 0.01(232), stagnancy 60.7%
[35m[MSG][0m itr   525, best 5575.3418, time  650.8, minPhero 0.01(232), stagnancy 61.0%
[35m[MSG][0m itr   526, best 5575.3418, time  651.9, minPhero 0.01(232), stagnancy 61.3%
[35m[MSG][0m itr   527, best 5575.3418, time  653.1, minPhero 0.01(232), stagnancy 61.7%
[35m[MSG][0m itr   528, best 5575.3418, time  654.3, minPhero 0.01(232), stagnancy 62.0%
[35m[MSG][0m itr   529, best 5575.3418, time  655.4, minPhero 0.01(232), stagnancy 62.3%
[35m[MSG][0m itr   530, best 5575.3418, time  656.6, minPhero 0.01(232), stagnancy 62.7%
[35m[MSG][0m itr   531, best 5575.3418, time  657.8, minPhero 0.01(232), stagnancy 63.0%
[35m[MSG][0m itr   532, best 5575.3418, time  659.0, minPhero 0.01(232), stagnancy 63.3%
[35m[MSG][0m itr   533, best 5575.3418, time  660.2, minPhero 0.01(232), stagnancy 63.7%
[35m[MSG][0m itr   534, best 5575.3418, time  661.4, minPhero 0.01(232), stagnancy 64.0%
[35m[MSG][0m itr   535, best 5575.3418, time  662.7, minPhero 0.01(232), stagnancy 64.3%
[35m[MSG][0m itr   536, best 5575.3418, time  663.9, minPhero 0.01(232), stagnancy 64.7%
[35m[MSG][0m itr   537, best 5575.3418, time  665.2, minPhero 0.01(232), stagnancy 65.0%
[35m[MSG][0m itr   538, best 5575.3418, time  666.6, minPhero 0.01(232), stagnancy 65.3%
[35m[MSG][0m itr   539, best 5575.3418, time  667.9, minPhero 0.01(232), stagnancy 65.7%
[35m[MSG][0m itr   540, best 5575.3418, time  669.3, minPhero 0.01(232), stagnancy 66.0%
[35m[MSG][0m itr   541, best 5575.3418, time  670.7, minPhero 0.01(232), stagnancy 66.3%
[35m[MSG][0m itr   542, best 5575.3418, time  672.0, minPhero 0.01(232), stagnancy 66.7%
[35m[MSG][0m itr   543, best 5575.3418, time  673.4, minPhero 0.01(232), stagnancy 67.0%
[35m[MSG][0m itr   544, best 5575.3418, time  674.7, minPhero 0.01(232), stagnancy 67.3%
[35m[MSG][0m itr   545, best 5575.3418, time  676.0, minPhero 0.01(232), stagnancy 67.7%
[35m[MSG][0m itr   546, best 5575.3418, time  677.4, minPhero 0.01(232), stagnancy 68.0%
[35m[MSG][0m itr   547, best 5575.3418, time  678.8, minPhero 0.01(232), stagnancy 68.3%
[35m[MSG][0m itr   548, best 5575.3418, time  680.1, minPhero 0.01(232), stagnancy 68.7%
[35m[MSG][0m itr   549, best 5575.3418, time  681.5, minPhero 0.01(232), stagnancy 69.0%
[35m[MSG][0m itr   550, best 5575.3418, time  682.9, minPhero 0.01(232), stagnancy 69.3%
[35m[MSG][0m itr   551, best 5575.3418, time  684.3, minPhero 0.01(232), stagnancy 69.7%
[35m[MSG][0m itr   552, best 5575.3418, time  685.7, minPhero 0.01(232), stagnancy 70.0%
[35m[MSG][0m itr   553, best 5575.3418, time  687.0, minPhero 0.01(232), stagnancy 70.3%
[35m[MSG][0m itr   554, best 5575.3418, time  688.4, minPhero 0.01(232), stagnancy 70.7%
[35m[MSG][0m itr   555, best 5575.3418, time  689.7, minPhero 0.01(232), stagnancy 71.0%
[35m[MSG][0m itr   556, best 5575.3418, time  691.1, minPhero 0.01(232), stagnancy 71.3%
[35m[MSG][0m itr   557, best 5575.3418, time  692.4, minPhero 0.01(232), stagnancy 71.7%
[35m[MSG][0m itr   558, best 5575.3418, time  693.6, minPhero 0.01(232), stagnancy 72.0%
[35m[MSG][0m itr   559, best 5575.3418, time  694.8, minPhero 0.01(232), stagnancy 72.3%
[35m[MSG][0m itr   560, best 5575.3418, time  696.0, minPhero 0.01(232), stagnancy 72.7%
[35m[MSG][0m itr   561, best 5575.3418, time  697.2, minPhero 0.01(232), stagnancy 73.0%
[35m[MSG][0m itr   562, best 5575.3418, time  698.4, minPhero 0.01(232), stagnancy 73.3%
[35m[MSG][0m itr   563, best 5575.3418, time  699.6, minPhero 0.01(232), stagnancy 73.7%
[35m[MSG][0m itr   564, best 5575.3418, time  700.8, minPhero 0.01(232), stagnancy 74.0%
[35m[MSG][0m itr   565, best 5575.3418, time  702.0, minPhero 0.01(232), stagnancy 74.3%
[35m[MSG][0m itr   566, best 5575.3418, time  703.2, minPhero 0.01(232), stagnancy 74.7%
[35m[MSG][0m itr   567, best 5575.3418, time  704.4, minPhero 0.01(232), stagnancy 75.0%
[35m[MSG][0m itr   568, best 5575.3418, time  705.6, minPhero 0.01(232), stagnancy 75.3%
[35m[MSG][0m itr   569, best 5575.3418, time  706.8, minPhero 0.01(232), stagnancy 75.7%
[35m[MSG][0m itr   570, best 5575.3418, time  708.0, minPhero 0.01(232), stagnancy 76.0%
[35m[MSG][0m itr   571, best 5575.3418, time  709.2, minPhero 0.01(232), stagnancy 76.3%
[35m[MSG][0m itr   572, best 5575.3418, time  710.4, minPhero 0.01(232), stagnancy 76.7%
[35m[MSG][0m itr   573, best 5575.3418, time  711.6, minPhero 0.01(232), stagnancy 77.0%
[35m[MSG][0m itr   574, best 5575.3418, time  712.8, minPhero 0.01(232), stagnancy 77.3%
[35m[MSG][0m itr   575, best 5575.3418, time  714.0, minPhero 0.01(232), stagnancy 77.7%
[35m[MSG][0m itr   576, best 5575.3418, time  715.2, minPhero 0.01(232), stagnancy 78.0%
[35m[MSG][0m itr   577, best 5575.3418, time  716.4, minPhero 0.01(232), stagnancy 78.3%
[35m[MSG][0m itr   578, best 5575.3418, time  717.6, minPhero 0.01(232), stagnancy 78.7%
[35m[MSG][0m itr   579, best 5575.3418, time  718.8, minPhero 0.01(232), stagnancy 79.0%
[35m[MSG][0m itr   580, best 5575.3418, time  720.0, minPhero 0.01(232), stagnancy 79.3%
[35m[MSG][0m itr   581, best 5575.3418, time  721.2, minPhero 0.01(232), stagnancy 79.7%
[35m[MSG][0m itr   582, best 5575.3418, time  722.4, minPhero 0.01(232), stagnancy 80.0%
[35m[MSG][0m itr   583, best 5575.3418, time  723.6, minPhero 0.01(232), stagnancy 80.3%
[35m[MSG][0m itr   584, best 5575.3418, time  724.8, minPhero 0.01(232), stagnancy 80.7%
[35m[MSG][0m itr   585, best 5575.3418, time  726.0, minPhero 0.01(232), stagnancy 81.0%
[35m[MSG][0m itr   586, best 5575.3418, time  727.3, minPhero 0.01(232), stagnancy 81.3%
[35m[MSG][0m itr   587, best 5575.3418, time  728.7, minPhero 0.01(232), stagnancy 81.7%
[35m[MSG][0m itr   588, best 5575.3418, time  730.0, minPhero 0.01(232), stagnancy 82.0%
[35m[MSG][0m itr   589, best 5575.3418, time  731.4, minPhero 0.01(232), stagnancy 82.3%
[35m[MSG][0m itr   590, best 5575.3418, time  732.8, minPhero 0.01(232), stagnancy 82.7%
[35m[MSG][0m itr   591, best 5575.3418, time  734.1, minPhero 0.01(232), stagnancy 83.0%
[35m[MSG][0m itr   592, best 5575.3418, time  735.5, minPhero 0.01(232), stagnancy 83.3%
[35m[MSG][0m itr   593, best 5575.3418, time  736.9, minPhero 0.01(232), stagnancy 83.7%
[35m[MSG][0m itr   594, best 5575.3418, time  738.2, minPhero 0.01(232), stagnancy 84.0%
[35m[MSG][0m itr   595, best 5575.3418, time  739.6, minPhero 0.01(232), stagnancy 84.3%
[35m[MSG][0m itr   596, best 5575.3418, time  741.0, minPhero 0.01(232), stagnancy 84.7%
[35m[MSG][0m itr   597, best 5575.3418, time  742.3, minPhero 0.01(232), stagnancy 85.0%
[35m[MSG][0m itr   598, best 5575.3418, time  743.7, minPhero 0.01(232), stagnancy 85.3%
[35m[MSG][0m itr   599, best 5575.3418, time  745.0, minPhero 0.01(232), stagnancy 85.7%
[35m[MSG][0m itr   600, best 5575.3418, time  746.4, minPhero 0.01(232), stagnancy 86.0%
[35m[MSG][0m itr   601, best 5575.3418, time  747.8, minPhero 0.01(232), stagnancy 86.3%
[35m[MSG][0m itr   602, best 5575.3418, time  749.2, minPhero 0.01(232), stagnancy 86.7%
[35m[MSG][0m itr   603, best 5575.3418, time  750.6, minPhero 0.01(232), stagnancy 87.0%
[35m[MSG][0m itr   604, best 5575.3418, time  751.9, minPhero 0.01(232), stagnancy 87.3%
[35m[MSG][0m itr   605, best 5575.3418, time  753.2, minPhero 0.01(232), stagnancy 87.7%
[35m[MSG][0m itr   606, best 5575.3418, time  754.5, minPhero 0.01(232), stagnancy 88.0%
[35m[MSG][0m itr   607, best 5575.3418, time  755.9, minPhero 0.01(232), stagnancy 88.3%
[35m[MSG][0m itr   608, best 5575.3418, time  757.0, minPhero 0.01(232), stagnancy 88.7%
[35m[MSG][0m itr   609, best 5575.3418, time  758.1, minPhero 0.01(232), stagnancy 89.0%
[35m[MSG][0m itr   610, best 5575.3418, time  759.3, minPhero 0.01(232), stagnancy 89.3%
[35m[MSG][0m itr   611, best 5575.3418, time  760.5, minPhero 0.01(232), stagnancy 89.7%
[35m[MSG][0m itr   612, best 5575.3418, time  761.8, minPhero 0.01(232), stagnancy 90.0%
[35m[MSG][0m itr   613, best 5575.3418, time  762.9, minPhero 0.01(232), stagnancy 90.3%
[35m[MSG][0m itr   614, best 5575.3418, time  764.1, minPhero 0.01(232), stagnancy 90.7%
[35m[MSG][0m itr   615, best 5575.3418, time  765.3, minPhero 0.01(232), stagnancy 91.0%
[35m[MSG][0m itr   616, best 5575.3418, time  766.6, minPhero 0.01(232), stagnancy 91.3%
[35m[MSG][0m itr   617, best 5575.3418, time  767.8, minPhero 0.01(232), stagnancy 91.7%
[35m[MSG][0m itr   618, best 5575.3418, time  769.0, minPhero 0.01(232), stagnancy 92.0%
[35m[MSG][0m itr   619, best 5575.3418, time  770.2, minPhero 0.01(232), stagnancy 92.3%
[35m[MSG][0m itr   620, best 5575.3418, time  771.5, minPhero 0.01(232), stagnancy 92.7%
[35m[MSG][0m itr   621, best 5575.3418, time  772.6, minPhero 0.01(232), stagnancy 93.0%
[35m[MSG][0m itr   622, best 5575.3418, time  773.8, minPhero 0.01(232), stagnancy 93.3%
[35m[MSG][0m itr   623, best 5575.3418, time  775.1, minPhero 0.01(232), stagnancy 93.7%
[35m[MSG][0m itr   624, best 5575.3418, time  776.3, minPhero 0.01(232), stagnancy 94.0%
[35m[MSG][0m itr   625, best 5575.3418, time  777.4, minPhero 0.01(232), stagnancy 94.3%
[35m[MSG][0m itr   626, best 5575.3418, time  778.6, minPhero 0.01(232), stagnancy 94.7%
[35m[MSG][0m itr   627, best 5575.3418, time  779.8, minPhero 0.01(232), stagnancy 95.0%
[35m[MSG][0m itr   628, best 5575.3418, time  781.1, minPhero 0.01(232), stagnancy 95.3%
[35m[MSG][0m itr   629, best 5575.3418, time  782.2, minPhero 0.01(232), stagnancy 95.7%
[35m[MSG][0m itr   630, best 5575.3418, time  783.4, minPhero 0.01(232), stagnancy 96.0%
[35m[MSG][0m itr   631, best 5575.3418, time  784.7, minPhero 0.01(232), stagnancy 96.3%
[35m[MSG][0m itr   632, best 5575.3418, time  785.9, minPhero 0.01(232), stagnancy 96.7%
[35m[MSG][0m itr   633, best 5575.3418, time  787.0, minPhero 0.01(232), stagnancy 97.0%
[35m[MSG][0m itr   634, best 5575.3418, time  788.3, minPhero 0.01(232), stagnancy 97.3%
[35m[MSG][0m itr   635, best 5575.3418, time  789.5, minPhero 0.01(232), stagnancy 97.7%
[35m[MSG][0m itr   636, best 5575.3418, time  790.7, minPhero 0.01(232), stagnancy 98.0%
[35m[MSG][0m itr   637, best 5575.3418, time  792.0, minPhero 0.01(232), stagnancy 98.3%
[35m[MSG][0m itr   638, best 5575.3418, time  793.3, minPhero 0.01(232), stagnancy 98.7%
[35m[MSG][0m itr   639, best 5575.3418, time  794.7, minPhero 0.01(232), stagnancy 99.0%
[35m[MSG][0m itr   640, best 5575.3418, time  796.1, minPhero 0.01(232), stagnancy 99.3%
[35m[MSG][0m itr   641, best 5575.3418, time  797.4, minPhero 0.01(232), stagnancy 99.7%
[35m[MSG][0m itr   642, best 5575.3418, time  798.8, minPhero 0.01(232), stagnancy 100.0%
[35m[MSG][0m Solution converged. Reinitialising pheromones...
[35m[MSG][0m Time: 798.78 s
[35m[MSG][0m Best cost: 5575.34
