[35m[MSG][0m Log level set to LOG_DEBUG
[35m[MSG][0m Parsing input from file "res/fruitybun250_2016.vrp"
[35m[MSG][0m Number of nodes: 250
[35m[MSG][0m Running ACO search
[35m[MSG][0m ACO settings: 
 alpha:     8.000
 beta:      1.000
 pers:      0.850
 minPhero:  0.015
 nbhood:    10
 popSize:   512
 maxStag:   300
[35m[MSG][0m itr     1, best 5776.6099, time    1.3, minPhero 0.85(28922), stagnancy 0.0%
[35m[MSG][0m itr     2, best 5735.3506, time    2.5, minPhero 0.72(28922), stagnancy 0.0%
[35m[MSG][0m itr     3, best 5735.3506, time    3.7, minPhero 0.61(28922), stagnancy 0.3%
[35m[MSG][0m itr     4, best 5735.3506, time    5.0, minPhero 0.52(28922), stagnancy 0.7%
[35m[MSG][0m itr     5, best 5735.1797, time    6.2, minPhero 0.44(28922), stagnancy 0.0%
[35m[MSG][0m itr     6, best 5723.0977, time    7.5, minPhero 0.38(28922), stagnancy 0.0%
[35m[MSG][0m itr     7, best 5723.0977, time    8.7, minPhero 0.32(28922), stagnancy 0.3%
[35m[MSG][0m itr     8, best 5716.4604, time   10.0, minPhero 0.27(28922), stagnancy 0.0%
[35m[MSG][0m itr     9, best 5716.4604, time   11.3, minPhero 0.23(28922), stagnancy 0.3%
[35m[MSG][0m itr    10, best 5716.4604, time   12.6, minPhero 0.20(28922), stagnancy 0.7%
[35m[MSG][0m itr    11, best 5698.8232, time   13.9, minPhero 0.17(28922), stagnancy 0.0%
[35m[MSG][0m itr    12, best 5698.8232, time   15.1, minPhero 0.14(28922), stagnancy 0.3%
[35m[MSG][0m itr    13, best 5695.4604, time   16.5, minPhero 0.12(28922), stagnancy 0.0%
[35m[MSG][0m itr    14, best 5678.0239, time   17.8, minPhero 0.10(28922), stagnancy 0.0%
[35m[MSG][0m itr    15, best 5678.0239, time   19.0, minPhero 0.09(28922), stagnancy 0.3%
[35m[MSG][0m itr    16, best 5678.0239, time   20.2, minPhero 0.07(28922), stagnancy 0.7%
[35m[MSG][0m itr    17, best 5678.0239, time   21.5, minPhero 0.06(28922), stagnancy 1.0%
[35m[MSG][0m itr    18, best 5678.0239, time   22.7, minPhero 0.05(28922), stagnancy 1.3%
[35m[MSG][0m itr    19, best 5678.0239, time   24.0, minPhero 0.05(28922), stagnancy 1.7%
[35m[MSG][0m itr    20, best 5672.8604, time   25.3, minPhero 0.04(28922), stagnancy 0.0%
[35m[MSG][0m itr    21, best 5672.8604, time   26.6, minPhero 0.03(28922), stagnancy 0.3%
[35m[MSG][0m itr    22, best 5672.8604, time   27.9, minPhero 0.03(28922), stagnancy 0.7%
[35m[MSG][0m itr    23, best 5672.8604, time   29.2, minPhero 0.02(612), stagnancy 1.0%
[35m[MSG][0m itr    24, best 5672.8604, time   30.5, minPhero 0.02(551), stagnancy 1.3%
[35m[MSG][0m itr    25, best 5672.8604, time   31.8, minPhero 0.02(518), stagnancy 1.7%
[35m[MSG][0m itr    26, best 5672.8604, time   33.1, minPhero 0.01(512), stagnancy 2.0%
[35m[MSG][0m itr    27, best 5672.8604, time   34.4, minPhero 0.01(451), stagnancy 2.3%
[35m[MSG][0m itr    28, best 5672.8604, time   35.7, minPhero 0.01(414), stagnancy 2.7%
[35m[MSG][0m itr    29, best 5668.5884, time   37.0, minPhero 0.01(415), stagnancy 0.0%
[35m[MSG][0m itr    30, best 5641.9653, time   38.3, minPhero 0.01(368), stagnancy 0.0%
[35m[MSG][0m itr    31, best 5641.9653, time   39.6, minPhero 0.01(345), stagnancy 0.3%
[35m[MSG][0m itr    32, best 5641.9653, time   40.9, minPhero 0.01(334), stagnancy 0.7%
[35m[MSG][0m itr    33, best 5641.9653, time   42.1, minPhero 0.01(323), stagnancy 1.0%
[35m[MSG][0m itr    34, best 5641.9653, time   43.4, minPhero 0.01(313), stagnancy 1.3%
[35m[MSG][0m itr    35, best 5637.8608, time   44.7, minPhero 0.01(315), stagnancy 0.0%
[35m[MSG][0m itr    36, best 5637.8608, time   45.9, minPhero 0.01(314), stagnancy 0.3%
[35m[MSG][0m itr    37, best 5637.5405, time   47.1, minPhero 0.01(315), stagnancy 0.0%
[35m[MSG][0m itr    38, best 5632.4028, time   48.4, minPhero 0.01(318), stagnancy 0.0%
[35m[MSG][0m itr    39, best 5632.4028, time   49.5, minPhero 0.01(318), stagnancy 0.3%
[35m[MSG][0m itr    40, best 5632.4028, time   50.6, minPhero 0.01(290), stagnancy 0.7%
[35m[MSG][0m itr    41, best 5631.8745, time   51.8, minPhero 0.01(280), stagnancy 0.0%
[35m[MSG][0m itr    42, best 5631.8745, time   53.0, minPhero 0.01(274), stagnancy 0.3%
[35m[MSG][0m Solution converged. Reinitialising pheromones...
[35m[MSG][0m itr    43, best 5631.8745, time   54.2, minPhero 0.85(28922), stagnancy 0.7%
[35m[MSG][0m itr    44, best 5631.8745, time   55.4, minPhero 0.72(28922), stagnancy 1.0%
[35m[MSG][0m itr    45, best 5631.8745, time   56.6, minPhero 0.61(28922), stagnancy 1.3%
[35m[MSG][0m itr    46, best 5631.8745, time   57.8, minPhero 0.52(28922), stagnancy 1.7%
[35m[MSG][0m itr    47, best 5631.8745, time   59.0, minPhero 0.44(28922), stagnancy 2.0%
[35m[MSG][0m itr    48, best 5631.8745, time   60.2, minPhero 0.38(28922), stagnancy 2.3%
[35m[MSG][0m itr    49, best 5631.8745, time   61.4, minPhero 0.32(28922), stagnancy 2.7%
[35m[MSG][0m itr    50, best 5631.8745, time   62.6, minPhero 0.27(28922), stagnancy 3.0%
[35m[MSG][0m itr    51, best 5631.8745, time   63.9, minPhero 0.23(28922), stagnancy 3.3%
[35m[MSG][0m itr    52, best 5631.8745, time   65.1, minPhero 0.20(28922), stagnancy 3.7%
[35m[MSG][0m itr    53, best 5631.8745, time   66.3, minPhero 0.17(28922), stagnancy 4.0%
[35m[MSG][0m itr    54, best 5631.8745, time   67.5, minPhero 0.14(28922), stagnancy 4.3%
[35m[MSG][0m itr    55, best 5631.8745, time   68.7, minPhero 0.12(28922), stagnancy 4.7%
[35m[MSG][0m itr    56, best 5631.8745, time   69.9, minPhero 0.10(28922), stagnancy 5.0%
[35m[MSG][0m itr    57, best 5631.8745, time   71.1, minPhero 0.09(28922), stagnancy 5.3%
[35m[MSG][0m itr    58, best 5631.8745, time   72.3, minPhero 0.07(28922), stagnancy 5.7%
[35m[MSG][0m itr    59, best 5631.8745, time   73.5, minPhero 0.06(28922), stagnancy 6.0%
[35m[MSG][0m itr    60, best 5631.8745, time   74.8, minPhero 0.05(28922), stagnancy 6.3%
[35m[MSG][0m itr    61, best 5631.8745, time   76.0, minPhero 0.05(28922), stagnancy 6.7%
[35m[MSG][0m itr    62, best 5628.7446, time   77.2, minPhero 0.04(28922), stagnancy 0.0%
[35m[MSG][0m itr    63, best 5628.7446, time   78.4, minPhero 0.03(28922), stagnancy 0.3%
[35m[MSG][0m itr    64, best 5628.4565, time   79.6, minPhero 0.03(28922), stagnancy 0.0%
[35m[MSG][0m itr    65, best 5626.0410, time   80.8, minPhero 0.02(252), stagnancy 0.0%
[35m[MSG][0m itr    66, best 5613.1113, time   82.0, minPhero 0.02(266), stagnancy 0.0%
[35m[MSG][0m itr    67, best 5613.1113, time   83.3, minPhero 0.02(266), stagnancy 0.3%
[35m[MSG][0m itr    68, best 5613.1113, time   84.5, minPhero 0.01(266), stagnancy 0.7%
[35m[MSG][0m itr    69, best 5613.1113, time   85.7, minPhero 0.01(266), stagnancy 1.0%
[35m[MSG][0m itr    70, best 5613.1113, time   86.9, minPhero 0.01(266), stagnancy 1.3%
[35m[MSG][0m itr    71, best 5613.0098, time   88.1, minPhero 0.01(267), stagnancy 0.0%
[35m[MSG][0m itr    72, best 5612.9800, time   89.3, minPhero 0.01(271), stagnancy 0.0%
[35m[MSG][0m itr    73, best 5607.3252, time   90.5, minPhero 0.01(282), stagnancy 0.0%
[35m[MSG][0m itr    74, best 5607.3252, time   91.8, minPhero 0.01(282), stagnancy 0.3%
[35m[MSG][0m itr    75, best 5606.8110, time   93.0, minPhero 0.01(298), stagnancy 0.0%
[35m[MSG][0m itr    76, best 5606.6348, time   94.2, minPhero 0.01(304), stagnancy 0.0%
[35m[MSG][0m itr    77, best 5606.6348, time   95.4, minPhero 0.01(301), stagnancy 0.3%
[35m[MSG][0m itr    78, best 5606.6348, time   96.6, minPhero 0.01(301), stagnancy 0.7%
[35m[MSG][0m itr    79, best 5606.6348, time   97.8, minPhero 0.01(297), stagnancy 1.0%
[35m[MSG][0m itr    80, best 5604.3159, time   99.0, minPhero 0.01(298), stagnancy 0.0%
[35m[MSG][0m itr    81, best 5603.8359, time  100.2, minPhero 0.01(303), stagnancy 0.0%
[35m[MSG][0m itr    82, best 5603.8359, time  101.4, minPhero 0.01(303), stagnancy 0.3%
[35m[MSG][0m itr    83, best 5597.5552, time  102.6, minPhero 0.01(305), stagnancy 0.0%
[35m[MSG][0m itr    84, best 5597.5552, time  103.8, minPhero 0.01(302), stagnancy 0.3%
[35m[MSG][0m itr    85, best 5597.5552, time  104.9, minPhero 0.01(302), stagnancy 0.7%
[35m[MSG][0m itr    86, best 5597.4443, time  106.2, minPhero 0.01(301), stagnancy 0.0%
[35m[MSG][0m itr    87, best 5596.3745, time  107.4, minPhero 0.01(290), stagnancy 0.0%
[35m[MSG][0m itr    88, best 5596.3745, time  108.6, minPhero 0.01(282), stagnancy 0.3%
[35m[MSG][0m itr    89, best 5596.3745, time  109.8, minPhero 0.01(281), stagnancy 0.7%
[35m[MSG][0m itr    90, best 5595.6792, time  111.0, minPhero 0.01(278), stagnancy 0.0%
[35m[MSG][0m itr    91, best 5593.9893, time  112.2, minPhero 0.01(285), stagnancy 0.0%
[35m[MSG][0m itr    92, best 5593.9893, time  113.4, minPhero 0.01(285), stagnancy 0.3%
[35m[MSG][0m itr    93, best 5593.9893, time  114.6, minPhero 0.01(282), stagnancy 0.7%
[35m[MSG][0m itr    94, best 5591.7964, time  115.8, minPhero 0.01(284), stagnancy 0.0%
[35m[MSG][0m itr    95, best 5591.7964, time  117.0, minPhero 0.01(282), stagnancy 0.3%
[35m[MSG][0m itr    96, best 5591.7964, time  118.2, minPhero 0.01(282), stagnancy 0.7%
[35m[MSG][0m itr    97, best 5591.2456, time  119.4, minPhero 0.01(281), stagnancy 0.0%
[35m[MSG][0m itr    98, best 5591.2432, time  120.6, minPhero 0.01(275), stagnancy 0.0%
[35m[MSG][0m itr    99, best 5591.2432, time  121.8, minPhero 0.01(275), stagnancy 0.3%
[35m[MSG][0m itr   100, best 5591.2432, time  123.0, minPhero 0.01(275), stagnancy 0.7%
[35m[MSG][0m itr   101, best 5591.2432, time  124.2, minPhero 0.01(270), stagnancy 1.0%
[35m[MSG][0m itr   102, best 5591.2432, time  125.4, minPhero 0.01(265), stagnancy 1.3%
[35m[MSG][0m itr   103, best 5589.3281, time  126.7, minPhero 0.01(269), stagnancy 0.0%
[35m[MSG][0m itr   104, best 5587.7769, time  127.9, minPhero 0.01(264), stagnancy 0.0%
[35m[MSG][0m itr   105, best 5586.9341, time  129.1, minPhero 0.01(262), stagnancy 0.0%
[35m[MSG][0m itr   106, best 5586.2803, time  130.3, minPhero 0.01(262), stagnancy 0.0%
[35m[MSG][0m itr   107, best 5586.2803, time  131.5, minPhero 0.01(261), stagnancy 0.3%
[35m[MSG][0m itr   108, best 5586.2803, time  132.7, minPhero 0.01(260), stagnancy 0.7%
[35m[MSG][0m itr   109, best 5583.7910, time  134.0, minPhero 0.01(263), stagnancy 0.0%
[35m[MSG][0m itr   110, best 5583.7910, time  135.2, minPhero 0.01(262), stagnancy 0.3%
[35m[MSG][0m itr   111, best 5583.7910, time  136.4, minPhero 0.01(259), stagnancy 0.7%
[35m[MSG][0m itr   112, best 5581.1113, time  137.6, minPhero 0.01(257), stagnancy 0.0%
[35m[MSG][0m itr   113, best 5581.1108, time  138.8, minPhero 0.01(253), stagnancy 0.0%
[35m[MSG][0m itr   114, best 5581.1108, time  140.0, minPhero 0.01(253), stagnancy 0.3%
[35m[MSG][0m itr   115, best 5581.1108, time  141.3, minPhero 0.01(250), stagnancy 0.7%
[35m[MSG][0m itr   116, best 5581.1108, time  142.4, minPhero 0.01(249), stagnancy 1.0%
[35m[MSG][0m itr   117, best 5581.1108, time  143.6, minPhero 0.01(246), stagnancy 1.3%
[35m[MSG][0m itr   118, best 5581.1108, time  144.8, minPhero 0.01(246), stagnancy 1.7%
[35m[MSG][0m itr   119, best 5580.5381, time  146.0, minPhero 0.01(249), stagnancy 0.0%
[35m[MSG][0m itr   120, best 5580.5381, time  147.3, minPhero 0.01(248), stagnancy 0.3%
[35m[MSG][0m itr   121, best 5580.5381, time  148.5, minPhero 0.01(247), stagnancy 0.7%
[35m[MSG][0m itr   122, best 5580.5381, time  149.6, minPhero 0.01(247), stagnancy 1.0%
[35m[MSG][0m itr   123, best 5580.5381, time  150.8, minPhero 0.01(246), stagnancy 1.3%
[35m[MSG][0m itr   124, best 5580.5381, time  152.0, minPhero 0.01(244), stagnancy 1.7%
[35m[MSG][0m itr   125, best 5580.5381, time  153.3, minPhero 0.01(243), stagnancy 2.0%
[35m[MSG][0m itr   126, best 5580.5376, time  154.5, minPhero 0.01(242), stagnancy 0.0%
[35m[MSG][0m itr   127, best 5580.5376, time  155.7, minPhero 0.01(242), stagnancy 0.3%
[35m[MSG][0m itr   128, best 5580.5376, time  156.9, minPhero 0.01(242), stagnancy 0.7%
[35m[MSG][0m itr   129, best 5580.5376, time  158.0, minPhero 0.01(242), stagnancy 1.0%
[35m[MSG][0m itr   130, best 5575.0483, time  159.2, minPhero 0.01(253), stagnancy 0.0%
[35m[MSG][0m itr   131, best 5575.0483, time  160.4, minPhero 0.01(249), stagnancy 0.3%
[35m[MSG][0m itr   132, best 5575.0483, time  161.6, minPhero 0.01(249), stagnancy 0.7%
[35m[MSG][0m itr   133, best 5575.0483, time  162.9, minPhero 0.01(249), stagnancy 1.0%
[35m[MSG][0m itr   134, best 5574.4736, time  164.1, minPhero 0.01(248), stagnancy 0.0%
[35m[MSG][0m itr   135, best 5574.4736, time  165.2, minPhero 0.01(248), stagnancy 0.3%
[35m[MSG][0m itr   136, best 5574.4736, time  166.4, minPhero 0.01(248), stagnancy 0.7%
[35m[MSG][0m itr   137, best 5574.4736, time  167.6, minPhero 0.01(248), stagnancy 1.0%
[35m[MSG][0m itr   138, best 5574.4736, time  168.8, minPhero 0.01(248), stagnancy 1.3%
[35m[MSG][0m itr   139, best 5574.4736, time  170.0, minPhero 0.01(248), stagnancy 1.7%
[35m[MSG][0m itr   140, best 5574.4736, time  171.2, minPhero 0.01(248), stagnancy 2.0%
[35m[MSG][0m itr   141, best 5574.4736, time  172.4, minPhero 0.01(246), stagnancy 2.3%
[35m[MSG][0m itr   142, best 5574.4731, time  173.6, minPhero 0.01(248), stagnancy 0.0%
[35m[MSG][0m itr   143, best 5574.4731, time  174.8, minPhero 0.01(248), stagnancy 0.3%
[35m[MSG][0m itr   144, best 5574.4731, time  176.0, minPhero 0.01(248), stagnancy 0.7%
[35m[MSG][0m itr   145, best 5574.4731, time  177.2, minPhero 0.01(248), stagnancy 1.0%
[35m[MSG][0m itr   146, best 5574.4731, time  178.4, minPhero 0.01(248), stagnancy 1.3%
[35m[MSG][0m itr   147, best 5574.4731, time  179.6, minPhero 0.01(248), stagnancy 1.7%
[35m[MSG][0m itr   148, best 5574.4731, time  180.8, minPhero 0.01(248), stagnancy 2.0%
[35m[MSG][0m itr   149, best 5574.4731, time  182.0, minPhero 0.01(248), stagnancy 2.3%
[35m[MSG][0m itr   150, best 5574.4731, time  183.2, minPhero 0.01(248), stagnancy 2.7%
[35m[MSG][0m itr   151, best 5574.4731, time  184.4, minPhero 0.01(245), stagnancy 3.0%
[35m[MSG][0m itr   152, best 5574.4731, time  185.6, minPhero 0.01(234), stagnancy 3.3%
[35m[MSG][0m itr   153, best 5574.4731, time  186.8, minPhero 0.01(234), stagnancy 3.7%
[35m[MSG][0m itr   154, best 5574.4731, time  188.0, minPhero 0.01(234), stagnancy 4.0%
[35m[MSG][0m itr   155, best 5574.4731, time  189.3, minPhero 0.01(234), stagnancy 4.3%
[35m[MSG][0m itr   156, best 5574.4731, time  190.5, minPhero 0.01(234), stagnancy 4.7%
[35m[MSG][0m itr   157, best 5574.4731, time  191.7, minPhero 0.01(234), stagnancy 5.0%
[35m[MSG][0m itr   158, best 5574.4731, time  192.9, minPhero 0.01(234), stagnancy 5.3%
[35m[MSG][0m itr   159, best 5574.0508, time  194.1, minPhero 0.01(237), stagnancy 0.0%
[35m[MSG][0m itr   160, best 5574.0508, time  195.2, minPhero 0.01(237), stagnancy 0.3%
[35m[MSG][0m itr   161, best 5574.0508, time  196.5, minPhero 0.01(237), stagnancy 0.7%
[35m[MSG][0m itr   162, best 5574.0508, time  197.7, minPhero 0.01(237), stagnancy 1.0%
[35m[MSG][0m itr   163, best 5574.0508, time  198.9, minPhero 0.01(237), stagnancy 1.3%
[35m[MSG][0m itr   164, best 5574.0508, time  200.1, minPhero 0.01(235), stagnancy 1.7%
[35m[MSG][0m itr   165, best 5574.0508, time  201.3, minPhero 0.01(235), stagnancy 2.0%
[35m[MSG][0m itr   166, best 5574.0508, time  202.4, minPhero 0.01(235), stagnancy 2.3%
[35m[MSG][0m itr   167, best 5574.0508, time  203.6, minPhero 0.01(235), stagnancy 2.7%
[35m[MSG][0m itr   168, best 5574.0508, time  204.9, minPhero 0.01(235), stagnancy 3.0%
[35m[MSG][0m itr   169, best 5574.0508, time  206.1, minPhero 0.01(235), stagnancy 3.3%
[35m[MSG][0m itr   170, best 5574.0508, time  207.3, minPhero 0.01(235), stagnancy 3.7%
[35m[MSG][0m itr   171, best 5574.0508, time  208.5, minPhero 0.01(235), stagnancy 4.0%
[35m[MSG][0m itr   172, best 5574.0508, time  209.7, minPhero 0.01(235), stagnancy 4.3%
[35m[MSG][0m itr   173, best 5574.0508, time  210.9, minPhero 0.01(235), stagnancy 4.7%
[35m[MSG][0m itr   174, best 5574.0508, time  212.1, minPhero 0.01(235), stagnancy 5.0%
[35m[MSG][0m itr   175, best 5574.0508, time  213.3, minPhero 0.01(235), stagnancy 5.3%
[35m[MSG][0m itr   176, best 5574.0508, time  214.5, minPhero 0.01(235), stagnancy 5.7%
[35m[MSG][0m itr   177, best 5574.0508, time  215.7, minPhero 0.01(235), stagnancy 6.0%
[35m[MSG][0m itr   178, best 5574.0508, time  216.9, minPhero 0.01(235), stagnancy 6.3%
[35m[MSG][0m itr   179, best 5574.0508, time  218.1, minPhero 0.01(235), stagnancy 6.7%
[35m[MSG][0m itr   180, best 5574.0508, time  219.3, minPhero 0.01(235), stagnancy 7.0%
[35m[MSG][0m itr   181, best 5574.0508, time  220.5, minPhero 0.01(232), stagnancy 7.3%
[35m[MSG][0m itr   182, best 5574.0508, time  221.7, minPhero 0.01(232), stagnancy 7.7%
[35m[MSG][0m itr   183, best 5574.0508, time  222.9, minPhero 0.01(232), stagnancy 8.0%
[35m[MSG][0m itr   184, best 5574.0508, time  224.1, minPhero 0.01(232), stagnancy 8.3%
[35m[MSG][0m itr   185, best 5574.0508, time  225.3, minPhero 0.01(232), stagnancy 8.7%
[35m[MSG][0m itr   186, best 5574.0508, time  226.5, minPhero 0.01(232), stagnancy 9.0%
[35m[MSG][0m itr   187, best 5574.0503, time  227.7, minPhero 0.01(232), stagnancy 0.0%
[35m[MSG][0m itr   188, best 5574.0503, time  228.9, minPhero 0.01(232), stagnancy 0.3%
[35m[MSG][0m itr   189, best 5574.0503, time  230.1, minPhero 0.01(232), stagnancy 0.7%
[35m[MSG][0m itr   190, best 5573.2441, time  231.3, minPhero 0.01(238), stagnancy 0.0%
[35m[MSG][0m itr   191, best 5573.2441, time  232.5, minPhero 0.01(238), stagnancy 0.3%
[35m[MSG][0m itr   192, best 5573.2441, time  233.7, minPhero 0.01(238), stagnancy 0.7%
[35m[MSG][0m itr   193, best 5573.2441, time  234.9, minPhero 0.01(238), stagnancy 1.0%
[35m[MSG][0m itr   194, best 5573.2441, time  236.1, minPhero 0.01(238), stagnancy 1.3%
[35m[MSG][0m itr   195, best 5573.1904, time  237.3, minPhero 0.01(239), stagnancy 0.0%
[35m[MSG][0m itr   196, best 5573.1904, time  238.5, minPhero 0.01(239), stagnancy 0.3%
[35m[MSG][0m itr   197, best 5573.1904, time  239.7, minPhero 0.01(239), stagnancy 0.7%
[35m[MSG][0m itr   198, best 5573.1904, time  240.9, minPhero 0.01(239), stagnancy 1.0%
[35m[MSG][0m itr   199, best 5573.1904, time  242.1, minPhero 0.01(239), stagnancy 1.3%
[35m[MSG][0m itr   200, best 5573.1904, time  243.3, minPhero 0.01(239), stagnancy 1.7%
[35m[MSG][0m itr   201, best 5573.1899, time  244.5, minPhero 0.01(239), stagnancy 0.0%
[35m[MSG][0m itr   202, best 5573.1899, time  245.7, minPhero 0.01(239), stagnancy 0.3%
[35m[MSG][0m itr   203, best 5573.1899, time  246.9, minPhero 0.01(239), stagnancy 0.7%
[35m[MSG][0m itr   204, best 5573.1899, time  248.1, minPhero 0.01(239), stagnancy 1.0%
[35m[MSG][0m itr   205, best 5573.1899, time  249.3, minPhero 0.01(239), stagnancy 1.3%
[35m[MSG][0m itr   206, best 5573.1899, time  250.5, minPhero 0.01(239), stagnancy 1.7%
[35m[MSG][0m itr   207, best 5573.1899, time  251.7, minPhero 0.01(239), stagnancy 2.0%
[35m[MSG][0m itr   208, best 5573.1899, time  252.9, minPhero 0.01(239), stagnancy 2.3%
[35m[MSG][0m itr   209, best 5573.1899, time  254.0, minPhero 0.01(239), stagnancy 2.7%
[35m[MSG][0m itr   210, best 5573.1899, time  255.3, minPhero 0.01(239), stagnancy 3.0%
[35m[MSG][0m itr   211, best 5573.1899, time  256.5, minPhero 0.01(239), stagnancy 3.3%
[35m[MSG][0m itr   212, best 5573.1899, time  257.7, minPhero 0.01(234), stagnancy 3.7%
[35m[MSG][0m itr   213, best 5573.1899, time  258.9, minPhero 0.01(234), stagnancy 4.0%
[35m[MSG][0m itr   214, best 5573.1899, time  260.0, minPhero 0.01(233), stagnancy 4.3%
[35m[MSG][0m itr   215, best 5573.1899, time  261.3, minPhero 0.01(233), stagnancy 4.7%
[35m[MSG][0m itr   216, best 5573.1899, time  262.5, minPhero 0.01(233), stagnancy 5.0%
[35m[MSG][0m itr   217, best 5573.1899, time  263.7, minPhero 0.01(232), stagnancy 5.3%
[35m[MSG][0m itr   218, best 5573.1899, time  264.9, minPhero 0.01(232), stagnancy 5.7%
[35m[MSG][0m itr   219, best 5573.1899, time  266.1, minPhero 0.01(232), stagnancy 6.0%
[35m[MSG][0m itr   220, best 5573.1899, time  267.3, minPhero 0.01(232), stagnancy 6.3%
[35m[MSG][0m itr   221, best 5573.1899, time  268.5, minPhero 0.01(232), stagnancy 6.7%
[35m[MSG][0m itr   222, best 5573.1899, time  269.6, minPhero 0.01(232), stagnancy 7.0%
[35m[MSG][0m itr   223, best 5573.1899, time  270.9, minPhero 0.01(232), stagnancy 7.3%
[35m[MSG][0m itr   224, best 5573.1899, time  272.1, minPhero 0.01(232), stagnancy 7.7%
[35m[MSG][0m itr   225, best 5573.1899, time  273.3, minPhero 0.01(232), stagnancy 8.0%
[35m[MSG][0m itr   226, best 5573.1899, time  274.5, minPhero 0.01(232), stagnancy 8.3%
[35m[MSG][0m itr   227, best 5573.1899, time  275.7, minPhero 0.01(232), stagnancy 8.7%
[35m[MSG][0m itr   228, best 5573.1899, time  276.9, minPhero 0.01(232), stagnancy 9.0%
[35m[MSG][0m itr   229, best 5573.1899, time  278.0, minPhero 0.01(232), stagnancy 9.3%
[35m[MSG][0m itr   230, best 5573.1899, time  279.2, minPhero 0.01(232), stagnancy 9.7%
[35m[MSG][0m itr   231, best 5573.1899, time  280.4, minPhero 0.01(232), stagnancy 10.0%
[35m[MSG][0m itr   232, best 5573.1899, time  281.6, minPhero 0.01(232), stagnancy 10.3%
[35m[MSG][0m itr   233, best 5573.1899, time  282.8, minPhero 0.01(232), stagnancy 10.7%
[35m[MSG][0m itr   234, best 5573.1899, time  284.0, minPhero 0.01(232), stagnancy 11.0%
[35m[MSG][0m itr   235, best 5573.1899, time  285.2, minPhero 0.01(232), stagnancy 11.3%
[35m[MSG][0m itr   236, best 5573.1899, time  286.5, minPhero 0.01(232), stagnancy 11.7%
[35m[MSG][0m itr   237, best 5573.1899, time  287.6, minPhero 0.01(232), stagnancy 12.0%
[35m[MSG][0m itr   238, best 5573.1899, time  288.8, minPhero 0.01(232), stagnancy 12.3%
[35m[MSG][0m itr   239, best 5573.1899, time  290.1, minPhero 0.01(232), stagnancy 12.7%
[35m[MSG][0m itr   240, best 5573.1899, time  291.2, minPhero 0.01(232), stagnancy 13.0%
[35m[MSG][0m itr   241, best 5573.1899, time  292.5, minPhero 0.01(232), stagnancy 13.3%
[35m[MSG][0m itr   242, best 5573.1899, time  293.6, minPhero 0.01(232), stagnancy 13.7%
[35m[MSG][0m itr   243, best 5573.1899, time  294.8, minPhero 0.01(232), stagnancy 14.0%
[35m[MSG][0m itr   244, best 5573.1899, time  296.0, minPhero 0.01(232), stagnancy 14.3%
[35m[MSG][0m itr   245, best 5573.1899, time  297.2, minPhero 0.01(232), stagnancy 14.7%
[35m[MSG][0m itr   246, best 5573.1899, time  298.4, minPhero 0.01(232), stagnancy 15.0%
[35m[MSG][0m itr   247, best 5573.1899, time  299.6, minPhero 0.01(232), stagnancy 15.3%
[35m[MSG][0m itr   248, best 5573.1899, time  300.8, minPhero 0.01(232), stagnancy 15.7%
[35m[MSG][0m itr   249, best 5573.1899, time  302.0, minPhero 0.01(232), stagnancy 16.0%
[35m[MSG][0m itr   250, best 5573.1899, time  303.2, minPhero 0.01(232), stagnancy 16.3%
[35m[MSG][0m itr   251, best 5573.1899, time  304.4, minPhero 0.01(232), stagnancy 16.7%
[35m[MSG][0m itr   252, best 5573.1899, time  305.6, minPhero 0.01(232), stagnancy 17.0%
[35m[MSG][0m itr   253, best 5571.9937, time  306.8, minPhero 0.01(242), stagnancy 0.0%
[35m[MSG][0m itr   254, best 5571.9937, time  308.0, minPhero 0.01(242), stagnancy 0.3%
[35m[MSG][0m itr   255, best 5571.9937, time  309.2, minPhero 0.01(242), stagnancy 0.7%
[35m[MSG][0m itr   256, best 5571.6548, time  310.3, minPhero 0.01(246), stagnancy 0.0%
[35m[MSG][0m itr   257, best 5568.4331, time  311.6, minPhero 0.01(251), stagnancy 0.0%
[35m[MSG][0m itr   258, best 5568.4331, time  312.7, minPhero 0.01(251), stagnancy 0.3%
[35m[MSG][0m itr   259, best 5568.4331, time  314.0, minPhero 0.01(251), stagnancy 0.7%
[35m[MSG][0m itr   260, best 5567.5742, time  315.2, minPhero 0.01(253), stagnancy 0.0%
[35m[MSG][0m itr   261, best 5567.5742, time  316.4, minPhero 0.01(253), stagnancy 0.3%
[35m[MSG][0m itr   262, best 5567.5737, time  317.6, minPhero 0.01(253), stagnancy 0.0%
[35m[MSG][0m itr   263, best 5567.5737, time  318.8, minPhero 0.01(253), stagnancy 0.3%
[35m[MSG][0m itr   264, best 5566.6528, time  320.1, minPhero 0.01(255), stagnancy 0.0%
[35m[MSG][0m itr   265, best 5566.6528, time  321.3, minPhero 0.01(255), stagnancy 0.3%
[35m[MSG][0m itr   266, best 5566.6528, time  322.5, minPhero 0.01(255), stagnancy 0.7%
[35m[MSG][0m itr   267, best 5566.6528, time  323.7, minPhero 0.01(255), stagnancy 1.0%
[35m[MSG][0m itr   268, best 5566.6528, time  325.0, minPhero 0.01(253), stagnancy 1.3%
[35m[MSG][0m itr   269, best 5566.6528, time  326.2, minPhero 0.01(253), stagnancy 1.7%
[35m[MSG][0m itr   270, best 5566.5381, time  327.4, minPhero 0.01(255), stagnancy 0.0%
[35m[MSG][0m itr   271, best 5566.4976, time  328.6, minPhero 0.01(257), stagnancy 0.0%
[35m[MSG][0m itr   272, best 5566.4976, time  329.8, minPhero 0.01(256), stagnancy 0.3%
[35m[MSG][0m itr   273, best 5566.4976, time  331.2, minPhero 0.01(256), stagnancy 0.7%
[35m[MSG][0m itr   274, best 5566.4976, time  332.5, minPhero 0.01(256), stagnancy 1.0%
[35m[MSG][0m itr   275, best 5564.4756, time  333.9, minPhero 0.01(250), stagnancy 0.0%
[35m[MSG][0m itr   276, best 5564.4756, time  335.3, minPhero 0.01(250), stagnancy 0.3%
[35m[MSG][0m itr   277, best 5564.4756, time  336.7, minPhero 0.01(250), stagnancy 0.7%
[35m[MSG][0m itr   278, best 5564.4756, time  338.0, minPhero 0.01(248), stagnancy 1.0%
[35m[MSG][0m itr   279, best 5564.4668, time  339.4, minPhero 0.01(247), stagnancy 0.0%
[35m[MSG][0m itr   280, best 5564.4668, time  340.7, minPhero 0.01(247), stagnancy 0.3%
[35m[MSG][0m itr   281, best 5564.4668, time  342.1, minPhero 0.01(247), stagnancy 0.7%
[35m[MSG][0m itr   282, best 5564.4668, time  343.5, minPhero 0.01(245), stagnancy 1.0%
[35m[MSG][0m itr   283, best 5564.4663, time  344.8, minPhero 0.01(245), stagnancy 0.0%
[35m[MSG][0m itr   284, best 5564.4663, time  346.2, minPhero 0.01(245), stagnancy 0.3%
[35m[MSG][0m itr   285, best 5564.4663, time  347.5, minPhero 0.01(244), stagnancy 0.7%
[35m[MSG][0m itr   286, best 5564.4663, time  349.0, minPhero 0.01(244), stagnancy 1.0%
[35m[MSG][0m itr   287, best 5564.4663, time  350.3, minPhero 0.01(244), stagnancy 1.3%
[35m[MSG][0m itr   288, best 5564.4663, time  351.7, minPhero 0.01(244), stagnancy 1.7%
[35m[MSG][0m itr   289, best 5564.4663, time  352.9, minPhero 0.01(244), stagnancy 2.0%
[35m[MSG][0m itr   290, best 5564.4663, time  354.1, minPhero 0.01(244), stagnancy 2.3%
[35m[MSG][0m itr   291, best 5564.4663, time  355.3, minPhero 0.01(241), stagnancy 2.7%
[35m[MSG][0m itr   292, best 5564.4663, time  356.5, minPhero 0.01(240), stagnancy 3.0%
[35m[MSG][0m itr   293, best 5564.4663, time  357.7, minPhero 0.01(239), stagnancy 3.3%
[35m[MSG][0m itr   294, best 5564.4663, time  358.9, minPhero 0.01(239), stagnancy 3.7%
[35m[MSG][0m itr   295, best 5564.4663, time  360.1, minPhero 0.01(239), stagnancy 4.0%
[35m[MSG][0m itr   296, best 5564.4663, time  361.3, minPhero 0.01(239), stagnancy 4.3%
[35m[MSG][0m itr   297, best 5564.4663, time  362.5, minPhero 0.01(233), stagnancy 4.7%
[35m[MSG][0m itr   298, best 5564.4663, time  363.7, minPhero 0.01(233), stagnancy 5.0%
[35m[MSG][0m itr   299, best 5564.4663, time  364.9, minPhero 0.01(233), stagnancy 5.3%
[35m[MSG][0m itr   300, best 5564.4663, time  366.1, minPhero 0.01(233), stagnancy 5.7%
[35m[MSG][0m itr   301, best 5564.4663, time  367.3, minPhero 0.01(232), stagnancy 6.0%
[35m[MSG][0m itr   302, best 5564.4663, time  368.5, minPhero 0.01(232), stagnancy 6.3%
[35m[MSG][0m itr   303, best 5564.4663, time  369.7, minPhero 0.01(232), stagnancy 6.7%
[35m[MSG][0m itr   304, best 5564.4663, time  370.9, minPhero 0.01(232), stagnancy 7.0%
[35m[MSG][0m itr   305, best 5564.4663, time  372.1, minPhero 0.01(232), stagnancy 7.3%
[35m[MSG][0m itr   306, best 5564.4663, time  373.3, minPhero 0.01(232), stagnancy 7.7%
[35m[MSG][0m itr   307, best 5564.4663, time  374.5, minPhero 0.01(232), stagnancy 8.0%
[35m[MSG][0m itr   308, best 5564.4663, time  375.8, minPhero 0.01(232), stagnancy 8.3%
[35m[MSG][0m itr   309, best 5564.4663, time  377.0, minPhero 0.01(232), stagnancy 8.7%
[35m[MSG][0m itr   310, best 5564.4663, time  378.2, minPhero 0.01(232), stagnancy 9.0%
[35m[MSG][0m itr   311, best 5564.4663, time  379.4, minPhero 0.01(232), stagnancy 9.3%
[35m[MSG][0m itr   312, best 5564.4663, time  380.6, minPhero 0.01(232), stagnancy 9.7%
[35m[MSG][0m itr   313, best 5564.4663, time  381.8, minPhero 0.01(232), stagnancy 10.0%
[35m[MSG][0m itr   314, best 5564.4663, time  383.0, minPhero 0.01(232), stagnancy 10.3%
[35m[MSG][0m itr   315, best 5564.4663, time  384.2, minPhero 0.01(232), stagnancy 10.7%
[35m[MSG][0m itr   316, best 5564.4658, time  385.4, minPhero 0.01(232), stagnancy 0.0%
[35m[MSG][0m itr   317, best 5564.4658, time  386.6, minPhero 0.01(232), stagnancy 0.3%
[35m[MSG][0m itr   318, best 5564.4658, time  387.7, minPhero 0.01(232), stagnancy 0.7%
[35m[MSG][0m itr   319, best 5564.4658, time  388.8, minPhero 0.01(232), stagnancy 1.0%
[35m[MSG][0m itr   320, best 5564.4658, time  390.0, minPhero 0.01(232), stagnancy 1.3%
[35m[MSG][0m itr   321, best 5564.4658, time  391.2, minPhero 0.01(232), stagnancy 1.7%
[35m[MSG][0m itr   322, best 5564.4658, time  392.4, minPhero 0.01(232), stagnancy 2.0%
[35m[MSG][0m itr   323, best 5564.4658, time  393.6, minPhero 0.01(232), stagnancy 2.3%
[35m[MSG][0m itr   324, best 5564.4658, time  394.8, minPhero 0.01(232), stagnancy 2.7%
[35m[MSG][0m itr   325, best 5564.4658, time  396.0, minPhero 0.01(232), stagnancy 3.0%
[35m[MSG][0m itr   326, best 5564.4658, time  397.2, minPhero 0.01(232), stagnancy 3.3%
[35m[MSG][0m itr   327, best 5564.4658, time  398.4, minPhero 0.01(232), stagnancy 3.7%
[35m[MSG][0m itr   328, best 5564.4658, time  399.6, minPhero 0.01(232), stagnancy 4.0%
[35m[MSG][0m itr   329, best 5564.4658, time  400.8, minPhero 0.01(232), stagnancy 4.3%
[35m[MSG][0m itr   330, best 5564.4658, time  402.0, minPhero 0.01(232), stagnancy 4.7%
[35m[MSG][0m itr   331, best 5564.4658, time  403.2, minPhero 0.01(232), stagnancy 5.0%
[35m[MSG][0m itr   332, best 5564.4658, time  404.4, minPhero 0.01(232), stagnancy 5.3%
[35m[MSG][0m itr   333, best 5564.4658, time  405.6, minPhero 0.01(232), stagnancy 5.7%
[35m[MSG][0m itr   334, best 5564.4658, time  406.8, minPhero 0.01(232), stagnancy 6.0%
[35m[MSG][0m itr   335, best 5564.4658, time  408.0, minPhero 0.01(232), stagnancy 6.3%
[35m[MSG][0m itr   336, best 5564.4658, time  409.2, minPhero 0.01(232), stagnancy 6.7%
[35m[MSG][0m itr   337, best 5564.4658, time  410.4, minPhero 0.01(232), stagnancy 7.0%
[35m[MSG][0m itr   338, best 5564.4658, time  411.6, minPhero 0.01(232), stagnancy 7.3%
[35m[MSG][0m itr   339, best 5564.4658, time  412.8, minPhero 0.01(232), stagnancy 7.7%
[35m[MSG][0m itr   340, best 5564.4658, time  414.0, minPhero 0.01(232), stagnancy 8.0%
[35m[MSG][0m itr   341, best 5564.4658, time  415.1, minPhero 0.01(232), stagnancy 8.3%
[35m[MSG][0m itr   342, best 5564.4658, time  416.4, minPhero 0.01(232), stagnancy 8.7%
[35m[MSG][0m itr   343, best 5564.4658, time  417.6, minPhero 0.01(232), stagnancy 9.0%
[35m[MSG][0m itr   344, best 5564.4658, time  418.7, minPhero 0.01(232), stagnancy 9.3%
[35m[MSG][0m itr   345, best 5564.4658, time  419.9, minPhero 0.01(232), stagnancy 9.7%
[35m[MSG][0m itr   346, best 5564.4658, time  421.1, minPhero 0.01(232), stagnancy 10.0%
[35m[MSG][0m itr   347, best 5564.4658, time  422.2, minPhero 0.01(232), stagnancy 10.3%
[35m[MSG][0m itr   348, best 5564.4658, time  423.4, minPhero 0.01(232), stagnancy 10.7%
[35m[MSG][0m itr   349, best 5564.4658, time  424.7, minPhero 0.01(232), stagnancy 11.0%
[35m[MSG][0m itr   350, best 5564.4658, time  425.9, minPhero 0.01(232), stagnancy 11.3%
[35m[MSG][0m itr   351, best 5564.4658, time  427.1, minPhero 0.01(232), stagnancy 11.7%
[35m[MSG][0m itr   352, best 5564.4658, time  428.3, minPhero 0.01(232), stagnancy 12.0%
[35m[MSG][0m itr   353, best 5564.4658, time  429.5, minPhero 0.01(232), stagnancy 12.3%
[35m[MSG][0m itr   354, best 5564.4658, time  430.7, minPhero 0.01(232), stagnancy 12.7%
[35m[MSG][0m itr   355, best 5564.4658, time  432.0, minPhero 0.01(232), stagnancy 13.0%
[35m[MSG][0m itr   356, best 5564.4658, time  433.2, minPhero 0.01(232), stagnancy 13.3%
[35m[MSG][0m itr   357, best 5564.4658, time  434.4, minPhero 0.01(232), stagnancy 13.7%
[35m[MSG][0m itr   358, best 5564.4658, time  435.7, minPhero 0.01(232), stagnancy 14.0%
[35m[MSG][0m itr   359, best 5564.4658, time  437.1, minPhero 0.01(232), stagnancy 14.3%
[35m[MSG][0m itr   360, best 5564.4658, time  438.5, minPhero 0.01(232), stagnancy 14.7%
[35m[MSG][0m itr   361, best 5564.4658, time  439.9, minPhero 0.01(232), stagnancy 15.0%
[35m[MSG][0m itr   362, best 5564.4658, time  441.2, minPhero 0.01(232), stagnancy 15.3%
[35m[MSG][0m itr   363, best 5564.4658, time  442.6, minPhero 0.01(232), stagnancy 15.7%
[35m[MSG][0m itr   364, best 5564.4658, time  444.0, minPhero 0.01(232), stagnancy 16.0%
[35m[MSG][0m itr   365, best 5564.4658, time  445.2, minPhero 0.01(232), stagnancy 16.3%
[35m[MSG][0m itr   366, best 5564.4658, time  446.5, minPhero 0.01(232), stagnancy 16.7%
[35m[MSG][0m itr   367, best 5564.4658, time  447.9, minPhero 0.01(232), stagnancy 17.0%
[35m[MSG][0m itr   368, best 5564.4658, time  449.3, minPhero 0.01(232), stagnancy 17.3%
[35m[MSG][0m itr   369, best 5564.4658, time  450.7, minPhero 0.01(232), stagnancy 17.7%
[35m[MSG][0m itr   370, best 5564.4658, time  452.0, minPhero 0.01(232), stagnancy 18.0%
[35m[MSG][0m itr   371, best 5564.4658, time  453.4, minPhero 0.01(232), stagnancy 18.3%
[35m[MSG][0m itr   372, best 5564.4658, time  454.7, minPhero 0.01(232), stagnancy 18.7%
[35m[MSG][0m itr   373, best 5564.4658, time  456.1, minPhero 0.01(232), stagnancy 19.0%
[35m[MSG][0m itr   374, best 5564.4658, time  457.5, minPhero 0.01(232), stagnancy 19.3%
[35m[MSG][0m itr   375, best 5564.4658, time  458.8, minPhero 0.01(232), stagnancy 19.7%
[35m[MSG][0m itr   376, best 5564.4658, time  460.1, minPhero 0.01(232), stagnancy 20.0%
[35m[MSG][0m itr   377, best 5564.4658, time  461.3, minPhero 0.01(232), stagnancy 20.3%
[35m[MSG][0m itr   378, best 5564.4658, time  462.5, minPhero 0.01(232), stagnancy 20.7%
[35m[MSG][0m itr   379, best 5564.4658, time  463.7, minPhero 0.01(232), stagnancy 21.0%
[35m[MSG][0m itr   380, best 5564.4658, time  464.9, minPhero 0.01(232), stagnancy 21.3%
[35m[MSG][0m itr   381, best 5564.4658, time  466.1, minPhero 0.01(232), stagnancy 21.7%
[35m[MSG][0m itr   382, best 5564.4658, time  467.3, minPhero 0.01(232), stagnancy 22.0%
[35m[MSG][0m itr   383, best 5564.4658, time  468.6, minPhero 0.01(232), stagnancy 22.3%
[35m[MSG][0m itr   384, best 5564.4658, time  469.8, minPhero 0.01(232), stagnancy 22.7%
[35m[MSG][0m itr   385, best 5564.4658, time  471.0, minPhero 0.01(232), stagnancy 23.0%
[35m[MSG][0m itr   386, best 5564.4658, time  472.2, minPhero 0.01(232), stagnancy 23.3%
[35m[MSG][0m itr   387, best 5564.4658, time  473.5, minPhero 0.01(232), stagnancy 23.7%
[35m[MSG][0m itr   388, best 5564.4658, time  474.8, minPhero 0.01(232), stagnancy 24.0%
[35m[MSG][0m itr   389, best 5564.4658, time  476.1, minPhero 0.01(232), stagnancy 24.3%
[35m[MSG][0m itr   390, best 5564.4658, time  477.4, minPhero 0.01(232), stagnancy 24.7%
[35m[MSG][0m itr   391, best 5564.4658, time  478.5, minPhero 0.01(232), stagnancy 25.0%
[35m[MSG][0m itr   392, best 5564.4658, time  479.6, minPhero 0.01(232), stagnancy 25.3%
[35m[MSG][0m itr   393, best 5564.4658, time  480.8, minPhero 0.01(232), stagnancy 25.7%
[35m[MSG][0m itr   394, best 5564.4658, time  482.0, minPhero 0.01(232), stagnancy 26.0%
[35m[MSG][0m itr   395, best 5564.4658, time  483.2, minPhero 0.01(232), stagnancy 26.3%
[35m[MSG][0m itr   396, best 5564.4658, time  484.4, minPhero 0.01(232), stagnancy 26.7%
[35m[MSG][0m itr   397, best 5564.4658, time  485.6, minPhero 0.01(232), stagnancy 27.0%
[35m[MSG][0m itr   398, best 5564.4658, time  486.9, minPhero 0.01(232), stagnancy 27.3%
[35m[MSG][0m itr   399, best 5564.4658, time  488.3, minPhero 0.01(232), stagnancy 27.7%
[35m[MSG][0m itr   400, best 5564.4658, time  489.7, minPhero 0.01(232), stagnancy 28.0%
[35m[MSG][0m itr   401, best 5564.4658, time  491.2, minPhero 0.01(232), stagnancy 28.3%
[35m[MSG][0m itr   402, best 5564.4658, time  492.5, minPhero 0.01(232), stagnancy 28.7%
[35m[MSG][0m itr   403, best 5564.4658, time  493.9, minPhero 0.01(232), stagnancy 29.0%
[35m[MSG][0m itr   404, best 5564.4658, time  495.3, minPhero 0.01(232), stagnancy 29.3%
[35m[MSG][0m itr   405, best 5564.4658, time  496.6, minPhero 0.01(232), stagnancy 29.7%
[35m[MSG][0m itr   406, best 5564.4658, time  497.9, minPhero 0.01(232), stagnancy 30.0%
[35m[MSG][0m itr   407, best 5564.4658, time  499.3, minPhero 0.01(232), stagnancy 30.3%
[35m[MSG][0m itr   408, best 5564.4658, time  500.7, minPhero 0.01(232), stagnancy 30.7%
[35m[MSG][0m itr   409, best 5564.4658, time  502.0, minPhero 0.01(232), stagnancy 31.0%
[35m[MSG][0m itr   410, best 5564.4658, time  503.3, minPhero 0.01(232), stagnancy 31.3%
[35m[MSG][0m itr   411, best 5564.4658, time  504.7, minPhero 0.01(232), stagnancy 31.7%
[35m[MSG][0m itr   412, best 5564.4658, time  506.0, minPhero 0.01(232), stagnancy 32.0%
[35m[MSG][0m itr   413, best 5564.4658, time  507.4, minPhero 0.01(232), stagnancy 32.3%
[35m[MSG][0m itr   414, best 5564.4658, time  508.7, minPhero 0.01(232), stagnancy 32.7%
[35m[MSG][0m itr   415, best 5564.4658, time  510.1, minPhero 0.01(232), stagnancy 33.0%
[35m[MSG][0m itr   416, best 5564.4658, time  511.5, minPhero 0.01(232), stagnancy 33.3%
[35m[MSG][0m itr   417, best 5564.4658, time  512.8, minPhero 0.01(232), stagnancy 33.7%
[35m[MSG][0m itr   418, best 5564.4658, time  514.2, minPhero 0.01(232), stagnancy 34.0%
[35m[MSG][0m itr   419, best 5564.4658, time  515.5, minPhero 0.01(232), stagnancy 34.3%
[35m[MSG][0m itr   420, best 5564.4658, time  516.9, minPhero 0.01(232), stagnancy 34.7%
[35m[MSG][0m itr   421, best 5564.4658, time  518.3, minPhero 0.01(232), stagnancy 35.0%
[35m[MSG][0m itr   422, best 5564.4658, time  519.6, minPhero 0.01(232), stagnancy 35.3%
[35m[MSG][0m itr   423, best 5564.4658, time  521.0, minPhero 0.01(232), stagnancy 35.7%
[35m[MSG][0m itr   424, best 5564.4658, time  522.3, minPhero 0.01(232), stagnancy 36.0%
[35m[MSG][0m itr   425, best 5564.4658, time  523.7, minPhero 0.01(232), stagnancy 36.3%
[35m[MSG][0m itr   426, best 5564.4658, time  525.0, minPhero 0.01(232), stagnancy 36.7%
[35m[MSG][0m itr   427, best 5564.4658, time  526.3, minPhero 0.01(232), stagnancy 37.0%
[35m[MSG][0m itr   428, best 5564.4658, time  527.5, minPhero 0.01(232), stagnancy 37.3%
[35m[MSG][0m itr   429, best 5564.4658, time  528.7, minPhero 0.01(232), stagnancy 37.7%
[35m[MSG][0m itr   430, best 5564.4658, time  529.9, minPhero 0.01(232), stagnancy 38.0%
[35m[MSG][0m itr   431, best 5564.4658, time  531.1, minPhero 0.01(232), stagnancy 38.3%
[35m[MSG][0m itr   432, best 5564.4658, time  532.3, minPhero 0.01(232), stagnancy 38.7%
[35m[MSG][0m itr   433, best 5564.4658, time  533.7, minPhero 0.01(232), stagnancy 39.0%
[35m[MSG][0m itr   434, best 5564.4658, time  535.1, minPhero 0.01(232), stagnancy 39.3%
[35m[MSG][0m itr   435, best 5564.4658, time  536.7, minPhero 0.01(232), stagnancy 39.7%
[35m[MSG][0m itr   436, best 5564.4658, time  538.2, minPhero 0.01(232), stagnancy 40.0%
[35m[MSG][0m itr   437, best 5564.4658, time  539.5, minPhero 0.01(232), stagnancy 40.3%
[35m[MSG][0m itr   438, best 5564.4658, time  540.7, minPhero 0.01(232), stagnancy 40.7%
[35m[MSG][0m itr   439, best 5564.4658, time  541.9, minPhero 0.01(232), stagnancy 41.0%
[35m[MSG][0m itr   440, best 5564.4658, time  543.0, minPhero 0.01(232), stagnancy 41.3%
[35m[MSG][0m itr   441, best 5564.4658, time  544.2, minPhero 0.01(232), stagnancy 41.7%
[35m[MSG][0m itr   442, best 5564.4658, time  545.3, minPhero 0.01(232), stagnancy 42.0%
[35m[MSG][0m itr   443, best 5564.4658, time  546.5, minPhero 0.01(232), stagnancy 42.3%
[35m[MSG][0m itr   444, best 5564.4658, time  547.8, minPhero 0.01(232), stagnancy 42.7%
[35m[MSG][0m itr   445, best 5564.4658, time  549.3, minPhero 0.01(232), stagnancy 43.0%
[35m[MSG][0m itr   446, best 5564.4658, time  550.6, minPhero 0.01(232), stagnancy 43.3%
[35m[MSG][0m itr   447, best 5564.4658, time  551.8, minPhero 0.01(232), stagnancy 43.7%
[35m[MSG][0m itr   448, best 5564.4658, time  553.0, minPhero 0.01(232), stagnancy 44.0%
[35m[MSG][0m itr   449, best 5564.4658, time  554.4, minPhero 0.01(232), stagnancy 44.3%
[35m[MSG][0m itr   450, best 5564.4658, time  555.7, minPhero 0.01(232), stagnancy 44.7%
[35m[MSG][0m itr   451, best 5564.4658, time  557.1, minPhero 0.01(232), stagnancy 45.0%
[35m[MSG][0m itr   452, best 5564.4658, time  558.3, minPhero 0.01(232), stagnancy 45.3%
[35m[MSG][0m itr   453, best 5564.4658, time  559.5, minPhero 0.01(232), stagnancy 45.7%
[35m[MSG][0m itr   454, best 5564.4658, time  560.7, minPhero 0.01(232), stagnancy 46.0%
[35m[MSG][0m itr   455, best 5564.4658, time  561.9, minPhero 0.01(232), stagnancy 46.3%
[35m[MSG][0m itr   456, best 5564.4658, time  563.1, minPhero 0.01(232), stagnancy 46.7%
[35m[MSG][0m itr   457, best 5564.4658, time  564.3, minPhero 0.01(232), stagnancy 47.0%
[35m[MSG][0m itr   458, best 5564.4658, time  565.6, minPhero 0.01(232), stagnancy 47.3%
[35m[MSG][0m itr   459, best 5564.4658, time  566.8, minPhero 0.01(232), stagnancy 47.7%
[35m[MSG][0m itr   460, best 5564.4658, time  567.9, minPhero 0.01(232), stagnancy 48.0%
[35m[MSG][0m itr   461, best 5564.4658, time  569.1, minPhero 0.01(232), stagnancy 48.3%
[35m[MSG][0m itr   462, best 5564.4658, time  570.5, minPhero 0.01(232), stagnancy 48.7%
[35m[MSG][0m itr   463, best 5564.4658, time  571.8, minPhero 0.01(232), stagnancy 49.0%
[35m[MSG][0m itr   464, best 5564.4658, time  573.2, minPhero 0.01(232), stagnancy 49.3%
[35m[MSG][0m itr   465, best 5564.4658, time  574.5, minPhero 0.01(232), stagnancy 49.7%
[35m[MSG][0m itr   466, best 5564.4658, time  575.9, minPhero 0.01(232), stagnancy 50.0%
[35m[MSG][0m itr   467, best 5564.4658, time  577.2, minPhero 0.01(232), stagnancy 50.3%
[35m[MSG][0m itr   468, best 5564.4658, time  578.6, minPhero 0.01(232), stagnancy 50.7%
[35m[MSG][0m itr   469, best 5564.4658, time  579.8, minPhero 0.01(232), stagnancy 51.0%
[35m[MSG][0m itr   470, best 5564.4658, time  581.1, minPhero 0.01(232), stagnancy 51.3%
[35m[MSG][0m itr   471, best 5564.4658, time  582.5, minPhero 0.01(232), stagnancy 51.7%
[35m[MSG][0m itr   472, best 5564.4658, time  583.8, minPhero 0.01(232), stagnancy 52.0%
[35m[MSG][0m itr   473, best 5564.4658, time  585.2, minPhero 0.01(232), stagnancy 52.3%
[35m[MSG][0m itr   474, best 5564.4658, time  586.5, minPhero 0.01(232), stagnancy 52.7%
[35m[MSG][0m itr   475, best 5564.4658, time  587.9, minPhero 0.01(232), stagnancy 53.0%
[35m[MSG][0m itr   476, best 5564.4658, time  589.2, minPhero 0.01(232), stagnancy 53.3%
[35m[MSG][0m itr   477, best 5564.4658, time  590.6, minPhero 0.01(232), stagnancy 53.7%
[35m[MSG][0m itr   478, best 5564.4658, time  591.9, minPhero 0.01(232), stagnancy 54.0%
[35m[MSG][0m itr   479, best 5564.4658, time  593.2, minPhero 0.01(232), stagnancy 54.3%
[35m[MSG][0m itr   480, best 5564.4658, time  594.4, minPhero 0.01(232), stagnancy 54.7%
[35m[MSG][0m itr   481, best 5564.4658, time  595.6, minPhero 0.01(232), stagnancy 55.0%
[35m[MSG][0m itr   482, best 5564.4658, time  596.8, minPhero 0.01(232), stagnancy 55.3%
[35m[MSG][0m itr   483, best 5564.4658, time  598.0, minPhero 0.01(232), stagnancy 55.7%
[35m[MSG][0m itr   484, best 5564.4658, time  599.2, minPhero 0.01(232), stagnancy 56.0%
[35m[MSG][0m itr   485, best 5564.4658, time  600.3, minPhero 0.01(232), stagnancy 56.3%
[35m[MSG][0m itr   486, best 5564.4658, time  601.5, minPhero 0.01(232), stagnancy 56.7%
[35m[MSG][0m itr   487, best 5564.4658, time  602.6, minPhero 0.01(232), stagnancy 57.0%
[35m[MSG][0m itr   488, best 5564.4658, time  603.8, minPhero 0.01(232), stagnancy 57.3%
[35m[MSG][0m itr   489, best 5564.4658, time  605.0, minPhero 0.01(232), stagnancy 57.7%
[35m[MSG][0m itr   490, best 5564.4658, time  606.2, minPhero 0.01(232), stagnancy 58.0%
[35m[MSG][0m itr   491, best 5564.4658, time  607.4, minPhero 0.01(232), stagnancy 58.3%
[35m[MSG][0m itr   492, best 5564.4658, time  608.6, minPhero 0.01(232), stagnancy 58.7%
[35m[MSG][0m itr   493, best 5564.4658, time  609.8, minPhero 0.01(232), stagnancy 59.0%
[35m[MSG][0m itr   494, best 5564.4658, time  611.0, minPhero 0.01(232), stagnancy 59.3%
[35m[MSG][0m itr   495, best 5564.4658, time  612.2, minPhero 0.01(232), stagnancy 59.7%
[35m[MSG][0m itr   496, best 5564.4658, time  613.4, minPhero 0.01(232), stagnancy 60.0%
[35m[MSG][0m itr   497, best 5564.4658, time  614.6, minPhero 0.01(232), stagnancy 60.3%
[35m[MSG][0m itr   498, best 5564.4658, time  615.8, minPhero 0.01(232), stagnancy 60.7%
[35m[MSG][0m itr   499, best 5564.4658, time  617.0, minPhero 0.01(232), stagnancy 61.0%
[35m[MSG][0m itr   500, best 5564.4658, time  618.2, minPhero 0.01(232), stagnancy 61.3%
[35m[MSG][0m itr   501, best 5564.4658, time  619.4, minPhero 0.01(232), stagnancy 61.7%
[35m[MSG][0m itr   502, best 5564.4658, time  620.6, minPhero 0.01(232), stagnancy 62.0%
[35m[MSG][0m itr   503, best 5564.4658, time  621.8, minPhero 0.01(232), stagnancy 62.3%
[35m[MSG][0m itr   504, best 5564.4658, time  623.0, minPhero 0.01(232), stagnancy 62.7%
[35m[MSG][0m itr   505, best 5564.4658, time  624.2, minPhero 0.01(232), stagnancy 63.0%
[35m[MSG][0m itr   506, best 5564.4658, time  625.4, minPhero 0.01(232), stagnancy 63.3%
[35m[MSG][0m itr   507, best 5564.4658, time  626.6, minPhero 0.01(232), stagnancy 63.7%
[35m[MSG][0m itr   508, best 5564.4658, time  627.8, minPhero 0.01(232), stagnancy 64.0%
[35m[MSG][0m itr   509, best 5564.4658, time  628.9, minPhero 0.01(232), stagnancy 64.3%
[35m[MSG][0m itr   510, best 5564.4658, time  630.2, minPhero 0.01(232), stagnancy 64.7%
[35m[MSG][0m itr   511, best 5564.4658, time  631.3, minPhero 0.01(232), stagnancy 65.0%
[35m[MSG][0m itr   512, best 5564.4658, time  632.5, minPhero 0.01(232), stagnancy 65.3%
[35m[MSG][0m itr   513, best 5564.4658, time  633.7, minPhero 0.01(232), stagnancy 65.7%
[35m[MSG][0m itr   514, best 5564.4658, time  634.8, minPhero 0.01(232), stagnancy 66.0%
[35m[MSG][0m itr   515, best 5564.4658, time  635.9, minPhero 0.01(232), stagnancy 66.3%
[35m[MSG][0m itr   516, best 5564.4658, time  637.2, minPhero 0.01(232), stagnancy 66.7%
[35m[MSG][0m itr   517, best 5564.4658, time  638.4, minPhero 0.01(232), stagnancy 67.0%
[35m[MSG][0m itr   518, best 5564.4658, time  639.7, minPhero 0.01(232), stagnancy 67.3%
[35m[MSG][0m itr   519, best 5564.4658, time  641.0, minPhero 0.01(232), stagnancy 67.7%
[35m[MSG][0m itr   520, best 5564.4658, time  642.3, minPhero 0.01(232), stagnancy 68.0%
[35m[MSG][0m itr   521, best 5564.4658, time  643.6, minPhero 0.01(232), stagnancy 68.3%
[35m[MSG][0m itr   522, best 5564.4658, time  644.9, minPhero 0.01(232), stagnancy 68.7%
[35m[MSG][0m itr   523, best 5564.4658, time  646.3, minPhero 0.01(232), stagnancy 69.0%
[35m[MSG][0m itr   524, best 5564.4658, time  647.6, minPhero 0.01(232), stagnancy 69.3%
[35m[MSG][0m itr   525, best 5564.4658, time  648.9, minPhero 0.01(232), stagnancy 69.7%
[35m[MSG][0m itr   526, best 5564.4658, time  650.2, minPhero 0.01(232), stagnancy 70.0%
[35m[MSG][0m itr   527, best 5564.4658, time  651.5, minPhero 0.01(232), stagnancy 70.3%
[35m[MSG][0m itr   528, best 5564.4658, time  652.9, minPhero 0.01(232), stagnancy 70.7%
[35m[MSG][0m itr   529, best 5564.4658, time  654.2, minPhero 0.01(232), stagnancy 71.0%
[35m[MSG][0m itr   530, best 5564.4658, time  655.5, minPhero 0.01(232), stagnancy 71.3%
[35m[MSG][0m itr   531, best 5564.4658, time  656.8, minPhero 0.01(232), stagnancy 71.7%
[35m[MSG][0m itr   532, best 5564.4658, time  658.1, minPhero 0.01(232), stagnancy 72.0%
[35m[MSG][0m itr   533, best 5564.4658, time  659.5, minPhero 0.01(232), stagnancy 72.3%
[35m[MSG][0m itr   534, best 5564.4658, time  660.7, minPhero 0.01(232), stagnancy 72.7%
[35m[MSG][0m itr   535, best 5564.4658, time  662.1, minPhero 0.01(232), stagnancy 73.0%
[35m[MSG][0m itr   536, best 5564.4658, time  663.5, minPhero 0.01(232), stagnancy 73.3%
[35m[MSG][0m itr   537, best 5564.4658, time  664.9, minPhero 0.01(232), stagnancy 73.7%
[35m[MSG][0m itr   538, best 5564.4658, time  666.2, minPhero 0.01(232), stagnancy 74.0%
[35m[MSG][0m itr   539, best 5564.4658, time  667.4, minPhero 0.01(232), stagnancy 74.3%
[35m[MSG][0m itr   540, best 5564.4658, time  668.6, minPhero 0.01(232), stagnancy 74.7%
[35m[MSG][0m itr   541, best 5564.4658, time  669.8, minPhero 0.01(232), stagnancy 75.0%
[35m[MSG][0m itr   542, best 5564.4658, time  671.0, minPhero 0.01(232), stagnancy 75.3%
[35m[MSG][0m itr   543, best 5564.4658, time  672.2, minPhero 0.01(232), stagnancy 75.7%
[35m[MSG][0m itr   544, best 5564.4658, time  673.4, minPhero 0.01(232), stagnancy 76.0%
[35m[MSG][0m itr   545, best 5564.4658, time  674.6, minPhero 0.01(232), stagnancy 76.3%
[35m[MSG][0m itr   546, best 5564.4658, time  675.8, minPhero 0.01(232), stagnancy 76.7%
[35m[MSG][0m itr   547, best 5564.4658, time  677.0, minPhero 0.01(232), stagnancy 77.0%
[35m[MSG][0m itr   548, best 5564.4658, time  678.2, minPhero 0.01(232), stagnancy 77.3%
[35m[MSG][0m itr   549, best 5564.4658, time  679.4, minPhero 0.01(232), stagnancy 77.7%
[35m[MSG][0m itr   550, best 5564.4658, time  680.6, minPhero 0.01(232), stagnancy 78.0%
[35m[MSG][0m itr   551, best 5564.4658, time  681.8, minPhero 0.01(232), stagnancy 78.3%
[35m[MSG][0m itr   552, best 5564.4658, time  683.0, minPhero 0.01(232), stagnancy 78.7%
[35m[MSG][0m itr   553, best 5564.4658, time  684.2, minPhero 0.01(232), stagnancy 79.0%
[35m[MSG][0m itr   554, best 5564.4658, time  685.4, minPhero 0.01(232), stagnancy 79.3%
[35m[MSG][0m itr   555, best 5564.4658, time  686.6, minPhero 0.01(232), stagnancy 79.7%
[35m[MSG][0m itr   556, best 5564.4658, time  687.8, minPhero 0.01(232), stagnancy 80.0%
[35m[MSG][0m itr   557, best 5564.4658, time  689.0, minPhero 0.01(232), stagnancy 80.3%
[35m[MSG][0m itr   558, best 5564.4658, time  690.2, minPhero 0.01(232), stagnancy 80.7%
[35m[MSG][0m itr   559, best 5564.4658, time  691.4, minPhero 0.01(232), stagnancy 81.0%
[35m[MSG][0m itr   560, best 5564.4658, time  692.6, minPhero 0.01(232), stagnancy 81.3%
[35m[MSG][0m itr   561, best 5564.4658, time  693.8, minPhero 0.01(232), stagnancy 81.7%
[35m[MSG][0m itr   562, best 5564.4658, time  695.0, minPhero 0.01(232), stagnancy 82.0%
[35m[MSG][0m itr   563, best 5564.4658, time  696.2, minPhero 0.01(232), stagnancy 82.3%
[35m[MSG][0m itr   564, best 5564.4658, time  697.4, minPhero 0.01(232), stagnancy 82.7%
[35m[MSG][0m itr   565, best 5564.4658, time  698.6, minPhero 0.01(232), stagnancy 83.0%
[35m[MSG][0m itr   566, best 5564.4658, time  699.8, minPhero 0.01(232), stagnancy 83.3%
[35m[MSG][0m itr   567, best 5564.4658, time  701.1, minPhero 0.01(232), stagnancy 83.7%
[35m[MSG][0m itr   568, best 5564.4658, time  702.2, minPhero 0.01(232), stagnancy 84.0%
[35m[MSG][0m itr   569, best 5564.4658, time  703.5, minPhero 0.01(232), stagnancy 84.3%
[35m[MSG][0m itr   570, best 5564.4658, time  704.7, minPhero 0.01(232), stagnancy 84.7%
[35m[MSG][0m itr   571, best 5564.4658, time  705.9, minPhero 0.01(232), stagnancy 85.0%
[35m[MSG][0m itr   572, best 5564.4658, time  707.1, minPhero 0.01(232), stagnancy 85.3%
[35m[MSG][0m itr   573, best 5564.4658, time  708.3, minPhero 0.01(232), stagnancy 85.7%
[35m[MSG][0m itr   574, best 5564.4658, time  709.5, minPhero 0.01(232), stagnancy 86.0%
[35m[MSG][0m itr   575, best 5564.4658, time  710.6, minPhero 0.01(232), stagnancy 86.3%
[35m[MSG][0m itr   576, best 5564.4658, time  711.8, minPhero 0.01(232), stagnancy 86.7%
[35m[MSG][0m itr   577, best 5564.4658, time  713.0, minPhero 0.01(232), stagnancy 87.0%
[35m[MSG][0m itr   578, best 5564.4658, time  714.3, minPhero 0.01(232), stagnancy 87.3%
[35m[MSG][0m itr   579, best 5564.4658, time  715.4, minPhero 0.01(232), stagnancy 87.7%
[35m[MSG][0m itr   580, best 5564.4658, time  716.8, minPhero 0.01(232), stagnancy 88.0%
[35m[MSG][0m itr   581, best 5564.4658, time  718.1, minPhero 0.01(232), stagnancy 88.3%
[35m[MSG][0m itr   582, best 5564.4658, time  719.4, minPhero 0.01(232), stagnancy 88.7%
[35m[MSG][0m itr   583, best 5564.4658, time  720.8, minPhero 0.01(232), stagnancy 89.0%
[35m[MSG][0m itr   584, best 5564.4658, time  722.2, minPhero 0.01(232), stagnancy 89.3%
[35m[MSG][0m itr   585, best 5564.4658, time  723.5, minPhero 0.01(232), stagnancy 89.7%
[35m[MSG][0m itr   586, best 5564.4658, time  724.9, minPhero 0.01(232), stagnancy 90.0%
[35m[MSG][0m itr   587, best 5564.4658, time  726.3, minPhero 0.01(232), stagnancy 90.3%
[35m[MSG][0m itr   588, best 5564.4658, time  727.6, minPhero 0.01(232), stagnancy 90.7%
[35m[MSG][0m itr   589, best 5564.4658, time  729.0, minPhero 0.01(232), stagnancy 91.0%
[35m[MSG][0m itr   590, best 5564.4658, time  730.3, minPhero 0.01(232), stagnancy 91.3%
[35m[MSG][0m itr   591, best 5564.4658, time  731.7, minPhero 0.01(232), stagnancy 91.7%
[35m[MSG][0m itr   592, best 5564.4658, time  733.1, minPhero 0.01(232), stagnancy 92.0%
[35m[MSG][0m itr   593, best 5564.4658, time  734.4, minPhero 0.01(232), stagnancy 92.3%
[35m[MSG][0m itr   594, best 5564.4658, time  735.8, minPhero 0.01(232), stagnancy 92.7%
[35m[MSG][0m itr   595, best 5564.4658, time  737.2, minPhero 0.01(232), stagnancy 93.0%
[35m[MSG][0m itr   596, best 5564.4658, time  738.5, minPhero 0.01(232), stagnancy 93.3%
[35m[MSG][0m itr   597, best 5564.4658, time  739.9, minPhero 0.01(232), stagnancy 93.7%
[35m[MSG][0m itr   598, best 5564.4658, time  741.3, minPhero 0.01(232), stagnancy 94.0%
[35m[MSG][0m itr   599, best 5564.4658, time  742.5, minPhero 0.01(232), stagnancy 94.3%
[35m[MSG][0m itr   600, best 5564.4658, time  743.7, minPhero 0.01(232), stagnancy 94.7%
[35m[MSG][0m itr   601, best 5564.4658, time  744.9, minPhero 0.01(232), stagnancy 95.0%
[35m[MSG][0m itr   602, best 5564.4658, time  746.1, minPhero 0.01(232), stagnancy 95.3%
[35m[MSG][0m itr   603, best 5564.4658, time  747.3, minPhero 0.01(232), stagnancy 95.7%
[35m[MSG][0m itr   604, best 5564.4658, time  748.5, minPhero 0.01(232), stagnancy 96.0%
[35m[MSG][0m itr   605, best 5564.4658, time  749.7, minPhero 0.01(232), stagnancy 96.3%
[35m[MSG][0m itr   606, best 5564.4658, time  750.9, minPhero 0.01(232), stagnancy 96.7%
[35m[MSG][0m itr   607, best 5564.4658, time  752.1, minPhero 0.01(232), stagnancy 97.0%
[35m[MSG][0m itr   608, best 5564.4658, time  753.3, minPhero 0.01(232), stagnancy 97.3%
[35m[MSG][0m itr   609, best 5564.4658, time  754.5, minPhero 0.01(232), stagnancy 97.7%
[35m[MSG][0m itr   610, best 5564.4658, time  755.7, minPhero 0.01(232), stagnancy 98.0%
[35m[MSG][0m itr   611, best 5564.4658, time  756.9, minPhero 0.01(232), stagnancy 98.3%
[35m[MSG][0m itr   612, best 5564.4658, time  758.1, minPhero 0.01(232), stagnancy 98.7%
[35m[MSG][0m itr   613, best 5564.4658, time  759.3, minPhero 0.01(232), stagnancy 99.0%
[35m[MSG][0m itr   614, best 5564.4658, time  760.6, minPhero 0.01(232), stagnancy 99.3%
[35m[MSG][0m itr   615, best 5564.4658, time  761.8, minPhero 0.01(232), stagnancy 99.7%
[35m[MSG][0m itr   616, best 5564.4658, time  763.0, minPhero 0.01(232), stagnancy 100.0%
[35m[MSG][0m Solution converged. Reinitialising pheromones...
[35m[MSG][0m Time: 762.99 s
[35m[MSG][0m Best cost: 5564.47
