[35m[MSG][0m Log level set to LOG_DEBUG
[35m[MSG][0m Parsing input from file "res/fruitybun250_2016.vrp"
[35m[MSG][0m Number of nodes: 250
[35m[MSG][0m Running ACO search
[35m[MSG][0m ACO settings: 
 alpha:     8.000
 beta:      1.000
 pers:      0.850
 minPhero:  0.015
 nbhood:    10
 popSize:   512
 maxStag:   300
[35m[MSG][0m itr     1, best 5725.2607, time    0.9, minPhero 0.85(28922), stagnancy 0.0%
[35m[MSG][0m itr     2, best 5725.2607, time    1.7, minPhero 0.72(28922), stagnancy 0.3%
[35m[MSG][0m itr     3, best 5708.5488, time    2.6, minPhero 0.61(28922), stagnancy 0.0%
[35m[MSG][0m itr     4, best 5708.5488, time    3.5, minPhero 0.52(28922), stagnancy 0.3%
[35m[MSG][0m itr     5, best 5708.5488, time    4.3, minPhero 0.44(28922), stagnancy 0.7%
[35m[MSG][0m itr     6, best 5708.5488, time    5.2, minPhero 0.38(28922), stagnancy 1.0%
[35m[MSG][0m itr     7, best 5707.5322, time    6.1, minPhero 0.32(28922), stagnancy 0.0%
[35m[MSG][0m itr     8, best 5707.5322, time    7.0, minPhero 0.27(28922), stagnancy 0.3%
[35m[MSG][0m itr     9, best 5656.0405, time    7.8, minPhero 0.23(28922), stagnancy 0.0%
[35m[MSG][0m itr    10, best 5656.0405, time    8.7, minPhero 0.20(28922), stagnancy 0.3%
[35m[MSG][0m itr    11, best 5656.0405, time    9.6, minPhero 0.17(28922), stagnancy 0.7%
[35m[MSG][0m itr    12, best 5656.0405, time   10.5, minPhero 0.14(28922), stagnancy 1.0%
[35m[MSG][0m itr    13, best 5656.0405, time   11.3, minPhero 0.12(28922), stagnancy 1.3%
[35m[MSG][0m itr    14, best 5656.0405, time   12.2, minPhero 0.10(28922), stagnancy 1.7%
[35m[MSG][0m itr    15, best 5656.0405, time   13.1, minPhero 0.09(28922), stagnancy 2.0%
[35m[MSG][0m itr    16, best 5648.0488, time   14.0, minPhero 0.07(28922), stagnancy 0.0%
[35m[MSG][0m itr    17, best 5648.0488, time   14.9, minPhero 0.06(28922), stagnancy 0.3%
[35m[MSG][0m itr    18, best 5648.0488, time   15.7, minPhero 0.05(28922), stagnancy 0.7%
[35m[MSG][0m itr    19, best 5648.0488, time   16.6, minPhero 0.05(28922), stagnancy 1.0%
[35m[MSG][0m itr    20, best 5642.5854, time   17.5, minPhero 0.04(28922), stagnancy 0.0%
[35m[MSG][0m itr    21, best 5638.1284, time   18.4, minPhero 0.03(28922), stagnancy 0.0%
[35m[MSG][0m itr    22, best 5632.1348, time   19.3, minPhero 0.03(28922), stagnancy 0.0%
[35m[MSG][0m itr    23, best 5626.4307, time   20.2, minPhero 0.02(477), stagnancy 0.0%
[35m[MSG][0m itr    24, best 5624.6182, time   21.0, minPhero 0.02(479), stagnancy 0.0%
[35m[MSG][0m itr    25, best 5618.1172, time   21.9, minPhero 0.02(435), stagnancy 0.0%
[35m[MSG][0m itr    26, best 5617.9678, time   22.8, minPhero 0.01(435), stagnancy 0.0%
[35m[MSG][0m itr    27, best 5617.9678, time   23.7, minPhero 0.01(435), stagnancy 0.3%
[35m[MSG][0m itr    28, best 5612.0210, time   24.6, minPhero 0.01(345), stagnancy 0.0%
[35m[MSG][0m itr    29, best 5612.0210, time   25.4, minPhero 0.01(327), stagnancy 0.3%
[35m[MSG][0m itr    30, best 5612.0210, time   26.3, minPhero 0.01(327), stagnancy 0.7%
[35m[MSG][0m itr    31, best 5612.0210, time   27.2, minPhero 0.01(318), stagnancy 1.0%
[35m[MSG][0m itr    32, best 5611.6963, time   28.1, minPhero 0.01(317), stagnancy 0.0%
[35m[MSG][0m itr    33, best 5611.0112, time   28.9, minPhero 0.01(319), stagnancy 0.0%
[35m[MSG][0m itr    34, best 5609.8799, time   29.8, minPhero 0.01(315), stagnancy 0.0%
[35m[MSG][0m itr    35, best 5606.5469, time   30.7, minPhero 0.01(306), stagnancy 0.0%
[35m[MSG][0m itr    36, best 5606.0166, time   31.6, minPhero 0.01(304), stagnancy 0.0%
[35m[MSG][0m itr    37, best 5606.0166, time   32.4, minPhero 0.01(293), stagnancy 0.3%
[35m[MSG][0m itr    38, best 5605.3203, time   33.3, minPhero 0.01(288), stagnancy 0.0%
[35m[MSG][0m itr    39, best 5605.1533, time   34.2, minPhero 0.01(286), stagnancy 0.0%
[35m[MSG][0m itr    40, best 5605.1533, time   35.1, minPhero 0.01(281), stagnancy 0.3%
[35m[MSG][0m itr    41, best 5605.0312, time   35.9, minPhero 0.01(283), stagnancy 0.0%
[35m[MSG][0m itr    42, best 5601.8682, time   36.8, minPhero 0.01(290), stagnancy 0.0%
[35m[MSG][0m itr    43, best 5601.8682, time   37.7, minPhero 0.01(284), stagnancy 0.3%
[35m[MSG][0m itr    44, best 5598.9248, time   38.5, minPhero 0.01(275), stagnancy 0.0%
[35m[MSG][0m itr    45, best 5598.8716, time   39.4, minPhero 0.01(273), stagnancy 0.0%
[35m[MSG][0m itr    46, best 5598.7290, time   40.3, minPhero 0.01(273), stagnancy 0.0%
[35m[MSG][0m itr    47, best 5592.7744, time   41.2, minPhero 0.01(274), stagnancy 0.0%
[35m[MSG][0m Solution converged. Reinitialising pheromones...
[35m[MSG][0m itr    48, best 5592.7744, time   42.0, minPhero 0.85(28922), stagnancy 0.3%
[35m[MSG][0m itr    49, best 5592.7744, time   42.9, minPhero 0.72(28922), stagnancy 0.7%
[35m[MSG][0m itr    50, best 5592.7744, time   43.8, minPhero 0.61(28922), stagnancy 1.0%
[35m[MSG][0m itr    51, best 5592.7744, time   44.6, minPhero 0.52(28922), stagnancy 1.3%
[35m[MSG][0m itr    52, best 5592.7744, time   45.5, minPhero 0.44(28922), stagnancy 1.7%
[35m[MSG][0m itr    53, best 5592.7744, time   46.4, minPhero 0.38(28922), stagnancy 2.0%
[35m[MSG][0m itr    54, best 5592.7744, time   47.2, minPhero 0.32(28922), stagnancy 2.3%
[35m[MSG][0m itr    55, best 5592.7744, time   48.1, minPhero 0.27(28922), stagnancy 2.7%
[35m[MSG][0m itr    56, best 5592.7744, time   49.0, minPhero 0.23(28922), stagnancy 3.0%
[35m[MSG][0m itr    57, best 5592.7744, time   49.9, minPhero 0.20(28922), stagnancy 3.3%
[35m[MSG][0m itr    58, best 5592.7744, time   50.7, minPhero 0.17(28922), stagnancy 3.7%
[35m[MSG][0m itr    59, best 5592.7744, time   51.6, minPhero 0.14(28922), stagnancy 4.0%
[35m[MSG][0m itr    60, best 5592.7744, time   52.5, minPhero 0.12(28922), stagnancy 4.3%
[35m[MSG][0m itr    61, best 5592.7744, time   53.4, minPhero 0.10(28922), stagnancy 4.7%
[35m[MSG][0m itr    62, best 5592.7744, time   54.3, minPhero 0.09(28922), stagnancy 5.0%
[35m[MSG][0m itr    63, best 5592.7744, time   55.1, minPhero 0.07(28922), stagnancy 5.3%
[35m[MSG][0m itr    64, best 5592.7744, time   56.0, minPhero 0.06(28922), stagnancy 5.7%
[35m[MSG][0m itr    65, best 5592.7744, time   56.9, minPhero 0.05(28922), stagnancy 6.0%
[35m[MSG][0m itr    66, best 5592.5005, time   57.8, minPhero 0.05(28922), stagnancy 0.0%
[35m[MSG][0m itr    67, best 5592.5005, time   58.7, minPhero 0.04(28922), stagnancy 0.3%
[35m[MSG][0m itr    68, best 5592.5005, time   59.5, minPhero 0.03(28922), stagnancy 0.7%
[35m[MSG][0m itr    69, best 5592.2012, time   60.4, minPhero 0.03(28922), stagnancy 0.0%
[35m[MSG][0m itr    70, best 5592.2012, time   61.3, minPhero 0.02(236), stagnancy 0.3%
[35m[MSG][0m itr    71, best 5592.2012, time   62.2, minPhero 0.02(236), stagnancy 0.7%
[35m[MSG][0m itr    72, best 5591.9277, time   63.0, minPhero 0.02(236), stagnancy 0.0%
[35m[MSG][0m itr    73, best 5591.5215, time   63.9, minPhero 0.01(240), stagnancy 0.0%
[35m[MSG][0m itr    74, best 5591.5215, time   64.8, minPhero 0.01(240), stagnancy 0.3%
[35m[MSG][0m itr    75, best 5591.2637, time   65.6, minPhero 0.01(241), stagnancy 0.0%
[35m[MSG][0m itr    76, best 5591.2637, time   66.5, minPhero 0.01(241), stagnancy 0.3%
[35m[MSG][0m itr    77, best 5590.9683, time   67.4, minPhero 0.01(241), stagnancy 0.0%
[35m[MSG][0m itr    78, best 5590.5654, time   68.3, minPhero 0.01(245), stagnancy 0.0%
[35m[MSG][0m itr    79, best 5590.5269, time   69.1, minPhero 0.01(245), stagnancy 0.0%
[35m[MSG][0m itr    80, best 5590.2529, time   70.0, minPhero 0.01(245), stagnancy 0.0%
[35m[MSG][0m itr    81, best 5590.2524, time   70.8, minPhero 0.01(245), stagnancy 0.0%
[35m[MSG][0m itr    82, best 5590.2524, time   71.7, minPhero 0.01(245), stagnancy 0.3%
[35m[MSG][0m itr    83, best 5590.2524, time   72.6, minPhero 0.01(245), stagnancy 0.7%
[35m[MSG][0m itr    84, best 5590.2524, time   73.5, minPhero 0.01(245), stagnancy 1.0%
[35m[MSG][0m itr    85, best 5590.2524, time   74.3, minPhero 0.01(245), stagnancy 1.3%
[35m[MSG][0m itr    86, best 5590.2524, time   75.2, minPhero 0.01(245), stagnancy 1.7%
[35m[MSG][0m itr    87, best 5590.2524, time   76.1, minPhero 0.01(245), stagnancy 2.0%
[35m[MSG][0m itr    88, best 5590.0947, time   76.9, minPhero 0.01(249), stagnancy 0.0%
[35m[MSG][0m itr    89, best 5589.6748, time   77.8, minPhero 0.01(249), stagnancy 0.0%
[35m[MSG][0m itr    90, best 5589.6748, time   78.7, minPhero 0.01(247), stagnancy 0.3%
[35m[MSG][0m itr    91, best 5589.6748, time   79.5, minPhero 0.01(244), stagnancy 0.7%
[35m[MSG][0m itr    92, best 5589.6748, time   80.4, minPhero 0.01(244), stagnancy 1.0%
[35m[MSG][0m itr    93, best 5589.6743, time   81.3, minPhero 0.01(244), stagnancy 0.0%
[35m[MSG][0m itr    94, best 5589.6743, time   82.1, minPhero 0.01(244), stagnancy 0.3%
[35m[MSG][0m itr    95, best 5589.6743, time   83.0, minPhero 0.01(241), stagnancy 0.7%
[35m[MSG][0m itr    96, best 5586.3315, time   83.9, minPhero 0.01(247), stagnancy 0.0%
[35m[MSG][0m itr    97, best 5586.3315, time   84.8, minPhero 0.01(246), stagnancy 0.3%
[35m[MSG][0m itr    98, best 5586.3315, time   85.6, minPhero 0.01(245), stagnancy 0.7%
[35m[MSG][0m itr    99, best 5586.3315, time   86.5, minPhero 0.01(245), stagnancy 1.0%
[35m[MSG][0m itr   100, best 5584.1411, time   87.4, minPhero 0.01(243), stagnancy 0.0%
[35m[MSG][0m itr   101, best 5584.1411, time   88.3, minPhero 0.01(243), stagnancy 0.3%
[35m[MSG][0m itr   102, best 5584.1411, time   89.1, minPhero 0.01(243), stagnancy 0.7%
[35m[MSG][0m itr   103, best 5584.1411, time   90.0, minPhero 0.01(243), stagnancy 1.0%
[35m[MSG][0m itr   104, best 5584.1411, time   90.9, minPhero 0.01(243), stagnancy 1.3%
[35m[MSG][0m itr   105, best 5584.1411, time   91.8, minPhero 0.01(243), stagnancy 1.7%
[35m[MSG][0m itr   106, best 5584.1406, time   92.6, minPhero 0.01(243), stagnancy 0.0%
[35m[MSG][0m itr   107, best 5583.4600, time   93.5, minPhero 0.01(246), stagnancy 0.0%
[35m[MSG][0m itr   108, best 5578.7339, time   94.4, minPhero 0.01(255), stagnancy 0.0%
[35m[MSG][0m itr   109, best 5578.7339, time   95.3, minPhero 0.01(255), stagnancy 0.3%
[35m[MSG][0m itr   110, best 5577.7666, time   96.1, minPhero 0.01(252), stagnancy 0.0%
[35m[MSG][0m itr   111, best 5577.7666, time   97.0, minPhero 0.01(252), stagnancy 0.3%
[35m[MSG][0m itr   112, best 5577.6953, time   97.9, minPhero 0.01(254), stagnancy 0.0%
[35m[MSG][0m itr   113, best 5577.6953, time   98.7, minPhero 0.01(254), stagnancy 0.3%
[35m[MSG][0m itr   114, best 5577.6953, time   99.6, minPhero 0.01(254), stagnancy 0.7%
[35m[MSG][0m itr   115, best 5577.6953, time  100.5, minPhero 0.01(254), stagnancy 1.0%
[35m[MSG][0m itr   116, best 5577.6948, time  101.4, minPhero 0.01(254), stagnancy 0.0%
[35m[MSG][0m itr   117, best 5577.6948, time  102.2, minPhero 0.01(254), stagnancy 0.3%
[35m[MSG][0m itr   118, best 5577.6948, time  103.1, minPhero 0.01(248), stagnancy 0.7%
[35m[MSG][0m itr   119, best 5577.6948, time  104.0, minPhero 0.01(247), stagnancy 1.0%
[35m[MSG][0m itr   120, best 5577.6948, time  104.8, minPhero 0.01(247), stagnancy 1.3%
[35m[MSG][0m itr   121, best 5577.6948, time  105.7, minPhero 0.01(247), stagnancy 1.7%
[35m[MSG][0m itr   122, best 5577.6948, time  106.6, minPhero 0.01(246), stagnancy 2.0%
[35m[MSG][0m itr   123, best 5577.2725, time  107.5, minPhero 0.01(249), stagnancy 0.0%
[35m[MSG][0m itr   124, best 5577.2725, time  108.3, minPhero 0.01(249), stagnancy 0.3%
[35m[MSG][0m itr   125, best 5577.2725, time  109.2, minPhero 0.01(246), stagnancy 0.7%
[35m[MSG][0m itr   126, best 5577.2725, time  110.0, minPhero 0.01(246), stagnancy 1.0%
[35m[MSG][0m itr   127, best 5577.2720, time  110.9, minPhero 0.01(246), stagnancy 0.0%
[35m[MSG][0m itr   128, best 5577.2720, time  111.8, minPhero 0.01(246), stagnancy 0.3%
[35m[MSG][0m itr   129, best 5577.2720, time  112.7, minPhero 0.01(243), stagnancy 0.7%
[35m[MSG][0m itr   130, best 5577.2720, time  113.5, minPhero 0.01(238), stagnancy 1.0%
[35m[MSG][0m itr   131, best 5577.2720, time  114.4, minPhero 0.01(238), stagnancy 1.3%
[35m[MSG][0m itr   132, best 5577.2720, time  115.2, minPhero 0.01(238), stagnancy 1.7%
[35m[MSG][0m itr   133, best 5577.2720, time  116.1, minPhero 0.01(238), stagnancy 2.0%
[35m[MSG][0m itr   134, best 5575.3652, time  117.0, minPhero 0.01(248), stagnancy 0.0%
[35m[MSG][0m itr   135, best 5573.5059, time  117.8, minPhero 0.01(250), stagnancy 0.0%
[35m[MSG][0m itr   136, best 5573.5059, time  118.7, minPhero 0.01(250), stagnancy 0.3%
[35m[MSG][0m itr   137, best 5573.5059, time  119.6, minPhero 0.01(250), stagnancy 0.7%
[35m[MSG][0m itr   138, best 5573.3545, time  120.5, minPhero 0.01(252), stagnancy 0.0%
[35m[MSG][0m itr   139, best 5573.2832, time  121.3, minPhero 0.01(252), stagnancy 0.0%
[35m[MSG][0m itr   140, best 5573.2832, time  122.2, minPhero 0.01(252), stagnancy 0.3%
[35m[MSG][0m itr   141, best 5573.2832, time  123.1, minPhero 0.01(252), stagnancy 0.7%
[35m[MSG][0m itr   142, best 5573.2832, time  123.9, minPhero 0.01(252), stagnancy 1.0%
[35m[MSG][0m itr   143, best 5573.2832, time  124.8, minPhero 0.01(252), stagnancy 1.3%
[35m[MSG][0m itr   144, best 5573.2832, time  125.7, minPhero 0.01(252), stagnancy 1.7%
[35m[MSG][0m itr   145, best 5573.2832, time  126.6, minPhero 0.01(250), stagnancy 2.0%
[35m[MSG][0m itr   146, best 5573.2832, time  127.4, minPhero 0.01(249), stagnancy 2.3%
[35m[MSG][0m itr   147, best 5573.2832, time  128.3, minPhero 0.01(249), stagnancy 2.7%
[35m[MSG][0m itr   148, best 5573.2832, time  129.2, minPhero 0.01(249), stagnancy 3.0%
[35m[MSG][0m itr   149, best 5573.2832, time  130.0, minPhero 0.01(249), stagnancy 3.3%
[35m[MSG][0m itr   150, best 5573.2832, time  130.9, minPhero 0.01(249), stagnancy 3.7%
[35m[MSG][0m itr   151, best 5573.2832, time  131.8, minPhero 0.01(249), stagnancy 4.0%
[35m[MSG][0m itr   152, best 5571.6094, time  132.6, minPhero 0.01(249), stagnancy 0.0%
[35m[MSG][0m itr   153, best 5571.6094, time  133.5, minPhero 0.01(249), stagnancy 0.3%
[35m[MSG][0m itr   154, best 5571.6094, time  134.4, minPhero 0.01(247), stagnancy 0.7%
[35m[MSG][0m itr   155, best 5571.6094, time  135.2, minPhero 0.01(245), stagnancy 1.0%
[35m[MSG][0m itr   156, best 5571.6094, time  136.1, minPhero 0.01(236), stagnancy 1.3%
[35m[MSG][0m itr   157, best 5571.6094, time  137.0, minPhero 0.01(236), stagnancy 1.7%
[35m[MSG][0m itr   158, best 5571.6094, time  137.8, minPhero 0.01(236), stagnancy 2.0%
[35m[MSG][0m itr   159, best 5571.6094, time  138.7, minPhero 0.01(236), stagnancy 2.3%
[35m[MSG][0m itr   160, best 5571.6094, time  139.6, minPhero 0.01(235), stagnancy 2.7%
[35m[MSG][0m itr   161, best 5571.6094, time  140.4, minPhero 0.01(235), stagnancy 3.0%
[35m[MSG][0m itr   162, best 5571.6094, time  141.3, minPhero 0.01(235), stagnancy 3.3%
[35m[MSG][0m itr   163, best 5571.6094, time  142.2, minPhero 0.01(235), stagnancy 3.7%
[35m[MSG][0m itr   164, best 5571.6094, time  143.0, minPhero 0.01(235), stagnancy 4.0%
[35m[MSG][0m itr   165, best 5571.6094, time  143.9, minPhero 0.01(235), stagnancy 4.3%
[35m[MSG][0m itr   166, best 5571.6094, time  144.8, minPhero 0.01(235), stagnancy 4.7%
[35m[MSG][0m itr   167, best 5571.6094, time  145.6, minPhero 0.01(235), stagnancy 5.0%
[35m[MSG][0m itr   168, best 5571.6094, time  146.5, minPhero 0.01(235), stagnancy 5.3%
[35m[MSG][0m itr   169, best 5571.6094, time  147.3, minPhero 0.01(235), stagnancy 5.7%
[35m[MSG][0m itr   170, best 5571.6094, time  148.2, minPhero 0.01(235), stagnancy 6.0%
[35m[MSG][0m itr   171, best 5571.6094, time  149.1, minPhero 0.01(235), stagnancy 6.3%
[35m[MSG][0m itr   172, best 5571.6094, time  149.9, minPhero 0.01(235), stagnancy 6.7%
[35m[MSG][0m itr   173, best 5571.6094, time  150.8, minPhero 0.01(235), stagnancy 7.0%
[35m[MSG][0m itr   174, best 5571.6094, time  151.7, minPhero 0.01(232), stagnancy 7.3%
[35m[MSG][0m itr   175, best 5571.6094, time  152.5, minPhero 0.01(232), stagnancy 7.7%
[35m[MSG][0m itr   176, best 5571.6094, time  153.4, minPhero 0.01(232), stagnancy 8.0%
[35m[MSG][0m itr   177, best 5571.6094, time  154.3, minPhero 0.01(232), stagnancy 8.3%
[35m[MSG][0m itr   178, best 5571.6094, time  155.1, minPhero 0.01(232), stagnancy 8.7%
[35m[MSG][0m itr   179, best 5571.6094, time  156.0, minPhero 0.01(232), stagnancy 9.0%
[35m[MSG][0m itr   180, best 5571.6094, time  156.9, minPhero 0.01(232), stagnancy 9.3%
[35m[MSG][0m itr   181, best 5571.6094, time  157.7, minPhero 0.01(232), stagnancy 9.7%
[35m[MSG][0m itr   182, best 5571.6094, time  158.6, minPhero 0.01(232), stagnancy 10.0%
[35m[MSG][0m itr   183, best 5571.6094, time  159.5, minPhero 0.01(232), stagnancy 10.3%
[35m[MSG][0m itr   184, best 5571.6094, time  160.3, minPhero 0.01(232), stagnancy 10.7%
[35m[MSG][0m itr   185, best 5571.6094, time  161.2, minPhero 0.01(232), stagnancy 11.0%
[35m[MSG][0m itr   186, best 5571.6094, time  162.1, minPhero 0.01(232), stagnancy 11.3%
[35m[MSG][0m itr   187, best 5566.1055, time  162.9, minPhero 0.01(241), stagnancy 0.0%
[35m[MSG][0m itr   188, best 5566.1055, time  163.8, minPhero 0.01(241), stagnancy 0.3%
[35m[MSG][0m itr   189, best 5562.6719, time  164.7, minPhero 0.01(241), stagnancy 0.0%
[35m[MSG][0m itr   190, best 5562.6719, time  165.5, minPhero 0.01(241), stagnancy 0.3%
[35m[MSG][0m itr   191, best 5562.6719, time  166.4, minPhero 0.01(241), stagnancy 0.7%
[35m[MSG][0m itr   192, best 5562.6719, time  167.3, minPhero 0.01(241), stagnancy 1.0%
[35m[MSG][0m itr   193, best 5562.6719, time  168.2, minPhero 0.01(241), stagnancy 1.3%
[35m[MSG][0m itr   194, best 5562.6719, time  169.0, minPhero 0.01(241), stagnancy 1.7%
[35m[MSG][0m itr   195, best 5562.6719, time  169.9, minPhero 0.01(241), stagnancy 2.0%
[35m[MSG][0m itr   196, best 5562.6719, time  170.8, minPhero 0.01(241), stagnancy 2.3%
[35m[MSG][0m itr   197, best 5562.6719, time  171.6, minPhero 0.01(241), stagnancy 2.7%
[35m[MSG][0m itr   198, best 5562.6719, time  172.5, minPhero 0.01(241), stagnancy 3.0%
[35m[MSG][0m itr   199, best 5562.6719, time  173.4, minPhero 0.01(241), stagnancy 3.3%
[35m[MSG][0m itr   200, best 5562.6719, time  174.2, minPhero 0.01(241), stagnancy 3.7%
[35m[MSG][0m itr   201, best 5562.6719, time  175.1, minPhero 0.01(241), stagnancy 4.0%
[35m[MSG][0m itr   202, best 5562.6719, time  176.0, minPhero 0.01(241), stagnancy 4.3%
[35m[MSG][0m itr   203, best 5562.6719, time  176.8, minPhero 0.01(241), stagnancy 4.7%
[35m[MSG][0m itr   204, best 5562.6719, time  177.7, minPhero 0.01(240), stagnancy 5.0%
[35m[MSG][0m itr   205, best 5562.6719, time  178.6, minPhero 0.01(240), stagnancy 5.3%
[35m[MSG][0m itr   206, best 5562.6719, time  179.5, minPhero 0.01(240), stagnancy 5.7%
[35m[MSG][0m itr   207, best 5562.6719, time  180.3, minPhero 0.01(240), stagnancy 6.0%
[35m[MSG][0m itr   208, best 5562.6719, time  181.2, minPhero 0.01(240), stagnancy 6.3%
[35m[MSG][0m itr   209, best 5562.6719, time  182.1, minPhero 0.01(232), stagnancy 6.7%
[35m[MSG][0m itr   210, best 5562.6719, time  182.9, minPhero 0.01(232), stagnancy 7.0%
[35m[MSG][0m itr   211, best 5562.6719, time  183.8, minPhero 0.01(232), stagnancy 7.3%
[35m[MSG][0m itr   212, best 5562.6719, time  184.7, minPhero 0.01(232), stagnancy 7.7%
[35m[MSG][0m itr   213, best 5562.6719, time  185.5, minPhero 0.01(232), stagnancy 8.0%
[35m[MSG][0m itr   214, best 5562.6719, time  186.4, minPhero 0.01(232), stagnancy 8.3%
[35m[MSG][0m itr   215, best 5562.6719, time  187.3, minPhero 0.01(232), stagnancy 8.7%
[35m[MSG][0m itr   216, best 5562.6719, time  188.1, minPhero 0.01(232), stagnancy 9.0%
[35m[MSG][0m itr   217, best 5562.6719, time  189.0, minPhero 0.01(232), stagnancy 9.3%
[35m[MSG][0m itr   218, best 5562.6719, time  189.9, minPhero 0.01(232), stagnancy 9.7%
[35m[MSG][0m itr   219, best 5562.6719, time  190.7, minPhero 0.01(232), stagnancy 10.0%
[35m[MSG][0m itr   220, best 5562.6719, time  191.6, minPhero 0.01(232), stagnancy 10.3%
[35m[MSG][0m itr   221, best 5562.6719, time  192.5, minPhero 0.01(232), stagnancy 10.7%
[35m[MSG][0m itr   222, best 5562.6719, time  193.3, minPhero 0.01(232), stagnancy 11.0%
[35m[MSG][0m itr   223, best 5562.6719, time  194.2, minPhero 0.01(232), stagnancy 11.3%
[35m[MSG][0m itr   224, best 5562.6719, time  195.1, minPhero 0.01(232), stagnancy 11.7%
[35m[MSG][0m itr   225, best 5562.6719, time  195.9, minPhero 0.01(232), stagnancy 12.0%
[35m[MSG][0m itr   226, best 5562.6719, time  196.8, minPhero 0.01(232), stagnancy 12.3%
[35m[MSG][0m itr   227, best 5562.6719, time  197.7, minPhero 0.01(232), stagnancy 12.7%
[35m[MSG][0m itr   228, best 5562.6719, time  198.5, minPhero 0.01(232), stagnancy 13.0%
[35m[MSG][0m itr   229, best 5562.6719, time  199.4, minPhero 0.01(232), stagnancy 13.3%
[35m[MSG][0m itr   230, best 5562.6719, time  200.3, minPhero 0.01(232), stagnancy 13.7%
[35m[MSG][0m itr   231, best 5562.6719, time  201.1, minPhero 0.01(232), stagnancy 14.0%
[35m[MSG][0m itr   232, best 5562.6719, time  202.0, minPhero 0.01(232), stagnancy 14.3%
[35m[MSG][0m itr   233, best 5562.6719, time  202.9, minPhero 0.01(232), stagnancy 14.7%
[35m[MSG][0m itr   234, best 5562.6719, time  203.7, minPhero 0.01(232), stagnancy 15.0%
[35m[MSG][0m itr   235, best 5562.6719, time  204.6, minPhero 0.01(232), stagnancy 15.3%
[35m[MSG][0m itr   236, best 5562.6719, time  205.5, minPhero 0.01(232), stagnancy 15.7%
[35m[MSG][0m itr   237, best 5562.6719, time  206.3, minPhero 0.01(232), stagnancy 16.0%
[35m[MSG][0m itr   238, best 5562.6719, time  207.2, minPhero 0.01(232), stagnancy 16.3%
[35m[MSG][0m itr   239, best 5562.6719, time  208.1, minPhero 0.01(232), stagnancy 16.7%
[35m[MSG][0m itr   240, best 5562.6719, time  208.9, minPhero 0.01(232), stagnancy 17.0%
[35m[MSG][0m itr   241, best 5562.6719, time  209.8, minPhero 0.01(232), stagnancy 17.3%
[35m[MSG][0m itr   242, best 5562.6719, time  210.7, minPhero 0.01(232), stagnancy 17.7%
[35m[MSG][0m itr   243, best 5562.6719, time  211.5, minPhero 0.01(232), stagnancy 18.0%
[35m[MSG][0m itr   244, best 5562.6719, time  212.4, minPhero 0.01(232), stagnancy 18.3%
[35m[MSG][0m itr   245, best 5562.6719, time  213.3, minPhero 0.01(232), stagnancy 18.7%
[35m[MSG][0m itr   246, best 5562.6719, time  214.1, minPhero 0.01(232), stagnancy 19.0%
[35m[MSG][0m itr   247, best 5562.6719, time  215.0, minPhero 0.01(232), stagnancy 19.3%
[35m[MSG][0m itr   248, best 5562.6719, time  215.9, minPhero 0.01(232), stagnancy 19.7%
[35m[MSG][0m itr   249, best 5562.6719, time  216.7, minPhero 0.01(232), stagnancy 20.0%
[35m[MSG][0m itr   250, best 5562.6719, time  217.6, minPhero 0.01(232), stagnancy 20.3%
[35m[MSG][0m itr   251, best 5562.6719, time  218.5, minPhero 0.01(232), stagnancy 20.7%
[35m[MSG][0m itr   252, best 5562.6719, time  219.3, minPhero 0.01(232), stagnancy 21.0%
[35m[MSG][0m itr   253, best 5562.6719, time  220.2, minPhero 0.01(232), stagnancy 21.3%
[35m[MSG][0m itr   254, best 5562.6719, time  221.1, minPhero 0.01(232), stagnancy 21.7%
[35m[MSG][0m itr   255, best 5562.6719, time  221.9, minPhero 0.01(232), stagnancy 22.0%
[35m[MSG][0m itr   256, best 5562.6719, time  222.8, minPhero 0.01(232), stagnancy 22.3%
[35m[MSG][0m itr   257, best 5562.6719, time  223.7, minPhero 0.01(232), stagnancy 22.7%
[35m[MSG][0m itr   258, best 5562.6719, time  224.5, minPhero 0.01(232), stagnancy 23.0%
[35m[MSG][0m itr   259, best 5562.6719, time  225.4, minPhero 0.01(232), stagnancy 23.3%
[35m[MSG][0m itr   260, best 5562.6719, time  226.3, minPhero 0.01(232), stagnancy 23.7%
[35m[MSG][0m itr   261, best 5562.6719, time  227.1, minPhero 0.01(232), stagnancy 24.0%
[35m[MSG][0m itr   262, best 5562.6719, time  228.0, minPhero 0.01(232), stagnancy 24.3%
[35m[MSG][0m itr   263, best 5562.6719, time  228.9, minPhero 0.01(232), stagnancy 24.7%
[35m[MSG][0m itr   264, best 5562.6719, time  229.7, minPhero 0.01(232), stagnancy 25.0%
[35m[MSG][0m itr   265, best 5562.6719, time  230.6, minPhero 0.01(232), stagnancy 25.3%
[35m[MSG][0m itr   266, best 5562.6719, time  231.5, minPhero 0.01(232), stagnancy 25.7%
[35m[MSG][0m itr   267, best 5562.6719, time  232.3, minPhero 0.01(232), stagnancy 26.0%
[35m[MSG][0m itr   268, best 5562.6719, time  233.2, minPhero 0.01(232), stagnancy 26.3%
[35m[MSG][0m itr   269, best 5562.6719, time  234.1, minPhero 0.01(232), stagnancy 26.7%
[35m[MSG][0m itr   270, best 5562.6719, time  234.9, minPhero 0.01(232), stagnancy 27.0%
[35m[MSG][0m itr   271, best 5562.6719, time  235.8, minPhero 0.01(232), stagnancy 27.3%
[35m[MSG][0m itr   272, best 5562.6719, time  236.7, minPhero 0.01(232), stagnancy 27.7%
[35m[MSG][0m itr   273, best 5562.6719, time  237.5, minPhero 0.01(232), stagnancy 28.0%
[35m[MSG][0m itr   274, best 5562.6719, time  238.4, minPhero 0.01(232), stagnancy 28.3%
[35m[MSG][0m itr   275, best 5562.6719, time  239.3, minPhero 0.01(232), stagnancy 28.7%
[35m[MSG][0m itr   276, best 5562.6719, time  240.1, minPhero 0.01(232), stagnancy 29.0%
[35m[MSG][0m itr   277, best 5562.6719, time  241.0, minPhero 0.01(232), stagnancy 29.3%
[35m[MSG][0m itr   278, best 5562.6719, time  241.9, minPhero 0.01(232), stagnancy 29.7%
[35m[MSG][0m itr   279, best 5562.6719, time  242.7, minPhero 0.01(232), stagnancy 30.0%
[35m[MSG][0m itr   280, best 5562.6719, time  243.6, minPhero 0.01(232), stagnancy 30.3%
[35m[MSG][0m itr   281, best 5562.6719, time  244.5, minPhero 0.01(232), stagnancy 30.7%
[35m[MSG][0m itr   282, best 5562.6719, time  245.3, minPhero 0.01(232), stagnancy 31.0%
[35m[MSG][0m itr   283, best 5562.6719, time  246.2, minPhero 0.01(232), stagnancy 31.3%
[35m[MSG][0m itr   284, best 5562.6719, time  247.1, minPhero 0.01(232), stagnancy 31.7%
[35m[MSG][0m itr   285, best 5562.6719, time  247.9, minPhero 0.01(232), stagnancy 32.0%
[35m[MSG][0m itr   286, best 5562.6719, time  248.8, minPhero 0.01(232), stagnancy 32.3%
[35m[MSG][0m itr   287, best 5562.6719, time  249.7, minPhero 0.01(232), stagnancy 32.7%
[35m[MSG][0m itr   288, best 5562.6719, time  250.5, minPhero 0.01(232), stagnancy 33.0%
[35m[MSG][0m itr   289, best 5562.6719, time  251.4, minPhero 0.01(232), stagnancy 33.3%
[35m[MSG][0m itr   290, best 5562.6719, time  252.3, minPhero 0.01(232), stagnancy 33.7%
[35m[MSG][0m itr   291, best 5562.6719, time  253.1, minPhero 0.01(232), stagnancy 34.0%
[35m[MSG][0m itr   292, best 5562.6719, time  254.0, minPhero 0.01(232), stagnancy 34.3%
[35m[MSG][0m itr   293, best 5562.6719, time  254.9, minPhero 0.01(232), stagnancy 34.7%
[35m[MSG][0m itr   294, best 5562.6719, time  255.7, minPhero 0.01(232), stagnancy 35.0%
[35m[MSG][0m itr   295, best 5562.6719, time  256.6, minPhero 0.01(232), stagnancy 35.3%
[35m[MSG][0m itr   296, best 5562.6719, time  257.5, minPhero 0.01(232), stagnancy 35.7%
[35m[MSG][0m itr   297, best 5562.6719, time  258.3, minPhero 0.01(232), stagnancy 36.0%
[35m[MSG][0m itr   298, best 5562.6719, time  259.2, minPhero 0.01(232), stagnancy 36.3%
[35m[MSG][0m itr   299, best 5562.6719, time  260.1, minPhero 0.01(232), stagnancy 36.7%
[35m[MSG][0m itr   300, best 5562.6719, time  260.9, minPhero 0.01(232), stagnancy 37.0%
[35m[MSG][0m itr   301, best 5562.6719, time  261.8, minPhero 0.01(232), stagnancy 37.3%
[35m[MSG][0m itr   302, best 5562.6719, time  262.7, minPhero 0.01(232), stagnancy 37.7%
[35m[MSG][0m itr   303, best 5562.6719, time  263.5, minPhero 0.01(232), stagnancy 38.0%
[35m[MSG][0m itr   304, best 5562.6719, time  264.4, minPhero 0.01(232), stagnancy 38.3%
[35m[MSG][0m itr   305, best 5562.6719, time  265.3, minPhero 0.01(232), stagnancy 38.7%
[35m[MSG][0m itr   306, best 5562.6719, time  266.1, minPhero 0.01(232), stagnancy 39.0%
[35m[MSG][0m itr   307, best 5562.6719, time  267.0, minPhero 0.01(232), stagnancy 39.3%
[35m[MSG][0m itr   308, best 5562.6719, time  267.9, minPhero 0.01(232), stagnancy 39.7%
[35m[MSG][0m itr   309, best 5562.6719, time  268.7, minPhero 0.01(232), stagnancy 40.0%
[35m[MSG][0m itr   310, best 5562.6719, time  269.6, minPhero 0.01(232), stagnancy 40.3%
[35m[MSG][0m itr   311, best 5562.6719, time  270.5, minPhero 0.01(232), stagnancy 40.7%
[35m[MSG][0m itr   312, best 5562.6719, time  271.3, minPhero 0.01(232), stagnancy 41.0%
[35m[MSG][0m itr   313, best 5562.6719, time  272.2, minPhero 0.01(232), stagnancy 41.3%
[35m[MSG][0m itr   314, best 5562.3887, time  273.1, minPhero 0.01(237), stagnancy 0.0%
[35m[MSG][0m itr   315, best 5562.3887, time  273.9, minPhero 0.01(237), stagnancy 0.3%
[35m[MSG][0m itr   316, best 5562.3887, time  274.8, minPhero 0.01(237), stagnancy 0.7%
[35m[MSG][0m itr   317, best 5562.3887, time  275.7, minPhero 0.01(237), stagnancy 1.0%
[35m[MSG][0m itr   318, best 5562.3887, time  276.5, minPhero 0.01(237), stagnancy 1.3%
[35m[MSG][0m itr   319, best 5562.3887, time  277.4, minPhero 0.01(237), stagnancy 1.7%
[35m[MSG][0m itr   320, best 5562.3887, time  278.3, minPhero 0.01(237), stagnancy 2.0%
[35m[MSG][0m itr   321, best 5562.3887, time  279.1, minPhero 0.01(237), stagnancy 2.3%
[35m[MSG][0m itr   322, best 5562.3887, time  280.0, minPhero 0.01(237), stagnancy 2.7%
[35m[MSG][0m itr   323, best 5562.3887, time  280.9, minPhero 0.01(237), stagnancy 3.0%
[35m[MSG][0m itr   324, best 5562.3882, time  281.7, minPhero 0.01(237), stagnancy 0.0%
[35m[MSG][0m itr   325, best 5559.8940, time  282.6, minPhero 0.01(246), stagnancy 0.0%
[35m[MSG][0m itr   326, best 5556.3408, time  283.5, minPhero 0.01(250), stagnancy 0.0%
[35m[MSG][0m itr   327, best 5556.3408, time  284.3, minPhero 0.01(250), stagnancy 0.3%
[35m[MSG][0m itr   328, best 5555.6973, time  285.2, minPhero 0.01(252), stagnancy 0.0%
[35m[MSG][0m itr   329, best 5555.6963, time  286.1, minPhero 0.01(252), stagnancy 0.0%
[35m[MSG][0m itr   330, best 5555.6963, time  287.0, minPhero 0.01(252), stagnancy 0.3%
[35m[MSG][0m itr   331, best 5555.6963, time  287.8, minPhero 0.01(252), stagnancy 0.7%
[35m[MSG][0m itr   332, best 5555.6963, time  288.7, minPhero 0.01(252), stagnancy 1.0%
[35m[MSG][0m itr   333, best 5555.6963, time  289.6, minPhero 0.01(252), stagnancy 1.3%
[35m[MSG][0m itr   334, best 5555.6963, time  290.5, minPhero 0.01(252), stagnancy 1.7%
[35m[MSG][0m itr   335, best 5555.6963, time  291.3, minPhero 0.01(252), stagnancy 2.0%
[35m[MSG][0m itr   336, best 5555.6963, time  292.2, minPhero 0.01(248), stagnancy 2.3%
[35m[MSG][0m itr   337, best 5555.6963, time  293.1, minPhero 0.01(243), stagnancy 2.7%
[35m[MSG][0m itr   338, best 5555.6963, time  293.9, minPhero 0.01(243), stagnancy 3.0%
[35m[MSG][0m itr   339, best 5554.8901, time  294.8, minPhero 0.01(249), stagnancy 0.0%
[35m[MSG][0m itr   340, best 5554.8901, time  295.7, minPhero 0.01(249), stagnancy 0.3%
[35m[MSG][0m itr   341, best 5554.8901, time  296.6, minPhero 0.01(249), stagnancy 0.7%
[35m[MSG][0m itr   342, best 5554.8901, time  297.4, minPhero 0.01(249), stagnancy 1.0%
[35m[MSG][0m itr   343, best 5554.8901, time  298.3, minPhero 0.01(248), stagnancy 1.3%
[35m[MSG][0m itr   344, best 5554.8359, time  299.2, minPhero 0.01(248), stagnancy 0.0%
[35m[MSG][0m itr   345, best 5554.8359, time  300.1, minPhero 0.01(248), stagnancy 0.3%
[35m[MSG][0m itr   346, best 5554.5928, time  301.0, minPhero 0.01(247), stagnancy 0.0%
[35m[MSG][0m itr   347, best 5554.5928, time  301.8, minPhero 0.01(244), stagnancy 0.3%
[35m[MSG][0m itr   348, best 5553.6230, time  302.7, minPhero 0.01(246), stagnancy 0.0%
[35m[MSG][0m itr   349, best 5553.6230, time  303.6, minPhero 0.01(245), stagnancy 0.3%
[35m[MSG][0m itr   350, best 5553.6230, time  304.5, minPhero 0.01(245), stagnancy 0.7%
[35m[MSG][0m itr   351, best 5553.6230, time  305.3, minPhero 0.01(245), stagnancy 1.0%
[35m[MSG][0m itr   352, best 5553.6230, time  306.2, minPhero 0.01(245), stagnancy 1.3%
[35m[MSG][0m itr   353, best 5553.6230, time  307.1, minPhero 0.01(245), stagnancy 1.7%
[35m[MSG][0m itr   354, best 5553.6230, time  308.0, minPhero 0.01(245), stagnancy 2.0%
[35m[MSG][0m itr   355, best 5553.6230, time  308.8, minPhero 0.01(245), stagnancy 2.3%
[35m[MSG][0m itr   356, best 5553.6230, time  309.7, minPhero 0.01(245), stagnancy 2.7%
[35m[MSG][0m itr   357, best 5553.6230, time  310.6, minPhero 0.01(245), stagnancy 3.0%
[35m[MSG][0m itr   358, best 5553.6230, time  311.5, minPhero 0.01(245), stagnancy 3.3%
[35m[MSG][0m itr   359, best 5553.6230, time  312.3, minPhero 0.01(245), stagnancy 3.7%
[35m[MSG][0m itr   360, best 5553.6230, time  313.2, minPhero 0.01(245), stagnancy 4.0%
[35m[MSG][0m itr   361, best 5553.6230, time  314.1, minPhero 0.01(240), stagnancy 4.3%
[35m[MSG][0m itr   362, best 5553.6230, time  315.0, minPhero 0.01(240), stagnancy 4.7%
[35m[MSG][0m itr   363, best 5553.6230, time  315.8, minPhero 0.01(238), stagnancy 5.0%
[35m[MSG][0m itr   364, best 5553.6230, time  316.7, minPhero 0.01(238), stagnancy 5.3%
[35m[MSG][0m itr   365, best 5553.6230, time  317.6, minPhero 0.01(238), stagnancy 5.7%
[35m[MSG][0m itr   366, best 5553.6230, time  318.5, minPhero 0.01(237), stagnancy 6.0%
[35m[MSG][0m itr   367, best 5553.6230, time  319.3, minPhero 0.01(237), stagnancy 6.3%
[35m[MSG][0m itr   368, best 5553.6230, time  320.2, minPhero 0.01(234), stagnancy 6.7%
[35m[MSG][0m itr   369, best 5553.6230, time  321.1, minPhero 0.01(234), stagnancy 7.0%
[35m[MSG][0m itr   370, best 5553.6230, time  322.0, minPhero 0.01(232), stagnancy 7.3%
[35m[MSG][0m itr   371, best 5553.6230, time  322.8, minPhero 0.01(232), stagnancy 7.7%
[35m[MSG][0m itr   372, best 5553.6230, time  323.7, minPhero 0.01(232), stagnancy 8.0%
[35m[MSG][0m itr   373, best 5553.6230, time  324.6, minPhero 0.01(232), stagnancy 8.3%
[35m[MSG][0m itr   374, best 5553.6230, time  325.5, minPhero 0.01(232), stagnancy 8.7%
[35m[MSG][0m itr   375, best 5553.6230, time  326.3, minPhero 0.01(232), stagnancy 9.0%
[35m[MSG][0m itr   376, best 5553.6230, time  327.2, minPhero 0.01(232), stagnancy 9.3%
[35m[MSG][0m itr   377, best 5553.6230, time  328.1, minPhero 0.01(232), stagnancy 9.7%
[35m[MSG][0m itr   378, best 5553.6230, time  329.0, minPhero 0.01(232), stagnancy 10.0%
[35m[MSG][0m itr   379, best 5553.6230, time  329.8, minPhero 0.01(232), stagnancy 10.3%
[35m[MSG][0m itr   380, best 5553.6230, time  330.7, minPhero 0.01(232), stagnancy 10.7%
[35m[MSG][0m itr   381, best 5553.6230, time  331.6, minPhero 0.01(232), stagnancy 11.0%
[35m[MSG][0m itr   382, best 5553.6230, time  332.5, minPhero 0.01(232), stagnancy 11.3%
[35m[MSG][0m itr   383, best 5553.6230, time  333.3, minPhero 0.01(232), stagnancy 11.7%
[35m[MSG][0m itr   384, best 5553.6230, time  334.2, minPhero 0.01(232), stagnancy 12.0%
[35m[MSG][0m itr   385, best 5553.6230, time  335.1, minPhero 0.01(232), stagnancy 12.3%
[35m[MSG][0m itr   386, best 5553.6230, time  336.0, minPhero 0.01(232), stagnancy 12.7%
[35m[MSG][0m itr   387, best 5553.6230, time  336.8, minPhero 0.01(232), stagnancy 13.0%
[35m[MSG][0m itr   388, best 5553.6230, time  337.7, minPhero 0.01(232), stagnancy 13.3%
[35m[MSG][0m itr   389, best 5553.6230, time  338.6, minPhero 0.01(232), stagnancy 13.7%
[35m[MSG][0m itr   390, best 5553.6230, time  339.5, minPhero 0.01(232), stagnancy 14.0%
[35m[MSG][0m itr   391, best 5553.6230, time  340.3, minPhero 0.01(232), stagnancy 14.3%
[35m[MSG][0m itr   392, best 5553.6230, time  341.2, minPhero 0.01(232), stagnancy 14.7%
[35m[MSG][0m itr   393, best 5551.8457, time  342.1, minPhero 0.01(236), stagnancy 0.0%
[35m[MSG][0m itr   394, best 5551.8457, time  343.0, minPhero 0.01(236), stagnancy 0.3%
[35m[MSG][0m itr   395, best 5551.8457, time  343.8, minPhero 0.01(236), stagnancy 0.7%
[35m[MSG][0m itr   396, best 5551.8457, time  344.7, minPhero 0.01(236), stagnancy 1.0%
[35m[MSG][0m itr   397, best 5551.8457, time  345.6, minPhero 0.01(236), stagnancy 1.3%
[35m[MSG][0m itr   398, best 5551.8457, time  346.5, minPhero 0.01(236), stagnancy 1.7%
[35m[MSG][0m itr   399, best 5551.8457, time  347.3, minPhero 0.01(236), stagnancy 2.0%
[35m[MSG][0m itr   400, best 5551.8457, time  348.2, minPhero 0.01(236), stagnancy 2.3%
[35m[MSG][0m itr   401, best 5551.8452, time  349.1, minPhero 0.01(236), stagnancy 0.0%
[35m[MSG][0m itr   402, best 5551.8452, time  350.0, minPhero 0.01(236), stagnancy 0.3%
[35m[MSG][0m itr   403, best 5551.8452, time  350.8, minPhero 0.01(236), stagnancy 0.7%
[35m[MSG][0m itr   404, best 5551.8452, time  351.7, minPhero 0.01(236), stagnancy 1.0%
[35m[MSG][0m itr   405, best 5551.8452, time  352.6, minPhero 0.01(236), stagnancy 1.3%
[35m[MSG][0m itr   406, best 5551.8452, time  353.5, minPhero 0.01(236), stagnancy 1.7%
[35m[MSG][0m itr   407, best 5551.8452, time  354.3, minPhero 0.01(236), stagnancy 2.0%
[35m[MSG][0m itr   408, best 5551.8452, time  355.2, minPhero 0.01(236), stagnancy 2.3%
[35m[MSG][0m itr   409, best 5551.8452, time  356.1, minPhero 0.01(236), stagnancy 2.7%
[35m[MSG][0m itr   410, best 5551.8452, time  357.0, minPhero 0.01(236), stagnancy 3.0%
[35m[MSG][0m itr   411, best 5551.8452, time  357.8, minPhero 0.01(236), stagnancy 3.3%
[35m[MSG][0m itr   412, best 5551.8452, time  358.7, minPhero 0.01(236), stagnancy 3.7%
[35m[MSG][0m itr   413, best 5551.8452, time  359.6, minPhero 0.01(236), stagnancy 4.0%
[35m[MSG][0m itr   414, best 5551.8452, time  360.4, minPhero 0.01(236), stagnancy 4.3%
[35m[MSG][0m itr   415, best 5551.8452, time  361.3, minPhero 0.01(232), stagnancy 4.7%
[35m[MSG][0m itr   416, best 5551.8452, time  362.2, minPhero 0.01(232), stagnancy 5.0%
[35m[MSG][0m itr   417, best 5551.8452, time  363.1, minPhero 0.01(232), stagnancy 5.3%
[35m[MSG][0m itr   418, best 5551.8452, time  363.9, minPhero 0.01(232), stagnancy 5.7%
[35m[MSG][0m itr   419, best 5551.8452, time  364.8, minPhero 0.01(232), stagnancy 6.0%
[35m[MSG][0m itr   420, best 5551.8452, time  365.7, minPhero 0.01(232), stagnancy 6.3%
[35m[MSG][0m itr   421, best 5551.8452, time  366.6, minPhero 0.01(232), stagnancy 6.7%
[35m[MSG][0m itr   422, best 5551.8452, time  367.4, minPhero 0.01(232), stagnancy 7.0%
[35m[MSG][0m itr   423, best 5551.8452, time  368.3, minPhero 0.01(232), stagnancy 7.3%
[35m[MSG][0m itr   424, best 5551.8452, time  369.2, minPhero 0.01(232), stagnancy 7.7%
[35m[MSG][0m itr   425, best 5551.8452, time  370.1, minPhero 0.01(232), stagnancy 8.0%
[35m[MSG][0m itr   426, best 5551.8452, time  370.9, minPhero 0.01(232), stagnancy 8.3%
[35m[MSG][0m itr   427, best 5551.8452, time  371.8, minPhero 0.01(232), stagnancy 8.7%
[35m[MSG][0m itr   428, best 5551.8452, time  372.7, minPhero 0.01(232), stagnancy 9.0%
[35m[MSG][0m itr   429, best 5551.8452, time  373.5, minPhero 0.01(232), stagnancy 9.3%
[35m[MSG][0m itr   430, best 5551.8452, time  374.4, minPhero 0.01(232), stagnancy 9.7%
[35m[MSG][0m itr   431, best 5551.8452, time  375.3, minPhero 0.01(232), stagnancy 10.0%
[35m[MSG][0m itr   432, best 5551.8452, time  376.2, minPhero 0.01(232), stagnancy 10.3%
[35m[MSG][0m itr   433, best 5551.8452, time  377.0, minPhero 0.01(232), stagnancy 10.7%
[35m[MSG][0m itr   434, best 5551.8452, time  377.9, minPhero 0.01(232), stagnancy 11.0%
[35m[MSG][0m itr   435, best 5551.8452, time  378.8, minPhero 0.01(232), stagnancy 11.3%
[35m[MSG][0m itr   436, best 5551.8452, time  379.7, minPhero 0.01(232), stagnancy 11.7%
[35m[MSG][0m itr   437, best 5551.8452, time  380.5, minPhero 0.01(232), stagnancy 12.0%
[35m[MSG][0m itr   438, best 5551.8452, time  381.4, minPhero 0.01(232), stagnancy 12.3%
[35m[MSG][0m itr   439, best 5551.8452, time  382.3, minPhero 0.01(232), stagnancy 12.7%
[35m[MSG][0m itr   440, best 5551.8452, time  383.1, minPhero 0.01(232), stagnancy 13.0%
[35m[MSG][0m itr   441, best 5551.4023, time  384.0, minPhero 0.01(241), stagnancy 0.0%
[35m[MSG][0m itr   442, best 5551.4023, time  384.9, minPhero 0.01(241), stagnancy 0.3%
[35m[MSG][0m itr   443, best 5551.4023, time  385.8, minPhero 0.01(241), stagnancy 0.7%
[35m[MSG][0m itr   444, best 5551.4023, time  386.6, minPhero 0.01(241), stagnancy 1.0%
[35m[MSG][0m itr   445, best 5550.6416, time  387.5, minPhero 0.01(242), stagnancy 0.0%
[35m[MSG][0m itr   446, best 5550.6416, time  388.4, minPhero 0.01(242), stagnancy 0.3%
[35m[MSG][0m itr   447, best 5550.6416, time  389.3, minPhero 0.01(242), stagnancy 0.7%
[35m[MSG][0m itr   448, best 5550.6416, time  390.2, minPhero 0.01(242), stagnancy 1.0%
[35m[MSG][0m itr   449, best 5550.6416, time  391.0, minPhero 0.01(242), stagnancy 1.3%
[35m[MSG][0m itr   450, best 5550.6416, time  391.9, minPhero 0.01(242), stagnancy 1.7%
[35m[MSG][0m itr   451, best 5549.0557, time  392.8, minPhero 0.01(244), stagnancy 0.0%
[35m[MSG][0m itr   452, best 5549.0557, time  393.7, minPhero 0.01(244), stagnancy 0.3%
[35m[MSG][0m itr   453, best 5549.0557, time  394.5, minPhero 0.01(244), stagnancy 0.7%
[35m[MSG][0m itr   454, best 5549.0557, time  395.4, minPhero 0.01(244), stagnancy 1.0%
[35m[MSG][0m itr   455, best 5549.0557, time  396.3, minPhero 0.01(244), stagnancy 1.3%
[35m[MSG][0m itr   456, best 5549.0557, time  397.2, minPhero 0.01(244), stagnancy 1.7%
[35m[MSG][0m itr   457, best 5549.0557, time  398.1, minPhero 0.01(244), stagnancy 2.0%
[35m[MSG][0m itr   458, best 5549.0557, time  398.9, minPhero 0.01(244), stagnancy 2.3%
[35m[MSG][0m itr   459, best 5549.0557, time  399.8, minPhero 0.01(244), stagnancy 2.7%
[35m[MSG][0m itr   460, best 5549.0557, time  400.7, minPhero 0.01(244), stagnancy 3.0%
[35m[MSG][0m itr   461, best 5549.0557, time  401.6, minPhero 0.01(244), stagnancy 3.3%
[35m[MSG][0m itr   462, best 5549.0557, time  402.5, minPhero 0.01(244), stagnancy 3.7%
[35m[MSG][0m itr   463, best 5549.0557, time  403.3, minPhero 0.01(235), stagnancy 4.0%
[35m[MSG][0m itr   464, best 5549.0557, time  404.2, minPhero 0.01(235), stagnancy 4.3%
[35m[MSG][0m itr   465, best 5549.0557, time  405.1, minPhero 0.01(235), stagnancy 4.7%
[35m[MSG][0m itr   466, best 5549.0557, time  406.0, minPhero 0.01(235), stagnancy 5.0%
[35m[MSG][0m itr   467, best 5549.0557, time  406.8, minPhero 0.01(235), stagnancy 5.3%
[35m[MSG][0m itr   468, best 5549.0557, time  407.7, minPhero 0.01(235), stagnancy 5.7%
[35m[MSG][0m itr   469, best 5549.0557, time  408.6, minPhero 0.01(235), stagnancy 6.0%
[35m[MSG][0m itr   470, best 5549.0552, time  409.5, minPhero 0.01(235), stagnancy 0.0%
[35m[MSG][0m itr   471, best 5549.0552, time  410.4, minPhero 0.01(235), stagnancy 0.3%
[35m[MSG][0m itr   472, best 5549.0552, time  411.2, minPhero 0.01(233), stagnancy 0.7%
[35m[MSG][0m itr   473, best 5549.0552, time  412.1, minPhero 0.01(232), stagnancy 1.0%
[35m[MSG][0m itr   474, best 5549.0552, time  413.0, minPhero 0.01(232), stagnancy 1.3%
[35m[MSG][0m itr   475, best 5549.0552, time  413.9, minPhero 0.01(232), stagnancy 1.7%
[35m[MSG][0m itr   476, best 5549.0552, time  414.8, minPhero 0.01(232), stagnancy 2.0%
[35m[MSG][0m itr   477, best 5549.0552, time  415.6, minPhero 0.01(232), stagnancy 2.3%
[35m[MSG][0m itr   478, best 5549.0552, time  416.5, minPhero 0.01(232), stagnancy 2.7%
[35m[MSG][0m itr   479, best 5549.0552, time  417.4, minPhero 0.01(232), stagnancy 3.0%
[35m[MSG][0m itr   480, best 5549.0552, time  418.3, minPhero 0.01(232), stagnancy 3.3%
[35m[MSG][0m itr   481, best 5549.0552, time  419.1, minPhero 0.01(232), stagnancy 3.7%
[35m[MSG][0m itr   482, best 5549.0552, time  420.0, minPhero 0.01(232), stagnancy 4.0%
[35m[MSG][0m itr   483, best 5549.0552, time  420.9, minPhero 0.01(232), stagnancy 4.3%
[35m[MSG][0m itr   484, best 5549.0552, time  421.8, minPhero 0.01(232), stagnancy 4.7%
[35m[MSG][0m itr   485, best 5549.0552, time  422.7, minPhero 0.01(232), stagnancy 5.0%
[35m[MSG][0m itr   486, best 5549.0552, time  423.5, minPhero 0.01(232), stagnancy 5.3%
[35m[MSG][0m itr   487, best 5549.0552, time  424.4, minPhero 0.01(232), stagnancy 5.7%
[35m[MSG][0m itr   488, best 5549.0552, time  425.3, minPhero 0.01(232), stagnancy 6.0%
[35m[MSG][0m itr   489, best 5549.0552, time  426.2, minPhero 0.01(232), stagnancy 6.3%
[35m[MSG][0m itr   490, best 5549.0552, time  427.0, minPhero 0.01(232), stagnancy 6.7%
[35m[MSG][0m itr   491, best 5549.0552, time  427.9, minPhero 0.01(232), stagnancy 7.0%
[35m[MSG][0m itr   492, best 5549.0552, time  428.8, minPhero 0.01(232), stagnancy 7.3%
[35m[MSG][0m itr   493, best 5549.0552, time  429.7, minPhero 0.01(232), stagnancy 7.7%
[35m[MSG][0m itr   494, best 5549.0552, time  430.6, minPhero 0.01(232), stagnancy 8.0%
[35m[MSG][0m itr   495, best 5549.0552, time  431.4, minPhero 0.01(232), stagnancy 8.3%
[35m[MSG][0m itr   496, best 5549.0552, time  432.3, minPhero 0.01(232), stagnancy 8.7%
[35m[MSG][0m itr   497, best 5549.0552, time  433.2, minPhero 0.01(232), stagnancy 9.0%
[35m[MSG][0m itr   498, best 5549.0552, time  434.1, minPhero 0.01(232), stagnancy 9.3%
[35m[MSG][0m itr   499, best 5549.0552, time  435.0, minPhero 0.01(232), stagnancy 9.7%
[35m[MSG][0m itr   500, best 5549.0552, time  435.8, minPhero 0.01(232), stagnancy 10.0%
[35m[MSG][0m itr   501, best 5549.0552, time  436.7, minPhero 0.01(232), stagnancy 10.3%
[35m[MSG][0m itr   502, best 5549.0552, time  437.6, minPhero 0.01(232), stagnancy 10.7%
[35m[MSG][0m itr   503, best 5549.0552, time  438.5, minPhero 0.01(232), stagnancy 11.0%
[35m[MSG][0m itr   504, best 5549.0552, time  439.3, minPhero 0.01(232), stagnancy 11.3%
[35m[MSG][0m itr   505, best 5549.0552, time  440.2, minPhero 0.01(232), stagnancy 11.7%
[35m[MSG][0m itr   506, best 5549.0552, time  441.1, minPhero 0.01(232), stagnancy 12.0%
[35m[MSG][0m itr   507, best 5549.0552, time  442.0, minPhero 0.01(232), stagnancy 12.3%
[35m[MSG][0m itr   508, best 5549.0552, time  442.9, minPhero 0.01(232), stagnancy 12.7%
[35m[MSG][0m itr   509, best 5549.0552, time  443.7, minPhero 0.01(232), stagnancy 13.0%
[35m[MSG][0m itr   510, best 5549.0552, time  444.6, minPhero 0.01(232), stagnancy 13.3%
[35m[MSG][0m itr   511, best 5549.0552, time  445.5, minPhero 0.01(232), stagnancy 13.7%
[35m[MSG][0m itr   512, best 5549.0552, time  446.4, minPhero 0.01(232), stagnancy 14.0%
[35m[MSG][0m itr   513, best 5549.0552, time  447.2, minPhero 0.01(232), stagnancy 14.3%
[35m[MSG][0m itr   514, best 5549.0552, time  448.1, minPhero 0.01(232), stagnancy 14.7%
[35m[MSG][0m itr   515, best 5549.0552, time  449.0, minPhero 0.01(232), stagnancy 15.0%
[35m[MSG][0m itr   516, best 5549.0552, time  449.9, minPhero 0.01(232), stagnancy 15.3%
[35m[MSG][0m itr   517, best 5549.0552, time  450.8, minPhero 0.01(232), stagnancy 15.7%
[35m[MSG][0m itr   518, best 5549.0552, time  451.6, minPhero 0.01(232), stagnancy 16.0%
[35m[MSG][0m itr   519, best 5549.0552, time  452.5, minPhero 0.01(232), stagnancy 16.3%
[35m[MSG][0m itr   520, best 5549.0552, time  453.4, minPhero 0.01(232), stagnancy 16.7%
[35m[MSG][0m itr   521, best 5549.0552, time  454.3, minPhero 0.01(232), stagnancy 17.0%
[35m[MSG][0m itr   522, best 5549.0552, time  455.2, minPhero 0.01(232), stagnancy 17.3%
[35m[MSG][0m itr   523, best 5549.0552, time  456.0, minPhero 0.01(232), stagnancy 17.7%
[35m[MSG][0m itr   524, best 5549.0552, time  456.9, minPhero 0.01(232), stagnancy 18.0%
[35m[MSG][0m itr   525, best 5549.0552, time  457.8, minPhero 0.01(232), stagnancy 18.3%
[35m[MSG][0m itr   526, best 5549.0552, time  458.7, minPhero 0.01(232), stagnancy 18.7%
[35m[MSG][0m itr   527, best 5549.0552, time  459.6, minPhero 0.01(232), stagnancy 19.0%
[35m[MSG][0m itr   528, best 5549.0552, time  460.4, minPhero 0.01(232), stagnancy 19.3%
[35m[MSG][0m itr   529, best 5549.0552, time  461.3, minPhero 0.01(232), stagnancy 19.7%
[35m[MSG][0m itr   530, best 5549.0552, time  462.2, minPhero 0.01(232), stagnancy 20.0%
[35m[MSG][0m itr   531, best 5549.0552, time  463.1, minPhero 0.01(232), stagnancy 20.3%
[35m[MSG][0m itr   532, best 5549.0552, time  464.0, minPhero 0.01(232), stagnancy 20.7%
[35m[MSG][0m itr   533, best 5549.0552, time  464.8, minPhero 0.01(232), stagnancy 21.0%
[35m[MSG][0m itr   534, best 5549.0552, time  465.7, minPhero 0.01(232), stagnancy 21.3%
[35m[MSG][0m itr   535, best 5549.0552, time  466.6, minPhero 0.01(232), stagnancy 21.7%
[35m[MSG][0m itr   536, best 5549.0552, time  467.5, minPhero 0.01(232), stagnancy 22.0%
[35m[MSG][0m itr   537, best 5549.0552, time  468.3, minPhero 0.01(232), stagnancy 22.3%
[35m[MSG][0m itr   538, best 5549.0552, time  469.3, minPhero 0.01(232), stagnancy 22.7%
[35m[MSG][0m itr   539, best 5549.0552, time  470.1, minPhero 0.01(232), stagnancy 23.0%
[35m[MSG][0m itr   540, best 5549.0552, time  471.0, minPhero 0.01(232), stagnancy 23.3%
[35m[MSG][0m itr   541, best 5549.0552, time  471.9, minPhero 0.01(232), stagnancy 23.7%
[35m[MSG][0m itr   542, best 5549.0552, time  472.8, minPhero 0.01(232), stagnancy 24.0%
[35m[MSG][0m itr   543, best 5549.0552, time  473.6, minPhero 0.01(232), stagnancy 24.3%
[35m[MSG][0m itr   544, best 5549.0552, time  474.5, minPhero 0.01(232), stagnancy 24.7%
[35m[MSG][0m itr   545, best 5549.0552, time  475.4, minPhero 0.01(232), stagnancy 25.0%
[35m[MSG][0m itr   546, best 5549.0552, time  476.3, minPhero 0.01(232), stagnancy 25.3%
[35m[MSG][0m itr   547, best 5549.0552, time  477.2, minPhero 0.01(232), stagnancy 25.7%
[35m[MSG][0m itr   548, best 5549.0552, time  478.0, minPhero 0.01(232), stagnancy 26.0%
[35m[MSG][0m itr   549, best 5549.0552, time  478.9, minPhero 0.01(232), stagnancy 26.3%
[35m[MSG][0m itr   550, best 5549.0552, time  479.8, minPhero 0.01(232), stagnancy 26.7%
[35m[MSG][0m itr   551, best 5549.0552, time  480.7, minPhero 0.01(232), stagnancy 27.0%
[35m[MSG][0m itr   552, best 5549.0552, time  481.5, minPhero 0.01(232), stagnancy 27.3%
[35m[MSG][0m itr   553, best 5549.0552, time  482.4, minPhero 0.01(232), stagnancy 27.7%
[35m[MSG][0m itr   554, best 5549.0552, time  483.3, minPhero 0.01(232), stagnancy 28.0%
[35m[MSG][0m itr   555, best 5549.0552, time  484.2, minPhero 0.01(232), stagnancy 28.3%
[35m[MSG][0m itr   556, best 5546.9253, time  485.1, minPhero 0.01(242), stagnancy 0.0%
[35m[MSG][0m itr   557, best 5546.9253, time  485.9, minPhero 0.01(242), stagnancy 0.3%
[35m[MSG][0m itr   558, best 5545.9580, time  486.8, minPhero 0.01(242), stagnancy 0.0%
[35m[MSG][0m itr   559, best 5545.9580, time  487.7, minPhero 0.01(242), stagnancy 0.3%
[35m[MSG][0m itr   560, best 5545.9580, time  488.6, minPhero 0.01(242), stagnancy 0.7%
[35m[MSG][0m itr   561, best 5545.9580, time  489.5, minPhero 0.01(242), stagnancy 1.0%
[35m[MSG][0m itr   562, best 5545.9580, time  490.3, minPhero 0.01(242), stagnancy 1.3%
[35m[MSG][0m itr   563, best 5545.9580, time  491.2, minPhero 0.01(242), stagnancy 1.7%
[35m[MSG][0m itr   564, best 5545.9580, time  492.1, minPhero 0.01(242), stagnancy 2.0%
[35m[MSG][0m itr   565, best 5545.9580, time  493.0, minPhero 0.01(242), stagnancy 2.3%
[35m[MSG][0m itr   566, best 5545.9580, time  493.9, minPhero 0.01(242), stagnancy 2.7%
[35m[MSG][0m itr   567, best 5545.9580, time  494.7, minPhero 0.01(242), stagnancy 3.0%
[35m[MSG][0m itr   568, best 5545.9580, time  495.6, minPhero 0.01(242), stagnancy 3.3%
[35m[MSG][0m itr   569, best 5545.9580, time  496.5, minPhero 0.01(242), stagnancy 3.7%
[35m[MSG][0m itr   570, best 5545.9580, time  497.4, minPhero 0.01(242), stagnancy 4.0%
[35m[MSG][0m itr   571, best 5545.9580, time  498.2, minPhero 0.01(242), stagnancy 4.3%
[35m[MSG][0m itr   572, best 5545.9580, time  499.1, minPhero 0.01(242), stagnancy 4.7%
[35m[MSG][0m itr   573, best 5545.9580, time  500.0, minPhero 0.01(239), stagnancy 5.0%
[35m[MSG][0m itr   574, best 5545.9580, time  500.9, minPhero 0.01(239), stagnancy 5.3%
[35m[MSG][0m itr   575, best 5545.9580, time  501.8, minPhero 0.01(239), stagnancy 5.7%
[35m[MSG][0m itr   576, best 5545.9580, time  502.6, minPhero 0.01(239), stagnancy 6.0%
[35m[MSG][0m itr   577, best 5545.9580, time  503.5, minPhero 0.01(239), stagnancy 6.3%
[35m[MSG][0m itr   578, best 5545.9580, time  504.4, minPhero 0.01(232), stagnancy 6.7%
[35m[MSG][0m itr   579, best 5545.9580, time  505.3, minPhero 0.01(232), stagnancy 7.0%
[35m[MSG][0m itr   580, best 5545.9580, time  506.1, minPhero 0.01(232), stagnancy 7.3%
[35m[MSG][0m itr   581, best 5545.9580, time  507.0, minPhero 0.01(232), stagnancy 7.7%
[35m[MSG][0m itr   582, best 5545.9580, time  507.9, minPhero 0.01(232), stagnancy 8.0%
[35m[MSG][0m itr   583, best 5545.9580, time  508.8, minPhero 0.01(232), stagnancy 8.3%
[35m[MSG][0m itr   584, best 5545.9580, time  509.6, minPhero 0.01(232), stagnancy 8.7%
[35m[MSG][0m itr   585, best 5545.9580, time  510.5, minPhero 0.01(232), stagnancy 9.0%
[35m[MSG][0m itr   586, best 5545.9580, time  511.4, minPhero 0.01(232), stagnancy 9.3%
[35m[MSG][0m itr   587, best 5545.9580, time  512.3, minPhero 0.01(232), stagnancy 9.7%
[35m[MSG][0m itr   588, best 5545.9580, time  513.2, minPhero 0.01(232), stagnancy 10.0%
[35m[MSG][0m itr   589, best 5545.9580, time  514.0, minPhero 0.01(232), stagnancy 10.3%
[35m[MSG][0m itr   590, best 5545.9580, time  514.9, minPhero 0.01(232), stagnancy 10.7%
[35m[MSG][0m itr   591, best 5545.9580, time  515.8, minPhero 0.01(232), stagnancy 11.0%
[35m[MSG][0m itr   592, best 5545.9580, time  516.7, minPhero 0.01(232), stagnancy 11.3%
[35m[MSG][0m itr   593, best 5545.9580, time  517.6, minPhero 0.01(232), stagnancy 11.7%
[35m[MSG][0m itr   594, best 5545.9580, time  518.4, minPhero 0.01(232), stagnancy 12.0%
[35m[MSG][0m itr   595, best 5545.9580, time  519.3, minPhero 0.01(232), stagnancy 12.3%
[35m[MSG][0m itr   596, best 5545.9580, time  520.2, minPhero 0.01(232), stagnancy 12.7%
[35m[MSG][0m itr   597, best 5545.9580, time  521.1, minPhero 0.01(232), stagnancy 13.0%
[35m[MSG][0m itr   598, best 5545.9580, time  521.9, minPhero 0.01(232), stagnancy 13.3%
[35m[MSG][0m itr   599, best 5545.9580, time  522.8, minPhero 0.01(232), stagnancy 13.7%
[35m[MSG][0m itr   600, best 5545.9580, time  523.7, minPhero 0.01(232), stagnancy 14.0%
[35m[MSG][0m itr   601, best 5545.9580, time  524.6, minPhero 0.01(232), stagnancy 14.3%
[35m[MSG][0m itr   602, best 5545.9580, time  525.5, minPhero 0.01(232), stagnancy 14.7%
[35m[MSG][0m itr   603, best 5545.9580, time  526.3, minPhero 0.01(232), stagnancy 15.0%
[35m[MSG][0m itr   604, best 5545.9580, time  527.2, minPhero 0.01(232), stagnancy 15.3%
[35m[MSG][0m itr   605, best 5545.9580, time  528.1, minPhero 0.01(232), stagnancy 15.7%
[35m[MSG][0m itr   606, best 5545.9580, time  529.0, minPhero 0.01(232), stagnancy 16.0%
[35m[MSG][0m itr   607, best 5545.9580, time  529.8, minPhero 0.01(232), stagnancy 16.3%
[35m[MSG][0m itr   608, best 5545.9580, time  530.7, minPhero 0.01(232), stagnancy 16.7%
[35m[MSG][0m itr   609, best 5545.9580, time  531.6, minPhero 0.01(232), stagnancy 17.0%
[35m[MSG][0m itr   610, best 5545.9580, time  532.5, minPhero 0.01(232), stagnancy 17.3%
[35m[MSG][0m itr   611, best 5545.9580, time  533.3, minPhero 0.01(232), stagnancy 17.7%
[35m[MSG][0m itr   612, best 5545.9580, time  534.2, minPhero 0.01(232), stagnancy 18.0%
[35m[MSG][0m itr   613, best 5545.9580, time  535.1, minPhero 0.01(232), stagnancy 18.3%
[35m[MSG][0m itr   614, best 5545.9580, time  536.0, minPhero 0.01(232), stagnancy 18.7%
[35m[MSG][0m itr   615, best 5545.9580, time  536.9, minPhero 0.01(232), stagnancy 19.0%
[35m[MSG][0m itr   616, best 5545.9580, time  537.7, minPhero 0.01(232), stagnancy 19.3%
[35m[MSG][0m itr   617, best 5545.9580, time  538.6, minPhero 0.01(232), stagnancy 19.7%
[35m[MSG][0m itr   618, best 5545.9580, time  539.5, minPhero 0.01(232), stagnancy 20.0%
[35m[MSG][0m itr   619, best 5545.9580, time  540.4, minPhero 0.01(232), stagnancy 20.3%
[35m[MSG][0m itr   620, best 5545.9580, time  541.2, minPhero 0.01(232), stagnancy 20.7%
[35m[MSG][0m itr   621, best 5545.9580, time  542.1, minPhero 0.01(232), stagnancy 21.0%
[35m[MSG][0m itr   622, best 5545.9580, time  543.0, minPhero 0.01(232), stagnancy 21.3%
[35m[MSG][0m itr   623, best 5545.9580, time  543.9, minPhero 0.01(232), stagnancy 21.7%
[35m[MSG][0m itr   624, best 5545.9580, time  544.8, minPhero 0.01(232), stagnancy 22.0%
[35m[MSG][0m itr   625, best 5545.9580, time  545.6, minPhero 0.01(232), stagnancy 22.3%
[35m[MSG][0m itr   626, best 5545.9580, time  546.5, minPhero 0.01(232), stagnancy 22.7%
[35m[MSG][0m itr   627, best 5545.9580, time  547.4, minPhero 0.01(232), stagnancy 23.0%
[35m[MSG][0m itr   628, best 5545.9580, time  548.3, minPhero 0.01(232), stagnancy 23.3%
[35m[MSG][0m itr   629, best 5545.9580, time  549.1, minPhero 0.01(232), stagnancy 23.7%
[35m[MSG][0m itr   630, best 5545.9580, time  550.0, minPhero 0.01(232), stagnancy 24.0%
[35m[MSG][0m itr   631, best 5545.9580, time  550.9, minPhero 0.01(232), stagnancy 24.3%
[35m[MSG][0m itr   632, best 5545.9580, time  551.8, minPhero 0.01(232), stagnancy 24.7%
[35m[MSG][0m itr   633, best 5545.9580, time  552.7, minPhero 0.01(232), stagnancy 25.0%
[35m[MSG][0m itr   634, best 5545.9580, time  553.5, minPhero 0.01(232), stagnancy 25.3%
[35m[MSG][0m itr   635, best 5545.9580, time  554.4, minPhero 0.01(232), stagnancy 25.7%
[35m[MSG][0m itr   636, best 5545.9580, time  555.3, minPhero 0.01(232), stagnancy 26.0%
[35m[MSG][0m itr   637, best 5545.9580, time  556.2, minPhero 0.01(232), stagnancy 26.3%
[35m[MSG][0m itr   638, best 5545.9580, time  557.1, minPhero 0.01(232), stagnancy 26.7%
[35m[MSG][0m itr   639, best 5545.9580, time  557.9, minPhero 0.01(232), stagnancy 27.0%
[35m[MSG][0m itr   640, best 5545.9580, time  558.8, minPhero 0.01(232), stagnancy 27.3%
[35m[MSG][0m itr   641, best 5545.9580, time  559.7, minPhero 0.01(232), stagnancy 27.7%
[35m[MSG][0m itr   642, best 5545.9580, time  560.6, minPhero 0.01(232), stagnancy 28.0%
[35m[MSG][0m itr   643, best 5545.9580, time  561.4, minPhero 0.01(232), stagnancy 28.3%
[35m[MSG][0m itr   644, best 5545.9580, time  562.3, minPhero 0.01(232), stagnancy 28.7%
[35m[MSG][0m itr   645, best 5545.9580, time  563.2, minPhero 0.01(232), stagnancy 29.0%
[35m[MSG][0m itr   646, best 5545.9580, time  564.1, minPhero 0.01(232), stagnancy 29.3%
[35m[MSG][0m itr   647, best 5545.9580, time  564.9, minPhero 0.01(232), stagnancy 29.7%
[35m[MSG][0m itr   648, best 5545.9580, time  565.8, minPhero 0.01(232), stagnancy 30.0%
[35m[MSG][0m itr   649, best 5545.9580, time  566.7, minPhero 0.01(232), stagnancy 30.3%
[35m[MSG][0m itr   650, best 5545.9580, time  567.6, minPhero 0.01(232), stagnancy 30.7%
[35m[MSG][0m itr   651, best 5545.9580, time  568.5, minPhero 0.01(232), stagnancy 31.0%
[35m[MSG][0m itr   652, best 5545.9580, time  569.3, minPhero 0.01(232), stagnancy 31.3%
[35m[MSG][0m itr   653, best 5545.9580, time  570.2, minPhero 0.01(232), stagnancy 31.7%
[35m[MSG][0m itr   654, best 5545.9580, time  571.1, minPhero 0.01(232), stagnancy 32.0%
[35m[MSG][0m itr   655, best 5545.9580, time  572.0, minPhero 0.01(232), stagnancy 32.3%
[35m[MSG][0m itr   656, best 5545.9580, time  572.9, minPhero 0.01(232), stagnancy 32.7%
[35m[MSG][0m itr   657, best 5545.9580, time  573.7, minPhero 0.01(232), stagnancy 33.0%
[35m[MSG][0m itr   658, best 5545.9580, time  574.6, minPhero 0.01(232), stagnancy 33.3%
[35m[MSG][0m itr   659, best 5545.9580, time  575.5, minPhero 0.01(232), stagnancy 33.7%
[35m[MSG][0m itr   660, best 5545.9580, time  576.4, minPhero 0.01(232), stagnancy 34.0%
[35m[MSG][0m itr   661, best 5545.9580, time  577.2, minPhero 0.01(232), stagnancy 34.3%
[35m[MSG][0m itr   662, best 5545.9580, time  578.1, minPhero 0.01(232), stagnancy 34.7%
[35m[MSG][0m itr   663, best 5545.9580, time  579.0, minPhero 0.01(232), stagnancy 35.0%
[35m[MSG][0m itr   664, best 5545.9580, time  579.9, minPhero 0.01(232), stagnancy 35.3%
[35m[MSG][0m itr   665, best 5545.9580, time  580.8, minPhero 0.01(232), stagnancy 35.7%
[35m[MSG][0m itr   666, best 5545.9580, time  581.6, minPhero 0.01(232), stagnancy 36.0%
[35m[MSG][0m itr   667, best 5545.9580, time  582.5, minPhero 0.01(232), stagnancy 36.3%
[35m[MSG][0m itr   668, best 5545.9580, time  583.4, minPhero 0.01(232), stagnancy 36.7%
[35m[MSG][0m itr   669, best 5545.9580, time  584.3, minPhero 0.01(232), stagnancy 37.0%
[35m[MSG][0m itr   670, best 5545.9580, time  585.2, minPhero 0.01(232), stagnancy 37.3%
[35m[MSG][0m itr   671, best 5545.9580, time  586.0, minPhero 0.01(232), stagnancy 37.7%
[35m[MSG][0m itr   672, best 5545.9580, time  586.9, minPhero 0.01(232), stagnancy 38.0%
[35m[MSG][0m itr   673, best 5545.9580, time  587.8, minPhero 0.01(232), stagnancy 38.3%
[35m[MSG][0m itr   674, best 5545.9580, time  588.7, minPhero 0.01(232), stagnancy 38.7%
[35m[MSG][0m itr   675, best 5545.9580, time  589.6, minPhero 0.01(232), stagnancy 39.0%
[35m[MSG][0m itr   676, best 5545.9580, time  590.4, minPhero 0.01(232), stagnancy 39.3%
[35m[MSG][0m itr   677, best 5545.9580, time  591.3, minPhero 0.01(232), stagnancy 39.7%
[35m[MSG][0m itr   678, best 5545.9580, time  592.2, minPhero 0.01(232), stagnancy 40.0%
[35m[MSG][0m itr   679, best 5545.9580, time  593.1, minPhero 0.01(232), stagnancy 40.3%
[35m[MSG][0m itr   680, best 5545.9580, time  593.9, minPhero 0.01(232), stagnancy 40.7%
[35m[MSG][0m itr   681, best 5545.9580, time  594.8, minPhero 0.01(232), stagnancy 41.0%
[35m[MSG][0m itr   682, best 5545.9580, time  595.7, minPhero 0.01(232), stagnancy 41.3%
[35m[MSG][0m itr   683, best 5545.9580, time  596.6, minPhero 0.01(232), stagnancy 41.7%
[35m[MSG][0m itr   684, best 5545.9580, time  597.5, minPhero 0.01(232), stagnancy 42.0%
[35m[MSG][0m itr   685, best 5545.9580, time  598.4, minPhero 0.01(232), stagnancy 42.3%
[35m[MSG][0m itr   686, best 5545.9580, time  599.3, minPhero 0.01(232), stagnancy 42.7%
[35m[MSG][0m itr   687, best 5545.9580, time  600.2, minPhero 0.01(232), stagnancy 43.0%
[35m[MSG][0m itr   688, best 5545.9580, time  601.1, minPhero 0.01(232), stagnancy 43.3%
[35m[MSG][0m itr   689, best 5545.9580, time  601.9, minPhero 0.01(232), stagnancy 43.7%
[35m[MSG][0m itr   690, best 5545.9580, time  602.8, minPhero 0.01(232), stagnancy 44.0%
[35m[MSG][0m itr   691, best 5545.9580, time  603.7, minPhero 0.01(232), stagnancy 44.3%
[35m[MSG][0m itr   692, best 5545.9580, time  604.6, minPhero 0.01(232), stagnancy 44.7%
[35m[MSG][0m itr   693, best 5545.9580, time  605.5, minPhero 0.01(232), stagnancy 45.0%
[35m[MSG][0m itr   694, best 5545.9580, time  606.3, minPhero 0.01(232), stagnancy 45.3%
[35m[MSG][0m itr   695, best 5545.9580, time  607.2, minPhero 0.01(232), stagnancy 45.7%
[35m[MSG][0m itr   696, best 5545.9580, time  608.1, minPhero 0.01(232), stagnancy 46.0%
[35m[MSG][0m itr   697, best 5545.9580, time  609.0, minPhero 0.01(232), stagnancy 46.3%
[35m[MSG][0m itr   698, best 5545.9580, time  609.9, minPhero 0.01(232), stagnancy 46.7%
[35m[MSG][0m itr   699, best 5545.9580, time  610.7, minPhero 0.01(232), stagnancy 47.0%
[35m[MSG][0m itr   700, best 5545.9580, time  611.6, minPhero 0.01(232), stagnancy 47.3%
[35m[MSG][0m itr   701, best 5545.9580, time  612.5, minPhero 0.01(232), stagnancy 47.7%
[35m[MSG][0m itr   702, best 5545.9580, time  613.4, minPhero 0.01(232), stagnancy 48.0%
[35m[MSG][0m itr   703, best 5545.9580, time  614.2, minPhero 0.01(232), stagnancy 48.3%
[35m[MSG][0m itr   704, best 5545.9580, time  615.1, minPhero 0.01(232), stagnancy 48.7%
[35m[MSG][0m itr   705, best 5545.9580, time  616.0, minPhero 0.01(232), stagnancy 49.0%
[35m[MSG][0m itr   706, best 5545.9580, time  616.9, minPhero 0.01(232), stagnancy 49.3%
[35m[MSG][0m itr   707, best 5545.9580, time  617.8, minPhero 0.01(232), stagnancy 49.7%
[35m[MSG][0m itr   708, best 5545.9580, time  618.6, minPhero 0.01(232), stagnancy 50.0%
[35m[MSG][0m itr   709, best 5545.9580, time  619.5, minPhero 0.01(232), stagnancy 50.3%
[35m[MSG][0m itr   710, best 5545.9580, time  620.4, minPhero 0.01(232), stagnancy 50.7%
[35m[MSG][0m itr   711, best 5545.9580, time  621.3, minPhero 0.01(232), stagnancy 51.0%
[35m[MSG][0m itr   712, best 5545.9580, time  622.2, minPhero 0.01(232), stagnancy 51.3%
[35m[MSG][0m itr   713, best 5545.9580, time  623.0, minPhero 0.01(232), stagnancy 51.7%
[35m[MSG][0m itr   714, best 5545.9580, time  623.9, minPhero 0.01(232), stagnancy 52.0%
[35m[MSG][0m itr   715, best 5545.9580, time  624.8, minPhero 0.01(232), stagnancy 52.3%
[35m[MSG][0m itr   716, best 5545.9580, time  625.7, minPhero 0.01(232), stagnancy 52.7%
[35m[MSG][0m itr   717, best 5545.9580, time  626.7, minPhero 0.01(232), stagnancy 53.0%
[35m[MSG][0m itr   718, best 5545.9580, time  627.6, minPhero 0.01(232), stagnancy 53.3%
[35m[MSG][0m itr   719, best 5545.9580, time  628.4, minPhero 0.01(232), stagnancy 53.7%
[35m[MSG][0m itr   720, best 5545.9580, time  629.4, minPhero 0.01(232), stagnancy 54.0%
[35m[MSG][0m itr   721, best 5545.9580, time  630.3, minPhero 0.01(232), stagnancy 54.3%
[35m[MSG][0m itr   722, best 5545.9580, time  631.2, minPhero 0.01(232), stagnancy 54.7%
[35m[MSG][0m itr   723, best 5545.9580, time  632.1, minPhero 0.01(232), stagnancy 55.0%
[35m[MSG][0m itr   724, best 5545.9580, time  633.1, minPhero 0.01(232), stagnancy 55.3%
[35m[MSG][0m itr   725, best 5545.9580, time  633.9, minPhero 0.01(232), stagnancy 55.7%
[35m[MSG][0m itr   726, best 5545.9580, time  634.8, minPhero 0.01(232), stagnancy 56.0%
[35m[MSG][0m itr   727, best 5545.9580, time  635.7, minPhero 0.01(232), stagnancy 56.3%
[35m[MSG][0m itr   728, best 5545.9580, time  636.7, minPhero 0.01(232), stagnancy 56.7%
[35m[MSG][0m itr   729, best 5545.9580, time  637.5, minPhero 0.01(232), stagnancy 57.0%
[35m[MSG][0m itr   730, best 5545.9580, time  638.4, minPhero 0.01(232), stagnancy 57.3%
[35m[MSG][0m itr   731, best 5545.9580, time  639.4, minPhero 0.01(232), stagnancy 57.7%
[35m[MSG][0m itr   732, best 5545.9580, time  640.3, minPhero 0.01(232), stagnancy 58.0%
[35m[MSG][0m itr   733, best 5545.9580, time  641.2, minPhero 0.01(232), stagnancy 58.3%
[35m[MSG][0m itr   734, best 5545.9580, time  642.1, minPhero 0.01(232), stagnancy 58.7%
[35m[MSG][0m itr   735, best 5545.9580, time  643.0, minPhero 0.01(232), stagnancy 59.0%
[35m[MSG][0m itr   736, best 5545.9580, time  643.9, minPhero 0.01(232), stagnancy 59.3%
[35m[MSG][0m itr   737, best 5545.9580, time  644.8, minPhero 0.01(232), stagnancy 59.7%
[35m[MSG][0m itr   738, best 5545.9580, time  645.7, minPhero 0.01(232), stagnancy 60.0%
[35m[MSG][0m itr   739, best 5545.9580, time  646.6, minPhero 0.01(232), stagnancy 60.3%
[35m[MSG][0m itr   740, best 5545.9580, time  647.5, minPhero 0.01(232), stagnancy 60.7%
[35m[MSG][0m itr   741, best 5545.9580, time  648.4, minPhero 0.01(232), stagnancy 61.0%
[35m[MSG][0m itr   742, best 5545.9580, time  649.4, minPhero 0.01(232), stagnancy 61.3%
[35m[MSG][0m itr   743, best 5545.9580, time  650.2, minPhero 0.01(232), stagnancy 61.7%
[35m[MSG][0m itr   744, best 5545.9580, time  651.1, minPhero 0.01(232), stagnancy 62.0%
[35m[MSG][0m itr   745, best 5545.9580, time  652.1, minPhero 0.01(232), stagnancy 62.3%
[35m[MSG][0m itr   746, best 5545.9580, time  653.0, minPhero 0.01(232), stagnancy 62.7%
[35m[MSG][0m itr   747, best 5545.9580, time  653.9, minPhero 0.01(232), stagnancy 63.0%
[35m[MSG][0m itr   748, best 5545.9580, time  654.8, minPhero 0.01(232), stagnancy 63.3%
[35m[MSG][0m itr   749, best 5545.9580, time  655.7, minPhero 0.01(232), stagnancy 63.7%
[35m[MSG][0m itr   750, best 5545.9580, time  656.5, minPhero 0.01(232), stagnancy 64.0%
[35m[MSG][0m itr   751, best 5545.9580, time  657.4, minPhero 0.01(232), stagnancy 64.3%
[35m[MSG][0m itr   752, best 5545.9580, time  658.3, minPhero 0.01(232), stagnancy 64.7%
[35m[MSG][0m itr   753, best 5545.9580, time  659.2, minPhero 0.01(232), stagnancy 65.0%
[35m[MSG][0m itr   754, best 5545.9580, time  660.0, minPhero 0.01(232), stagnancy 65.3%
[35m[MSG][0m itr   755, best 5545.9580, time  660.9, minPhero 0.01(232), stagnancy 65.7%
[35m[MSG][0m itr   756, best 5545.9580, time  661.8, minPhero 0.01(232), stagnancy 66.0%
[35m[MSG][0m itr   757, best 5545.9580, time  662.7, minPhero 0.01(232), stagnancy 66.3%
[35m[MSG][0m itr   758, best 5545.9580, time  663.5, minPhero 0.01(232), stagnancy 66.7%
[35m[MSG][0m itr   759, best 5545.9580, time  664.4, minPhero 0.01(232), stagnancy 67.0%
[35m[MSG][0m itr   760, best 5545.9580, time  665.3, minPhero 0.01(232), stagnancy 67.3%
[35m[MSG][0m itr   761, best 5545.9580, time  666.2, minPhero 0.01(232), stagnancy 67.7%
[35m[MSG][0m itr   762, best 5545.9580, time  667.1, minPhero 0.01(232), stagnancy 68.0%
[35m[MSG][0m itr   763, best 5545.9580, time  667.9, minPhero 0.01(232), stagnancy 68.3%
[35m[MSG][0m itr   764, best 5545.9580, time  668.8, minPhero 0.01(232), stagnancy 68.7%
[35m[MSG][0m itr   765, best 5545.9580, time  669.7, minPhero 0.01(232), stagnancy 69.0%
[35m[MSG][0m itr   766, best 5545.9580, time  670.6, minPhero 0.01(232), stagnancy 69.3%
[35m[MSG][0m itr   767, best 5545.9580, time  671.4, minPhero 0.01(232), stagnancy 69.7%
[35m[MSG][0m itr   768, best 5545.9580, time  672.3, minPhero 0.01(232), stagnancy 70.0%
[35m[MSG][0m itr   769, best 5545.9580, time  673.2, minPhero 0.01(232), stagnancy 70.3%
[35m[MSG][0m itr   770, best 5545.9580, time  674.1, minPhero 0.01(232), stagnancy 70.7%
[35m[MSG][0m itr   771, best 5545.9580, time  675.0, minPhero 0.01(232), stagnancy 71.0%
[35m[MSG][0m itr   772, best 5545.9580, time  675.8, minPhero 0.01(232), stagnancy 71.3%
[35m[MSG][0m itr   773, best 5545.9580, time  676.7, minPhero 0.01(232), stagnancy 71.7%
[35m[MSG][0m itr   774, best 5545.9580, time  677.6, minPhero 0.01(232), stagnancy 72.0%
[35m[MSG][0m itr   775, best 5545.9580, time  678.5, minPhero 0.01(232), stagnancy 72.3%
[35m[MSG][0m itr   776, best 5545.9580, time  679.4, minPhero 0.01(232), stagnancy 72.7%
[35m[MSG][0m itr   777, best 5545.9580, time  680.2, minPhero 0.01(232), stagnancy 73.0%
[35m[MSG][0m itr   778, best 5545.9580, time  681.1, minPhero 0.01(232), stagnancy 73.3%
[35m[MSG][0m itr   779, best 5545.9580, time  682.0, minPhero 0.01(232), stagnancy 73.7%
[35m[MSG][0m itr   780, best 5545.9580, time  682.9, minPhero 0.01(232), stagnancy 74.0%
[35m[MSG][0m itr   781, best 5545.9580, time  683.7, minPhero 0.01(232), stagnancy 74.3%
[35m[MSG][0m itr   782, best 5545.9580, time  684.6, minPhero 0.01(232), stagnancy 74.7%
[35m[MSG][0m itr   783, best 5545.9580, time  685.5, minPhero 0.01(232), stagnancy 75.0%
[35m[MSG][0m itr   784, best 5545.9580, time  686.4, minPhero 0.01(232), stagnancy 75.3%
[35m[MSG][0m itr   785, best 5545.9580, time  687.3, minPhero 0.01(232), stagnancy 75.7%
[35m[MSG][0m itr   786, best 5545.9580, time  688.1, minPhero 0.01(232), stagnancy 76.0%
[35m[MSG][0m itr   787, best 5545.9580, time  689.0, minPhero 0.01(232), stagnancy 76.3%
[35m[MSG][0m itr   788, best 5545.9580, time  689.9, minPhero 0.01(232), stagnancy 76.7%
[35m[MSG][0m itr   789, best 5545.9580, time  690.8, minPhero 0.01(232), stagnancy 77.0%
[35m[MSG][0m itr   790, best 5545.9580, time  691.6, minPhero 0.01(232), stagnancy 77.3%
[35m[MSG][0m itr   791, best 5545.9580, time  692.5, minPhero 0.01(232), stagnancy 77.7%
[35m[MSG][0m itr   792, best 5545.9580, time  693.4, minPhero 0.01(232), stagnancy 78.0%
[35m[MSG][0m itr   793, best 5545.9580, time  694.3, minPhero 0.01(232), stagnancy 78.3%
[35m[MSG][0m itr   794, best 5545.9580, time  695.2, minPhero 0.01(232), stagnancy 78.7%
[35m[MSG][0m itr   795, best 5545.9580, time  696.0, minPhero 0.01(232), stagnancy 79.0%
[35m[MSG][0m itr   796, best 5545.9580, time  696.9, minPhero 0.01(232), stagnancy 79.3%
[35m[MSG][0m itr   797, best 5545.9580, time  697.8, minPhero 0.01(232), stagnancy 79.7%
[35m[MSG][0m itr   798, best 5545.9580, time  698.7, minPhero 0.01(232), stagnancy 80.0%
[35m[MSG][0m itr   799, best 5545.9580, time  699.5, minPhero 0.01(232), stagnancy 80.3%
[35m[MSG][0m itr   800, best 5545.9580, time  700.4, minPhero 0.01(232), stagnancy 80.7%
[35m[MSG][0m itr   801, best 5545.9580, time  701.3, minPhero 0.01(232), stagnancy 81.0%
[35m[MSG][0m itr   802, best 5545.9580, time  702.2, minPhero 0.01(232), stagnancy 81.3%
[35m[MSG][0m itr   803, best 5545.9580, time  703.1, minPhero 0.01(232), stagnancy 81.7%
[35m[MSG][0m itr   804, best 5545.9580, time  703.9, minPhero 0.01(232), stagnancy 82.0%
[35m[MSG][0m itr   805, best 5545.9580, time  704.8, minPhero 0.01(232), stagnancy 82.3%
[35m[MSG][0m itr   806, best 5545.9580, time  705.7, minPhero 0.01(232), stagnancy 82.7%
[35m[MSG][0m itr   807, best 5545.9580, time  706.6, minPhero 0.01(232), stagnancy 83.0%
[35m[MSG][0m itr   808, best 5545.9580, time  707.4, minPhero 0.01(232), stagnancy 83.3%
[35m[MSG][0m itr   809, best 5545.9580, time  708.3, minPhero 0.01(232), stagnancy 83.7%
[35m[MSG][0m itr   810, best 5545.9580, time  709.2, minPhero 0.01(232), stagnancy 84.0%
[35m[MSG][0m itr   811, best 5545.9580, time  710.1, minPhero 0.01(232), stagnancy 84.3%
[35m[MSG][0m itr   812, best 5545.9580, time  711.0, minPhero 0.01(232), stagnancy 84.7%
[35m[MSG][0m itr   813, best 5545.9580, time  711.8, minPhero 0.01(232), stagnancy 85.0%
[35m[MSG][0m itr   814, best 5545.9580, time  712.7, minPhero 0.01(232), stagnancy 85.3%
[35m[MSG][0m itr   815, best 5545.9580, time  713.6, minPhero 0.01(232), stagnancy 85.7%
[35m[MSG][0m itr   816, best 5545.9580, time  714.5, minPhero 0.01(232), stagnancy 86.0%
[35m[MSG][0m itr   817, best 5545.9580, time  715.3, minPhero 0.01(232), stagnancy 86.3%
[35m[MSG][0m itr   818, best 5545.9580, time  716.2, minPhero 0.01(232), stagnancy 86.7%
[35m[MSG][0m itr   819, best 5545.9580, time  717.1, minPhero 0.01(232), stagnancy 87.0%
[35m[MSG][0m itr   820, best 5545.9580, time  718.0, minPhero 0.01(232), stagnancy 87.3%
[35m[MSG][0m itr   821, best 5545.9580, time  718.9, minPhero 0.01(232), stagnancy 87.7%
[35m[MSG][0m itr   822, best 5545.9580, time  719.7, minPhero 0.01(232), stagnancy 88.0%
[35m[MSG][0m itr   823, best 5545.9580, time  720.6, minPhero 0.01(232), stagnancy 88.3%
[35m[MSG][0m itr   824, best 5545.9580, time  721.5, minPhero 0.01(232), stagnancy 88.7%
[35m[MSG][0m itr   825, best 5545.9580, time  722.4, minPhero 0.01(232), stagnancy 89.0%
[35m[MSG][0m itr   826, best 5545.9580, time  723.2, minPhero 0.01(232), stagnancy 89.3%
[35m[MSG][0m itr   827, best 5545.9580, time  724.1, minPhero 0.01(232), stagnancy 89.7%
[35m[MSG][0m itr   828, best 5545.9580, time  725.0, minPhero 0.01(232), stagnancy 90.0%
[35m[MSG][0m itr   829, best 5545.9580, time  725.9, minPhero 0.01(232), stagnancy 90.3%
[35m[MSG][0m itr   830, best 5545.9580, time  726.8, minPhero 0.01(232), stagnancy 90.7%
[35m[MSG][0m itr   831, best 5545.9580, time  727.6, minPhero 0.01(232), stagnancy 91.0%
[35m[MSG][0m itr   832, best 5545.9580, time  728.5, minPhero 0.01(232), stagnancy 91.3%
[35m[MSG][0m itr   833, best 5545.9580, time  729.4, minPhero 0.01(232), stagnancy 91.7%
[35m[MSG][0m itr   834, best 5545.9580, time  730.3, minPhero 0.01(232), stagnancy 92.0%
[35m[MSG][0m itr   835, best 5545.9580, time  731.1, minPhero 0.01(232), stagnancy 92.3%
[35m[MSG][0m itr   836, best 5545.9580, time  732.0, minPhero 0.01(232), stagnancy 92.7%
[35m[MSG][0m itr   837, best 5545.9580, time  732.9, minPhero 0.01(232), stagnancy 93.0%
[35m[MSG][0m itr   838, best 5545.9580, time  733.8, minPhero 0.01(232), stagnancy 93.3%
[35m[MSG][0m itr   839, best 5545.9580, time  734.7, minPhero 0.01(232), stagnancy 93.7%
[35m[MSG][0m itr   840, best 5545.9580, time  735.5, minPhero 0.01(232), stagnancy 94.0%
[35m[MSG][0m itr   841, best 5545.9580, time  736.4, minPhero 0.01(232), stagnancy 94.3%
[35m[MSG][0m itr   842, best 5545.9580, time  737.3, minPhero 0.01(232), stagnancy 94.7%
[35m[MSG][0m itr   843, best 5545.9580, time  738.2, minPhero 0.01(232), stagnancy 95.0%
[35m[MSG][0m itr   844, best 5545.9580, time  739.0, minPhero 0.01(232), stagnancy 95.3%
[35m[MSG][0m itr   845, best 5545.9580, time  739.9, minPhero 0.01(232), stagnancy 95.7%
[35m[MSG][0m itr   846, best 5545.9580, time  740.8, minPhero 0.01(232), stagnancy 96.0%
[35m[MSG][0m itr   847, best 5545.9580, time  741.7, minPhero 0.01(232), stagnancy 96.3%
[35m[MSG][0m itr   848, best 5545.9580, time  742.6, minPhero 0.01(232), stagnancy 96.7%
[35m[MSG][0m itr   849, best 5545.9580, time  743.4, minPhero 0.01(232), stagnancy 97.0%
[35m[MSG][0m itr   850, best 5545.9580, time  744.3, minPhero 0.01(232), stagnancy 97.3%
[35m[MSG][0m itr   851, best 5545.9580, time  745.2, minPhero 0.01(232), stagnancy 97.7%
[35m[MSG][0m itr   852, best 5545.9580, time  746.1, minPhero 0.01(232), stagnancy 98.0%
[35m[MSG][0m itr   853, best 5545.9580, time  746.9, minPhero 0.01(232), stagnancy 98.3%
[35m[MSG][0m itr   854, best 5545.9580, time  747.8, minPhero 0.01(232), stagnancy 98.7%
[35m[MSG][0m itr   855, best 5545.9580, time  748.7, minPhero 0.01(232), stagnancy 99.0%
[35m[MSG][0m itr   856, best 5545.9580, time  749.6, minPhero 0.01(232), stagnancy 99.3%
[35m[MSG][0m itr   857, best 5545.9580, time  750.5, minPhero 0.01(232), stagnancy 99.7%
[35m[MSG][0m itr   858, best 5545.9580, time  751.3, minPhero 0.01(232), stagnancy 100.0%
[35m[MSG][0m Solution converged. Reinitialising pheromones...
[35m[MSG][0m Time: 751.33 s
[35m[MSG][0m Best cost: 5545.96
