[35m[MSG][0m Log level set to LOG_DEBUG
[35m[MSG][0m Parsing input from file "res/fruitybun250_2016.vrp"
[35m[MSG][0m Number of nodes: 250
[35m[MSG][0m Running ACO search
[35m[MSG][0m ACO settings: 
 alpha:     8.000
 beta:      1.000
 pers:      0.850
 minPhero:  0.015
 nbhood:    10
 popSize:   512
 maxStag:   300
[35m[MSG][0m itr     1, best 5770.1621, time    1.1, minPhero 0.85(28922), stagnancy 0.0%
[35m[MSG][0m itr     2, best 5742.6240, time    2.2, minPhero 0.72(28922), stagnancy 0.0%
[35m[MSG][0m itr     3, best 5742.6240, time    3.4, minPhero 0.61(28922), stagnancy 0.3%
[35m[MSG][0m itr     4, best 5742.6240, time    4.6, minPhero 0.52(28922), stagnancy 0.7%
[35m[MSG][0m itr     5, best 5742.6240, time    5.8, minPhero 0.44(28922), stagnancy 1.0%
[35m[MSG][0m itr     6, best 5735.5771, time    7.0, minPhero 0.38(28922), stagnancy 0.0%
[35m[MSG][0m itr     7, best 5730.9468, time    8.1, minPhero 0.32(28922), stagnancy 0.0%
[35m[MSG][0m itr     8, best 5719.2646, time    9.2, minPhero 0.27(28922), stagnancy 0.0%
[35m[MSG][0m itr     9, best 5709.8853, time   10.4, minPhero 0.23(28922), stagnancy 0.0%
[35m[MSG][0m itr    10, best 5709.8853, time   11.6, minPhero 0.20(28922), stagnancy 0.3%
[35m[MSG][0m itr    11, best 5709.8853, time   12.8, minPhero 0.17(28922), stagnancy 0.7%
[35m[MSG][0m itr    12, best 5701.0654, time   14.1, minPhero 0.14(28922), stagnancy 0.0%
[35m[MSG][0m itr    13, best 5691.9990, time   15.4, minPhero 0.12(28922), stagnancy 0.0%
[35m[MSG][0m itr    14, best 5687.4023, time   16.7, minPhero 0.10(28922), stagnancy 0.0%
[35m[MSG][0m itr    15, best 5687.4023, time   18.1, minPhero 0.09(28922), stagnancy 0.3%
[35m[MSG][0m itr    16, best 5687.4023, time   19.4, minPhero 0.07(28922), stagnancy 0.7%
[35m[MSG][0m itr    17, best 5666.4253, time   20.6, minPhero 0.06(28922), stagnancy 0.0%
[35m[MSG][0m itr    18, best 5651.9736, time   21.8, minPhero 0.05(28922), stagnancy 0.0%
[35m[MSG][0m itr    19, best 5651.9736, time   23.0, minPhero 0.05(28922), stagnancy 0.3%
[35m[MSG][0m itr    20, best 5651.2842, time   24.2, minPhero 0.04(28922), stagnancy 0.0%
[35m[MSG][0m itr    21, best 5648.2261, time   25.4, minPhero 0.03(28922), stagnancy 0.0%
[35m[MSG][0m itr    22, best 5648.2261, time   26.7, minPhero 0.03(28922), stagnancy 0.3%
[35m[MSG][0m itr    23, best 5640.0469, time   27.9, minPhero 0.02(661), stagnancy 0.0%
[35m[MSG][0m itr    24, best 5616.9526, time   29.1, minPhero 0.02(625), stagnancy 0.0%
[35m[MSG][0m itr    25, best 5616.9526, time   30.5, minPhero 0.02(598), stagnancy 0.3%
[35m[MSG][0m itr    26, best 5616.9526, time   31.8, minPhero 0.01(544), stagnancy 0.7%
[35m[MSG][0m itr    27, best 5603.6406, time   33.1, minPhero 0.01(529), stagnancy 0.0%
[35m[MSG][0m itr    28, best 5603.6406, time   34.4, minPhero 0.01(454), stagnancy 0.3%
[35m[MSG][0m itr    29, best 5603.6406, time   35.6, minPhero 0.01(428), stagnancy 0.7%
[35m[MSG][0m itr    30, best 5603.6406, time   37.0, minPhero 0.01(415), stagnancy 1.0%
[35m[MSG][0m itr    31, best 5599.8247, time   38.3, minPhero 0.01(383), stagnancy 0.0%
[35m[MSG][0m itr    32, best 5599.8247, time   39.5, minPhero 0.01(375), stagnancy 0.3%
[35m[MSG][0m itr    33, best 5598.5806, time   40.8, minPhero 0.01(355), stagnancy 0.0%
[35m[MSG][0m itr    34, best 5598.5806, time   42.1, minPhero 0.01(339), stagnancy 0.3%
[35m[MSG][0m itr    35, best 5597.8418, time   43.4, minPhero 0.01(317), stagnancy 0.0%
[35m[MSG][0m itr    36, best 5596.5522, time   44.6, minPhero 0.01(312), stagnancy 0.0%
[35m[MSG][0m itr    37, best 5596.5522, time   45.9, minPhero 0.01(306), stagnancy 0.3%
[35m[MSG][0m itr    38, best 5596.5522, time   47.2, minPhero 0.01(297), stagnancy 0.7%
[35m[MSG][0m itr    39, best 5596.2886, time   48.5, minPhero 0.01(291), stagnancy 0.0%
[35m[MSG][0m itr    40, best 5596.2881, time   49.8, minPhero 0.01(286), stagnancy 0.0%
[35m[MSG][0m itr    41, best 5595.9141, time   51.1, minPhero 0.01(279), stagnancy 0.0%
[35m[MSG][0m itr    42, best 5595.9121, time   52.3, minPhero 0.01(276), stagnancy 0.0%
[35m[MSG][0m itr    43, best 5595.6079, time   53.5, minPhero 0.01(270), stagnancy 0.0%
[35m[MSG][0m itr    44, best 5595.3389, time   54.8, minPhero 0.01(261), stagnancy 0.0%
[35m[MSG][0m itr    45, best 5595.3389, time   56.1, minPhero 0.01(259), stagnancy 0.3%
[35m[MSG][0m itr    46, best 5595.3389, time   57.4, minPhero 0.01(258), stagnancy 0.7%
[35m[MSG][0m itr    47, best 5595.3389, time   58.5, minPhero 0.01(256), stagnancy 1.0%
[35m[MSG][0m itr    48, best 5595.3389, time   59.8, minPhero 0.01(256), stagnancy 1.3%
[35m[MSG][0m itr    49, best 5595.3389, time   61.0, minPhero 0.01(254), stagnancy 1.7%
[35m[MSG][0m itr    50, best 5595.3389, time   62.3, minPhero 0.01(253), stagnancy 2.0%
[35m[MSG][0m itr    51, best 5595.3384, time   63.6, minPhero 0.01(248), stagnancy 0.0%
[35m[MSG][0m itr    52, best 5595.1709, time   64.9, minPhero 0.01(249), stagnancy 0.0%
[35m[MSG][0m itr    53, best 5594.7393, time   66.1, minPhero 0.01(248), stagnancy 0.0%
[35m[MSG][0m itr    54, best 5594.7388, time   67.4, minPhero 0.01(248), stagnancy 0.0%
[35m[MSG][0m itr    55, best 5590.8896, time   68.7, minPhero 0.01(256), stagnancy 0.0%
[35m[MSG][0m itr    56, best 5590.8896, time   70.0, minPhero 0.01(256), stagnancy 0.3%
[35m[MSG][0m itr    57, best 5590.8896, time   71.2, minPhero 0.01(256), stagnancy 0.7%
[35m[MSG][0m itr    58, best 5590.8896, time   72.5, minPhero 0.01(255), stagnancy 1.0%
[35m[MSG][0m itr    59, best 5590.7432, time   73.8, minPhero 0.01(256), stagnancy 0.0%
[35m[MSG][0m itr    60, best 5590.2192, time   75.0, minPhero 0.01(257), stagnancy 0.0%
[35m[MSG][0m itr    61, best 5589.9683, time   76.3, minPhero 0.01(255), stagnancy 0.0%
[35m[MSG][0m itr    62, best 5589.3657, time   77.6, minPhero 0.01(254), stagnancy 0.0%
[35m[MSG][0m itr    63, best 5589.3657, time   78.9, minPhero 0.01(252), stagnancy 0.3%
[35m[MSG][0m itr    64, best 5589.3657, time   80.1, minPhero 0.01(251), stagnancy 0.7%
[35m[MSG][0m itr    65, best 5589.3657, time   81.4, minPhero 0.01(251), stagnancy 1.0%
[35m[MSG][0m itr    66, best 5589.3657, time   82.6, minPhero 0.01(251), stagnancy 1.3%
[35m[MSG][0m itr    67, best 5589.3657, time   83.9, minPhero 0.01(251), stagnancy 1.7%
[35m[MSG][0m itr    68, best 5589.3652, time   85.2, minPhero 0.01(251), stagnancy 0.0%
[35m[MSG][0m itr    69, best 5589.3652, time   86.4, minPhero 0.01(251), stagnancy 0.3%
[35m[MSG][0m itr    70, best 5589.3652, time   87.7, minPhero 0.01(251), stagnancy 0.7%
[35m[MSG][0m itr    71, best 5589.3652, time   89.0, minPhero 0.01(250), stagnancy 1.0%
[35m[MSG][0m itr    72, best 5589.3652, time   90.3, minPhero 0.01(249), stagnancy 1.3%
[35m[MSG][0m itr    73, best 5589.3652, time   91.6, minPhero 0.01(248), stagnancy 1.7%
[35m[MSG][0m itr    74, best 5589.3652, time   92.9, minPhero 0.01(248), stagnancy 2.0%
[35m[MSG][0m itr    75, best 5589.3652, time   94.1, minPhero 0.01(248), stagnancy 2.3%
[35m[MSG][0m itr    76, best 5589.3652, time   95.4, minPhero 0.01(248), stagnancy 2.7%
[35m[MSG][0m itr    77, best 5589.3652, time   96.7, minPhero 0.01(237), stagnancy 3.0%
[35m[MSG][0m itr    78, best 5589.3652, time   98.0, minPhero 0.01(237), stagnancy 3.3%
[35m[MSG][0m itr    79, best 5589.3652, time   99.6, minPhero 0.01(235), stagnancy 3.7%
[35m[MSG][0m itr    80, best 5588.2583, time  100.9, minPhero 0.01(239), stagnancy 0.0%
[35m[MSG][0m itr    81, best 5588.2583, time  102.2, minPhero 0.01(238), stagnancy 0.3%
[35m[MSG][0m itr    82, best 5588.2583, time  103.5, minPhero 0.01(238), stagnancy 0.7%
[35m[MSG][0m itr    83, best 5588.2583, time  104.8, minPhero 0.01(236), stagnancy 1.0%
[35m[MSG][0m itr    84, best 5586.1982, time  106.1, minPhero 0.01(239), stagnancy 0.0%
[35m[MSG][0m itr    85, best 5586.1978, time  107.4, minPhero 0.01(239), stagnancy 0.0%
[35m[MSG][0m itr    86, best 5586.1978, time  108.7, minPhero 0.01(239), stagnancy 0.3%
[35m[MSG][0m itr    87, best 5586.1978, time  109.9, minPhero 0.01(239), stagnancy 0.7%
[35m[MSG][0m itr    88, best 5586.1978, time  111.0, minPhero 0.01(239), stagnancy 1.0%
[35m[MSG][0m itr    89, best 5586.1978, time  112.2, minPhero 0.01(239), stagnancy 1.3%
[35m[MSG][0m itr    90, best 5586.0825, time  113.4, minPhero 0.01(240), stagnancy 0.0%
[35m[MSG][0m itr    91, best 5586.0820, time  114.7, minPhero 0.01(240), stagnancy 0.0%
[35m[MSG][0m itr    92, best 5586.0820, time  116.0, minPhero 0.01(240), stagnancy 0.3%
[35m[MSG][0m itr    93, best 5586.0820, time  117.1, minPhero 0.01(240), stagnancy 0.7%
[35m[MSG][0m itr    94, best 5586.0820, time  118.3, minPhero 0.01(240), stagnancy 1.0%
[35m[MSG][0m itr    95, best 5586.0820, time  119.4, minPhero 0.01(240), stagnancy 1.3%
[35m[MSG][0m itr    96, best 5586.0820, time  120.5, minPhero 0.01(240), stagnancy 1.7%
[35m[MSG][0m itr    97, best 5586.0820, time  121.6, minPhero 0.01(240), stagnancy 2.0%
[35m[MSG][0m itr    98, best 5586.0820, time  122.8, minPhero 0.01(240), stagnancy 2.3%
[35m[MSG][0m itr    99, best 5586.0820, time  124.0, minPhero 0.01(240), stagnancy 2.7%
[35m[MSG][0m itr   100, best 5586.0820, time  125.2, minPhero 0.01(240), stagnancy 3.0%
[35m[MSG][0m itr   101, best 5586.0820, time  126.5, minPhero 0.01(240), stagnancy 3.3%
[35m[MSG][0m itr   102, best 5586.0820, time  127.8, minPhero 0.01(235), stagnancy 3.7%
[35m[MSG][0m itr   103, best 5586.0820, time  129.1, minPhero 0.01(235), stagnancy 4.0%
[35m[MSG][0m itr   104, best 5586.0820, time  130.4, minPhero 0.01(235), stagnancy 4.3%
[35m[MSG][0m itr   105, best 5586.0820, time  131.7, minPhero 0.01(235), stagnancy 4.7%
[35m[MSG][0m itr   106, best 5586.0820, time  133.0, minPhero 0.01(233), stagnancy 5.0%
[35m[MSG][0m itr   107, best 5586.0820, time  134.3, minPhero 0.01(233), stagnancy 5.3%
[35m[MSG][0m itr   108, best 5586.0820, time  135.6, minPhero 0.01(233), stagnancy 5.7%
[35m[MSG][0m itr   109, best 5586.0820, time  136.9, minPhero 0.01(233), stagnancy 6.0%
[35m[MSG][0m itr   110, best 5586.0820, time  138.2, minPhero 0.01(233), stagnancy 6.3%
[35m[MSG][0m itr   111, best 5586.0820, time  139.5, minPhero 0.01(233), stagnancy 6.7%
[35m[MSG][0m itr   112, best 5586.0820, time  140.8, minPhero 0.01(232), stagnancy 7.0%
[35m[MSG][0m itr   113, best 5586.0820, time  142.1, minPhero 0.01(232), stagnancy 7.3%
[35m[MSG][0m itr   114, best 5586.0820, time  143.4, minPhero 0.01(232), stagnancy 7.7%
[35m[MSG][0m itr   115, best 5586.0820, time  144.9, minPhero 0.01(232), stagnancy 8.0%
[35m[MSG][0m itr   116, best 5586.0820, time  146.2, minPhero 0.01(232), stagnancy 8.3%
[35m[MSG][0m itr   117, best 5586.0820, time  147.5, minPhero 0.01(232), stagnancy 8.7%
[35m[MSG][0m itr   118, best 5586.0820, time  148.8, minPhero 0.01(232), stagnancy 9.0%
[35m[MSG][0m itr   119, best 5586.0820, time  150.0, minPhero 0.01(232), stagnancy 9.3%
[35m[MSG][0m itr   120, best 5586.0820, time  151.3, minPhero 0.01(232), stagnancy 9.7%
[35m[MSG][0m itr   121, best 5586.0820, time  152.5, minPhero 0.01(232), stagnancy 10.0%
[35m[MSG][0m itr   122, best 5586.0820, time  153.8, minPhero 0.01(232), stagnancy 10.3%
[35m[MSG][0m itr   123, best 5586.0820, time  155.1, minPhero 0.01(232), stagnancy 10.7%
[35m[MSG][0m itr   124, best 5586.0820, time  156.4, minPhero 0.01(232), stagnancy 11.0%
[35m[MSG][0m itr   125, best 5586.0820, time  157.6, minPhero 0.01(232), stagnancy 11.3%
[35m[MSG][0m itr   126, best 5586.0820, time  158.8, minPhero 0.01(232), stagnancy 11.7%
[35m[MSG][0m itr   127, best 5586.0820, time  160.1, minPhero 0.01(232), stagnancy 12.0%
[35m[MSG][0m itr   128, best 5586.0820, time  161.4, minPhero 0.01(232), stagnancy 12.3%
[35m[MSG][0m itr   129, best 5586.0820, time  162.6, minPhero 0.01(232), stagnancy 12.7%
[35m[MSG][0m itr   130, best 5586.0820, time  163.9, minPhero 0.01(232), stagnancy 13.0%
[35m[MSG][0m itr   131, best 5586.0820, time  165.2, minPhero 0.01(232), stagnancy 13.3%
[35m[MSG][0m itr   132, best 5586.0820, time  166.5, minPhero 0.01(232), stagnancy 13.7%
[35m[MSG][0m itr   133, best 5584.0063, time  167.8, minPhero 0.01(238), stagnancy 0.0%
[35m[MSG][0m itr   134, best 5584.0063, time  169.0, minPhero 0.01(238), stagnancy 0.3%
[35m[MSG][0m itr   135, best 5584.0063, time  170.3, minPhero 0.01(238), stagnancy 0.7%
[35m[MSG][0m itr   136, best 5584.0063, time  171.5, minPhero 0.01(238), stagnancy 1.0%
[35m[MSG][0m itr   137, best 5584.0063, time  172.8, minPhero 0.01(238), stagnancy 1.3%
[35m[MSG][0m itr   138, best 5584.0063, time  174.1, minPhero 0.01(238), stagnancy 1.7%
[35m[MSG][0m itr   139, best 5584.0063, time  175.4, minPhero 0.01(238), stagnancy 2.0%
[35m[MSG][0m itr   140, best 5584.0063, time  176.6, minPhero 0.01(238), stagnancy 2.3%
[35m[MSG][0m itr   141, best 5584.0063, time  177.9, minPhero 0.01(238), stagnancy 2.7%
[35m[MSG][0m itr   142, best 5584.0059, time  179.2, minPhero 0.01(238), stagnancy 0.0%
[35m[MSG][0m itr   143, best 5584.0059, time  180.5, minPhero 0.01(238), stagnancy 0.3%
[35m[MSG][0m itr   144, best 5584.0059, time  181.7, minPhero 0.01(238), stagnancy 0.7%
[35m[MSG][0m itr   145, best 5584.0059, time  183.0, minPhero 0.01(238), stagnancy 1.0%
[35m[MSG][0m itr   146, best 5584.0059, time  184.2, minPhero 0.01(238), stagnancy 1.3%
[35m[MSG][0m itr   147, best 5584.0059, time  185.5, minPhero 0.01(238), stagnancy 1.7%
[35m[MSG][0m itr   148, best 5584.0059, time  186.7, minPhero 0.01(238), stagnancy 2.0%
[35m[MSG][0m itr   149, best 5584.0059, time  188.0, minPhero 0.01(238), stagnancy 2.3%
[35m[MSG][0m itr   150, best 5584.0059, time  189.3, minPhero 0.01(238), stagnancy 2.7%
[35m[MSG][0m itr   151, best 5584.0059, time  190.6, minPhero 0.01(238), stagnancy 3.0%
[35m[MSG][0m itr   152, best 5584.0059, time  191.8, minPhero 0.01(238), stagnancy 3.3%
[35m[MSG][0m itr   153, best 5584.0059, time  193.1, minPhero 0.01(238), stagnancy 3.7%
[35m[MSG][0m itr   154, best 5584.0059, time  194.4, minPhero 0.01(238), stagnancy 4.0%
[35m[MSG][0m itr   155, best 5584.0059, time  195.7, minPhero 0.01(232), stagnancy 4.3%
[35m[MSG][0m itr   156, best 5584.0059, time  197.0, minPhero 0.01(232), stagnancy 4.7%
[35m[MSG][0m itr   157, best 5584.0059, time  198.3, minPhero 0.01(232), stagnancy 5.0%
[35m[MSG][0m itr   158, best 5584.0059, time  199.5, minPhero 0.01(232), stagnancy 5.3%
[35m[MSG][0m itr   159, best 5584.0059, time  200.8, minPhero 0.01(232), stagnancy 5.7%
[35m[MSG][0m itr   160, best 5584.0059, time  202.1, minPhero 0.01(232), stagnancy 6.0%
[35m[MSG][0m itr   161, best 5584.0059, time  203.3, minPhero 0.01(232), stagnancy 6.3%
[35m[MSG][0m itr   162, best 5584.0059, time  204.6, minPhero 0.01(232), stagnancy 6.7%
[35m[MSG][0m itr   163, best 5584.0059, time  205.9, minPhero 0.01(232), stagnancy 7.0%
[35m[MSG][0m itr   164, best 5584.0059, time  207.1, minPhero 0.01(232), stagnancy 7.3%
[35m[MSG][0m itr   165, best 5584.0059, time  208.4, minPhero 0.01(232), stagnancy 7.7%
[35m[MSG][0m itr   166, best 5584.0059, time  209.7, minPhero 0.01(232), stagnancy 8.0%
[35m[MSG][0m itr   167, best 5584.0059, time  210.9, minPhero 0.01(232), stagnancy 8.3%
[35m[MSG][0m itr   168, best 5584.0059, time  212.2, minPhero 0.01(232), stagnancy 8.7%
[35m[MSG][0m itr   169, best 5584.0059, time  213.5, minPhero 0.01(232), stagnancy 9.0%
[35m[MSG][0m itr   170, best 5584.0059, time  214.7, minPhero 0.01(232), stagnancy 9.3%
[35m[MSG][0m itr   171, best 5584.0059, time  216.0, minPhero 0.01(232), stagnancy 9.7%
[35m[MSG][0m itr   172, best 5584.0059, time  217.3, minPhero 0.01(232), stagnancy 10.0%
[35m[MSG][0m itr   173, best 5584.0059, time  218.6, minPhero 0.01(232), stagnancy 10.3%
[35m[MSG][0m itr   174, best 5584.0059, time  219.9, minPhero 0.01(232), stagnancy 10.7%
[35m[MSG][0m itr   175, best 5584.0059, time  221.1, minPhero 0.01(232), stagnancy 11.0%
[35m[MSG][0m itr   176, best 5584.0059, time  222.3, minPhero 0.01(232), stagnancy 11.3%
[35m[MSG][0m itr   177, best 5584.0059, time  223.6, minPhero 0.01(232), stagnancy 11.7%
[35m[MSG][0m itr   178, best 5584.0059, time  224.9, minPhero 0.01(232), stagnancy 12.0%
[35m[MSG][0m itr   179, best 5584.0059, time  226.2, minPhero 0.01(232), stagnancy 12.3%
[35m[MSG][0m itr   180, best 5584.0059, time  227.4, minPhero 0.01(232), stagnancy 12.7%
[35m[MSG][0m itr   181, best 5584.0059, time  228.7, minPhero 0.01(232), stagnancy 13.0%
[35m[MSG][0m itr   182, best 5584.0059, time  230.0, minPhero 0.01(232), stagnancy 13.3%
[35m[MSG][0m itr   183, best 5584.0059, time  231.2, minPhero 0.01(232), stagnancy 13.7%
[35m[MSG][0m itr   184, best 5584.0059, time  232.5, minPhero 0.01(232), stagnancy 14.0%
[35m[MSG][0m itr   185, best 5584.0059, time  233.8, minPhero 0.01(232), stagnancy 14.3%
[35m[MSG][0m itr   186, best 5584.0059, time  235.0, minPhero 0.01(232), stagnancy 14.7%
[35m[MSG][0m itr   187, best 5584.0059, time  236.3, minPhero 0.01(232), stagnancy 15.0%
[35m[MSG][0m itr   188, best 5584.0059, time  237.6, minPhero 0.01(232), stagnancy 15.3%
[35m[MSG][0m itr   189, best 5584.0059, time  238.7, minPhero 0.01(232), stagnancy 15.7%
[35m[MSG][0m itr   190, best 5584.0059, time  239.9, minPhero 0.01(232), stagnancy 16.0%
[35m[MSG][0m itr   191, best 5584.0059, time  241.1, minPhero 0.01(232), stagnancy 16.3%
[35m[MSG][0m itr   192, best 5584.0059, time  242.4, minPhero 0.01(232), stagnancy 16.7%
[35m[MSG][0m itr   193, best 5584.0059, time  243.6, minPhero 0.01(232), stagnancy 17.0%
[35m[MSG][0m itr   194, best 5584.0059, time  244.7, minPhero 0.01(232), stagnancy 17.3%
[35m[MSG][0m itr   195, best 5584.0059, time  246.0, minPhero 0.01(232), stagnancy 17.7%
[35m[MSG][0m itr   196, best 5584.0059, time  247.1, minPhero 0.01(232), stagnancy 18.0%
[35m[MSG][0m itr   197, best 5584.0059, time  248.3, minPhero 0.01(232), stagnancy 18.3%
[35m[MSG][0m itr   198, best 5584.0059, time  249.5, minPhero 0.01(232), stagnancy 18.7%
[35m[MSG][0m itr   199, best 5584.0059, time  250.7, minPhero 0.01(232), stagnancy 19.0%
[35m[MSG][0m itr   200, best 5584.0059, time  251.9, minPhero 0.01(232), stagnancy 19.3%
[35m[MSG][0m itr   201, best 5584.0059, time  253.1, minPhero 0.01(232), stagnancy 19.7%
[35m[MSG][0m itr   202, best 5584.0059, time  254.3, minPhero 0.01(232), stagnancy 20.0%
[35m[MSG][0m itr   203, best 5584.0059, time  255.5, minPhero 0.01(232), stagnancy 20.3%
[35m[MSG][0m itr   204, best 5584.0059, time  256.9, minPhero 0.01(232), stagnancy 20.7%
[35m[MSG][0m itr   205, best 5584.0059, time  258.2, minPhero 0.01(232), stagnancy 21.0%
[35m[MSG][0m itr   206, best 5584.0059, time  259.6, minPhero 0.01(232), stagnancy 21.3%
[35m[MSG][0m itr   207, best 5584.0059, time  261.2, minPhero 0.01(232), stagnancy 21.7%
[35m[MSG][0m itr   208, best 5584.0059, time  262.7, minPhero 0.01(232), stagnancy 22.0%
[35m[MSG][0m itr   209, best 5584.0059, time  264.3, minPhero 0.01(232), stagnancy 22.3%
[35m[MSG][0m itr   210, best 5584.0059, time  265.6, minPhero 0.01(232), stagnancy 22.7%
[35m[MSG][0m itr   211, best 5584.0059, time  267.2, minPhero 0.01(232), stagnancy 23.0%
[35m[MSG][0m itr   212, best 5582.9980, time  268.5, minPhero 0.01(237), stagnancy 0.0%
[35m[MSG][0m itr   213, best 5582.9980, time  269.8, minPhero 0.01(237), stagnancy 0.3%
[35m[MSG][0m itr   214, best 5582.9980, time  271.0, minPhero 0.01(237), stagnancy 0.7%
[35m[MSG][0m itr   215, best 5582.9980, time  272.3, minPhero 0.01(237), stagnancy 1.0%
[35m[MSG][0m itr   216, best 5582.9980, time  273.7, minPhero 0.01(237), stagnancy 1.3%
[35m[MSG][0m itr   217, best 5582.9976, time  275.3, minPhero 0.01(237), stagnancy 0.0%
[35m[MSG][0m itr   218, best 5582.9976, time  276.8, minPhero 0.01(237), stagnancy 0.3%
[35m[MSG][0m itr   219, best 5582.9976, time  278.2, minPhero 0.01(237), stagnancy 0.7%
[35m[MSG][0m itr   220, best 5582.9976, time  279.5, minPhero 0.01(237), stagnancy 1.0%
[35m[MSG][0m itr   221, best 5582.9976, time  280.7, minPhero 0.01(237), stagnancy 1.3%
[35m[MSG][0m itr   222, best 5582.9976, time  282.1, minPhero 0.01(237), stagnancy 1.7%
[35m[MSG][0m itr   223, best 5582.9976, time  283.6, minPhero 0.01(237), stagnancy 2.0%
[35m[MSG][0m itr   224, best 5582.9976, time  284.9, minPhero 0.01(237), stagnancy 2.3%
[35m[MSG][0m itr   225, best 5582.9976, time  286.0, minPhero 0.01(237), stagnancy 2.7%
[35m[MSG][0m itr   226, best 5582.9976, time  287.3, minPhero 0.01(237), stagnancy 3.0%
[35m[MSG][0m itr   227, best 5582.9976, time  288.5, minPhero 0.01(237), stagnancy 3.3%
[35m[MSG][0m itr   228, best 5582.9976, time  289.8, minPhero 0.01(237), stagnancy 3.7%
[35m[MSG][0m itr   229, best 5582.9976, time  291.0, minPhero 0.01(237), stagnancy 4.0%
[35m[MSG][0m itr   230, best 5582.9976, time  292.3, minPhero 0.01(237), stagnancy 4.3%
[35m[MSG][0m itr   231, best 5582.9976, time  293.7, minPhero 0.01(237), stagnancy 4.7%
[35m[MSG][0m itr   232, best 5582.9976, time  295.0, minPhero 0.01(237), stagnancy 5.0%
[35m[MSG][0m itr   233, best 5582.9976, time  296.2, minPhero 0.01(237), stagnancy 5.3%
[35m[MSG][0m itr   234, best 5582.9976, time  297.6, minPhero 0.01(232), stagnancy 5.7%
[35m[MSG][0m itr   235, best 5582.9976, time  298.8, minPhero 0.01(232), stagnancy 6.0%
[35m[MSG][0m itr   236, best 5582.9976, time  300.0, minPhero 0.01(232), stagnancy 6.3%
[35m[MSG][0m itr   237, best 5582.9976, time  301.2, minPhero 0.01(232), stagnancy 6.7%
[35m[MSG][0m itr   238, best 5582.9976, time  302.4, minPhero 0.01(232), stagnancy 7.0%
[35m[MSG][0m itr   239, best 5582.9941, time  303.6, minPhero 0.01(235), stagnancy 0.0%
[35m[MSG][0m itr   240, best 5582.9941, time  304.8, minPhero 0.01(235), stagnancy 0.3%
[35m[MSG][0m itr   241, best 5582.9941, time  306.0, minPhero 0.01(235), stagnancy 0.7%
[35m[MSG][0m itr   242, best 5582.9941, time  307.2, minPhero 0.01(235), stagnancy 1.0%
[35m[MSG][0m itr   243, best 5582.9941, time  308.4, minPhero 0.01(235), stagnancy 1.3%
[35m[MSG][0m itr   244, best 5582.9941, time  309.6, minPhero 0.01(235), stagnancy 1.7%
[35m[MSG][0m itr   245, best 5582.9941, time  310.8, minPhero 0.01(235), stagnancy 2.0%
[35m[MSG][0m itr   246, best 5582.9941, time  312.0, minPhero 0.01(235), stagnancy 2.3%
[35m[MSG][0m itr   247, best 5582.9941, time  313.2, minPhero 0.01(235), stagnancy 2.7%
[35m[MSG][0m itr   248, best 5582.9941, time  314.5, minPhero 0.01(235), stagnancy 3.0%
[35m[MSG][0m itr   249, best 5582.9941, time  315.8, minPhero 0.01(235), stagnancy 3.3%
[35m[MSG][0m itr   250, best 5582.9941, time  317.0, minPhero 0.01(235), stagnancy 3.7%
[35m[MSG][0m itr   251, best 5582.9941, time  318.3, minPhero 0.01(235), stagnancy 4.0%
[35m[MSG][0m itr   252, best 5582.9941, time  319.4, minPhero 0.01(235), stagnancy 4.3%
[35m[MSG][0m itr   253, best 5582.9941, time  320.7, minPhero 0.01(235), stagnancy 4.7%
[35m[MSG][0m itr   254, best 5582.9941, time  322.0, minPhero 0.01(235), stagnancy 5.0%
[35m[MSG][0m itr   255, best 5582.9941, time  323.3, minPhero 0.01(235), stagnancy 5.3%
[35m[MSG][0m itr   256, best 5582.9941, time  324.5, minPhero 0.01(235), stagnancy 5.7%
[35m[MSG][0m itr   257, best 5582.9941, time  325.8, minPhero 0.01(235), stagnancy 6.0%
[35m[MSG][0m itr   258, best 5582.9941, time  327.1, minPhero 0.01(235), stagnancy 6.3%
[35m[MSG][0m itr   259, best 5582.9941, time  328.4, minPhero 0.01(235), stagnancy 6.7%
[35m[MSG][0m itr   260, best 5582.9941, time  329.7, minPhero 0.01(235), stagnancy 7.0%
[35m[MSG][0m itr   261, best 5582.9941, time  330.9, minPhero 0.01(232), stagnancy 7.3%
[35m[MSG][0m itr   262, best 5582.9941, time  332.2, minPhero 0.01(232), stagnancy 7.7%
[35m[MSG][0m itr   263, best 5582.9941, time  333.5, minPhero 0.01(232), stagnancy 8.0%
[35m[MSG][0m itr   264, best 5582.9941, time  334.7, minPhero 0.01(232), stagnancy 8.3%
[35m[MSG][0m itr   265, best 5582.9941, time  336.0, minPhero 0.01(232), stagnancy 8.7%
[35m[MSG][0m itr   266, best 5582.9941, time  337.3, minPhero 0.01(232), stagnancy 9.0%
[35m[MSG][0m itr   267, best 5582.9941, time  338.6, minPhero 0.01(232), stagnancy 9.3%
[35m[MSG][0m itr   268, best 5582.9941, time  339.8, minPhero 0.01(232), stagnancy 9.7%
[35m[MSG][0m itr   269, best 5582.9941, time  341.1, minPhero 0.01(232), stagnancy 10.0%
[35m[MSG][0m itr   270, best 5582.9941, time  342.3, minPhero 0.01(232), stagnancy 10.3%
[35m[MSG][0m itr   271, best 5582.9941, time  343.6, minPhero 0.01(232), stagnancy 10.7%
[35m[MSG][0m itr   272, best 5582.9941, time  344.9, minPhero 0.01(232), stagnancy 11.0%
[35m[MSG][0m itr   273, best 5582.9941, time  346.1, minPhero 0.01(232), stagnancy 11.3%
[35m[MSG][0m itr   274, best 5582.9941, time  347.4, minPhero 0.01(232), stagnancy 11.7%
[35m[MSG][0m itr   275, best 5582.9941, time  348.7, minPhero 0.01(232), stagnancy 12.0%
[35m[MSG][0m itr   276, best 5582.9941, time  350.0, minPhero 0.01(232), stagnancy 12.3%
[35m[MSG][0m itr   277, best 5582.9941, time  351.2, minPhero 0.01(232), stagnancy 12.7%
[35m[MSG][0m itr   278, best 5582.9941, time  352.5, minPhero 0.01(232), stagnancy 13.0%
[35m[MSG][0m itr   279, best 5582.9941, time  353.8, minPhero 0.01(232), stagnancy 13.3%
[35m[MSG][0m itr   280, best 5582.9941, time  355.1, minPhero 0.01(232), stagnancy 13.7%
[35m[MSG][0m itr   281, best 5582.9941, time  356.4, minPhero 0.01(232), stagnancy 14.0%
[35m[MSG][0m itr   282, best 5582.9941, time  357.6, minPhero 0.01(232), stagnancy 14.3%
[35m[MSG][0m itr   283, best 5582.9941, time  358.9, minPhero 0.01(232), stagnancy 14.7%
[35m[MSG][0m itr   284, best 5582.9941, time  360.2, minPhero 0.01(232), stagnancy 15.0%
[35m[MSG][0m itr   285, best 5582.9941, time  361.5, minPhero 0.01(232), stagnancy 15.3%
[35m[MSG][0m itr   286, best 5582.9941, time  362.7, minPhero 0.01(232), stagnancy 15.7%
[35m[MSG][0m itr   287, best 5582.9941, time  364.0, minPhero 0.01(232), stagnancy 16.0%
[35m[MSG][0m itr   288, best 5582.9941, time  365.3, minPhero 0.01(232), stagnancy 16.3%
[35m[MSG][0m itr   289, best 5582.9941, time  366.5, minPhero 0.01(232), stagnancy 16.7%
[35m[MSG][0m itr   290, best 5582.9941, time  367.8, minPhero 0.01(232), stagnancy 17.0%
[35m[MSG][0m itr   291, best 5582.9941, time  369.0, minPhero 0.01(232), stagnancy 17.3%
[35m[MSG][0m itr   292, best 5582.9941, time  370.3, minPhero 0.01(232), stagnancy 17.7%
[35m[MSG][0m itr   293, best 5582.9941, time  371.6, minPhero 0.01(232), stagnancy 18.0%
[35m[MSG][0m itr   294, best 5582.9941, time  372.9, minPhero 0.01(232), stagnancy 18.3%
[35m[MSG][0m itr   295, best 5582.9941, time  374.2, minPhero 0.01(232), stagnancy 18.7%
[35m[MSG][0m itr   296, best 5582.9941, time  375.5, minPhero 0.01(232), stagnancy 19.0%
[35m[MSG][0m itr   297, best 5582.9941, time  377.2, minPhero 0.01(232), stagnancy 19.3%
[35m[MSG][0m itr   298, best 5582.9941, time  378.5, minPhero 0.01(232), stagnancy 19.7%
[35m[MSG][0m itr   299, best 5582.9941, time  379.8, minPhero 0.01(232), stagnancy 20.0%
[35m[MSG][0m itr   300, best 5582.9941, time  381.1, minPhero 0.01(232), stagnancy 20.3%
[35m[MSG][0m itr   301, best 5582.9941, time  382.4, minPhero 0.01(232), stagnancy 20.7%
[35m[MSG][0m itr   302, best 5582.9941, time  383.7, minPhero 0.01(232), stagnancy 21.0%
[35m[MSG][0m itr   303, best 5582.9941, time  385.0, minPhero 0.01(232), stagnancy 21.3%
[35m[MSG][0m itr   304, best 5582.9941, time  386.3, minPhero 0.01(232), stagnancy 21.7%
[35m[MSG][0m itr   305, best 5582.9941, time  387.6, minPhero 0.01(232), stagnancy 22.0%
[35m[MSG][0m itr   306, best 5582.9941, time  388.9, minPhero 0.01(232), stagnancy 22.3%
[35m[MSG][0m itr   307, best 5582.9941, time  390.2, minPhero 0.01(232), stagnancy 22.7%
[35m[MSG][0m itr   308, best 5582.9941, time  391.5, minPhero 0.01(232), stagnancy 23.0%
[35m[MSG][0m itr   309, best 5582.9941, time  392.8, minPhero 0.01(232), stagnancy 23.3%
[35m[MSG][0m itr   310, best 5582.9941, time  394.1, minPhero 0.01(232), stagnancy 23.7%
[35m[MSG][0m itr   311, best 5582.9941, time  395.4, minPhero 0.01(232), stagnancy 24.0%
[35m[MSG][0m itr   312, best 5582.9941, time  396.7, minPhero 0.01(232), stagnancy 24.3%
[35m[MSG][0m itr   313, best 5582.9941, time  398.0, minPhero 0.01(232), stagnancy 24.7%
[35m[MSG][0m itr   314, best 5582.9941, time  399.3, minPhero 0.01(232), stagnancy 25.0%
[35m[MSG][0m itr   315, best 5582.9941, time  400.6, minPhero 0.01(232), stagnancy 25.3%
[35m[MSG][0m itr   316, best 5582.9941, time  401.8, minPhero 0.01(232), stagnancy 25.7%
[35m[MSG][0m itr   317, best 5582.9941, time  402.9, minPhero 0.01(232), stagnancy 26.0%
[35m[MSG][0m itr   318, best 5582.9941, time  404.1, minPhero 0.01(232), stagnancy 26.3%
[35m[MSG][0m itr   319, best 5582.9941, time  405.2, minPhero 0.01(232), stagnancy 26.7%
[35m[MSG][0m itr   320, best 5582.9941, time  406.5, minPhero 0.01(232), stagnancy 27.0%
[35m[MSG][0m itr   321, best 5582.9941, time  407.6, minPhero 0.01(232), stagnancy 27.3%
[35m[MSG][0m itr   322, best 5582.9941, time  408.8, minPhero 0.01(232), stagnancy 27.7%
[35m[MSG][0m itr   323, best 5582.9941, time  410.0, minPhero 0.01(232), stagnancy 28.0%
[35m[MSG][0m itr   324, best 5582.9941, time  411.2, minPhero 0.01(232), stagnancy 28.3%
[35m[MSG][0m itr   325, best 5582.9941, time  412.3, minPhero 0.01(232), stagnancy 28.7%
[35m[MSG][0m itr   326, best 5582.9941, time  413.6, minPhero 0.01(232), stagnancy 29.0%
[35m[MSG][0m itr   327, best 5582.9941, time  414.8, minPhero 0.01(232), stagnancy 29.3%
[35m[MSG][0m itr   328, best 5582.9941, time  416.0, minPhero 0.01(232), stagnancy 29.7%
[35m[MSG][0m itr   329, best 5582.9941, time  417.2, minPhero 0.01(232), stagnancy 30.0%
[35m[MSG][0m itr   330, best 5582.9941, time  418.4, minPhero 0.01(232), stagnancy 30.3%
[35m[MSG][0m itr   331, best 5582.9941, time  419.6, minPhero 0.01(232), stagnancy 30.7%
[35m[MSG][0m itr   332, best 5582.9941, time  420.8, minPhero 0.01(232), stagnancy 31.0%
[35m[MSG][0m itr   333, best 5582.9941, time  422.0, minPhero 0.01(232), stagnancy 31.3%
[35m[MSG][0m itr   334, best 5582.9941, time  423.2, minPhero 0.01(232), stagnancy 31.7%
[35m[MSG][0m itr   335, best 5582.9941, time  424.4, minPhero 0.01(232), stagnancy 32.0%
[35m[MSG][0m itr   336, best 5582.9941, time  425.6, minPhero 0.01(232), stagnancy 32.3%
[35m[MSG][0m itr   337, best 5582.9941, time  426.8, minPhero 0.01(232), stagnancy 32.7%
[35m[MSG][0m itr   338, best 5582.9941, time  428.0, minPhero 0.01(232), stagnancy 33.0%
[35m[MSG][0m itr   339, best 5582.9941, time  429.2, minPhero 0.01(232), stagnancy 33.3%
[35m[MSG][0m itr   340, best 5582.9941, time  430.4, minPhero 0.01(232), stagnancy 33.7%
[35m[MSG][0m itr   341, best 5582.9941, time  431.6, minPhero 0.01(232), stagnancy 34.0%
[35m[MSG][0m itr   342, best 5582.9937, time  432.8, minPhero 0.01(232), stagnancy 0.0%
[35m[MSG][0m itr   343, best 5582.9937, time  434.0, minPhero 0.01(232), stagnancy 0.3%
[35m[MSG][0m itr   344, best 5582.9937, time  435.3, minPhero 0.01(232), stagnancy 0.7%
[35m[MSG][0m itr   345, best 5582.9937, time  436.5, minPhero 0.01(232), stagnancy 1.0%
[35m[MSG][0m itr   346, best 5582.9937, time  437.7, minPhero 0.01(232), stagnancy 1.3%
[35m[MSG][0m itr   347, best 5582.9937, time  438.9, minPhero 0.01(232), stagnancy 1.7%
[35m[MSG][0m itr   348, best 5582.9937, time  440.1, minPhero 0.01(232), stagnancy 2.0%
[35m[MSG][0m itr   349, best 5582.9937, time  441.3, minPhero 0.01(232), stagnancy 2.3%
[35m[MSG][0m itr   350, best 5582.9937, time  442.5, minPhero 0.01(232), stagnancy 2.7%
[35m[MSG][0m itr   351, best 5582.9937, time  443.7, minPhero 0.01(232), stagnancy 3.0%
[35m[MSG][0m itr   352, best 5582.9937, time  444.9, minPhero 0.01(232), stagnancy 3.3%
[35m[MSG][0m itr   353, best 5582.9937, time  446.1, minPhero 0.01(232), stagnancy 3.7%
[35m[MSG][0m itr   354, best 5582.9937, time  447.3, minPhero 0.01(232), stagnancy 4.0%
[35m[MSG][0m itr   355, best 5582.9937, time  448.5, minPhero 0.01(232), stagnancy 4.3%
[35m[MSG][0m itr   356, best 5582.9937, time  449.7, minPhero 0.01(232), stagnancy 4.7%
[35m[MSG][0m itr   357, best 5582.9937, time  450.8, minPhero 0.01(232), stagnancy 5.0%
[35m[MSG][0m itr   358, best 5582.9937, time  452.0, minPhero 0.01(232), stagnancy 5.3%
[35m[MSG][0m itr   359, best 5582.9937, time  453.2, minPhero 0.01(232), stagnancy 5.7%
[35m[MSG][0m itr   360, best 5582.9937, time  454.4, minPhero 0.01(232), stagnancy 6.0%
[35m[MSG][0m itr   361, best 5582.9937, time  455.6, minPhero 0.01(232), stagnancy 6.3%
[35m[MSG][0m itr   362, best 5582.9937, time  456.8, minPhero 0.01(232), stagnancy 6.7%
[35m[MSG][0m itr   363, best 5582.9937, time  458.1, minPhero 0.01(232), stagnancy 7.0%
[35m[MSG][0m itr   364, best 5582.9937, time  459.3, minPhero 0.01(232), stagnancy 7.3%
[35m[MSG][0m itr   365, best 5582.9937, time  460.5, minPhero 0.01(232), stagnancy 7.7%
[35m[MSG][0m itr   366, best 5582.9937, time  461.7, minPhero 0.01(232), stagnancy 8.0%
[35m[MSG][0m itr   367, best 5582.9937, time  463.0, minPhero 0.01(232), stagnancy 8.3%
[35m[MSG][0m itr   368, best 5582.9937, time  464.1, minPhero 0.01(232), stagnancy 8.7%
[35m[MSG][0m itr   369, best 5582.9937, time  465.3, minPhero 0.01(232), stagnancy 9.0%
[35m[MSG][0m itr   370, best 5582.9937, time  466.5, minPhero 0.01(232), stagnancy 9.3%
[35m[MSG][0m itr   371, best 5582.9937, time  467.7, minPhero 0.01(232), stagnancy 9.7%
[35m[MSG][0m itr   372, best 5582.9937, time  468.9, minPhero 0.01(232), stagnancy 10.0%
[35m[MSG][0m itr   373, best 5582.9937, time  470.2, minPhero 0.01(232), stagnancy 10.3%
[35m[MSG][0m itr   374, best 5582.9937, time  471.4, minPhero 0.01(232), stagnancy 10.7%
[35m[MSG][0m itr   375, best 5582.9937, time  472.6, minPhero 0.01(232), stagnancy 11.0%
[35m[MSG][0m itr   376, best 5582.9937, time  473.7, minPhero 0.01(232), stagnancy 11.3%
[35m[MSG][0m itr   377, best 5582.9937, time  475.0, minPhero 0.01(232), stagnancy 11.7%
[35m[MSG][0m itr   378, best 5582.9937, time  476.2, minPhero 0.01(232), stagnancy 12.0%
[35m[MSG][0m itr   379, best 5582.9937, time  477.3, minPhero 0.01(232), stagnancy 12.3%
[35m[MSG][0m itr   380, best 5582.9937, time  478.6, minPhero 0.01(232), stagnancy 12.7%
[35m[MSG][0m itr   381, best 5582.9937, time  479.8, minPhero 0.01(232), stagnancy 13.0%
[35m[MSG][0m itr   382, best 5582.9937, time  481.0, minPhero 0.01(232), stagnancy 13.3%
[35m[MSG][0m itr   383, best 5582.9937, time  482.2, minPhero 0.01(232), stagnancy 13.7%
[35m[MSG][0m itr   384, best 5582.9937, time  483.4, minPhero 0.01(232), stagnancy 14.0%
[35m[MSG][0m itr   385, best 5582.9937, time  484.6, minPhero 0.01(232), stagnancy 14.3%
[35m[MSG][0m itr   386, best 5582.9937, time  485.8, minPhero 0.01(232), stagnancy 14.7%
[35m[MSG][0m itr   387, best 5582.9937, time  487.0, minPhero 0.01(232), stagnancy 15.0%
[35m[MSG][0m itr   388, best 5582.9937, time  488.2, minPhero 0.01(232), stagnancy 15.3%
[35m[MSG][0m itr   389, best 5582.9937, time  489.3, minPhero 0.01(232), stagnancy 15.7%
[35m[MSG][0m itr   390, best 5582.9937, time  490.5, minPhero 0.01(232), stagnancy 16.0%
[35m[MSG][0m itr   391, best 5582.9937, time  491.7, minPhero 0.01(232), stagnancy 16.3%
[35m[MSG][0m itr   392, best 5582.9937, time  492.9, minPhero 0.01(232), stagnancy 16.7%
[35m[MSG][0m itr   393, best 5582.9937, time  494.1, minPhero 0.01(232), stagnancy 17.0%
[35m[MSG][0m itr   394, best 5582.9937, time  495.3, minPhero 0.01(232), stagnancy 17.3%
[35m[MSG][0m itr   395, best 5582.9937, time  496.5, minPhero 0.01(232), stagnancy 17.7%
[35m[MSG][0m itr   396, best 5582.9937, time  497.7, minPhero 0.01(232), stagnancy 18.0%
[35m[MSG][0m itr   397, best 5582.9937, time  498.9, minPhero 0.01(232), stagnancy 18.3%
[35m[MSG][0m itr   398, best 5582.9937, time  500.1, minPhero 0.01(232), stagnancy 18.7%
[35m[MSG][0m itr   399, best 5582.9937, time  501.3, minPhero 0.01(232), stagnancy 19.0%
[35m[MSG][0m itr   400, best 5582.9937, time  502.5, minPhero 0.01(232), stagnancy 19.3%
[35m[MSG][0m itr   401, best 5582.9937, time  503.7, minPhero 0.01(232), stagnancy 19.7%
[35m[MSG][0m itr   402, best 5582.9937, time  504.9, minPhero 0.01(232), stagnancy 20.0%
[35m[MSG][0m itr   403, best 5582.9937, time  506.1, minPhero 0.01(232), stagnancy 20.3%
[35m[MSG][0m itr   404, best 5582.9937, time  507.3, minPhero 0.01(232), stagnancy 20.7%
[35m[MSG][0m itr   405, best 5582.9937, time  508.5, minPhero 0.01(232), stagnancy 21.0%
[35m[MSG][0m itr   406, best 5582.9937, time  509.7, minPhero 0.01(232), stagnancy 21.3%
[35m[MSG][0m itr   407, best 5582.9937, time  510.9, minPhero 0.01(232), stagnancy 21.7%
[35m[MSG][0m itr   408, best 5582.9937, time  512.0, minPhero 0.01(232), stagnancy 22.0%
[35m[MSG][0m itr   409, best 5582.9937, time  513.2, minPhero 0.01(232), stagnancy 22.3%
[35m[MSG][0m itr   410, best 5582.9937, time  514.4, minPhero 0.01(232), stagnancy 22.7%
[35m[MSG][0m itr   411, best 5582.9937, time  515.6, minPhero 0.01(232), stagnancy 23.0%
[35m[MSG][0m itr   412, best 5582.9937, time  516.8, minPhero 0.01(232), stagnancy 23.3%
[35m[MSG][0m itr   413, best 5582.9937, time  518.0, minPhero 0.01(232), stagnancy 23.7%
[35m[MSG][0m itr   414, best 5582.9937, time  519.2, minPhero 0.01(232), stagnancy 24.0%
[35m[MSG][0m itr   415, best 5582.9937, time  520.4, minPhero 0.01(232), stagnancy 24.3%
[35m[MSG][0m itr   416, best 5582.9937, time  521.6, minPhero 0.01(232), stagnancy 24.7%
[35m[MSG][0m itr   417, best 5582.9937, time  522.8, minPhero 0.01(232), stagnancy 25.0%
[35m[MSG][0m itr   418, best 5582.9937, time  524.0, minPhero 0.01(232), stagnancy 25.3%
[35m[MSG][0m itr   419, best 5582.9937, time  525.2, minPhero 0.01(232), stagnancy 25.7%
[35m[MSG][0m itr   420, best 5582.9937, time  526.4, minPhero 0.01(232), stagnancy 26.0%
[35m[MSG][0m itr   421, best 5582.9937, time  527.6, minPhero 0.01(232), stagnancy 26.3%
[35m[MSG][0m itr   422, best 5582.9937, time  528.7, minPhero 0.01(232), stagnancy 26.7%
[35m[MSG][0m itr   423, best 5582.9937, time  529.8, minPhero 0.01(232), stagnancy 27.0%
[35m[MSG][0m itr   424, best 5582.9937, time  531.0, minPhero 0.01(232), stagnancy 27.3%
[35m[MSG][0m itr   425, best 5582.9937, time  532.2, minPhero 0.01(232), stagnancy 27.7%
[35m[MSG][0m itr   426, best 5582.9937, time  533.4, minPhero 0.01(232), stagnancy 28.0%
[35m[MSG][0m itr   427, best 5582.9937, time  534.5, minPhero 0.01(232), stagnancy 28.3%
[35m[MSG][0m itr   428, best 5582.9937, time  535.8, minPhero 0.01(232), stagnancy 28.7%
[35m[MSG][0m itr   429, best 5582.9937, time  537.0, minPhero 0.01(232), stagnancy 29.0%
[35m[MSG][0m itr   430, best 5582.9937, time  538.2, minPhero 0.01(232), stagnancy 29.3%
[35m[MSG][0m itr   431, best 5582.9937, time  539.4, minPhero 0.01(232), stagnancy 29.7%
[35m[MSG][0m itr   432, best 5582.9937, time  540.6, minPhero 0.01(232), stagnancy 30.0%
[35m[MSG][0m itr   433, best 5582.9937, time  541.8, minPhero 0.01(232), stagnancy 30.3%
[35m[MSG][0m itr   434, best 5582.9937, time  543.0, minPhero 0.01(232), stagnancy 30.7%
[35m[MSG][0m itr   435, best 5582.9937, time  544.2, minPhero 0.01(232), stagnancy 31.0%
[35m[MSG][0m itr   436, best 5582.9937, time  545.4, minPhero 0.01(232), stagnancy 31.3%
[35m[MSG][0m itr   437, best 5582.9937, time  546.6, minPhero 0.01(232), stagnancy 31.7%
[35m[MSG][0m itr   438, best 5582.9937, time  547.8, minPhero 0.01(232), stagnancy 32.0%
[35m[MSG][0m itr   439, best 5582.9937, time  549.0, minPhero 0.01(232), stagnancy 32.3%
[35m[MSG][0m itr   440, best 5582.9937, time  550.2, minPhero 0.01(232), stagnancy 32.7%
[35m[MSG][0m itr   441, best 5582.9937, time  551.4, minPhero 0.01(232), stagnancy 33.0%
[35m[MSG][0m itr   442, best 5582.9937, time  552.6, minPhero 0.01(232), stagnancy 33.3%
[35m[MSG][0m itr   443, best 5582.9937, time  553.9, minPhero 0.01(232), stagnancy 33.7%
[35m[MSG][0m itr   444, best 5582.9937, time  555.0, minPhero 0.01(232), stagnancy 34.0%
[35m[MSG][0m itr   445, best 5582.9937, time  556.2, minPhero 0.01(232), stagnancy 34.3%
[35m[MSG][0m itr   446, best 5582.9937, time  557.4, minPhero 0.01(232), stagnancy 34.7%
[35m[MSG][0m itr   447, best 5582.9937, time  558.6, minPhero 0.01(232), stagnancy 35.0%
[35m[MSG][0m itr   448, best 5582.9937, time  559.8, minPhero 0.01(232), stagnancy 35.3%
[35m[MSG][0m itr   449, best 5582.9937, time  561.0, minPhero 0.01(232), stagnancy 35.7%
[35m[MSG][0m itr   450, best 5582.9937, time  562.2, minPhero 0.01(232), stagnancy 36.0%
[35m[MSG][0m itr   451, best 5582.9937, time  563.4, minPhero 0.01(232), stagnancy 36.3%
[35m[MSG][0m itr   452, best 5582.9937, time  564.6, minPhero 0.01(232), stagnancy 36.7%
[35m[MSG][0m itr   453, best 5582.9937, time  565.8, minPhero 0.01(232), stagnancy 37.0%
[35m[MSG][0m itr   454, best 5582.9937, time  567.0, minPhero 0.01(232), stagnancy 37.3%
[35m[MSG][0m itr   455, best 5582.9937, time  568.2, minPhero 0.01(232), stagnancy 37.7%
[35m[MSG][0m itr   456, best 5582.9937, time  569.4, minPhero 0.01(232), stagnancy 38.0%
[35m[MSG][0m itr   457, best 5582.9937, time  570.6, minPhero 0.01(232), stagnancy 38.3%
[35m[MSG][0m itr   458, best 5582.9937, time  571.8, minPhero 0.01(232), stagnancy 38.7%
[35m[MSG][0m itr   459, best 5582.9937, time  573.0, minPhero 0.01(232), stagnancy 39.0%
[35m[MSG][0m itr   460, best 5582.9937, time  574.2, minPhero 0.01(232), stagnancy 39.3%
[35m[MSG][0m itr   461, best 5582.9937, time  575.3, minPhero 0.01(232), stagnancy 39.7%
[35m[MSG][0m itr   462, best 5582.9937, time  576.6, minPhero 0.01(232), stagnancy 40.0%
[35m[MSG][0m itr   463, best 5582.9937, time  577.7, minPhero 0.01(232), stagnancy 40.3%
[35m[MSG][0m itr   464, best 5582.9937, time  578.9, minPhero 0.01(232), stagnancy 40.7%
[35m[MSG][0m itr   465, best 5582.9937, time  580.2, minPhero 0.01(232), stagnancy 41.0%
[35m[MSG][0m itr   466, best 5582.9937, time  581.4, minPhero 0.01(232), stagnancy 41.3%
[35m[MSG][0m itr   467, best 5582.9937, time  582.6, minPhero 0.01(232), stagnancy 41.7%
[35m[MSG][0m itr   468, best 5582.9937, time  583.8, minPhero 0.01(232), stagnancy 42.0%
[35m[MSG][0m itr   469, best 5582.9937, time  585.0, minPhero 0.01(232), stagnancy 42.3%
[35m[MSG][0m itr   470, best 5582.9937, time  586.1, minPhero 0.01(232), stagnancy 42.7%
[35m[MSG][0m itr   471, best 5582.9937, time  587.3, minPhero 0.01(232), stagnancy 43.0%
[35m[MSG][0m itr   472, best 5582.9937, time  588.5, minPhero 0.01(232), stagnancy 43.3%
[35m[MSG][0m itr   473, best 5582.9937, time  589.7, minPhero 0.01(232), stagnancy 43.7%
[35m[MSG][0m itr   474, best 5582.9937, time  590.9, minPhero 0.01(232), stagnancy 44.0%
[35m[MSG][0m itr   475, best 5582.9937, time  592.1, minPhero 0.01(232), stagnancy 44.3%
[35m[MSG][0m itr   476, best 5582.9937, time  593.3, minPhero 0.01(232), stagnancy 44.7%
[35m[MSG][0m itr   477, best 5582.9937, time  594.5, minPhero 0.01(232), stagnancy 45.0%
[35m[MSG][0m itr   478, best 5582.9937, time  595.7, minPhero 0.01(232), stagnancy 45.3%
[35m[MSG][0m itr   479, best 5582.9937, time  596.9, minPhero 0.01(232), stagnancy 45.7%
[35m[MSG][0m itr   480, best 5582.9937, time  598.1, minPhero 0.01(232), stagnancy 46.0%
[35m[MSG][0m itr   481, best 5582.9937, time  599.3, minPhero 0.01(232), stagnancy 46.3%
[35m[MSG][0m itr   482, best 5582.9937, time  600.5, minPhero 0.01(232), stagnancy 46.7%
[35m[MSG][0m itr   483, best 5582.9937, time  601.7, minPhero 0.01(232), stagnancy 47.0%
[35m[MSG][0m itr   484, best 5582.9937, time  602.9, minPhero 0.01(232), stagnancy 47.3%
[35m[MSG][0m itr   485, best 5582.9937, time  604.1, minPhero 0.01(232), stagnancy 47.7%
[35m[MSG][0m itr   486, best 5582.9937, time  605.2, minPhero 0.01(232), stagnancy 48.0%
[35m[MSG][0m itr   487, best 5582.9937, time  606.4, minPhero 0.01(232), stagnancy 48.3%
[35m[MSG][0m itr   488, best 5582.9937, time  607.6, minPhero 0.01(232), stagnancy 48.7%
[35m[MSG][0m itr   489, best 5582.9937, time  608.8, minPhero 0.01(232), stagnancy 49.0%
[35m[MSG][0m itr   490, best 5582.9937, time  610.0, minPhero 0.01(232), stagnancy 49.3%
[35m[MSG][0m itr   491, best 5582.9937, time  611.2, minPhero 0.01(232), stagnancy 49.7%
[35m[MSG][0m itr   492, best 5582.9937, time  612.5, minPhero 0.01(232), stagnancy 50.0%
[35m[MSG][0m itr   493, best 5582.9937, time  613.7, minPhero 0.01(232), stagnancy 50.3%
[35m[MSG][0m itr   494, best 5582.9937, time  614.9, minPhero 0.01(232), stagnancy 50.7%
[35m[MSG][0m itr   495, best 5582.9937, time  616.0, minPhero 0.01(232), stagnancy 51.0%
[35m[MSG][0m itr   496, best 5582.9937, time  617.2, minPhero 0.01(232), stagnancy 51.3%
[35m[MSG][0m itr   497, best 5582.9937, time  618.4, minPhero 0.01(232), stagnancy 51.7%
[35m[MSG][0m itr   498, best 5582.9937, time  619.6, minPhero 0.01(232), stagnancy 52.0%
[35m[MSG][0m itr   499, best 5582.9937, time  620.8, minPhero 0.01(232), stagnancy 52.3%
[35m[MSG][0m itr   500, best 5582.9937, time  622.0, minPhero 0.01(232), stagnancy 52.7%
[35m[MSG][0m itr   501, best 5582.9937, time  623.2, minPhero 0.01(232), stagnancy 53.0%
[35m[MSG][0m itr   502, best 5582.9937, time  624.4, minPhero 0.01(232), stagnancy 53.3%
[35m[MSG][0m itr   503, best 5582.9937, time  625.5, minPhero 0.01(232), stagnancy 53.7%
[35m[MSG][0m itr   504, best 5582.9937, time  626.7, minPhero 0.01(232), stagnancy 54.0%
[35m[MSG][0m itr   505, best 5582.9937, time  627.9, minPhero 0.01(232), stagnancy 54.3%
[35m[MSG][0m itr   506, best 5582.9937, time  629.1, minPhero 0.01(232), stagnancy 54.7%
[35m[MSG][0m itr   507, best 5582.9937, time  630.3, minPhero 0.01(232), stagnancy 55.0%
[35m[MSG][0m itr   508, best 5582.9937, time  631.5, minPhero 0.01(232), stagnancy 55.3%
[35m[MSG][0m itr   509, best 5582.9937, time  632.6, minPhero 0.01(232), stagnancy 55.7%
[35m[MSG][0m itr   510, best 5582.9937, time  633.8, minPhero 0.01(232), stagnancy 56.0%
[35m[MSG][0m itr   511, best 5582.9937, time  635.0, minPhero 0.01(232), stagnancy 56.3%
[35m[MSG][0m itr   512, best 5582.9937, time  636.2, minPhero 0.01(232), stagnancy 56.7%
[35m[MSG][0m itr   513, best 5582.9937, time  637.3, minPhero 0.01(232), stagnancy 57.0%
[35m[MSG][0m itr   514, best 5582.9937, time  638.5, minPhero 0.01(232), stagnancy 57.3%
[35m[MSG][0m itr   515, best 5582.9937, time  639.7, minPhero 0.01(232), stagnancy 57.7%
[35m[MSG][0m itr   516, best 5582.9937, time  640.9, minPhero 0.01(232), stagnancy 58.0%
[35m[MSG][0m itr   517, best 5582.9937, time  641.9, minPhero 0.01(232), stagnancy 58.3%
[35m[MSG][0m itr   518, best 5582.9937, time  643.0, minPhero 0.01(232), stagnancy 58.7%
[35m[MSG][0m itr   519, best 5582.9937, time  644.2, minPhero 0.01(232), stagnancy 59.0%
[35m[MSG][0m itr   520, best 5582.9937, time  645.4, minPhero 0.01(232), stagnancy 59.3%
[35m[MSG][0m itr   521, best 5582.9937, time  646.6, minPhero 0.01(232), stagnancy 59.7%
[35m[MSG][0m itr   522, best 5582.9937, time  647.8, minPhero 0.01(232), stagnancy 60.0%
[35m[MSG][0m itr   523, best 5582.9937, time  649.0, minPhero 0.01(232), stagnancy 60.3%
[35m[MSG][0m itr   524, best 5582.9937, time  650.2, minPhero 0.01(232), stagnancy 60.7%
[35m[MSG][0m itr   525, best 5582.9937, time  651.3, minPhero 0.01(232), stagnancy 61.0%
[35m[MSG][0m itr   526, best 5582.9937, time  652.4, minPhero 0.01(232), stagnancy 61.3%
[35m[MSG][0m itr   527, best 5582.9937, time  653.6, minPhero 0.01(232), stagnancy 61.7%
[35m[MSG][0m itr   528, best 5582.9937, time  654.7, minPhero 0.01(232), stagnancy 62.0%
[35m[MSG][0m itr   529, best 5582.9937, time  655.8, minPhero 0.01(232), stagnancy 62.3%
[35m[MSG][0m itr   530, best 5582.9937, time  657.0, minPhero 0.01(232), stagnancy 62.7%
[35m[MSG][0m itr   531, best 5582.9937, time  658.1, minPhero 0.01(232), stagnancy 63.0%
[35m[MSG][0m itr   532, best 5582.9937, time  659.2, minPhero 0.01(232), stagnancy 63.3%
[35m[MSG][0m itr   533, best 5582.9937, time  660.4, minPhero 0.01(232), stagnancy 63.7%
[35m[MSG][0m itr   534, best 5582.9937, time  661.6, minPhero 0.01(232), stagnancy 64.0%
[35m[MSG][0m itr   535, best 5582.9937, time  662.8, minPhero 0.01(232), stagnancy 64.3%
[35m[MSG][0m itr   536, best 5582.9937, time  664.0, minPhero 0.01(232), stagnancy 64.7%
[35m[MSG][0m itr   537, best 5582.9937, time  665.2, minPhero 0.01(232), stagnancy 65.0%
[35m[MSG][0m itr   538, best 5582.9937, time  666.4, minPhero 0.01(232), stagnancy 65.3%
[35m[MSG][0m itr   539, best 5582.9937, time  667.6, minPhero 0.01(232), stagnancy 65.7%
[35m[MSG][0m itr   540, best 5582.9937, time  668.8, minPhero 0.01(232), stagnancy 66.0%
[35m[MSG][0m itr   541, best 5582.9937, time  670.0, minPhero 0.01(232), stagnancy 66.3%
[35m[MSG][0m itr   542, best 5582.9937, time  671.2, minPhero 0.01(232), stagnancy 66.7%
[35m[MSG][0m itr   543, best 5582.9937, time  672.3, minPhero 0.01(232), stagnancy 67.0%
[35m[MSG][0m itr   544, best 5582.9937, time  673.4, minPhero 0.01(232), stagnancy 67.3%
[35m[MSG][0m itr   545, best 5582.9937, time  674.7, minPhero 0.01(232), stagnancy 67.7%
[35m[MSG][0m itr   546, best 5582.9937, time  675.9, minPhero 0.01(232), stagnancy 68.0%
[35m[MSG][0m itr   547, best 5582.9937, time  677.1, minPhero 0.01(232), stagnancy 68.3%
[35m[MSG][0m itr   548, best 5582.9937, time  678.2, minPhero 0.01(232), stagnancy 68.7%
[35m[MSG][0m itr   549, best 5582.9937, time  679.4, minPhero 0.01(232), stagnancy 69.0%
[35m[MSG][0m itr   550, best 5582.9937, time  680.6, minPhero 0.01(232), stagnancy 69.3%
[35m[MSG][0m itr   551, best 5582.9937, time  681.8, minPhero 0.01(232), stagnancy 69.7%
[35m[MSG][0m itr   552, best 5582.9937, time  683.0, minPhero 0.01(232), stagnancy 70.0%
[35m[MSG][0m itr   553, best 5582.9937, time  684.2, minPhero 0.01(232), stagnancy 70.3%
[35m[MSG][0m itr   554, best 5582.9937, time  685.4, minPhero 0.01(232), stagnancy 70.7%
[35m[MSG][0m itr   555, best 5582.9937, time  686.6, minPhero 0.01(232), stagnancy 71.0%
[35m[MSG][0m itr   556, best 5582.9937, time  687.8, minPhero 0.01(232), stagnancy 71.3%
[35m[MSG][0m itr   557, best 5582.9937, time  689.0, minPhero 0.01(232), stagnancy 71.7%
[35m[MSG][0m itr   558, best 5582.9937, time  690.2, minPhero 0.01(232), stagnancy 72.0%
[35m[MSG][0m itr   559, best 5582.9937, time  691.4, minPhero 0.01(232), stagnancy 72.3%
[35m[MSG][0m itr   560, best 5582.9937, time  692.5, minPhero 0.01(232), stagnancy 72.7%
[35m[MSG][0m itr   561, best 5582.9937, time  693.7, minPhero 0.01(232), stagnancy 73.0%
[35m[MSG][0m itr   562, best 5582.9937, time  694.9, minPhero 0.01(232), stagnancy 73.3%
[35m[MSG][0m itr   563, best 5582.9937, time  696.1, minPhero 0.01(232), stagnancy 73.7%
[35m[MSG][0m itr   564, best 5582.9937, time  697.3, minPhero 0.01(232), stagnancy 74.0%
[35m[MSG][0m itr   565, best 5582.9937, time  698.6, minPhero 0.01(232), stagnancy 74.3%
[35m[MSG][0m itr   566, best 5582.9937, time  699.8, minPhero 0.01(232), stagnancy 74.7%
[35m[MSG][0m itr   567, best 5582.9937, time  701.0, minPhero 0.01(232), stagnancy 75.0%
[35m[MSG][0m itr   568, best 5582.9937, time  702.2, minPhero 0.01(232), stagnancy 75.3%
[35m[MSG][0m itr   569, best 5582.9937, time  703.4, minPhero 0.01(232), stagnancy 75.7%
[35m[MSG][0m itr   570, best 5582.9937, time  704.6, minPhero 0.01(232), stagnancy 76.0%
[35m[MSG][0m itr   571, best 5582.9937, time  705.7, minPhero 0.01(232), stagnancy 76.3%
[35m[MSG][0m itr   572, best 5582.9937, time  706.9, minPhero 0.01(232), stagnancy 76.7%
[35m[MSG][0m itr   573, best 5582.9937, time  708.1, minPhero 0.01(232), stagnancy 77.0%
[35m[MSG][0m itr   574, best 5582.9937, time  709.3, minPhero 0.01(232), stagnancy 77.3%
[35m[MSG][0m itr   575, best 5582.9937, time  710.5, minPhero 0.01(232), stagnancy 77.7%
[35m[MSG][0m itr   576, best 5582.9937, time  711.7, minPhero 0.01(232), stagnancy 78.0%
[35m[MSG][0m itr   577, best 5582.9937, time  712.9, minPhero 0.01(232), stagnancy 78.3%
[35m[MSG][0m itr   578, best 5582.9937, time  714.1, minPhero 0.01(232), stagnancy 78.7%
[35m[MSG][0m itr   579, best 5582.9937, time  715.3, minPhero 0.01(232), stagnancy 79.0%
[35m[MSG][0m itr   580, best 5582.9937, time  716.5, minPhero 0.01(232), stagnancy 79.3%
[35m[MSG][0m itr   581, best 5582.9937, time  717.7, minPhero 0.01(232), stagnancy 79.7%
[35m[MSG][0m itr   582, best 5582.9937, time  718.9, minPhero 0.01(232), stagnancy 80.0%
[35m[MSG][0m itr   583, best 5582.9937, time  720.1, minPhero 0.01(232), stagnancy 80.3%
[35m[MSG][0m itr   584, best 5582.9937, time  721.3, minPhero 0.01(232), stagnancy 80.7%
[35m[MSG][0m itr   585, best 5582.9937, time  722.5, minPhero 0.01(232), stagnancy 81.0%
[35m[MSG][0m itr   586, best 5582.9937, time  723.7, minPhero 0.01(232), stagnancy 81.3%
[35m[MSG][0m itr   587, best 5582.9937, time  724.8, minPhero 0.01(232), stagnancy 81.7%
[35m[MSG][0m itr   588, best 5582.9937, time  726.0, minPhero 0.01(232), stagnancy 82.0%
[35m[MSG][0m itr   589, best 5582.9937, time  727.2, minPhero 0.01(232), stagnancy 82.3%
[35m[MSG][0m itr   590, best 5582.9937, time  728.4, minPhero 0.01(232), stagnancy 82.7%
[35m[MSG][0m itr   591, best 5582.9937, time  729.6, minPhero 0.01(232), stagnancy 83.0%
[35m[MSG][0m itr   592, best 5582.9937, time  730.8, minPhero 0.01(232), stagnancy 83.3%
[35m[MSG][0m itr   593, best 5582.9937, time  732.0, minPhero 0.01(232), stagnancy 83.7%
[35m[MSG][0m itr   594, best 5582.9937, time  733.2, minPhero 0.01(232), stagnancy 84.0%
[35m[MSG][0m itr   595, best 5582.9937, time  734.4, minPhero 0.01(232), stagnancy 84.3%
[35m[MSG][0m itr   596, best 5582.9937, time  735.5, minPhero 0.01(232), stagnancy 84.7%
[35m[MSG][0m itr   597, best 5582.9937, time  736.7, minPhero 0.01(232), stagnancy 85.0%
[35m[MSG][0m itr   598, best 5582.9937, time  737.9, minPhero 0.01(232), stagnancy 85.3%
[35m[MSG][0m itr   599, best 5582.9937, time  739.1, minPhero 0.01(232), stagnancy 85.7%
[35m[MSG][0m itr   600, best 5582.9937, time  740.3, minPhero 0.01(232), stagnancy 86.0%
[35m[MSG][0m itr   601, best 5582.9937, time  741.5, minPhero 0.01(232), stagnancy 86.3%
[35m[MSG][0m itr   602, best 5582.9937, time  742.7, minPhero 0.01(232), stagnancy 86.7%
[35m[MSG][0m itr   603, best 5582.9937, time  743.9, minPhero 0.01(232), stagnancy 87.0%
[35m[MSG][0m itr   604, best 5582.9937, time  745.1, minPhero 0.01(232), stagnancy 87.3%
[35m[MSG][0m itr   605, best 5582.9937, time  746.2, minPhero 0.01(232), stagnancy 87.7%
[35m[MSG][0m itr   606, best 5582.9937, time  747.4, minPhero 0.01(232), stagnancy 88.0%
[35m[MSG][0m itr   607, best 5582.9937, time  748.6, minPhero 0.01(232), stagnancy 88.3%
[35m[MSG][0m itr   608, best 5582.9937, time  749.8, minPhero 0.01(232), stagnancy 88.7%
[35m[MSG][0m itr   609, best 5582.9937, time  751.0, minPhero 0.01(232), stagnancy 89.0%
[35m[MSG][0m itr   610, best 5582.9937, time  752.2, minPhero 0.01(232), stagnancy 89.3%
[35m[MSG][0m itr   611, best 5582.9937, time  753.4, minPhero 0.01(232), stagnancy 89.7%
[35m[MSG][0m itr   612, best 5582.9937, time  754.5, minPhero 0.01(232), stagnancy 90.0%
[35m[MSG][0m itr   613, best 5582.9937, time  755.7, minPhero 0.01(232), stagnancy 90.3%
[35m[MSG][0m itr   614, best 5582.9937, time  756.9, minPhero 0.01(232), stagnancy 90.7%
[35m[MSG][0m itr   615, best 5582.9937, time  758.1, minPhero 0.01(232), stagnancy 91.0%
[35m[MSG][0m itr   616, best 5582.9937, time  759.2, minPhero 0.01(232), stagnancy 91.3%
[35m[MSG][0m itr   617, best 5582.9937, time  760.4, minPhero 0.01(232), stagnancy 91.7%
[35m[MSG][0m itr   618, best 5582.9937, time  761.6, minPhero 0.01(232), stagnancy 92.0%
[35m[MSG][0m itr   619, best 5582.9937, time  762.8, minPhero 0.01(232), stagnancy 92.3%
[35m[MSG][0m itr   620, best 5582.9937, time  764.0, minPhero 0.01(232), stagnancy 92.7%
[35m[MSG][0m itr   621, best 5582.9937, time  765.2, minPhero 0.01(232), stagnancy 93.0%
[35m[MSG][0m itr   622, best 5582.9937, time  766.4, minPhero 0.01(232), stagnancy 93.3%
[35m[MSG][0m itr   623, best 5582.9937, time  767.6, minPhero 0.01(232), stagnancy 93.7%
[35m[MSG][0m itr   624, best 5582.9937, time  768.8, minPhero 0.01(232), stagnancy 94.0%
[35m[MSG][0m itr   625, best 5582.9937, time  770.0, minPhero 0.01(232), stagnancy 94.3%
[35m[MSG][0m itr   626, best 5582.9937, time  771.2, minPhero 0.01(232), stagnancy 94.7%
[35m[MSG][0m itr   627, best 5582.9937, time  772.4, minPhero 0.01(232), stagnancy 95.0%
[35m[MSG][0m itr   628, best 5582.9937, time  773.6, minPhero 0.01(232), stagnancy 95.3%
[35m[MSG][0m itr   629, best 5582.9937, time  774.8, minPhero 0.01(232), stagnancy 95.7%
[35m[MSG][0m itr   630, best 5582.9937, time  776.0, minPhero 0.01(232), stagnancy 96.0%
[35m[MSG][0m itr   631, best 5582.9937, time  777.0, minPhero 0.01(232), stagnancy 96.3%
[35m[MSG][0m itr   632, best 5582.9937, time  778.2, minPhero 0.01(232), stagnancy 96.7%
[35m[MSG][0m itr   633, best 5582.9937, time  779.3, minPhero 0.01(232), stagnancy 97.0%
[35m[MSG][0m itr   634, best 5582.9937, time  780.5, minPhero 0.01(232), stagnancy 97.3%
[35m[MSG][0m itr   635, best 5582.9937, time  781.7, minPhero 0.01(232), stagnancy 97.7%
[35m[MSG][0m itr   636, best 5582.9937, time  783.0, minPhero 0.01(232), stagnancy 98.0%
[35m[MSG][0m itr   637, best 5582.9937, time  784.1, minPhero 0.01(232), stagnancy 98.3%
[35m[MSG][0m itr   638, best 5582.9937, time  785.3, minPhero 0.01(232), stagnancy 98.7%
[35m[MSG][0m itr   639, best 5582.9937, time  786.5, minPhero 0.01(232), stagnancy 99.0%
[35m[MSG][0m itr   640, best 5582.9937, time  787.8, minPhero 0.01(232), stagnancy 99.3%
[35m[MSG][0m itr   641, best 5582.9937, time  788.9, minPhero 0.01(232), stagnancy 99.7%
[35m[MSG][0m itr   642, best 5582.9937, time  790.2, minPhero 0.01(232), stagnancy 100.0%
[35m[MSG][0m Solution converged. Reinitialising pheromones...
[35m[MSG][0m Time: 790.15 s
[35m[MSG][0m Best cost: 5582.99
