[35m[MSG][0m Log level set to LOG_DEBUG
[35m[MSG][0m Parsing input from file "res/fruitybun250_2016.vrp"
[35m[MSG][0m Number of nodes: 250
[35m[MSG][0m Running ACO search
[35m[MSG][0m ACO settings: 
 alpha:     8.000
 beta:      1.000
 pers:      0.870
 minPhero:  0.015
 nbhood:    10
 popSize:   256
 maxStag:   300
[35m[MSG][0m itr     1, best 5758.8511, time    0.6, minPhero 0.87(28922), stagnancy 0.0%
[35m[MSG][0m itr     2, best 5758.8511, time    1.2, minPhero 0.76(28922), stagnancy 0.3%
[35m[MSG][0m itr     3, best 5758.8511, time    1.8, minPhero 0.66(28922), stagnancy 0.7%
[35m[MSG][0m itr     4, best 5758.8511, time    2.4, minPhero 0.57(28922), stagnancy 1.0%
[35m[MSG][0m itr     5, best 5726.6724, time    3.0, minPhero 0.50(28922), stagnancy 0.0%
[35m[MSG][0m itr     6, best 5726.6724, time    3.6, minPhero 0.43(28922), stagnancy 0.3%
[35m[MSG][0m itr     7, best 5713.8193, time    4.2, minPhero 0.38(28922), stagnancy 0.0%
[35m[MSG][0m itr     8, best 5713.8193, time    4.8, minPhero 0.33(28922), stagnancy 0.3%
[35m[MSG][0m itr     9, best 5713.8193, time    5.3, minPhero 0.29(28922), stagnancy 0.7%
[35m[MSG][0m itr    10, best 5713.8193, time    5.9, minPhero 0.25(28922), stagnancy 1.0%
[35m[MSG][0m itr    11, best 5713.8193, time    6.5, minPhero 0.22(28922), stagnancy 1.3%
[35m[MSG][0m itr    12, best 5706.7114, time    7.0, minPhero 0.19(28922), stagnancy 0.0%
[35m[MSG][0m itr    13, best 5706.7114, time    7.7, minPhero 0.16(28922), stagnancy 0.3%
[35m[MSG][0m itr    14, best 5670.0352, time    8.3, minPhero 0.14(28922), stagnancy 0.0%
[35m[MSG][0m itr    15, best 5670.0352, time    8.9, minPhero 0.12(28922), stagnancy 0.3%
[35m[MSG][0m itr    16, best 5670.0352, time    9.6, minPhero 0.11(28922), stagnancy 0.7%
[35m[MSG][0m itr    17, best 5670.0352, time   10.2, minPhero 0.09(28922), stagnancy 1.0%
[35m[MSG][0m itr    18, best 5663.0156, time   10.8, minPhero 0.08(28922), stagnancy 0.0%
[35m[MSG][0m itr    19, best 5663.0156, time   11.5, minPhero 0.07(28922), stagnancy 0.3%
[35m[MSG][0m itr    20, best 5663.0156, time   12.1, minPhero 0.06(28922), stagnancy 0.7%
[35m[MSG][0m itr    21, best 5663.0156, time   12.7, minPhero 0.05(28922), stagnancy 1.0%
[35m[MSG][0m itr    22, best 5663.0156, time   13.3, minPhero 0.05(28922), stagnancy 1.3%
[35m[MSG][0m itr    23, best 5663.0156, time   14.0, minPhero 0.04(28922), stagnancy 1.7%
[35m[MSG][0m itr    24, best 5645.4541, time   14.6, minPhero 0.04(28922), stagnancy 0.0%
[35m[MSG][0m itr    25, best 5641.5674, time   15.2, minPhero 0.03(28922), stagnancy 0.0%
[35m[MSG][0m itr    26, best 5638.9956, time   15.8, minPhero 0.03(28922), stagnancy 0.0%
[35m[MSG][0m itr    27, best 5638.9956, time   16.4, minPhero 0.02(560), stagnancy 0.3%
[35m[MSG][0m itr    28, best 5638.9956, time   17.0, minPhero 0.02(560), stagnancy 0.7%
[35m[MSG][0m itr    29, best 5638.9956, time   17.7, minPhero 0.02(560), stagnancy 1.0%
[35m[MSG][0m itr    30, best 5636.2920, time   18.3, minPhero 0.02(525), stagnancy 0.0%
[35m[MSG][0m itr    31, best 5636.2920, time   18.9, minPhero 0.01(474), stagnancy 0.3%
[35m[MSG][0m itr    32, best 5634.7280, time   19.6, minPhero 0.01(481), stagnancy 0.0%
[35m[MSG][0m itr    33, best 5634.7280, time   20.2, minPhero 0.01(474), stagnancy 0.3%
[35m[MSG][0m itr    34, best 5627.6123, time   20.8, minPhero 0.01(446), stagnancy 0.0%
[35m[MSG][0m itr    35, best 5627.6123, time   21.4, minPhero 0.01(433), stagnancy 0.3%
[35m[MSG][0m itr    36, best 5625.5845, time   22.0, minPhero 0.01(403), stagnancy 0.0%
[35m[MSG][0m itr    37, best 5625.5845, time   22.7, minPhero 0.01(389), stagnancy 0.3%
[35m[MSG][0m itr    38, best 5620.9062, time   23.3, minPhero 0.01(382), stagnancy 0.0%
[35m[MSG][0m itr    39, best 5620.9062, time   23.9, minPhero 0.01(352), stagnancy 0.3%
[35m[MSG][0m itr    40, best 5620.9062, time   24.5, minPhero 0.01(345), stagnancy 0.7%
[35m[MSG][0m itr    41, best 5620.9062, time   25.1, minPhero 0.01(342), stagnancy 1.0%
[35m[MSG][0m itr    42, best 5619.5015, time   25.8, minPhero 0.01(338), stagnancy 0.0%
[35m[MSG][0m itr    43, best 5619.5015, time   26.4, minPhero 0.01(335), stagnancy 0.3%
[35m[MSG][0m itr    44, best 5617.5786, time   27.0, minPhero 0.01(341), stagnancy 0.0%
[35m[MSG][0m itr    45, best 5615.6636, time   27.6, minPhero 0.01(339), stagnancy 0.0%
[35m[MSG][0m itr    46, best 5615.6636, time   28.3, minPhero 0.01(334), stagnancy 0.3%
[35m[MSG][0m itr    47, best 5615.5981, time   28.9, minPhero 0.01(333), stagnancy 0.0%
[35m[MSG][0m itr    48, best 5615.5981, time   29.5, minPhero 0.01(331), stagnancy 0.3%
[35m[MSG][0m itr    49, best 5611.1206, time   30.1, minPhero 0.01(325), stagnancy 0.0%
[35m[MSG][0m itr    50, best 5611.1206, time   30.7, minPhero 0.01(314), stagnancy 0.3%
[35m[MSG][0m itr    51, best 5611.1206, time   31.3, minPhero 0.01(308), stagnancy 0.7%
[35m[MSG][0m itr    52, best 5611.1206, time   31.9, minPhero 0.01(303), stagnancy 1.0%
[35m[MSG][0m itr    53, best 5611.1206, time   32.5, minPhero 0.01(301), stagnancy 1.3%
[35m[MSG][0m itr    54, best 5611.0181, time   33.1, minPhero 0.01(296), stagnancy 0.0%
[35m[MSG][0m itr    55, best 5610.9702, time   33.8, minPhero 0.01(296), stagnancy 0.0%
[35m[MSG][0m itr    56, best 5610.9702, time   34.4, minPhero 0.01(290), stagnancy 0.3%
[35m[MSG][0m itr    57, best 5610.9697, time   35.0, minPhero 0.01(283), stagnancy 0.0%
[35m[MSG][0m itr    58, best 5609.0493, time   35.6, minPhero 0.01(281), stagnancy 0.0%
[35m[MSG][0m itr    59, best 5609.0493, time   36.2, minPhero 0.01(278), stagnancy 0.3%
[35m[MSG][0m itr    60, best 5609.0493, time   36.8, minPhero 0.01(276), stagnancy 0.7%
[35m[MSG][0m itr    61, best 5609.0493, time   37.4, minPhero 0.01(273), stagnancy 1.0%
[35m[MSG][0m itr    62, best 5609.0493, time   38.0, minPhero 0.01(269), stagnancy 1.3%
[35m[MSG][0m itr    63, best 5609.0493, time   38.6, minPhero 0.01(268), stagnancy 1.7%
[35m[MSG][0m itr    64, best 5607.3804, time   39.3, minPhero 0.01(272), stagnancy 0.0%
[35m[MSG][0m itr    65, best 5607.3804, time   39.9, minPhero 0.01(270), stagnancy 0.3%
[35m[MSG][0m itr    66, best 5607.3804, time   40.5, minPhero 0.01(270), stagnancy 0.7%
[35m[MSG][0m itr    67, best 5607.3804, time   41.1, minPhero 0.01(269), stagnancy 1.0%
[35m[MSG][0m itr    68, best 5605.7300, time   41.8, minPhero 0.01(279), stagnancy 0.0%
[35m[MSG][0m itr    69, best 5605.7300, time   42.4, minPhero 0.01(277), stagnancy 0.3%
[35m[MSG][0m itr    70, best 5605.7300, time   43.0, minPhero 0.01(273), stagnancy 0.7%
[35m[MSG][0m itr    71, best 5605.7300, time   43.6, minPhero 0.01(263), stagnancy 1.0%
[35m[MSG][0m itr    72, best 5605.7300, time   44.2, minPhero 0.01(263), stagnancy 1.3%
[35m[MSG][0m itr    73, best 5605.7300, time   44.9, minPhero 0.01(263), stagnancy 1.7%
[35m[MSG][0m itr    74, best 5605.7300, time   45.5, minPhero 0.01(259), stagnancy 2.0%
[35m[MSG][0m itr    75, best 5605.7300, time   46.1, minPhero 0.01(259), stagnancy 2.3%
[35m[MSG][0m itr    76, best 5605.7300, time   46.7, minPhero 0.01(258), stagnancy 2.7%
[35m[MSG][0m itr    77, best 5605.7300, time   47.3, minPhero 0.01(257), stagnancy 3.0%
[35m[MSG][0m itr    78, best 5604.8306, time   48.0, minPhero 0.01(262), stagnancy 0.0%
[35m[MSG][0m itr    79, best 5604.8306, time   48.6, minPhero 0.01(262), stagnancy 0.3%
[35m[MSG][0m itr    80, best 5604.8306, time   49.2, minPhero 0.01(262), stagnancy 0.7%
[35m[MSG][0m itr    81, best 5604.8306, time   49.8, minPhero 0.01(260), stagnancy 1.0%
[35m[MSG][0m itr    82, best 5604.3970, time   50.4, minPhero 0.01(255), stagnancy 0.0%
[35m[MSG][0m itr    83, best 5604.3970, time   51.0, minPhero 0.01(254), stagnancy 0.3%
[35m[MSG][0m itr    84, best 5604.3960, time   51.6, minPhero 0.01(254), stagnancy 0.0%
[35m[MSG][0m itr    85, best 5604.3960, time   52.3, minPhero 0.01(254), stagnancy 0.3%
[35m[MSG][0m itr    86, best 5603.1108, time   52.9, minPhero 0.01(256), stagnancy 0.0%
[35m[MSG][0m itr    87, best 5603.1108, time   53.5, minPhero 0.01(254), stagnancy 0.3%
[35m[MSG][0m itr    88, best 5603.1108, time   54.1, minPhero 0.01(251), stagnancy 0.7%
[35m[MSG][0m itr    89, best 5603.1108, time   54.8, minPhero 0.01(251), stagnancy 1.0%
[35m[MSG][0m itr    90, best 5603.1108, time   55.3, minPhero 0.01(248), stagnancy 1.3%
[35m[MSG][0m itr    91, best 5603.1108, time   56.0, minPhero 0.01(248), stagnancy 1.7%
[35m[MSG][0m itr    92, best 5603.1104, time   56.6, minPhero 0.01(246), stagnancy 0.0%
[35m[MSG][0m itr    93, best 5603.1104, time   57.2, minPhero 0.01(246), stagnancy 0.3%
[35m[MSG][0m itr    94, best 5602.9600, time   57.8, minPhero 0.01(244), stagnancy 0.0%
[35m[MSG][0m itr    95, best 5602.2739, time   58.4, minPhero 0.01(249), stagnancy 0.0%
[35m[MSG][0m itr    96, best 5602.2739, time   59.0, minPhero 0.01(249), stagnancy 0.3%
[35m[MSG][0m itr    97, best 5602.2739, time   59.7, minPhero 0.01(249), stagnancy 0.7%
[35m[MSG][0m itr    98, best 5602.2734, time   60.3, minPhero 0.01(249), stagnancy 0.0%
[35m[MSG][0m itr    99, best 5602.2734, time   60.9, minPhero 0.01(249), stagnancy 0.3%
[35m[MSG][0m itr   100, best 5602.2734, time   61.5, minPhero 0.01(249), stagnancy 0.7%
[35m[MSG][0m itr   101, best 5600.7036, time   62.1, minPhero 0.01(256), stagnancy 0.0%
[35m[MSG][0m itr   102, best 5600.7036, time   62.7, minPhero 0.01(256), stagnancy 0.3%
[35m[MSG][0m itr   103, best 5600.7036, time   63.3, minPhero 0.01(255), stagnancy 0.7%
[35m[MSG][0m itr   104, best 5598.8677, time   63.9, minPhero 0.01(251), stagnancy 0.0%
[35m[MSG][0m itr   105, best 5598.8677, time   64.6, minPhero 0.01(251), stagnancy 0.3%
[35m[MSG][0m itr   106, best 5598.1538, time   65.2, minPhero 0.01(252), stagnancy 0.0%
[35m[MSG][0m itr   107, best 5598.1538, time   65.8, minPhero 0.01(250), stagnancy 0.3%
[35m[MSG][0m itr   108, best 5598.0278, time   66.4, minPhero 0.01(253), stagnancy 0.0%
[35m[MSG][0m itr   109, best 5597.3809, time   67.0, minPhero 0.01(257), stagnancy 0.0%
[35m[MSG][0m itr   110, best 5596.4067, time   67.6, minPhero 0.01(257), stagnancy 0.0%
[35m[MSG][0m itr   111, best 5596.4067, time   68.3, minPhero 0.01(257), stagnancy 0.3%
[35m[MSG][0m itr   112, best 5596.3081, time   68.9, minPhero 0.01(257), stagnancy 0.0%
[35m[MSG][0m itr   113, best 5596.3081, time   69.5, minPhero 0.01(257), stagnancy 0.3%
[35m[MSG][0m itr   114, best 5596.3081, time   70.1, minPhero 0.01(257), stagnancy 0.7%
[35m[MSG][0m itr   115, best 5596.3081, time   70.7, minPhero 0.01(257), stagnancy 1.0%
[35m[MSG][0m itr   116, best 5596.2554, time   71.3, minPhero 0.01(260), stagnancy 0.0%
[35m[MSG][0m itr   117, best 5596.2554, time   71.9, minPhero 0.01(260), stagnancy 0.3%
[35m[MSG][0m itr   118, best 5596.2544, time   72.5, minPhero 0.01(260), stagnancy 0.0%
[35m[MSG][0m itr   119, best 5596.1040, time   73.1, minPhero 0.01(262), stagnancy 0.0%
[35m[MSG][0m itr   120, best 5596.1040, time   73.8, minPhero 0.01(262), stagnancy 0.3%
[35m[MSG][0m itr   121, best 5596.1040, time   74.4, minPhero 0.01(256), stagnancy 0.7%
[35m[MSG][0m itr   122, best 5596.1040, time   75.0, minPhero 0.01(251), stagnancy 1.0%
[35m[MSG][0m itr   123, best 5596.1016, time   75.6, minPhero 0.01(251), stagnancy 0.0%
[35m[MSG][0m itr   124, best 5596.1016, time   76.3, minPhero 0.01(250), stagnancy 0.3%
[35m[MSG][0m itr   125, best 5596.1016, time   76.9, minPhero 0.01(250), stagnancy 0.7%
[35m[MSG][0m itr   126, best 5596.1016, time   77.5, minPhero 0.01(250), stagnancy 1.0%
[35m[MSG][0m itr   127, best 5594.5728, time   78.1, minPhero 0.01(257), stagnancy 0.0%
[35m[MSG][0m itr   128, best 5594.5728, time   78.8, minPhero 0.01(257), stagnancy 0.3%
[35m[MSG][0m itr   129, best 5590.9517, time   79.4, minPhero 0.01(261), stagnancy 0.0%
[35m[MSG][0m itr   130, best 5590.9517, time   80.0, minPhero 0.01(259), stagnancy 0.3%
[35m[MSG][0m itr   131, best 5590.9517, time   80.6, minPhero 0.01(256), stagnancy 0.7%
[35m[MSG][0m itr   132, best 5590.9512, time   81.2, minPhero 0.01(256), stagnancy 0.0%
[35m[MSG][0m itr   133, best 5590.9512, time   81.8, minPhero 0.01(256), stagnancy 0.3%
[35m[MSG][0m itr   134, best 5590.9512, time   82.5, minPhero 0.01(254), stagnancy 0.7%
[35m[MSG][0m itr   135, best 5590.9512, time   83.1, minPhero 0.01(254), stagnancy 1.0%
[35m[MSG][0m itr   136, best 5590.9512, time   83.7, minPhero 0.01(254), stagnancy 1.3%
[35m[MSG][0m itr   137, best 5589.5269, time   84.3, minPhero 0.01(258), stagnancy 0.0%
[35m[MSG][0m itr   138, best 5588.3208, time   85.0, minPhero 0.01(258), stagnancy 0.0%
[35m[MSG][0m itr   139, best 5585.5581, time   85.6, minPhero 0.01(262), stagnancy 0.0%
[35m[MSG][0m itr   140, best 5585.5581, time   86.2, minPhero 0.01(262), stagnancy 0.3%
[35m[MSG][0m itr   141, best 5585.5581, time   86.8, minPhero 0.01(262), stagnancy 0.7%
[35m[MSG][0m itr   142, best 5585.3442, time   87.4, minPhero 0.01(261), stagnancy 0.0%
[35m[MSG][0m itr   143, best 5582.0796, time   88.0, minPhero 0.01(262), stagnancy 0.0%
[35m[MSG][0m itr   144, best 5582.0796, time   88.6, minPhero 0.01(262), stagnancy 0.3%
[35m[MSG][0m itr   145, best 5582.0796, time   89.2, minPhero 0.01(257), stagnancy 0.7%
[35m[MSG][0m itr   146, best 5582.0796, time   89.8, minPhero 0.01(257), stagnancy 1.0%
[35m[MSG][0m itr   147, best 5581.9297, time   90.4, minPhero 0.01(256), stagnancy 0.0%
[35m[MSG][0m itr   148, best 5581.9297, time   91.1, minPhero 0.01(256), stagnancy 0.3%
[35m[MSG][0m itr   149, best 5581.9297, time   91.7, minPhero 0.01(256), stagnancy 0.7%
[35m[MSG][0m itr   150, best 5581.9297, time   92.3, minPhero 0.01(252), stagnancy 1.0%
[35m[MSG][0m itr   151, best 5581.9292, time   92.9, minPhero 0.01(250), stagnancy 0.0%
[35m[MSG][0m itr   152, best 5581.9292, time   93.6, minPhero 0.01(250), stagnancy 0.3%
[35m[MSG][0m itr   153, best 5581.9268, time   94.2, minPhero 0.01(247), stagnancy 0.0%
[35m[MSG][0m itr   154, best 5581.9268, time   94.8, minPhero 0.01(247), stagnancy 0.3%
[35m[MSG][0m itr   155, best 5581.9268, time   95.4, minPhero 0.01(247), stagnancy 0.7%
[35m[MSG][0m itr   156, best 5581.9268, time   96.0, minPhero 0.01(246), stagnancy 1.0%
[35m[MSG][0m itr   157, best 5581.9268, time   96.6, minPhero 0.01(246), stagnancy 1.3%
[35m[MSG][0m itr   158, best 5581.9268, time   97.2, minPhero 0.01(245), stagnancy 1.7%
[35m[MSG][0m itr   159, best 5581.9268, time   97.8, minPhero 0.01(245), stagnancy 2.0%
[35m[MSG][0m itr   160, best 5581.9268, time   98.5, minPhero 0.01(243), stagnancy 2.3%
[35m[MSG][0m itr   161, best 5581.9268, time   99.1, minPhero 0.01(243), stagnancy 2.7%
[35m[MSG][0m itr   162, best 5581.9268, time   99.7, minPhero 0.01(238), stagnancy 3.0%
[35m[MSG][0m itr   163, best 5581.9268, time  100.3, minPhero 0.01(236), stagnancy 3.3%
[35m[MSG][0m itr   164, best 5576.7378, time  101.0, minPhero 0.01(249), stagnancy 0.0%
[35m[MSG][0m itr   165, best 5576.7378, time  101.6, minPhero 0.01(248), stagnancy 0.3%
[35m[MSG][0m itr   166, best 5576.7378, time  102.2, minPhero 0.01(248), stagnancy 0.7%
[35m[MSG][0m itr   167, best 5576.7378, time  102.8, minPhero 0.01(248), stagnancy 1.0%
[35m[MSG][0m itr   168, best 5575.4888, time  103.4, minPhero 0.01(248), stagnancy 0.0%
[35m[MSG][0m itr   169, best 5575.4888, time  104.0, minPhero 0.01(248), stagnancy 0.3%
[35m[MSG][0m itr   170, best 5575.4888, time  104.6, minPhero 0.01(248), stagnancy 0.7%
[35m[MSG][0m itr   171, best 5575.4888, time  105.2, minPhero 0.01(248), stagnancy 1.0%
[35m[MSG][0m itr   172, best 5575.4888, time  105.8, minPhero 0.01(248), stagnancy 1.3%
[35m[MSG][0m itr   173, best 5575.4888, time  106.4, minPhero 0.01(246), stagnancy 1.7%
[35m[MSG][0m itr   174, best 5575.4888, time  106.9, minPhero 0.01(246), stagnancy 2.0%
[35m[MSG][0m itr   175, best 5575.4888, time  107.5, minPhero 0.01(246), stagnancy 2.3%
[35m[MSG][0m itr   176, best 5575.4888, time  108.1, minPhero 0.01(246), stagnancy 2.7%
[35m[MSG][0m itr   177, best 5575.4888, time  108.7, minPhero 0.01(246), stagnancy 3.0%
[35m[MSG][0m itr   178, best 5575.4888, time  109.3, minPhero 0.01(246), stagnancy 3.3%
[35m[MSG][0m itr   179, best 5575.4888, time  110.0, minPhero 0.01(245), stagnancy 3.7%
[35m[MSG][0m itr   180, best 5575.4888, time  110.6, minPhero 0.01(245), stagnancy 4.0%
[35m[MSG][0m itr   181, best 5575.4888, time  111.2, minPhero 0.01(245), stagnancy 4.3%
[35m[MSG][0m itr   182, best 5573.9258, time  111.8, minPhero 0.01(247), stagnancy 0.0%
[35m[MSG][0m itr   183, best 5573.9258, time  112.4, minPhero 0.01(247), stagnancy 0.3%
[35m[MSG][0m itr   184, best 5573.9258, time  113.0, minPhero 0.01(247), stagnancy 0.7%
[35m[MSG][0m itr   185, best 5573.9258, time  113.7, minPhero 0.01(247), stagnancy 1.0%
[35m[MSG][0m itr   186, best 5570.5405, time  114.3, minPhero 0.01(259), stagnancy 0.0%
[35m[MSG][0m itr   187, best 5570.5405, time  114.9, minPhero 0.01(259), stagnancy 0.3%
[35m[MSG][0m itr   188, best 5570.5405, time  115.5, minPhero 0.01(258), stagnancy 0.7%
[35m[MSG][0m itr   189, best 5570.5405, time  116.1, minPhero 0.01(258), stagnancy 1.0%
[35m[MSG][0m itr   190, best 5570.5405, time  116.8, minPhero 0.01(248), stagnancy 1.3%
[35m[MSG][0m itr   191, best 5570.5400, time  117.4, minPhero 0.01(248), stagnancy 0.0%
[35m[MSG][0m itr   192, best 5570.5400, time  118.0, minPhero 0.01(248), stagnancy 0.3%
[35m[MSG][0m itr   193, best 5570.5400, time  118.6, minPhero 0.01(248), stagnancy 0.7%
[35m[MSG][0m itr   194, best 5570.3691, time  119.3, minPhero 0.01(252), stagnancy 0.0%
[35m[MSG][0m itr   195, best 5569.7612, time  119.9, minPhero 0.01(254), stagnancy 0.0%
[35m[MSG][0m itr   196, best 5569.7612, time  120.5, minPhero 0.01(254), stagnancy 0.3%
[35m[MSG][0m itr   197, best 5568.8369, time  121.1, minPhero 0.01(254), stagnancy 0.0%
[35m[MSG][0m itr   198, best 5568.8369, time  121.8, minPhero 0.01(254), stagnancy 0.3%
[35m[MSG][0m itr   199, best 5568.8369, time  122.4, minPhero 0.01(254), stagnancy 0.7%
[35m[MSG][0m itr   200, best 5568.8369, time  123.0, minPhero 0.01(254), stagnancy 1.0%
[35m[MSG][0m itr   201, best 5568.8369, time  123.6, minPhero 0.01(254), stagnancy 1.3%
[35m[MSG][0m itr   202, best 5568.8364, time  124.2, minPhero 0.01(254), stagnancy 0.0%
[35m[MSG][0m itr   203, best 5568.8364, time  124.8, minPhero 0.01(254), stagnancy 0.3%
[35m[MSG][0m itr   204, best 5568.8364, time  125.4, minPhero 0.01(254), stagnancy 0.7%
[35m[MSG][0m itr   205, best 5568.8364, time  126.0, minPhero 0.01(254), stagnancy 1.0%
[35m[MSG][0m itr   206, best 5568.8364, time  126.7, minPhero 0.01(252), stagnancy 1.3%
[35m[MSG][0m itr   207, best 5568.8364, time  127.2, minPhero 0.01(246), stagnancy 1.7%
[35m[MSG][0m itr   208, best 5568.8364, time  127.9, minPhero 0.01(246), stagnancy 2.0%
[35m[MSG][0m itr   209, best 5568.8364, time  128.5, minPhero 0.01(246), stagnancy 2.3%
[35m[MSG][0m itr   210, best 5568.8364, time  129.1, minPhero 0.01(246), stagnancy 2.7%
[35m[MSG][0m itr   211, best 5568.8364, time  129.7, minPhero 0.01(246), stagnancy 3.0%
[35m[MSG][0m itr   212, best 5568.8364, time  130.3, minPhero 0.01(236), stagnancy 3.3%
[35m[MSG][0m itr   213, best 5568.8364, time  131.0, minPhero 0.01(234), stagnancy 3.7%
[35m[MSG][0m itr   214, best 5568.8364, time  131.6, minPhero 0.01(234), stagnancy 4.0%
[35m[MSG][0m itr   215, best 5568.8364, time  132.2, minPhero 0.01(234), stagnancy 4.3%
[35m[MSG][0m itr   216, best 5568.8364, time  132.8, minPhero 0.01(234), stagnancy 4.7%
[35m[MSG][0m itr   217, best 5568.8364, time  133.4, minPhero 0.01(233), stagnancy 5.0%
[35m[MSG][0m itr   218, best 5568.8364, time  134.0, minPhero 0.01(233), stagnancy 5.3%
[35m[MSG][0m itr   219, best 5568.8364, time  134.6, minPhero 0.01(233), stagnancy 5.7%
[35m[MSG][0m itr   220, best 5568.8364, time  135.3, minPhero 0.01(232), stagnancy 6.0%
[35m[MSG][0m itr   221, best 5567.8286, time  135.9, minPhero 0.01(237), stagnancy 0.0%
[35m[MSG][0m itr   222, best 5567.8286, time  136.5, minPhero 0.01(237), stagnancy 0.3%
[35m[MSG][0m itr   223, best 5567.8286, time  137.1, minPhero 0.01(237), stagnancy 0.7%
[35m[MSG][0m itr   224, best 5567.8286, time  137.8, minPhero 0.01(237), stagnancy 1.0%
[35m[MSG][0m itr   225, best 5567.8281, time  138.4, minPhero 0.01(237), stagnancy 0.0%
[35m[MSG][0m itr   226, best 5567.8281, time  139.0, minPhero 0.01(237), stagnancy 0.3%
[35m[MSG][0m itr   227, best 5567.8281, time  139.6, minPhero 0.01(237), stagnancy 0.7%
[35m[MSG][0m itr   228, best 5567.8281, time  140.2, minPhero 0.01(237), stagnancy 1.0%
[35m[MSG][0m itr   229, best 5567.8281, time  140.9, minPhero 0.01(237), stagnancy 1.3%
[35m[MSG][0m itr   230, best 5567.8281, time  141.5, minPhero 0.01(237), stagnancy 1.7%
[35m[MSG][0m itr   231, best 5567.8281, time  142.1, minPhero 0.01(237), stagnancy 2.0%
[35m[MSG][0m itr   232, best 5567.8281, time  142.7, minPhero 0.01(237), stagnancy 2.3%
[35m[MSG][0m itr   233, best 5567.8281, time  143.3, minPhero 0.01(237), stagnancy 2.7%
[35m[MSG][0m itr   234, best 5567.8281, time  143.9, minPhero 0.01(237), stagnancy 3.0%
[35m[MSG][0m itr   235, best 5567.8281, time  144.6, minPhero 0.01(237), stagnancy 3.3%
[35m[MSG][0m itr   236, best 5567.8281, time  145.2, minPhero 0.01(237), stagnancy 3.7%
[35m[MSG][0m itr   237, best 5567.8281, time  145.8, minPhero 0.01(237), stagnancy 4.0%
[35m[MSG][0m itr   238, best 5567.8281, time  146.4, minPhero 0.01(237), stagnancy 4.3%
[35m[MSG][0m itr   239, best 5567.8281, time  147.0, minPhero 0.01(237), stagnancy 4.7%
[35m[MSG][0m itr   240, best 5567.8281, time  147.7, minPhero 0.01(237), stagnancy 5.0%
[35m[MSG][0m itr   241, best 5567.8281, time  148.3, minPhero 0.01(237), stagnancy 5.3%
[35m[MSG][0m itr   242, best 5567.8281, time  148.9, minPhero 0.01(237), stagnancy 5.7%
[35m[MSG][0m itr   243, best 5567.8281, time  149.5, minPhero 0.01(237), stagnancy 6.0%
[35m[MSG][0m itr   244, best 5567.8281, time  150.1, minPhero 0.01(237), stagnancy 6.3%
[35m[MSG][0m itr   245, best 5567.8281, time  150.7, minPhero 0.01(237), stagnancy 6.7%
[35m[MSG][0m itr   246, best 5567.8281, time  151.4, minPhero 0.01(237), stagnancy 7.0%
[35m[MSG][0m itr   247, best 5567.8281, time  152.0, minPhero 0.01(232), stagnancy 7.3%
[35m[MSG][0m itr   248, best 5567.8281, time  152.6, minPhero 0.01(232), stagnancy 7.7%
[35m[MSG][0m itr   249, best 5567.8281, time  153.2, minPhero 0.01(232), stagnancy 8.0%
[35m[MSG][0m itr   250, best 5567.8281, time  153.8, minPhero 0.01(232), stagnancy 8.3%
[35m[MSG][0m itr   251, best 5567.8281, time  154.4, minPhero 0.01(232), stagnancy 8.7%
[35m[MSG][0m itr   252, best 5567.8281, time  155.0, minPhero 0.01(232), stagnancy 9.0%
[35m[MSG][0m itr   253, best 5567.8281, time  155.7, minPhero 0.01(232), stagnancy 9.3%
[35m[MSG][0m itr   254, best 5567.8281, time  156.3, minPhero 0.01(232), stagnancy 9.7%
[35m[MSG][0m itr   255, best 5567.8281, time  156.9, minPhero 0.01(232), stagnancy 10.0%
[35m[MSG][0m itr   256, best 5567.8281, time  157.5, minPhero 0.01(232), stagnancy 10.3%
[35m[MSG][0m itr   257, best 5567.8281, time  158.1, minPhero 0.01(232), stagnancy 10.7%
[35m[MSG][0m itr   258, best 5567.8281, time  158.7, minPhero 0.01(232), stagnancy 11.0%
[35m[MSG][0m itr   259, best 5567.8281, time  159.3, minPhero 0.01(232), stagnancy 11.3%
[35m[MSG][0m itr   260, best 5567.8281, time  159.9, minPhero 0.01(232), stagnancy 11.7%
[35m[MSG][0m itr   261, best 5567.8281, time  160.6, minPhero 0.01(232), stagnancy 12.0%
[35m[MSG][0m itr   262, best 5567.8281, time  161.2, minPhero 0.01(232), stagnancy 12.3%
[35m[MSG][0m itr   263, best 5567.8281, time  161.8, minPhero 0.01(232), stagnancy 12.7%
[35m[MSG][0m itr   264, best 5567.8281, time  162.4, minPhero 0.01(232), stagnancy 13.0%
[35m[MSG][0m itr   265, best 5567.8281, time  163.0, minPhero 0.01(232), stagnancy 13.3%
[35m[MSG][0m itr   266, best 5567.8281, time  163.6, minPhero 0.01(232), stagnancy 13.7%
[35m[MSG][0m itr   267, best 5567.8281, time  164.2, minPhero 0.01(232), stagnancy 14.0%
[35m[MSG][0m itr   268, best 5567.8281, time  164.9, minPhero 0.01(232), stagnancy 14.3%
[35m[MSG][0m itr   269, best 5567.8281, time  165.5, minPhero 0.01(232), stagnancy 14.7%
[35m[MSG][0m itr   270, best 5567.8281, time  166.1, minPhero 0.01(232), stagnancy 15.0%
[35m[MSG][0m itr   271, best 5567.8281, time  166.7, minPhero 0.01(232), stagnancy 15.3%
[35m[MSG][0m itr   272, best 5567.8281, time  167.3, minPhero 0.01(232), stagnancy 15.7%
[35m[MSG][0m itr   273, best 5567.8281, time  168.0, minPhero 0.01(232), stagnancy 16.0%
[35m[MSG][0m itr   274, best 5567.8281, time  168.6, minPhero 0.01(232), stagnancy 16.3%
[35m[MSG][0m itr   275, best 5567.8281, time  169.2, minPhero 0.01(232), stagnancy 16.7%
[35m[MSG][0m itr   276, best 5567.8281, time  169.8, minPhero 0.01(232), stagnancy 17.0%
[35m[MSG][0m itr   277, best 5567.8281, time  170.4, minPhero 0.01(232), stagnancy 17.3%
[35m[MSG][0m itr   278, best 5567.8281, time  171.0, minPhero 0.01(232), stagnancy 17.7%
[35m[MSG][0m itr   279, best 5567.8281, time  171.7, minPhero 0.01(232), stagnancy 18.0%
[35m[MSG][0m itr   280, best 5567.8281, time  172.3, minPhero 0.01(232), stagnancy 18.3%
[35m[MSG][0m itr   281, best 5567.8281, time  172.9, minPhero 0.01(232), stagnancy 18.7%
[35m[MSG][0m itr   282, best 5567.8281, time  173.5, minPhero 0.01(232), stagnancy 19.0%
[35m[MSG][0m itr   283, best 5567.8281, time  174.1, minPhero 0.01(232), stagnancy 19.3%
[35m[MSG][0m itr   284, best 5567.8281, time  174.7, minPhero 0.01(232), stagnancy 19.7%
[35m[MSG][0m itr   285, best 5567.8281, time  175.4, minPhero 0.01(232), stagnancy 20.0%
[35m[MSG][0m itr   286, best 5567.8281, time  176.0, minPhero 0.01(232), stagnancy 20.3%
[35m[MSG][0m itr   287, best 5567.8281, time  176.6, minPhero 0.01(232), stagnancy 20.7%
[35m[MSG][0m itr   288, best 5567.8281, time  177.2, minPhero 0.01(232), stagnancy 21.0%
[35m[MSG][0m itr   289, best 5567.8281, time  177.8, minPhero 0.01(232), stagnancy 21.3%
[35m[MSG][0m itr   290, best 5567.8281, time  178.4, minPhero 0.01(232), stagnancy 21.7%
[35m[MSG][0m itr   291, best 5567.8281, time  179.0, minPhero 0.01(232), stagnancy 22.0%
[35m[MSG][0m itr   292, best 5567.8281, time  179.6, minPhero 0.01(232), stagnancy 22.3%
[35m[MSG][0m itr   293, best 5567.8281, time  180.3, minPhero 0.01(232), stagnancy 22.7%
[35m[MSG][0m itr   294, best 5567.8281, time  180.9, minPhero 0.01(232), stagnancy 23.0%
[35m[MSG][0m itr   295, best 5567.8281, time  181.5, minPhero 0.01(232), stagnancy 23.3%
[35m[MSG][0m itr   296, best 5567.8281, time  182.1, minPhero 0.01(232), stagnancy 23.7%
[35m[MSG][0m itr   297, best 5567.8281, time  182.7, minPhero 0.01(232), stagnancy 24.0%
[35m[MSG][0m itr   298, best 5567.8281, time  183.4, minPhero 0.01(232), stagnancy 24.3%
[35m[MSG][0m itr   299, best 5567.8281, time  184.0, minPhero 0.01(232), stagnancy 24.7%
[35m[MSG][0m itr   300, best 5567.8281, time  184.6, minPhero 0.01(232), stagnancy 25.0%
[35m[MSG][0m itr   301, best 5567.8281, time  185.2, minPhero 0.01(232), stagnancy 25.3%
[35m[MSG][0m itr   302, best 5567.8281, time  185.8, minPhero 0.01(232), stagnancy 25.7%
[35m[MSG][0m itr   303, best 5567.8281, time  186.4, minPhero 0.01(232), stagnancy 26.0%
[35m[MSG][0m itr   304, best 5567.8281, time  187.1, minPhero 0.01(232), stagnancy 26.3%
[35m[MSG][0m itr   305, best 5567.8281, time  187.7, minPhero 0.01(232), stagnancy 26.7%
[35m[MSG][0m itr   306, best 5567.8281, time  188.3, minPhero 0.01(232), stagnancy 27.0%
[35m[MSG][0m itr   307, best 5567.8281, time  188.9, minPhero 0.01(232), stagnancy 27.3%
[35m[MSG][0m itr   308, best 5567.8281, time  189.5, minPhero 0.01(232), stagnancy 27.7%
[35m[MSG][0m itr   309, best 5567.8281, time  190.1, minPhero 0.01(232), stagnancy 28.0%
[35m[MSG][0m itr   310, best 5567.8281, time  190.7, minPhero 0.01(232), stagnancy 28.3%
[35m[MSG][0m itr   311, best 5567.8281, time  191.3, minPhero 0.01(232), stagnancy 28.7%
[35m[MSG][0m itr   312, best 5567.8281, time  192.0, minPhero 0.01(232), stagnancy 29.0%
[35m[MSG][0m itr   313, best 5567.8281, time  192.6, minPhero 0.01(232), stagnancy 29.3%
[35m[MSG][0m itr   314, best 5567.8281, time  193.2, minPhero 0.01(232), stagnancy 29.7%
[35m[MSG][0m itr   315, best 5567.8281, time  193.7, minPhero 0.01(232), stagnancy 30.0%
[35m[MSG][0m itr   316, best 5567.8281, time  194.4, minPhero 0.01(232), stagnancy 30.3%
[35m[MSG][0m itr   317, best 5567.8281, time  195.0, minPhero 0.01(232), stagnancy 30.7%
[35m[MSG][0m itr   318, best 5567.8281, time  195.6, minPhero 0.01(232), stagnancy 31.0%
[35m[MSG][0m itr   319, best 5567.8281, time  196.2, minPhero 0.01(232), stagnancy 31.3%
[35m[MSG][0m itr   320, best 5567.8281, time  196.8, minPhero 0.01(232), stagnancy 31.7%
[35m[MSG][0m itr   321, best 5567.8281, time  197.4, minPhero 0.01(232), stagnancy 32.0%
[35m[MSG][0m itr   322, best 5567.8281, time  198.1, minPhero 0.01(232), stagnancy 32.3%
[35m[MSG][0m itr   323, best 5567.8281, time  198.7, minPhero 0.01(232), stagnancy 32.7%
[35m[MSG][0m itr   324, best 5567.8281, time  199.3, minPhero 0.01(232), stagnancy 33.0%
[35m[MSG][0m itr   325, best 5567.8281, time  199.9, minPhero 0.01(232), stagnancy 33.3%
[35m[MSG][0m itr   326, best 5567.8281, time  200.5, minPhero 0.01(232), stagnancy 33.7%
[35m[MSG][0m itr   327, best 5567.8281, time  201.1, minPhero 0.01(232), stagnancy 34.0%
[35m[MSG][0m itr   328, best 5567.8281, time  201.8, minPhero 0.01(232), stagnancy 34.3%
[35m[MSG][0m itr   329, best 5567.8281, time  202.4, minPhero 0.01(232), stagnancy 34.7%
[35m[MSG][0m itr   330, best 5567.8281, time  203.0, minPhero 0.01(232), stagnancy 35.0%
[35m[MSG][0m itr   331, best 5567.8281, time  203.6, minPhero 0.01(232), stagnancy 35.3%
[35m[MSG][0m itr   332, best 5567.8281, time  204.2, minPhero 0.01(232), stagnancy 35.7%
[35m[MSG][0m itr   333, best 5567.8281, time  204.8, minPhero 0.01(232), stagnancy 36.0%
[35m[MSG][0m itr   334, best 5567.8281, time  205.4, minPhero 0.01(232), stagnancy 36.3%
[35m[MSG][0m itr   335, best 5567.8281, time  206.1, minPhero 0.01(232), stagnancy 36.7%
[35m[MSG][0m itr   336, best 5567.8281, time  206.7, minPhero 0.01(232), stagnancy 37.0%
[35m[MSG][0m itr   337, best 5567.8281, time  207.3, minPhero 0.01(232), stagnancy 37.3%
[35m[MSG][0m itr   338, best 5567.8281, time  207.9, minPhero 0.01(232), stagnancy 37.7%
[35m[MSG][0m itr   339, best 5567.8281, time  208.6, minPhero 0.01(232), stagnancy 38.0%
[35m[MSG][0m itr   340, best 5567.8281, time  209.2, minPhero 0.01(232), stagnancy 38.3%
[35m[MSG][0m itr   341, best 5567.8281, time  209.8, minPhero 0.01(232), stagnancy 38.7%
[35m[MSG][0m itr   342, best 5567.8281, time  210.4, minPhero 0.01(232), stagnancy 39.0%
[35m[MSG][0m itr   343, best 5567.8281, time  211.0, minPhero 0.01(232), stagnancy 39.3%
[35m[MSG][0m itr   344, best 5567.8281, time  211.7, minPhero 0.01(232), stagnancy 39.7%
[35m[MSG][0m itr   345, best 5567.8281, time  212.3, minPhero 0.01(232), stagnancy 40.0%
[35m[MSG][0m itr   346, best 5567.8281, time  212.9, minPhero 0.01(232), stagnancy 40.3%
[35m[MSG][0m itr   347, best 5567.8281, time  213.5, minPhero 0.01(232), stagnancy 40.7%
[35m[MSG][0m itr   348, best 5567.8281, time  214.1, minPhero 0.01(232), stagnancy 41.0%
[35m[MSG][0m itr   349, best 5567.8281, time  214.7, minPhero 0.01(232), stagnancy 41.3%
[35m[MSG][0m itr   350, best 5566.9609, time  215.3, minPhero 0.01(235), stagnancy 0.0%
[35m[MSG][0m itr   351, best 5566.9609, time  216.0, minPhero 0.01(235), stagnancy 0.3%
[35m[MSG][0m itr   352, best 5566.9604, time  216.6, minPhero 0.01(235), stagnancy 0.0%
[35m[MSG][0m itr   353, best 5566.9604, time  217.2, minPhero 0.01(235), stagnancy 0.3%
[35m[MSG][0m itr   354, best 5566.9604, time  217.9, minPhero 0.01(235), stagnancy 0.7%
[35m[MSG][0m itr   355, best 5566.9600, time  218.5, minPhero 0.01(235), stagnancy 0.0%
[35m[MSG][0m itr   356, best 5566.9600, time  219.1, minPhero 0.01(235), stagnancy 0.3%
[35m[MSG][0m itr   357, best 5566.9600, time  219.8, minPhero 0.01(235), stagnancy 0.7%
[35m[MSG][0m itr   358, best 5566.9600, time  220.4, minPhero 0.01(235), stagnancy 1.0%
[35m[MSG][0m itr   359, best 5566.9600, time  221.0, minPhero 0.01(235), stagnancy 1.3%
[35m[MSG][0m itr   360, best 5566.9600, time  221.6, minPhero 0.01(235), stagnancy 1.7%
[35m[MSG][0m itr   361, best 5566.9600, time  222.3, minPhero 0.01(235), stagnancy 2.0%
[35m[MSG][0m itr   362, best 5566.9600, time  222.9, minPhero 0.01(235), stagnancy 2.3%
[35m[MSG][0m itr   363, best 5566.9600, time  223.5, minPhero 0.01(235), stagnancy 2.7%
[35m[MSG][0m itr   364, best 5566.9600, time  224.1, minPhero 0.01(235), stagnancy 3.0%
[35m[MSG][0m itr   365, best 5566.9600, time  224.7, minPhero 0.01(235), stagnancy 3.3%
[35m[MSG][0m itr   366, best 5566.9600, time  225.3, minPhero 0.01(235), stagnancy 3.7%
[35m[MSG][0m itr   367, best 5566.9600, time  225.9, minPhero 0.01(235), stagnancy 4.0%
[35m[MSG][0m itr   368, best 5566.9600, time  226.6, minPhero 0.01(235), stagnancy 4.3%
[35m[MSG][0m itr   369, best 5566.9600, time  227.2, minPhero 0.01(235), stagnancy 4.7%
[35m[MSG][0m itr   370, best 5566.9600, time  227.8, minPhero 0.01(235), stagnancy 5.0%
[35m[MSG][0m itr   371, best 5566.9600, time  228.4, minPhero 0.01(235), stagnancy 5.3%
[35m[MSG][0m itr   372, best 5566.9600, time  229.0, minPhero 0.01(235), stagnancy 5.7%
[35m[MSG][0m itr   373, best 5566.9600, time  229.6, minPhero 0.01(235), stagnancy 6.0%
[35m[MSG][0m itr   374, best 5566.9600, time  230.3, minPhero 0.01(235), stagnancy 6.3%
[35m[MSG][0m itr   375, best 5566.9600, time  230.9, minPhero 0.01(235), stagnancy 6.7%
[35m[MSG][0m itr   376, best 5566.9600, time  231.5, minPhero 0.01(232), stagnancy 7.0%
[35m[MSG][0m itr   377, best 5566.9600, time  232.2, minPhero 0.01(232), stagnancy 7.3%
[35m[MSG][0m itr   378, best 5566.9600, time  232.8, minPhero 0.01(232), stagnancy 7.7%
[35m[MSG][0m itr   379, best 5566.9600, time  233.4, minPhero 0.01(232), stagnancy 8.0%
[35m[MSG][0m itr   380, best 5566.9600, time  234.0, minPhero 0.01(232), stagnancy 8.3%
[35m[MSG][0m itr   381, best 5566.9600, time  234.7, minPhero 0.01(232), stagnancy 8.7%
[35m[MSG][0m itr   382, best 5566.9600, time  235.3, minPhero 0.01(232), stagnancy 9.0%
[35m[MSG][0m itr   383, best 5566.9600, time  235.9, minPhero 0.01(232), stagnancy 9.3%
[35m[MSG][0m itr   384, best 5566.9600, time  236.5, minPhero 0.01(232), stagnancy 9.7%
[35m[MSG][0m itr   385, best 5566.9600, time  237.2, minPhero 0.01(232), stagnancy 10.0%
[35m[MSG][0m itr   386, best 5566.9600, time  237.8, minPhero 0.01(232), stagnancy 10.3%
[35m[MSG][0m itr   387, best 5566.9600, time  238.5, minPhero 0.01(232), stagnancy 10.7%
[35m[MSG][0m itr   388, best 5566.9600, time  239.1, minPhero 0.01(232), stagnancy 11.0%
[35m[MSG][0m itr   389, best 5566.9600, time  239.7, minPhero 0.01(232), stagnancy 11.3%
[35m[MSG][0m itr   390, best 5566.9600, time  240.3, minPhero 0.01(232), stagnancy 11.7%
[35m[MSG][0m itr   391, best 5566.9600, time  240.9, minPhero 0.01(232), stagnancy 12.0%
[35m[MSG][0m itr   392, best 5566.9600, time  241.5, minPhero 0.01(232), stagnancy 12.3%
[35m[MSG][0m itr   393, best 5566.9600, time  242.1, minPhero 0.01(232), stagnancy 12.7%
[35m[MSG][0m itr   394, best 5566.9600, time  242.8, minPhero 0.01(232), stagnancy 13.0%
[35m[MSG][0m itr   395, best 5566.9600, time  243.4, minPhero 0.01(232), stagnancy 13.3%
[35m[MSG][0m itr   396, best 5566.9600, time  244.0, minPhero 0.01(232), stagnancy 13.7%
[35m[MSG][0m itr   397, best 5566.9600, time  244.7, minPhero 0.01(232), stagnancy 14.0%
[35m[MSG][0m itr   398, best 5566.9600, time  245.3, minPhero 0.01(232), stagnancy 14.3%
[35m[MSG][0m itr   399, best 5566.9600, time  245.9, minPhero 0.01(232), stagnancy 14.7%
[35m[MSG][0m itr   400, best 5566.9600, time  246.5, minPhero 0.01(232), stagnancy 15.0%
[35m[MSG][0m itr   401, best 5566.9600, time  247.1, minPhero 0.01(232), stagnancy 15.3%
[35m[MSG][0m itr   402, best 5566.9600, time  247.7, minPhero 0.01(232), stagnancy 15.7%
[35m[MSG][0m itr   403, best 5566.9600, time  248.4, minPhero 0.01(232), stagnancy 16.0%
[35m[MSG][0m itr   404, best 5566.9600, time  249.0, minPhero 0.01(232), stagnancy 16.3%
[35m[MSG][0m itr   405, best 5566.9600, time  249.6, minPhero 0.01(232), stagnancy 16.7%
[35m[MSG][0m itr   406, best 5566.9600, time  250.2, minPhero 0.01(232), stagnancy 17.0%
[35m[MSG][0m itr   407, best 5566.9600, time  250.8, minPhero 0.01(232), stagnancy 17.3%
[35m[MSG][0m itr   408, best 5566.9600, time  251.4, minPhero 0.01(232), stagnancy 17.7%
[35m[MSG][0m itr   409, best 5566.9600, time  252.0, minPhero 0.01(232), stagnancy 18.0%
[35m[MSG][0m itr   410, best 5566.9600, time  252.7, minPhero 0.01(232), stagnancy 18.3%
[35m[MSG][0m itr   411, best 5566.9600, time  253.3, minPhero 0.01(232), stagnancy 18.7%
[35m[MSG][0m itr   412, best 5566.9600, time  253.9, minPhero 0.01(232), stagnancy 19.0%
[35m[MSG][0m itr   413, best 5566.9600, time  254.5, minPhero 0.01(232), stagnancy 19.3%
[35m[MSG][0m itr   414, best 5566.9600, time  255.1, minPhero 0.01(232), stagnancy 19.7%
[35m[MSG][0m itr   415, best 5566.9600, time  255.7, minPhero 0.01(232), stagnancy 20.0%
[35m[MSG][0m itr   416, best 5566.9600, time  256.3, minPhero 0.01(232), stagnancy 20.3%
[35m[MSG][0m itr   417, best 5566.9600, time  256.9, minPhero 0.01(232), stagnancy 20.7%
[35m[MSG][0m itr   418, best 5566.9600, time  257.5, minPhero 0.01(232), stagnancy 21.0%
[35m[MSG][0m itr   419, best 5566.9600, time  258.1, minPhero 0.01(232), stagnancy 21.3%
[35m[MSG][0m itr   420, best 5566.9600, time  258.7, minPhero 0.01(232), stagnancy 21.7%
[35m[MSG][0m itr   421, best 5566.9600, time  259.3, minPhero 0.01(232), stagnancy 22.0%
[35m[MSG][0m itr   422, best 5566.9600, time  259.9, minPhero 0.01(232), stagnancy 22.3%
[35m[MSG][0m itr   423, best 5566.9600, time  260.6, minPhero 0.01(232), stagnancy 22.7%
[35m[MSG][0m itr   424, best 5566.9600, time  261.2, minPhero 0.01(232), stagnancy 23.0%
[35m[MSG][0m itr   425, best 5566.9600, time  261.8, minPhero 0.01(232), stagnancy 23.3%
[35m[MSG][0m itr   426, best 5566.9600, time  262.4, minPhero 0.01(232), stagnancy 23.7%
[35m[MSG][0m itr   427, best 5566.9600, time  263.0, minPhero 0.01(232), stagnancy 24.0%
[35m[MSG][0m itr   428, best 5566.9600, time  263.7, minPhero 0.01(232), stagnancy 24.3%
[35m[MSG][0m itr   429, best 5566.9600, time  264.3, minPhero 0.01(232), stagnancy 24.7%
[35m[MSG][0m itr   430, best 5566.9600, time  264.9, minPhero 0.01(232), stagnancy 25.0%
[35m[MSG][0m itr   431, best 5566.9600, time  265.6, minPhero 0.01(232), stagnancy 25.3%
[35m[MSG][0m itr   432, best 5566.9600, time  266.2, minPhero 0.01(232), stagnancy 25.7%
[35m[MSG][0m itr   433, best 5566.9600, time  266.8, minPhero 0.01(232), stagnancy 26.0%
[35m[MSG][0m itr   434, best 5566.9600, time  267.4, minPhero 0.01(232), stagnancy 26.3%
[35m[MSG][0m itr   435, best 5566.9600, time  268.1, minPhero 0.01(232), stagnancy 26.7%
[35m[MSG][0m itr   436, best 5566.9600, time  268.7, minPhero 0.01(232), stagnancy 27.0%
[35m[MSG][0m itr   437, best 5566.9600, time  269.3, minPhero 0.01(232), stagnancy 27.3%
[35m[MSG][0m itr   438, best 5566.9600, time  269.9, minPhero 0.01(232), stagnancy 27.7%
[35m[MSG][0m itr   439, best 5566.9600, time  270.4, minPhero 0.01(232), stagnancy 28.0%
[35m[MSG][0m itr   440, best 5566.9600, time  271.1, minPhero 0.01(232), stagnancy 28.3%
[35m[MSG][0m itr   441, best 5566.9600, time  271.7, minPhero 0.01(232), stagnancy 28.7%
[35m[MSG][0m itr   442, best 5566.9600, time  272.3, minPhero 0.01(232), stagnancy 29.0%
[35m[MSG][0m itr   443, best 5566.9600, time  272.9, minPhero 0.01(232), stagnancy 29.3%
[35m[MSG][0m itr   444, best 5566.9600, time  273.5, minPhero 0.01(232), stagnancy 29.7%
[35m[MSG][0m itr   445, best 5566.9600, time  274.1, minPhero 0.01(232), stagnancy 30.0%
[35m[MSG][0m itr   446, best 5566.9600, time  274.7, minPhero 0.01(232), stagnancy 30.3%
[35m[MSG][0m itr   447, best 5566.9600, time  275.3, minPhero 0.01(232), stagnancy 30.7%
[35m[MSG][0m itr   448, best 5560.9180, time  275.9, minPhero 0.01(240), stagnancy 0.0%
[35m[MSG][0m itr   449, best 5560.9180, time  276.6, minPhero 0.01(240), stagnancy 0.3%
[35m[MSG][0m itr   450, best 5560.0342, time  277.1, minPhero 0.01(245), stagnancy 0.0%
[35m[MSG][0m itr   451, best 5560.0342, time  277.7, minPhero 0.01(245), stagnancy 0.3%
[35m[MSG][0m itr   452, best 5560.0342, time  278.3, minPhero 0.01(245), stagnancy 0.7%
[35m[MSG][0m itr   453, best 5560.0337, time  279.0, minPhero 0.01(245), stagnancy 0.0%
[35m[MSG][0m itr   454, best 5560.0337, time  279.6, minPhero 0.01(245), stagnancy 0.3%
[35m[MSG][0m itr   455, best 5560.0337, time  280.3, minPhero 0.01(245), stagnancy 0.7%
[35m[MSG][0m itr   456, best 5560.0337, time  280.9, minPhero 0.01(245), stagnancy 1.0%
[35m[MSG][0m itr   457, best 5560.0337, time  281.6, minPhero 0.01(245), stagnancy 1.3%
[35m[MSG][0m itr   458, best 5560.0337, time  282.3, minPhero 0.01(245), stagnancy 1.7%
[35m[MSG][0m itr   459, best 5560.0337, time  283.1, minPhero 0.01(245), stagnancy 2.0%
[35m[MSG][0m itr   460, best 5560.0337, time  284.0, minPhero 0.01(245), stagnancy 2.3%
[35m[MSG][0m itr   461, best 5560.0337, time  284.9, minPhero 0.01(245), stagnancy 2.7%
[35m[MSG][0m itr   462, best 5560.0337, time  285.8, minPhero 0.01(245), stagnancy 3.0%
[35m[MSG][0m itr   463, best 5560.0337, time  286.7, minPhero 0.01(245), stagnancy 3.3%
[35m[MSG][0m itr   464, best 5560.0337, time  287.4, minPhero 0.01(245), stagnancy 3.7%
[35m[MSG][0m itr   465, best 5560.0337, time  288.2, minPhero 0.01(245), stagnancy 4.0%
[35m[MSG][0m itr   466, best 5560.0337, time  289.0, minPhero 0.01(244), stagnancy 4.3%
[35m[MSG][0m itr   467, best 5560.0337, time  289.8, minPhero 0.01(244), stagnancy 4.7%
[35m[MSG][0m itr   468, best 5560.0337, time  290.5, minPhero 0.01(244), stagnancy 5.0%
[35m[MSG][0m itr   469, best 5560.0337, time  291.2, minPhero 0.01(244), stagnancy 5.3%
[35m[MSG][0m itr   470, best 5560.0337, time  291.7, minPhero 0.01(244), stagnancy 5.7%
[35m[MSG][0m itr   471, best 5560.0337, time  292.4, minPhero 0.01(244), stagnancy 6.0%
[35m[MSG][0m itr   472, best 5560.0337, time  293.0, minPhero 0.01(244), stagnancy 6.3%
[35m[MSG][0m itr   473, best 5560.0337, time  293.6, minPhero 0.01(244), stagnancy 6.7%
[35m[MSG][0m itr   474, best 5560.0337, time  294.2, minPhero 0.01(236), stagnancy 7.0%
[35m[MSG][0m itr   475, best 5560.0337, time  295.0, minPhero 0.01(236), stagnancy 7.3%
[35m[MSG][0m itr   476, best 5560.0337, time  295.8, minPhero 0.01(232), stagnancy 7.7%
[35m[MSG][0m itr   477, best 5560.0337, time  296.6, minPhero 0.01(232), stagnancy 8.0%
[35m[MSG][0m itr   478, best 5560.0337, time  297.4, minPhero 0.01(232), stagnancy 8.3%
[35m[MSG][0m itr   479, best 5560.0337, time  298.1, minPhero 0.01(232), stagnancy 8.7%
[35m[MSG][0m itr   480, best 5560.0337, time  298.9, minPhero 0.01(232), stagnancy 9.0%
[35m[MSG][0m itr   481, best 5560.0337, time  299.7, minPhero 0.01(232), stagnancy 9.3%
[35m[MSG][0m itr   482, best 5560.0337, time  300.5, minPhero 0.01(232), stagnancy 9.7%
[35m[MSG][0m itr   483, best 5560.0337, time  301.3, minPhero 0.01(232), stagnancy 10.0%
[35m[MSG][0m itr   484, best 5560.0337, time  302.0, minPhero 0.01(232), stagnancy 10.3%
[35m[MSG][0m itr   485, best 5560.0337, time  302.6, minPhero 0.01(232), stagnancy 10.7%
[35m[MSG][0m itr   486, best 5560.0337, time  303.2, minPhero 0.01(232), stagnancy 11.0%
[35m[MSG][0m itr   487, best 5560.0337, time  303.8, minPhero 0.01(232), stagnancy 11.3%
[35m[MSG][0m itr   488, best 5560.0337, time  304.4, minPhero 0.01(232), stagnancy 11.7%
[35m[MSG][0m itr   489, best 5560.0337, time  305.0, minPhero 0.01(232), stagnancy 12.0%
[35m[MSG][0m itr   490, best 5560.0337, time  305.6, minPhero 0.01(232), stagnancy 12.3%
[35m[MSG][0m itr   491, best 5560.0337, time  306.3, minPhero 0.01(232), stagnancy 12.7%
[35m[MSG][0m itr   492, best 5560.0337, time  307.0, minPhero 0.01(232), stagnancy 13.0%
[35m[MSG][0m itr   493, best 5560.0337, time  307.6, minPhero 0.01(232), stagnancy 13.3%
[35m[MSG][0m itr   494, best 5560.0337, time  308.3, minPhero 0.01(232), stagnancy 13.7%
[35m[MSG][0m itr   495, best 5560.0337, time  309.0, minPhero 0.01(232), stagnancy 14.0%
[35m[MSG][0m itr   496, best 5560.0337, time  309.6, minPhero 0.01(232), stagnancy 14.3%
[35m[MSG][0m itr   497, best 5560.0337, time  310.3, minPhero 0.01(232), stagnancy 14.7%
[35m[MSG][0m itr   498, best 5560.0337, time  310.9, minPhero 0.01(232), stagnancy 15.0%
[35m[MSG][0m itr   499, best 5560.0337, time  311.5, minPhero 0.01(232), stagnancy 15.3%
[35m[MSG][0m itr   500, best 5560.0337, time  312.2, minPhero 0.01(232), stagnancy 15.7%
[35m[MSG][0m itr   501, best 5560.0337, time  312.9, minPhero 0.01(232), stagnancy 16.0%
[35m[MSG][0m itr   502, best 5560.0337, time  313.5, minPhero 0.01(232), stagnancy 16.3%
[35m[MSG][0m itr   503, best 5560.0337, time  314.1, minPhero 0.01(232), stagnancy 16.7%
[35m[MSG][0m itr   504, best 5560.0337, time  314.9, minPhero 0.01(232), stagnancy 17.0%
[35m[MSG][0m itr   505, best 5560.0337, time  315.6, minPhero 0.01(232), stagnancy 17.3%
[35m[MSG][0m itr   506, best 5560.0337, time  316.2, minPhero 0.01(232), stagnancy 17.7%
[35m[MSG][0m itr   507, best 5560.0337, time  316.8, minPhero 0.01(232), stagnancy 18.0%
[35m[MSG][0m itr   508, best 5560.0337, time  317.4, minPhero 0.01(232), stagnancy 18.3%
[35m[MSG][0m itr   509, best 5560.0337, time  318.0, minPhero 0.01(232), stagnancy 18.7%
[35m[MSG][0m itr   510, best 5560.0337, time  318.6, minPhero 0.01(232), stagnancy 19.0%
[35m[MSG][0m itr   511, best 5560.0337, time  319.3, minPhero 0.01(232), stagnancy 19.3%
[35m[MSG][0m itr   512, best 5560.0337, time  319.9, minPhero 0.01(232), stagnancy 19.7%
[35m[MSG][0m itr   513, best 5560.0337, time  320.5, minPhero 0.01(232), stagnancy 20.0%
[35m[MSG][0m itr   514, best 5560.0337, time  321.1, minPhero 0.01(232), stagnancy 20.3%
[35m[MSG][0m itr   515, best 5560.0337, time  321.7, minPhero 0.01(232), stagnancy 20.7%
[35m[MSG][0m itr   516, best 5560.0337, time  322.4, minPhero 0.01(232), stagnancy 21.0%
[35m[MSG][0m itr   517, best 5560.0337, time  322.9, minPhero 0.01(232), stagnancy 21.3%
[35m[MSG][0m itr   518, best 5560.0337, time  323.6, minPhero 0.01(232), stagnancy 21.7%
[35m[MSG][0m itr   519, best 5560.0337, time  324.2, minPhero 0.01(232), stagnancy 22.0%
[35m[MSG][0m itr   520, best 5560.0337, time  324.8, minPhero 0.01(232), stagnancy 22.3%
[35m[MSG][0m itr   521, best 5560.0337, time  325.5, minPhero 0.01(232), stagnancy 22.7%
[35m[MSG][0m itr   522, best 5560.0337, time  326.1, minPhero 0.01(232), stagnancy 23.0%
[35m[MSG][0m itr   523, best 5560.0337, time  326.7, minPhero 0.01(232), stagnancy 23.3%
[35m[MSG][0m itr   524, best 5560.0337, time  327.3, minPhero 0.01(232), stagnancy 23.7%
[35m[MSG][0m itr   525, best 5560.0337, time  327.9, minPhero 0.01(232), stagnancy 24.0%
[35m[MSG][0m itr   526, best 5560.0337, time  328.5, minPhero 0.01(232), stagnancy 24.3%
[35m[MSG][0m itr   527, best 5560.0337, time  329.1, minPhero 0.01(232), stagnancy 24.7%
[35m[MSG][0m itr   528, best 5560.0337, time  329.7, minPhero 0.01(232), stagnancy 25.0%
[35m[MSG][0m itr   529, best 5560.0337, time  330.3, minPhero 0.01(232), stagnancy 25.3%
[35m[MSG][0m itr   530, best 5560.0337, time  331.0, minPhero 0.01(232), stagnancy 25.7%
[35m[MSG][0m itr   531, best 5560.0337, time  331.6, minPhero 0.01(232), stagnancy 26.0%
[35m[MSG][0m itr   532, best 5560.0337, time  332.2, minPhero 0.01(232), stagnancy 26.3%
[35m[MSG][0m itr   533, best 5560.0337, time  332.8, minPhero 0.01(232), stagnancy 26.7%
[35m[MSG][0m itr   534, best 5560.0337, time  333.4, minPhero 0.01(232), stagnancy 27.0%
[35m[MSG][0m itr   535, best 5560.0337, time  334.0, minPhero 0.01(232), stagnancy 27.3%
[35m[MSG][0m itr   536, best 5560.0337, time  334.6, minPhero 0.01(232), stagnancy 27.7%
[35m[MSG][0m itr   537, best 5560.0337, time  335.2, minPhero 0.01(232), stagnancy 28.0%
[35m[MSG][0m itr   538, best 5560.0337, time  335.9, minPhero 0.01(232), stagnancy 28.3%
[35m[MSG][0m itr   539, best 5560.0337, time  336.5, minPhero 0.01(232), stagnancy 28.7%
[35m[MSG][0m itr   540, best 5560.0337, time  337.1, minPhero 0.01(232), stagnancy 29.0%
[35m[MSG][0m itr   541, best 5560.0337, time  337.7, minPhero 0.01(232), stagnancy 29.3%
[35m[MSG][0m itr   542, best 5560.0337, time  338.3, minPhero 0.01(232), stagnancy 29.7%
[35m[MSG][0m itr   543, best 5560.0337, time  338.9, minPhero 0.01(232), stagnancy 30.0%
[35m[MSG][0m itr   544, best 5560.0337, time  339.5, minPhero 0.01(232), stagnancy 30.3%
[35m[MSG][0m itr   545, best 5560.0337, time  340.1, minPhero 0.01(232), stagnancy 30.7%
[35m[MSG][0m itr   546, best 5560.0337, time  340.7, minPhero 0.01(232), stagnancy 31.0%
[35m[MSG][0m itr   547, best 5560.0337, time  341.3, minPhero 0.01(232), stagnancy 31.3%
[35m[MSG][0m itr   548, best 5560.0337, time  341.9, minPhero 0.01(232), stagnancy 31.7%
[35m[MSG][0m itr   549, best 5560.0337, time  342.5, minPhero 0.01(232), stagnancy 32.0%
[35m[MSG][0m itr   550, best 5560.0337, time  343.2, minPhero 0.01(232), stagnancy 32.3%
[35m[MSG][0m itr   551, best 5560.0337, time  343.8, minPhero 0.01(232), stagnancy 32.7%
[35m[MSG][0m itr   552, best 5560.0337, time  344.4, minPhero 0.01(232), stagnancy 33.0%
[35m[MSG][0m itr   553, best 5560.0337, time  345.0, minPhero 0.01(232), stagnancy 33.3%
[35m[MSG][0m itr   554, best 5560.0337, time  345.6, minPhero 0.01(232), stagnancy 33.7%
[35m[MSG][0m itr   555, best 5560.0337, time  346.2, minPhero 0.01(232), stagnancy 34.0%
[35m[MSG][0m itr   556, best 5560.0337, time  346.8, minPhero 0.01(232), stagnancy 34.3%
[35m[MSG][0m itr   557, best 5560.0337, time  347.4, minPhero 0.01(232), stagnancy 34.7%
[35m[MSG][0m itr   558, best 5560.0337, time  348.0, minPhero 0.01(232), stagnancy 35.0%
[35m[MSG][0m itr   559, best 5560.0337, time  348.7, minPhero 0.01(232), stagnancy 35.3%
[35m[MSG][0m itr   560, best 5560.0337, time  349.3, minPhero 0.01(232), stagnancy 35.7%
[35m[MSG][0m itr   561, best 5560.0337, time  349.9, minPhero 0.01(232), stagnancy 36.0%
[35m[MSG][0m itr   562, best 5560.0337, time  350.5, minPhero 0.01(232), stagnancy 36.3%
[35m[MSG][0m itr   563, best 5560.0337, time  351.1, minPhero 0.01(232), stagnancy 36.7%
[35m[MSG][0m itr   564, best 5560.0337, time  351.7, minPhero 0.01(232), stagnancy 37.0%
[35m[MSG][0m itr   565, best 5560.0337, time  352.3, minPhero 0.01(232), stagnancy 37.3%
[35m[MSG][0m itr   566, best 5560.0337, time  352.9, minPhero 0.01(232), stagnancy 37.7%
[35m[MSG][0m itr   567, best 5560.0337, time  353.5, minPhero 0.01(232), stagnancy 38.0%
[35m[MSG][0m itr   568, best 5560.0337, time  354.1, minPhero 0.01(232), stagnancy 38.3%
[35m[MSG][0m itr   569, best 5560.0337, time  354.7, minPhero 0.01(232), stagnancy 38.7%
[35m[MSG][0m itr   570, best 5560.0337, time  355.4, minPhero 0.01(232), stagnancy 39.0%
[35m[MSG][0m itr   571, best 5560.0337, time  356.0, minPhero 0.01(232), stagnancy 39.3%
[35m[MSG][0m itr   572, best 5560.0337, time  356.6, minPhero 0.01(232), stagnancy 39.7%
[35m[MSG][0m itr   573, best 5560.0337, time  357.2, minPhero 0.01(232), stagnancy 40.0%
[35m[MSG][0m itr   574, best 5560.0337, time  357.8, minPhero 0.01(232), stagnancy 40.3%
[35m[MSG][0m itr   575, best 5560.0337, time  358.4, minPhero 0.01(232), stagnancy 40.7%
[35m[MSG][0m itr   576, best 5560.0337, time  359.1, minPhero 0.01(232), stagnancy 41.0%
[35m[MSG][0m itr   577, best 5560.0337, time  359.7, minPhero 0.01(232), stagnancy 41.3%
[35m[MSG][0m itr   578, best 5560.0337, time  360.3, minPhero 0.01(232), stagnancy 41.7%
[35m[MSG][0m itr   579, best 5560.0337, time  361.0, minPhero 0.01(232), stagnancy 42.0%
[35m[MSG][0m itr   580, best 5560.0337, time  361.6, minPhero 0.01(232), stagnancy 42.3%
[35m[MSG][0m itr   581, best 5560.0337, time  362.2, minPhero 0.01(232), stagnancy 42.7%
[35m[MSG][0m itr   582, best 5560.0337, time  362.8, minPhero 0.01(232), stagnancy 43.0%
[35m[MSG][0m itr   583, best 5560.0337, time  363.4, minPhero 0.01(232), stagnancy 43.3%
[35m[MSG][0m itr   584, best 5560.0337, time  364.0, minPhero 0.01(232), stagnancy 43.7%
[35m[MSG][0m itr   585, best 5560.0337, time  364.7, minPhero 0.01(232), stagnancy 44.0%
[35m[MSG][0m itr   586, best 5560.0337, time  365.2, minPhero 0.01(232), stagnancy 44.3%
[35m[MSG][0m itr   587, best 5560.0337, time  365.8, minPhero 0.01(232), stagnancy 44.7%
[35m[MSG][0m itr   588, best 5560.0337, time  366.4, minPhero 0.01(232), stagnancy 45.0%
[35m[MSG][0m itr   589, best 5560.0337, time  367.1, minPhero 0.01(232), stagnancy 45.3%
[35m[MSG][0m itr   590, best 5560.0337, time  367.7, minPhero 0.01(232), stagnancy 45.7%
[35m[MSG][0m itr   591, best 5560.0337, time  368.3, minPhero 0.01(232), stagnancy 46.0%
[35m[MSG][0m itr   592, best 5560.0337, time  368.9, minPhero 0.01(232), stagnancy 46.3%
[35m[MSG][0m itr   593, best 5560.0337, time  369.5, minPhero 0.01(232), stagnancy 46.7%
[35m[MSG][0m itr   594, best 5560.0337, time  370.1, minPhero 0.01(232), stagnancy 47.0%
[35m[MSG][0m itr   595, best 5560.0337, time  370.8, minPhero 0.01(232), stagnancy 47.3%
[35m[MSG][0m itr   596, best 5560.0337, time  371.4, minPhero 0.01(232), stagnancy 47.7%
[35m[MSG][0m itr   597, best 5560.0337, time  372.0, minPhero 0.01(232), stagnancy 48.0%
[35m[MSG][0m itr   598, best 5560.0337, time  372.6, minPhero 0.01(232), stagnancy 48.3%
[35m[MSG][0m itr   599, best 5560.0337, time  373.2, minPhero 0.01(232), stagnancy 48.7%
[35m[MSG][0m itr   600, best 5560.0337, time  373.9, minPhero 0.01(232), stagnancy 49.0%
[35m[MSG][0m itr   601, best 5560.0337, time  374.5, minPhero 0.01(232), stagnancy 49.3%
[35m[MSG][0m itr   602, best 5560.0337, time  375.1, minPhero 0.01(232), stagnancy 49.7%
[35m[MSG][0m itr   603, best 5560.0337, time  375.7, minPhero 0.01(232), stagnancy 50.0%
[35m[MSG][0m itr   604, best 5560.0337, time  376.3, minPhero 0.01(232), stagnancy 50.3%
[35m[MSG][0m itr   605, best 5560.0337, time  376.9, minPhero 0.01(232), stagnancy 50.7%
[35m[MSG][0m itr   606, best 5560.0337, time  377.6, minPhero 0.01(232), stagnancy 51.0%
[35m[MSG][0m itr   607, best 5560.0337, time  378.2, minPhero 0.01(232), stagnancy 51.3%
[35m[MSG][0m itr   608, best 5560.0337, time  378.8, minPhero 0.01(232), stagnancy 51.7%
[35m[MSG][0m itr   609, best 5560.0337, time  379.4, minPhero 0.01(232), stagnancy 52.0%
[35m[MSG][0m itr   610, best 5560.0337, time  380.0, minPhero 0.01(232), stagnancy 52.3%
[35m[MSG][0m itr   611, best 5560.0337, time  380.6, minPhero 0.01(232), stagnancy 52.7%
[35m[MSG][0m itr   612, best 5560.0337, time  381.3, minPhero 0.01(232), stagnancy 53.0%
[35m[MSG][0m itr   613, best 5560.0337, time  381.9, minPhero 0.01(232), stagnancy 53.3%
[35m[MSG][0m itr   614, best 5560.0337, time  382.5, minPhero 0.01(232), stagnancy 53.7%
[35m[MSG][0m itr   615, best 5560.0337, time  383.1, minPhero 0.01(232), stagnancy 54.0%
[35m[MSG][0m itr   616, best 5560.0337, time  383.7, minPhero 0.01(232), stagnancy 54.3%
[35m[MSG][0m itr   617, best 5560.0337, time  384.3, minPhero 0.01(232), stagnancy 54.7%
[35m[MSG][0m itr   618, best 5560.0337, time  384.9, minPhero 0.01(232), stagnancy 55.0%
[35m[MSG][0m itr   619, best 5560.0337, time  385.5, minPhero 0.01(232), stagnancy 55.3%
[35m[MSG][0m itr   620, best 5560.0337, time  386.1, minPhero 0.01(232), stagnancy 55.7%
[35m[MSG][0m itr   621, best 5560.0337, time  386.7, minPhero 0.01(232), stagnancy 56.0%
[35m[MSG][0m itr   622, best 5560.0337, time  387.3, minPhero 0.01(232), stagnancy 56.3%
[35m[MSG][0m itr   623, best 5560.0337, time  387.9, minPhero 0.01(232), stagnancy 56.7%
[35m[MSG][0m itr   624, best 5560.0337, time  388.6, minPhero 0.01(232), stagnancy 57.0%
[35m[MSG][0m itr   625, best 5560.0337, time  389.1, minPhero 0.01(232), stagnancy 57.3%
[35m[MSG][0m itr   626, best 5560.0337, time  389.8, minPhero 0.01(232), stagnancy 57.7%
[35m[MSG][0m itr   627, best 5560.0337, time  390.4, minPhero 0.01(232), stagnancy 58.0%
[35m[MSG][0m itr   628, best 5560.0337, time  391.0, minPhero 0.01(232), stagnancy 58.3%
[35m[MSG][0m itr   629, best 5560.0337, time  391.6, minPhero 0.01(232), stagnancy 58.7%
[35m[MSG][0m itr   630, best 5560.0337, time  392.2, minPhero 0.01(232), stagnancy 59.0%
[35m[MSG][0m itr   631, best 5560.0337, time  392.9, minPhero 0.01(232), stagnancy 59.3%
[35m[MSG][0m itr   632, best 5560.0337, time  393.5, minPhero 0.01(232), stagnancy 59.7%
[35m[MSG][0m itr   633, best 5560.0337, time  394.1, minPhero 0.01(232), stagnancy 60.0%
[35m[MSG][0m itr   634, best 5560.0337, time  394.7, minPhero 0.01(232), stagnancy 60.3%
[35m[MSG][0m itr   635, best 5560.0337, time  395.3, minPhero 0.01(232), stagnancy 60.7%
[35m[MSG][0m itr   636, best 5560.0337, time  395.9, minPhero 0.01(232), stagnancy 61.0%
[35m[MSG][0m itr   637, best 5560.0337, time  396.6, minPhero 0.01(232), stagnancy 61.3%
[35m[MSG][0m itr   638, best 5560.0337, time  397.2, minPhero 0.01(232), stagnancy 61.7%
[35m[MSG][0m itr   639, best 5560.0337, time  397.8, minPhero 0.01(232), stagnancy 62.0%
[35m[MSG][0m itr   640, best 5560.0337, time  398.4, minPhero 0.01(232), stagnancy 62.3%
[35m[MSG][0m itr   641, best 5560.0337, time  399.0, minPhero 0.01(232), stagnancy 62.7%
[35m[MSG][0m itr   642, best 5560.0337, time  399.6, minPhero 0.01(232), stagnancy 63.0%
[35m[MSG][0m itr   643, best 5560.0337, time  400.2, minPhero 0.01(232), stagnancy 63.3%
[35m[MSG][0m itr   644, best 5560.0337, time  400.8, minPhero 0.01(232), stagnancy 63.7%
[35m[MSG][0m itr   645, best 5560.0337, time  401.5, minPhero 0.01(232), stagnancy 64.0%
[35m[MSG][0m itr   646, best 5560.0337, time  402.1, minPhero 0.01(232), stagnancy 64.3%
[35m[MSG][0m itr   647, best 5560.0337, time  402.7, minPhero 0.01(232), stagnancy 64.7%
[35m[MSG][0m itr   648, best 5560.0337, time  403.3, minPhero 0.01(232), stagnancy 65.0%
[35m[MSG][0m itr   649, best 5560.0337, time  403.9, minPhero 0.01(232), stagnancy 65.3%
[35m[MSG][0m itr   650, best 5560.0337, time  404.5, minPhero 0.01(232), stagnancy 65.7%
[35m[MSG][0m itr   651, best 5560.0337, time  405.1, minPhero 0.01(232), stagnancy 66.0%
[35m[MSG][0m itr   652, best 5560.0337, time  405.7, minPhero 0.01(232), stagnancy 66.3%
[35m[MSG][0m itr   653, best 5560.0337, time  406.4, minPhero 0.01(232), stagnancy 66.7%
[35m[MSG][0m itr   654, best 5560.0337, time  407.0, minPhero 0.01(232), stagnancy 67.0%
[35m[MSG][0m itr   655, best 5560.0337, time  407.6, minPhero 0.01(232), stagnancy 67.3%
[35m[MSG][0m itr   656, best 5560.0337, time  408.2, minPhero 0.01(232), stagnancy 67.7%
[35m[MSG][0m itr   657, best 5560.0337, time  408.8, minPhero 0.01(232), stagnancy 68.0%
[35m[MSG][0m itr   658, best 5560.0337, time  409.4, minPhero 0.01(232), stagnancy 68.3%
[35m[MSG][0m itr   659, best 5560.0337, time  410.0, minPhero 0.01(232), stagnancy 68.7%
[35m[MSG][0m itr   660, best 5560.0337, time  410.6, minPhero 0.01(232), stagnancy 69.0%
[35m[MSG][0m itr   661, best 5560.0337, time  411.2, minPhero 0.01(232), stagnancy 69.3%
[35m[MSG][0m itr   662, best 5560.0337, time  411.8, minPhero 0.01(232), stagnancy 69.7%
[35m[MSG][0m itr   663, best 5560.0337, time  412.5, minPhero 0.01(232), stagnancy 70.0%
[35m[MSG][0m itr   664, best 5560.0337, time  413.1, minPhero 0.01(232), stagnancy 70.3%
[35m[MSG][0m itr   665, best 5560.0337, time  413.7, minPhero 0.01(232), stagnancy 70.7%
[35m[MSG][0m itr   666, best 5560.0337, time  414.3, minPhero 0.01(232), stagnancy 71.0%
[35m[MSG][0m itr   667, best 5560.0337, time  414.9, minPhero 0.01(232), stagnancy 71.3%
[35m[MSG][0m itr   668, best 5560.0337, time  415.5, minPhero 0.01(232), stagnancy 71.7%
[35m[MSG][0m itr   669, best 5560.0337, time  416.1, minPhero 0.01(232), stagnancy 72.0%
[35m[MSG][0m itr   670, best 5560.0337, time  416.8, minPhero 0.01(232), stagnancy 72.3%
[35m[MSG][0m itr   671, best 5560.0337, time  417.4, minPhero 0.01(232), stagnancy 72.7%
[35m[MSG][0m itr   672, best 5560.0337, time  418.0, minPhero 0.01(232), stagnancy 73.0%
[35m[MSG][0m itr   673, best 5560.0337, time  418.6, minPhero 0.01(232), stagnancy 73.3%
[35m[MSG][0m itr   674, best 5560.0337, time  419.2, minPhero 0.01(232), stagnancy 73.7%
[35m[MSG][0m itr   675, best 5560.0337, time  419.8, minPhero 0.01(232), stagnancy 74.0%
[35m[MSG][0m itr   676, best 5560.0337, time  420.5, minPhero 0.01(232), stagnancy 74.3%
[35m[MSG][0m itr   677, best 5560.0337, time  421.1, minPhero 0.01(232), stagnancy 74.7%
[35m[MSG][0m itr   678, best 5560.0337, time  421.7, minPhero 0.01(232), stagnancy 75.0%
[35m[MSG][0m itr   679, best 5560.0337, time  422.3, minPhero 0.01(232), stagnancy 75.3%
[35m[MSG][0m itr   680, best 5560.0337, time  422.9, minPhero 0.01(232), stagnancy 75.7%
[35m[MSG][0m itr   681, best 5560.0337, time  423.5, minPhero 0.01(232), stagnancy 76.0%
[35m[MSG][0m itr   682, best 5560.0337, time  424.1, minPhero 0.01(232), stagnancy 76.3%
[35m[MSG][0m itr   683, best 5560.0337, time  424.8, minPhero 0.01(232), stagnancy 76.7%
[35m[MSG][0m itr   684, best 5560.0337, time  425.3, minPhero 0.01(232), stagnancy 77.0%
[35m[MSG][0m itr   685, best 5560.0337, time  426.0, minPhero 0.01(232), stagnancy 77.3%
[35m[MSG][0m itr   686, best 5560.0337, time  426.6, minPhero 0.01(232), stagnancy 77.7%
[35m[MSG][0m itr   687, best 5560.0337, time  427.2, minPhero 0.01(232), stagnancy 78.0%
[35m[MSG][0m itr   688, best 5560.0337, time  427.8, minPhero 0.01(232), stagnancy 78.3%
[35m[MSG][0m itr   689, best 5560.0337, time  428.5, minPhero 0.01(232), stagnancy 78.7%
[35m[MSG][0m itr   690, best 5560.0337, time  429.1, minPhero 0.01(232), stagnancy 79.0%
[35m[MSG][0m itr   691, best 5560.0337, time  429.7, minPhero 0.01(232), stagnancy 79.3%
[35m[MSG][0m itr   692, best 5560.0337, time  430.3, minPhero 0.01(232), stagnancy 79.7%
[35m[MSG][0m itr   693, best 5560.0337, time  430.9, minPhero 0.01(232), stagnancy 80.0%
[35m[MSG][0m itr   694, best 5560.0337, time  431.6, minPhero 0.01(232), stagnancy 80.3%
[35m[MSG][0m itr   695, best 5560.0337, time  432.2, minPhero 0.01(232), stagnancy 80.7%
[35m[MSG][0m itr   696, best 5560.0337, time  432.8, minPhero 0.01(232), stagnancy 81.0%
[35m[MSG][0m itr   697, best 5560.0337, time  433.4, minPhero 0.01(232), stagnancy 81.3%
[35m[MSG][0m itr   698, best 5560.0337, time  434.0, minPhero 0.01(232), stagnancy 81.7%
[35m[MSG][0m itr   699, best 5560.0337, time  434.7, minPhero 0.01(232), stagnancy 82.0%
[35m[MSG][0m itr   700, best 5560.0337, time  435.3, minPhero 0.01(232), stagnancy 82.3%
[35m[MSG][0m itr   701, best 5560.0337, time  435.9, minPhero 0.01(232), stagnancy 82.7%
[35m[MSG][0m itr   702, best 5560.0337, time  436.5, minPhero 0.01(232), stagnancy 83.0%
[35m[MSG][0m itr   703, best 5560.0337, time  437.1, minPhero 0.01(232), stagnancy 83.3%
[35m[MSG][0m itr   704, best 5560.0337, time  437.7, minPhero 0.01(232), stagnancy 83.7%
[35m[MSG][0m itr   705, best 5560.0337, time  438.3, minPhero 0.01(232), stagnancy 84.0%
[35m[MSG][0m itr   706, best 5560.0337, time  438.9, minPhero 0.01(232), stagnancy 84.3%
[35m[MSG][0m itr   707, best 5560.0337, time  439.5, minPhero 0.01(232), stagnancy 84.7%
[35m[MSG][0m itr   708, best 5560.0337, time  440.2, minPhero 0.01(232), stagnancy 85.0%
[35m[MSG][0m itr   709, best 5560.0337, time  440.8, minPhero 0.01(232), stagnancy 85.3%
[35m[MSG][0m itr   710, best 5560.0337, time  441.4, minPhero 0.01(232), stagnancy 85.7%
[35m[MSG][0m itr   711, best 5560.0337, time  442.1, minPhero 0.01(232), stagnancy 86.0%
[35m[MSG][0m itr   712, best 5560.0337, time  442.7, minPhero 0.01(232), stagnancy 86.3%
[35m[MSG][0m itr   713, best 5560.0337, time  443.2, minPhero 0.01(232), stagnancy 86.7%
[35m[MSG][0m itr   714, best 5560.0337, time  443.8, minPhero 0.01(232), stagnancy 87.0%
[35m[MSG][0m itr   715, best 5560.0337, time  444.4, minPhero 0.01(232), stagnancy 87.3%
[35m[MSG][0m itr   716, best 5560.0337, time  445.1, minPhero 0.01(232), stagnancy 87.7%
[35m[MSG][0m itr   717, best 5560.0337, time  445.7, minPhero 0.01(232), stagnancy 88.0%
[35m[MSG][0m itr   718, best 5560.0337, time  446.3, minPhero 0.01(232), stagnancy 88.3%
[35m[MSG][0m itr   719, best 5560.0337, time  446.9, minPhero 0.01(232), stagnancy 88.7%
[35m[MSG][0m itr   720, best 5560.0337, time  447.5, minPhero 0.01(232), stagnancy 89.0%
[35m[MSG][0m itr   721, best 5560.0337, time  448.1, minPhero 0.01(232), stagnancy 89.3%
[35m[MSG][0m itr   722, best 5560.0337, time  448.7, minPhero 0.01(232), stagnancy 89.7%
[35m[MSG][0m itr   723, best 5560.0337, time  449.3, minPhero 0.01(232), stagnancy 90.0%
[35m[MSG][0m itr   724, best 5560.0337, time  450.0, minPhero 0.01(232), stagnancy 90.3%
[35m[MSG][0m itr   725, best 5560.0337, time  450.6, minPhero 0.01(232), stagnancy 90.7%
[35m[MSG][0m itr   726, best 5560.0337, time  451.2, minPhero 0.01(232), stagnancy 91.0%
[35m[MSG][0m itr   727, best 5560.0337, time  451.8, minPhero 0.01(232), stagnancy 91.3%
[35m[MSG][0m itr   728, best 5560.0337, time  452.4, minPhero 0.01(232), stagnancy 91.7%
[35m[MSG][0m itr   729, best 5560.0337, time  453.0, minPhero 0.01(232), stagnancy 92.0%
[35m[MSG][0m itr   730, best 5560.0337, time  453.6, minPhero 0.01(232), stagnancy 92.3%
[35m[MSG][0m itr   731, best 5560.0337, time  454.2, minPhero 0.01(232), stagnancy 92.7%
[35m[MSG][0m itr   732, best 5560.0337, time  454.8, minPhero 0.01(232), stagnancy 93.0%
[35m[MSG][0m itr   733, best 5560.0337, time  455.4, minPhero 0.01(232), stagnancy 93.3%
[35m[MSG][0m itr   734, best 5560.0337, time  456.1, minPhero 0.01(232), stagnancy 93.7%
[35m[MSG][0m itr   735, best 5560.0337, time  456.7, minPhero 0.01(232), stagnancy 94.0%
[35m[MSG][0m itr   736, best 5560.0337, time  457.3, minPhero 0.01(232), stagnancy 94.3%
[35m[MSG][0m itr   737, best 5560.0337, time  457.9, minPhero 0.01(232), stagnancy 94.7%
[35m[MSG][0m itr   738, best 5560.0337, time  458.5, minPhero 0.01(232), stagnancy 95.0%
[35m[MSG][0m itr   739, best 5560.0337, time  459.2, minPhero 0.01(232), stagnancy 95.3%
[35m[MSG][0m itr   740, best 5560.0337, time  459.8, minPhero 0.01(232), stagnancy 95.7%
[35m[MSG][0m itr   741, best 5560.0337, time  460.4, minPhero 0.01(232), stagnancy 96.0%
[35m[MSG][0m itr   742, best 5560.0337, time  461.0, minPhero 0.01(232), stagnancy 96.3%
[35m[MSG][0m itr   743, best 5560.0337, time  461.6, minPhero 0.01(232), stagnancy 96.7%
[35m[MSG][0m itr   744, best 5560.0337, time  462.2, minPhero 0.01(232), stagnancy 97.0%
[35m[MSG][0m itr   745, best 5560.0337, time  462.8, minPhero 0.01(232), stagnancy 97.3%
[35m[MSG][0m itr   746, best 5560.0337, time  463.5, minPhero 0.01(232), stagnancy 97.7%
[35m[MSG][0m itr   747, best 5560.0337, time  464.1, minPhero 0.01(232), stagnancy 98.0%
[35m[MSG][0m itr   748, best 5560.0337, time  464.7, minPhero 0.01(232), stagnancy 98.3%
[35m[MSG][0m itr   749, best 5560.0337, time  465.3, minPhero 0.01(232), stagnancy 98.7%
[35m[MSG][0m itr   750, best 5560.0337, time  465.9, minPhero 0.01(232), stagnancy 99.0%
[35m[MSG][0m itr   751, best 5560.0337, time  466.5, minPhero 0.01(232), stagnancy 99.3%
[35m[MSG][0m itr   752, best 5560.0337, time  467.1, minPhero 0.01(232), stagnancy 99.7%
[35m[MSG][0m itr   753, best 5560.0337, time  467.8, minPhero 0.01(232), stagnancy 100.0%
[35m[MSG][0m Solution converged. Reinitialising pheromones...
[35m[MSG][0m Time: 467.78 s
[35m[MSG][0m Best cost: 5560.03
