[35m[MSG][0m Log level set to LOG_DEBUG
[35m[MSG][0m Parsing input from file "res/fruitybun250_2016.vrp"
[35m[MSG][0m Number of nodes: 250
[35m[MSG][0m Running ACO search
[35m[MSG][0m ACO settings: 
 alpha:     8.000
 beta:      1.000
 pers:      0.850
 minPhero:  0.015
 nbhood:    10
 popSize:   512
 maxStag:   300
[35m[MSG][0m itr     1, best 5759.9302, time    0.9, minPhero 0.85(28922), stagnancy 0.0%
[35m[MSG][0m itr     2, best 5737.8926, time    1.7, minPhero 0.72(28922), stagnancy 0.0%
[35m[MSG][0m itr     3, best 5737.8926, time    2.6, minPhero 0.61(28922), stagnancy 0.3%
[35m[MSG][0m itr     4, best 5717.8936, time    3.5, minPhero 0.52(28922), stagnancy 0.0%
[35m[MSG][0m itr     5, best 5717.8936, time    4.3, minPhero 0.44(28922), stagnancy 0.3%
[35m[MSG][0m itr     6, best 5717.8936, time    5.2, minPhero 0.38(28922), stagnancy 0.7%
[35m[MSG][0m itr     7, best 5717.6279, time    6.1, minPhero 0.32(28922), stagnancy 0.0%
[35m[MSG][0m itr     8, best 5669.1631, time    6.9, minPhero 0.27(28922), stagnancy 0.0%
[35m[MSG][0m itr     9, best 5669.1631, time    7.8, minPhero 0.23(28922), stagnancy 0.3%
[35m[MSG][0m itr    10, best 5669.1631, time    8.7, minPhero 0.20(28922), stagnancy 0.7%
[35m[MSG][0m itr    11, best 5669.1631, time    9.6, minPhero 0.17(28922), stagnancy 1.0%
[35m[MSG][0m itr    12, best 5669.1631, time   10.4, minPhero 0.14(28922), stagnancy 1.3%
[35m[MSG][0m itr    13, best 5669.1631, time   11.3, minPhero 0.12(28922), stagnancy 1.7%
[35m[MSG][0m itr    14, best 5669.1631, time   12.2, minPhero 0.10(28922), stagnancy 2.0%
[35m[MSG][0m itr    15, best 5669.1631, time   13.1, minPhero 0.09(28922), stagnancy 2.3%
[35m[MSG][0m itr    16, best 5669.1631, time   13.9, minPhero 0.07(28922), stagnancy 2.7%
[35m[MSG][0m itr    17, best 5669.1631, time   14.8, minPhero 0.06(28922), stagnancy 3.0%
[35m[MSG][0m itr    18, best 5669.1631, time   15.7, minPhero 0.05(28922), stagnancy 3.3%
[35m[MSG][0m itr    19, best 5660.2720, time   16.6, minPhero 0.05(28922), stagnancy 0.0%
[35m[MSG][0m itr    20, best 5660.2720, time   17.4, minPhero 0.04(28922), stagnancy 0.3%
[35m[MSG][0m itr    21, best 5660.2720, time   18.3, minPhero 0.03(28922), stagnancy 0.7%
[35m[MSG][0m itr    22, best 5660.2720, time   19.2, minPhero 0.03(28922), stagnancy 1.0%
[35m[MSG][0m itr    23, best 5652.3784, time   20.1, minPhero 0.02(530), stagnancy 0.0%
[35m[MSG][0m itr    24, best 5640.7290, time   21.0, minPhero 0.02(501), stagnancy 0.0%
[35m[MSG][0m itr    25, best 5640.7290, time   21.8, minPhero 0.02(460), stagnancy 0.3%
[35m[MSG][0m itr    26, best 5640.7290, time   22.7, minPhero 0.01(393), stagnancy 0.7%
[35m[MSG][0m itr    27, best 5640.7290, time   23.6, minPhero 0.01(388), stagnancy 1.0%
[35m[MSG][0m itr    28, best 5633.6304, time   24.5, minPhero 0.01(352), stagnancy 0.0%
[35m[MSG][0m itr    29, best 5632.2622, time   25.4, minPhero 0.01(345), stagnancy 0.0%
[35m[MSG][0m itr    30, best 5632.2622, time   26.2, minPhero 0.01(341), stagnancy 0.3%
[35m[MSG][0m itr    31, best 5632.2622, time   27.1, minPhero 0.01(341), stagnancy 0.7%
[35m[MSG][0m itr    32, best 5632.2622, time   28.0, minPhero 0.01(341), stagnancy 1.0%
[35m[MSG][0m itr    33, best 5628.9639, time   28.9, minPhero 0.01(345), stagnancy 0.0%
[35m[MSG][0m itr    34, best 5628.9639, time   29.8, minPhero 0.01(345), stagnancy 0.3%
[35m[MSG][0m itr    35, best 5623.6650, time   30.6, minPhero 0.01(335), stagnancy 0.0%
[35m[MSG][0m itr    36, best 5623.6650, time   31.5, minPhero 0.01(333), stagnancy 0.3%
[35m[MSG][0m itr    37, best 5618.7651, time   32.4, minPhero 0.01(333), stagnancy 0.0%
[35m[MSG][0m itr    38, best 5617.8467, time   33.3, minPhero 0.01(334), stagnancy 0.0%
[35m[MSG][0m itr    39, best 5617.8467, time   34.2, minPhero 0.01(334), stagnancy 0.3%
[35m[MSG][0m itr    40, best 5617.8467, time   35.0, minPhero 0.01(322), stagnancy 0.7%
[35m[MSG][0m itr    41, best 5617.8467, time   35.9, minPhero 0.01(286), stagnancy 1.0%
[35m[MSG][0m itr    42, best 5616.9785, time   36.8, minPhero 0.01(287), stagnancy 0.0%
[35m[MSG][0m itr    43, best 5616.8271, time   37.6, minPhero 0.01(277), stagnancy 0.0%
[35m[MSG][0m itr    44, best 5614.3403, time   38.5, minPhero 0.01(283), stagnancy 0.0%
[35m[MSG][0m itr    45, best 5613.3203, time   39.4, minPhero 0.01(277), stagnancy 0.0%
[35m[MSG][0m itr    46, best 5611.7432, time   40.2, minPhero 0.01(279), stagnancy 0.0%
[35m[MSG][0m itr    47, best 5606.8633, time   41.1, minPhero 0.01(279), stagnancy 0.0%
[35m[MSG][0m itr    48, best 5605.3784, time   42.0, minPhero 0.01(278), stagnancy 0.0%
[35m[MSG][0m itr    49, best 5604.3594, time   42.9, minPhero 0.01(274), stagnancy 0.0%
[35m[MSG][0m Solution converged. Reinitialising pheromones...
[35m[MSG][0m itr    50, best 5604.3594, time   43.7, minPhero 0.85(28922), stagnancy 0.3%
[35m[MSG][0m itr    51, best 5604.3594, time   44.6, minPhero 0.72(28922), stagnancy 0.7%
[35m[MSG][0m itr    52, best 5604.3594, time   45.5, minPhero 0.61(28922), stagnancy 1.0%
[35m[MSG][0m itr    53, best 5604.3594, time   46.3, minPhero 0.52(28922), stagnancy 1.3%
[35m[MSG][0m itr    54, best 5604.3594, time   47.2, minPhero 0.44(28922), stagnancy 1.7%
[35m[MSG][0m itr    55, best 5604.3594, time   48.1, minPhero 0.38(28922), stagnancy 2.0%
[35m[MSG][0m itr    56, best 5604.3594, time   48.9, minPhero 0.32(28922), stagnancy 2.3%
[35m[MSG][0m itr    57, best 5604.3594, time   49.8, minPhero 0.27(28922), stagnancy 2.7%
[35m[MSG][0m itr    58, best 5604.3594, time   50.7, minPhero 0.23(28922), stagnancy 3.0%
[35m[MSG][0m itr    59, best 5604.3594, time   51.6, minPhero 0.20(28922), stagnancy 3.3%
[35m[MSG][0m itr    60, best 5604.3594, time   52.4, minPhero 0.17(28922), stagnancy 3.7%
[35m[MSG][0m itr    61, best 5604.3594, time   53.3, minPhero 0.14(28922), stagnancy 4.0%
[35m[MSG][0m itr    62, best 5604.3594, time   54.2, minPhero 0.12(28922), stagnancy 4.3%
[35m[MSG][0m itr    63, best 5604.3594, time   55.1, minPhero 0.10(28922), stagnancy 4.7%
[35m[MSG][0m itr    64, best 5604.3594, time   55.9, minPhero 0.09(28922), stagnancy 5.0%
[35m[MSG][0m itr    65, best 5604.3594, time   56.8, minPhero 0.07(28922), stagnancy 5.3%
[35m[MSG][0m itr    66, best 5604.3594, time   57.7, minPhero 0.06(28922), stagnancy 5.7%
[35m[MSG][0m itr    67, best 5604.3594, time   58.6, minPhero 0.05(28922), stagnancy 6.0%
[35m[MSG][0m itr    68, best 5604.3594, time   59.5, minPhero 0.05(28922), stagnancy 6.3%
[35m[MSG][0m itr    69, best 5604.3594, time   60.3, minPhero 0.04(28922), stagnancy 6.7%
[35m[MSG][0m itr    70, best 5597.2988, time   61.2, minPhero 0.03(28922), stagnancy 0.0%
[35m[MSG][0m itr    71, best 5597.2988, time   62.1, minPhero 0.03(28922), stagnancy 0.3%
[35m[MSG][0m itr    72, best 5596.1357, time   63.0, minPhero 0.02(238), stagnancy 0.0%
[35m[MSG][0m itr    73, best 5596.1357, time   63.8, minPhero 0.02(238), stagnancy 0.3%
[35m[MSG][0m itr    74, best 5592.0112, time   64.7, minPhero 0.02(247), stagnancy 0.0%
[35m[MSG][0m itr    75, best 5592.0112, time   65.6, minPhero 0.01(247), stagnancy 0.3%
[35m[MSG][0m itr    76, best 5592.0112, time   66.5, minPhero 0.01(247), stagnancy 0.7%
[35m[MSG][0m itr    77, best 5592.0107, time   67.3, minPhero 0.01(247), stagnancy 0.0%
[35m[MSG][0m itr    78, best 5592.0107, time   68.2, minPhero 0.01(247), stagnancy 0.3%
[35m[MSG][0m itr    79, best 5592.0107, time   69.1, minPhero 0.01(247), stagnancy 0.7%
[35m[MSG][0m itr    80, best 5591.8770, time   70.0, minPhero 0.01(251), stagnancy 0.0%
[35m[MSG][0m itr    81, best 5591.8057, time   70.8, minPhero 0.01(254), stagnancy 0.0%
[35m[MSG][0m itr    82, best 5589.5459, time   71.7, minPhero 0.01(259), stagnancy 0.0%
[35m[MSG][0m itr    83, best 5589.2344, time   72.6, minPhero 0.01(259), stagnancy 0.0%
[35m[MSG][0m itr    84, best 5589.1636, time   73.4, minPhero 0.01(259), stagnancy 0.0%
[35m[MSG][0m itr    85, best 5589.1631, time   74.3, minPhero 0.01(259), stagnancy 0.0%
[35m[MSG][0m itr    86, best 5589.1631, time   75.2, minPhero 0.01(259), stagnancy 0.3%
[35m[MSG][0m itr    87, best 5588.0693, time   76.0, minPhero 0.01(260), stagnancy 0.0%
[35m[MSG][0m itr    88, best 5588.0693, time   76.9, minPhero 0.01(260), stagnancy 0.3%
[35m[MSG][0m itr    89, best 5588.0693, time   77.8, minPhero 0.01(260), stagnancy 0.7%
[35m[MSG][0m itr    90, best 5587.7705, time   78.6, minPhero 0.01(261), stagnancy 0.0%
[35m[MSG][0m itr    91, best 5587.7705, time   79.5, minPhero 0.01(261), stagnancy 0.3%
[35m[MSG][0m itr    92, best 5587.6982, time   80.4, minPhero 0.01(256), stagnancy 0.0%
[35m[MSG][0m itr    93, best 5587.6982, time   81.2, minPhero 0.01(256), stagnancy 0.3%
[35m[MSG][0m itr    94, best 5586.1465, time   82.1, minPhero 0.01(265), stagnancy 0.0%
[35m[MSG][0m itr    95, best 5584.3521, time   83.0, minPhero 0.01(265), stagnancy 0.0%
[35m[MSG][0m itr    96, best 5584.2544, time   83.9, minPhero 0.01(260), stagnancy 0.0%
[35m[MSG][0m itr    97, best 5584.2544, time   84.7, minPhero 0.01(259), stagnancy 0.3%
[35m[MSG][0m itr    98, best 5582.6504, time   85.6, minPhero 0.01(260), stagnancy 0.0%
[35m[MSG][0m itr    99, best 5582.5762, time   86.5, minPhero 0.01(261), stagnancy 0.0%
[35m[MSG][0m itr   100, best 5582.5762, time   87.3, minPhero 0.01(261), stagnancy 0.3%
[35m[MSG][0m itr   101, best 5582.5762, time   88.2, minPhero 0.01(261), stagnancy 0.7%
[35m[MSG][0m itr   102, best 5582.5762, time   89.1, minPhero 0.01(259), stagnancy 1.0%
[35m[MSG][0m itr   103, best 5582.5762, time   90.0, minPhero 0.01(259), stagnancy 1.3%
[35m[MSG][0m itr   104, best 5582.5762, time   90.8, minPhero 0.01(257), stagnancy 1.7%
[35m[MSG][0m itr   105, best 5582.5762, time   91.7, minPhero 0.01(257), stagnancy 2.0%
[35m[MSG][0m itr   106, best 5582.5762, time   92.6, minPhero 0.01(251), stagnancy 2.3%
[35m[MSG][0m itr   107, best 5582.5762, time   93.4, minPhero 0.01(250), stagnancy 2.7%
[35m[MSG][0m itr   108, best 5582.5762, time   94.3, minPhero 0.01(250), stagnancy 3.0%
[35m[MSG][0m itr   109, best 5582.5762, time   95.2, minPhero 0.01(249), stagnancy 3.3%
[35m[MSG][0m itr   110, best 5582.5762, time   96.0, minPhero 0.01(249), stagnancy 3.7%
[35m[MSG][0m itr   111, best 5582.5762, time   96.9, minPhero 0.01(248), stagnancy 4.0%
[35m[MSG][0m itr   112, best 5582.5762, time   97.8, minPhero 0.01(247), stagnancy 4.3%
[35m[MSG][0m itr   113, best 5582.5762, time   98.6, minPhero 0.01(247), stagnancy 4.7%
[35m[MSG][0m itr   114, best 5582.5762, time   99.5, minPhero 0.01(243), stagnancy 5.0%
[35m[MSG][0m itr   115, best 5582.5762, time  100.4, minPhero 0.01(243), stagnancy 5.3%
[35m[MSG][0m itr   116, best 5582.5762, time  101.2, minPhero 0.01(233), stagnancy 5.7%
[35m[MSG][0m itr   117, best 5582.5762, time  102.1, minPhero 0.01(233), stagnancy 6.0%
[35m[MSG][0m itr   118, best 5581.1738, time  103.0, minPhero 0.01(240), stagnancy 0.0%
[35m[MSG][0m itr   119, best 5581.1738, time  103.8, minPhero 0.01(240), stagnancy 0.3%
[35m[MSG][0m itr   120, best 5580.0879, time  104.7, minPhero 0.01(246), stagnancy 0.0%
[35m[MSG][0m itr   121, best 5580.0879, time  105.6, minPhero 0.01(245), stagnancy 0.3%
[35m[MSG][0m itr   122, best 5580.0879, time  106.4, minPhero 0.01(245), stagnancy 0.7%
[35m[MSG][0m itr   123, best 5579.3945, time  107.3, minPhero 0.01(248), stagnancy 0.0%
[35m[MSG][0m itr   124, best 5579.3945, time  108.2, minPhero 0.01(248), stagnancy 0.3%
[35m[MSG][0m itr   125, best 5579.3945, time  109.0, minPhero 0.01(248), stagnancy 0.7%
[35m[MSG][0m itr   126, best 5579.3945, time  109.9, minPhero 0.01(248), stagnancy 1.0%
[35m[MSG][0m itr   127, best 5579.3945, time  110.8, minPhero 0.01(248), stagnancy 1.3%
[35m[MSG][0m itr   128, best 5579.3945, time  111.6, minPhero 0.01(248), stagnancy 1.7%
[35m[MSG][0m itr   129, best 5579.3945, time  112.5, minPhero 0.01(248), stagnancy 2.0%
[35m[MSG][0m itr   130, best 5579.3945, time  113.4, minPhero 0.01(248), stagnancy 2.3%
[35m[MSG][0m itr   131, best 5579.3945, time  114.2, minPhero 0.01(248), stagnancy 2.7%
[35m[MSG][0m itr   132, best 5578.9971, time  115.1, minPhero 0.01(250), stagnancy 0.0%
[35m[MSG][0m itr   133, best 5578.9971, time  116.0, minPhero 0.01(250), stagnancy 0.3%
[35m[MSG][0m itr   134, best 5578.9971, time  116.8, minPhero 0.01(250), stagnancy 0.7%
[35m[MSG][0m itr   135, best 5578.9971, time  117.7, minPhero 0.01(250), stagnancy 1.0%
[35m[MSG][0m itr   136, best 5578.9971, time  118.6, minPhero 0.01(250), stagnancy 1.3%
[35m[MSG][0m itr   137, best 5578.9971, time  119.4, minPhero 0.01(250), stagnancy 1.7%
[35m[MSG][0m itr   138, best 5578.9971, time  120.3, minPhero 0.01(250), stagnancy 2.0%
[35m[MSG][0m itr   139, best 5578.9971, time  121.2, minPhero 0.01(250), stagnancy 2.3%
[35m[MSG][0m itr   140, best 5578.9971, time  122.0, minPhero 0.01(244), stagnancy 2.7%
[35m[MSG][0m itr   141, best 5578.9971, time  122.9, minPhero 0.01(244), stagnancy 3.0%
[35m[MSG][0m itr   142, best 5578.9971, time  123.8, minPhero 0.01(238), stagnancy 3.3%
[35m[MSG][0m itr   143, best 5578.9971, time  124.6, minPhero 0.01(238), stagnancy 3.7%
[35m[MSG][0m itr   144, best 5578.9971, time  125.5, minPhero 0.01(238), stagnancy 4.0%
[35m[MSG][0m itr   145, best 5578.9971, time  126.3, minPhero 0.01(235), stagnancy 4.3%
[35m[MSG][0m itr   146, best 5578.9971, time  127.2, minPhero 0.01(235), stagnancy 4.7%
[35m[MSG][0m itr   147, best 5578.9971, time  128.1, minPhero 0.01(235), stagnancy 5.0%
[35m[MSG][0m itr   148, best 5578.9941, time  128.9, minPhero 0.01(238), stagnancy 0.0%
[35m[MSG][0m itr   149, best 5578.9941, time  129.8, minPhero 0.01(238), stagnancy 0.3%
[35m[MSG][0m itr   150, best 5578.9941, time  130.7, minPhero 0.01(238), stagnancy 0.7%
[35m[MSG][0m itr   151, best 5578.9941, time  131.5, minPhero 0.01(238), stagnancy 1.0%
[35m[MSG][0m itr   152, best 5578.9941, time  132.4, minPhero 0.01(238), stagnancy 1.3%
[35m[MSG][0m itr   153, best 5578.9941, time  133.3, minPhero 0.01(238), stagnancy 1.7%
[35m[MSG][0m itr   154, best 5578.9941, time  134.1, minPhero 0.01(235), stagnancy 2.0%
[35m[MSG][0m itr   155, best 5578.9941, time  135.0, minPhero 0.01(235), stagnancy 2.3%
[35m[MSG][0m itr   156, best 5578.9941, time  135.9, minPhero 0.01(235), stagnancy 2.7%
[35m[MSG][0m itr   157, best 5578.9941, time  136.7, minPhero 0.01(235), stagnancy 3.0%
[35m[MSG][0m itr   158, best 5578.9941, time  137.6, minPhero 0.01(235), stagnancy 3.3%
[35m[MSG][0m itr   159, best 5578.9941, time  138.4, minPhero 0.01(235), stagnancy 3.7%
[35m[MSG][0m itr   160, best 5578.9941, time  139.3, minPhero 0.01(235), stagnancy 4.0%
[35m[MSG][0m itr   161, best 5578.9941, time  140.2, minPhero 0.01(235), stagnancy 4.3%
[35m[MSG][0m itr   162, best 5578.9941, time  141.0, minPhero 0.01(235), stagnancy 4.7%
[35m[MSG][0m itr   163, best 5578.9941, time  141.9, minPhero 0.01(235), stagnancy 5.0%
[35m[MSG][0m itr   164, best 5578.9941, time  142.8, minPhero 0.01(235), stagnancy 5.3%
[35m[MSG][0m itr   165, best 5578.9941, time  143.6, minPhero 0.01(235), stagnancy 5.7%
[35m[MSG][0m itr   166, best 5578.9937, time  144.5, minPhero 0.01(235), stagnancy 0.0%
[35m[MSG][0m itr   167, best 5578.9937, time  145.3, minPhero 0.01(235), stagnancy 0.3%
[35m[MSG][0m itr   168, best 5578.9937, time  146.2, minPhero 0.01(235), stagnancy 0.7%
[35m[MSG][0m itr   169, best 5578.9937, time  147.1, minPhero 0.01(235), stagnancy 1.0%
[35m[MSG][0m itr   170, best 5578.9937, time  147.9, minPhero 0.01(232), stagnancy 1.3%
[35m[MSG][0m itr   171, best 5578.9937, time  148.8, minPhero 0.01(232), stagnancy 1.7%
[35m[MSG][0m itr   172, best 5578.9937, time  149.7, minPhero 0.01(232), stagnancy 2.0%
[35m[MSG][0m itr   173, best 5578.9937, time  150.5, minPhero 0.01(232), stagnancy 2.3%
[35m[MSG][0m itr   174, best 5578.9937, time  151.4, minPhero 0.01(232), stagnancy 2.7%
[35m[MSG][0m itr   175, best 5578.9937, time  152.2, minPhero 0.01(232), stagnancy 3.0%
[35m[MSG][0m itr   176, best 5578.9937, time  153.1, minPhero 0.01(232), stagnancy 3.3%
[35m[MSG][0m itr   177, best 5578.9937, time  154.0, minPhero 0.01(232), stagnancy 3.7%
[35m[MSG][0m itr   178, best 5578.9937, time  154.8, minPhero 0.01(232), stagnancy 4.0%
[35m[MSG][0m itr   179, best 5578.9937, time  155.7, minPhero 0.01(232), stagnancy 4.3%
[35m[MSG][0m itr   180, best 5577.9438, time  156.6, minPhero 0.01(241), stagnancy 0.0%
[35m[MSG][0m itr   181, best 5577.9438, time  157.4, minPhero 0.01(241), stagnancy 0.3%
[35m[MSG][0m itr   182, best 5577.9438, time  158.3, minPhero 0.01(241), stagnancy 0.7%
[35m[MSG][0m itr   183, best 5577.4824, time  159.2, minPhero 0.01(252), stagnancy 0.0%
[35m[MSG][0m itr   184, best 5573.0098, time  160.0, minPhero 0.01(252), stagnancy 0.0%
[35m[MSG][0m itr   185, best 5573.0098, time  160.9, minPhero 0.01(252), stagnancy 0.3%
[35m[MSG][0m itr   186, best 5573.0098, time  161.8, minPhero 0.01(252), stagnancy 0.7%
[35m[MSG][0m itr   187, best 5573.0098, time  162.6, minPhero 0.01(252), stagnancy 1.0%
[35m[MSG][0m itr   188, best 5573.0098, time  163.5, minPhero 0.01(252), stagnancy 1.3%
[35m[MSG][0m itr   189, best 5573.0098, time  164.4, minPhero 0.01(252), stagnancy 1.7%
[35m[MSG][0m itr   190, best 5573.0098, time  165.3, minPhero 0.01(252), stagnancy 2.0%
[35m[MSG][0m itr   191, best 5573.0098, time  166.1, minPhero 0.01(252), stagnancy 2.3%
[35m[MSG][0m itr   192, best 5573.0088, time  167.0, minPhero 0.01(252), stagnancy 0.0%
[35m[MSG][0m itr   193, best 5572.9297, time  167.9, minPhero 0.01(255), stagnancy 0.0%
[35m[MSG][0m itr   194, best 5572.9297, time  168.7, minPhero 0.01(255), stagnancy 0.3%
[35m[MSG][0m itr   195, best 5572.9297, time  169.6, minPhero 0.01(251), stagnancy 0.7%
[35m[MSG][0m itr   196, best 5572.9297, time  170.5, minPhero 0.01(251), stagnancy 1.0%
[35m[MSG][0m itr   197, best 5572.9297, time  171.3, minPhero 0.01(251), stagnancy 1.3%
[35m[MSG][0m itr   198, best 5572.9297, time  172.2, minPhero 0.01(251), stagnancy 1.7%
[35m[MSG][0m itr   199, best 5572.9292, time  173.1, minPhero 0.01(245), stagnancy 0.0%
[35m[MSG][0m itr   200, best 5572.9292, time  173.9, minPhero 0.01(245), stagnancy 0.3%
[35m[MSG][0m itr   201, best 5572.9292, time  174.8, minPhero 0.01(245), stagnancy 0.7%
[35m[MSG][0m itr   202, best 5572.9292, time  175.7, minPhero 0.01(239), stagnancy 1.0%
[35m[MSG][0m itr   203, best 5572.9292, time  176.5, minPhero 0.01(239), stagnancy 1.3%
[35m[MSG][0m itr   204, best 5572.9292, time  177.4, minPhero 0.01(239), stagnancy 1.7%
[35m[MSG][0m itr   205, best 5572.9292, time  178.3, minPhero 0.01(235), stagnancy 2.0%
[35m[MSG][0m itr   206, best 5572.9292, time  179.1, minPhero 0.01(235), stagnancy 2.3%
[35m[MSG][0m itr   207, best 5572.9292, time  180.0, minPhero 0.01(235), stagnancy 2.7%
[35m[MSG][0m itr   208, best 5572.9292, time  180.9, minPhero 0.01(235), stagnancy 3.0%
[35m[MSG][0m itr   209, best 5572.9292, time  181.7, minPhero 0.01(235), stagnancy 3.3%
[35m[MSG][0m itr   210, best 5572.9292, time  182.6, minPhero 0.01(235), stagnancy 3.7%
[35m[MSG][0m itr   211, best 5572.9292, time  183.5, minPhero 0.01(235), stagnancy 4.0%
[35m[MSG][0m itr   212, best 5572.9292, time  184.3, minPhero 0.01(235), stagnancy 4.3%
[35m[MSG][0m itr   213, best 5572.9292, time  185.2, minPhero 0.01(235), stagnancy 4.7%
[35m[MSG][0m itr   214, best 5572.9292, time  186.1, minPhero 0.01(234), stagnancy 5.0%
[35m[MSG][0m itr   215, best 5572.9292, time  186.9, minPhero 0.01(232), stagnancy 5.3%
[35m[MSG][0m itr   216, best 5572.9292, time  187.8, minPhero 0.01(232), stagnancy 5.7%
[35m[MSG][0m itr   217, best 5572.9292, time  188.7, minPhero 0.01(232), stagnancy 6.0%
[35m[MSG][0m itr   218, best 5572.9292, time  189.5, minPhero 0.01(232), stagnancy 6.3%
[35m[MSG][0m itr   219, best 5572.9292, time  190.4, minPhero 0.01(232), stagnancy 6.7%
[35m[MSG][0m itr   220, best 5572.9292, time  191.3, minPhero 0.01(232), stagnancy 7.0%
[35m[MSG][0m itr   221, best 5572.9292, time  192.1, minPhero 0.01(232), stagnancy 7.3%
[35m[MSG][0m itr   222, best 5572.9292, time  193.0, minPhero 0.01(232), stagnancy 7.7%
[35m[MSG][0m itr   223, best 5572.9292, time  193.9, minPhero 0.01(232), stagnancy 8.0%
[35m[MSG][0m itr   224, best 5572.9292, time  194.7, minPhero 0.01(232), stagnancy 8.3%
[35m[MSG][0m itr   225, best 5572.9292, time  195.6, minPhero 0.01(232), stagnancy 8.7%
[35m[MSG][0m itr   226, best 5572.9292, time  196.5, minPhero 0.01(232), stagnancy 9.0%
[35m[MSG][0m itr   227, best 5572.9292, time  197.3, minPhero 0.01(232), stagnancy 9.3%
[35m[MSG][0m itr   228, best 5572.9292, time  198.2, minPhero 0.01(232), stagnancy 9.7%
[35m[MSG][0m itr   229, best 5572.9292, time  199.1, minPhero 0.01(232), stagnancy 10.0%
[35m[MSG][0m itr   230, best 5572.9292, time  199.9, minPhero 0.01(232), stagnancy 10.3%
[35m[MSG][0m itr   231, best 5572.9292, time  200.8, minPhero 0.01(232), stagnancy 10.7%
[35m[MSG][0m itr   232, best 5572.9292, time  201.7, minPhero 0.01(232), stagnancy 11.0%
[35m[MSG][0m itr   233, best 5572.9292, time  202.5, minPhero 0.01(232), stagnancy 11.3%
[35m[MSG][0m itr   234, best 5572.9292, time  203.4, minPhero 0.01(232), stagnancy 11.7%
[35m[MSG][0m itr   235, best 5572.9292, time  204.3, minPhero 0.01(232), stagnancy 12.0%
[35m[MSG][0m itr   236, best 5572.9292, time  205.1, minPhero 0.01(232), stagnancy 12.3%
[35m[MSG][0m itr   237, best 5572.9292, time  206.0, minPhero 0.01(232), stagnancy 12.7%
[35m[MSG][0m itr   238, best 5572.9292, time  206.9, minPhero 0.01(232), stagnancy 13.0%
[35m[MSG][0m itr   239, best 5572.9292, time  207.7, minPhero 0.01(232), stagnancy 13.3%
[35m[MSG][0m itr   240, best 5572.9292, time  208.6, minPhero 0.01(232), stagnancy 13.7%
[35m[MSG][0m itr   241, best 5572.9292, time  209.5, minPhero 0.01(232), stagnancy 14.0%
[35m[MSG][0m itr   242, best 5572.9292, time  210.3, minPhero 0.01(232), stagnancy 14.3%
[35m[MSG][0m itr   243, best 5572.9292, time  211.2, minPhero 0.01(232), stagnancy 14.7%
[35m[MSG][0m itr   244, best 5572.9292, time  212.1, minPhero 0.01(232), stagnancy 15.0%
[35m[MSG][0m itr   245, best 5572.9292, time  212.9, minPhero 0.01(232), stagnancy 15.3%
[35m[MSG][0m itr   246, best 5572.9292, time  213.8, minPhero 0.01(232), stagnancy 15.7%
[35m[MSG][0m itr   247, best 5572.9292, time  214.7, minPhero 0.01(232), stagnancy 16.0%
[35m[MSG][0m itr   248, best 5572.9292, time  215.6, minPhero 0.01(232), stagnancy 16.3%
[35m[MSG][0m itr   249, best 5572.9292, time  216.4, minPhero 0.01(232), stagnancy 16.7%
[35m[MSG][0m itr   250, best 5572.9292, time  217.3, minPhero 0.01(232), stagnancy 17.0%
[35m[MSG][0m itr   251, best 5572.9292, time  218.1, minPhero 0.01(232), stagnancy 17.3%
[35m[MSG][0m itr   252, best 5572.9292, time  219.0, minPhero 0.01(232), stagnancy 17.7%
[35m[MSG][0m itr   253, best 5572.9292, time  219.9, minPhero 0.01(232), stagnancy 18.0%
[35m[MSG][0m itr   254, best 5572.9292, time  220.7, minPhero 0.01(232), stagnancy 18.3%
[35m[MSG][0m itr   255, best 5572.9292, time  221.6, minPhero 0.01(232), stagnancy 18.7%
[35m[MSG][0m itr   256, best 5572.9292, time  222.5, minPhero 0.01(232), stagnancy 19.0%
[35m[MSG][0m itr   257, best 5572.9292, time  223.4, minPhero 0.01(232), stagnancy 19.3%
[35m[MSG][0m itr   258, best 5572.9292, time  224.2, minPhero 0.01(232), stagnancy 19.7%
[35m[MSG][0m itr   259, best 5572.9292, time  225.1, minPhero 0.01(232), stagnancy 20.0%
[35m[MSG][0m itr   260, best 5572.9292, time  226.0, minPhero 0.01(232), stagnancy 20.3%
[35m[MSG][0m itr   261, best 5572.9292, time  226.8, minPhero 0.01(232), stagnancy 20.7%
[35m[MSG][0m itr   262, best 5572.9292, time  227.7, minPhero 0.01(232), stagnancy 21.0%
[35m[MSG][0m itr   263, best 5572.9292, time  228.6, minPhero 0.01(232), stagnancy 21.3%
[35m[MSG][0m itr   264, best 5572.9292, time  229.4, minPhero 0.01(232), stagnancy 21.7%
[35m[MSG][0m itr   265, best 5572.9292, time  230.3, minPhero 0.01(232), stagnancy 22.0%
[35m[MSG][0m itr   266, best 5572.9292, time  231.2, minPhero 0.01(232), stagnancy 22.3%
[35m[MSG][0m itr   267, best 5572.9292, time  232.0, minPhero 0.01(232), stagnancy 22.7%
[35m[MSG][0m itr   268, best 5572.9292, time  232.9, minPhero 0.01(232), stagnancy 23.0%
[35m[MSG][0m itr   269, best 5572.9292, time  233.8, minPhero 0.01(232), stagnancy 23.3%
[35m[MSG][0m itr   270, best 5572.9292, time  234.6, minPhero 0.01(232), stagnancy 23.7%
[35m[MSG][0m itr   271, best 5572.9292, time  235.5, minPhero 0.01(232), stagnancy 24.0%
[35m[MSG][0m itr   272, best 5572.9292, time  236.4, minPhero 0.01(232), stagnancy 24.3%
[35m[MSG][0m itr   273, best 5572.9292, time  237.2, minPhero 0.01(232), stagnancy 24.7%
[35m[MSG][0m itr   274, best 5572.9292, time  238.1, minPhero 0.01(232), stagnancy 25.0%
[35m[MSG][0m itr   275, best 5572.9292, time  239.0, minPhero 0.01(232), stagnancy 25.3%
[35m[MSG][0m itr   276, best 5572.9292, time  239.8, minPhero 0.01(232), stagnancy 25.7%
[35m[MSG][0m itr   277, best 5572.9292, time  240.7, minPhero 0.01(232), stagnancy 26.0%
[35m[MSG][0m itr   278, best 5572.9292, time  241.6, minPhero 0.01(232), stagnancy 26.3%
[35m[MSG][0m itr   279, best 5572.9292, time  242.4, minPhero 0.01(232), stagnancy 26.7%
[35m[MSG][0m itr   280, best 5572.9292, time  243.3, minPhero 0.01(232), stagnancy 27.0%
[35m[MSG][0m itr   281, best 5572.9292, time  244.2, minPhero 0.01(232), stagnancy 27.3%
[35m[MSG][0m itr   282, best 5572.9292, time  245.0, minPhero 0.01(232), stagnancy 27.7%
[35m[MSG][0m itr   283, best 5572.9292, time  245.9, minPhero 0.01(232), stagnancy 28.0%
[35m[MSG][0m itr   284, best 5572.9292, time  246.8, minPhero 0.01(232), stagnancy 28.3%
[35m[MSG][0m itr   285, best 5572.9292, time  247.6, minPhero 0.01(232), stagnancy 28.7%
[35m[MSG][0m itr   286, best 5572.9292, time  248.5, minPhero 0.01(232), stagnancy 29.0%
[35m[MSG][0m itr   287, best 5572.9292, time  249.3, minPhero 0.01(232), stagnancy 29.3%
[35m[MSG][0m itr   288, best 5572.9292, time  250.2, minPhero 0.01(232), stagnancy 29.7%
[35m[MSG][0m itr   289, best 5572.9292, time  251.1, minPhero 0.01(232), stagnancy 30.0%
[35m[MSG][0m itr   290, best 5572.9292, time  251.9, minPhero 0.01(232), stagnancy 30.3%
[35m[MSG][0m itr   291, best 5572.9292, time  252.8, minPhero 0.01(232), stagnancy 30.7%
[35m[MSG][0m itr   292, best 5572.9292, time  253.7, minPhero 0.01(232), stagnancy 31.0%
[35m[MSG][0m itr   293, best 5572.9292, time  254.5, minPhero 0.01(232), stagnancy 31.3%
[35m[MSG][0m itr   294, best 5572.9292, time  255.4, minPhero 0.01(232), stagnancy 31.7%
[35m[MSG][0m itr   295, best 5572.9292, time  256.3, minPhero 0.01(232), stagnancy 32.0%
[35m[MSG][0m itr   296, best 5572.9292, time  257.1, minPhero 0.01(232), stagnancy 32.3%
[35m[MSG][0m itr   297, best 5572.9292, time  258.0, minPhero 0.01(232), stagnancy 32.7%
[35m[MSG][0m itr   298, best 5572.9292, time  258.9, minPhero 0.01(232), stagnancy 33.0%
[35m[MSG][0m itr   299, best 5572.9292, time  259.7, minPhero 0.01(232), stagnancy 33.3%
[35m[MSG][0m itr   300, best 5572.9292, time  260.6, minPhero 0.01(232), stagnancy 33.7%
[35m[MSG][0m itr   301, best 5572.9292, time  261.5, minPhero 0.01(232), stagnancy 34.0%
[35m[MSG][0m itr   302, best 5572.9292, time  262.4, minPhero 0.01(232), stagnancy 34.3%
[35m[MSG][0m itr   303, best 5572.9292, time  263.2, minPhero 0.01(232), stagnancy 34.7%
[35m[MSG][0m itr   304, best 5572.9292, time  264.1, minPhero 0.01(232), stagnancy 35.0%
[35m[MSG][0m itr   305, best 5572.9292, time  265.0, minPhero 0.01(232), stagnancy 35.3%
[35m[MSG][0m itr   306, best 5572.9292, time  265.8, minPhero 0.01(232), stagnancy 35.7%
[35m[MSG][0m itr   307, best 5572.9292, time  266.7, minPhero 0.01(232), stagnancy 36.0%
[35m[MSG][0m itr   308, best 5572.9292, time  267.6, minPhero 0.01(232), stagnancy 36.3%
[35m[MSG][0m itr   309, best 5572.9292, time  268.4, minPhero 0.01(232), stagnancy 36.7%
[35m[MSG][0m itr   310, best 5572.9292, time  269.3, minPhero 0.01(232), stagnancy 37.0%
[35m[MSG][0m itr   311, best 5572.9292, time  270.2, minPhero 0.01(232), stagnancy 37.3%
[35m[MSG][0m itr   312, best 5572.9287, time  271.0, minPhero 0.01(232), stagnancy 0.0%
[35m[MSG][0m itr   313, best 5572.9287, time  271.9, minPhero 0.01(232), stagnancy 0.3%
[35m[MSG][0m itr   314, best 5572.9287, time  272.8, minPhero 0.01(232), stagnancy 0.7%
[35m[MSG][0m itr   315, best 5572.9287, time  273.6, minPhero 0.01(232), stagnancy 1.0%
[35m[MSG][0m itr   316, best 5572.9287, time  274.5, minPhero 0.01(232), stagnancy 1.3%
[35m[MSG][0m itr   317, best 5572.9287, time  275.4, minPhero 0.01(232), stagnancy 1.7%
[35m[MSG][0m itr   318, best 5572.9287, time  276.2, minPhero 0.01(232), stagnancy 2.0%
[35m[MSG][0m itr   319, best 5572.9287, time  277.1, minPhero 0.01(232), stagnancy 2.3%
[35m[MSG][0m itr   320, best 5572.9287, time  278.0, minPhero 0.01(232), stagnancy 2.7%
[35m[MSG][0m itr   321, best 5572.9287, time  278.8, minPhero 0.01(232), stagnancy 3.0%
[35m[MSG][0m itr   322, best 5572.9287, time  279.7, minPhero 0.01(232), stagnancy 3.3%
[35m[MSG][0m itr   323, best 5572.9287, time  280.6, minPhero 0.01(232), stagnancy 3.7%
[35m[MSG][0m itr   324, best 5572.9287, time  281.4, minPhero 0.01(232), stagnancy 4.0%
[35m[MSG][0m itr   325, best 5572.9287, time  282.3, minPhero 0.01(232), stagnancy 4.3%
[35m[MSG][0m itr   326, best 5572.9287, time  283.2, minPhero 0.01(232), stagnancy 4.7%
[35m[MSG][0m itr   327, best 5572.9287, time  284.0, minPhero 0.01(232), stagnancy 5.0%
[35m[MSG][0m itr   328, best 5572.9287, time  284.9, minPhero 0.01(232), stagnancy 5.3%
[35m[MSG][0m itr   329, best 5572.9287, time  285.8, minPhero 0.01(232), stagnancy 5.7%
[35m[MSG][0m itr   330, best 5572.9287, time  286.6, minPhero 0.01(232), stagnancy 6.0%
[35m[MSG][0m itr   331, best 5572.9287, time  287.5, minPhero 0.01(232), stagnancy 6.3%
[35m[MSG][0m itr   332, best 5572.9287, time  288.4, minPhero 0.01(232), stagnancy 6.7%
[35m[MSG][0m itr   333, best 5572.9287, time  289.2, minPhero 0.01(232), stagnancy 7.0%
[35m[MSG][0m itr   334, best 5572.9287, time  290.1, minPhero 0.01(232), stagnancy 7.3%
[35m[MSG][0m itr   335, best 5572.9287, time  291.0, minPhero 0.01(232), stagnancy 7.7%
[35m[MSG][0m itr   336, best 5572.9287, time  291.8, minPhero 0.01(232), stagnancy 8.0%
[35m[MSG][0m itr   337, best 5572.9287, time  292.7, minPhero 0.01(232), stagnancy 8.3%
[35m[MSG][0m itr   338, best 5572.9287, time  293.6, minPhero 0.01(232), stagnancy 8.7%
[35m[MSG][0m itr   339, best 5572.9287, time  294.4, minPhero 0.01(232), stagnancy 9.0%
[35m[MSG][0m itr   340, best 5572.9287, time  295.3, minPhero 0.01(232), stagnancy 9.3%
[35m[MSG][0m itr   341, best 5572.9287, time  296.2, minPhero 0.01(232), stagnancy 9.7%
[35m[MSG][0m itr   342, best 5572.9287, time  297.0, minPhero 0.01(232), stagnancy 10.0%
[35m[MSG][0m itr   343, best 5572.9287, time  297.9, minPhero 0.01(232), stagnancy 10.3%
[35m[MSG][0m itr   344, best 5572.9287, time  298.8, minPhero 0.01(232), stagnancy 10.7%
[35m[MSG][0m itr   345, best 5572.9287, time  299.6, minPhero 0.01(232), stagnancy 11.0%
[35m[MSG][0m itr   346, best 5572.9287, time  300.5, minPhero 0.01(232), stagnancy 11.3%
[35m[MSG][0m itr   347, best 5572.9287, time  301.4, minPhero 0.01(232), stagnancy 11.7%
[35m[MSG][0m itr   348, best 5572.9287, time  302.2, minPhero 0.01(232), stagnancy 12.0%
[35m[MSG][0m itr   349, best 5572.9287, time  303.1, minPhero 0.01(232), stagnancy 12.3%
[35m[MSG][0m itr   350, best 5572.9287, time  304.0, minPhero 0.01(232), stagnancy 12.7%
[35m[MSG][0m itr   351, best 5572.9287, time  304.8, minPhero 0.01(232), stagnancy 13.0%
[35m[MSG][0m itr   352, best 5572.9287, time  305.7, minPhero 0.01(232), stagnancy 13.3%
[35m[MSG][0m itr   353, best 5572.9287, time  306.6, minPhero 0.01(232), stagnancy 13.7%
[35m[MSG][0m itr   354, best 5572.9287, time  307.4, minPhero 0.01(232), stagnancy 14.0%
[35m[MSG][0m itr   355, best 5572.9287, time  308.3, minPhero 0.01(232), stagnancy 14.3%
[35m[MSG][0m itr   356, best 5572.9287, time  309.2, minPhero 0.01(232), stagnancy 14.7%
[35m[MSG][0m itr   357, best 5572.9287, time  310.0, minPhero 0.01(232), stagnancy 15.0%
[35m[MSG][0m itr   358, best 5572.9287, time  310.9, minPhero 0.01(232), stagnancy 15.3%
[35m[MSG][0m itr   359, best 5572.9287, time  311.8, minPhero 0.01(232), stagnancy 15.7%
[35m[MSG][0m itr   360, best 5572.9287, time  312.6, minPhero 0.01(232), stagnancy 16.0%
[35m[MSG][0m itr   361, best 5572.9287, time  313.5, minPhero 0.01(232), stagnancy 16.3%
[35m[MSG][0m itr   362, best 5572.9287, time  314.4, minPhero 0.01(232), stagnancy 16.7%
[35m[MSG][0m itr   363, best 5572.9287, time  315.2, minPhero 0.01(232), stagnancy 17.0%
[35m[MSG][0m itr   364, best 5572.9287, time  316.1, minPhero 0.01(232), stagnancy 17.3%
[35m[MSG][0m itr   365, best 5572.9287, time  317.0, minPhero 0.01(232), stagnancy 17.7%
[35m[MSG][0m itr   366, best 5572.9287, time  317.8, minPhero 0.01(232), stagnancy 18.0%
[35m[MSG][0m itr   367, best 5572.9287, time  318.7, minPhero 0.01(232), stagnancy 18.3%
[35m[MSG][0m itr   368, best 5572.9287, time  319.6, minPhero 0.01(232), stagnancy 18.7%
[35m[MSG][0m itr   369, best 5572.9287, time  320.5, minPhero 0.01(232), stagnancy 19.0%
[35m[MSG][0m itr   370, best 5572.9287, time  321.3, minPhero 0.01(232), stagnancy 19.3%
[35m[MSG][0m itr   371, best 5572.9287, time  322.2, minPhero 0.01(232), stagnancy 19.7%
[35m[MSG][0m itr   372, best 5572.9287, time  323.1, minPhero 0.01(232), stagnancy 20.0%
[35m[MSG][0m itr   373, best 5572.9287, time  323.9, minPhero 0.01(232), stagnancy 20.3%
[35m[MSG][0m itr   374, best 5572.9287, time  324.8, minPhero 0.01(232), stagnancy 20.7%
[35m[MSG][0m itr   375, best 5572.9287, time  325.7, minPhero 0.01(232), stagnancy 21.0%
[35m[MSG][0m itr   376, best 5572.9287, time  326.5, minPhero 0.01(232), stagnancy 21.3%
[35m[MSG][0m itr   377, best 5572.9287, time  327.4, minPhero 0.01(232), stagnancy 21.7%
[35m[MSG][0m itr   378, best 5572.9287, time  328.3, minPhero 0.01(232), stagnancy 22.0%
[35m[MSG][0m itr   379, best 5572.9287, time  329.1, minPhero 0.01(232), stagnancy 22.3%
[35m[MSG][0m itr   380, best 5572.9287, time  330.0, minPhero 0.01(232), stagnancy 22.7%
[35m[MSG][0m itr   381, best 5572.9287, time  330.9, minPhero 0.01(232), stagnancy 23.0%
[35m[MSG][0m itr   382, best 5572.9287, time  331.7, minPhero 0.01(232), stagnancy 23.3%
[35m[MSG][0m itr   383, best 5572.9287, time  332.6, minPhero 0.01(232), stagnancy 23.7%
[35m[MSG][0m itr   384, best 5572.9287, time  333.5, minPhero 0.01(232), stagnancy 24.0%
[35m[MSG][0m itr   385, best 5572.9287, time  334.3, minPhero 0.01(232), stagnancy 24.3%
[35m[MSG][0m itr   386, best 5572.9287, time  335.2, minPhero 0.01(232), stagnancy 24.7%
[35m[MSG][0m itr   387, best 5572.9287, time  336.1, minPhero 0.01(232), stagnancy 25.0%
[35m[MSG][0m itr   388, best 5572.9287, time  336.9, minPhero 0.01(232), stagnancy 25.3%
[35m[MSG][0m itr   389, best 5572.9287, time  337.8, minPhero 0.01(232), stagnancy 25.7%
[35m[MSG][0m itr   390, best 5572.9287, time  338.7, minPhero 0.01(232), stagnancy 26.0%
[35m[MSG][0m itr   391, best 5572.9287, time  339.5, minPhero 0.01(232), stagnancy 26.3%
[35m[MSG][0m itr   392, best 5572.9287, time  340.4, minPhero 0.01(232), stagnancy 26.7%
[35m[MSG][0m itr   393, best 5572.9287, time  341.3, minPhero 0.01(232), stagnancy 27.0%
[35m[MSG][0m itr   394, best 5572.9287, time  342.1, minPhero 0.01(232), stagnancy 27.3%
[35m[MSG][0m itr   395, best 5572.9287, time  343.0, minPhero 0.01(232), stagnancy 27.7%
[35m[MSG][0m itr   396, best 5572.9287, time  343.9, minPhero 0.01(232), stagnancy 28.0%
[35m[MSG][0m itr   397, best 5572.9287, time  344.7, minPhero 0.01(232), stagnancy 28.3%
[35m[MSG][0m itr   398, best 5572.9287, time  345.6, minPhero 0.01(232), stagnancy 28.7%
[35m[MSG][0m itr   399, best 5572.9287, time  346.5, minPhero 0.01(232), stagnancy 29.0%
[35m[MSG][0m itr   400, best 5572.9287, time  347.3, minPhero 0.01(232), stagnancy 29.3%
[35m[MSG][0m itr   401, best 5572.9287, time  348.2, minPhero 0.01(232), stagnancy 29.7%
[35m[MSG][0m itr   402, best 5572.9287, time  349.1, minPhero 0.01(232), stagnancy 30.0%
[35m[MSG][0m itr   403, best 5572.9287, time  349.9, minPhero 0.01(232), stagnancy 30.3%
[35m[MSG][0m itr   404, best 5572.9287, time  350.8, minPhero 0.01(232), stagnancy 30.7%
[35m[MSG][0m itr   405, best 5572.9287, time  351.7, minPhero 0.01(232), stagnancy 31.0%
[35m[MSG][0m itr   406, best 5572.9287, time  352.5, minPhero 0.01(232), stagnancy 31.3%
[35m[MSG][0m itr   407, best 5572.9287, time  353.4, minPhero 0.01(232), stagnancy 31.7%
[35m[MSG][0m itr   408, best 5572.9287, time  354.3, minPhero 0.01(232), stagnancy 32.0%
[35m[MSG][0m itr   409, best 5572.9287, time  355.1, minPhero 0.01(232), stagnancy 32.3%
[35m[MSG][0m itr   410, best 5572.9287, time  356.0, minPhero 0.01(232), stagnancy 32.7%
[35m[MSG][0m itr   411, best 5572.9287, time  356.9, minPhero 0.01(232), stagnancy 33.0%
[35m[MSG][0m itr   412, best 5572.9287, time  357.7, minPhero 0.01(232), stagnancy 33.3%
[35m[MSG][0m itr   413, best 5572.9287, time  358.6, minPhero 0.01(232), stagnancy 33.7%
[35m[MSG][0m itr   414, best 5572.9287, time  359.5, minPhero 0.01(232), stagnancy 34.0%
[35m[MSG][0m itr   415, best 5572.9287, time  360.3, minPhero 0.01(232), stagnancy 34.3%
[35m[MSG][0m itr   416, best 5572.9287, time  361.2, minPhero 0.01(232), stagnancy 34.7%
[35m[MSG][0m itr   417, best 5572.9287, time  362.1, minPhero 0.01(232), stagnancy 35.0%
[35m[MSG][0m itr   418, best 5572.9287, time  362.9, minPhero 0.01(232), stagnancy 35.3%
[35m[MSG][0m itr   419, best 5572.9287, time  363.8, minPhero 0.01(232), stagnancy 35.7%
[35m[MSG][0m itr   420, best 5572.9287, time  364.7, minPhero 0.01(232), stagnancy 36.0%
[35m[MSG][0m itr   421, best 5572.9287, time  365.5, minPhero 0.01(232), stagnancy 36.3%
[35m[MSG][0m itr   422, best 5572.9287, time  366.4, minPhero 0.01(232), stagnancy 36.7%
[35m[MSG][0m itr   423, best 5572.9287, time  367.3, minPhero 0.01(232), stagnancy 37.0%
[35m[MSG][0m itr   424, best 5572.9287, time  368.1, minPhero 0.01(232), stagnancy 37.3%
[35m[MSG][0m itr   425, best 5572.9287, time  369.0, minPhero 0.01(232), stagnancy 37.7%
[35m[MSG][0m itr   426, best 5572.9287, time  369.9, minPhero 0.01(232), stagnancy 38.0%
[35m[MSG][0m itr   427, best 5572.9287, time  370.7, minPhero 0.01(232), stagnancy 38.3%
[35m[MSG][0m itr   428, best 5572.9287, time  371.6, minPhero 0.01(232), stagnancy 38.7%
[35m[MSG][0m itr   429, best 5572.9287, time  372.5, minPhero 0.01(232), stagnancy 39.0%
[35m[MSG][0m itr   430, best 5572.9287, time  373.3, minPhero 0.01(232), stagnancy 39.3%
[35m[MSG][0m itr   431, best 5572.9287, time  374.2, minPhero 0.01(232), stagnancy 39.7%
[35m[MSG][0m itr   432, best 5572.9287, time  375.1, minPhero 0.01(232), stagnancy 40.0%
[35m[MSG][0m itr   433, best 5572.9287, time  375.9, minPhero 0.01(232), stagnancy 40.3%
[35m[MSG][0m itr   434, best 5572.9287, time  376.8, minPhero 0.01(232), stagnancy 40.7%
[35m[MSG][0m itr   435, best 5572.9287, time  377.7, minPhero 0.01(232), stagnancy 41.0%
[35m[MSG][0m itr   436, best 5572.9287, time  378.5, minPhero 0.01(232), stagnancy 41.3%
[35m[MSG][0m itr   437, best 5572.9287, time  379.4, minPhero 0.01(232), stagnancy 41.7%
[35m[MSG][0m itr   438, best 5572.9287, time  380.3, minPhero 0.01(232), stagnancy 42.0%
[35m[MSG][0m itr   439, best 5572.9287, time  381.1, minPhero 0.01(232), stagnancy 42.3%
[35m[MSG][0m itr   440, best 5572.9287, time  382.0, minPhero 0.01(232), stagnancy 42.7%
[35m[MSG][0m itr   441, best 5572.9287, time  382.9, minPhero 0.01(232), stagnancy 43.0%
[35m[MSG][0m itr   442, best 5572.9287, time  383.7, minPhero 0.01(232), stagnancy 43.3%
[35m[MSG][0m itr   443, best 5572.9287, time  384.6, minPhero 0.01(232), stagnancy 43.7%
[35m[MSG][0m itr   444, best 5572.9287, time  385.5, minPhero 0.01(232), stagnancy 44.0%
[35m[MSG][0m itr   445, best 5572.9287, time  386.3, minPhero 0.01(232), stagnancy 44.3%
[35m[MSG][0m itr   446, best 5572.9287, time  387.2, minPhero 0.01(232), stagnancy 44.7%
[35m[MSG][0m itr   447, best 5572.9287, time  388.1, minPhero 0.01(232), stagnancy 45.0%
[35m[MSG][0m itr   448, best 5572.9287, time  388.9, minPhero 0.01(232), stagnancy 45.3%
[35m[MSG][0m itr   449, best 5572.9287, time  389.8, minPhero 0.01(232), stagnancy 45.7%
[35m[MSG][0m itr   450, best 5572.9287, time  390.7, minPhero 0.01(232), stagnancy 46.0%
[35m[MSG][0m itr   451, best 5572.9287, time  391.5, minPhero 0.01(232), stagnancy 46.3%
[35m[MSG][0m itr   452, best 5572.9287, time  392.4, minPhero 0.01(232), stagnancy 46.7%
[35m[MSG][0m itr   453, best 5572.9287, time  393.3, minPhero 0.01(232), stagnancy 47.0%
[35m[MSG][0m itr   454, best 5572.9287, time  394.1, minPhero 0.01(232), stagnancy 47.3%
[35m[MSG][0m itr   455, best 5572.9287, time  395.0, minPhero 0.01(232), stagnancy 47.7%
[35m[MSG][0m itr   456, best 5572.9287, time  395.9, minPhero 0.01(232), stagnancy 48.0%
[35m[MSG][0m itr   457, best 5572.9287, time  396.7, minPhero 0.01(232), stagnancy 48.3%
[35m[MSG][0m itr   458, best 5572.9287, time  397.6, minPhero 0.01(232), stagnancy 48.7%
[35m[MSG][0m itr   459, best 5572.9287, time  398.5, minPhero 0.01(232), stagnancy 49.0%
[35m[MSG][0m itr   460, best 5572.9287, time  399.3, minPhero 0.01(232), stagnancy 49.3%
[35m[MSG][0m itr   461, best 5572.9287, time  400.2, minPhero 0.01(232), stagnancy 49.7%
[35m[MSG][0m itr   462, best 5572.9287, time  401.1, minPhero 0.01(232), stagnancy 50.0%
[35m[MSG][0m itr   463, best 5572.9287, time  401.9, minPhero 0.01(232), stagnancy 50.3%
[35m[MSG][0m itr   464, best 5572.9287, time  402.8, minPhero 0.01(232), stagnancy 50.7%
[35m[MSG][0m itr   465, best 5572.9287, time  403.7, minPhero 0.01(232), stagnancy 51.0%
[35m[MSG][0m itr   466, best 5572.9287, time  404.5, minPhero 0.01(232), stagnancy 51.3%
[35m[MSG][0m itr   467, best 5572.9287, time  405.4, minPhero 0.01(232), stagnancy 51.7%
[35m[MSG][0m itr   468, best 5572.9287, time  406.3, minPhero 0.01(232), stagnancy 52.0%
[35m[MSG][0m itr   469, best 5572.9287, time  407.1, minPhero 0.01(232), stagnancy 52.3%
[35m[MSG][0m itr   470, best 5572.9287, time  408.0, minPhero 0.01(232), stagnancy 52.7%
[35m[MSG][0m itr   471, best 5572.9287, time  408.9, minPhero 0.01(232), stagnancy 53.0%
[35m[MSG][0m itr   472, best 5572.9287, time  409.7, minPhero 0.01(232), stagnancy 53.3%
[35m[MSG][0m itr   473, best 5572.9287, time  410.6, minPhero 0.01(232), stagnancy 53.7%
[35m[MSG][0m itr   474, best 5572.9287, time  411.5, minPhero 0.01(232), stagnancy 54.0%
[35m[MSG][0m itr   475, best 5572.9287, time  412.3, minPhero 0.01(232), stagnancy 54.3%
[35m[MSG][0m itr   476, best 5572.9287, time  413.2, minPhero 0.01(232), stagnancy 54.7%
[35m[MSG][0m itr   477, best 5572.9287, time  414.0, minPhero 0.01(232), stagnancy 55.0%
[35m[MSG][0m itr   478, best 5572.9287, time  414.9, minPhero 0.01(232), stagnancy 55.3%
[35m[MSG][0m itr   479, best 5572.9287, time  415.8, minPhero 0.01(232), stagnancy 55.7%
[35m[MSG][0m itr   480, best 5572.9287, time  416.7, minPhero 0.01(232), stagnancy 56.0%
[35m[MSG][0m itr   481, best 5572.9287, time  417.5, minPhero 0.01(232), stagnancy 56.3%
[35m[MSG][0m itr   482, best 5572.9287, time  418.4, minPhero 0.01(232), stagnancy 56.7%
[35m[MSG][0m itr   483, best 5572.9287, time  419.3, minPhero 0.01(232), stagnancy 57.0%
[35m[MSG][0m itr   484, best 5572.9287, time  420.1, minPhero 0.01(232), stagnancy 57.3%
[35m[MSG][0m itr   485, best 5572.9287, time  421.0, minPhero 0.01(232), stagnancy 57.7%
[35m[MSG][0m itr   486, best 5572.9287, time  421.9, minPhero 0.01(232), stagnancy 58.0%
[35m[MSG][0m itr   487, best 5572.9287, time  422.7, minPhero 0.01(232), stagnancy 58.3%
[35m[MSG][0m itr   488, best 5572.9287, time  423.6, minPhero 0.01(232), stagnancy 58.7%
[35m[MSG][0m itr   489, best 5572.9287, time  424.5, minPhero 0.01(232), stagnancy 59.0%
[35m[MSG][0m itr   490, best 5572.9287, time  425.3, minPhero 0.01(232), stagnancy 59.3%
[35m[MSG][0m itr   491, best 5572.9287, time  426.2, minPhero 0.01(232), stagnancy 59.7%
[35m[MSG][0m itr   492, best 5572.9287, time  427.1, minPhero 0.01(232), stagnancy 60.0%
[35m[MSG][0m itr   493, best 5572.9287, time  427.9, minPhero 0.01(232), stagnancy 60.3%
[35m[MSG][0m itr   494, best 5572.9287, time  428.8, minPhero 0.01(232), stagnancy 60.7%
[35m[MSG][0m itr   495, best 5572.9287, time  429.7, minPhero 0.01(232), stagnancy 61.0%
[35m[MSG][0m itr   496, best 5572.9287, time  430.5, minPhero 0.01(232), stagnancy 61.3%
[35m[MSG][0m itr   497, best 5572.9287, time  431.4, minPhero 0.01(232), stagnancy 61.7%
[35m[MSG][0m itr   498, best 5572.9287, time  432.3, minPhero 0.01(232), stagnancy 62.0%
[35m[MSG][0m itr   499, best 5572.9287, time  433.1, minPhero 0.01(232), stagnancy 62.3%
[35m[MSG][0m itr   500, best 5572.9287, time  434.0, minPhero 0.01(232), stagnancy 62.7%
[35m[MSG][0m itr   501, best 5572.9287, time  434.9, minPhero 0.01(232), stagnancy 63.0%
[35m[MSG][0m itr   502, best 5572.9287, time  435.7, minPhero 0.01(232), stagnancy 63.3%
[35m[MSG][0m itr   503, best 5572.9287, time  436.6, minPhero 0.01(232), stagnancy 63.7%
[35m[MSG][0m itr   504, best 5572.9287, time  437.5, minPhero 0.01(232), stagnancy 64.0%
[35m[MSG][0m itr   505, best 5572.9287, time  438.3, minPhero 0.01(232), stagnancy 64.3%
[35m[MSG][0m itr   506, best 5572.9287, time  439.2, minPhero 0.01(232), stagnancy 64.7%
[35m[MSG][0m itr   507, best 5572.9287, time  440.1, minPhero 0.01(232), stagnancy 65.0%
[35m[MSG][0m itr   508, best 5572.9287, time  440.9, minPhero 0.01(232), stagnancy 65.3%
[35m[MSG][0m itr   509, best 5572.9287, time  441.8, minPhero 0.01(232), stagnancy 65.7%
[35m[MSG][0m itr   510, best 5572.9287, time  442.7, minPhero 0.01(232), stagnancy 66.0%
[35m[MSG][0m itr   511, best 5572.9287, time  443.5, minPhero 0.01(232), stagnancy 66.3%
[35m[MSG][0m itr   512, best 5572.9287, time  444.4, minPhero 0.01(232), stagnancy 66.7%
[35m[MSG][0m itr   513, best 5572.9287, time  445.3, minPhero 0.01(232), stagnancy 67.0%
[35m[MSG][0m itr   514, best 5572.9287, time  446.1, minPhero 0.01(232), stagnancy 67.3%
[35m[MSG][0m itr   515, best 5572.9287, time  447.0, minPhero 0.01(232), stagnancy 67.7%
[35m[MSG][0m itr   516, best 5572.9287, time  447.9, minPhero 0.01(232), stagnancy 68.0%
[35m[MSG][0m itr   517, best 5572.9287, time  448.7, minPhero 0.01(232), stagnancy 68.3%
[35m[MSG][0m itr   518, best 5572.9287, time  449.6, minPhero 0.01(232), stagnancy 68.7%
[35m[MSG][0m itr   519, best 5572.9287, time  450.5, minPhero 0.01(232), stagnancy 69.0%
[35m[MSG][0m itr   520, best 5572.9287, time  451.3, minPhero 0.01(232), stagnancy 69.3%
[35m[MSG][0m itr   521, best 5572.9287, time  452.2, minPhero 0.01(232), stagnancy 69.7%
[35m[MSG][0m itr   522, best 5572.9287, time  453.1, minPhero 0.01(232), stagnancy 70.0%
[35m[MSG][0m itr   523, best 5572.9287, time  453.9, minPhero 0.01(232), stagnancy 70.3%
[35m[MSG][0m itr   524, best 5572.9287, time  454.8, minPhero 0.01(232), stagnancy 70.7%
[35m[MSG][0m itr   525, best 5572.9287, time  455.7, minPhero 0.01(232), stagnancy 71.0%
[35m[MSG][0m itr   526, best 5572.9287, time  456.5, minPhero 0.01(232), stagnancy 71.3%
[35m[MSG][0m itr   527, best 5572.9287, time  457.4, minPhero 0.01(232), stagnancy 71.7%
[35m[MSG][0m itr   528, best 5572.9287, time  458.3, minPhero 0.01(232), stagnancy 72.0%
[35m[MSG][0m itr   529, best 5572.9287, time  459.1, minPhero 0.01(232), stagnancy 72.3%
[35m[MSG][0m itr   530, best 5572.9287, time  460.0, minPhero 0.01(232), stagnancy 72.7%
[35m[MSG][0m itr   531, best 5572.9287, time  460.9, minPhero 0.01(232), stagnancy 73.0%
[35m[MSG][0m itr   532, best 5572.9287, time  461.7, minPhero 0.01(232), stagnancy 73.3%
[35m[MSG][0m itr   533, best 5572.9287, time  462.6, minPhero 0.01(232), stagnancy 73.7%
[35m[MSG][0m itr   534, best 5572.9287, time  463.5, minPhero 0.01(232), stagnancy 74.0%
[35m[MSG][0m itr   535, best 5572.9287, time  464.3, minPhero 0.01(232), stagnancy 74.3%
[35m[MSG][0m itr   536, best 5572.9287, time  465.2, minPhero 0.01(232), stagnancy 74.7%
[35m[MSG][0m itr   537, best 5572.9287, time  466.1, minPhero 0.01(232), stagnancy 75.0%
[35m[MSG][0m itr   538, best 5572.9287, time  466.9, minPhero 0.01(232), stagnancy 75.3%
[35m[MSG][0m itr   539, best 5572.9287, time  467.8, minPhero 0.01(232), stagnancy 75.7%
[35m[MSG][0m itr   540, best 5572.9287, time  468.7, minPhero 0.01(232), stagnancy 76.0%
[35m[MSG][0m itr   541, best 5572.9287, time  469.5, minPhero 0.01(232), stagnancy 76.3%
[35m[MSG][0m itr   542, best 5572.9287, time  470.4, minPhero 0.01(232), stagnancy 76.7%
[35m[MSG][0m itr   543, best 5572.9287, time  471.3, minPhero 0.01(232), stagnancy 77.0%
[35m[MSG][0m itr   544, best 5572.9287, time  472.1, minPhero 0.01(232), stagnancy 77.3%
[35m[MSG][0m itr   545, best 5572.9287, time  473.0, minPhero 0.01(232), stagnancy 77.7%
[35m[MSG][0m itr   546, best 5572.9287, time  473.9, minPhero 0.01(232), stagnancy 78.0%
[35m[MSG][0m itr   547, best 5572.9287, time  474.7, minPhero 0.01(232), stagnancy 78.3%
[35m[MSG][0m itr   548, best 5572.9287, time  475.6, minPhero 0.01(232), stagnancy 78.7%
[35m[MSG][0m itr   549, best 5572.9287, time  476.5, minPhero 0.01(232), stagnancy 79.0%
[35m[MSG][0m itr   550, best 5572.9287, time  477.3, minPhero 0.01(232), stagnancy 79.3%
[35m[MSG][0m itr   551, best 5572.9287, time  478.2, minPhero 0.01(232), stagnancy 79.7%
[35m[MSG][0m itr   552, best 5572.9287, time  479.1, minPhero 0.01(232), stagnancy 80.0%
[35m[MSG][0m itr   553, best 5572.9287, time  479.9, minPhero 0.01(232), stagnancy 80.3%
[35m[MSG][0m itr   554, best 5572.9287, time  480.8, minPhero 0.01(232), stagnancy 80.7%
[35m[MSG][0m itr   555, best 5572.9287, time  481.7, minPhero 0.01(232), stagnancy 81.0%
[35m[MSG][0m itr   556, best 5572.9287, time  482.6, minPhero 0.01(232), stagnancy 81.3%
[35m[MSG][0m itr   557, best 5572.9287, time  483.4, minPhero 0.01(232), stagnancy 81.7%
[35m[MSG][0m itr   558, best 5572.9287, time  484.3, minPhero 0.01(232), stagnancy 82.0%
[35m[MSG][0m itr   559, best 5572.9287, time  485.2, minPhero 0.01(232), stagnancy 82.3%
[35m[MSG][0m itr   560, best 5572.9287, time  486.0, minPhero 0.01(232), stagnancy 82.7%
[35m[MSG][0m itr   561, best 5572.9287, time  486.9, minPhero 0.01(232), stagnancy 83.0%
[35m[MSG][0m itr   562, best 5572.9287, time  487.8, minPhero 0.01(232), stagnancy 83.3%
[35m[MSG][0m itr   563, best 5572.9287, time  488.6, minPhero 0.01(232), stagnancy 83.7%
[35m[MSG][0m itr   564, best 5572.9287, time  489.5, minPhero 0.01(232), stagnancy 84.0%
[35m[MSG][0m itr   565, best 5572.9287, time  490.3, minPhero 0.01(232), stagnancy 84.3%
[35m[MSG][0m itr   566, best 5572.9287, time  491.2, minPhero 0.01(232), stagnancy 84.7%
[35m[MSG][0m itr   567, best 5572.9287, time  492.1, minPhero 0.01(232), stagnancy 85.0%
[35m[MSG][0m itr   568, best 5572.9287, time  492.9, minPhero 0.01(232), stagnancy 85.3%
[35m[MSG][0m itr   569, best 5572.9287, time  493.8, minPhero 0.01(232), stagnancy 85.7%
[35m[MSG][0m itr   570, best 5572.9287, time  494.7, minPhero 0.01(232), stagnancy 86.0%
[35m[MSG][0m itr   571, best 5572.9287, time  495.5, minPhero 0.01(232), stagnancy 86.3%
[35m[MSG][0m itr   572, best 5572.9287, time  496.4, minPhero 0.01(232), stagnancy 86.7%
[35m[MSG][0m itr   573, best 5572.9287, time  497.3, minPhero 0.01(232), stagnancy 87.0%
[35m[MSG][0m itr   574, best 5572.9287, time  498.1, minPhero 0.01(232), stagnancy 87.3%
[35m[MSG][0m itr   575, best 5572.9287, time  499.0, minPhero 0.01(232), stagnancy 87.7%
[35m[MSG][0m itr   576, best 5572.9287, time  499.9, minPhero 0.01(232), stagnancy 88.0%
[35m[MSG][0m itr   577, best 5572.9287, time  500.7, minPhero 0.01(232), stagnancy 88.3%
[35m[MSG][0m itr   578, best 5572.9287, time  501.6, minPhero 0.01(232), stagnancy 88.7%
[35m[MSG][0m itr   579, best 5572.9287, time  502.5, minPhero 0.01(232), stagnancy 89.0%
[35m[MSG][0m itr   580, best 5572.9287, time  503.3, minPhero 0.01(232), stagnancy 89.3%
[35m[MSG][0m itr   581, best 5572.9287, time  504.2, minPhero 0.01(232), stagnancy 89.7%
[35m[MSG][0m itr   582, best 5572.9287, time  505.1, minPhero 0.01(232), stagnancy 90.0%
[35m[MSG][0m itr   583, best 5572.9287, time  505.9, minPhero 0.01(232), stagnancy 90.3%
[35m[MSG][0m itr   584, best 5572.9287, time  506.8, minPhero 0.01(232), stagnancy 90.7%
[35m[MSG][0m itr   585, best 5572.9287, time  507.7, minPhero 0.01(232), stagnancy 91.0%
[35m[MSG][0m itr   586, best 5572.9287, time  508.5, minPhero 0.01(232), stagnancy 91.3%
[35m[MSG][0m itr   587, best 5572.9287, time  509.4, minPhero 0.01(232), stagnancy 91.7%
[35m[MSG][0m itr   588, best 5572.9287, time  510.3, minPhero 0.01(232), stagnancy 92.0%
[35m[MSG][0m itr   589, best 5572.9287, time  511.1, minPhero 0.01(232), stagnancy 92.3%
[35m[MSG][0m itr   590, best 5572.9287, time  512.0, minPhero 0.01(232), stagnancy 92.7%
[35m[MSG][0m itr   591, best 5572.9287, time  512.9, minPhero 0.01(232), stagnancy 93.0%
[35m[MSG][0m itr   592, best 5572.9287, time  513.7, minPhero 0.01(232), stagnancy 93.3%
[35m[MSG][0m itr   593, best 5572.9287, time  514.6, minPhero 0.01(232), stagnancy 93.7%
[35m[MSG][0m itr   594, best 5572.9287, time  515.5, minPhero 0.01(232), stagnancy 94.0%
[35m[MSG][0m itr   595, best 5572.9287, time  516.4, minPhero 0.01(232), stagnancy 94.3%
[35m[MSG][0m itr   596, best 5572.9287, time  517.2, minPhero 0.01(232), stagnancy 94.7%
[35m[MSG][0m itr   597, best 5572.9287, time  518.1, minPhero 0.01(232), stagnancy 95.0%
[35m[MSG][0m itr   598, best 5572.9287, time  519.0, minPhero 0.01(232), stagnancy 95.3%
[35m[MSG][0m itr   599, best 5572.9287, time  519.8, minPhero 0.01(232), stagnancy 95.7%
[35m[MSG][0m itr   600, best 5572.9287, time  520.7, minPhero 0.01(232), stagnancy 96.0%
[35m[MSG][0m itr   601, best 5572.9287, time  521.6, minPhero 0.01(232), stagnancy 96.3%
[35m[MSG][0m itr   602, best 5572.9287, time  522.4, minPhero 0.01(232), stagnancy 96.7%
[35m[MSG][0m itr   603, best 5572.9287, time  523.3, minPhero 0.01(232), stagnancy 97.0%
[35m[MSG][0m itr   604, best 5572.9287, time  524.2, minPhero 0.01(232), stagnancy 97.3%
[35m[MSG][0m itr   605, best 5572.9287, time  525.0, minPhero 0.01(232), stagnancy 97.7%
[35m[MSG][0m itr   606, best 5572.9287, time  525.9, minPhero 0.01(232), stagnancy 98.0%
[35m[MSG][0m itr   607, best 5572.9287, time  526.8, minPhero 0.01(232), stagnancy 98.3%
[35m[MSG][0m itr   608, best 5572.9287, time  527.6, minPhero 0.01(232), stagnancy 98.7%
[35m[MSG][0m itr   609, best 5572.9287, time  528.5, minPhero 0.01(232), stagnancy 99.0%
[35m[MSG][0m itr   610, best 5572.9287, time  529.4, minPhero 0.01(232), stagnancy 99.3%
[35m[MSG][0m itr   611, best 5572.9287, time  530.2, minPhero 0.01(232), stagnancy 99.7%
[35m[MSG][0m itr   612, best 5572.9287, time  531.1, minPhero 0.01(232), stagnancy 100.0%
[35m[MSG][0m Solution converged. Reinitialising pheromones...
[35m[MSG][0m Time: 531.10 s
[35m[MSG][0m Best cost: 5572.93
