[35m[MSG][0m Log level set to LOG_DEBUG
[35m[MSG][0m Parsing input from file "res/fruitybun250_2016.vrp"
[35m[MSG][0m Number of nodes: 250
[35m[MSG][0m Running ACO search
[35m[MSG][0m ACO settings: 
 alpha:     8.000
 beta:      1.000
 pers:      0.850
 minPhero:  0.015
 nbhood:    10
 popSize:   512
 maxStag:   300
[35m[MSG][0m itr     1, best 5753.9526, time    1.1, minPhero 0.85(28922), stagnancy 0.0%
[35m[MSG][0m itr     2, best 5753.9526, time    2.1, minPhero 0.72(28922), stagnancy 0.3%
[35m[MSG][0m itr     3, best 5739.3755, time    3.3, minPhero 0.61(28922), stagnancy 0.0%
[35m[MSG][0m itr     4, best 5739.3755, time    4.5, minPhero 0.52(28922), stagnancy 0.3%
[35m[MSG][0m itr     5, best 5739.3755, time    5.7, minPhero 0.44(28922), stagnancy 0.7%
[35m[MSG][0m itr     6, best 5727.5151, time    6.9, minPhero 0.38(28922), stagnancy 0.0%
[35m[MSG][0m itr     7, best 5701.0742, time    8.1, minPhero 0.32(28922), stagnancy 0.0%
[35m[MSG][0m itr     8, best 5701.0742, time    9.3, minPhero 0.27(28922), stagnancy 0.3%
[35m[MSG][0m itr     9, best 5701.0742, time   10.5, minPhero 0.23(28922), stagnancy 0.7%
[35m[MSG][0m itr    10, best 5670.1030, time   11.7, minPhero 0.20(28922), stagnancy 0.0%
[35m[MSG][0m itr    11, best 5670.1030, time   12.9, minPhero 0.17(28922), stagnancy 0.3%
[35m[MSG][0m itr    12, best 5670.1030, time   14.0, minPhero 0.14(28922), stagnancy 0.7%
[35m[MSG][0m itr    13, best 5670.1030, time   15.1, minPhero 0.12(28922), stagnancy 1.0%
[35m[MSG][0m itr    14, best 5670.1030, time   16.3, minPhero 0.10(28922), stagnancy 1.3%
[35m[MSG][0m itr    15, best 5670.1030, time   17.5, minPhero 0.09(28922), stagnancy 1.7%
[35m[MSG][0m itr    16, best 5670.1030, time   18.7, minPhero 0.07(28922), stagnancy 2.0%
[35m[MSG][0m itr    17, best 5664.9458, time   19.9, minPhero 0.06(28922), stagnancy 0.0%
[35m[MSG][0m itr    18, best 5664.9458, time   21.2, minPhero 0.05(28922), stagnancy 0.3%
[35m[MSG][0m itr    19, best 5631.3540, time   22.4, minPhero 0.05(28922), stagnancy 0.0%
[35m[MSG][0m itr    20, best 5631.3540, time   23.6, minPhero 0.04(28922), stagnancy 0.3%
[35m[MSG][0m itr    21, best 5631.3540, time   24.8, minPhero 0.03(28922), stagnancy 0.7%
[35m[MSG][0m itr    22, best 5631.3540, time   26.0, minPhero 0.03(28922), stagnancy 1.0%
[35m[MSG][0m itr    23, best 5631.3540, time   27.3, minPhero 0.02(529), stagnancy 1.3%
[35m[MSG][0m itr    24, best 5631.3540, time   28.5, minPhero 0.02(529), stagnancy 1.7%
[35m[MSG][0m itr    25, best 5615.0054, time   29.7, minPhero 0.02(441), stagnancy 0.0%
[35m[MSG][0m itr    26, best 5615.0054, time   30.9, minPhero 0.01(441), stagnancy 0.3%
[35m[MSG][0m itr    27, best 5615.0054, time   32.1, minPhero 0.01(390), stagnancy 0.7%
[35m[MSG][0m itr    28, best 5615.0054, time   33.3, minPhero 0.01(374), stagnancy 1.0%
[35m[MSG][0m itr    29, best 5615.0054, time   34.6, minPhero 0.01(339), stagnancy 1.3%
[35m[MSG][0m itr    30, best 5614.7739, time   35.8, minPhero 0.01(343), stagnancy 0.0%
[35m[MSG][0m itr    31, best 5612.2949, time   37.0, minPhero 0.01(340), stagnancy 0.0%
[35m[MSG][0m itr    32, best 5612.2949, time   38.2, minPhero 0.01(335), stagnancy 0.3%
[35m[MSG][0m itr    33, best 5609.1875, time   39.4, minPhero 0.01(335), stagnancy 0.0%
[35m[MSG][0m itr    34, best 5606.0938, time   40.6, minPhero 0.01(333), stagnancy 0.0%
[35m[MSG][0m itr    35, best 5606.0938, time   41.8, minPhero 0.01(331), stagnancy 0.3%
[35m[MSG][0m itr    36, best 5606.0938, time   43.1, minPhero 0.01(330), stagnancy 0.7%
[35m[MSG][0m itr    37, best 5604.1021, time   44.3, minPhero 0.01(314), stagnancy 0.0%
[35m[MSG][0m itr    38, best 5601.6060, time   45.5, minPhero 0.01(305), stagnancy 0.0%
[35m[MSG][0m itr    39, best 5599.8608, time   46.7, minPhero 0.01(306), stagnancy 0.0%
[35m[MSG][0m itr    40, best 5598.3296, time   47.9, minPhero 0.01(299), stagnancy 0.0%
[35m[MSG][0m itr    41, best 5598.1641, time   49.1, minPhero 0.01(292), stagnancy 0.0%
[35m[MSG][0m itr    42, best 5593.1797, time   50.2, minPhero 0.01(296), stagnancy 0.0%
[35m[MSG][0m itr    43, best 5593.1797, time   51.4, minPhero 0.01(296), stagnancy 0.3%
[35m[MSG][0m itr    44, best 5593.1797, time   52.6, minPhero 0.01(291), stagnancy 0.7%
[35m[MSG][0m itr    45, best 5593.1797, time   53.9, minPhero 0.01(286), stagnancy 1.0%
[35m[MSG][0m itr    46, best 5593.1797, time   55.0, minPhero 0.01(281), stagnancy 1.3%
[35m[MSG][0m itr    47, best 5593.1567, time   56.3, minPhero 0.01(279), stagnancy 0.0%
[35m[MSG][0m itr    48, best 5592.9097, time   57.4, minPhero 0.01(284), stagnancy 0.0%
[35m[MSG][0m itr    49, best 5592.9097, time   58.5, minPhero 0.01(280), stagnancy 0.3%
[35m[MSG][0m itr    50, best 5592.9097, time   59.6, minPhero 0.01(280), stagnancy 0.7%
[35m[MSG][0m itr    51, best 5592.9097, time   60.8, minPhero 0.01(280), stagnancy 1.0%
[35m[MSG][0m itr    52, best 5592.9097, time   62.0, minPhero 0.01(274), stagnancy 1.3%
[35m[MSG][0m Solution converged. Reinitialising pheromones...
[35m[MSG][0m itr    53, best 5592.9097, time   63.2, minPhero 0.85(28922), stagnancy 1.7%
[35m[MSG][0m itr    54, best 5592.9097, time   64.3, minPhero 0.72(28922), stagnancy 2.0%
[35m[MSG][0m itr    55, best 5592.9097, time   65.5, minPhero 0.61(28922), stagnancy 2.3%
[35m[MSG][0m itr    56, best 5592.9097, time   66.7, minPhero 0.52(28922), stagnancy 2.7%
[35m[MSG][0m itr    57, best 5592.9097, time   68.0, minPhero 0.44(28922), stagnancy 3.0%
[35m[MSG][0m itr    58, best 5592.9097, time   69.2, minPhero 0.38(28922), stagnancy 3.3%
[35m[MSG][0m itr    59, best 5592.9097, time   70.3, minPhero 0.32(28922), stagnancy 3.7%
[35m[MSG][0m itr    60, best 5592.9097, time   71.5, minPhero 0.27(28922), stagnancy 4.0%
[35m[MSG][0m itr    61, best 5592.9097, time   72.7, minPhero 0.23(28922), stagnancy 4.3%
[35m[MSG][0m itr    62, best 5592.9097, time   73.9, minPhero 0.20(28922), stagnancy 4.7%
[35m[MSG][0m itr    63, best 5592.9097, time   75.2, minPhero 0.17(28922), stagnancy 5.0%
[35m[MSG][0m itr    64, best 5592.9097, time   76.4, minPhero 0.14(28922), stagnancy 5.3%
[35m[MSG][0m itr    65, best 5592.9097, time   77.6, minPhero 0.12(28922), stagnancy 5.7%
[35m[MSG][0m itr    66, best 5592.9097, time   78.8, minPhero 0.10(28922), stagnancy 6.0%
[35m[MSG][0m itr    67, best 5592.9097, time   80.0, minPhero 0.09(28922), stagnancy 6.3%
[35m[MSG][0m itr    68, best 5592.9097, time   81.2, minPhero 0.07(28922), stagnancy 6.7%
[35m[MSG][0m itr    69, best 5592.9097, time   82.4, minPhero 0.06(28922), stagnancy 7.0%
[35m[MSG][0m itr    70, best 5592.9097, time   83.7, minPhero 0.05(28922), stagnancy 7.3%
[35m[MSG][0m itr    71, best 5592.9097, time   84.9, minPhero 0.05(28922), stagnancy 7.7%
[35m[MSG][0m itr    72, best 5592.6899, time   86.1, minPhero 0.04(28922), stagnancy 0.0%
[35m[MSG][0m itr    73, best 5592.6899, time   87.3, minPhero 0.03(28922), stagnancy 0.3%
[35m[MSG][0m itr    74, best 5592.6899, time   88.5, minPhero 0.03(28922), stagnancy 0.7%
[35m[MSG][0m itr    75, best 5592.6870, time   89.7, minPhero 0.02(234), stagnancy 0.0%
[35m[MSG][0m itr    76, best 5592.2437, time   91.0, minPhero 0.02(242), stagnancy 0.0%
[35m[MSG][0m itr    77, best 5592.1045, time   92.2, minPhero 0.02(246), stagnancy 0.0%
[35m[MSG][0m itr    78, best 5589.6553, time   93.4, minPhero 0.01(247), stagnancy 0.0%
[35m[MSG][0m itr    79, best 5589.6069, time   94.6, minPhero 0.01(250), stagnancy 0.0%
[35m[MSG][0m itr    80, best 5589.5498, time   95.8, minPhero 0.01(251), stagnancy 0.0%
[35m[MSG][0m itr    81, best 5587.3594, time   97.1, minPhero 0.01(251), stagnancy 0.0%
[35m[MSG][0m itr    82, best 5587.3594, time   98.3, minPhero 0.01(251), stagnancy 0.3%
[35m[MSG][0m itr    83, best 5587.3594, time   99.5, minPhero 0.01(251), stagnancy 0.7%
[35m[MSG][0m itr    84, best 5586.1348, time  100.6, minPhero 0.01(253), stagnancy 0.0%
[35m[MSG][0m itr    85, best 5585.8882, time  101.7, minPhero 0.01(256), stagnancy 0.0%
[35m[MSG][0m itr    86, best 5585.8882, time  102.9, minPhero 0.01(256), stagnancy 0.3%
[35m[MSG][0m itr    87, best 5585.8882, time  104.1, minPhero 0.01(255), stagnancy 0.7%
[35m[MSG][0m itr    88, best 5585.8882, time  105.3, minPhero 0.01(254), stagnancy 1.0%
[35m[MSG][0m itr    89, best 5585.8853, time  106.5, minPhero 0.01(254), stagnancy 0.0%
[35m[MSG][0m itr    90, best 5583.3286, time  107.7, minPhero 0.01(260), stagnancy 0.0%
[35m[MSG][0m itr    91, best 5581.7056, time  108.9, minPhero 0.01(262), stagnancy 0.0%
[35m[MSG][0m itr    92, best 5578.6763, time  110.2, minPhero 0.01(264), stagnancy 0.0%
[35m[MSG][0m itr    93, best 5578.5576, time  111.4, minPhero 0.01(264), stagnancy 0.0%
[35m[MSG][0m itr    94, best 5578.5552, time  112.6, minPhero 0.01(263), stagnancy 0.0%
[35m[MSG][0m itr    95, best 5578.5552, time  113.8, minPhero 0.01(263), stagnancy 0.3%
[35m[MSG][0m itr    96, best 5578.5552, time  115.0, minPhero 0.01(261), stagnancy 0.7%
[35m[MSG][0m itr    97, best 5578.5552, time  116.2, minPhero 0.01(259), stagnancy 1.0%
[35m[MSG][0m itr    98, best 5577.4229, time  117.3, minPhero 0.01(255), stagnancy 0.0%
[35m[MSG][0m itr    99, best 5577.4229, time  118.5, minPhero 0.01(255), stagnancy 0.3%
[35m[MSG][0m itr   100, best 5577.4204, time  119.7, minPhero 0.01(254), stagnancy 0.0%
[35m[MSG][0m itr   101, best 5577.4204, time  120.9, minPhero 0.01(253), stagnancy 0.3%
[35m[MSG][0m itr   102, best 5577.4199, time  122.1, minPhero 0.01(251), stagnancy 0.0%
[35m[MSG][0m itr   103, best 5577.4199, time  123.2, minPhero 0.01(249), stagnancy 0.3%
[35m[MSG][0m itr   104, best 5577.4199, time  124.4, minPhero 0.01(249), stagnancy 0.7%
[35m[MSG][0m itr   105, best 5577.4199, time  125.6, minPhero 0.01(249), stagnancy 1.0%
[35m[MSG][0m itr   106, best 5577.4199, time  126.9, minPhero 0.01(247), stagnancy 1.3%
[35m[MSG][0m itr   107, best 5577.4199, time  128.1, minPhero 0.01(246), stagnancy 1.7%
[35m[MSG][0m itr   108, best 5577.4199, time  129.3, minPhero 0.01(246), stagnancy 2.0%
[35m[MSG][0m itr   109, best 5577.4199, time  130.5, minPhero 0.01(246), stagnancy 2.3%
[35m[MSG][0m itr   110, best 5577.4199, time  131.7, minPhero 0.01(245), stagnancy 2.7%
[35m[MSG][0m itr   111, best 5577.4199, time  132.9, minPhero 0.01(245), stagnancy 3.0%
[35m[MSG][0m itr   112, best 5577.4199, time  134.1, minPhero 0.01(240), stagnancy 3.3%
[35m[MSG][0m itr   113, best 5577.4199, time  135.3, minPhero 0.01(238), stagnancy 3.7%
[35m[MSG][0m itr   114, best 5577.4199, time  136.5, minPhero 0.01(236), stagnancy 4.0%
[35m[MSG][0m itr   115, best 5577.4199, time  137.7, minPhero 0.01(236), stagnancy 4.3%
[35m[MSG][0m itr   116, best 5577.4199, time  138.9, minPhero 0.01(236), stagnancy 4.7%
[35m[MSG][0m itr   117, best 5577.4199, time  140.1, minPhero 0.01(235), stagnancy 5.0%
[35m[MSG][0m itr   118, best 5577.4199, time  141.3, minPhero 0.01(235), stagnancy 5.3%
[35m[MSG][0m itr   119, best 5577.4199, time  142.5, minPhero 0.01(234), stagnancy 5.7%
[35m[MSG][0m itr   120, best 5577.4170, time  143.7, minPhero 0.01(235), stagnancy 0.0%
[35m[MSG][0m itr   121, best 5577.4170, time  145.0, minPhero 0.01(235), stagnancy 0.3%
[35m[MSG][0m itr   122, best 5577.4170, time  146.2, minPhero 0.01(235), stagnancy 0.7%
[35m[MSG][0m itr   123, best 5577.4170, time  147.4, minPhero 0.01(235), stagnancy 1.0%
[35m[MSG][0m itr   124, best 5577.4170, time  148.6, minPhero 0.01(235), stagnancy 1.3%
[35m[MSG][0m itr   125, best 5577.4170, time  149.7, minPhero 0.01(235), stagnancy 1.7%
[35m[MSG][0m itr   126, best 5576.1436, time  150.9, minPhero 0.01(238), stagnancy 0.0%
[35m[MSG][0m itr   127, best 5576.1436, time  152.2, minPhero 0.01(238), stagnancy 0.3%
[35m[MSG][0m itr   128, best 5576.1436, time  153.4, minPhero 0.01(238), stagnancy 0.7%
[35m[MSG][0m itr   129, best 5576.1436, time  154.5, minPhero 0.01(238), stagnancy 1.0%
[35m[MSG][0m itr   130, best 5576.1436, time  155.9, minPhero 0.01(238), stagnancy 1.3%
[35m[MSG][0m itr   131, best 5576.1406, time  157.2, minPhero 0.01(238), stagnancy 0.0%
[35m[MSG][0m itr   132, best 5576.1406, time  158.4, minPhero 0.01(238), stagnancy 0.3%
[35m[MSG][0m itr   133, best 5576.1406, time  159.7, minPhero 0.01(238), stagnancy 0.7%
[35m[MSG][0m itr   134, best 5576.1406, time  161.0, minPhero 0.01(238), stagnancy 1.0%
[35m[MSG][0m itr   135, best 5576.1406, time  162.4, minPhero 0.01(238), stagnancy 1.3%
[35m[MSG][0m itr   136, best 5576.1406, time  163.7, minPhero 0.01(238), stagnancy 1.7%
[35m[MSG][0m itr   137, best 5576.1401, time  165.0, minPhero 0.01(238), stagnancy 0.0%
[35m[MSG][0m itr   138, best 5576.1401, time  166.4, minPhero 0.01(238), stagnancy 0.3%
[35m[MSG][0m itr   139, best 5576.1401, time  167.7, minPhero 0.01(238), stagnancy 0.7%
[35m[MSG][0m itr   140, best 5576.1401, time  169.1, minPhero 0.01(238), stagnancy 1.0%
[35m[MSG][0m itr   141, best 5576.1401, time  170.4, minPhero 0.01(238), stagnancy 1.3%
[35m[MSG][0m itr   142, best 5576.1401, time  171.8, minPhero 0.01(238), stagnancy 1.7%
[35m[MSG][0m itr   143, best 5576.1401, time  173.1, minPhero 0.01(238), stagnancy 2.0%
[35m[MSG][0m itr   144, best 5576.1401, time  174.5, minPhero 0.01(238), stagnancy 2.3%
[35m[MSG][0m itr   145, best 5576.1401, time  175.9, minPhero 0.01(238), stagnancy 2.7%
[35m[MSG][0m itr   146, best 5576.1401, time  177.2, minPhero 0.01(238), stagnancy 3.0%
[35m[MSG][0m itr   147, best 5576.1401, time  178.5, minPhero 0.01(238), stagnancy 3.3%
[35m[MSG][0m itr   148, best 5576.1401, time  179.9, minPhero 0.01(235), stagnancy 3.7%
[35m[MSG][0m itr   149, best 5576.1401, time  181.2, minPhero 0.01(235), stagnancy 4.0%
[35m[MSG][0m itr   150, best 5576.1401, time  182.6, minPhero 0.01(235), stagnancy 4.3%
[35m[MSG][0m itr   151, best 5576.1401, time  184.0, minPhero 0.01(232), stagnancy 4.7%
[35m[MSG][0m itr   152, best 5576.1401, time  185.3, minPhero 0.01(232), stagnancy 5.0%
[35m[MSG][0m itr   153, best 5576.1401, time  186.7, minPhero 0.01(232), stagnancy 5.3%
[35m[MSG][0m itr   154, best 5576.1401, time  188.0, minPhero 0.01(232), stagnancy 5.7%
[35m[MSG][0m itr   155, best 5576.1401, time  189.4, minPhero 0.01(232), stagnancy 6.0%
[35m[MSG][0m itr   156, best 5576.1401, time  190.7, minPhero 0.01(232), stagnancy 6.3%
[35m[MSG][0m itr   157, best 5576.1401, time  192.1, minPhero 0.01(232), stagnancy 6.7%
[35m[MSG][0m itr   158, best 5576.1401, time  193.4, minPhero 0.01(232), stagnancy 7.0%
[35m[MSG][0m itr   159, best 5576.1401, time  194.8, minPhero 0.01(232), stagnancy 7.3%
[35m[MSG][0m itr   160, best 5576.1401, time  196.1, minPhero 0.01(232), stagnancy 7.7%
[35m[MSG][0m itr   161, best 5576.1401, time  197.5, minPhero 0.01(232), stagnancy 8.0%
[35m[MSG][0m itr   162, best 5576.1401, time  198.8, minPhero 0.01(232), stagnancy 8.3%
[35m[MSG][0m itr   163, best 5576.1401, time  200.2, minPhero 0.01(232), stagnancy 8.7%
[35m[MSG][0m itr   164, best 5576.1401, time  201.5, minPhero 0.01(232), stagnancy 9.0%
[35m[MSG][0m itr   165, best 5576.1401, time  202.9, minPhero 0.01(232), stagnancy 9.3%
[35m[MSG][0m itr   166, best 5576.1401, time  204.2, minPhero 0.01(232), stagnancy 9.7%
[35m[MSG][0m itr   167, best 5576.1401, time  205.6, minPhero 0.01(232), stagnancy 10.0%
[35m[MSG][0m itr   168, best 5576.1401, time  206.8, minPhero 0.01(232), stagnancy 10.3%
[35m[MSG][0m itr   169, best 5576.1401, time  208.0, minPhero 0.01(232), stagnancy 10.7%
[35m[MSG][0m itr   170, best 5576.1401, time  209.1, minPhero 0.01(232), stagnancy 11.0%
[35m[MSG][0m itr   171, best 5576.1401, time  210.3, minPhero 0.01(232), stagnancy 11.3%
[35m[MSG][0m itr   172, best 5576.1401, time  211.5, minPhero 0.01(232), stagnancy 11.7%
[35m[MSG][0m itr   173, best 5576.1401, time  212.7, minPhero 0.01(232), stagnancy 12.0%
[35m[MSG][0m itr   174, best 5576.1401, time  213.9, minPhero 0.01(232), stagnancy 12.3%
[35m[MSG][0m itr   175, best 5576.1401, time  215.1, minPhero 0.01(232), stagnancy 12.7%
[35m[MSG][0m itr   176, best 5576.1401, time  216.3, minPhero 0.01(232), stagnancy 13.0%
[35m[MSG][0m itr   177, best 5576.1401, time  217.5, minPhero 0.01(232), stagnancy 13.3%
[35m[MSG][0m itr   178, best 5576.1401, time  218.7, minPhero 0.01(232), stagnancy 13.7%
[35m[MSG][0m itr   179, best 5576.1401, time  219.9, minPhero 0.01(232), stagnancy 14.0%
[35m[MSG][0m itr   180, best 5576.1401, time  221.0, minPhero 0.01(232), stagnancy 14.3%
[35m[MSG][0m itr   181, best 5576.1401, time  222.2, minPhero 0.01(232), stagnancy 14.7%
[35m[MSG][0m itr   182, best 5576.1401, time  223.4, minPhero 0.01(232), stagnancy 15.0%
[35m[MSG][0m itr   183, best 5576.1401, time  224.6, minPhero 0.01(232), stagnancy 15.3%
[35m[MSG][0m itr   184, best 5576.1401, time  225.8, minPhero 0.01(232), stagnancy 15.7%
[35m[MSG][0m itr   185, best 5576.1401, time  227.0, minPhero 0.01(232), stagnancy 16.0%
[35m[MSG][0m itr   186, best 5576.1401, time  228.1, minPhero 0.01(232), stagnancy 16.3%
[35m[MSG][0m itr   187, best 5576.1401, time  229.3, minPhero 0.01(232), stagnancy 16.7%
[35m[MSG][0m itr   188, best 5576.1401, time  230.5, minPhero 0.01(232), stagnancy 17.0%
[35m[MSG][0m itr   189, best 5576.1401, time  231.7, minPhero 0.01(232), stagnancy 17.3%
[35m[MSG][0m itr   190, best 5576.1401, time  232.9, minPhero 0.01(232), stagnancy 17.7%
[35m[MSG][0m itr   191, best 5576.1401, time  234.1, minPhero 0.01(232), stagnancy 18.0%
[35m[MSG][0m itr   192, best 5576.1401, time  235.3, minPhero 0.01(232), stagnancy 18.3%
[35m[MSG][0m itr   193, best 5576.1401, time  236.5, minPhero 0.01(232), stagnancy 18.7%
[35m[MSG][0m itr   194, best 5576.1401, time  237.8, minPhero 0.01(232), stagnancy 19.0%
[35m[MSG][0m itr   195, best 5576.1401, time  238.9, minPhero 0.01(232), stagnancy 19.3%
[35m[MSG][0m itr   196, best 5576.1401, time  240.2, minPhero 0.01(232), stagnancy 19.7%
[35m[MSG][0m itr   197, best 5576.1401, time  241.4, minPhero 0.01(232), stagnancy 20.0%
[35m[MSG][0m itr   198, best 5576.1401, time  242.6, minPhero 0.01(232), stagnancy 20.3%
[35m[MSG][0m itr   199, best 5576.1401, time  243.8, minPhero 0.01(232), stagnancy 20.7%
[35m[MSG][0m itr   200, best 5576.1401, time  244.9, minPhero 0.01(232), stagnancy 21.0%
[35m[MSG][0m itr   201, best 5576.1401, time  246.1, minPhero 0.01(232), stagnancy 21.3%
[35m[MSG][0m itr   202, best 5576.1401, time  247.3, minPhero 0.01(232), stagnancy 21.7%
[35m[MSG][0m itr   203, best 5576.1401, time  248.5, minPhero 0.01(232), stagnancy 22.0%
[35m[MSG][0m itr   204, best 5576.1401, time  249.7, minPhero 0.01(232), stagnancy 22.3%
[35m[MSG][0m itr   205, best 5576.1401, time  250.9, minPhero 0.01(232), stagnancy 22.7%
[35m[MSG][0m itr   206, best 5576.1401, time  252.1, minPhero 0.01(232), stagnancy 23.0%
[35m[MSG][0m itr   207, best 5576.1401, time  253.2, minPhero 0.01(232), stagnancy 23.3%
[35m[MSG][0m itr   208, best 5576.1401, time  254.4, minPhero 0.01(232), stagnancy 23.7%
[35m[MSG][0m itr   209, best 5576.1401, time  255.6, minPhero 0.01(232), stagnancy 24.0%
[35m[MSG][0m itr   210, best 5576.1401, time  256.8, minPhero 0.01(232), stagnancy 24.3%
[35m[MSG][0m itr   211, best 5576.1401, time  258.0, minPhero 0.01(232), stagnancy 24.7%
[35m[MSG][0m itr   212, best 5576.1401, time  259.3, minPhero 0.01(232), stagnancy 25.0%
[35m[MSG][0m itr   213, best 5576.1401, time  260.7, minPhero 0.01(232), stagnancy 25.3%
[35m[MSG][0m itr   214, best 5576.1401, time  262.1, minPhero 0.01(232), stagnancy 25.7%
[35m[MSG][0m itr   215, best 5576.1401, time  263.4, minPhero 0.01(232), stagnancy 26.0%
[35m[MSG][0m itr   216, best 5576.1401, time  264.8, minPhero 0.01(232), stagnancy 26.3%
[35m[MSG][0m itr   217, best 5576.1401, time  266.1, minPhero 0.01(232), stagnancy 26.7%
[35m[MSG][0m itr   218, best 5576.1401, time  267.4, minPhero 0.01(232), stagnancy 27.0%
[35m[MSG][0m itr   219, best 5576.1401, time  268.8, minPhero 0.01(232), stagnancy 27.3%
[35m[MSG][0m itr   220, best 5576.1401, time  270.1, minPhero 0.01(232), stagnancy 27.7%
[35m[MSG][0m itr   221, best 5576.1401, time  271.5, minPhero 0.01(232), stagnancy 28.0%
[35m[MSG][0m itr   222, best 5576.1401, time  272.9, minPhero 0.01(232), stagnancy 28.3%
[35m[MSG][0m itr   223, best 5576.1401, time  274.2, minPhero 0.01(232), stagnancy 28.7%
[35m[MSG][0m itr   224, best 5576.1401, time  275.5, minPhero 0.01(232), stagnancy 29.0%
[35m[MSG][0m itr   225, best 5576.1401, time  276.9, minPhero 0.01(232), stagnancy 29.3%
[35m[MSG][0m itr   226, best 5576.1401, time  278.2, minPhero 0.01(232), stagnancy 29.7%
[35m[MSG][0m itr   227, best 5576.1401, time  279.6, minPhero 0.01(232), stagnancy 30.0%
[35m[MSG][0m itr   228, best 5576.1401, time  281.0, minPhero 0.01(232), stagnancy 30.3%
[35m[MSG][0m itr   229, best 5576.1401, time  282.3, minPhero 0.01(232), stagnancy 30.7%
[35m[MSG][0m itr   230, best 5576.1401, time  283.7, minPhero 0.01(232), stagnancy 31.0%
[35m[MSG][0m itr   231, best 5576.1401, time  285.0, minPhero 0.01(232), stagnancy 31.3%
[35m[MSG][0m itr   232, best 5576.1401, time  286.3, minPhero 0.01(232), stagnancy 31.7%
[35m[MSG][0m itr   233, best 5576.1401, time  287.7, minPhero 0.01(232), stagnancy 32.0%
[35m[MSG][0m itr   234, best 5576.1401, time  289.0, minPhero 0.01(232), stagnancy 32.3%
[35m[MSG][0m itr   235, best 5576.1401, time  290.4, minPhero 0.01(232), stagnancy 32.7%
[35m[MSG][0m itr   236, best 5576.1401, time  291.7, minPhero 0.01(232), stagnancy 33.0%
[35m[MSG][0m itr   237, best 5576.1401, time  293.0, minPhero 0.01(232), stagnancy 33.3%
[35m[MSG][0m itr   238, best 5576.1401, time  294.4, minPhero 0.01(232), stagnancy 33.7%
[35m[MSG][0m itr   239, best 5576.1401, time  295.7, minPhero 0.01(232), stagnancy 34.0%
[35m[MSG][0m itr   240, best 5576.1401, time  297.1, minPhero 0.01(232), stagnancy 34.3%
[35m[MSG][0m itr   241, best 5576.1401, time  298.5, minPhero 0.01(232), stagnancy 34.7%
[35m[MSG][0m itr   242, best 5576.1401, time  299.8, minPhero 0.01(232), stagnancy 35.0%
[35m[MSG][0m itr   243, best 5576.1401, time  301.2, minPhero 0.01(232), stagnancy 35.3%
[35m[MSG][0m itr   244, best 5576.1401, time  302.5, minPhero 0.01(232), stagnancy 35.7%
[35m[MSG][0m itr   245, best 5576.1401, time  303.9, minPhero 0.01(232), stagnancy 36.0%
[35m[MSG][0m itr   246, best 5576.1401, time  305.2, minPhero 0.01(232), stagnancy 36.3%
[35m[MSG][0m itr   247, best 5576.1401, time  306.6, minPhero 0.01(232), stagnancy 36.7%
[35m[MSG][0m itr   248, best 5576.1401, time  308.0, minPhero 0.01(232), stagnancy 37.0%
[35m[MSG][0m itr   249, best 5576.1401, time  309.3, minPhero 0.01(232), stagnancy 37.3%
[35m[MSG][0m itr   250, best 5576.1401, time  310.5, minPhero 0.01(232), stagnancy 37.7%
[35m[MSG][0m itr   251, best 5576.1401, time  311.7, minPhero 0.01(232), stagnancy 38.0%
[35m[MSG][0m itr   252, best 5576.1401, time  312.9, minPhero 0.01(232), stagnancy 38.3%
[35m[MSG][0m itr   253, best 5576.1401, time  314.1, minPhero 0.01(232), stagnancy 38.7%
[35m[MSG][0m itr   254, best 5576.1401, time  315.3, minPhero 0.01(232), stagnancy 39.0%
[35m[MSG][0m itr   255, best 5576.1401, time  316.5, minPhero 0.01(232), stagnancy 39.3%
[35m[MSG][0m itr   256, best 5576.1401, time  317.7, minPhero 0.01(232), stagnancy 39.7%
[35m[MSG][0m itr   257, best 5576.1401, time  318.9, minPhero 0.01(232), stagnancy 40.0%
[35m[MSG][0m itr   258, best 5576.1401, time  320.1, minPhero 0.01(232), stagnancy 40.3%
[35m[MSG][0m itr   259, best 5576.1401, time  321.3, minPhero 0.01(232), stagnancy 40.7%
[35m[MSG][0m itr   260, best 5576.1401, time  322.5, minPhero 0.01(232), stagnancy 41.0%
[35m[MSG][0m itr   261, best 5576.1401, time  323.6, minPhero 0.01(232), stagnancy 41.3%
[35m[MSG][0m itr   262, best 5576.1401, time  324.8, minPhero 0.01(232), stagnancy 41.7%
[35m[MSG][0m itr   263, best 5576.1401, time  326.1, minPhero 0.01(232), stagnancy 42.0%
[35m[MSG][0m itr   264, best 5576.1401, time  327.3, minPhero 0.01(232), stagnancy 42.3%
[35m[MSG][0m itr   265, best 5576.1401, time  328.5, minPhero 0.01(232), stagnancy 42.7%
[35m[MSG][0m itr   266, best 5576.1401, time  329.7, minPhero 0.01(232), stagnancy 43.0%
[35m[MSG][0m itr   267, best 5576.1401, time  330.9, minPhero 0.01(232), stagnancy 43.3%
[35m[MSG][0m itr   268, best 5576.1401, time  332.2, minPhero 0.01(232), stagnancy 43.7%
[35m[MSG][0m itr   269, best 5576.1401, time  333.3, minPhero 0.01(232), stagnancy 44.0%
[35m[MSG][0m itr   270, best 5576.1401, time  334.5, minPhero 0.01(232), stagnancy 44.3%
[35m[MSG][0m itr   271, best 5576.1401, time  335.7, minPhero 0.01(232), stagnancy 44.7%
[35m[MSG][0m itr   272, best 5576.1401, time  336.9, minPhero 0.01(232), stagnancy 45.0%
[35m[MSG][0m itr   273, best 5576.1401, time  338.1, minPhero 0.01(232), stagnancy 45.3%
[35m[MSG][0m itr   274, best 5576.1401, time  339.2, minPhero 0.01(232), stagnancy 45.7%
[35m[MSG][0m itr   275, best 5576.1401, time  340.5, minPhero 0.01(232), stagnancy 46.0%
[35m[MSG][0m itr   276, best 5576.1401, time  341.6, minPhero 0.01(232), stagnancy 46.3%
[35m[MSG][0m itr   277, best 5576.1401, time  342.8, minPhero 0.01(232), stagnancy 46.7%
[35m[MSG][0m itr   278, best 5576.1401, time  344.0, minPhero 0.01(232), stagnancy 47.0%
[35m[MSG][0m itr   279, best 5576.1401, time  345.2, minPhero 0.01(232), stagnancy 47.3%
[35m[MSG][0m itr   280, best 5576.1401, time  346.4, minPhero 0.01(232), stagnancy 47.7%
[35m[MSG][0m itr   281, best 5576.1401, time  347.6, minPhero 0.01(232), stagnancy 48.0%
[35m[MSG][0m itr   282, best 5576.1401, time  348.8, minPhero 0.01(232), stagnancy 48.3%
[35m[MSG][0m itr   283, best 5576.1401, time  350.0, minPhero 0.01(232), stagnancy 48.7%
[35m[MSG][0m itr   284, best 5576.1401, time  351.2, minPhero 0.01(232), stagnancy 49.0%
[35m[MSG][0m itr   285, best 5576.1401, time  352.4, minPhero 0.01(232), stagnancy 49.3%
[35m[MSG][0m itr   286, best 5576.1401, time  353.6, minPhero 0.01(232), stagnancy 49.7%
[35m[MSG][0m itr   287, best 5576.1401, time  354.8, minPhero 0.01(232), stagnancy 50.0%
[35m[MSG][0m itr   288, best 5576.1401, time  356.0, minPhero 0.01(232), stagnancy 50.3%
[35m[MSG][0m itr   289, best 5576.1401, time  357.2, minPhero 0.01(232), stagnancy 50.7%
[35m[MSG][0m itr   290, best 5576.1401, time  358.4, minPhero 0.01(232), stagnancy 51.0%
[35m[MSG][0m itr   291, best 5576.1401, time  359.6, minPhero 0.01(232), stagnancy 51.3%
[35m[MSG][0m itr   292, best 5576.1401, time  360.8, minPhero 0.01(232), stagnancy 51.7%
[35m[MSG][0m itr   293, best 5576.1401, time  362.2, minPhero 0.01(232), stagnancy 52.0%
[35m[MSG][0m itr   294, best 5576.1401, time  363.6, minPhero 0.01(232), stagnancy 52.3%
[35m[MSG][0m itr   295, best 5576.1401, time  364.9, minPhero 0.01(232), stagnancy 52.7%
[35m[MSG][0m itr   296, best 5576.1401, time  366.3, minPhero 0.01(232), stagnancy 53.0%
[35m[MSG][0m itr   297, best 5576.1401, time  367.6, minPhero 0.01(232), stagnancy 53.3%
[35m[MSG][0m itr   298, best 5576.1401, time  369.0, minPhero 0.01(232), stagnancy 53.7%
[35m[MSG][0m itr   299, best 5576.1401, time  370.3, minPhero 0.01(232), stagnancy 54.0%
[35m[MSG][0m itr   300, best 5576.1401, time  371.7, minPhero 0.01(232), stagnancy 54.3%
[35m[MSG][0m itr   301, best 5576.1401, time  373.0, minPhero 0.01(232), stagnancy 54.7%
[35m[MSG][0m itr   302, best 5576.1401, time  374.4, minPhero 0.01(232), stagnancy 55.0%
[35m[MSG][0m itr   303, best 5576.1401, time  375.7, minPhero 0.01(232), stagnancy 55.3%
[35m[MSG][0m itr   304, best 5576.1401, time  377.1, minPhero 0.01(232), stagnancy 55.7%
[35m[MSG][0m itr   305, best 5576.1401, time  378.4, minPhero 0.01(232), stagnancy 56.0%
[35m[MSG][0m itr   306, best 5576.1401, time  379.8, minPhero 0.01(232), stagnancy 56.3%
[35m[MSG][0m itr   307, best 5576.1401, time  381.2, minPhero 0.01(232), stagnancy 56.7%
[35m[MSG][0m itr   308, best 5576.1401, time  382.5, minPhero 0.01(232), stagnancy 57.0%
[35m[MSG][0m itr   309, best 5576.1401, time  383.9, minPhero 0.01(232), stagnancy 57.3%
[35m[MSG][0m itr   310, best 5576.1401, time  385.2, minPhero 0.01(232), stagnancy 57.7%
[35m[MSG][0m itr   311, best 5576.1401, time  386.6, minPhero 0.01(232), stagnancy 58.0%
[35m[MSG][0m itr   312, best 5576.1401, time  387.9, minPhero 0.01(232), stagnancy 58.3%
[35m[MSG][0m itr   313, best 5576.1401, time  389.3, minPhero 0.01(232), stagnancy 58.7%
[35m[MSG][0m itr   314, best 5576.1401, time  390.6, minPhero 0.01(232), stagnancy 59.0%
[35m[MSG][0m itr   315, best 5576.1401, time  391.9, minPhero 0.01(232), stagnancy 59.3%
[35m[MSG][0m itr   316, best 5576.1401, time  393.3, minPhero 0.01(232), stagnancy 59.7%
[35m[MSG][0m itr   317, best 5576.1401, time  394.7, minPhero 0.01(232), stagnancy 60.0%
[35m[MSG][0m itr   318, best 5576.1401, time  396.1, minPhero 0.01(232), stagnancy 60.3%
[35m[MSG][0m itr   319, best 5576.1401, time  397.3, minPhero 0.01(232), stagnancy 60.7%
[35m[MSG][0m itr   320, best 5576.1401, time  398.5, minPhero 0.01(232), stagnancy 61.0%
[35m[MSG][0m itr   321, best 5574.5459, time  399.9, minPhero 0.01(238), stagnancy 0.0%
[35m[MSG][0m itr   322, best 5574.5459, time  401.2, minPhero 0.01(238), stagnancy 0.3%
[35m[MSG][0m itr   323, best 5574.5454, time  402.6, minPhero 0.01(238), stagnancy 0.0%
[35m[MSG][0m itr   324, best 5574.5454, time  404.0, minPhero 0.01(238), stagnancy 0.3%
[35m[MSG][0m itr   325, best 5574.5454, time  405.3, minPhero 0.01(238), stagnancy 0.7%
[35m[MSG][0m itr   326, best 5574.5454, time  406.7, minPhero 0.01(238), stagnancy 1.0%
[35m[MSG][0m itr   327, best 5574.5454, time  408.0, minPhero 0.01(238), stagnancy 1.3%
[35m[MSG][0m itr   328, best 5572.7451, time  409.4, minPhero 0.01(242), stagnancy 0.0%
[35m[MSG][0m itr   329, best 5572.7451, time  410.7, minPhero 0.01(242), stagnancy 0.3%
[35m[MSG][0m itr   330, best 5572.7451, time  412.1, minPhero 0.01(242), stagnancy 0.7%
[35m[MSG][0m itr   331, best 5572.7451, time  413.5, minPhero 0.01(242), stagnancy 1.0%
[35m[MSG][0m itr   332, best 5572.7451, time  414.8, minPhero 0.01(242), stagnancy 1.3%
[35m[MSG][0m itr   333, best 5572.7451, time  416.0, minPhero 0.01(242), stagnancy 1.7%
[35m[MSG][0m itr   334, best 5572.7451, time  417.2, minPhero 0.01(242), stagnancy 2.0%
[35m[MSG][0m itr   335, best 5572.7446, time  418.4, minPhero 0.01(242), stagnancy 0.0%
[35m[MSG][0m itr   336, best 5572.7446, time  419.6, minPhero 0.01(242), stagnancy 0.3%
[35m[MSG][0m itr   337, best 5572.7446, time  420.8, minPhero 0.01(242), stagnancy 0.7%
[35m[MSG][0m itr   338, best 5572.7446, time  422.0, minPhero 0.01(242), stagnancy 1.0%
[35m[MSG][0m itr   339, best 5572.7446, time  423.2, minPhero 0.01(242), stagnancy 1.3%
[35m[MSG][0m itr   340, best 5572.7446, time  424.4, minPhero 0.01(242), stagnancy 1.7%
[35m[MSG][0m itr   341, best 5572.7446, time  425.6, minPhero 0.01(242), stagnancy 2.0%
[35m[MSG][0m itr   342, best 5572.7446, time  426.8, minPhero 0.01(242), stagnancy 2.3%
[35m[MSG][0m itr   343, best 5572.7446, time  428.0, minPhero 0.01(236), stagnancy 2.7%
[35m[MSG][0m itr   344, best 5572.7446, time  429.2, minPhero 0.01(236), stagnancy 3.0%
[35m[MSG][0m itr   345, best 5572.7446, time  430.4, minPhero 0.01(236), stagnancy 3.3%
[35m[MSG][0m itr   346, best 5572.7446, time  431.6, minPhero 0.01(236), stagnancy 3.7%
[35m[MSG][0m itr   347, best 5572.7446, time  432.8, minPhero 0.01(236), stagnancy 4.0%
[35m[MSG][0m itr   348, best 5572.7446, time  433.9, minPhero 0.01(235), stagnancy 4.3%
[35m[MSG][0m itr   349, best 5572.7446, time  435.1, minPhero 0.01(235), stagnancy 4.7%
[35m[MSG][0m itr   350, best 5572.7446, time  436.3, minPhero 0.01(232), stagnancy 5.0%
[35m[MSG][0m itr   351, best 5572.7446, time  437.5, minPhero 0.01(232), stagnancy 5.3%
[35m[MSG][0m itr   352, best 5572.7446, time  438.7, minPhero 0.01(232), stagnancy 5.7%
[35m[MSG][0m itr   353, best 5572.7446, time  439.9, minPhero 0.01(232), stagnancy 6.0%
[35m[MSG][0m itr   354, best 5572.7446, time  441.1, minPhero 0.01(232), stagnancy 6.3%
[35m[MSG][0m itr   355, best 5572.7446, time  442.3, minPhero 0.01(232), stagnancy 6.7%
[35m[MSG][0m itr   356, best 5572.7446, time  443.5, minPhero 0.01(232), stagnancy 7.0%
[35m[MSG][0m itr   357, best 5572.7446, time  444.7, minPhero 0.01(232), stagnancy 7.3%
[35m[MSG][0m itr   358, best 5572.7446, time  445.9, minPhero 0.01(232), stagnancy 7.7%
[35m[MSG][0m itr   359, best 5572.7446, time  447.1, minPhero 0.01(232), stagnancy 8.0%
[35m[MSG][0m itr   360, best 5572.7446, time  448.3, minPhero 0.01(232), stagnancy 8.3%
[35m[MSG][0m itr   361, best 5572.7446, time  449.5, minPhero 0.01(232), stagnancy 8.7%
[35m[MSG][0m itr   362, best 5572.7446, time  450.7, minPhero 0.01(232), stagnancy 9.0%
[35m[MSG][0m itr   363, best 5572.7446, time  451.9, minPhero 0.01(232), stagnancy 9.3%
[35m[MSG][0m itr   364, best 5572.7446, time  453.1, minPhero 0.01(232), stagnancy 9.7%
[35m[MSG][0m itr   365, best 5572.7446, time  454.3, minPhero 0.01(232), stagnancy 10.0%
[35m[MSG][0m itr   366, best 5572.7446, time  455.5, minPhero 0.01(232), stagnancy 10.3%
[35m[MSG][0m itr   367, best 5572.7446, time  456.7, minPhero 0.01(232), stagnancy 10.7%
[35m[MSG][0m itr   368, best 5572.7446, time  457.9, minPhero 0.01(232), stagnancy 11.0%
[35m[MSG][0m itr   369, best 5572.7446, time  459.1, minPhero 0.01(232), stagnancy 11.3%
[35m[MSG][0m itr   370, best 5572.7446, time  460.3, minPhero 0.01(232), stagnancy 11.7%
[35m[MSG][0m itr   371, best 5572.7446, time  461.6, minPhero 0.01(232), stagnancy 12.0%
[35m[MSG][0m itr   372, best 5572.7446, time  462.9, minPhero 0.01(232), stagnancy 12.3%
[35m[MSG][0m itr   373, best 5572.7446, time  464.3, minPhero 0.01(232), stagnancy 12.7%
[35m[MSG][0m itr   374, best 5572.7446, time  465.6, minPhero 0.01(232), stagnancy 13.0%
[35m[MSG][0m itr   375, best 5572.7446, time  467.0, minPhero 0.01(232), stagnancy 13.3%
[35m[MSG][0m itr   376, best 5572.7446, time  468.3, minPhero 0.01(232), stagnancy 13.7%
[35m[MSG][0m itr   377, best 5572.7446, time  469.7, minPhero 0.01(232), stagnancy 14.0%
[35m[MSG][0m itr   378, best 5572.7446, time  471.0, minPhero 0.01(232), stagnancy 14.3%
[35m[MSG][0m itr   379, best 5572.7446, time  472.4, minPhero 0.01(232), stagnancy 14.7%
[35m[MSG][0m itr   380, best 5572.7446, time  473.7, minPhero 0.01(232), stagnancy 15.0%
[35m[MSG][0m itr   381, best 5572.7446, time  475.1, minPhero 0.01(232), stagnancy 15.3%
[35m[MSG][0m itr   382, best 5572.7446, time  476.4, minPhero 0.01(232), stagnancy 15.7%
[35m[MSG][0m itr   383, best 5572.7446, time  477.8, minPhero 0.01(232), stagnancy 16.0%
[35m[MSG][0m itr   384, best 5572.7446, time  479.1, minPhero 0.01(232), stagnancy 16.3%
[35m[MSG][0m itr   385, best 5572.7446, time  480.4, minPhero 0.01(232), stagnancy 16.7%
[35m[MSG][0m itr   386, best 5572.7446, time  481.8, minPhero 0.01(232), stagnancy 17.0%
[35m[MSG][0m itr   387, best 5572.7446, time  483.2, minPhero 0.01(232), stagnancy 17.3%
[35m[MSG][0m itr   388, best 5572.7446, time  484.5, minPhero 0.01(232), stagnancy 17.7%
[35m[MSG][0m itr   389, best 5572.7446, time  485.9, minPhero 0.01(232), stagnancy 18.0%
[35m[MSG][0m itr   390, best 5572.7446, time  487.2, minPhero 0.01(232), stagnancy 18.3%
[35m[MSG][0m itr   391, best 5572.7446, time  488.6, minPhero 0.01(232), stagnancy 18.7%
[35m[MSG][0m itr   392, best 5572.7446, time  490.0, minPhero 0.01(232), stagnancy 19.0%
[35m[MSG][0m itr   393, best 5572.7446, time  491.3, minPhero 0.01(232), stagnancy 19.3%
[35m[MSG][0m itr   394, best 5572.7446, time  492.7, minPhero 0.01(232), stagnancy 19.7%
[35m[MSG][0m itr   395, best 5572.7446, time  494.0, minPhero 0.01(232), stagnancy 20.0%
[35m[MSG][0m itr   396, best 5572.7446, time  495.4, minPhero 0.01(232), stagnancy 20.3%
[35m[MSG][0m itr   397, best 5572.7446, time  496.7, minPhero 0.01(232), stagnancy 20.7%
[35m[MSG][0m itr   398, best 5572.7446, time  498.1, minPhero 0.01(232), stagnancy 21.0%
[35m[MSG][0m itr   399, best 5572.7446, time  499.4, minPhero 0.01(232), stagnancy 21.3%
[35m[MSG][0m itr   400, best 5572.7446, time  500.8, minPhero 0.01(232), stagnancy 21.7%
[35m[MSG][0m itr   401, best 5572.7446, time  502.1, minPhero 0.01(232), stagnancy 22.0%
[35m[MSG][0m itr   402, best 5572.7446, time  503.5, minPhero 0.01(232), stagnancy 22.3%
[35m[MSG][0m itr   403, best 5572.7446, time  504.8, minPhero 0.01(232), stagnancy 22.7%
[35m[MSG][0m itr   404, best 5572.7446, time  506.2, minPhero 0.01(232), stagnancy 23.0%
[35m[MSG][0m itr   405, best 5572.7446, time  507.5, minPhero 0.01(232), stagnancy 23.3%
[35m[MSG][0m itr   406, best 5572.7446, time  508.9, minPhero 0.01(232), stagnancy 23.7%
[35m[MSG][0m itr   407, best 5572.7446, time  510.2, minPhero 0.01(232), stagnancy 24.0%
[35m[MSG][0m itr   408, best 5572.7446, time  511.6, minPhero 0.01(232), stagnancy 24.3%
[35m[MSG][0m itr   409, best 5572.7446, time  513.0, minPhero 0.01(232), stagnancy 24.7%
[35m[MSG][0m itr   410, best 5572.7446, time  514.3, minPhero 0.01(232), stagnancy 25.0%
[35m[MSG][0m itr   411, best 5572.7446, time  515.7, minPhero 0.01(232), stagnancy 25.3%
[35m[MSG][0m itr   412, best 5572.7446, time  517.0, minPhero 0.01(232), stagnancy 25.7%
[35m[MSG][0m itr   413, best 5572.7446, time  518.4, minPhero 0.01(232), stagnancy 26.0%
[35m[MSG][0m itr   414, best 5572.7446, time  519.8, minPhero 0.01(232), stagnancy 26.3%
[35m[MSG][0m itr   415, best 5572.7446, time  521.1, minPhero 0.01(232), stagnancy 26.7%
[35m[MSG][0m itr   416, best 5572.7446, time  522.5, minPhero 0.01(232), stagnancy 27.0%
[35m[MSG][0m itr   417, best 5572.7446, time  523.8, minPhero 0.01(232), stagnancy 27.3%
[35m[MSG][0m itr   418, best 5572.7446, time  525.1, minPhero 0.01(232), stagnancy 27.7%
[35m[MSG][0m itr   419, best 5572.7446, time  526.5, minPhero 0.01(232), stagnancy 28.0%
[35m[MSG][0m itr   420, best 5572.7446, time  527.8, minPhero 0.01(232), stagnancy 28.3%
[35m[MSG][0m itr   421, best 5572.7446, time  529.0, minPhero 0.01(232), stagnancy 28.7%
[35m[MSG][0m itr   422, best 5572.7446, time  530.2, minPhero 0.01(232), stagnancy 29.0%
[35m[MSG][0m itr   423, best 5572.7446, time  531.4, minPhero 0.01(232), stagnancy 29.3%
[35m[MSG][0m itr   424, best 5572.7446, time  532.6, minPhero 0.01(232), stagnancy 29.7%
[35m[MSG][0m itr   425, best 5572.7446, time  533.8, minPhero 0.01(232), stagnancy 30.0%
[35m[MSG][0m itr   426, best 5572.7446, time  535.0, minPhero 0.01(232), stagnancy 30.3%
[35m[MSG][0m itr   427, best 5572.7446, time  536.2, minPhero 0.01(232), stagnancy 30.7%
[35m[MSG][0m itr   428, best 5572.7446, time  537.4, minPhero 0.01(232), stagnancy 31.0%
[35m[MSG][0m itr   429, best 5572.7446, time  538.6, minPhero 0.01(232), stagnancy 31.3%
[35m[MSG][0m itr   430, best 5572.7446, time  539.8, minPhero 0.01(232), stagnancy 31.7%
[35m[MSG][0m itr   431, best 5572.7446, time  541.0, minPhero 0.01(232), stagnancy 32.0%
[35m[MSG][0m itr   432, best 5572.7446, time  542.3, minPhero 0.01(232), stagnancy 32.3%
[35m[MSG][0m itr   433, best 5572.7446, time  543.5, minPhero 0.01(232), stagnancy 32.7%
[35m[MSG][0m itr   434, best 5572.7446, time  544.7, minPhero 0.01(232), stagnancy 33.0%
[35m[MSG][0m itr   435, best 5572.7446, time  545.9, minPhero 0.01(232), stagnancy 33.3%
[35m[MSG][0m itr   436, best 5572.7446, time  547.1, minPhero 0.01(232), stagnancy 33.7%
[35m[MSG][0m itr   437, best 5572.7446, time  548.3, minPhero 0.01(232), stagnancy 34.0%
[35m[MSG][0m itr   438, best 5572.7446, time  549.5, minPhero 0.01(232), stagnancy 34.3%
[35m[MSG][0m itr   439, best 5572.7446, time  550.7, minPhero 0.01(232), stagnancy 34.7%
[35m[MSG][0m itr   440, best 5572.7446, time  551.9, minPhero 0.01(232), stagnancy 35.0%
[35m[MSG][0m itr   441, best 5572.7446, time  553.1, minPhero 0.01(232), stagnancy 35.3%
[35m[MSG][0m itr   442, best 5572.7446, time  554.3, minPhero 0.01(232), stagnancy 35.7%
[35m[MSG][0m itr   443, best 5572.7446, time  555.5, minPhero 0.01(232), stagnancy 36.0%
[35m[MSG][0m itr   444, best 5572.7446, time  556.7, minPhero 0.01(232), stagnancy 36.3%
[35m[MSG][0m itr   445, best 5572.7446, time  557.9, minPhero 0.01(232), stagnancy 36.7%
[35m[MSG][0m itr   446, best 5572.7446, time  559.1, minPhero 0.01(232), stagnancy 37.0%
[35m[MSG][0m itr   447, best 5572.7446, time  560.3, minPhero 0.01(232), stagnancy 37.3%
[35m[MSG][0m itr   448, best 5572.7446, time  561.5, minPhero 0.01(232), stagnancy 37.7%
[35m[MSG][0m itr   449, best 5572.7446, time  562.7, minPhero 0.01(232), stagnancy 38.0%
[35m[MSG][0m itr   450, best 5572.7446, time  563.9, minPhero 0.01(232), stagnancy 38.3%
[35m[MSG][0m itr   451, best 5572.7446, time  565.1, minPhero 0.01(232), stagnancy 38.7%
[35m[MSG][0m itr   452, best 5572.7446, time  566.3, minPhero 0.01(232), stagnancy 39.0%
[35m[MSG][0m itr   453, best 5572.7446, time  567.5, minPhero 0.01(232), stagnancy 39.3%
[35m[MSG][0m itr   454, best 5572.7446, time  568.6, minPhero 0.01(232), stagnancy 39.7%
[35m[MSG][0m itr   455, best 5572.7446, time  569.9, minPhero 0.01(232), stagnancy 40.0%
[35m[MSG][0m itr   456, best 5572.7446, time  571.1, minPhero 0.01(232), stagnancy 40.3%
[35m[MSG][0m itr   457, best 5572.7446, time  572.3, minPhero 0.01(232), stagnancy 40.7%
[35m[MSG][0m itr   458, best 5572.7446, time  573.7, minPhero 0.01(232), stagnancy 41.0%
[35m[MSG][0m itr   459, best 5572.7446, time  575.0, minPhero 0.01(232), stagnancy 41.3%
[35m[MSG][0m itr   460, best 5572.7446, time  576.4, minPhero 0.01(232), stagnancy 41.7%
[35m[MSG][0m itr   461, best 5572.7446, time  577.8, minPhero 0.01(232), stagnancy 42.0%
[35m[MSG][0m itr   462, best 5572.7446, time  579.1, minPhero 0.01(232), stagnancy 42.3%
[35m[MSG][0m itr   463, best 5572.7446, time  580.5, minPhero 0.01(232), stagnancy 42.7%
[35m[MSG][0m itr   464, best 5572.7446, time  581.9, minPhero 0.01(232), stagnancy 43.0%
[35m[MSG][0m itr   465, best 5572.7446, time  583.2, minPhero 0.01(232), stagnancy 43.3%
[35m[MSG][0m itr   466, best 5572.7446, time  584.6, minPhero 0.01(232), stagnancy 43.7%
[35m[MSG][0m itr   467, best 5572.7446, time  586.0, minPhero 0.01(232), stagnancy 44.0%
[35m[MSG][0m itr   468, best 5572.7446, time  587.4, minPhero 0.01(232), stagnancy 44.3%
[35m[MSG][0m itr   469, best 5572.7446, time  588.7, minPhero 0.01(232), stagnancy 44.7%
[35m[MSG][0m itr   470, best 5572.7446, time  590.1, minPhero 0.01(232), stagnancy 45.0%
[35m[MSG][0m itr   471, best 5572.7446, time  591.4, minPhero 0.01(232), stagnancy 45.3%
[35m[MSG][0m itr   472, best 5572.7446, time  592.8, minPhero 0.01(232), stagnancy 45.7%
[35m[MSG][0m itr   473, best 5572.7446, time  594.1, minPhero 0.01(232), stagnancy 46.0%
[35m[MSG][0m itr   474, best 5572.7446, time  595.5, minPhero 0.01(232), stagnancy 46.3%
[35m[MSG][0m itr   475, best 5572.7446, time  596.8, minPhero 0.01(232), stagnancy 46.7%
[35m[MSG][0m itr   476, best 5572.7446, time  598.2, minPhero 0.01(232), stagnancy 47.0%
[35m[MSG][0m itr   477, best 5572.7446, time  599.6, minPhero 0.01(232), stagnancy 47.3%
[35m[MSG][0m itr   478, best 5572.7446, time  600.9, minPhero 0.01(232), stagnancy 47.7%
[35m[MSG][0m itr   479, best 5572.7446, time  602.3, minPhero 0.01(232), stagnancy 48.0%
[35m[MSG][0m itr   480, best 5572.7446, time  603.6, minPhero 0.01(232), stagnancy 48.3%
[35m[MSG][0m itr   481, best 5572.7446, time  604.8, minPhero 0.01(232), stagnancy 48.7%
[35m[MSG][0m itr   482, best 5572.7446, time  606.2, minPhero 0.01(232), stagnancy 49.0%
[35m[MSG][0m itr   483, best 5572.7446, time  607.6, minPhero 0.01(232), stagnancy 49.3%
[35m[MSG][0m itr   484, best 5572.7446, time  609.0, minPhero 0.01(232), stagnancy 49.7%
[35m[MSG][0m itr   485, best 5572.7446, time  610.3, minPhero 0.01(232), stagnancy 50.0%
[35m[MSG][0m itr   486, best 5572.7446, time  611.7, minPhero 0.01(232), stagnancy 50.3%
[35m[MSG][0m itr   487, best 5572.7446, time  613.0, minPhero 0.01(232), stagnancy 50.7%
[35m[MSG][0m itr   488, best 5572.7446, time  614.3, minPhero 0.01(232), stagnancy 51.0%
[35m[MSG][0m itr   489, best 5572.7446, time  615.7, minPhero 0.01(232), stagnancy 51.3%
[35m[MSG][0m itr   490, best 5572.7446, time  617.1, minPhero 0.01(232), stagnancy 51.7%
[35m[MSG][0m itr   491, best 5572.7446, time  618.4, minPhero 0.01(232), stagnancy 52.0%
[35m[MSG][0m itr   492, best 5572.7446, time  619.8, minPhero 0.01(232), stagnancy 52.3%
[35m[MSG][0m itr   493, best 5572.7446, time  621.1, minPhero 0.01(232), stagnancy 52.7%
[35m[MSG][0m itr   494, best 5572.7446, time  622.4, minPhero 0.01(232), stagnancy 53.0%
[35m[MSG][0m itr   495, best 5572.7446, time  623.8, minPhero 0.01(232), stagnancy 53.3%
[35m[MSG][0m itr   496, best 5572.7446, time  625.1, minPhero 0.01(232), stagnancy 53.7%
[35m[MSG][0m itr   497, best 5572.7446, time  626.5, minPhero 0.01(232), stagnancy 54.0%
[35m[MSG][0m itr   498, best 5572.7446, time  627.8, minPhero 0.01(232), stagnancy 54.3%
[35m[MSG][0m itr   499, best 5572.7446, time  629.2, minPhero 0.01(232), stagnancy 54.7%
[35m[MSG][0m itr   500, best 5572.7446, time  630.5, minPhero 0.01(232), stagnancy 55.0%
[35m[MSG][0m itr   501, best 5572.7446, time  631.8, minPhero 0.01(232), stagnancy 55.3%
[35m[MSG][0m itr   502, best 5572.7446, time  633.1, minPhero 0.01(232), stagnancy 55.7%
[35m[MSG][0m itr   503, best 5572.7446, time  634.5, minPhero 0.01(232), stagnancy 56.0%
[35m[MSG][0m itr   504, best 5572.7446, time  635.8, minPhero 0.01(232), stagnancy 56.3%
[35m[MSG][0m itr   505, best 5572.7446, time  637.2, minPhero 0.01(232), stagnancy 56.7%
[35m[MSG][0m itr   506, best 5572.7446, time  638.5, minPhero 0.01(232), stagnancy 57.0%
[35m[MSG][0m itr   507, best 5572.7446, time  639.7, minPhero 0.01(232), stagnancy 57.3%
[35m[MSG][0m itr   508, best 5572.7446, time  641.0, minPhero 0.01(232), stagnancy 57.7%
[35m[MSG][0m itr   509, best 5572.7446, time  642.2, minPhero 0.01(232), stagnancy 58.0%
[35m[MSG][0m itr   510, best 5572.7446, time  643.6, minPhero 0.01(232), stagnancy 58.3%
[35m[MSG][0m itr   511, best 5572.7446, time  644.9, minPhero 0.01(232), stagnancy 58.7%
[35m[MSG][0m itr   512, best 5572.7446, time  646.2, minPhero 0.01(232), stagnancy 59.0%
[35m[MSG][0m itr   513, best 5572.7446, time  647.5, minPhero 0.01(232), stagnancy 59.3%
[35m[MSG][0m itr   514, best 5572.7446, time  648.8, minPhero 0.01(232), stagnancy 59.7%
[35m[MSG][0m itr   515, best 5572.7446, time  650.2, minPhero 0.01(232), stagnancy 60.0%
[35m[MSG][0m itr   516, best 5572.7446, time  651.4, minPhero 0.01(232), stagnancy 60.3%
[35m[MSG][0m itr   517, best 5572.7446, time  652.8, minPhero 0.01(232), stagnancy 60.7%
[35m[MSG][0m itr   518, best 5572.7446, time  654.1, minPhero 0.01(232), stagnancy 61.0%
[35m[MSG][0m itr   519, best 5572.7446, time  655.3, minPhero 0.01(232), stagnancy 61.3%
[35m[MSG][0m itr   520, best 5572.7446, time  656.6, minPhero 0.01(232), stagnancy 61.7%
[35m[MSG][0m itr   521, best 5572.7446, time  657.8, minPhero 0.01(232), stagnancy 62.0%
[35m[MSG][0m itr   522, best 5572.7446, time  659.1, minPhero 0.01(232), stagnancy 62.3%
[35m[MSG][0m itr   523, best 5572.7446, time  660.5, minPhero 0.01(232), stagnancy 62.7%
[35m[MSG][0m itr   524, best 5572.7446, time  661.8, minPhero 0.01(232), stagnancy 63.0%
[35m[MSG][0m itr   525, best 5572.7446, time  663.0, minPhero 0.01(232), stagnancy 63.3%
[35m[MSG][0m itr   526, best 5572.7446, time  664.2, minPhero 0.01(232), stagnancy 63.7%
[35m[MSG][0m itr   527, best 5572.7446, time  665.5, minPhero 0.01(232), stagnancy 64.0%
[35m[MSG][0m itr   528, best 5572.7446, time  666.7, minPhero 0.01(232), stagnancy 64.3%
[35m[MSG][0m itr   529, best 5572.7446, time  667.9, minPhero 0.01(232), stagnancy 64.7%
[35m[MSG][0m itr   530, best 5572.7446, time  669.1, minPhero 0.01(232), stagnancy 65.0%
[35m[MSG][0m itr   531, best 5572.7446, time  670.3, minPhero 0.01(232), stagnancy 65.3%
[35m[MSG][0m itr   532, best 5572.7446, time  671.4, minPhero 0.01(232), stagnancy 65.7%
[35m[MSG][0m itr   533, best 5572.7446, time  672.6, minPhero 0.01(232), stagnancy 66.0%
[35m[MSG][0m itr   534, best 5572.7446, time  673.8, minPhero 0.01(232), stagnancy 66.3%
[35m[MSG][0m itr   535, best 5572.7446, time  675.0, minPhero 0.01(232), stagnancy 66.7%
[35m[MSG][0m itr   536, best 5572.7446, time  676.2, minPhero 0.01(232), stagnancy 67.0%
[35m[MSG][0m itr   537, best 5572.7446, time  677.4, minPhero 0.01(232), stagnancy 67.3%
[35m[MSG][0m itr   538, best 5572.7446, time  678.6, minPhero 0.01(232), stagnancy 67.7%
[35m[MSG][0m itr   539, best 5572.7446, time  679.8, minPhero 0.01(232), stagnancy 68.0%
[35m[MSG][0m itr   540, best 5572.7446, time  681.0, minPhero 0.01(232), stagnancy 68.3%
[35m[MSG][0m itr   541, best 5572.7446, time  682.1, minPhero 0.01(232), stagnancy 68.7%
[35m[MSG][0m itr   542, best 5572.7446, time  683.3, minPhero 0.01(232), stagnancy 69.0%
[35m[MSG][0m itr   543, best 5572.7446, time  684.5, minPhero 0.01(232), stagnancy 69.3%
[35m[MSG][0m itr   544, best 5572.7446, time  685.7, minPhero 0.01(232), stagnancy 69.7%
[35m[MSG][0m itr   545, best 5572.7446, time  687.0, minPhero 0.01(232), stagnancy 70.0%
[35m[MSG][0m itr   546, best 5572.7446, time  688.1, minPhero 0.01(232), stagnancy 70.3%
[35m[MSG][0m itr   547, best 5572.7446, time  689.1, minPhero 0.01(232), stagnancy 70.7%
[35m[MSG][0m itr   548, best 5572.7446, time  690.3, minPhero 0.01(232), stagnancy 71.0%
[35m[MSG][0m itr   549, best 5572.7446, time  691.5, minPhero 0.01(232), stagnancy 71.3%
[35m[MSG][0m itr   550, best 5572.7446, time  692.6, minPhero 0.01(232), stagnancy 71.7%
[35m[MSG][0m itr   551, best 5572.7446, time  693.9, minPhero 0.01(232), stagnancy 72.0%
[35m[MSG][0m itr   552, best 5572.7446, time  695.1, minPhero 0.01(232), stagnancy 72.3%
[35m[MSG][0m itr   553, best 5572.7446, time  696.3, minPhero 0.01(232), stagnancy 72.7%
[35m[MSG][0m itr   554, best 5572.7446, time  697.5, minPhero 0.01(232), stagnancy 73.0%
[35m[MSG][0m itr   555, best 5572.7446, time  698.7, minPhero 0.01(232), stagnancy 73.3%
[35m[MSG][0m itr   556, best 5572.7446, time  699.9, minPhero 0.01(232), stagnancy 73.7%
[35m[MSG][0m itr   557, best 5572.7446, time  701.2, minPhero 0.01(232), stagnancy 74.0%
[35m[MSG][0m itr   558, best 5572.7446, time  702.4, minPhero 0.01(232), stagnancy 74.3%
[35m[MSG][0m itr   559, best 5572.7446, time  703.6, minPhero 0.01(232), stagnancy 74.7%
[35m[MSG][0m itr   560, best 5572.7446, time  705.0, minPhero 0.01(232), stagnancy 75.0%
[35m[MSG][0m itr   561, best 5572.7446, time  706.4, minPhero 0.01(232), stagnancy 75.3%
[35m[MSG][0m itr   562, best 5572.7446, time  707.7, minPhero 0.01(232), stagnancy 75.7%
[35m[MSG][0m itr   563, best 5572.7446, time  709.1, minPhero 0.01(232), stagnancy 76.0%
[35m[MSG][0m itr   564, best 5572.7446, time  710.4, minPhero 0.01(232), stagnancy 76.3%
[35m[MSG][0m itr   565, best 5572.7446, time  711.8, minPhero 0.01(232), stagnancy 76.7%
[35m[MSG][0m itr   566, best 5572.7446, time  713.1, minPhero 0.01(232), stagnancy 77.0%
[35m[MSG][0m itr   567, best 5572.7446, time  714.5, minPhero 0.01(232), stagnancy 77.3%
[35m[MSG][0m itr   568, best 5572.7446, time  715.8, minPhero 0.01(232), stagnancy 77.7%
[35m[MSG][0m itr   569, best 5572.7446, time  717.1, minPhero 0.01(232), stagnancy 78.0%
[35m[MSG][0m itr   570, best 5572.7446, time  718.4, minPhero 0.01(232), stagnancy 78.3%
[35m[MSG][0m itr   571, best 5572.7446, time  719.8, minPhero 0.01(232), stagnancy 78.7%
[35m[MSG][0m itr   572, best 5572.7446, time  721.1, minPhero 0.01(232), stagnancy 79.0%
[35m[MSG][0m itr   573, best 5572.7446, time  722.5, minPhero 0.01(232), stagnancy 79.3%
[35m[MSG][0m itr   574, best 5572.7446, time  723.9, minPhero 0.01(232), stagnancy 79.7%
[35m[MSG][0m itr   575, best 5572.7446, time  725.2, minPhero 0.01(232), stagnancy 80.0%
[35m[MSG][0m itr   576, best 5572.7446, time  726.6, minPhero 0.01(232), stagnancy 80.3%
[35m[MSG][0m itr   577, best 5572.7446, time  727.9, minPhero 0.01(232), stagnancy 80.7%
[35m[MSG][0m itr   578, best 5572.7446, time  729.3, minPhero 0.01(232), stagnancy 81.0%
[35m[MSG][0m itr   579, best 5572.7446, time  730.6, minPhero 0.01(232), stagnancy 81.3%
[35m[MSG][0m itr   580, best 5572.7446, time  732.0, minPhero 0.01(232), stagnancy 81.7%
[35m[MSG][0m itr   581, best 5572.7446, time  733.3, minPhero 0.01(232), stagnancy 82.0%
[35m[MSG][0m itr   582, best 5572.7446, time  734.7, minPhero 0.01(232), stagnancy 82.3%
[35m[MSG][0m itr   583, best 5572.7446, time  736.0, minPhero 0.01(232), stagnancy 82.7%
[35m[MSG][0m itr   584, best 5572.7446, time  737.4, minPhero 0.01(232), stagnancy 83.0%
[35m[MSG][0m itr   585, best 5572.7446, time  738.7, minPhero 0.01(232), stagnancy 83.3%
[35m[MSG][0m itr   586, best 5572.7446, time  740.1, minPhero 0.01(232), stagnancy 83.7%
[35m[MSG][0m itr   587, best 5572.7446, time  741.4, minPhero 0.01(232), stagnancy 84.0%
[35m[MSG][0m itr   588, best 5572.7446, time  742.8, minPhero 0.01(232), stagnancy 84.3%
[35m[MSG][0m itr   589, best 5572.7446, time  744.1, minPhero 0.01(232), stagnancy 84.7%
[35m[MSG][0m itr   590, best 5572.7446, time  745.5, minPhero 0.01(232), stagnancy 85.0%
[35m[MSG][0m itr   591, best 5572.7446, time  746.8, minPhero 0.01(232), stagnancy 85.3%
[35m[MSG][0m itr   592, best 5572.7446, time  748.2, minPhero 0.01(232), stagnancy 85.7%
[35m[MSG][0m itr   593, best 5572.7446, time  749.5, minPhero 0.01(232), stagnancy 86.0%
[35m[MSG][0m itr   594, best 5572.7446, time  750.9, minPhero 0.01(232), stagnancy 86.3%
[35m[MSG][0m itr   595, best 5572.7446, time  752.2, minPhero 0.01(232), stagnancy 86.7%
[35m[MSG][0m itr   596, best 5572.7446, time  753.6, minPhero 0.01(232), stagnancy 87.0%
[35m[MSG][0m itr   597, best 5572.7446, time  754.9, minPhero 0.01(232), stagnancy 87.3%
[35m[MSG][0m itr   598, best 5572.7446, time  756.3, minPhero 0.01(232), stagnancy 87.7%
[35m[MSG][0m itr   599, best 5572.7446, time  757.6, minPhero 0.01(232), stagnancy 88.0%
[35m[MSG][0m itr   600, best 5572.7446, time  759.0, minPhero 0.01(232), stagnancy 88.3%
[35m[MSG][0m itr   601, best 5572.7446, time  760.3, minPhero 0.01(232), stagnancy 88.7%
[35m[MSG][0m itr   602, best 5572.7446, time  761.7, minPhero 0.01(232), stagnancy 89.0%
[35m[MSG][0m itr   603, best 5572.7446, time  763.1, minPhero 0.01(232), stagnancy 89.3%
[35m[MSG][0m itr   604, best 5572.7446, time  764.4, minPhero 0.01(232), stagnancy 89.7%
[35m[MSG][0m itr   605, best 5572.7446, time  765.7, minPhero 0.01(232), stagnancy 90.0%
[35m[MSG][0m itr   606, best 5572.7446, time  767.1, minPhero 0.01(232), stagnancy 90.3%
[35m[MSG][0m itr   607, best 5572.7446, time  768.4, minPhero 0.01(232), stagnancy 90.7%
[35m[MSG][0m itr   608, best 5572.7446, time  769.6, minPhero 0.01(232), stagnancy 91.0%
[35m[MSG][0m itr   609, best 5572.7446, time  771.0, minPhero 0.01(232), stagnancy 91.3%
[35m[MSG][0m itr   610, best 5572.7446, time  772.3, minPhero 0.01(232), stagnancy 91.7%
[35m[MSG][0m itr   611, best 5572.7446, time  773.7, minPhero 0.01(232), stagnancy 92.0%
[35m[MSG][0m itr   612, best 5572.7446, time  775.0, minPhero 0.01(232), stagnancy 92.3%
[35m[MSG][0m itr   613, best 5572.7446, time  776.4, minPhero 0.01(232), stagnancy 92.7%
[35m[MSG][0m itr   614, best 5572.7446, time  777.7, minPhero 0.01(232), stagnancy 93.0%
[35m[MSG][0m itr   615, best 5572.7446, time  779.1, minPhero 0.01(232), stagnancy 93.3%
[35m[MSG][0m itr   616, best 5572.7446, time  780.4, minPhero 0.01(232), stagnancy 93.7%
[35m[MSG][0m itr   617, best 5572.7446, time  781.8, minPhero 0.01(232), stagnancy 94.0%
[35m[MSG][0m itr   618, best 5572.7446, time  783.1, minPhero 0.01(232), stagnancy 94.3%
[35m[MSG][0m itr   619, best 5572.7446, time  784.5, minPhero 0.01(232), stagnancy 94.7%
[35m[MSG][0m itr   620, best 5572.7446, time  785.8, minPhero 0.01(232), stagnancy 95.0%
[35m[MSG][0m itr   621, best 5572.7446, time  787.1, minPhero 0.01(232), stagnancy 95.3%
[35m[MSG][0m itr   622, best 5572.7446, time  788.3, minPhero 0.01(232), stagnancy 95.7%
[35m[MSG][0m itr   623, best 5572.7446, time  789.5, minPhero 0.01(232), stagnancy 96.0%
[35m[MSG][0m itr   624, best 5572.7446, time  790.7, minPhero 0.01(232), stagnancy 96.3%
[35m[MSG][0m itr   625, best 5572.7446, time  791.9, minPhero 0.01(232), stagnancy 96.7%
[35m[MSG][0m itr   626, best 5572.7446, time  793.1, minPhero 0.01(232), stagnancy 97.0%
[35m[MSG][0m itr   627, best 5572.7446, time  794.3, minPhero 0.01(232), stagnancy 97.3%
[35m[MSG][0m itr   628, best 5572.7446, time  795.5, minPhero 0.01(232), stagnancy 97.7%
[35m[MSG][0m itr   629, best 5572.7446, time  796.7, minPhero 0.01(232), stagnancy 98.0%
[35m[MSG][0m itr   630, best 5572.7446, time  797.9, minPhero 0.01(232), stagnancy 98.3%
[35m[MSG][0m itr   631, best 5572.7446, time  799.1, minPhero 0.01(232), stagnancy 98.7%
[35m[MSG][0m itr   632, best 5572.7446, time  800.3, minPhero 0.01(232), stagnancy 99.0%
[35m[MSG][0m itr   633, best 5572.7446, time  801.5, minPhero 0.01(232), stagnancy 99.3%
[35m[MSG][0m itr   634, best 5572.7446, time  802.7, minPhero 0.01(232), stagnancy 99.7%
[35m[MSG][0m itr   635, best 5572.7446, time  803.9, minPhero 0.01(232), stagnancy 100.0%
[35m[MSG][0m Solution converged. Reinitialising pheromones...
[35m[MSG][0m Time: 803.88 s
[35m[MSG][0m Best cost: 5572.74
