[35m[MSG][0m Log level set to LOG_DEBUG
[35m[MSG][0m Parsing input from file "res/fruitybun250_2016.vrp"
[35m[MSG][0m Number of nodes: 250
[35m[MSG][0m Running ACO search
[35m[MSG][0m ACO settings: 
 alpha:     8.000
 beta:      1.000
 pers:      0.870
 minPhero:  0.015
 nbhood:    10
 popSize:   256
 maxStag:   300
[35m[MSG][0m itr     1, best 5783.9238, time    0.6, minPhero 0.87(28922), stagnancy 0.0%
[35m[MSG][0m itr     2, best 5783.9238, time    1.2, minPhero 0.76(28922), stagnancy 0.3%
[35m[MSG][0m itr     3, best 5777.7920, time    1.8, minPhero 0.66(28922), stagnancy 0.0%
[35m[MSG][0m itr     4, best 5707.6567, time    2.4, minPhero 0.57(28922), stagnancy 0.0%
[35m[MSG][0m itr     5, best 5707.6567, time    3.0, minPhero 0.50(28922), stagnancy 0.3%
[35m[MSG][0m itr     6, best 5707.6567, time    3.6, minPhero 0.43(28922), stagnancy 0.7%
[35m[MSG][0m itr     7, best 5707.6567, time    4.3, minPhero 0.38(28922), stagnancy 1.0%
[35m[MSG][0m itr     8, best 5707.6567, time    5.0, minPhero 0.33(28922), stagnancy 1.3%
[35m[MSG][0m itr     9, best 5707.6567, time    5.6, minPhero 0.29(28922), stagnancy 1.7%
[35m[MSG][0m itr    10, best 5707.6567, time    6.2, minPhero 0.25(28922), stagnancy 2.0%
[35m[MSG][0m itr    11, best 5695.0010, time    6.8, minPhero 0.22(28922), stagnancy 0.0%
[35m[MSG][0m itr    12, best 5693.4829, time    7.4, minPhero 0.19(28922), stagnancy 0.0%
[35m[MSG][0m itr    13, best 5668.7388, time    8.1, minPhero 0.16(28922), stagnancy 0.0%
[35m[MSG][0m itr    14, best 5668.7388, time    8.8, minPhero 0.14(28922), stagnancy 0.3%
[35m[MSG][0m itr    15, best 5668.7388, time    9.4, minPhero 0.12(28922), stagnancy 0.7%
[35m[MSG][0m itr    16, best 5668.7388, time   10.1, minPhero 0.11(28922), stagnancy 1.0%
[35m[MSG][0m itr    17, best 5668.7388, time   10.7, minPhero 0.09(28922), stagnancy 1.3%
[35m[MSG][0m itr    18, best 5668.7388, time   11.3, minPhero 0.08(28922), stagnancy 1.7%
[35m[MSG][0m itr    19, best 5656.8438, time   11.8, minPhero 0.07(28922), stagnancy 0.0%
[35m[MSG][0m itr    20, best 5656.8438, time   12.4, minPhero 0.06(28922), stagnancy 0.3%
[35m[MSG][0m itr    21, best 5656.8438, time   13.0, minPhero 0.05(28922), stagnancy 0.7%
[35m[MSG][0m itr    22, best 5656.8438, time   13.7, minPhero 0.05(28922), stagnancy 1.0%
[35m[MSG][0m itr    23, best 5656.8438, time   14.3, minPhero 0.04(28922), stagnancy 1.3%
[35m[MSG][0m itr    24, best 5649.7085, time   14.9, minPhero 0.04(28922), stagnancy 0.0%
[35m[MSG][0m itr    25, best 5648.0796, time   15.5, minPhero 0.03(28922), stagnancy 0.0%
[35m[MSG][0m itr    26, best 5636.3750, time   16.2, minPhero 0.03(28922), stagnancy 0.0%
[35m[MSG][0m itr    27, best 5636.3750, time   16.8, minPhero 0.02(601), stagnancy 0.3%
[35m[MSG][0m itr    28, best 5636.3750, time   17.4, minPhero 0.02(552), stagnancy 0.7%
[35m[MSG][0m itr    29, best 5636.3750, time   18.0, minPhero 0.02(498), stagnancy 1.0%
[35m[MSG][0m itr    30, best 5636.3750, time   18.7, minPhero 0.02(466), stagnancy 1.3%
[35m[MSG][0m itr    31, best 5636.3750, time   19.3, minPhero 0.01(437), stagnancy 1.7%
[35m[MSG][0m itr    32, best 5632.8179, time   19.9, minPhero 0.01(431), stagnancy 0.0%
[35m[MSG][0m itr    33, best 5632.8179, time   20.6, minPhero 0.01(424), stagnancy 0.3%
[35m[MSG][0m itr    34, best 5623.7773, time   21.3, minPhero 0.01(426), stagnancy 0.0%
[35m[MSG][0m itr    35, best 5623.7773, time   22.0, minPhero 0.01(426), stagnancy 0.3%
[35m[MSG][0m itr    36, best 5623.6494, time   22.7, minPhero 0.01(409), stagnancy 0.0%
[35m[MSG][0m itr    37, best 5623.6494, time   23.3, minPhero 0.01(399), stagnancy 0.3%
[35m[MSG][0m itr    38, best 5619.2603, time   24.0, minPhero 0.01(389), stagnancy 0.0%
[35m[MSG][0m itr    39, best 5619.2603, time   24.6, minPhero 0.01(367), stagnancy 0.3%
[35m[MSG][0m itr    40, best 5617.7607, time   25.3, minPhero 0.01(374), stagnancy 0.0%
[35m[MSG][0m itr    41, best 5617.7607, time   26.0, minPhero 0.01(373), stagnancy 0.3%
[35m[MSG][0m itr    42, best 5617.7607, time   26.7, minPhero 0.01(344), stagnancy 0.7%
[35m[MSG][0m itr    43, best 5613.4888, time   27.3, minPhero 0.01(340), stagnancy 0.0%
[35m[MSG][0m itr    44, best 5609.9097, time   28.0, minPhero 0.01(343), stagnancy 0.0%
[35m[MSG][0m itr    45, best 5609.9097, time   28.7, minPhero 0.01(336), stagnancy 0.3%
[35m[MSG][0m itr    46, best 5609.9097, time   29.4, minPhero 0.01(322), stagnancy 0.7%
[35m[MSG][0m itr    47, best 5609.9097, time   30.1, minPhero 0.01(319), stagnancy 1.0%
[35m[MSG][0m itr    48, best 5607.5654, time   30.9, minPhero 0.01(315), stagnancy 0.0%
[35m[MSG][0m itr    49, best 5605.5439, time   31.7, minPhero 0.01(314), stagnancy 0.0%
[35m[MSG][0m itr    50, best 5605.5439, time   32.4, minPhero 0.01(309), stagnancy 0.3%
[35m[MSG][0m itr    51, best 5602.8052, time   33.2, minPhero 0.01(308), stagnancy 0.0%
[35m[MSG][0m itr    52, best 5602.8052, time   33.9, minPhero 0.01(305), stagnancy 0.3%
[35m[MSG][0m itr    53, best 5599.4326, time   34.6, minPhero 0.01(312), stagnancy 0.0%
[35m[MSG][0m itr    54, best 5599.4326, time   35.3, minPhero 0.01(306), stagnancy 0.3%
[35m[MSG][0m itr    55, best 5597.6118, time   36.0, minPhero 0.01(302), stagnancy 0.0%
[35m[MSG][0m itr    56, best 5597.6118, time   36.7, minPhero 0.01(298), stagnancy 0.3%
[35m[MSG][0m itr    57, best 5597.6118, time   37.4, minPhero 0.01(298), stagnancy 0.7%
[35m[MSG][0m itr    58, best 5597.6118, time   38.3, minPhero 0.01(297), stagnancy 1.0%
[35m[MSG][0m itr    59, best 5597.3457, time   39.1, minPhero 0.01(296), stagnancy 0.0%
[35m[MSG][0m itr    60, best 5597.3457, time   40.0, minPhero 0.01(293), stagnancy 0.3%
[35m[MSG][0m itr    61, best 5595.4590, time   40.8, minPhero 0.01(280), stagnancy 0.0%
[35m[MSG][0m itr    62, best 5595.4590, time   41.5, minPhero 0.01(274), stagnancy 0.3%
[35m[MSG][0m Solution converged. Reinitialising pheromones...
[35m[MSG][0m itr    63, best 5595.4590, time   42.1, minPhero 0.87(28922), stagnancy 0.7%
[35m[MSG][0m itr    64, best 5595.4590, time   42.8, minPhero 0.76(28922), stagnancy 1.0%
[35m[MSG][0m itr    65, best 5595.4590, time   43.4, minPhero 0.66(28922), stagnancy 1.3%
[35m[MSG][0m itr    66, best 5595.4590, time   44.0, minPhero 0.57(28922), stagnancy 1.7%
[35m[MSG][0m itr    67, best 5595.4590, time   44.6, minPhero 0.50(28922), stagnancy 2.0%
[35m[MSG][0m itr    68, best 5595.4590, time   45.2, minPhero 0.43(28922), stagnancy 2.3%
[35m[MSG][0m itr    69, best 5595.4590, time   45.8, minPhero 0.38(28922), stagnancy 2.7%
[35m[MSG][0m itr    70, best 5595.4590, time   46.6, minPhero 0.33(28922), stagnancy 3.0%
[35m[MSG][0m itr    71, best 5595.4590, time   47.3, minPhero 0.29(28922), stagnancy 3.3%
[35m[MSG][0m itr    72, best 5595.4590, time   48.0, minPhero 0.25(28922), stagnancy 3.7%
[35m[MSG][0m itr    73, best 5595.4590, time   48.7, minPhero 0.22(28922), stagnancy 4.0%
[35m[MSG][0m itr    74, best 5595.4590, time   49.3, minPhero 0.19(28922), stagnancy 4.3%
[35m[MSG][0m itr    75, best 5595.4590, time   49.9, minPhero 0.16(28922), stagnancy 4.7%
[35m[MSG][0m itr    76, best 5595.4590, time   50.6, minPhero 0.14(28922), stagnancy 5.0%
[35m[MSG][0m itr    77, best 5595.4590, time   51.2, minPhero 0.12(28922), stagnancy 5.3%
[35m[MSG][0m itr    78, best 5595.4590, time   51.8, minPhero 0.11(28922), stagnancy 5.7%
[35m[MSG][0m itr    79, best 5595.4590, time   52.5, minPhero 0.09(28922), stagnancy 6.0%
[35m[MSG][0m itr    80, best 5595.4590, time   53.1, minPhero 0.08(28922), stagnancy 6.3%
[35m[MSG][0m itr    81, best 5595.4590, time   53.7, minPhero 0.07(28922), stagnancy 6.7%
[35m[MSG][0m itr    82, best 5595.4590, time   54.4, minPhero 0.06(28922), stagnancy 7.0%
[35m[MSG][0m itr    83, best 5595.4590, time   55.1, minPhero 0.05(28922), stagnancy 7.3%
[35m[MSG][0m itr    84, best 5595.4590, time   55.7, minPhero 0.05(28922), stagnancy 7.7%
[35m[MSG][0m itr    85, best 5595.4590, time   56.3, minPhero 0.04(28922), stagnancy 8.0%
[35m[MSG][0m itr    86, best 5595.4561, time   56.9, minPhero 0.04(28922), stagnancy 0.0%
[35m[MSG][0m itr    87, best 5595.4561, time   57.6, minPhero 0.03(28922), stagnancy 0.3%
[35m[MSG][0m itr    88, best 5594.9673, time   58.2, minPhero 0.03(28922), stagnancy 0.0%
[35m[MSG][0m itr    89, best 5594.9673, time   58.8, minPhero 0.02(235), stagnancy 0.3%
[35m[MSG][0m itr    90, best 5594.9668, time   59.4, minPhero 0.02(235), stagnancy 0.0%
[35m[MSG][0m itr    91, best 5594.9644, time   60.0, minPhero 0.02(235), stagnancy 0.0%
[35m[MSG][0m itr    92, best 5594.8218, time   60.6, minPhero 0.02(236), stagnancy 0.0%
[35m[MSG][0m itr    93, best 5594.5317, time   61.2, minPhero 0.01(238), stagnancy 0.0%
[35m[MSG][0m itr    94, best 5594.5308, time   61.8, minPhero 0.01(238), stagnancy 0.0%
[35m[MSG][0m itr    95, best 5593.8984, time   62.5, minPhero 0.01(244), stagnancy 0.0%
[35m[MSG][0m itr    96, best 5593.8984, time   63.1, minPhero 0.01(244), stagnancy 0.3%
[35m[MSG][0m itr    97, best 5593.2988, time   63.7, minPhero 0.01(246), stagnancy 0.0%
[35m[MSG][0m itr    98, best 5593.2988, time   64.3, minPhero 0.01(246), stagnancy 0.3%
[35m[MSG][0m itr    99, best 5593.2988, time   64.9, minPhero 0.01(246), stagnancy 0.7%
[35m[MSG][0m itr   100, best 5593.2988, time   65.5, minPhero 0.01(246), stagnancy 1.0%
[35m[MSG][0m itr   101, best 5593.2964, time   66.1, minPhero 0.01(246), stagnancy 0.0%
[35m[MSG][0m itr   102, best 5592.8628, time   66.8, minPhero 0.01(246), stagnancy 0.0%
[35m[MSG][0m itr   103, best 5592.8628, time   67.4, minPhero 0.01(246), stagnancy 0.3%
[35m[MSG][0m itr   104, best 5592.4424, time   68.0, minPhero 0.01(250), stagnancy 0.0%
[35m[MSG][0m itr   105, best 5592.1562, time   68.6, minPhero 0.01(254), stagnancy 0.0%
[35m[MSG][0m itr   106, best 5591.3398, time   69.3, minPhero 0.01(254), stagnancy 0.0%
[35m[MSG][0m itr   107, best 5590.9072, time   69.9, minPhero 0.01(254), stagnancy 0.0%
[35m[MSG][0m itr   108, best 5590.9072, time   70.5, minPhero 0.01(254), stagnancy 0.3%
[35m[MSG][0m itr   109, best 5590.9048, time   71.1, minPhero 0.01(254), stagnancy 0.0%
[35m[MSG][0m itr   110, best 5590.9038, time   71.7, minPhero 0.01(254), stagnancy 0.0%
[35m[MSG][0m itr   111, best 5590.7646, time   72.3, minPhero 0.01(255), stagnancy 0.0%
[35m[MSG][0m itr   112, best 5590.7612, time   72.9, minPhero 0.01(255), stagnancy 0.0%
[35m[MSG][0m itr   113, best 5590.7612, time   73.6, minPhero 0.01(255), stagnancy 0.3%
[35m[MSG][0m itr   114, best 5590.2007, time   74.2, minPhero 0.01(256), stagnancy 0.0%
[35m[MSG][0m itr   115, best 5590.2007, time   74.8, minPhero 0.01(256), stagnancy 0.3%
[35m[MSG][0m itr   116, best 5590.2007, time   75.4, minPhero 0.01(256), stagnancy 0.7%
[35m[MSG][0m itr   117, best 5590.2007, time   76.0, minPhero 0.01(253), stagnancy 1.0%
[35m[MSG][0m itr   118, best 5590.2007, time   76.6, minPhero 0.01(252), stagnancy 1.3%
[35m[MSG][0m itr   119, best 5590.2007, time   77.2, minPhero 0.01(252), stagnancy 1.7%
[35m[MSG][0m itr   120, best 5590.2007, time   77.8, minPhero 0.01(252), stagnancy 2.0%
[35m[MSG][0m itr   121, best 5590.2007, time   78.4, minPhero 0.01(246), stagnancy 2.3%
[35m[MSG][0m itr   122, best 5590.2007, time   79.0, minPhero 0.01(246), stagnancy 2.7%
[35m[MSG][0m itr   123, best 5590.2007, time   79.6, minPhero 0.01(244), stagnancy 3.0%
[35m[MSG][0m itr   124, best 5590.0273, time   80.2, minPhero 0.01(245), stagnancy 0.0%
[35m[MSG][0m itr   125, best 5590.0249, time   80.8, minPhero 0.01(245), stagnancy 0.0%
[35m[MSG][0m itr   126, best 5590.0249, time   81.4, minPhero 0.01(245), stagnancy 0.3%
[35m[MSG][0m itr   127, best 5590.0244, time   82.1, minPhero 0.01(245), stagnancy 0.0%
[35m[MSG][0m itr   128, best 5590.0244, time   82.7, minPhero 0.01(245), stagnancy 0.3%
[35m[MSG][0m itr   129, best 5590.0244, time   83.3, minPhero 0.01(245), stagnancy 0.7%
[35m[MSG][0m itr   130, best 5590.0244, time   83.9, minPhero 0.01(239), stagnancy 1.0%
[35m[MSG][0m itr   131, best 5590.0244, time   84.5, minPhero 0.01(238), stagnancy 1.3%
[35m[MSG][0m itr   132, best 5590.0244, time   85.1, minPhero 0.01(238), stagnancy 1.7%
[35m[MSG][0m itr   133, best 5590.0244, time   85.7, minPhero 0.01(238), stagnancy 2.0%
[35m[MSG][0m itr   134, best 5590.0244, time   86.3, minPhero 0.01(238), stagnancy 2.3%
[35m[MSG][0m itr   135, best 5590.0244, time   87.0, minPhero 0.01(238), stagnancy 2.7%
[35m[MSG][0m itr   136, best 5590.0244, time   87.6, minPhero 0.01(238), stagnancy 3.0%
[35m[MSG][0m itr   137, best 5590.0244, time   88.2, minPhero 0.01(237), stagnancy 3.3%
[35m[MSG][0m itr   138, best 5590.0244, time   88.8, minPhero 0.01(237), stagnancy 3.7%
[35m[MSG][0m itr   139, best 5590.0244, time   89.4, minPhero 0.01(237), stagnancy 4.0%
[35m[MSG][0m itr   140, best 5590.0244, time   90.0, minPhero 0.01(235), stagnancy 4.3%
[35m[MSG][0m itr   141, best 5590.0244, time   90.6, minPhero 0.01(234), stagnancy 4.7%
[35m[MSG][0m itr   142, best 5590.0244, time   91.2, minPhero 0.01(234), stagnancy 5.0%
[35m[MSG][0m itr   143, best 5590.0244, time   91.9, minPhero 0.01(234), stagnancy 5.3%
[35m[MSG][0m itr   144, best 5590.0244, time   92.5, minPhero 0.01(234), stagnancy 5.7%
[35m[MSG][0m itr   145, best 5590.0244, time   93.1, minPhero 0.01(234), stagnancy 6.0%
[35m[MSG][0m itr   146, best 5590.0244, time   93.7, minPhero 0.01(234), stagnancy 6.3%
[35m[MSG][0m itr   147, best 5590.0244, time   94.4, minPhero 0.01(234), stagnancy 6.7%
[35m[MSG][0m itr   148, best 5590.0244, time   95.0, minPhero 0.01(232), stagnancy 7.0%
[35m[MSG][0m itr   149, best 5590.0244, time   95.6, minPhero 0.01(232), stagnancy 7.3%
[35m[MSG][0m itr   150, best 5590.0244, time   96.2, minPhero 0.01(232), stagnancy 7.7%
[35m[MSG][0m itr   151, best 5590.0244, time   96.8, minPhero 0.01(232), stagnancy 8.0%
[35m[MSG][0m itr   152, best 5590.0244, time   97.4, minPhero 0.01(232), stagnancy 8.3%
[35m[MSG][0m itr   153, best 5590.0244, time   98.0, minPhero 0.01(232), stagnancy 8.7%
[35m[MSG][0m itr   154, best 5590.0244, time   98.6, minPhero 0.01(232), stagnancy 9.0%
[35m[MSG][0m itr   155, best 5590.0244, time   99.3, minPhero 0.01(232), stagnancy 9.3%
[35m[MSG][0m itr   156, best 5590.0244, time   99.9, minPhero 0.01(232), stagnancy 9.7%
[35m[MSG][0m itr   157, best 5590.0244, time  100.5, minPhero 0.01(232), stagnancy 10.0%
[35m[MSG][0m itr   158, best 5590.0244, time  101.1, minPhero 0.01(232), stagnancy 10.3%
[35m[MSG][0m itr   159, best 5590.0244, time  101.7, minPhero 0.01(232), stagnancy 10.7%
[35m[MSG][0m itr   160, best 5590.0244, time  102.3, minPhero 0.01(232), stagnancy 11.0%
[35m[MSG][0m itr   161, best 5590.0244, time  102.9, minPhero 0.01(232), stagnancy 11.3%
[35m[MSG][0m itr   162, best 5590.0244, time  103.6, minPhero 0.01(232), stagnancy 11.7%
[35m[MSG][0m itr   163, best 5590.0244, time  104.2, minPhero 0.01(232), stagnancy 12.0%
[35m[MSG][0m itr   164, best 5590.0244, time  104.8, minPhero 0.01(232), stagnancy 12.3%
[35m[MSG][0m itr   165, best 5590.0244, time  105.4, minPhero 0.01(232), stagnancy 12.7%
[35m[MSG][0m itr   166, best 5590.0244, time  106.0, minPhero 0.01(232), stagnancy 13.0%
[35m[MSG][0m itr   167, best 5590.0244, time  106.6, minPhero 0.01(232), stagnancy 13.3%
[35m[MSG][0m itr   168, best 5590.0244, time  107.2, minPhero 0.01(232), stagnancy 13.7%
[35m[MSG][0m itr   169, best 5590.0244, time  107.8, minPhero 0.01(232), stagnancy 14.0%
[35m[MSG][0m itr   170, best 5590.0244, time  108.4, minPhero 0.01(232), stagnancy 14.3%
[35m[MSG][0m itr   171, best 5590.0244, time  109.0, minPhero 0.01(232), stagnancy 14.7%
[35m[MSG][0m itr   172, best 5590.0244, time  109.7, minPhero 0.01(232), stagnancy 15.0%
[35m[MSG][0m itr   173, best 5590.0244, time  110.3, minPhero 0.01(232), stagnancy 15.3%
[35m[MSG][0m itr   174, best 5590.0244, time  110.9, minPhero 0.01(232), stagnancy 15.7%
[35m[MSG][0m itr   175, best 5590.0244, time  111.5, minPhero 0.01(232), stagnancy 16.0%
[35m[MSG][0m itr   176, best 5590.0244, time  112.1, minPhero 0.01(232), stagnancy 16.3%
[35m[MSG][0m itr   177, best 5590.0244, time  112.7, minPhero 0.01(232), stagnancy 16.7%
[35m[MSG][0m itr   178, best 5590.0244, time  113.4, minPhero 0.01(232), stagnancy 17.0%
[35m[MSG][0m itr   179, best 5590.0244, time  114.0, minPhero 0.01(232), stagnancy 17.3%
[35m[MSG][0m itr   180, best 5590.0244, time  114.6, minPhero 0.01(232), stagnancy 17.7%
[35m[MSG][0m itr   181, best 5590.0244, time  115.2, minPhero 0.01(232), stagnancy 18.0%
[35m[MSG][0m itr   182, best 5590.0244, time  115.8, minPhero 0.01(232), stagnancy 18.3%
[35m[MSG][0m itr   183, best 5590.0244, time  116.5, minPhero 0.01(232), stagnancy 18.7%
[35m[MSG][0m itr   184, best 5590.0244, time  117.1, minPhero 0.01(232), stagnancy 19.0%
[35m[MSG][0m itr   185, best 5590.0244, time  117.7, minPhero 0.01(232), stagnancy 19.3%
[35m[MSG][0m itr   186, best 5590.0244, time  118.3, minPhero 0.01(232), stagnancy 19.7%
[35m[MSG][0m itr   187, best 5590.0244, time  118.9, minPhero 0.01(232), stagnancy 20.0%
[35m[MSG][0m itr   188, best 5590.0244, time  119.5, minPhero 0.01(232), stagnancy 20.3%
[35m[MSG][0m itr   189, best 5590.0244, time  120.1, minPhero 0.01(232), stagnancy 20.7%
[35m[MSG][0m itr   190, best 5587.9453, time  120.8, minPhero 0.01(238), stagnancy 0.0%
[35m[MSG][0m itr   191, best 5587.9453, time  121.4, minPhero 0.01(238), stagnancy 0.3%
[35m[MSG][0m itr   192, best 5587.9453, time  122.0, minPhero 0.01(238), stagnancy 0.7%
[35m[MSG][0m itr   193, best 5587.9453, time  122.6, minPhero 0.01(238), stagnancy 1.0%
[35m[MSG][0m itr   194, best 5587.9453, time  123.2, minPhero 0.01(238), stagnancy 1.3%
[35m[MSG][0m itr   195, best 5587.9453, time  123.9, minPhero 0.01(238), stagnancy 1.7%
[35m[MSG][0m itr   196, best 5587.9453, time  124.5, minPhero 0.01(238), stagnancy 2.0%
[35m[MSG][0m itr   197, best 5587.9453, time  125.1, minPhero 0.01(238), stagnancy 2.3%
[35m[MSG][0m itr   198, best 5587.9453, time  125.7, minPhero 0.01(238), stagnancy 2.7%
[35m[MSG][0m itr   199, best 5587.9453, time  126.3, minPhero 0.01(238), stagnancy 3.0%
[35m[MSG][0m itr   200, best 5587.9453, time  126.9, minPhero 0.01(238), stagnancy 3.3%
[35m[MSG][0m itr   201, best 5587.9453, time  127.5, minPhero 0.01(238), stagnancy 3.7%
[35m[MSG][0m itr   202, best 5587.9453, time  128.1, minPhero 0.01(238), stagnancy 4.0%
[35m[MSG][0m itr   203, best 5587.9453, time  128.8, minPhero 0.01(238), stagnancy 4.3%
[35m[MSG][0m itr   204, best 5587.9453, time  129.4, minPhero 0.01(238), stagnancy 4.7%
[35m[MSG][0m itr   205, best 5587.9453, time  130.0, minPhero 0.01(238), stagnancy 5.0%
[35m[MSG][0m itr   206, best 5587.9453, time  130.6, minPhero 0.01(238), stagnancy 5.3%
[35m[MSG][0m itr   207, best 5587.9453, time  131.2, minPhero 0.01(238), stagnancy 5.7%
[35m[MSG][0m itr   208, best 5584.6294, time  131.8, minPhero 0.01(246), stagnancy 0.0%
[35m[MSG][0m itr   209, best 5584.6294, time  132.4, minPhero 0.01(246), stagnancy 0.3%
[35m[MSG][0m itr   210, best 5584.6294, time  133.1, minPhero 0.01(246), stagnancy 0.7%
[35m[MSG][0m itr   211, best 5584.0684, time  133.7, minPhero 0.01(248), stagnancy 0.0%
[35m[MSG][0m itr   212, best 5584.0684, time  134.3, minPhero 0.01(248), stagnancy 0.3%
[35m[MSG][0m itr   213, best 5584.0684, time  134.9, minPhero 0.01(248), stagnancy 0.7%
[35m[MSG][0m itr   214, best 5582.0918, time  135.5, minPhero 0.01(249), stagnancy 0.0%
[35m[MSG][0m itr   215, best 5581.5308, time  136.1, minPhero 0.01(249), stagnancy 0.0%
[35m[MSG][0m itr   216, best 5581.5308, time  136.7, minPhero 0.01(244), stagnancy 0.3%
[35m[MSG][0m itr   217, best 5581.5308, time  137.4, minPhero 0.01(244), stagnancy 0.7%
[35m[MSG][0m itr   218, best 5581.2363, time  138.0, minPhero 0.01(245), stagnancy 0.0%
[35m[MSG][0m itr   219, best 5581.2363, time  138.6, minPhero 0.01(245), stagnancy 0.3%
[35m[MSG][0m itr   220, best 5581.2363, time  139.2, minPhero 0.01(245), stagnancy 0.7%
[35m[MSG][0m itr   221, best 5581.2358, time  139.8, minPhero 0.01(245), stagnancy 0.0%
[35m[MSG][0m itr   222, best 5581.2358, time  140.5, minPhero 0.01(245), stagnancy 0.3%
[35m[MSG][0m itr   223, best 5581.2358, time  141.1, minPhero 0.01(245), stagnancy 0.7%
[35m[MSG][0m itr   224, best 5581.2358, time  141.7, minPhero 0.01(245), stagnancy 1.0%
[35m[MSG][0m itr   225, best 5581.2358, time  142.3, minPhero 0.01(245), stagnancy 1.3%
[35m[MSG][0m itr   226, best 5581.2358, time  142.9, minPhero 0.01(245), stagnancy 1.7%
[35m[MSG][0m itr   227, best 5581.2358, time  143.5, minPhero 0.01(245), stagnancy 2.0%
[35m[MSG][0m itr   228, best 5581.2358, time  144.1, minPhero 0.01(245), stagnancy 2.3%
[35m[MSG][0m itr   229, best 5581.2358, time  144.7, minPhero 0.01(245), stagnancy 2.7%
[35m[MSG][0m itr   230, best 5581.2358, time  145.3, minPhero 0.01(245), stagnancy 3.0%
[35m[MSG][0m itr   231, best 5581.2358, time  145.9, minPhero 0.01(245), stagnancy 3.3%
[35m[MSG][0m itr   232, best 5581.2358, time  146.5, minPhero 0.01(245), stagnancy 3.7%
[35m[MSG][0m itr   233, best 5581.2358, time  147.1, minPhero 0.01(243), stagnancy 4.0%
[35m[MSG][0m itr   234, best 5581.2358, time  147.7, minPhero 0.01(236), stagnancy 4.3%
[35m[MSG][0m itr   235, best 5581.2358, time  148.4, minPhero 0.01(236), stagnancy 4.7%
[35m[MSG][0m itr   236, best 5581.2358, time  149.0, minPhero 0.01(236), stagnancy 5.0%
[35m[MSG][0m itr   237, best 5581.2358, time  149.6, minPhero 0.01(236), stagnancy 5.3%
[35m[MSG][0m itr   238, best 5581.2358, time  150.2, minPhero 0.01(235), stagnancy 5.7%
[35m[MSG][0m itr   239, best 5581.2358, time  150.8, minPhero 0.01(235), stagnancy 6.0%
[35m[MSG][0m itr   240, best 5581.2358, time  151.4, minPhero 0.01(233), stagnancy 6.3%
[35m[MSG][0m itr   241, best 5581.2358, time  152.0, minPhero 0.01(233), stagnancy 6.7%
[35m[MSG][0m itr   242, best 5581.2358, time  152.6, minPhero 0.01(232), stagnancy 7.0%
[35m[MSG][0m itr   243, best 5581.2358, time  153.2, minPhero 0.01(232), stagnancy 7.3%
[35m[MSG][0m itr   244, best 5581.2358, time  153.9, minPhero 0.01(232), stagnancy 7.7%
[35m[MSG][0m itr   245, best 5581.2358, time  154.5, minPhero 0.01(232), stagnancy 8.0%
[35m[MSG][0m itr   246, best 5581.2358, time  155.1, minPhero 0.01(232), stagnancy 8.3%
[35m[MSG][0m itr   247, best 5581.2358, time  155.7, minPhero 0.01(232), stagnancy 8.7%
[35m[MSG][0m itr   248, best 5581.2358, time  156.3, minPhero 0.01(232), stagnancy 9.0%
[35m[MSG][0m itr   249, best 5581.2358, time  156.9, minPhero 0.01(232), stagnancy 9.3%
[35m[MSG][0m itr   250, best 5581.2358, time  157.5, minPhero 0.01(232), stagnancy 9.7%
[35m[MSG][0m itr   251, best 5581.2358, time  158.2, minPhero 0.01(232), stagnancy 10.0%
[35m[MSG][0m itr   252, best 5581.2358, time  158.8, minPhero 0.01(232), stagnancy 10.3%
[35m[MSG][0m itr   253, best 5581.2358, time  159.4, minPhero 0.01(232), stagnancy 10.7%
[35m[MSG][0m itr   254, best 5581.2358, time  160.0, minPhero 0.01(232), stagnancy 11.0%
[35m[MSG][0m itr   255, best 5581.2358, time  160.6, minPhero 0.01(232), stagnancy 11.3%
[35m[MSG][0m itr   256, best 5581.2358, time  161.2, minPhero 0.01(232), stagnancy 11.7%
[35m[MSG][0m itr   257, best 5581.2358, time  161.8, minPhero 0.01(232), stagnancy 12.0%
[35m[MSG][0m itr   258, best 5581.2358, time  162.4, minPhero 0.01(232), stagnancy 12.3%
[35m[MSG][0m itr   259, best 5581.2358, time  163.0, minPhero 0.01(232), stagnancy 12.7%
[35m[MSG][0m itr   260, best 5581.2358, time  163.7, minPhero 0.01(232), stagnancy 13.0%
[35m[MSG][0m itr   261, best 5581.2358, time  164.3, minPhero 0.01(232), stagnancy 13.3%
[35m[MSG][0m itr   262, best 5581.2358, time  164.9, minPhero 0.01(232), stagnancy 13.7%
[35m[MSG][0m itr   263, best 5581.2358, time  165.5, minPhero 0.01(232), stagnancy 14.0%
[35m[MSG][0m itr   264, best 5581.2358, time  166.1, minPhero 0.01(232), stagnancy 14.3%
[35m[MSG][0m itr   265, best 5581.2358, time  166.7, minPhero 0.01(232), stagnancy 14.7%
[35m[MSG][0m itr   266, best 5581.2358, time  167.3, minPhero 0.01(232), stagnancy 15.0%
[35m[MSG][0m itr   267, best 5581.2358, time  167.9, minPhero 0.01(232), stagnancy 15.3%
[35m[MSG][0m itr   268, best 5581.2358, time  168.5, minPhero 0.01(232), stagnancy 15.7%
[35m[MSG][0m itr   269, best 5581.2358, time  169.1, minPhero 0.01(232), stagnancy 16.0%
[35m[MSG][0m itr   270, best 5581.2358, time  169.7, minPhero 0.01(232), stagnancy 16.3%
[35m[MSG][0m itr   271, best 5581.2358, time  170.3, minPhero 0.01(232), stagnancy 16.7%
[35m[MSG][0m itr   272, best 5581.2358, time  170.9, minPhero 0.01(232), stagnancy 17.0%
[35m[MSG][0m itr   273, best 5581.2358, time  171.5, minPhero 0.01(232), stagnancy 17.3%
[35m[MSG][0m itr   274, best 5581.2358, time  172.1, minPhero 0.01(232), stagnancy 17.7%
[35m[MSG][0m itr   275, best 5581.2358, time  172.7, minPhero 0.01(232), stagnancy 18.0%
[35m[MSG][0m itr   276, best 5581.2358, time  173.4, minPhero 0.01(232), stagnancy 18.3%
[35m[MSG][0m itr   277, best 5581.2358, time  174.0, minPhero 0.01(232), stagnancy 18.7%
[35m[MSG][0m itr   278, best 5581.2358, time  174.6, minPhero 0.01(232), stagnancy 19.0%
[35m[MSG][0m itr   279, best 5581.2358, time  175.2, minPhero 0.01(232), stagnancy 19.3%
[35m[MSG][0m itr   280, best 5581.2358, time  175.8, minPhero 0.01(232), stagnancy 19.7%
[35m[MSG][0m itr   281, best 5581.2358, time  176.4, minPhero 0.01(232), stagnancy 20.0%
[35m[MSG][0m itr   282, best 5581.2358, time  177.1, minPhero 0.01(232), stagnancy 20.3%
[35m[MSG][0m itr   283, best 5581.2358, time  177.7, minPhero 0.01(232), stagnancy 20.7%
[35m[MSG][0m itr   284, best 5581.2358, time  178.3, minPhero 0.01(232), stagnancy 21.0%
[35m[MSG][0m itr   285, best 5581.2358, time  178.9, minPhero 0.01(232), stagnancy 21.3%
[35m[MSG][0m itr   286, best 5581.2358, time  179.5, minPhero 0.01(232), stagnancy 21.7%
[35m[MSG][0m itr   287, best 5581.2358, time  180.1, minPhero 0.01(232), stagnancy 22.0%
[35m[MSG][0m itr   288, best 5581.2358, time  180.7, minPhero 0.01(232), stagnancy 22.3%
[35m[MSG][0m itr   289, best 5581.2358, time  181.3, minPhero 0.01(232), stagnancy 22.7%
[35m[MSG][0m itr   290, best 5581.2358, time  181.9, minPhero 0.01(232), stagnancy 23.0%
[35m[MSG][0m itr   291, best 5581.2358, time  182.6, minPhero 0.01(232), stagnancy 23.3%
[35m[MSG][0m itr   292, best 5581.2358, time  183.2, minPhero 0.01(232), stagnancy 23.7%
[35m[MSG][0m itr   293, best 5581.2358, time  183.8, minPhero 0.01(232), stagnancy 24.0%
[35m[MSG][0m itr   294, best 5581.2358, time  184.4, minPhero 0.01(232), stagnancy 24.3%
[35m[MSG][0m itr   295, best 5581.2358, time  185.0, minPhero 0.01(232), stagnancy 24.7%
[35m[MSG][0m itr   296, best 5581.2358, time  185.6, minPhero 0.01(232), stagnancy 25.0%
[35m[MSG][0m itr   297, best 5581.2358, time  186.2, minPhero 0.01(232), stagnancy 25.3%
[35m[MSG][0m itr   298, best 5581.2358, time  186.8, minPhero 0.01(232), stagnancy 25.7%
[35m[MSG][0m itr   299, best 5581.2358, time  187.4, minPhero 0.01(232), stagnancy 26.0%
[35m[MSG][0m itr   300, best 5581.2358, time  188.0, minPhero 0.01(232), stagnancy 26.3%
[35m[MSG][0m itr   301, best 5581.2358, time  188.7, minPhero 0.01(232), stagnancy 26.7%
[35m[MSG][0m itr   302, best 5581.2358, time  189.3, minPhero 0.01(232), stagnancy 27.0%
[35m[MSG][0m itr   303, best 5581.2358, time  189.9, minPhero 0.01(232), stagnancy 27.3%
[35m[MSG][0m itr   304, best 5581.2358, time  190.5, minPhero 0.01(232), stagnancy 27.7%
[35m[MSG][0m itr   305, best 5581.2358, time  191.1, minPhero 0.01(232), stagnancy 28.0%
[35m[MSG][0m itr   306, best 5581.2358, time  191.7, minPhero 0.01(232), stagnancy 28.3%
[35m[MSG][0m itr   307, best 5581.2358, time  192.3, minPhero 0.01(232), stagnancy 28.7%
[35m[MSG][0m itr   308, best 5581.2358, time  192.8, minPhero 0.01(232), stagnancy 29.0%
[35m[MSG][0m itr   309, best 5581.2358, time  193.4, minPhero 0.01(232), stagnancy 29.3%
[35m[MSG][0m itr   310, best 5581.2358, time  193.9, minPhero 0.01(232), stagnancy 29.7%
[35m[MSG][0m itr   311, best 5581.2358, time  194.5, minPhero 0.01(232), stagnancy 30.0%
[35m[MSG][0m itr   312, best 5581.2358, time  195.1, minPhero 0.01(232), stagnancy 30.3%
[35m[MSG][0m itr   313, best 5581.2358, time  195.7, minPhero 0.01(232), stagnancy 30.7%
[35m[MSG][0m itr   314, best 5581.2358, time  196.3, minPhero 0.01(232), stagnancy 31.0%
[35m[MSG][0m itr   315, best 5581.2358, time  196.9, minPhero 0.01(232), stagnancy 31.3%
[35m[MSG][0m itr   316, best 5581.2358, time  197.5, minPhero 0.01(232), stagnancy 31.7%
[35m[MSG][0m itr   317, best 5581.2358, time  198.2, minPhero 0.01(232), stagnancy 32.0%
[35m[MSG][0m itr   318, best 5581.2358, time  198.8, minPhero 0.01(232), stagnancy 32.3%
[35m[MSG][0m itr   319, best 5581.2358, time  199.4, minPhero 0.01(232), stagnancy 32.7%
[35m[MSG][0m itr   320, best 5581.2358, time  200.0, minPhero 0.01(232), stagnancy 33.0%
[35m[MSG][0m itr   321, best 5581.2358, time  200.6, minPhero 0.01(232), stagnancy 33.3%
[35m[MSG][0m itr   322, best 5581.2358, time  201.2, minPhero 0.01(232), stagnancy 33.7%
[35m[MSG][0m itr   323, best 5581.2358, time  201.8, minPhero 0.01(232), stagnancy 34.0%
[35m[MSG][0m itr   324, best 5581.2358, time  202.5, minPhero 0.01(232), stagnancy 34.3%
[35m[MSG][0m itr   325, best 5581.2358, time  203.0, minPhero 0.01(232), stagnancy 34.7%
[35m[MSG][0m itr   326, best 5581.2358, time  203.7, minPhero 0.01(232), stagnancy 35.0%
[35m[MSG][0m itr   327, best 5581.2358, time  204.3, minPhero 0.01(232), stagnancy 35.3%
[35m[MSG][0m itr   328, best 5581.2358, time  204.9, minPhero 0.01(232), stagnancy 35.7%
[35m[MSG][0m itr   329, best 5581.2358, time  205.5, minPhero 0.01(232), stagnancy 36.0%
[35m[MSG][0m itr   330, best 5581.2358, time  206.1, minPhero 0.01(232), stagnancy 36.3%
[35m[MSG][0m itr   331, best 5581.2358, time  206.7, minPhero 0.01(232), stagnancy 36.7%
[35m[MSG][0m itr   332, best 5581.2358, time  207.3, minPhero 0.01(232), stagnancy 37.0%
[35m[MSG][0m itr   333, best 5581.2358, time  208.0, minPhero 0.01(232), stagnancy 37.3%
[35m[MSG][0m itr   334, best 5581.2358, time  208.6, minPhero 0.01(232), stagnancy 37.7%
[35m[MSG][0m itr   335, best 5581.2358, time  209.2, minPhero 0.01(232), stagnancy 38.0%
[35m[MSG][0m itr   336, best 5581.2358, time  209.8, minPhero 0.01(232), stagnancy 38.3%
[35m[MSG][0m itr   337, best 5581.2358, time  210.4, minPhero 0.01(232), stagnancy 38.7%
[35m[MSG][0m itr   338, best 5581.2358, time  211.0, minPhero 0.01(232), stagnancy 39.0%
[35m[MSG][0m itr   339, best 5581.2358, time  211.6, minPhero 0.01(232), stagnancy 39.3%
[35m[MSG][0m itr   340, best 5581.2358, time  212.3, minPhero 0.01(232), stagnancy 39.7%
[35m[MSG][0m itr   341, best 5581.2358, time  212.8, minPhero 0.01(232), stagnancy 40.0%
[35m[MSG][0m itr   342, best 5581.2358, time  213.5, minPhero 0.01(232), stagnancy 40.3%
[35m[MSG][0m itr   343, best 5581.2358, time  214.1, minPhero 0.01(232), stagnancy 40.7%
[35m[MSG][0m itr   344, best 5581.2358, time  214.7, minPhero 0.01(232), stagnancy 41.0%
[35m[MSG][0m itr   345, best 5581.2358, time  215.3, minPhero 0.01(232), stagnancy 41.3%
[35m[MSG][0m itr   346, best 5581.2358, time  215.9, minPhero 0.01(232), stagnancy 41.7%
[35m[MSG][0m itr   347, best 5581.2358, time  216.5, minPhero 0.01(232), stagnancy 42.0%
[35m[MSG][0m itr   348, best 5581.2358, time  217.1, minPhero 0.01(232), stagnancy 42.3%
[35m[MSG][0m itr   349, best 5581.2358, time  217.7, minPhero 0.01(232), stagnancy 42.7%
[35m[MSG][0m itr   350, best 5581.2358, time  218.3, minPhero 0.01(232), stagnancy 43.0%
[35m[MSG][0m itr   351, best 5581.2358, time  218.9, minPhero 0.01(232), stagnancy 43.3%
[35m[MSG][0m itr   352, best 5581.2358, time  219.5, minPhero 0.01(232), stagnancy 43.7%
[35m[MSG][0m itr   353, best 5581.2358, time  220.2, minPhero 0.01(232), stagnancy 44.0%
[35m[MSG][0m itr   354, best 5581.2358, time  220.8, minPhero 0.01(232), stagnancy 44.3%
[35m[MSG][0m itr   355, best 5581.2358, time  221.4, minPhero 0.01(232), stagnancy 44.7%
[35m[MSG][0m itr   356, best 5581.2358, time  222.0, minPhero 0.01(232), stagnancy 45.0%
[35m[MSG][0m itr   357, best 5581.2358, time  222.6, minPhero 0.01(232), stagnancy 45.3%
[35m[MSG][0m itr   358, best 5581.2358, time  223.2, minPhero 0.01(232), stagnancy 45.7%
[35m[MSG][0m itr   359, best 5581.2358, time  223.8, minPhero 0.01(232), stagnancy 46.0%
[35m[MSG][0m itr   360, best 5581.2358, time  224.4, minPhero 0.01(232), stagnancy 46.3%
[35m[MSG][0m itr   361, best 5581.2358, time  225.1, minPhero 0.01(232), stagnancy 46.7%
[35m[MSG][0m itr   362, best 5581.2358, time  225.7, minPhero 0.01(232), stagnancy 47.0%
[35m[MSG][0m itr   363, best 5581.2358, time  226.3, minPhero 0.01(232), stagnancy 47.3%
[35m[MSG][0m itr   364, best 5581.2358, time  226.9, minPhero 0.01(232), stagnancy 47.7%
[35m[MSG][0m itr   365, best 5581.2358, time  227.5, minPhero 0.01(232), stagnancy 48.0%
[35m[MSG][0m itr   366, best 5581.2358, time  228.1, minPhero 0.01(232), stagnancy 48.3%
[35m[MSG][0m itr   367, best 5581.2358, time  228.7, minPhero 0.01(232), stagnancy 48.7%
[35m[MSG][0m itr   368, best 5581.2358, time  229.3, minPhero 0.01(232), stagnancy 49.0%
[35m[MSG][0m itr   369, best 5581.2358, time  229.9, minPhero 0.01(232), stagnancy 49.3%
[35m[MSG][0m itr   370, best 5581.2358, time  230.5, minPhero 0.01(232), stagnancy 49.7%
[35m[MSG][0m itr   371, best 5581.2358, time  231.1, minPhero 0.01(232), stagnancy 50.0%
[35m[MSG][0m itr   372, best 5581.2358, time  231.8, minPhero 0.01(232), stagnancy 50.3%
[35m[MSG][0m itr   373, best 5581.2358, time  232.4, minPhero 0.01(232), stagnancy 50.7%
[35m[MSG][0m itr   374, best 5581.2358, time  233.0, minPhero 0.01(232), stagnancy 51.0%
[35m[MSG][0m itr   375, best 5581.2358, time  233.7, minPhero 0.01(232), stagnancy 51.3%
[35m[MSG][0m itr   376, best 5581.2358, time  234.4, minPhero 0.01(232), stagnancy 51.7%
[35m[MSG][0m itr   377, best 5581.2358, time  235.0, minPhero 0.01(232), stagnancy 52.0%
[35m[MSG][0m itr   378, best 5581.2358, time  235.7, minPhero 0.01(232), stagnancy 52.3%
[35m[MSG][0m itr   379, best 5581.2358, time  236.4, minPhero 0.01(232), stagnancy 52.7%
[35m[MSG][0m itr   380, best 5581.2358, time  237.1, minPhero 0.01(232), stagnancy 53.0%
[35m[MSG][0m itr   381, best 5581.2358, time  237.8, minPhero 0.01(232), stagnancy 53.3%
[35m[MSG][0m itr   382, best 5581.2358, time  238.5, minPhero 0.01(232), stagnancy 53.7%
[35m[MSG][0m itr   383, best 5581.2358, time  239.2, minPhero 0.01(232), stagnancy 54.0%
[35m[MSG][0m itr   384, best 5581.2358, time  239.9, minPhero 0.01(232), stagnancy 54.3%
[35m[MSG][0m itr   385, best 5581.2358, time  240.6, minPhero 0.01(232), stagnancy 54.7%
[35m[MSG][0m itr   386, best 5581.2358, time  241.3, minPhero 0.01(232), stagnancy 55.0%
[35m[MSG][0m itr   387, best 5581.2358, time  242.0, minPhero 0.01(232), stagnancy 55.3%
[35m[MSG][0m itr   388, best 5581.2358, time  242.6, minPhero 0.01(232), stagnancy 55.7%
[35m[MSG][0m itr   389, best 5581.2358, time  243.3, minPhero 0.01(232), stagnancy 56.0%
[35m[MSG][0m itr   390, best 5581.2358, time  244.0, minPhero 0.01(232), stagnancy 56.3%
[35m[MSG][0m itr   391, best 5581.2358, time  244.7, minPhero 0.01(232), stagnancy 56.7%
[35m[MSG][0m itr   392, best 5581.2358, time  245.4, minPhero 0.01(232), stagnancy 57.0%
[35m[MSG][0m itr   393, best 5581.2358, time  246.1, minPhero 0.01(232), stagnancy 57.3%
[35m[MSG][0m itr   394, best 5581.2358, time  246.8, minPhero 0.01(232), stagnancy 57.7%
[35m[MSG][0m itr   395, best 5581.2358, time  247.5, minPhero 0.01(232), stagnancy 58.0%
[35m[MSG][0m itr   396, best 5581.2358, time  248.2, minPhero 0.01(232), stagnancy 58.3%
[35m[MSG][0m itr   397, best 5581.2358, time  248.9, minPhero 0.01(232), stagnancy 58.7%
[35m[MSG][0m itr   398, best 5581.2358, time  249.6, minPhero 0.01(232), stagnancy 59.0%
[35m[MSG][0m itr   399, best 5581.2358, time  250.2, minPhero 0.01(232), stagnancy 59.3%
[35m[MSG][0m itr   400, best 5581.2358, time  250.9, minPhero 0.01(232), stagnancy 59.7%
[35m[MSG][0m itr   401, best 5581.2358, time  251.6, minPhero 0.01(232), stagnancy 60.0%
[35m[MSG][0m itr   402, best 5581.2358, time  252.3, minPhero 0.01(232), stagnancy 60.3%
[35m[MSG][0m itr   403, best 5581.2358, time  253.0, minPhero 0.01(232), stagnancy 60.7%
[35m[MSG][0m itr   404, best 5581.2358, time  253.7, minPhero 0.01(232), stagnancy 61.0%
[35m[MSG][0m itr   405, best 5581.2358, time  254.4, minPhero 0.01(232), stagnancy 61.3%
[35m[MSG][0m itr   406, best 5581.2358, time  255.1, minPhero 0.01(232), stagnancy 61.7%
[35m[MSG][0m itr   407, best 5581.2358, time  255.8, minPhero 0.01(232), stagnancy 62.0%
[35m[MSG][0m itr   408, best 5581.2358, time  256.4, minPhero 0.01(232), stagnancy 62.3%
[35m[MSG][0m itr   409, best 5581.2358, time  257.2, minPhero 0.01(232), stagnancy 62.7%
[35m[MSG][0m itr   410, best 5581.2358, time  257.8, minPhero 0.01(232), stagnancy 63.0%
[35m[MSG][0m itr   411, best 5581.2358, time  258.5, minPhero 0.01(232), stagnancy 63.3%
[35m[MSG][0m itr   412, best 5581.2358, time  259.2, minPhero 0.01(232), stagnancy 63.7%
[35m[MSG][0m itr   413, best 5581.2358, time  259.8, minPhero 0.01(232), stagnancy 64.0%
[35m[MSG][0m itr   414, best 5581.2358, time  260.4, minPhero 0.01(232), stagnancy 64.3%
[35m[MSG][0m itr   415, best 5581.2358, time  261.0, minPhero 0.01(232), stagnancy 64.7%
[35m[MSG][0m itr   416, best 5581.2358, time  261.6, minPhero 0.01(232), stagnancy 65.0%
[35m[MSG][0m itr   417, best 5581.2358, time  262.3, minPhero 0.01(232), stagnancy 65.3%
[35m[MSG][0m itr   418, best 5581.2358, time  262.9, minPhero 0.01(232), stagnancy 65.7%
[35m[MSG][0m itr   419, best 5581.2358, time  263.5, minPhero 0.01(232), stagnancy 66.0%
[35m[MSG][0m itr   420, best 5581.2358, time  264.1, minPhero 0.01(232), stagnancy 66.3%
[35m[MSG][0m itr   421, best 5581.2358, time  264.7, minPhero 0.01(232), stagnancy 66.7%
[35m[MSG][0m itr   422, best 5581.2358, time  265.4, minPhero 0.01(232), stagnancy 67.0%
[35m[MSG][0m itr   423, best 5581.2358, time  266.0, minPhero 0.01(232), stagnancy 67.3%
[35m[MSG][0m itr   424, best 5581.2358, time  266.6, minPhero 0.01(232), stagnancy 67.7%
[35m[MSG][0m itr   425, best 5581.2358, time  267.2, minPhero 0.01(232), stagnancy 68.0%
[35m[MSG][0m itr   426, best 5581.2358, time  267.8, minPhero 0.01(232), stagnancy 68.3%
[35m[MSG][0m itr   427, best 5581.2358, time  268.4, minPhero 0.01(232), stagnancy 68.7%
[35m[MSG][0m itr   428, best 5581.2358, time  269.0, minPhero 0.01(232), stagnancy 69.0%
[35m[MSG][0m itr   429, best 5581.2358, time  269.6, minPhero 0.01(232), stagnancy 69.3%
[35m[MSG][0m itr   430, best 5581.2358, time  270.3, minPhero 0.01(232), stagnancy 69.7%
[35m[MSG][0m itr   431, best 5581.2358, time  270.8, minPhero 0.01(232), stagnancy 70.0%
[35m[MSG][0m itr   432, best 5581.2358, time  271.5, minPhero 0.01(232), stagnancy 70.3%
[35m[MSG][0m itr   433, best 5581.2358, time  272.1, minPhero 0.01(232), stagnancy 70.7%
[35m[MSG][0m itr   434, best 5581.2358, time  272.7, minPhero 0.01(232), stagnancy 71.0%
[35m[MSG][0m itr   435, best 5581.2358, time  273.3, minPhero 0.01(232), stagnancy 71.3%
[35m[MSG][0m itr   436, best 5581.2358, time  273.9, minPhero 0.01(232), stagnancy 71.7%
[35m[MSG][0m itr   437, best 5581.2358, time  274.5, minPhero 0.01(232), stagnancy 72.0%
[35m[MSG][0m itr   438, best 5581.2358, time  275.1, minPhero 0.01(232), stagnancy 72.3%
[35m[MSG][0m itr   439, best 5581.2358, time  275.7, minPhero 0.01(232), stagnancy 72.7%
[35m[MSG][0m itr   440, best 5581.2358, time  276.4, minPhero 0.01(232), stagnancy 73.0%
[35m[MSG][0m itr   441, best 5581.2358, time  277.0, minPhero 0.01(232), stagnancy 73.3%
[35m[MSG][0m itr   442, best 5581.2358, time  277.6, minPhero 0.01(232), stagnancy 73.7%
[35m[MSG][0m itr   443, best 5581.2358, time  278.2, minPhero 0.01(232), stagnancy 74.0%
[35m[MSG][0m itr   444, best 5581.2358, time  278.8, minPhero 0.01(232), stagnancy 74.3%
[35m[MSG][0m itr   445, best 5581.2358, time  279.4, minPhero 0.01(232), stagnancy 74.7%
[35m[MSG][0m itr   446, best 5581.2358, time  280.0, minPhero 0.01(232), stagnancy 75.0%
[35m[MSG][0m itr   447, best 5581.2358, time  280.7, minPhero 0.01(232), stagnancy 75.3%
[35m[MSG][0m itr   448, best 5581.2358, time  281.3, minPhero 0.01(232), stagnancy 75.7%
[35m[MSG][0m itr   449, best 5581.2358, time  281.9, minPhero 0.01(232), stagnancy 76.0%
[35m[MSG][0m itr   450, best 5581.2358, time  282.5, minPhero 0.01(232), stagnancy 76.3%
[35m[MSG][0m itr   451, best 5581.2358, time  283.1, minPhero 0.01(232), stagnancy 76.7%
[35m[MSG][0m itr   452, best 5581.2358, time  283.7, minPhero 0.01(232), stagnancy 77.0%
[35m[MSG][0m itr   453, best 5581.2358, time  284.3, minPhero 0.01(232), stagnancy 77.3%
[35m[MSG][0m itr   454, best 5581.2358, time  284.9, minPhero 0.01(232), stagnancy 77.7%
[35m[MSG][0m itr   455, best 5581.2358, time  285.6, minPhero 0.01(232), stagnancy 78.0%
[35m[MSG][0m itr   456, best 5581.2358, time  286.2, minPhero 0.01(232), stagnancy 78.3%
[35m[MSG][0m itr   457, best 5581.2358, time  286.8, minPhero 0.01(232), stagnancy 78.7%
[35m[MSG][0m itr   458, best 5581.2358, time  287.4, minPhero 0.01(232), stagnancy 79.0%
[35m[MSG][0m itr   459, best 5581.2358, time  288.0, minPhero 0.01(232), stagnancy 79.3%
[35m[MSG][0m itr   460, best 5581.2358, time  288.6, minPhero 0.01(232), stagnancy 79.7%
[35m[MSG][0m itr   461, best 5581.2358, time  289.2, minPhero 0.01(232), stagnancy 80.0%
[35m[MSG][0m itr   462, best 5581.2358, time  289.8, minPhero 0.01(232), stagnancy 80.3%
[35m[MSG][0m itr   463, best 5581.2358, time  290.4, minPhero 0.01(232), stagnancy 80.7%
[35m[MSG][0m itr   464, best 5581.2358, time  291.0, minPhero 0.01(232), stagnancy 81.0%
[35m[MSG][0m itr   465, best 5581.2358, time  291.7, minPhero 0.01(232), stagnancy 81.3%
[35m[MSG][0m itr   466, best 5581.2358, time  292.3, minPhero 0.01(232), stagnancy 81.7%
[35m[MSG][0m itr   467, best 5581.2358, time  292.9, minPhero 0.01(232), stagnancy 82.0%
[35m[MSG][0m itr   468, best 5581.2358, time  293.5, minPhero 0.01(232), stagnancy 82.3%
[35m[MSG][0m itr   469, best 5581.2358, time  294.1, minPhero 0.01(232), stagnancy 82.7%
[35m[MSG][0m itr   470, best 5581.2358, time  294.8, minPhero 0.01(232), stagnancy 83.0%
[35m[MSG][0m itr   471, best 5581.2358, time  295.4, minPhero 0.01(232), stagnancy 83.3%
[35m[MSG][0m itr   472, best 5581.2358, time  296.0, minPhero 0.01(232), stagnancy 83.7%
[35m[MSG][0m itr   473, best 5581.2358, time  296.6, minPhero 0.01(232), stagnancy 84.0%
[35m[MSG][0m itr   474, best 5581.2358, time  297.2, minPhero 0.01(232), stagnancy 84.3%
[35m[MSG][0m itr   475, best 5581.2358, time  297.8, minPhero 0.01(232), stagnancy 84.7%
[35m[MSG][0m itr   476, best 5581.2358, time  298.4, minPhero 0.01(232), stagnancy 85.0%
[35m[MSG][0m itr   477, best 5581.2358, time  299.0, minPhero 0.01(232), stagnancy 85.3%
[35m[MSG][0m itr   478, best 5581.2358, time  299.7, minPhero 0.01(232), stagnancy 85.7%
[35m[MSG][0m itr   479, best 5581.2358, time  300.3, minPhero 0.01(232), stagnancy 86.0%
[35m[MSG][0m itr   480, best 5581.2358, time  300.9, minPhero 0.01(232), stagnancy 86.3%
[35m[MSG][0m itr   481, best 5581.2358, time  301.5, minPhero 0.01(232), stagnancy 86.7%
[35m[MSG][0m itr   482, best 5581.2358, time  302.1, minPhero 0.01(232), stagnancy 87.0%
[35m[MSG][0m itr   483, best 5581.2358, time  302.7, minPhero 0.01(232), stagnancy 87.3%
[35m[MSG][0m itr   484, best 5581.2358, time  303.3, minPhero 0.01(232), stagnancy 87.7%
[35m[MSG][0m itr   485, best 5581.2358, time  303.9, minPhero 0.01(232), stagnancy 88.0%
[35m[MSG][0m itr   486, best 5581.2358, time  304.5, minPhero 0.01(232), stagnancy 88.3%
[35m[MSG][0m itr   487, best 5581.2358, time  305.1, minPhero 0.01(232), stagnancy 88.7%
[35m[MSG][0m itr   488, best 5581.2358, time  305.7, minPhero 0.01(232), stagnancy 89.0%
[35m[MSG][0m itr   489, best 5581.2358, time  306.3, minPhero 0.01(232), stagnancy 89.3%
[35m[MSG][0m itr   490, best 5581.2358, time  307.0, minPhero 0.01(232), stagnancy 89.7%
[35m[MSG][0m itr   491, best 5581.2358, time  307.6, minPhero 0.01(232), stagnancy 90.0%
[35m[MSG][0m itr   492, best 5581.2358, time  308.2, minPhero 0.01(232), stagnancy 90.3%
[35m[MSG][0m itr   493, best 5581.2358, time  308.8, minPhero 0.01(232), stagnancy 90.7%
[35m[MSG][0m itr   494, best 5581.2358, time  309.4, minPhero 0.01(232), stagnancy 91.0%
[35m[MSG][0m itr   495, best 5581.2358, time  310.0, minPhero 0.01(232), stagnancy 91.3%
[35m[MSG][0m itr   496, best 5581.2358, time  310.6, minPhero 0.01(232), stagnancy 91.7%
[35m[MSG][0m itr   497, best 5581.2358, time  311.2, minPhero 0.01(232), stagnancy 92.0%
[35m[MSG][0m itr   498, best 5581.2358, time  311.9, minPhero 0.01(232), stagnancy 92.3%
[35m[MSG][0m itr   499, best 5581.2358, time  312.5, minPhero 0.01(232), stagnancy 92.7%
[35m[MSG][0m itr   500, best 5581.2358, time  313.1, minPhero 0.01(232), stagnancy 93.0%
[35m[MSG][0m itr   501, best 5581.2358, time  313.7, minPhero 0.01(232), stagnancy 93.3%
[35m[MSG][0m itr   502, best 5581.2358, time  314.3, minPhero 0.01(232), stagnancy 93.7%
[35m[MSG][0m itr   503, best 5581.2358, time  315.0, minPhero 0.01(232), stagnancy 94.0%
[35m[MSG][0m itr   504, best 5581.2358, time  315.7, minPhero 0.01(232), stagnancy 94.3%
[35m[MSG][0m itr   505, best 5581.2358, time  316.4, minPhero 0.01(232), stagnancy 94.7%
[35m[MSG][0m itr   506, best 5581.2358, time  317.1, minPhero 0.01(232), stagnancy 95.0%
[35m[MSG][0m itr   507, best 5581.2358, time  317.8, minPhero 0.01(232), stagnancy 95.3%
[35m[MSG][0m itr   508, best 5581.2358, time  318.5, minPhero 0.01(232), stagnancy 95.7%
[35m[MSG][0m itr   509, best 5581.2358, time  319.2, minPhero 0.01(232), stagnancy 96.0%
[35m[MSG][0m itr   510, best 5581.2358, time  319.8, minPhero 0.01(232), stagnancy 96.3%
[35m[MSG][0m itr   511, best 5581.2358, time  320.5, minPhero 0.01(232), stagnancy 96.7%
[35m[MSG][0m itr   512, best 5581.2358, time  321.2, minPhero 0.01(232), stagnancy 97.0%
[35m[MSG][0m itr   513, best 5581.2358, time  321.9, minPhero 0.01(232), stagnancy 97.3%
[35m[MSG][0m itr   514, best 5581.2358, time  322.6, minPhero 0.01(232), stagnancy 97.7%
[35m[MSG][0m itr   515, best 5581.2358, time  323.3, minPhero 0.01(232), stagnancy 98.0%
[35m[MSG][0m itr   516, best 5581.2358, time  324.0, minPhero 0.01(232), stagnancy 98.3%
[35m[MSG][0m itr   517, best 5581.2358, time  324.7, minPhero 0.01(232), stagnancy 98.7%
[35m[MSG][0m itr   518, best 5581.2358, time  325.4, minPhero 0.01(232), stagnancy 99.0%
[35m[MSG][0m itr   519, best 5581.2358, time  326.1, minPhero 0.01(232), stagnancy 99.3%
[35m[MSG][0m itr   520, best 5581.2358, time  326.7, minPhero 0.01(232), stagnancy 99.7%
[35m[MSG][0m itr   521, best 5581.2358, time  327.4, minPhero 0.01(232), stagnancy 100.0%
[35m[MSG][0m Solution converged. Reinitialising pheromones...
[35m[MSG][0m Time: 327.43 s
[35m[MSG][0m Best cost: 5581.24
