[35m[MSG][0m Log level set to LOG_DEBUG
[35m[MSG][0m Parsing input from file "res/fruitybun250_2016.vrp"
[35m[MSG][0m Number of nodes: 250
[35m[MSG][0m Running ACO search
[35m[MSG][0m ACO settings: 
 alpha:     8.000
 beta:      1.000
 pers:      0.870
 minPhero:  0.015
 nbhood:    10
 popSize:   256
 maxStag:   300
[35m[MSG][0m itr     1, best 5774.1958, time    1.3, minPhero 0.87(28922), stagnancy 0.0%
[35m[MSG][0m itr     2, best 5774.1958, time    2.7, minPhero 0.76(28922), stagnancy 0.3%
[35m[MSG][0m itr     3, best 5774.1958, time    4.0, minPhero 0.66(28922), stagnancy 0.7%
[35m[MSG][0m itr     4, best 5761.5405, time    5.8, minPhero 0.57(28922), stagnancy 0.0%
[35m[MSG][0m itr     5, best 5750.3389, time    7.0, minPhero 0.50(28922), stagnancy 0.0%
[35m[MSG][0m itr     6, best 5750.3389, time    8.3, minPhero 0.43(28922), stagnancy 0.3%
[35m[MSG][0m itr     7, best 5750.3389, time    9.5, minPhero 0.38(28922), stagnancy 0.7%
[35m[MSG][0m itr     8, best 5750.3389, time   10.7, minPhero 0.33(28922), stagnancy 1.0%
[35m[MSG][0m itr     9, best 5738.6914, time   11.7, minPhero 0.29(28922), stagnancy 0.0%
[35m[MSG][0m itr    10, best 5696.8174, time   12.7, minPhero 0.25(28922), stagnancy 0.0%
[35m[MSG][0m itr    11, best 5696.8174, time   13.7, minPhero 0.22(28922), stagnancy 0.3%
[35m[MSG][0m itr    12, best 5696.8174, time   14.7, minPhero 0.19(28922), stagnancy 0.7%
[35m[MSG][0m itr    13, best 5696.8174, time   15.8, minPhero 0.16(28922), stagnancy 1.0%
[35m[MSG][0m itr    14, best 5685.1948, time   16.9, minPhero 0.14(28922), stagnancy 0.0%
[35m[MSG][0m itr    15, best 5685.1948, time   18.2, minPhero 0.12(28922), stagnancy 0.3%
[35m[MSG][0m itr    16, best 5685.1948, time   19.6, minPhero 0.11(28922), stagnancy 0.7%
[35m[MSG][0m itr    17, best 5684.7769, time   21.1, minPhero 0.09(28922), stagnancy 0.0%
[35m[MSG][0m itr    18, best 5684.7769, time   22.5, minPhero 0.08(28922), stagnancy 0.3%
[35m[MSG][0m itr    19, best 5680.9409, time   24.1, minPhero 0.07(28922), stagnancy 0.0%
[35m[MSG][0m itr    20, best 5680.9409, time   25.4, minPhero 0.06(28922), stagnancy 0.3%
[35m[MSG][0m itr    21, best 5670.9131, time   26.9, minPhero 0.05(28922), stagnancy 0.0%
[35m[MSG][0m itr    22, best 5670.9131, time   28.2, minPhero 0.05(28922), stagnancy 0.3%
[35m[MSG][0m itr    23, best 5670.9131, time   29.6, minPhero 0.04(28922), stagnancy 0.7%
[35m[MSG][0m itr    24, best 5670.9131, time   30.8, minPhero 0.04(28922), stagnancy 1.0%
[35m[MSG][0m itr    25, best 5670.9131, time   32.3, minPhero 0.03(28922), stagnancy 1.3%
[35m[MSG][0m itr    26, best 5670.9131, time   33.7, minPhero 0.03(28922), stagnancy 1.7%
[35m[MSG][0m itr    27, best 5656.5127, time   35.2, minPhero 0.02(605), stagnancy 0.0%
[35m[MSG][0m itr    28, best 5656.5127, time   36.7, minPhero 0.02(561), stagnancy 0.3%
[35m[MSG][0m itr    29, best 5656.5127, time   38.0, minPhero 0.02(561), stagnancy 0.7%
[35m[MSG][0m itr    30, best 5655.3604, time   39.1, minPhero 0.02(503), stagnancy 0.0%
[35m[MSG][0m itr    31, best 5655.3604, time   40.3, minPhero 0.01(487), stagnancy 0.3%
[35m[MSG][0m itr    32, best 5650.9414, time   41.3, minPhero 0.01(487), stagnancy 0.0%
[35m[MSG][0m itr    33, best 5650.9414, time   42.6, minPhero 0.01(459), stagnancy 0.3%
[35m[MSG][0m itr    34, best 5647.3945, time   43.9, minPhero 0.01(441), stagnancy 0.0%
[35m[MSG][0m itr    35, best 5647.3945, time   45.4, minPhero 0.01(439), stagnancy 0.3%
[35m[MSG][0m itr    36, best 5647.3945, time   46.6, minPhero 0.01(422), stagnancy 0.7%
[35m[MSG][0m itr    37, best 5647.3945, time   47.7, minPhero 0.01(375), stagnancy 1.0%
[35m[MSG][0m itr    38, best 5644.2651, time   48.9, minPhero 0.01(353), stagnancy 0.0%
[35m[MSG][0m itr    39, best 5641.6982, time   50.2, minPhero 0.01(349), stagnancy 0.0%
[35m[MSG][0m itr    40, best 5638.5898, time   51.5, minPhero 0.01(350), stagnancy 0.0%
[35m[MSG][0m itr    41, best 5638.5898, time   52.8, minPhero 0.01(340), stagnancy 0.3%
[35m[MSG][0m itr    42, best 5638.5898, time   53.8, minPhero 0.01(330), stagnancy 0.7%
[35m[MSG][0m itr    43, best 5633.8701, time   54.9, minPhero 0.01(327), stagnancy 0.0%
[35m[MSG][0m itr    44, best 5633.8701, time   55.9, minPhero 0.01(326), stagnancy 0.3%
[35m[MSG][0m itr    45, best 5633.8701, time   57.1, minPhero 0.01(323), stagnancy 0.7%
[35m[MSG][0m itr    46, best 5633.8701, time   58.1, minPhero 0.01(323), stagnancy 1.0%
[35m[MSG][0m itr    47, best 5633.8701, time   59.2, minPhero 0.01(322), stagnancy 1.3%
[35m[MSG][0m itr    48, best 5633.8701, time   60.2, minPhero 0.01(319), stagnancy 1.7%
[35m[MSG][0m itr    49, best 5633.8701, time   61.3, minPhero 0.01(299), stagnancy 2.0%
[35m[MSG][0m itr    50, best 5633.8701, time   62.3, minPhero 0.01(278), stagnancy 2.3%
[35m[MSG][0m itr    51, best 5630.4805, time   63.4, minPhero 0.01(282), stagnancy 0.0%
[35m[MSG][0m itr    52, best 5630.4805, time   64.5, minPhero 0.01(281), stagnancy 0.3%
[35m[MSG][0m itr    53, best 5630.4805, time   65.5, minPhero 0.01(279), stagnancy 0.7%
[35m[MSG][0m itr    54, best 5630.3296, time   66.6, minPhero 0.01(274), stagnancy 0.0%
[35m[MSG][0m Solution converged. Reinitialising pheromones...
[35m[MSG][0m itr    55, best 5630.3296, time   67.7, minPhero 0.87(28922), stagnancy 0.3%
[35m[MSG][0m itr    56, best 5630.3296, time   68.7, minPhero 0.76(28922), stagnancy 0.7%
[35m[MSG][0m itr    57, best 5630.3296, time   69.7, minPhero 0.66(28922), stagnancy 1.0%
[35m[MSG][0m itr    58, best 5630.3296, time   70.8, minPhero 0.57(28922), stagnancy 1.3%
[35m[MSG][0m itr    59, best 5630.3296, time   71.8, minPhero 0.50(28922), stagnancy 1.7%
[35m[MSG][0m itr    60, best 5630.3296, time   72.9, minPhero 0.43(28922), stagnancy 2.0%
[35m[MSG][0m itr    61, best 5630.3296, time   73.9, minPhero 0.38(28922), stagnancy 2.3%
[35m[MSG][0m itr    62, best 5630.3296, time   75.0, minPhero 0.33(28922), stagnancy 2.7%
[35m[MSG][0m itr    63, best 5630.3296, time   76.0, minPhero 0.29(28922), stagnancy 3.0%
[35m[MSG][0m itr    64, best 5630.3296, time   77.0, minPhero 0.25(28922), stagnancy 3.3%
[35m[MSG][0m itr    65, best 5630.3296, time   78.0, minPhero 0.22(28922), stagnancy 3.7%
[35m[MSG][0m itr    66, best 5630.3296, time   79.1, minPhero 0.19(28922), stagnancy 4.0%
[35m[MSG][0m itr    67, best 5630.3296, time   80.1, minPhero 0.16(28922), stagnancy 4.3%
[35m[MSG][0m itr    68, best 5630.3296, time   81.1, minPhero 0.14(28922), stagnancy 4.7%
[35m[MSG][0m itr    69, best 5630.3296, time   82.0, minPhero 0.12(28922), stagnancy 5.0%
[35m[MSG][0m itr    70, best 5630.3296, time   83.1, minPhero 0.11(28922), stagnancy 5.3%
[35m[MSG][0m itr    71, best 5630.3296, time   84.1, minPhero 0.09(28922), stagnancy 5.7%
[35m[MSG][0m itr    72, best 5630.3296, time   85.1, minPhero 0.08(28922), stagnancy 6.0%
[35m[MSG][0m itr    73, best 5630.3296, time   86.2, minPhero 0.07(28922), stagnancy 6.3%
[35m[MSG][0m itr    74, best 5630.3296, time   87.2, minPhero 0.06(28922), stagnancy 6.7%
[35m[MSG][0m itr    75, best 5630.3296, time   88.4, minPhero 0.05(28922), stagnancy 7.0%
[35m[MSG][0m itr    76, best 5630.3296, time   89.4, minPhero 0.05(28922), stagnancy 7.3%
[35m[MSG][0m itr    77, best 5630.3296, time   90.5, minPhero 0.04(28922), stagnancy 7.7%
[35m[MSG][0m itr    78, best 5630.3296, time   91.6, minPhero 0.04(28922), stagnancy 8.0%
[35m[MSG][0m itr    79, best 5629.6602, time   92.6, minPhero 0.03(28922), stagnancy 0.0%
[35m[MSG][0m itr    80, best 5629.6602, time   93.8, minPhero 0.03(28922), stagnancy 0.3%
[35m[MSG][0m itr    81, best 5629.6602, time   94.9, minPhero 0.02(245), stagnancy 0.7%
[35m[MSG][0m itr    82, best 5629.6602, time   95.9, minPhero 0.02(245), stagnancy 1.0%
[35m[MSG][0m itr    83, best 5625.0972, time   97.1, minPhero 0.02(247), stagnancy 0.0%
[35m[MSG][0m itr    84, best 5622.2568, time   98.0, minPhero 0.02(249), stagnancy 0.0%
[35m[MSG][0m itr    85, best 5620.5942, time   99.0, minPhero 0.01(250), stagnancy 0.0%
[35m[MSG][0m itr    86, best 5620.5942, time  100.0, minPhero 0.01(250), stagnancy 0.3%
[35m[MSG][0m itr    87, best 5620.5942, time  101.1, minPhero 0.01(250), stagnancy 0.7%
[35m[MSG][0m itr    88, best 5620.5942, time  102.2, minPhero 0.01(250), stagnancy 1.0%
[35m[MSG][0m itr    89, best 5620.5942, time  103.2, minPhero 0.01(250), stagnancy 1.3%
[35m[MSG][0m itr    90, best 5609.7070, time  104.2, minPhero 0.01(256), stagnancy 0.0%
[35m[MSG][0m itr    91, best 5609.7070, time  105.2, minPhero 0.01(256), stagnancy 0.3%
[35m[MSG][0m itr    92, best 5609.7070, time  106.3, minPhero 0.01(256), stagnancy 0.7%
[35m[MSG][0m itr    93, best 5609.2847, time  107.3, minPhero 0.01(262), stagnancy 0.0%
[35m[MSG][0m itr    94, best 5606.5029, time  108.4, minPhero 0.01(263), stagnancy 0.0%
[35m[MSG][0m itr    95, best 5606.5029, time  109.5, minPhero 0.01(263), stagnancy 0.3%
[35m[MSG][0m itr    96, best 5606.5029, time  110.7, minPhero 0.01(262), stagnancy 0.7%
[35m[MSG][0m itr    97, best 5606.5029, time  111.8, minPhero 0.01(262), stagnancy 1.0%
[35m[MSG][0m itr    98, best 5606.5024, time  112.8, minPhero 0.01(262), stagnancy 0.0%
[35m[MSG][0m itr    99, best 5606.5024, time  113.8, minPhero 0.01(262), stagnancy 0.3%
[35m[MSG][0m itr   100, best 5604.9673, time  114.9, minPhero 0.01(267), stagnancy 0.0%
[35m[MSG][0m itr   101, best 5604.9673, time  115.9, minPhero 0.01(267), stagnancy 0.3%
[35m[MSG][0m itr   102, best 5604.9673, time  116.9, minPhero 0.01(267), stagnancy 0.7%
[35m[MSG][0m itr   103, best 5604.9673, time  118.0, minPhero 0.01(262), stagnancy 1.0%
[35m[MSG][0m itr   104, best 5604.9644, time  119.0, minPhero 0.01(263), stagnancy 0.0%
[35m[MSG][0m itr   105, best 5604.9644, time  120.0, minPhero 0.01(257), stagnancy 0.3%
[35m[MSG][0m itr   106, best 5604.4331, time  121.0, minPhero 0.01(258), stagnancy 0.0%
[35m[MSG][0m itr   107, best 5604.4331, time  122.1, minPhero 0.01(257), stagnancy 0.3%
[35m[MSG][0m itr   108, best 5597.9102, time  123.1, minPhero 0.01(262), stagnancy 0.0%
[35m[MSG][0m itr   109, best 5597.9102, time  124.1, minPhero 0.01(262), stagnancy 0.3%
[35m[MSG][0m itr   110, best 5597.9102, time  125.2, minPhero 0.01(261), stagnancy 0.7%
[35m[MSG][0m itr   111, best 5597.7661, time  126.2, minPhero 0.01(265), stagnancy 0.0%
[35m[MSG][0m itr   112, best 5597.7661, time  127.2, minPhero 0.01(264), stagnancy 0.3%
[35m[MSG][0m itr   113, best 5597.7661, time  128.3, minPhero 0.01(264), stagnancy 0.7%
[35m[MSG][0m itr   114, best 5597.7661, time  129.3, minPhero 0.01(259), stagnancy 1.0%
[35m[MSG][0m itr   115, best 5597.7656, time  130.3, minPhero 0.01(258), stagnancy 0.0%
[35m[MSG][0m itr   116, best 5595.9204, time  131.4, minPhero 0.01(260), stagnancy 0.0%
[35m[MSG][0m itr   117, best 5595.9204, time  132.4, minPhero 0.01(260), stagnancy 0.3%
[35m[MSG][0m itr   118, best 5595.9204, time  133.5, minPhero 0.01(260), stagnancy 0.7%
[35m[MSG][0m itr   119, best 5595.8076, time  134.6, minPhero 0.01(260), stagnancy 0.0%
[35m[MSG][0m itr   120, best 5595.5156, time  135.6, minPhero 0.01(263), stagnancy 0.0%
[35m[MSG][0m itr   121, best 5595.5156, time  136.7, minPhero 0.01(263), stagnancy 0.3%
[35m[MSG][0m itr   122, best 5594.8916, time  137.8, minPhero 0.01(263), stagnancy 0.0%
[35m[MSG][0m itr   123, best 5594.8916, time  138.8, minPhero 0.01(263), stagnancy 0.3%
[35m[MSG][0m itr   124, best 5594.8916, time  139.8, minPhero 0.01(263), stagnancy 0.7%
[35m[MSG][0m itr   125, best 5594.8916, time  140.9, minPhero 0.01(263), stagnancy 1.0%
[35m[MSG][0m itr   126, best 5594.8916, time  141.9, minPhero 0.01(263), stagnancy 1.3%
[35m[MSG][0m itr   127, best 5594.8916, time  142.9, minPhero 0.01(263), stagnancy 1.7%
[35m[MSG][0m itr   128, best 5592.5669, time  144.0, minPhero 0.01(266), stagnancy 0.0%
[35m[MSG][0m itr   129, best 5592.2773, time  145.1, minPhero 0.01(266), stagnancy 0.0%
[35m[MSG][0m itr   130, best 5592.2749, time  146.2, minPhero 0.01(265), stagnancy 0.0%
[35m[MSG][0m itr   131, best 5592.2749, time  147.2, minPhero 0.01(265), stagnancy 0.3%
[35m[MSG][0m itr   132, best 5592.2744, time  148.2, minPhero 0.01(264), stagnancy 0.0%
[35m[MSG][0m itr   133, best 5592.1660, time  149.2, minPhero 0.01(264), stagnancy 0.0%
[35m[MSG][0m itr   134, best 5592.1660, time  150.4, minPhero 0.01(255), stagnancy 0.3%
[35m[MSG][0m itr   135, best 5592.1655, time  151.4, minPhero 0.01(255), stagnancy 0.0%
[35m[MSG][0m itr   136, best 5592.1562, time  152.3, minPhero 0.01(256), stagnancy 0.0%
[35m[MSG][0m itr   137, best 5592.1562, time  153.3, minPhero 0.01(250), stagnancy 0.3%
[35m[MSG][0m itr   138, best 5592.1562, time  154.4, minPhero 0.01(245), stagnancy 0.7%
[35m[MSG][0m itr   139, best 5592.1562, time  155.4, minPhero 0.01(245), stagnancy 1.0%
[35m[MSG][0m itr   140, best 5592.1562, time  156.4, minPhero 0.01(245), stagnancy 1.3%
[35m[MSG][0m itr   141, best 5592.1562, time  157.4, minPhero 0.01(245), stagnancy 1.7%
[35m[MSG][0m itr   142, best 5592.1562, time  158.4, minPhero 0.01(245), stagnancy 2.0%
[35m[MSG][0m itr   143, best 5590.7168, time  159.5, minPhero 0.01(250), stagnancy 0.0%
[35m[MSG][0m itr   144, best 5590.7168, time  160.4, minPhero 0.01(249), stagnancy 0.3%
[35m[MSG][0m itr   145, best 5590.7168, time  161.5, minPhero 0.01(249), stagnancy 0.7%
[35m[MSG][0m itr   146, best 5590.7168, time  162.5, minPhero 0.01(249), stagnancy 1.0%
[35m[MSG][0m itr   147, best 5590.7168, time  163.5, minPhero 0.01(249), stagnancy 1.3%
[35m[MSG][0m itr   148, best 5590.7168, time  164.4, minPhero 0.01(249), stagnancy 1.7%
[35m[MSG][0m itr   149, best 5590.7168, time  165.5, minPhero 0.01(246), stagnancy 2.0%
[35m[MSG][0m itr   150, best 5590.7168, time  166.5, minPhero 0.01(246), stagnancy 2.3%
[35m[MSG][0m itr   151, best 5590.7168, time  167.5, minPhero 0.01(243), stagnancy 2.7%
[35m[MSG][0m itr   152, best 5590.7168, time  168.5, minPhero 0.01(243), stagnancy 3.0%
[35m[MSG][0m itr   153, best 5590.7168, time  169.6, minPhero 0.01(240), stagnancy 3.3%
[35m[MSG][0m itr   154, best 5590.4619, time  170.6, minPhero 0.01(245), stagnancy 0.0%
[35m[MSG][0m itr   155, best 5590.3438, time  171.6, minPhero 0.01(244), stagnancy 0.0%
[35m[MSG][0m itr   156, best 5590.3438, time  172.7, minPhero 0.01(244), stagnancy 0.3%
[35m[MSG][0m itr   157, best 5590.3438, time  173.7, minPhero 0.01(244), stagnancy 0.7%
[35m[MSG][0m itr   158, best 5590.3438, time  174.7, minPhero 0.01(244), stagnancy 1.0%
[35m[MSG][0m itr   159, best 5590.3438, time  175.7, minPhero 0.01(244), stagnancy 1.3%
[35m[MSG][0m itr   160, best 5589.9849, time  176.6, minPhero 0.01(246), stagnancy 0.0%
[35m[MSG][0m itr   161, best 5589.9849, time  177.7, minPhero 0.01(246), stagnancy 0.3%
[35m[MSG][0m itr   162, best 5589.9849, time  178.8, minPhero 0.01(246), stagnancy 0.7%
[35m[MSG][0m itr   163, best 5589.9844, time  179.8, minPhero 0.01(246), stagnancy 0.0%
[35m[MSG][0m itr   164, best 5589.9844, time  180.8, minPhero 0.01(246), stagnancy 0.3%
[35m[MSG][0m itr   165, best 5589.5327, time  181.9, minPhero 0.01(253), stagnancy 0.0%
[35m[MSG][0m itr   166, best 5589.5327, time  183.0, minPhero 0.01(253), stagnancy 0.3%
[35m[MSG][0m itr   167, best 5587.7480, time  184.0, minPhero 0.01(253), stagnancy 0.0%
[35m[MSG][0m itr   168, best 5587.7480, time  185.1, minPhero 0.01(253), stagnancy 0.3%
[35m[MSG][0m itr   169, best 5587.7480, time  186.1, minPhero 0.01(246), stagnancy 0.7%
[35m[MSG][0m itr   170, best 5587.7480, time  187.1, minPhero 0.01(246), stagnancy 1.0%
[35m[MSG][0m itr   171, best 5587.7480, time  188.2, minPhero 0.01(246), stagnancy 1.3%
[35m[MSG][0m itr   172, best 5587.7480, time  189.3, minPhero 0.01(246), stagnancy 1.7%
[35m[MSG][0m itr   173, best 5587.7480, time  190.3, minPhero 0.01(246), stagnancy 2.0%
[35m[MSG][0m itr   174, best 5587.7480, time  191.3, minPhero 0.01(246), stagnancy 2.3%
[35m[MSG][0m itr   175, best 5587.7480, time  192.3, minPhero 0.01(246), stagnancy 2.7%
[35m[MSG][0m itr   176, best 5587.7480, time  193.3, minPhero 0.01(246), stagnancy 3.0%
[35m[MSG][0m itr   177, best 5587.1729, time  194.3, minPhero 0.01(249), stagnancy 0.0%
[35m[MSG][0m itr   178, best 5587.0547, time  195.3, minPhero 0.01(249), stagnancy 0.0%
[35m[MSG][0m itr   179, best 5587.0547, time  196.4, minPhero 0.01(249), stagnancy 0.3%
[35m[MSG][0m itr   180, best 5587.0547, time  197.4, minPhero 0.01(244), stagnancy 0.7%
[35m[MSG][0m itr   181, best 5587.0547, time  198.4, minPhero 0.01(244), stagnancy 1.0%
[35m[MSG][0m itr   182, best 5587.0542, time  199.4, minPhero 0.01(244), stagnancy 0.0%
[35m[MSG][0m itr   183, best 5587.0542, time  200.5, minPhero 0.01(244), stagnancy 0.3%
[35m[MSG][0m itr   184, best 5587.0542, time  201.5, minPhero 0.01(244), stagnancy 0.7%
[35m[MSG][0m itr   185, best 5587.0542, time  202.5, minPhero 0.01(244), stagnancy 1.0%
[35m[MSG][0m itr   186, best 5587.0542, time  203.5, minPhero 0.01(242), stagnancy 1.3%
[35m[MSG][0m itr   187, best 5587.0542, time  204.6, minPhero 0.01(242), stagnancy 1.7%
[35m[MSG][0m itr   188, best 5587.0542, time  205.7, minPhero 0.01(242), stagnancy 2.0%
[35m[MSG][0m itr   189, best 5587.0542, time  206.7, minPhero 0.01(242), stagnancy 2.3%
[35m[MSG][0m itr   190, best 5585.1357, time  207.7, minPhero 0.01(250), stagnancy 0.0%
[35m[MSG][0m itr   191, best 5585.1357, time  208.8, minPhero 0.01(245), stagnancy 0.3%
[35m[MSG][0m itr   192, best 5584.9780, time  209.8, minPhero 0.01(245), stagnancy 0.0%
[35m[MSG][0m itr   193, best 5584.9780, time  210.8, minPhero 0.01(245), stagnancy 0.3%
[35m[MSG][0m itr   194, best 5584.9780, time  212.0, minPhero 0.01(245), stagnancy 0.7%
[35m[MSG][0m itr   195, best 5584.9780, time  213.0, minPhero 0.01(245), stagnancy 1.0%
[35m[MSG][0m itr   196, best 5584.9780, time  214.0, minPhero 0.01(245), stagnancy 1.3%
[35m[MSG][0m itr   197, best 5584.9780, time  215.1, minPhero 0.01(245), stagnancy 1.7%
[35m[MSG][0m itr   198, best 5584.9780, time  216.1, minPhero 0.01(245), stagnancy 2.0%
[35m[MSG][0m itr   199, best 5584.9780, time  217.1, minPhero 0.01(245), stagnancy 2.3%
[35m[MSG][0m itr   200, best 5584.9780, time  218.1, minPhero 0.01(245), stagnancy 2.7%
[35m[MSG][0m itr   201, best 5584.9780, time  219.1, minPhero 0.01(245), stagnancy 3.0%
[35m[MSG][0m itr   202, best 5584.9780, time  220.2, minPhero 0.01(244), stagnancy 3.3%
[35m[MSG][0m itr   203, best 5584.9780, time  221.3, minPhero 0.01(242), stagnancy 3.7%
[35m[MSG][0m itr   204, best 5584.9780, time  222.3, minPhero 0.01(242), stagnancy 4.0%
[35m[MSG][0m itr   205, best 5584.9780, time  223.3, minPhero 0.01(242), stagnancy 4.3%
[35m[MSG][0m itr   206, best 5584.9780, time  224.4, minPhero 0.01(242), stagnancy 4.7%
[35m[MSG][0m itr   207, best 5584.9780, time  225.5, minPhero 0.01(242), stagnancy 5.0%
[35m[MSG][0m itr   208, best 5584.4009, time  226.5, minPhero 0.01(248), stagnancy 0.0%
[35m[MSG][0m itr   209, best 5584.4009, time  227.6, minPhero 0.01(248), stagnancy 0.3%
[35m[MSG][0m itr   210, best 5583.4985, time  228.8, minPhero 0.01(249), stagnancy 0.0%
[35m[MSG][0m itr   211, best 5583.4985, time  229.9, minPhero 0.01(249), stagnancy 0.3%
[35m[MSG][0m itr   212, best 5582.1421, time  230.9, minPhero 0.01(253), stagnancy 0.0%
[35m[MSG][0m itr   213, best 5581.7598, time  231.9, minPhero 0.01(253), stagnancy 0.0%
[35m[MSG][0m itr   214, best 5581.7598, time  232.9, minPhero 0.01(253), stagnancy 0.3%
[35m[MSG][0m itr   215, best 5581.7598, time  233.9, minPhero 0.01(253), stagnancy 0.7%
[35m[MSG][0m itr   216, best 5581.7598, time  234.9, minPhero 0.01(247), stagnancy 1.0%
[35m[MSG][0m itr   217, best 5580.2280, time  236.0, minPhero 0.01(250), stagnancy 0.0%
[35m[MSG][0m itr   218, best 5579.6875, time  237.0, minPhero 0.01(252), stagnancy 0.0%
[35m[MSG][0m itr   219, best 5579.5693, time  237.9, minPhero 0.01(252), stagnancy 0.0%
[35m[MSG][0m itr   220, best 5578.0474, time  239.0, minPhero 0.01(253), stagnancy 0.0%
[35m[MSG][0m itr   221, best 5578.0474, time  240.1, minPhero 0.01(253), stagnancy 0.3%
[35m[MSG][0m itr   222, best 5576.6465, time  241.1, minPhero 0.01(260), stagnancy 0.0%
[35m[MSG][0m itr   223, best 5576.6465, time  242.1, minPhero 0.01(260), stagnancy 0.3%
[35m[MSG][0m itr   224, best 5576.6465, time  243.2, minPhero 0.01(260), stagnancy 0.7%
[35m[MSG][0m itr   225, best 5576.6455, time  244.2, minPhero 0.01(259), stagnancy 0.0%
[35m[MSG][0m itr   226, best 5576.6455, time  245.2, minPhero 0.01(258), stagnancy 0.3%
[35m[MSG][0m itr   227, best 5576.2666, time  246.2, minPhero 0.01(259), stagnancy 0.0%
[35m[MSG][0m itr   228, best 5575.1338, time  247.3, minPhero 0.01(261), stagnancy 0.0%
[35m[MSG][0m itr   229, best 5575.1338, time  248.3, minPhero 0.01(261), stagnancy 0.3%
[35m[MSG][0m itr   230, best 5575.1338, time  249.3, minPhero 0.01(261), stagnancy 0.7%
[35m[MSG][0m itr   231, best 5575.1338, time  250.3, minPhero 0.01(261), stagnancy 1.0%
[35m[MSG][0m itr   232, best 5575.1313, time  251.3, minPhero 0.01(258), stagnancy 0.0%
[35m[MSG][0m itr   233, best 5575.1313, time  252.3, minPhero 0.01(258), stagnancy 0.3%
[35m[MSG][0m itr   234, best 5575.1313, time  253.5, minPhero 0.01(250), stagnancy 0.7%
[35m[MSG][0m itr   235, best 5575.1313, time  254.5, minPhero 0.01(250), stagnancy 1.0%
[35m[MSG][0m itr   236, best 5575.1313, time  255.6, minPhero 0.01(250), stagnancy 1.3%
[35m[MSG][0m itr   237, best 5575.1313, time  256.6, minPhero 0.01(250), stagnancy 1.7%
[35m[MSG][0m itr   238, best 5575.1313, time  257.6, minPhero 0.01(248), stagnancy 2.0%
[35m[MSG][0m itr   239, best 5575.1313, time  258.6, minPhero 0.01(248), stagnancy 2.3%
[35m[MSG][0m itr   240, best 5575.1313, time  259.6, minPhero 0.01(244), stagnancy 2.7%
[35m[MSG][0m itr   241, best 5575.1309, time  260.8, minPhero 0.01(244), stagnancy 0.0%
[35m[MSG][0m itr   242, best 5575.1309, time  261.8, minPhero 0.01(244), stagnancy 0.3%
[35m[MSG][0m itr   243, best 5575.1309, time  262.8, minPhero 0.01(244), stagnancy 0.7%
[35m[MSG][0m itr   244, best 5575.1309, time  263.8, minPhero 0.01(243), stagnancy 1.0%
[35m[MSG][0m itr   245, best 5575.1309, time  265.0, minPhero 0.01(242), stagnancy 1.3%
[35m[MSG][0m itr   246, best 5575.1309, time  266.0, minPhero 0.01(242), stagnancy 1.7%
[35m[MSG][0m itr   247, best 5575.0601, time  267.2, minPhero 0.01(243), stagnancy 0.0%
[35m[MSG][0m itr   248, best 5575.0601, time  268.3, minPhero 0.01(239), stagnancy 0.3%
[35m[MSG][0m itr   249, best 5575.0596, time  269.3, minPhero 0.01(239), stagnancy 0.0%
[35m[MSG][0m itr   250, best 5575.0596, time  270.3, minPhero 0.01(238), stagnancy 0.3%
[35m[MSG][0m itr   251, best 5575.0596, time  271.4, minPhero 0.01(237), stagnancy 0.7%
[35m[MSG][0m itr   252, best 5575.0596, time  272.6, minPhero 0.01(237), stagnancy 1.0%
[35m[MSG][0m itr   253, best 5575.0596, time  273.6, minPhero 0.01(237), stagnancy 1.3%
[35m[MSG][0m itr   254, best 5575.0596, time  274.7, minPhero 0.01(236), stagnancy 1.7%
[35m[MSG][0m itr   255, best 5575.0596, time  275.7, minPhero 0.01(235), stagnancy 2.0%
[35m[MSG][0m itr   256, best 5575.0596, time  276.8, minPhero 0.01(235), stagnancy 2.3%
[35m[MSG][0m itr   257, best 5575.0596, time  277.8, minPhero 0.01(235), stagnancy 2.7%
[35m[MSG][0m itr   258, best 5575.0596, time  278.9, minPhero 0.01(235), stagnancy 3.0%
[35m[MSG][0m itr   259, best 5575.0596, time  279.9, minPhero 0.01(235), stagnancy 3.3%
[35m[MSG][0m itr   260, best 5575.0596, time  280.9, minPhero 0.01(235), stagnancy 3.7%
[35m[MSG][0m itr   261, best 5575.0596, time  282.1, minPhero 0.01(235), stagnancy 4.0%
[35m[MSG][0m itr   262, best 5575.0596, time  283.1, minPhero 0.01(235), stagnancy 4.3%
[35m[MSG][0m itr   263, best 5575.0596, time  284.1, minPhero 0.01(235), stagnancy 4.7%
[35m[MSG][0m itr   264, best 5575.0596, time  285.1, minPhero 0.01(235), stagnancy 5.0%
[35m[MSG][0m itr   265, best 5575.0596, time  286.1, minPhero 0.01(235), stagnancy 5.3%
[35m[MSG][0m itr   266, best 5575.0596, time  287.2, minPhero 0.01(235), stagnancy 5.7%
[35m[MSG][0m itr   267, best 5575.0596, time  288.1, minPhero 0.01(235), stagnancy 6.0%
[35m[MSG][0m itr   268, best 5575.0596, time  289.1, minPhero 0.01(235), stagnancy 6.3%
[35m[MSG][0m itr   269, best 5575.0596, time  290.2, minPhero 0.01(235), stagnancy 6.7%
[35m[MSG][0m itr   270, best 5575.0596, time  291.2, minPhero 0.01(235), stagnancy 7.0%
[35m[MSG][0m itr   271, best 5575.0596, time  292.2, minPhero 0.01(235), stagnancy 7.3%
[35m[MSG][0m itr   272, best 5575.0596, time  293.2, minPhero 0.01(235), stagnancy 7.7%
[35m[MSG][0m itr   273, best 5575.0596, time  294.2, minPhero 0.01(232), stagnancy 8.0%
[35m[MSG][0m itr   274, best 5575.0596, time  295.2, minPhero 0.01(232), stagnancy 8.3%
[35m[MSG][0m itr   275, best 5575.0596, time  296.2, minPhero 0.01(232), stagnancy 8.7%
[35m[MSG][0m itr   276, best 5575.0596, time  297.2, minPhero 0.01(232), stagnancy 9.0%
[35m[MSG][0m itr   277, best 5575.0596, time  298.3, minPhero 0.01(232), stagnancy 9.3%
[35m[MSG][0m itr   278, best 5575.0596, time  299.3, minPhero 0.01(232), stagnancy 9.7%
[35m[MSG][0m itr   279, best 5575.0596, time  300.3, minPhero 0.01(232), stagnancy 10.0%
[35m[MSG][0m itr   280, best 5575.0596, time  301.5, minPhero 0.01(232), stagnancy 10.3%
[35m[MSG][0m itr   281, best 5575.0596, time  302.6, minPhero 0.01(232), stagnancy 10.7%
[35m[MSG][0m itr   282, best 5575.0596, time  303.8, minPhero 0.01(232), stagnancy 11.0%
[35m[MSG][0m itr   283, best 5575.0596, time  304.8, minPhero 0.01(232), stagnancy 11.3%
[35m[MSG][0m itr   284, best 5575.0596, time  305.8, minPhero 0.01(232), stagnancy 11.7%
[35m[MSG][0m itr   285, best 5575.0596, time  306.9, minPhero 0.01(232), stagnancy 12.0%
[35m[MSG][0m itr   286, best 5575.0596, time  308.0, minPhero 0.01(232), stagnancy 12.3%
[35m[MSG][0m itr   287, best 5575.0596, time  309.1, minPhero 0.01(232), stagnancy 12.7%
[35m[MSG][0m itr   288, best 5575.0596, time  310.2, minPhero 0.01(232), stagnancy 13.0%
[35m[MSG][0m itr   289, best 5575.0596, time  311.2, minPhero 0.01(232), stagnancy 13.3%
[35m[MSG][0m itr   290, best 5575.0596, time  312.4, minPhero 0.01(232), stagnancy 13.7%
[35m[MSG][0m itr   291, best 5575.0596, time  313.5, minPhero 0.01(232), stagnancy 14.0%
[35m[MSG][0m itr   292, best 5575.0596, time  314.5, minPhero 0.01(232), stagnancy 14.3%
[35m[MSG][0m itr   293, best 5575.0596, time  315.5, minPhero 0.01(232), stagnancy 14.7%
[35m[MSG][0m itr   294, best 5575.0596, time  316.6, minPhero 0.01(232), stagnancy 15.0%
[35m[MSG][0m itr   295, best 5575.0596, time  317.7, minPhero 0.01(232), stagnancy 15.3%
[35m[MSG][0m itr   296, best 5575.0596, time  318.7, minPhero 0.01(232), stagnancy 15.7%
[35m[MSG][0m itr   297, best 5575.0596, time  319.7, minPhero 0.01(232), stagnancy 16.0%
[35m[MSG][0m itr   298, best 5575.0596, time  320.7, minPhero 0.01(232), stagnancy 16.3%
[35m[MSG][0m itr   299, best 5575.0596, time  321.8, minPhero 0.01(232), stagnancy 16.7%
[35m[MSG][0m itr   300, best 5575.0571, time  322.8, minPhero 0.01(235), stagnancy 0.0%
[35m[MSG][0m itr   301, best 5575.0571, time  323.8, minPhero 0.01(235), stagnancy 0.3%
[35m[MSG][0m itr   302, best 5575.0571, time  324.8, minPhero 0.01(235), stagnancy 0.7%
[35m[MSG][0m itr   303, best 5575.0571, time  325.9, minPhero 0.01(235), stagnancy 1.0%
[35m[MSG][0m itr   304, best 5575.0571, time  326.9, minPhero 0.01(235), stagnancy 1.3%
[35m[MSG][0m itr   305, best 5575.0571, time  327.9, minPhero 0.01(235), stagnancy 1.7%
[35m[MSG][0m itr   306, best 5575.0566, time  328.9, minPhero 0.01(235), stagnancy 0.0%
[35m[MSG][0m itr   307, best 5575.0566, time  329.9, minPhero 0.01(235), stagnancy 0.3%
[35m[MSG][0m itr   308, best 5575.0566, time  331.0, minPhero 0.01(235), stagnancy 0.7%
[35m[MSG][0m itr   309, best 5575.0566, time  332.0, minPhero 0.01(235), stagnancy 1.0%
[35m[MSG][0m itr   310, best 5575.0566, time  333.0, minPhero 0.01(235), stagnancy 1.3%
[35m[MSG][0m itr   311, best 5575.0566, time  334.1, minPhero 0.01(235), stagnancy 1.7%
[35m[MSG][0m itr   312, best 5575.0566, time  335.0, minPhero 0.01(235), stagnancy 2.0%
[35m[MSG][0m itr   313, best 5575.0566, time  336.2, minPhero 0.01(235), stagnancy 2.3%
[35m[MSG][0m itr   314, best 5575.0566, time  337.2, minPhero 0.01(235), stagnancy 2.7%
[35m[MSG][0m itr   315, best 5575.0566, time  338.2, minPhero 0.01(235), stagnancy 3.0%
[35m[MSG][0m itr   316, best 5575.0566, time  339.2, minPhero 0.01(235), stagnancy 3.3%
[35m[MSG][0m itr   317, best 5575.0562, time  340.4, minPhero 0.01(235), stagnancy 0.0%
[35m[MSG][0m itr   318, best 5575.0562, time  341.4, minPhero 0.01(235), stagnancy 0.3%
[35m[MSG][0m itr   319, best 5575.0562, time  342.4, minPhero 0.01(235), stagnancy 0.7%
[35m[MSG][0m itr   320, best 5575.0562, time  343.4, minPhero 0.01(235), stagnancy 1.0%
[35m[MSG][0m itr   321, best 5575.0562, time  344.4, minPhero 0.01(235), stagnancy 1.3%
[35m[MSG][0m itr   322, best 5575.0562, time  345.4, minPhero 0.01(235), stagnancy 1.7%
[35m[MSG][0m itr   323, best 5575.0562, time  346.5, minPhero 0.01(235), stagnancy 2.0%
[35m[MSG][0m itr   324, best 5575.0562, time  347.5, minPhero 0.01(235), stagnancy 2.3%
[35m[MSG][0m itr   325, best 5575.0562, time  348.4, minPhero 0.01(235), stagnancy 2.7%
[35m[MSG][0m itr   326, best 5575.0562, time  349.4, minPhero 0.01(232), stagnancy 3.0%
[35m[MSG][0m itr   327, best 5575.0562, time  350.4, minPhero 0.01(232), stagnancy 3.3%
[35m[MSG][0m itr   328, best 5575.0562, time  351.6, minPhero 0.01(232), stagnancy 3.7%
[35m[MSG][0m itr   329, best 5575.0562, time  352.6, minPhero 0.01(232), stagnancy 4.0%
[35m[MSG][0m itr   330, best 5575.0562, time  353.7, minPhero 0.01(232), stagnancy 4.3%
[35m[MSG][0m itr   331, best 5575.0562, time  354.9, minPhero 0.01(232), stagnancy 4.7%
[35m[MSG][0m itr   332, best 5575.0562, time  355.9, minPhero 0.01(232), stagnancy 5.0%
[35m[MSG][0m itr   333, best 5575.0562, time  357.0, minPhero 0.01(232), stagnancy 5.3%
[35m[MSG][0m itr   334, best 5575.0562, time  358.0, minPhero 0.01(232), stagnancy 5.7%
[35m[MSG][0m itr   335, best 5575.0562, time  359.0, minPhero 0.01(232), stagnancy 6.0%
[35m[MSG][0m itr   336, best 5575.0562, time  360.0, minPhero 0.01(232), stagnancy 6.3%
[35m[MSG][0m itr   337, best 5575.0562, time  361.1, minPhero 0.01(232), stagnancy 6.7%
[35m[MSG][0m itr   338, best 5575.0562, time  362.2, minPhero 0.01(232), stagnancy 7.0%
[35m[MSG][0m itr   339, best 5575.0562, time  363.3, minPhero 0.01(232), stagnancy 7.3%
[35m[MSG][0m itr   340, best 5575.0562, time  364.3, minPhero 0.01(232), stagnancy 7.7%
[35m[MSG][0m itr   341, best 5575.0562, time  365.3, minPhero 0.01(232), stagnancy 8.0%
[35m[MSG][0m itr   342, best 5575.0562, time  366.3, minPhero 0.01(232), stagnancy 8.3%
[35m[MSG][0m itr   343, best 5575.0562, time  367.3, minPhero 0.01(232), stagnancy 8.7%
[35m[MSG][0m itr   344, best 5575.0562, time  368.3, minPhero 0.01(232), stagnancy 9.0%
[35m[MSG][0m itr   345, best 5575.0562, time  369.3, minPhero 0.01(232), stagnancy 9.3%
[35m[MSG][0m itr   346, best 5575.0562, time  370.5, minPhero 0.01(232), stagnancy 9.7%
[35m[MSG][0m itr   347, best 5575.0562, time  371.5, minPhero 0.01(232), stagnancy 10.0%
[35m[MSG][0m itr   348, best 5575.0562, time  372.5, minPhero 0.01(232), stagnancy 10.3%
[35m[MSG][0m itr   349, best 5575.0562, time  373.6, minPhero 0.01(232), stagnancy 10.7%
[35m[MSG][0m itr   350, best 5575.0562, time  374.7, minPhero 0.01(232), stagnancy 11.0%
[35m[MSG][0m itr   351, best 5575.0562, time  375.8, minPhero 0.01(232), stagnancy 11.3%
[35m[MSG][0m itr   352, best 5575.0562, time  376.8, minPhero 0.01(232), stagnancy 11.7%
[35m[MSG][0m itr   353, best 5575.0562, time  377.8, minPhero 0.01(232), stagnancy 12.0%
[35m[MSG][0m itr   354, best 5575.0562, time  378.8, minPhero 0.01(232), stagnancy 12.3%
[35m[MSG][0m itr   355, best 5575.0562, time  379.8, minPhero 0.01(232), stagnancy 12.7%
[35m[MSG][0m itr   356, best 5575.0562, time  380.7, minPhero 0.01(232), stagnancy 13.0%
[35m[MSG][0m itr   357, best 5575.0562, time  381.8, minPhero 0.01(232), stagnancy 13.3%
[35m[MSG][0m itr   358, best 5575.0562, time  382.9, minPhero 0.01(232), stagnancy 13.7%
[35m[MSG][0m itr   359, best 5575.0562, time  383.9, minPhero 0.01(232), stagnancy 14.0%
[35m[MSG][0m itr   360, best 5575.0562, time  384.8, minPhero 0.01(232), stagnancy 14.3%
[35m[MSG][0m itr   361, best 5575.0562, time  385.9, minPhero 0.01(232), stagnancy 14.7%
[35m[MSG][0m itr   362, best 5575.0562, time  387.0, minPhero 0.01(232), stagnancy 15.0%
[35m[MSG][0m itr   363, best 5575.0562, time  388.0, minPhero 0.01(232), stagnancy 15.3%
[35m[MSG][0m itr   364, best 5575.0562, time  389.1, minPhero 0.01(232), stagnancy 15.7%
[35m[MSG][0m itr   365, best 5575.0562, time  390.1, minPhero 0.01(232), stagnancy 16.0%
[35m[MSG][0m itr   366, best 5575.0562, time  391.3, minPhero 0.01(232), stagnancy 16.3%
[35m[MSG][0m itr   367, best 5575.0562, time  392.4, minPhero 0.01(232), stagnancy 16.7%
[35m[MSG][0m itr   368, best 5575.0562, time  393.4, minPhero 0.01(232), stagnancy 17.0%
[35m[MSG][0m itr   369, best 5575.0562, time  394.4, minPhero 0.01(232), stagnancy 17.3%
[35m[MSG][0m itr   370, best 5575.0562, time  395.4, minPhero 0.01(232), stagnancy 17.7%
[35m[MSG][0m itr   371, best 5575.0562, time  396.5, minPhero 0.01(232), stagnancy 18.0%
[35m[MSG][0m itr   372, best 5575.0562, time  397.5, minPhero 0.01(232), stagnancy 18.3%
[35m[MSG][0m itr   373, best 5575.0562, time  398.5, minPhero 0.01(232), stagnancy 18.7%
[35m[MSG][0m itr   374, best 5575.0562, time  399.6, minPhero 0.01(232), stagnancy 19.0%
[35m[MSG][0m itr   375, best 5575.0562, time  400.6, minPhero 0.01(232), stagnancy 19.3%
[35m[MSG][0m itr   376, best 5575.0562, time  401.8, minPhero 0.01(232), stagnancy 19.7%
[35m[MSG][0m itr   377, best 5575.0562, time  402.7, minPhero 0.01(232), stagnancy 20.0%
[35m[MSG][0m itr   378, best 5575.0562, time  403.9, minPhero 0.01(232), stagnancy 20.3%
[35m[MSG][0m itr   379, best 5575.0562, time  404.9, minPhero 0.01(232), stagnancy 20.7%
[35m[MSG][0m itr   380, best 5575.0562, time  405.9, minPhero 0.01(232), stagnancy 21.0%
[35m[MSG][0m itr   381, best 5575.0562, time  406.9, minPhero 0.01(232), stagnancy 21.3%
[35m[MSG][0m itr   382, best 5575.0562, time  407.9, minPhero 0.01(232), stagnancy 21.7%
[35m[MSG][0m itr   383, best 5575.0562, time  409.0, minPhero 0.01(232), stagnancy 22.0%
[35m[MSG][0m itr   384, best 5575.0562, time  410.0, minPhero 0.01(232), stagnancy 22.3%
[35m[MSG][0m itr   385, best 5575.0562, time  411.1, minPhero 0.01(232), stagnancy 22.7%
[35m[MSG][0m itr   386, best 5575.0562, time  412.2, minPhero 0.01(232), stagnancy 23.0%
[35m[MSG][0m itr   387, best 5575.0562, time  413.2, minPhero 0.01(232), stagnancy 23.3%
[35m[MSG][0m itr   388, best 5575.0562, time  414.3, minPhero 0.01(232), stagnancy 23.7%
[35m[MSG][0m itr   389, best 5575.0562, time  415.3, minPhero 0.01(232), stagnancy 24.0%
[35m[MSG][0m itr   390, best 5575.0562, time  416.4, minPhero 0.01(232), stagnancy 24.3%
[35m[MSG][0m itr   391, best 5575.0562, time  417.4, minPhero 0.01(232), stagnancy 24.7%
[35m[MSG][0m itr   392, best 5575.0562, time  418.5, minPhero 0.01(232), stagnancy 25.0%
[35m[MSG][0m itr   393, best 5575.0562, time  419.5, minPhero 0.01(232), stagnancy 25.3%
[35m[MSG][0m itr   394, best 5575.0562, time  420.4, minPhero 0.01(232), stagnancy 25.7%
[35m[MSG][0m itr   395, best 5575.0562, time  421.5, minPhero 0.01(232), stagnancy 26.0%
[35m[MSG][0m itr   396, best 5575.0562, time  422.5, minPhero 0.01(232), stagnancy 26.3%
[35m[MSG][0m itr   397, best 5575.0562, time  423.5, minPhero 0.01(232), stagnancy 26.7%
[35m[MSG][0m itr   398, best 5575.0562, time  424.6, minPhero 0.01(232), stagnancy 27.0%
[35m[MSG][0m itr   399, best 5575.0562, time  425.7, minPhero 0.01(232), stagnancy 27.3%
[35m[MSG][0m itr   400, best 5575.0562, time  426.8, minPhero 0.01(232), stagnancy 27.7%
[35m[MSG][0m itr   401, best 5575.0562, time  427.8, minPhero 0.01(232), stagnancy 28.0%
[35m[MSG][0m itr   402, best 5575.0562, time  428.7, minPhero 0.01(232), stagnancy 28.3%
[35m[MSG][0m itr   403, best 5575.0562, time  429.8, minPhero 0.01(232), stagnancy 28.7%
[35m[MSG][0m itr   404, best 5575.0562, time  430.9, minPhero 0.01(232), stagnancy 29.0%
[35m[MSG][0m itr   405, best 5575.0562, time  431.9, minPhero 0.01(232), stagnancy 29.3%
[35m[MSG][0m itr   406, best 5575.0562, time  432.9, minPhero 0.01(232), stagnancy 29.7%
[35m[MSG][0m itr   407, best 5575.0562, time  433.9, minPhero 0.01(232), stagnancy 30.0%
[35m[MSG][0m itr   408, best 5575.0562, time  434.9, minPhero 0.01(232), stagnancy 30.3%
[35m[MSG][0m itr   409, best 5575.0562, time  436.1, minPhero 0.01(232), stagnancy 30.7%
[35m[MSG][0m itr   410, best 5575.0562, time  437.1, minPhero 0.01(232), stagnancy 31.0%
[35m[MSG][0m itr   411, best 5575.0562, time  438.2, minPhero 0.01(232), stagnancy 31.3%
[35m[MSG][0m itr   412, best 5575.0562, time  439.2, minPhero 0.01(232), stagnancy 31.7%
[35m[MSG][0m itr   413, best 5575.0562, time  440.3, minPhero 0.01(232), stagnancy 32.0%
[35m[MSG][0m itr   414, best 5575.0562, time  441.3, minPhero 0.01(232), stagnancy 32.3%
[35m[MSG][0m itr   415, best 5575.0562, time  442.3, minPhero 0.01(232), stagnancy 32.7%
[35m[MSG][0m itr   416, best 5575.0562, time  443.3, minPhero 0.01(232), stagnancy 33.0%
[35m[MSG][0m itr   417, best 5575.0562, time  444.3, minPhero 0.01(232), stagnancy 33.3%
[35m[MSG][0m itr   418, best 5575.0562, time  445.3, minPhero 0.01(232), stagnancy 33.7%
[35m[MSG][0m itr   419, best 5575.0562, time  446.2, minPhero 0.01(232), stagnancy 34.0%
[35m[MSG][0m itr   420, best 5575.0562, time  447.2, minPhero 0.01(232), stagnancy 34.3%
[35m[MSG][0m itr   421, best 5575.0562, time  448.3, minPhero 0.01(232), stagnancy 34.7%
[35m[MSG][0m itr   422, best 5575.0562, time  449.3, minPhero 0.01(232), stagnancy 35.0%
[35m[MSG][0m itr   423, best 5575.0562, time  450.3, minPhero 0.01(232), stagnancy 35.3%
[35m[MSG][0m itr   424, best 5575.0562, time  451.3, minPhero 0.01(232), stagnancy 35.7%
[35m[MSG][0m itr   425, best 5575.0562, time  452.4, minPhero 0.01(232), stagnancy 36.0%
[35m[MSG][0m itr   426, best 5575.0562, time  453.5, minPhero 0.01(232), stagnancy 36.3%
[35m[MSG][0m itr   427, best 5575.0562, time  454.5, minPhero 0.01(232), stagnancy 36.7%
[35m[MSG][0m itr   428, best 5575.0562, time  455.6, minPhero 0.01(232), stagnancy 37.0%
[35m[MSG][0m itr   429, best 5575.0562, time  456.6, minPhero 0.01(232), stagnancy 37.3%
[35m[MSG][0m itr   430, best 5575.0562, time  457.6, minPhero 0.01(232), stagnancy 37.7%
[35m[MSG][0m itr   431, best 5575.0562, time  458.6, minPhero 0.01(232), stagnancy 38.0%
[35m[MSG][0m itr   432, best 5575.0562, time  459.7, minPhero 0.01(232), stagnancy 38.3%
[35m[MSG][0m itr   433, best 5575.0562, time  460.7, minPhero 0.01(232), stagnancy 38.7%
[35m[MSG][0m itr   434, best 5575.0562, time  461.8, minPhero 0.01(232), stagnancy 39.0%
[35m[MSG][0m itr   435, best 5575.0562, time  462.9, minPhero 0.01(232), stagnancy 39.3%
[35m[MSG][0m itr   436, best 5575.0562, time  463.9, minPhero 0.01(232), stagnancy 39.7%
[35m[MSG][0m itr   437, best 5575.0562, time  464.9, minPhero 0.01(232), stagnancy 40.0%
[35m[MSG][0m itr   438, best 5575.0562, time  466.0, minPhero 0.01(232), stagnancy 40.3%
[35m[MSG][0m itr   439, best 5575.0562, time  467.0, minPhero 0.01(232), stagnancy 40.7%
[35m[MSG][0m itr   440, best 5575.0562, time  468.0, minPhero 0.01(232), stagnancy 41.0%
[35m[MSG][0m itr   441, best 5575.0562, time  469.1, minPhero 0.01(232), stagnancy 41.3%
[35m[MSG][0m itr   442, best 5575.0562, time  470.1, minPhero 0.01(232), stagnancy 41.7%
[35m[MSG][0m itr   443, best 5575.0562, time  471.2, minPhero 0.01(232), stagnancy 42.0%
[35m[MSG][0m itr   444, best 5575.0562, time  472.2, minPhero 0.01(232), stagnancy 42.3%
[35m[MSG][0m itr   445, best 5575.0562, time  473.2, minPhero 0.01(232), stagnancy 42.7%
[35m[MSG][0m itr   446, best 5575.0562, time  474.2, minPhero 0.01(232), stagnancy 43.0%
[35m[MSG][0m itr   447, best 5575.0562, time  475.3, minPhero 0.01(232), stagnancy 43.3%
[35m[MSG][0m itr   448, best 5575.0562, time  476.6, minPhero 0.01(232), stagnancy 43.7%
[35m[MSG][0m itr   449, best 5575.0562, time  477.9, minPhero 0.01(232), stagnancy 44.0%
[35m[MSG][0m itr   450, best 5575.0562, time  479.1, minPhero 0.01(232), stagnancy 44.3%
[35m[MSG][0m itr   451, best 5575.0562, time  480.2, minPhero 0.01(232), stagnancy 44.7%
[35m[MSG][0m itr   452, best 5575.0562, time  481.2, minPhero 0.01(232), stagnancy 45.0%
[35m[MSG][0m itr   453, best 5575.0562, time  482.3, minPhero 0.01(232), stagnancy 45.3%
[35m[MSG][0m itr   454, best 5575.0562, time  483.3, minPhero 0.01(232), stagnancy 45.7%
[35m[MSG][0m itr   455, best 5575.0562, time  484.3, minPhero 0.01(232), stagnancy 46.0%
[35m[MSG][0m itr   456, best 5575.0562, time  485.4, minPhero 0.01(232), stagnancy 46.3%
[35m[MSG][0m itr   457, best 5575.0562, time  486.4, minPhero 0.01(232), stagnancy 46.7%
[35m[MSG][0m itr   458, best 5575.0562, time  487.5, minPhero 0.01(232), stagnancy 47.0%
[35m[MSG][0m itr   459, best 5575.0562, time  488.5, minPhero 0.01(232), stagnancy 47.3%
[35m[MSG][0m itr   460, best 5575.0562, time  489.5, minPhero 0.01(232), stagnancy 47.7%
[35m[MSG][0m itr   461, best 5575.0562, time  490.5, minPhero 0.01(232), stagnancy 48.0%
[35m[MSG][0m itr   462, best 5575.0562, time  491.5, minPhero 0.01(232), stagnancy 48.3%
[35m[MSG][0m itr   463, best 5575.0562, time  492.5, minPhero 0.01(232), stagnancy 48.7%
[35m[MSG][0m itr   464, best 5575.0562, time  493.6, minPhero 0.01(232), stagnancy 49.0%
[35m[MSG][0m itr   465, best 5575.0562, time  494.7, minPhero 0.01(232), stagnancy 49.3%
[35m[MSG][0m itr   466, best 5575.0562, time  495.7, minPhero 0.01(232), stagnancy 49.7%
[35m[MSG][0m itr   467, best 5575.0562, time  496.8, minPhero 0.01(232), stagnancy 50.0%
[35m[MSG][0m itr   468, best 5575.0562, time  497.8, minPhero 0.01(232), stagnancy 50.3%
[35m[MSG][0m itr   469, best 5575.0562, time  498.8, minPhero 0.01(232), stagnancy 50.7%
[35m[MSG][0m itr   470, best 5575.0562, time  499.8, minPhero 0.01(232), stagnancy 51.0%
[35m[MSG][0m itr   471, best 5575.0562, time  500.9, minPhero 0.01(232), stagnancy 51.3%
[35m[MSG][0m itr   472, best 5575.0562, time  501.9, minPhero 0.01(232), stagnancy 51.7%
[35m[MSG][0m itr   473, best 5575.0562, time  502.9, minPhero 0.01(232), stagnancy 52.0%
[35m[MSG][0m itr   474, best 5575.0562, time  503.9, minPhero 0.01(232), stagnancy 52.3%
[35m[MSG][0m itr   475, best 5575.0562, time  504.9, minPhero 0.01(232), stagnancy 52.7%
[35m[MSG][0m itr   476, best 5575.0562, time  506.0, minPhero 0.01(232), stagnancy 53.0%
[35m[MSG][0m itr   477, best 5575.0562, time  506.9, minPhero 0.01(232), stagnancy 53.3%
[35m[MSG][0m itr   478, best 5575.0562, time  507.9, minPhero 0.01(232), stagnancy 53.7%
[35m[MSG][0m itr   479, best 5575.0562, time  509.0, minPhero 0.01(232), stagnancy 54.0%
[35m[MSG][0m itr   480, best 5575.0562, time  510.1, minPhero 0.01(232), stagnancy 54.3%
[35m[MSG][0m itr   481, best 5575.0562, time  511.1, minPhero 0.01(232), stagnancy 54.7%
[35m[MSG][0m itr   482, best 5575.0562, time  512.1, minPhero 0.01(232), stagnancy 55.0%
[35m[MSG][0m itr   483, best 5575.0562, time  513.1, minPhero 0.01(232), stagnancy 55.3%
[35m[MSG][0m itr   484, best 5575.0562, time  514.1, minPhero 0.01(232), stagnancy 55.7%
[35m[MSG][0m itr   485, best 5575.0562, time  515.2, minPhero 0.01(232), stagnancy 56.0%
[35m[MSG][0m itr   486, best 5575.0562, time  516.2, minPhero 0.01(232), stagnancy 56.3%
[35m[MSG][0m itr   487, best 5575.0562, time  517.2, minPhero 0.01(232), stagnancy 56.7%
[35m[MSG][0m itr   488, best 5575.0562, time  518.2, minPhero 0.01(232), stagnancy 57.0%
[35m[MSG][0m itr   489, best 5575.0562, time  519.2, minPhero 0.01(232), stagnancy 57.3%
[35m[MSG][0m itr   490, best 5575.0562, time  520.4, minPhero 0.01(232), stagnancy 57.7%
[35m[MSG][0m itr   491, best 5575.0562, time  521.4, minPhero 0.01(232), stagnancy 58.0%
[35m[MSG][0m itr   492, best 5575.0562, time  522.5, minPhero 0.01(232), stagnancy 58.3%
[35m[MSG][0m itr   493, best 5575.0562, time  523.5, minPhero 0.01(232), stagnancy 58.7%
[35m[MSG][0m itr   494, best 5575.0562, time  524.5, minPhero 0.01(232), stagnancy 59.0%
[35m[MSG][0m itr   495, best 5575.0562, time  525.5, minPhero 0.01(232), stagnancy 59.3%
[35m[MSG][0m itr   496, best 5575.0562, time  526.5, minPhero 0.01(232), stagnancy 59.7%
[35m[MSG][0m itr   497, best 5575.0562, time  527.8, minPhero 0.01(232), stagnancy 60.0%
[35m[MSG][0m itr   498, best 5575.0562, time  529.1, minPhero 0.01(232), stagnancy 60.3%
[35m[MSG][0m itr   499, best 5575.0562, time  530.3, minPhero 0.01(232), stagnancy 60.7%
[35m[MSG][0m itr   500, best 5575.0562, time  531.6, minPhero 0.01(232), stagnancy 61.0%
[35m[MSG][0m itr   501, best 5575.0562, time  532.8, minPhero 0.01(232), stagnancy 61.3%
[35m[MSG][0m itr   502, best 5575.0562, time  534.1, minPhero 0.01(232), stagnancy 61.7%
[35m[MSG][0m itr   503, best 5575.0562, time  535.3, minPhero 0.01(232), stagnancy 62.0%
[35m[MSG][0m itr   504, best 5575.0562, time  536.6, minPhero 0.01(232), stagnancy 62.3%
[35m[MSG][0m itr   505, best 5575.0562, time  537.8, minPhero 0.01(232), stagnancy 62.7%
[35m[MSG][0m itr   506, best 5575.0562, time  539.3, minPhero 0.01(232), stagnancy 63.0%
[35m[MSG][0m itr   507, best 5575.0562, time  540.8, minPhero 0.01(232), stagnancy 63.3%
[35m[MSG][0m itr   508, best 5575.0562, time  542.3, minPhero 0.01(232), stagnancy 63.7%
[35m[MSG][0m itr   509, best 5575.0562, time  543.4, minPhero 0.01(232), stagnancy 64.0%
[35m[MSG][0m itr   510, best 5575.0562, time  544.5, minPhero 0.01(232), stagnancy 64.3%
[35m[MSG][0m itr   511, best 5575.0562, time  545.4, minPhero 0.01(232), stagnancy 64.7%
[35m[MSG][0m itr   512, best 5575.0562, time  546.6, minPhero 0.01(232), stagnancy 65.0%
[35m[MSG][0m itr   513, best 5575.0562, time  547.6, minPhero 0.01(232), stagnancy 65.3%
[35m[MSG][0m itr   514, best 5575.0562, time  548.5, minPhero 0.01(232), stagnancy 65.7%
[35m[MSG][0m itr   515, best 5575.0562, time  549.6, minPhero 0.01(232), stagnancy 66.0%
[35m[MSG][0m itr   516, best 5575.0562, time  550.6, minPhero 0.01(232), stagnancy 66.3%
[35m[MSG][0m itr   517, best 5575.0562, time  551.7, minPhero 0.01(232), stagnancy 66.7%
[35m[MSG][0m itr   518, best 5575.0562, time  552.6, minPhero 0.01(232), stagnancy 67.0%
[35m[MSG][0m itr   519, best 5575.0562, time  553.7, minPhero 0.01(232), stagnancy 67.3%
[35m[MSG][0m itr   520, best 5575.0562, time  554.7, minPhero 0.01(232), stagnancy 67.7%
[35m[MSG][0m itr   521, best 5575.0562, time  555.8, minPhero 0.01(232), stagnancy 68.0%
[35m[MSG][0m itr   522, best 5575.0562, time  556.8, minPhero 0.01(232), stagnancy 68.3%
[35m[MSG][0m itr   523, best 5575.0562, time  557.8, minPhero 0.01(232), stagnancy 68.7%
[35m[MSG][0m itr   524, best 5575.0562, time  558.8, minPhero 0.01(232), stagnancy 69.0%
[35m[MSG][0m itr   525, best 5575.0562, time  559.9, minPhero 0.01(232), stagnancy 69.3%
[35m[MSG][0m itr   526, best 5575.0562, time  560.9, minPhero 0.01(232), stagnancy 69.7%
[35m[MSG][0m itr   527, best 5575.0562, time  562.1, minPhero 0.01(232), stagnancy 70.0%
[35m[MSG][0m itr   528, best 5575.0562, time  563.2, minPhero 0.01(232), stagnancy 70.3%
[35m[MSG][0m itr   529, best 5575.0562, time  564.1, minPhero 0.01(232), stagnancy 70.7%
[35m[MSG][0m itr   530, best 5575.0562, time  565.2, minPhero 0.01(232), stagnancy 71.0%
[35m[MSG][0m itr   531, best 5575.0562, time  566.3, minPhero 0.01(232), stagnancy 71.3%
[35m[MSG][0m itr   532, best 5575.0562, time  567.3, minPhero 0.01(232), stagnancy 71.7%
[35m[MSG][0m itr   533, best 5575.0562, time  568.3, minPhero 0.01(232), stagnancy 72.0%
[35m[MSG][0m itr   534, best 5575.0562, time  569.3, minPhero 0.01(232), stagnancy 72.3%
[35m[MSG][0m itr   535, best 5575.0562, time  570.4, minPhero 0.01(232), stagnancy 72.7%
[35m[MSG][0m itr   536, best 5575.0562, time  571.4, minPhero 0.01(232), stagnancy 73.0%
[35m[MSG][0m itr   537, best 5575.0562, time  572.5, minPhero 0.01(232), stagnancy 73.3%
[35m[MSG][0m itr   538, best 5575.0562, time  573.5, minPhero 0.01(232), stagnancy 73.7%
[35m[MSG][0m itr   539, best 5575.0562, time  574.5, minPhero 0.01(232), stagnancy 74.0%
[35m[MSG][0m itr   540, best 5575.0562, time  575.5, minPhero 0.01(232), stagnancy 74.3%
[35m[MSG][0m itr   541, best 5575.0562, time  576.6, minPhero 0.01(232), stagnancy 74.7%
[35m[MSG][0m itr   542, best 5575.0562, time  577.6, minPhero 0.01(232), stagnancy 75.0%
[35m[MSG][0m itr   543, best 5575.0562, time  578.6, minPhero 0.01(232), stagnancy 75.3%
[35m[MSG][0m itr   544, best 5575.0562, time  579.7, minPhero 0.01(232), stagnancy 75.7%
[35m[MSG][0m itr   545, best 5575.0562, time  580.7, minPhero 0.01(232), stagnancy 76.0%
[35m[MSG][0m itr   546, best 5575.0562, time  581.7, minPhero 0.01(232), stagnancy 76.3%
[35m[MSG][0m itr   547, best 5575.0562, time  582.7, minPhero 0.01(232), stagnancy 76.7%
[35m[MSG][0m itr   548, best 5575.0562, time  583.8, minPhero 0.01(232), stagnancy 77.0%
[35m[MSG][0m itr   549, best 5575.0562, time  584.9, minPhero 0.01(232), stagnancy 77.3%
[35m[MSG][0m itr   550, best 5575.0562, time  585.9, minPhero 0.01(232), stagnancy 77.7%
[35m[MSG][0m itr   551, best 5575.0562, time  586.9, minPhero 0.01(232), stagnancy 78.0%
[35m[MSG][0m itr   552, best 5575.0562, time  587.9, minPhero 0.01(232), stagnancy 78.3%
[35m[MSG][0m itr   553, best 5575.0562, time  588.9, minPhero 0.01(232), stagnancy 78.7%
[35m[MSG][0m itr   554, best 5575.0562, time  590.0, minPhero 0.01(232), stagnancy 79.0%
[35m[MSG][0m itr   555, best 5575.0562, time  591.2, minPhero 0.01(232), stagnancy 79.3%
[35m[MSG][0m itr   556, best 5575.0562, time  592.5, minPhero 0.01(232), stagnancy 79.7%
[35m[MSG][0m itr   557, best 5575.0562, time  593.8, minPhero 0.01(232), stagnancy 80.0%
[35m[MSG][0m itr   558, best 5575.0562, time  594.9, minPhero 0.01(232), stagnancy 80.3%
[35m[MSG][0m itr   559, best 5575.0562, time  595.9, minPhero 0.01(232), stagnancy 80.7%
[35m[MSG][0m itr   560, best 5575.0562, time  597.0, minPhero 0.01(232), stagnancy 81.0%
[35m[MSG][0m itr   561, best 5575.0562, time  598.0, minPhero 0.01(232), stagnancy 81.3%
[35m[MSG][0m itr   562, best 5575.0562, time  599.1, minPhero 0.01(232), stagnancy 81.7%
[35m[MSG][0m itr   563, best 5575.0562, time  600.1, minPhero 0.01(232), stagnancy 82.0%
[35m[MSG][0m itr   564, best 5575.0562, time  601.3, minPhero 0.01(232), stagnancy 82.3%
[35m[MSG][0m itr   565, best 5575.0562, time  602.4, minPhero 0.01(232), stagnancy 82.7%
[35m[MSG][0m itr   566, best 5575.0562, time  603.5, minPhero 0.01(232), stagnancy 83.0%
[35m[MSG][0m itr   567, best 5575.0562, time  604.5, minPhero 0.01(232), stagnancy 83.3%
[35m[MSG][0m itr   568, best 5575.0562, time  605.6, minPhero 0.01(232), stagnancy 83.7%
[35m[MSG][0m itr   569, best 5575.0562, time  606.7, minPhero 0.01(232), stagnancy 84.0%
[35m[MSG][0m itr   570, best 5575.0562, time  607.7, minPhero 0.01(232), stagnancy 84.3%
[35m[MSG][0m itr   571, best 5575.0562, time  608.8, minPhero 0.01(232), stagnancy 84.7%
[35m[MSG][0m itr   572, best 5575.0562, time  609.9, minPhero 0.01(232), stagnancy 85.0%
[35m[MSG][0m itr   573, best 5575.0562, time  610.9, minPhero 0.01(232), stagnancy 85.3%
[35m[MSG][0m itr   574, best 5575.0562, time  612.0, minPhero 0.01(232), stagnancy 85.7%
[35m[MSG][0m itr   575, best 5575.0562, time  613.1, minPhero 0.01(232), stagnancy 86.0%
[35m[MSG][0m itr   576, best 5575.0562, time  614.2, minPhero 0.01(232), stagnancy 86.3%
[35m[MSG][0m itr   577, best 5575.0562, time  615.2, minPhero 0.01(232), stagnancy 86.7%
[35m[MSG][0m itr   578, best 5575.0562, time  616.4, minPhero 0.01(232), stagnancy 87.0%
[35m[MSG][0m itr   579, best 5575.0562, time  617.4, minPhero 0.01(232), stagnancy 87.3%
[35m[MSG][0m itr   580, best 5575.0562, time  618.5, minPhero 0.01(232), stagnancy 87.7%
[35m[MSG][0m itr   581, best 5575.0562, time  619.5, minPhero 0.01(232), stagnancy 88.0%
[35m[MSG][0m itr   582, best 5575.0562, time  620.5, minPhero 0.01(232), stagnancy 88.3%
[35m[MSG][0m itr   583, best 5575.0562, time  621.6, minPhero 0.01(232), stagnancy 88.7%
[35m[MSG][0m itr   584, best 5575.0562, time  622.7, minPhero 0.01(232), stagnancy 89.0%
[35m[MSG][0m itr   585, best 5575.0562, time  623.8, minPhero 0.01(232), stagnancy 89.3%
[35m[MSG][0m itr   586, best 5575.0562, time  624.8, minPhero 0.01(232), stagnancy 89.7%
[35m[MSG][0m itr   587, best 5575.0562, time  626.0, minPhero 0.01(232), stagnancy 90.0%
[35m[MSG][0m itr   588, best 5575.0562, time  627.3, minPhero 0.01(232), stagnancy 90.3%
[35m[MSG][0m itr   589, best 5575.0562, time  628.4, minPhero 0.01(232), stagnancy 90.7%
[35m[MSG][0m itr   590, best 5575.0562, time  629.4, minPhero 0.01(232), stagnancy 91.0%
[35m[MSG][0m itr   591, best 5575.0562, time  630.5, minPhero 0.01(232), stagnancy 91.3%
[35m[MSG][0m itr   592, best 5575.0562, time  631.7, minPhero 0.01(232), stagnancy 91.7%
[35m[MSG][0m itr   593, best 5575.0562, time  632.7, minPhero 0.01(232), stagnancy 92.0%
[35m[MSG][0m itr   594, best 5575.0562, time  633.6, minPhero 0.01(232), stagnancy 92.3%
[35m[MSG][0m itr   595, best 5575.0562, time  634.6, minPhero 0.01(232), stagnancy 92.7%
[35m[MSG][0m itr   596, best 5575.0562, time  635.6, minPhero 0.01(232), stagnancy 93.0%
[35m[MSG][0m itr   597, best 5575.0562, time  636.6, minPhero 0.01(232), stagnancy 93.3%
[35m[MSG][0m itr   598, best 5575.0562, time  637.6, minPhero 0.01(232), stagnancy 93.7%
[35m[MSG][0m itr   599, best 5575.0562, time  638.6, minPhero 0.01(232), stagnancy 94.0%
[35m[MSG][0m itr   600, best 5575.0562, time  639.8, minPhero 0.01(232), stagnancy 94.3%
[35m[MSG][0m itr   601, best 5575.0562, time  640.9, minPhero 0.01(232), stagnancy 94.7%
[35m[MSG][0m itr   602, best 5575.0562, time  641.9, minPhero 0.01(232), stagnancy 95.0%
[35m[MSG][0m itr   603, best 5575.0562, time  643.1, minPhero 0.01(232), stagnancy 95.3%
[35m[MSG][0m itr   604, best 5575.0562, time  644.3, minPhero 0.01(232), stagnancy 95.7%
[35m[MSG][0m itr   605, best 5575.0562, time  645.4, minPhero 0.01(232), stagnancy 96.0%
[35m[MSG][0m itr   606, best 5575.0562, time  646.4, minPhero 0.01(232), stagnancy 96.3%
[35m[MSG][0m itr   607, best 5575.0562, time  647.4, minPhero 0.01(232), stagnancy 96.7%
[35m[MSG][0m itr   608, best 5575.0562, time  648.4, minPhero 0.01(232), stagnancy 97.0%
[35m[MSG][0m itr   609, best 5575.0562, time  649.5, minPhero 0.01(232), stagnancy 97.3%
[35m[MSG][0m itr   610, best 5575.0562, time  650.5, minPhero 0.01(232), stagnancy 97.7%
[35m[MSG][0m itr   611, best 5575.0562, time  651.6, minPhero 0.01(232), stagnancy 98.0%
[35m[MSG][0m itr   612, best 5575.0562, time  652.6, minPhero 0.01(232), stagnancy 98.3%
[35m[MSG][0m itr   613, best 5575.0562, time  653.6, minPhero 0.01(232), stagnancy 98.7%
[35m[MSG][0m itr   614, best 5575.0562, time  654.8, minPhero 0.01(232), stagnancy 99.0%
[35m[MSG][0m itr   615, best 5575.0562, time  655.8, minPhero 0.01(232), stagnancy 99.3%
[35m[MSG][0m itr   616, best 5575.0562, time  656.9, minPhero 0.01(232), stagnancy 99.7%
[35m[MSG][0m itr   617, best 5575.0562, time  658.1, minPhero 0.01(232), stagnancy 100.0%
[35m[MSG][0m Solution converged. Reinitialising pheromones...
[35m[MSG][0m Time: 658.06 s
[35m[MSG][0m Best cost: 5575.06
