[35m[MSG][0m Log level set to LOG_DEBUG
[35m[MSG][0m Parsing input from file "res/fruitybun250_2016.vrp"
[35m[MSG][0m Number of nodes: 250
[35m[MSG][0m Running ACO search
[35m[MSG][0m ACO settings: 
 alpha:     8.000
 beta:      1.000
 pers:      0.850
 minPhero:  0.015
 nbhood:    10
 popSize:   512
 maxStag:   300
[35m[MSG][0m itr     1, best 5768.2808, time    1.1, minPhero 0.85(28922), stagnancy 0.0%
[35m[MSG][0m itr     2, best 5761.9170, time    2.2, minPhero 0.72(28922), stagnancy 0.0%
[35m[MSG][0m itr     3, best 5731.9414, time    3.4, minPhero 0.61(28922), stagnancy 0.0%
[35m[MSG][0m itr     4, best 5731.9414, time    4.6, minPhero 0.52(28922), stagnancy 0.3%
[35m[MSG][0m itr     5, best 5725.2646, time    5.7, minPhero 0.44(28922), stagnancy 0.0%
[35m[MSG][0m itr     6, best 5725.2646, time    6.8, minPhero 0.38(28922), stagnancy 0.3%
[35m[MSG][0m itr     7, best 5687.8135, time    8.0, minPhero 0.32(28922), stagnancy 0.0%
[35m[MSG][0m itr     8, best 5687.8135, time    9.2, minPhero 0.27(28922), stagnancy 0.3%
[35m[MSG][0m itr     9, best 5687.8135, time   10.4, minPhero 0.23(28922), stagnancy 0.7%
[35m[MSG][0m itr    10, best 5687.8135, time   11.6, minPhero 0.20(28922), stagnancy 1.0%
[35m[MSG][0m itr    11, best 5687.8135, time   12.8, minPhero 0.17(28922), stagnancy 1.3%
[35m[MSG][0m itr    12, best 5656.3081, time   14.0, minPhero 0.14(28922), stagnancy 0.0%
[35m[MSG][0m itr    13, best 5656.3081, time   15.2, minPhero 0.12(28922), stagnancy 0.3%
[35m[MSG][0m itr    14, best 5656.3081, time   16.5, minPhero 0.10(28922), stagnancy 0.7%
[35m[MSG][0m itr    15, best 5656.3081, time   17.7, minPhero 0.09(28922), stagnancy 1.0%
[35m[MSG][0m itr    16, best 5656.3081, time   18.9, minPhero 0.07(28922), stagnancy 1.3%
[35m[MSG][0m itr    17, best 5653.4766, time   20.1, minPhero 0.06(28922), stagnancy 0.0%
[35m[MSG][0m itr    18, best 5653.4766, time   21.3, minPhero 0.05(28922), stagnancy 0.3%
[35m[MSG][0m itr    19, best 5645.6846, time   22.5, minPhero 0.05(28922), stagnancy 0.0%
[35m[MSG][0m itr    20, best 5627.2002, time   23.7, minPhero 0.04(28922), stagnancy 0.0%
[35m[MSG][0m itr    21, best 5627.2002, time   25.0, minPhero 0.03(28922), stagnancy 0.3%
[35m[MSG][0m itr    22, best 5627.2002, time   26.2, minPhero 0.03(28922), stagnancy 0.7%
[35m[MSG][0m itr    23, best 5627.2002, time   27.4, minPhero 0.02(575), stagnancy 1.0%
[35m[MSG][0m itr    24, best 5627.2002, time   28.6, minPhero 0.02(490), stagnancy 1.3%
[35m[MSG][0m itr    25, best 5627.2002, time   29.9, minPhero 0.02(485), stagnancy 1.7%
[35m[MSG][0m itr    26, best 5617.7676, time   31.1, minPhero 0.01(442), stagnancy 0.0%
[35m[MSG][0m itr    27, best 5617.7676, time   32.3, minPhero 0.01(399), stagnancy 0.3%
[35m[MSG][0m itr    28, best 5617.7676, time   33.5, minPhero 0.01(391), stagnancy 0.7%
[35m[MSG][0m itr    29, best 5617.3477, time   34.8, minPhero 0.01(392), stagnancy 0.0%
[35m[MSG][0m itr    30, best 5617.0293, time   36.0, minPhero 0.01(392), stagnancy 0.0%
[35m[MSG][0m itr    31, best 5617.0293, time   37.2, minPhero 0.01(392), stagnancy 0.3%
[35m[MSG][0m itr    32, best 5616.0967, time   38.4, minPhero 0.01(346), stagnancy 0.0%
[35m[MSG][0m itr    33, best 5615.9438, time   39.6, minPhero 0.01(325), stagnancy 0.0%
[35m[MSG][0m itr    34, best 5615.9292, time   40.8, minPhero 0.01(309), stagnancy 0.0%
[35m[MSG][0m itr    35, best 5615.7031, time   42.0, minPhero 0.01(310), stagnancy 0.0%
[35m[MSG][0m itr    36, best 5615.6611, time   43.2, minPhero 0.01(293), stagnancy 0.0%
[35m[MSG][0m itr    37, best 5605.3433, time   44.5, minPhero 0.01(291), stagnancy 0.0%
[35m[MSG][0m itr    38, best 5605.3433, time   45.6, minPhero 0.01(289), stagnancy 0.3%
[35m[MSG][0m itr    39, best 5602.8911, time   46.7, minPhero 0.01(289), stagnancy 0.0%
[35m[MSG][0m itr    40, best 5601.3296, time   47.9, minPhero 0.01(289), stagnancy 0.0%
[35m[MSG][0m itr    41, best 5601.3296, time   49.1, minPhero 0.01(283), stagnancy 0.3%
[35m[MSG][0m itr    42, best 5601.3232, time   50.4, minPhero 0.01(280), stagnancy 0.0%
[35m[MSG][0m itr    43, best 5598.1094, time   51.6, minPhero 0.01(285), stagnancy 0.0%
[35m[MSG][0m itr    44, best 5598.1094, time   52.8, minPhero 0.01(285), stagnancy 0.3%
[35m[MSG][0m itr    45, best 5598.1094, time   54.0, minPhero 0.01(281), stagnancy 0.7%
[35m[MSG][0m itr    46, best 5598.1094, time   55.3, minPhero 0.01(278), stagnancy 1.0%
[35m[MSG][0m itr    47, best 5598.1094, time   56.5, minPhero 0.01(276), stagnancy 1.3%
[35m[MSG][0m itr    48, best 5597.3545, time   57.7, minPhero 0.01(281), stagnancy 0.0%
[35m[MSG][0m itr    49, best 5597.2461, time   58.9, minPhero 0.01(281), stagnancy 0.0%
[35m[MSG][0m itr    50, best 5597.1348, time   60.1, minPhero 0.01(280), stagnancy 0.0%
[35m[MSG][0m itr    51, best 5596.0098, time   61.3, minPhero 0.01(283), stagnancy 0.0%
[35m[MSG][0m itr    52, best 5596.0098, time   62.5, minPhero 0.01(283), stagnancy 0.3%
[35m[MSG][0m itr    53, best 5594.9761, time   63.7, minPhero 0.01(282), stagnancy 0.0%
[35m[MSG][0m itr    54, best 5594.9761, time   64.9, minPhero 0.01(275), stagnancy 0.3%
[35m[MSG][0m itr    55, best 5594.9761, time   66.1, minPhero 0.01(275), stagnancy 0.7%
[35m[MSG][0m itr    56, best 5592.4116, time   67.3, minPhero 0.01(278), stagnancy 0.0%
[35m[MSG][0m itr    57, best 5592.4077, time   68.6, minPhero 0.01(275), stagnancy 0.0%
[35m[MSG][0m itr    58, best 5592.2964, time   69.7, minPhero 0.01(273), stagnancy 0.0%
[35m[MSG][0m itr    59, best 5592.2964, time   70.9, minPhero 0.01(263), stagnancy 0.3%
[35m[MSG][0m itr    60, best 5592.2964, time   72.1, minPhero 0.01(256), stagnancy 0.7%
[35m[MSG][0m itr    61, best 5592.1274, time   73.3, minPhero 0.01(257), stagnancy 0.0%
[35m[MSG][0m itr    62, best 5592.1274, time   74.6, minPhero 0.01(257), stagnancy 0.3%
[35m[MSG][0m itr    63, best 5592.1270, time   75.7, minPhero 0.01(256), stagnancy 0.0%
[35m[MSG][0m itr    64, best 5591.1279, time   76.9, minPhero 0.01(259), stagnancy 0.0%
[35m[MSG][0m itr    65, best 5591.1279, time   78.1, minPhero 0.01(254), stagnancy 0.3%
[35m[MSG][0m itr    66, best 5590.1865, time   79.3, minPhero 0.01(259), stagnancy 0.0%
[35m[MSG][0m itr    67, best 5590.1865, time   80.6, minPhero 0.01(257), stagnancy 0.3%
[35m[MSG][0m itr    68, best 5590.1865, time   81.8, minPhero 0.01(257), stagnancy 0.7%
[35m[MSG][0m itr    69, best 5590.1865, time   83.0, minPhero 0.01(257), stagnancy 1.0%
[35m[MSG][0m itr    70, best 5590.1865, time   84.1, minPhero 0.01(256), stagnancy 1.3%
[35m[MSG][0m itr    71, best 5590.1855, time   85.4, minPhero 0.01(256), stagnancy 0.0%
[35m[MSG][0m itr    72, best 5590.1855, time   86.5, minPhero 0.01(256), stagnancy 0.3%
[35m[MSG][0m itr    73, best 5590.1855, time   87.8, minPhero 0.01(252), stagnancy 0.7%
[35m[MSG][0m itr    74, best 5590.1855, time   89.0, minPhero 0.01(249), stagnancy 1.0%
[35m[MSG][0m itr    75, best 5590.1855, time   90.2, minPhero 0.01(249), stagnancy 1.3%
[35m[MSG][0m itr    76, best 5590.1855, time   91.4, minPhero 0.01(249), stagnancy 1.7%
[35m[MSG][0m itr    77, best 5590.0352, time   92.5, minPhero 0.01(250), stagnancy 0.0%
[35m[MSG][0m itr    78, best 5588.7100, time   93.8, minPhero 0.01(251), stagnancy 0.0%
[35m[MSG][0m itr    79, best 5588.7100, time   95.0, minPhero 0.01(251), stagnancy 0.3%
[35m[MSG][0m itr    80, best 5587.5869, time   96.2, minPhero 0.01(260), stagnancy 0.0%
[35m[MSG][0m itr    81, best 5587.1641, time   97.4, minPhero 0.01(260), stagnancy 0.0%
[35m[MSG][0m itr    82, best 5587.1636, time   98.6, minPhero 0.01(257), stagnancy 0.0%
[35m[MSG][0m itr    83, best 5587.1636, time   99.8, minPhero 0.01(256), stagnancy 0.3%
[35m[MSG][0m itr    84, best 5587.0132, time  101.0, minPhero 0.01(256), stagnancy 0.0%
[35m[MSG][0m itr    85, best 5587.0132, time  102.2, minPhero 0.01(253), stagnancy 0.3%
[35m[MSG][0m itr    86, best 5587.0132, time  103.4, minPhero 0.01(252), stagnancy 0.7%
[35m[MSG][0m itr    87, best 5587.0132, time  104.7, minPhero 0.01(252), stagnancy 1.0%
[35m[MSG][0m itr    88, best 5587.0127, time  105.9, minPhero 0.01(247), stagnancy 0.0%
[35m[MSG][0m itr    89, best 5587.0127, time  107.1, minPhero 0.01(247), stagnancy 0.3%
[35m[MSG][0m itr    90, best 5587.0107, time  108.3, minPhero 0.01(248), stagnancy 0.0%
[35m[MSG][0m itr    91, best 5586.5645, time  109.5, minPhero 0.01(250), stagnancy 0.0%
[35m[MSG][0m itr    92, best 5586.4131, time  110.7, minPhero 0.01(245), stagnancy 0.0%
[35m[MSG][0m itr    93, best 5586.4131, time  111.9, minPhero 0.01(245), stagnancy 0.3%
[35m[MSG][0m itr    94, best 5586.4111, time  113.1, minPhero 0.01(245), stagnancy 0.0%
[35m[MSG][0m itr    95, best 5586.4106, time  114.3, minPhero 0.01(242), stagnancy 0.0%
[35m[MSG][0m itr    96, best 5586.4106, time  115.6, minPhero 0.01(242), stagnancy 0.3%
[35m[MSG][0m itr    97, best 5586.4106, time  116.8, minPhero 0.01(242), stagnancy 0.7%
[35m[MSG][0m itr    98, best 5586.4106, time  118.0, minPhero 0.01(242), stagnancy 1.0%
[35m[MSG][0m itr    99, best 5586.4106, time  119.2, minPhero 0.01(240), stagnancy 1.3%
[35m[MSG][0m itr   100, best 5586.4106, time  120.4, minPhero 0.01(238), stagnancy 1.7%
[35m[MSG][0m itr   101, best 5586.4106, time  121.6, minPhero 0.01(238), stagnancy 2.0%
[35m[MSG][0m itr   102, best 5585.3867, time  122.8, minPhero 0.01(242), stagnancy 0.0%
[35m[MSG][0m itr   103, best 5585.3862, time  124.0, minPhero 0.01(242), stagnancy 0.0%
[35m[MSG][0m itr   104, best 5585.3862, time  125.2, minPhero 0.01(242), stagnancy 0.3%
[35m[MSG][0m itr   105, best 5585.0933, time  126.5, minPhero 0.01(245), stagnancy 0.0%
[35m[MSG][0m itr   106, best 5584.7988, time  127.7, minPhero 0.01(245), stagnancy 0.0%
[35m[MSG][0m itr   107, best 5583.9180, time  128.9, minPhero 0.01(262), stagnancy 0.0%
[35m[MSG][0m itr   108, best 5583.9180, time  130.1, minPhero 0.01(262), stagnancy 0.3%
[35m[MSG][0m itr   109, best 5583.1880, time  131.3, minPhero 0.01(265), stagnancy 0.0%
[35m[MSG][0m itr   110, best 5582.6509, time  132.5, minPhero 0.01(268), stagnancy 0.0%
[35m[MSG][0m itr   111, best 5582.6509, time  133.7, minPhero 0.01(268), stagnancy 0.3%
[35m[MSG][0m itr   112, best 5581.3149, time  134.9, minPhero 0.01(269), stagnancy 0.0%
[35m[MSG][0m itr   113, best 5581.3149, time  136.1, minPhero 0.01(267), stagnancy 0.3%
[35m[MSG][0m itr   114, best 5580.9985, time  137.4, minPhero 0.01(269), stagnancy 0.0%
[35m[MSG][0m itr   115, best 5580.7070, time  138.6, minPhero 0.01(269), stagnancy 0.0%
[35m[MSG][0m itr   116, best 5580.6230, time  139.8, minPhero 0.01(269), stagnancy 0.0%
[35m[MSG][0m itr   117, best 5580.6230, time  140.9, minPhero 0.01(269), stagnancy 0.3%
[35m[MSG][0m itr   118, best 5580.6201, time  142.0, minPhero 0.01(269), stagnancy 0.0%
[35m[MSG][0m itr   119, best 5580.6201, time  143.2, minPhero 0.01(269), stagnancy 0.3%
[35m[MSG][0m itr   120, best 5580.6201, time  144.5, minPhero 0.01(269), stagnancy 0.7%
[35m[MSG][0m itr   121, best 5580.6201, time  145.7, minPhero 0.01(267), stagnancy 1.0%
[35m[MSG][0m itr   122, best 5580.6201, time  146.9, minPhero 0.01(267), stagnancy 1.3%
[35m[MSG][0m itr   123, best 5580.6201, time  148.1, minPhero 0.01(267), stagnancy 1.7%
[35m[MSG][0m itr   124, best 5580.6201, time  149.3, minPhero 0.01(262), stagnancy 2.0%
[35m[MSG][0m itr   125, best 5580.6201, time  150.5, minPhero 0.01(262), stagnancy 2.3%
[35m[MSG][0m itr   126, best 5580.6201, time  151.8, minPhero 0.01(260), stagnancy 2.7%
[35m[MSG][0m itr   127, best 5580.2666, time  153.0, minPhero 0.01(263), stagnancy 0.0%
[35m[MSG][0m itr   128, best 5580.2666, time  154.2, minPhero 0.01(263), stagnancy 0.3%
[35m[MSG][0m itr   129, best 5580.2666, time  155.4, minPhero 0.01(252), stagnancy 0.7%
[35m[MSG][0m itr   130, best 5580.2666, time  156.6, minPhero 0.01(252), stagnancy 1.0%
[35m[MSG][0m itr   131, best 5580.2661, time  157.8, minPhero 0.01(247), stagnancy 0.0%
[35m[MSG][0m itr   132, best 5580.2661, time  159.0, minPhero 0.01(246), stagnancy 0.3%
[35m[MSG][0m itr   133, best 5580.2661, time  160.2, minPhero 0.01(244), stagnancy 0.7%
[35m[MSG][0m itr   134, best 5580.2661, time  161.4, minPhero 0.01(239), stagnancy 1.0%
[35m[MSG][0m itr   135, best 5580.2661, time  162.6, minPhero 0.01(237), stagnancy 1.3%
[35m[MSG][0m itr   136, best 5580.2661, time  163.8, minPhero 0.01(237), stagnancy 1.7%
[35m[MSG][0m itr   137, best 5580.2661, time  165.0, minPhero 0.01(237), stagnancy 2.0%
[35m[MSG][0m itr   138, best 5580.2661, time  166.2, minPhero 0.01(237), stagnancy 2.3%
[35m[MSG][0m itr   139, best 5580.2661, time  167.4, minPhero 0.01(237), stagnancy 2.7%
[35m[MSG][0m itr   140, best 5580.2661, time  168.6, minPhero 0.01(237), stagnancy 3.0%
[35m[MSG][0m itr   141, best 5580.2661, time  169.8, minPhero 0.01(237), stagnancy 3.3%
[35m[MSG][0m itr   142, best 5579.0977, time  171.0, minPhero 0.01(243), stagnancy 0.0%
[35m[MSG][0m itr   143, best 5579.0972, time  172.2, minPhero 0.01(243), stagnancy 0.0%
[35m[MSG][0m itr   144, best 5579.0972, time  173.4, minPhero 0.01(243), stagnancy 0.3%
[35m[MSG][0m itr   145, best 5579.0972, time  174.6, minPhero 0.01(243), stagnancy 0.7%
[35m[MSG][0m itr   146, best 5579.0972, time  175.9, minPhero 0.01(243), stagnancy 1.0%
[35m[MSG][0m itr   147, best 5579.0972, time  177.1, minPhero 0.01(243), stagnancy 1.3%
[35m[MSG][0m itr   148, best 5579.0972, time  178.3, minPhero 0.01(243), stagnancy 1.7%
[35m[MSG][0m itr   149, best 5579.0972, time  179.5, minPhero 0.01(238), stagnancy 2.0%
[35m[MSG][0m itr   150, best 5579.0972, time  180.7, minPhero 0.01(238), stagnancy 2.3%
[35m[MSG][0m itr   151, best 5579.0972, time  181.9, minPhero 0.01(238), stagnancy 2.7%
[35m[MSG][0m itr   152, best 5579.0972, time  183.1, minPhero 0.01(238), stagnancy 3.0%
[35m[MSG][0m itr   153, best 5579.0972, time  184.3, minPhero 0.01(238), stagnancy 3.3%
[35m[MSG][0m itr   154, best 5579.0972, time  185.5, minPhero 0.01(238), stagnancy 3.7%
[35m[MSG][0m itr   155, best 5579.0972, time  186.7, minPhero 0.01(238), stagnancy 4.0%
[35m[MSG][0m itr   156, best 5579.0972, time  187.8, minPhero 0.01(238), stagnancy 4.3%
[35m[MSG][0m itr   157, best 5579.0972, time  189.0, minPhero 0.01(238), stagnancy 4.7%
[35m[MSG][0m itr   158, best 5579.0972, time  190.3, minPhero 0.01(238), stagnancy 5.0%
[35m[MSG][0m itr   159, best 5579.0972, time  191.5, minPhero 0.01(238), stagnancy 5.3%
[35m[MSG][0m itr   160, best 5579.0972, time  192.6, minPhero 0.01(238), stagnancy 5.7%
[35m[MSG][0m itr   161, best 5579.0972, time  193.8, minPhero 0.01(238), stagnancy 6.0%
[35m[MSG][0m itr   162, best 5579.0972, time  195.0, minPhero 0.01(238), stagnancy 6.3%
[35m[MSG][0m itr   163, best 5579.0972, time  196.2, minPhero 0.01(238), stagnancy 6.7%
[35m[MSG][0m itr   164, best 5579.0972, time  197.4, minPhero 0.01(232), stagnancy 7.0%
[35m[MSG][0m itr   165, best 5579.0972, time  198.6, minPhero 0.01(232), stagnancy 7.3%
[35m[MSG][0m itr   166, best 5579.0972, time  199.8, minPhero 0.01(232), stagnancy 7.7%
[35m[MSG][0m itr   167, best 5579.0972, time  201.1, minPhero 0.01(232), stagnancy 8.0%
[35m[MSG][0m itr   168, best 5579.0972, time  202.3, minPhero 0.01(232), stagnancy 8.3%
[35m[MSG][0m itr   169, best 5579.0972, time  203.4, minPhero 0.01(232), stagnancy 8.7%
[35m[MSG][0m itr   170, best 5579.0972, time  204.7, minPhero 0.01(232), stagnancy 9.0%
[35m[MSG][0m itr   171, best 5579.0972, time  205.9, minPhero 0.01(232), stagnancy 9.3%
[35m[MSG][0m itr   172, best 5579.0972, time  207.1, minPhero 0.01(232), stagnancy 9.7%
[35m[MSG][0m itr   173, best 5579.0972, time  208.3, minPhero 0.01(232), stagnancy 10.0%
[35m[MSG][0m itr   174, best 5579.0972, time  209.5, minPhero 0.01(232), stagnancy 10.3%
[35m[MSG][0m itr   175, best 5579.0972, time  210.6, minPhero 0.01(232), stagnancy 10.7%
[35m[MSG][0m itr   176, best 5579.0972, time  211.8, minPhero 0.01(232), stagnancy 11.0%
[35m[MSG][0m itr   177, best 5579.0972, time  213.0, minPhero 0.01(232), stagnancy 11.3%
[35m[MSG][0m itr   178, best 5579.0972, time  214.2, minPhero 0.01(232), stagnancy 11.7%
[35m[MSG][0m itr   179, best 5579.0972, time  215.4, minPhero 0.01(232), stagnancy 12.0%
[35m[MSG][0m itr   180, best 5579.0972, time  216.6, minPhero 0.01(232), stagnancy 12.3%
[35m[MSG][0m itr   181, best 5579.0972, time  217.8, minPhero 0.01(232), stagnancy 12.7%
[35m[MSG][0m itr   182, best 5579.0972, time  219.0, minPhero 0.01(232), stagnancy 13.0%
[35m[MSG][0m itr   183, best 5579.0972, time  220.2, minPhero 0.01(232), stagnancy 13.3%
[35m[MSG][0m itr   184, best 5579.0972, time  221.4, minPhero 0.01(232), stagnancy 13.7%
[35m[MSG][0m itr   185, best 5579.0972, time  222.6, minPhero 0.01(232), stagnancy 14.0%
[35m[MSG][0m itr   186, best 5579.0972, time  223.7, minPhero 0.01(232), stagnancy 14.3%
[35m[MSG][0m itr   187, best 5579.0972, time  225.1, minPhero 0.01(232), stagnancy 14.7%
[35m[MSG][0m itr   188, best 5579.0972, time  226.3, minPhero 0.01(232), stagnancy 15.0%
[35m[MSG][0m itr   189, best 5579.0972, time  227.6, minPhero 0.01(232), stagnancy 15.3%
[35m[MSG][0m itr   190, best 5579.0972, time  228.8, minPhero 0.01(232), stagnancy 15.7%
[35m[MSG][0m itr   191, best 5579.0972, time  229.9, minPhero 0.01(232), stagnancy 16.0%
[35m[MSG][0m itr   192, best 5579.0972, time  231.0, minPhero 0.01(232), stagnancy 16.3%
[35m[MSG][0m itr   193, best 5579.0972, time  232.2, minPhero 0.01(232), stagnancy 16.7%
[35m[MSG][0m itr   194, best 5579.0972, time  233.4, minPhero 0.01(232), stagnancy 17.0%
[35m[MSG][0m itr   195, best 5579.0972, time  234.6, minPhero 0.01(232), stagnancy 17.3%
[35m[MSG][0m itr   196, best 5579.0972, time  235.8, minPhero 0.01(232), stagnancy 17.7%
[35m[MSG][0m itr   197, best 5579.0972, time  237.0, minPhero 0.01(232), stagnancy 18.0%
[35m[MSG][0m itr   198, best 5579.0972, time  238.3, minPhero 0.01(232), stagnancy 18.3%
[35m[MSG][0m itr   199, best 5579.0972, time  239.6, minPhero 0.01(232), stagnancy 18.7%
[35m[MSG][0m itr   200, best 5579.0972, time  240.8, minPhero 0.01(232), stagnancy 19.0%
[35m[MSG][0m itr   201, best 5579.0972, time  242.2, minPhero 0.01(232), stagnancy 19.3%
[35m[MSG][0m itr   202, best 5579.0972, time  243.7, minPhero 0.01(232), stagnancy 19.7%
[35m[MSG][0m itr   203, best 5579.0972, time  245.3, minPhero 0.01(232), stagnancy 20.0%
[35m[MSG][0m itr   204, best 5579.0972, time  246.8, minPhero 0.01(232), stagnancy 20.3%
[35m[MSG][0m itr   205, best 5579.0972, time  248.4, minPhero 0.01(232), stagnancy 20.7%
[35m[MSG][0m itr   206, best 5579.0972, time  249.7, minPhero 0.01(232), stagnancy 21.0%
[35m[MSG][0m itr   207, best 5579.0972, time  250.9, minPhero 0.01(232), stagnancy 21.3%
[35m[MSG][0m itr   208, best 5579.0972, time  252.0, minPhero 0.01(232), stagnancy 21.7%
[35m[MSG][0m itr   209, best 5579.0972, time  253.2, minPhero 0.01(232), stagnancy 22.0%
[35m[MSG][0m itr   210, best 5579.0972, time  254.7, minPhero 0.01(232), stagnancy 22.3%
[35m[MSG][0m itr   211, best 5579.0972, time  256.4, minPhero 0.01(232), stagnancy 22.7%
[35m[MSG][0m itr   212, best 5579.0972, time  257.9, minPhero 0.01(232), stagnancy 23.0%
[35m[MSG][0m itr   213, best 5579.0972, time  259.4, minPhero 0.01(232), stagnancy 23.3%
[35m[MSG][0m itr   214, best 5579.0972, time  260.7, minPhero 0.01(232), stagnancy 23.7%
[35m[MSG][0m itr   215, best 5579.0972, time  261.8, minPhero 0.01(232), stagnancy 24.0%
[35m[MSG][0m itr   216, best 5579.0972, time  262.9, minPhero 0.01(232), stagnancy 24.3%
[35m[MSG][0m itr   217, best 5579.0972, time  264.2, minPhero 0.01(232), stagnancy 24.7%
[35m[MSG][0m itr   218, best 5579.0972, time  265.7, minPhero 0.01(232), stagnancy 25.0%
[35m[MSG][0m itr   219, best 5579.0972, time  267.0, minPhero 0.01(232), stagnancy 25.3%
[35m[MSG][0m itr   220, best 5579.0972, time  268.2, minPhero 0.01(232), stagnancy 25.7%
[35m[MSG][0m itr   221, best 5579.0972, time  269.4, minPhero 0.01(232), stagnancy 26.0%
[35m[MSG][0m itr   222, best 5579.0972, time  270.7, minPhero 0.01(232), stagnancy 26.3%
[35m[MSG][0m itr   223, best 5579.0972, time  272.0, minPhero 0.01(232), stagnancy 26.7%
[35m[MSG][0m itr   224, best 5579.0972, time  273.3, minPhero 0.01(232), stagnancy 27.0%
[35m[MSG][0m itr   225, best 5579.0972, time  274.4, minPhero 0.01(232), stagnancy 27.3%
[35m[MSG][0m itr   226, best 5579.0972, time  275.6, minPhero 0.01(232), stagnancy 27.7%
[35m[MSG][0m itr   227, best 5579.0972, time  276.8, minPhero 0.01(232), stagnancy 28.0%
[35m[MSG][0m itr   228, best 5579.0972, time  278.0, minPhero 0.01(232), stagnancy 28.3%
[35m[MSG][0m itr   229, best 5579.0972, time  279.2, minPhero 0.01(232), stagnancy 28.7%
[35m[MSG][0m itr   230, best 5579.0972, time  280.4, minPhero 0.01(232), stagnancy 29.0%
[35m[MSG][0m itr   231, best 5579.0972, time  281.6, minPhero 0.01(232), stagnancy 29.3%
[35m[MSG][0m itr   232, best 5579.0972, time  282.8, minPhero 0.01(232), stagnancy 29.7%
[35m[MSG][0m itr   233, best 5579.0972, time  284.0, minPhero 0.01(232), stagnancy 30.0%
[35m[MSG][0m itr   234, best 5579.0972, time  285.2, minPhero 0.01(232), stagnancy 30.3%
[35m[MSG][0m itr   235, best 5579.0972, time  286.4, minPhero 0.01(232), stagnancy 30.7%
[35m[MSG][0m itr   236, best 5579.0972, time  287.6, minPhero 0.01(232), stagnancy 31.0%
[35m[MSG][0m itr   237, best 5579.0972, time  288.7, minPhero 0.01(232), stagnancy 31.3%
[35m[MSG][0m itr   238, best 5579.0972, time  290.0, minPhero 0.01(232), stagnancy 31.7%
[35m[MSG][0m itr   239, best 5579.0972, time  291.2, minPhero 0.01(232), stagnancy 32.0%
[35m[MSG][0m itr   240, best 5579.0972, time  292.3, minPhero 0.01(232), stagnancy 32.3%
[35m[MSG][0m itr   241, best 5579.0972, time  293.5, minPhero 0.01(232), stagnancy 32.7%
[35m[MSG][0m itr   242, best 5579.0972, time  294.8, minPhero 0.01(232), stagnancy 33.0%
[35m[MSG][0m itr   243, best 5579.0972, time  296.0, minPhero 0.01(232), stagnancy 33.3%
[35m[MSG][0m itr   244, best 5579.0972, time  297.2, minPhero 0.01(232), stagnancy 33.7%
[35m[MSG][0m itr   245, best 5579.0972, time  298.3, minPhero 0.01(232), stagnancy 34.0%
[35m[MSG][0m itr   246, best 5579.0972, time  299.6, minPhero 0.01(232), stagnancy 34.3%
[35m[MSG][0m itr   247, best 5579.0972, time  300.8, minPhero 0.01(232), stagnancy 34.7%
[35m[MSG][0m itr   248, best 5579.0972, time  301.9, minPhero 0.01(232), stagnancy 35.0%
[35m[MSG][0m itr   249, best 5579.0972, time  303.1, minPhero 0.01(232), stagnancy 35.3%
[35m[MSG][0m itr   250, best 5579.0972, time  304.3, minPhero 0.01(232), stagnancy 35.7%
[35m[MSG][0m itr   251, best 5579.0972, time  305.5, minPhero 0.01(232), stagnancy 36.0%
[35m[MSG][0m itr   252, best 5579.0972, time  306.7, minPhero 0.01(232), stagnancy 36.3%
[35m[MSG][0m itr   253, best 5579.0972, time  307.9, minPhero 0.01(232), stagnancy 36.7%
[35m[MSG][0m itr   254, best 5579.0972, time  309.1, minPhero 0.01(232), stagnancy 37.0%
[35m[MSG][0m itr   255, best 5579.0972, time  310.2, minPhero 0.01(232), stagnancy 37.3%
[35m[MSG][0m itr   256, best 5579.0972, time  311.4, minPhero 0.01(232), stagnancy 37.7%
[35m[MSG][0m itr   257, best 5579.0972, time  312.6, minPhero 0.01(232), stagnancy 38.0%
[35m[MSG][0m itr   258, best 5579.0972, time  313.8, minPhero 0.01(232), stagnancy 38.3%
[35m[MSG][0m itr   259, best 5579.0972, time  315.0, minPhero 0.01(232), stagnancy 38.7%
[35m[MSG][0m itr   260, best 5579.0972, time  316.2, minPhero 0.01(232), stagnancy 39.0%
[35m[MSG][0m itr   261, best 5579.0972, time  317.4, minPhero 0.01(232), stagnancy 39.3%
[35m[MSG][0m itr   262, best 5579.0972, time  318.6, minPhero 0.01(232), stagnancy 39.7%
[35m[MSG][0m itr   263, best 5579.0972, time  319.8, minPhero 0.01(232), stagnancy 40.0%
[35m[MSG][0m itr   264, best 5579.0972, time  321.1, minPhero 0.01(232), stagnancy 40.3%
[35m[MSG][0m itr   265, best 5579.0972, time  322.2, minPhero 0.01(232), stagnancy 40.7%
[35m[MSG][0m itr   266, best 5579.0972, time  323.4, minPhero 0.01(232), stagnancy 41.0%
[35m[MSG][0m itr   267, best 5579.0972, time  324.6, minPhero 0.01(232), stagnancy 41.3%
[35m[MSG][0m itr   268, best 5579.0972, time  325.8, minPhero 0.01(232), stagnancy 41.7%
[35m[MSG][0m itr   269, best 5579.0972, time  327.0, minPhero 0.01(232), stagnancy 42.0%
[35m[MSG][0m itr   270, best 5579.0972, time  328.2, minPhero 0.01(232), stagnancy 42.3%
[35m[MSG][0m itr   271, best 5579.0972, time  329.4, minPhero 0.01(232), stagnancy 42.7%
[35m[MSG][0m itr   272, best 5579.0972, time  330.5, minPhero 0.01(232), stagnancy 43.0%
[35m[MSG][0m itr   273, best 5579.0972, time  331.7, minPhero 0.01(232), stagnancy 43.3%
[35m[MSG][0m itr   274, best 5579.0972, time  332.9, minPhero 0.01(232), stagnancy 43.7%
[35m[MSG][0m itr   275, best 5579.0972, time  334.1, minPhero 0.01(232), stagnancy 44.0%
[35m[MSG][0m itr   276, best 5579.0972, time  335.3, minPhero 0.01(232), stagnancy 44.3%
[35m[MSG][0m itr   277, best 5579.0972, time  336.5, minPhero 0.01(232), stagnancy 44.7%
[35m[MSG][0m itr   278, best 5579.0972, time  337.7, minPhero 0.01(232), stagnancy 45.0%
[35m[MSG][0m itr   279, best 5579.0972, time  338.9, minPhero 0.01(232), stagnancy 45.3%
[35m[MSG][0m itr   280, best 5579.0972, time  340.1, minPhero 0.01(232), stagnancy 45.7%
[35m[MSG][0m itr   281, best 5579.0972, time  341.3, minPhero 0.01(232), stagnancy 46.0%
[35m[MSG][0m itr   282, best 5579.0972, time  342.5, minPhero 0.01(232), stagnancy 46.3%
[35m[MSG][0m itr   283, best 5579.0972, time  343.7, minPhero 0.01(232), stagnancy 46.7%
[35m[MSG][0m itr   284, best 5579.0972, time  344.8, minPhero 0.01(232), stagnancy 47.0%
[35m[MSG][0m itr   285, best 5579.0972, time  346.0, minPhero 0.01(232), stagnancy 47.3%
[35m[MSG][0m itr   286, best 5579.0972, time  347.3, minPhero 0.01(232), stagnancy 47.7%
[35m[MSG][0m itr   287, best 5579.0972, time  348.4, minPhero 0.01(232), stagnancy 48.0%
[35m[MSG][0m itr   288, best 5579.0972, time  349.6, minPhero 0.01(232), stagnancy 48.3%
[35m[MSG][0m itr   289, best 5579.0972, time  350.8, minPhero 0.01(232), stagnancy 48.7%
[35m[MSG][0m itr   290, best 5579.0972, time  352.0, minPhero 0.01(232), stagnancy 49.0%
[35m[MSG][0m itr   291, best 5579.0972, time  353.1, minPhero 0.01(232), stagnancy 49.3%
[35m[MSG][0m itr   292, best 5579.0972, time  354.3, minPhero 0.01(232), stagnancy 49.7%
[35m[MSG][0m itr   293, best 5579.0972, time  355.5, minPhero 0.01(232), stagnancy 50.0%
[35m[MSG][0m itr   294, best 5579.0972, time  356.7, minPhero 0.01(232), stagnancy 50.3%
[35m[MSG][0m itr   295, best 5579.0972, time  357.9, minPhero 0.01(232), stagnancy 50.7%
[35m[MSG][0m itr   296, best 5579.0972, time  359.1, minPhero 0.01(232), stagnancy 51.0%
[35m[MSG][0m itr   297, best 5579.0972, time  360.3, minPhero 0.01(232), stagnancy 51.3%
[35m[MSG][0m itr   298, best 5579.0972, time  361.5, minPhero 0.01(232), stagnancy 51.7%
[35m[MSG][0m itr   299, best 5579.0972, time  362.7, minPhero 0.01(232), stagnancy 52.0%
[35m[MSG][0m itr   300, best 5579.0972, time  363.9, minPhero 0.01(232), stagnancy 52.3%
[35m[MSG][0m itr   301, best 5579.0972, time  365.1, minPhero 0.01(232), stagnancy 52.7%
[35m[MSG][0m itr   302, best 5579.0972, time  366.3, minPhero 0.01(232), stagnancy 53.0%
[35m[MSG][0m itr   303, best 5579.0972, time  367.5, minPhero 0.01(232), stagnancy 53.3%
[35m[MSG][0m itr   304, best 5579.0972, time  368.7, minPhero 0.01(232), stagnancy 53.7%
[35m[MSG][0m itr   305, best 5579.0972, time  369.8, minPhero 0.01(232), stagnancy 54.0%
[35m[MSG][0m itr   306, best 5579.0972, time  371.0, minPhero 0.01(232), stagnancy 54.3%
[35m[MSG][0m itr   307, best 5579.0972, time  372.2, minPhero 0.01(232), stagnancy 54.7%
[35m[MSG][0m itr   308, best 5579.0972, time  373.4, minPhero 0.01(232), stagnancy 55.0%
[35m[MSG][0m itr   309, best 5579.0972, time  374.6, minPhero 0.01(232), stagnancy 55.3%
[35m[MSG][0m itr   310, best 5579.0972, time  375.8, minPhero 0.01(232), stagnancy 55.7%
[35m[MSG][0m itr   311, best 5579.0972, time  377.0, minPhero 0.01(232), stagnancy 56.0%
[35m[MSG][0m itr   312, best 5579.0972, time  378.2, minPhero 0.01(232), stagnancy 56.3%
[35m[MSG][0m itr   313, best 5579.0972, time  379.4, minPhero 0.01(232), stagnancy 56.7%
[35m[MSG][0m itr   314, best 5579.0972, time  380.6, minPhero 0.01(232), stagnancy 57.0%
[35m[MSG][0m itr   315, best 5579.0972, time  381.8, minPhero 0.01(232), stagnancy 57.3%
[35m[MSG][0m itr   316, best 5579.0972, time  383.0, minPhero 0.01(232), stagnancy 57.7%
[35m[MSG][0m itr   317, best 5579.0972, time  384.2, minPhero 0.01(232), stagnancy 58.0%
[35m[MSG][0m itr   318, best 5579.0972, time  385.4, minPhero 0.01(232), stagnancy 58.3%
[35m[MSG][0m itr   319, best 5579.0972, time  386.6, minPhero 0.01(232), stagnancy 58.7%
[35m[MSG][0m itr   320, best 5579.0972, time  387.8, minPhero 0.01(232), stagnancy 59.0%
[35m[MSG][0m itr   321, best 5579.0972, time  389.0, minPhero 0.01(232), stagnancy 59.3%
[35m[MSG][0m itr   322, best 5579.0972, time  390.2, minPhero 0.01(232), stagnancy 59.7%
[35m[MSG][0m itr   323, best 5579.0972, time  391.4, minPhero 0.01(232), stagnancy 60.0%
[35m[MSG][0m itr   324, best 5579.0972, time  392.6, minPhero 0.01(232), stagnancy 60.3%
[35m[MSG][0m itr   325, best 5579.0972, time  393.8, minPhero 0.01(232), stagnancy 60.7%
[35m[MSG][0m itr   326, best 5579.0972, time  395.0, minPhero 0.01(232), stagnancy 61.0%
[35m[MSG][0m itr   327, best 5579.0972, time  396.2, minPhero 0.01(232), stagnancy 61.3%
[35m[MSG][0m itr   328, best 5579.0972, time  397.4, minPhero 0.01(232), stagnancy 61.7%
[35m[MSG][0m itr   329, best 5579.0972, time  398.5, minPhero 0.01(232), stagnancy 62.0%
[35m[MSG][0m itr   330, best 5579.0972, time  399.8, minPhero 0.01(232), stagnancy 62.3%
[35m[MSG][0m itr   331, best 5579.0972, time  401.0, minPhero 0.01(232), stagnancy 62.7%
[35m[MSG][0m itr   332, best 5579.0972, time  402.2, minPhero 0.01(232), stagnancy 63.0%
[35m[MSG][0m itr   333, best 5579.0972, time  403.4, minPhero 0.01(232), stagnancy 63.3%
[35m[MSG][0m itr   334, best 5579.0972, time  404.5, minPhero 0.01(232), stagnancy 63.7%
[35m[MSG][0m itr   335, best 5579.0972, time  405.8, minPhero 0.01(232), stagnancy 64.0%
[35m[MSG][0m itr   336, best 5579.0972, time  407.0, minPhero 0.01(232), stagnancy 64.3%
[35m[MSG][0m itr   337, best 5579.0972, time  408.1, minPhero 0.01(232), stagnancy 64.7%
[35m[MSG][0m itr   338, best 5579.0972, time  409.3, minPhero 0.01(232), stagnancy 65.0%
[35m[MSG][0m itr   339, best 5579.0972, time  410.5, minPhero 0.01(232), stagnancy 65.3%
[35m[MSG][0m itr   340, best 5579.0972, time  411.7, minPhero 0.01(232), stagnancy 65.7%
[35m[MSG][0m itr   341, best 5579.0972, time  412.9, minPhero 0.01(232), stagnancy 66.0%
[35m[MSG][0m itr   342, best 5579.0972, time  414.1, minPhero 0.01(232), stagnancy 66.3%
[35m[MSG][0m itr   343, best 5579.0972, time  415.3, minPhero 0.01(232), stagnancy 66.7%
[35m[MSG][0m itr   344, best 5579.0972, time  416.5, minPhero 0.01(232), stagnancy 67.0%
[35m[MSG][0m itr   345, best 5579.0972, time  417.7, minPhero 0.01(232), stagnancy 67.3%
[35m[MSG][0m itr   346, best 5579.0972, time  418.9, minPhero 0.01(232), stagnancy 67.7%
[35m[MSG][0m itr   347, best 5579.0972, time  420.1, minPhero 0.01(232), stagnancy 68.0%
[35m[MSG][0m itr   348, best 5579.0972, time  421.3, minPhero 0.01(232), stagnancy 68.3%
[35m[MSG][0m itr   349, best 5579.0972, time  422.5, minPhero 0.01(232), stagnancy 68.7%
[35m[MSG][0m itr   350, best 5579.0972, time  423.7, minPhero 0.01(232), stagnancy 69.0%
[35m[MSG][0m itr   351, best 5579.0972, time  424.9, minPhero 0.01(232), stagnancy 69.3%
[35m[MSG][0m itr   352, best 5579.0972, time  426.1, minPhero 0.01(232), stagnancy 69.7%
[35m[MSG][0m itr   353, best 5579.0972, time  427.3, minPhero 0.01(232), stagnancy 70.0%
[35m[MSG][0m itr   354, best 5579.0972, time  428.5, minPhero 0.01(232), stagnancy 70.3%
[35m[MSG][0m itr   355, best 5579.0972, time  429.7, minPhero 0.01(232), stagnancy 70.7%
[35m[MSG][0m itr   356, best 5579.0972, time  430.9, minPhero 0.01(232), stagnancy 71.0%
[35m[MSG][0m itr   357, best 5579.0972, time  432.1, minPhero 0.01(232), stagnancy 71.3%
[35m[MSG][0m itr   358, best 5579.0972, time  433.3, minPhero 0.01(232), stagnancy 71.7%
[35m[MSG][0m itr   359, best 5579.0972, time  434.5, minPhero 0.01(232), stagnancy 72.0%
[35m[MSG][0m itr   360, best 5579.0972, time  435.7, minPhero 0.01(232), stagnancy 72.3%
[35m[MSG][0m itr   361, best 5579.0972, time  436.9, minPhero 0.01(232), stagnancy 72.7%
[35m[MSG][0m itr   362, best 5579.0972, time  438.1, minPhero 0.01(232), stagnancy 73.0%
[35m[MSG][0m itr   363, best 5579.0972, time  439.3, minPhero 0.01(232), stagnancy 73.3%
[35m[MSG][0m itr   364, best 5579.0972, time  440.5, minPhero 0.01(232), stagnancy 73.7%
[35m[MSG][0m itr   365, best 5579.0972, time  441.7, minPhero 0.01(232), stagnancy 74.0%
[35m[MSG][0m itr   366, best 5579.0972, time  442.9, minPhero 0.01(232), stagnancy 74.3%
[35m[MSG][0m itr   367, best 5579.0972, time  444.1, minPhero 0.01(232), stagnancy 74.7%
[35m[MSG][0m itr   368, best 5579.0972, time  445.3, minPhero 0.01(232), stagnancy 75.0%
[35m[MSG][0m itr   369, best 5579.0972, time  446.5, minPhero 0.01(232), stagnancy 75.3%
[35m[MSG][0m itr   370, best 5579.0972, time  447.7, minPhero 0.01(232), stagnancy 75.7%
[35m[MSG][0m itr   371, best 5579.0972, time  448.9, minPhero 0.01(232), stagnancy 76.0%
[35m[MSG][0m itr   372, best 5579.0972, time  450.1, minPhero 0.01(232), stagnancy 76.3%
[35m[MSG][0m itr   373, best 5579.0972, time  451.3, minPhero 0.01(232), stagnancy 76.7%
[35m[MSG][0m itr   374, best 5579.0972, time  452.5, minPhero 0.01(232), stagnancy 77.0%
[35m[MSG][0m itr   375, best 5579.0972, time  453.7, minPhero 0.01(232), stagnancy 77.3%
[35m[MSG][0m itr   376, best 5579.0972, time  454.9, minPhero 0.01(232), stagnancy 77.7%
[35m[MSG][0m itr   377, best 5579.0972, time  456.1, minPhero 0.01(232), stagnancy 78.0%
[35m[MSG][0m itr   378, best 5579.0972, time  457.3, minPhero 0.01(232), stagnancy 78.3%
[35m[MSG][0m itr   379, best 5579.0972, time  458.4, minPhero 0.01(232), stagnancy 78.7%
[35m[MSG][0m itr   380, best 5579.0972, time  459.6, minPhero 0.01(232), stagnancy 79.0%
[35m[MSG][0m itr   381, best 5579.0972, time  460.8, minPhero 0.01(232), stagnancy 79.3%
[35m[MSG][0m itr   382, best 5579.0972, time  462.0, minPhero 0.01(232), stagnancy 79.7%
[35m[MSG][0m itr   383, best 5579.0972, time  463.2, minPhero 0.01(232), stagnancy 80.0%
[35m[MSG][0m itr   384, best 5579.0972, time  464.4, minPhero 0.01(232), stagnancy 80.3%
[35m[MSG][0m itr   385, best 5579.0972, time  465.6, minPhero 0.01(232), stagnancy 80.7%
[35m[MSG][0m itr   386, best 5579.0972, time  466.8, minPhero 0.01(232), stagnancy 81.0%
[35m[MSG][0m itr   387, best 5579.0972, time  468.0, minPhero 0.01(232), stagnancy 81.3%
[35m[MSG][0m itr   388, best 5579.0972, time  469.2, minPhero 0.01(232), stagnancy 81.7%
[35m[MSG][0m itr   389, best 5579.0972, time  470.4, minPhero 0.01(232), stagnancy 82.0%
[35m[MSG][0m itr   390, best 5579.0972, time  471.5, minPhero 0.01(232), stagnancy 82.3%
[35m[MSG][0m itr   391, best 5579.0972, time  472.6, minPhero 0.01(232), stagnancy 82.7%
[35m[MSG][0m itr   392, best 5579.0972, time  473.8, minPhero 0.01(232), stagnancy 83.0%
[35m[MSG][0m itr   393, best 5579.0972, time  475.0, minPhero 0.01(232), stagnancy 83.3%
[35m[MSG][0m itr   394, best 5579.0972, time  476.2, minPhero 0.01(232), stagnancy 83.7%
[35m[MSG][0m itr   395, best 5579.0972, time  477.4, minPhero 0.01(232), stagnancy 84.0%
[35m[MSG][0m itr   396, best 5579.0972, time  478.6, minPhero 0.01(232), stagnancy 84.3%
[35m[MSG][0m itr   397, best 5579.0972, time  479.8, minPhero 0.01(232), stagnancy 84.7%
[35m[MSG][0m itr   398, best 5579.0972, time  481.0, minPhero 0.01(232), stagnancy 85.0%
[35m[MSG][0m itr   399, best 5579.0972, time  482.2, minPhero 0.01(232), stagnancy 85.3%
[35m[MSG][0m itr   400, best 5579.0972, time  483.4, minPhero 0.01(232), stagnancy 85.7%
[35m[MSG][0m itr   401, best 5579.0972, time  484.6, minPhero 0.01(232), stagnancy 86.0%
[35m[MSG][0m itr   402, best 5579.0972, time  485.8, minPhero 0.01(232), stagnancy 86.3%
[35m[MSG][0m itr   403, best 5579.0972, time  487.0, minPhero 0.01(232), stagnancy 86.7%
[35m[MSG][0m itr   404, best 5579.0972, time  488.2, minPhero 0.01(232), stagnancy 87.0%
[35m[MSG][0m itr   405, best 5579.0972, time  489.4, minPhero 0.01(232), stagnancy 87.3%
[35m[MSG][0m itr   406, best 5579.0972, time  490.6, minPhero 0.01(232), stagnancy 87.7%
[35m[MSG][0m itr   407, best 5579.0972, time  491.8, minPhero 0.01(232), stagnancy 88.0%
[35m[MSG][0m itr   408, best 5579.0972, time  492.9, minPhero 0.01(232), stagnancy 88.3%
[35m[MSG][0m itr   409, best 5579.0972, time  494.1, minPhero 0.01(232), stagnancy 88.7%
[35m[MSG][0m itr   410, best 5579.0972, time  495.3, minPhero 0.01(232), stagnancy 89.0%
[35m[MSG][0m itr   411, best 5579.0972, time  496.5, minPhero 0.01(232), stagnancy 89.3%
[35m[MSG][0m itr   412, best 5579.0972, time  497.8, minPhero 0.01(232), stagnancy 89.7%
[35m[MSG][0m itr   413, best 5579.0972, time  499.0, minPhero 0.01(232), stagnancy 90.0%
[35m[MSG][0m itr   414, best 5579.0972, time  500.2, minPhero 0.01(232), stagnancy 90.3%
[35m[MSG][0m itr   415, best 5579.0972, time  501.4, minPhero 0.01(232), stagnancy 90.7%
[35m[MSG][0m itr   416, best 5579.0972, time  502.6, minPhero 0.01(232), stagnancy 91.0%
[35m[MSG][0m itr   417, best 5579.0972, time  503.8, minPhero 0.01(232), stagnancy 91.3%
[35m[MSG][0m itr   418, best 5579.0972, time  505.0, minPhero 0.01(232), stagnancy 91.7%
[35m[MSG][0m itr   419, best 5579.0972, time  506.2, minPhero 0.01(232), stagnancy 92.0%
[35m[MSG][0m itr   420, best 5579.0972, time  507.4, minPhero 0.01(232), stagnancy 92.3%
[35m[MSG][0m itr   421, best 5579.0972, time  508.6, minPhero 0.01(232), stagnancy 92.7%
[35m[MSG][0m itr   422, best 5579.0972, time  509.8, minPhero 0.01(232), stagnancy 93.0%
[35m[MSG][0m itr   423, best 5579.0972, time  511.0, minPhero 0.01(232), stagnancy 93.3%
[35m[MSG][0m itr   424, best 5579.0972, time  512.1, minPhero 0.01(232), stagnancy 93.7%
[35m[MSG][0m itr   425, best 5579.0972, time  513.3, minPhero 0.01(232), stagnancy 94.0%
[35m[MSG][0m itr   426, best 5579.0972, time  514.5, minPhero 0.01(232), stagnancy 94.3%
[35m[MSG][0m itr   427, best 5579.0972, time  515.7, minPhero 0.01(232), stagnancy 94.7%
[35m[MSG][0m itr   428, best 5579.0972, time  516.9, minPhero 0.01(232), stagnancy 95.0%
[35m[MSG][0m itr   429, best 5579.0972, time  518.1, minPhero 0.01(232), stagnancy 95.3%
[35m[MSG][0m itr   430, best 5579.0972, time  519.3, minPhero 0.01(232), stagnancy 95.7%
[35m[MSG][0m itr   431, best 5579.0972, time  520.5, minPhero 0.01(232), stagnancy 96.0%
[35m[MSG][0m itr   432, best 5579.0972, time  521.7, minPhero 0.01(232), stagnancy 96.3%
[35m[MSG][0m itr   433, best 5579.0972, time  522.9, minPhero 0.01(232), stagnancy 96.7%
[35m[MSG][0m itr   434, best 5579.0972, time  524.1, minPhero 0.01(232), stagnancy 97.0%
[35m[MSG][0m itr   435, best 5579.0972, time  525.3, minPhero 0.01(232), stagnancy 97.3%
[35m[MSG][0m itr   436, best 5579.0972, time  526.5, minPhero 0.01(232), stagnancy 97.7%
[35m[MSG][0m itr   437, best 5579.0972, time  527.7, minPhero 0.01(232), stagnancy 98.0%
[35m[MSG][0m itr   438, best 5579.0972, time  528.9, minPhero 0.01(232), stagnancy 98.3%
[35m[MSG][0m itr   439, best 5579.0972, time  530.1, minPhero 0.01(232), stagnancy 98.7%
[35m[MSG][0m itr   440, best 5579.0972, time  531.3, minPhero 0.01(232), stagnancy 99.0%
[35m[MSG][0m itr   441, best 5579.0972, time  532.6, minPhero 0.01(232), stagnancy 99.3%
[35m[MSG][0m itr   442, best 5579.0972, time  533.7, minPhero 0.01(232), stagnancy 99.7%
[35m[MSG][0m itr   443, best 5579.0972, time  535.0, minPhero 0.01(232), stagnancy 100.0%
[35m[MSG][0m Solution converged. Reinitialising pheromones...
[35m[MSG][0m Time: 534.97 s
[35m[MSG][0m Best cost: 5579.10
