[35m[MSG][0m Log level set to LOG_DEBUG
[35m[MSG][0m Parsing input from file "res/fruitybun250_2016.vrp"
[35m[MSG][0m Number of nodes: 250
[35m[MSG][0m Running ACO search
[35m[MSG][0m ACO settings: 
 alpha:     8.000
 beta:      1.000
 pers:      0.870
 minPhero:  0.015
 nbhood:    10
 popSize:   256
 maxStag:   300
[35m[MSG][0m itr     1, best 5786.1523, time    0.6, minPhero 0.87(28922), stagnancy 0.0%
[35m[MSG][0m itr     2, best 5785.6157, time    1.2, minPhero 0.76(28922), stagnancy 0.0%
[35m[MSG][0m itr     3, best 5772.9585, time    1.8, minPhero 0.66(28922), stagnancy 0.0%
[35m[MSG][0m itr     4, best 5772.3599, time    2.4, minPhero 0.57(28922), stagnancy 0.0%
[35m[MSG][0m itr     5, best 5757.6968, time    3.0, minPhero 0.50(28922), stagnancy 0.0%
[35m[MSG][0m itr     6, best 5757.6968, time    3.6, minPhero 0.43(28922), stagnancy 0.3%
[35m[MSG][0m itr     7, best 5716.5142, time    4.2, minPhero 0.38(28922), stagnancy 0.0%
[35m[MSG][0m itr     8, best 5716.5142, time    4.8, minPhero 0.33(28922), stagnancy 0.3%
[35m[MSG][0m itr     9, best 5714.3330, time    5.4, minPhero 0.29(28922), stagnancy 0.0%
[35m[MSG][0m itr    10, best 5714.3330, time    6.0, minPhero 0.25(28922), stagnancy 0.3%
[35m[MSG][0m itr    11, best 5707.4224, time    6.6, minPhero 0.22(28922), stagnancy 0.0%
[35m[MSG][0m itr    12, best 5707.4224, time    7.2, minPhero 0.19(28922), stagnancy 0.3%
[35m[MSG][0m itr    13, best 5704.3174, time    7.8, minPhero 0.16(28922), stagnancy 0.0%
[35m[MSG][0m itr    14, best 5690.9858, time    8.5, minPhero 0.14(28922), stagnancy 0.0%
[35m[MSG][0m itr    15, best 5690.9858, time    9.1, minPhero 0.12(28922), stagnancy 0.3%
[35m[MSG][0m itr    16, best 5690.9858, time    9.7, minPhero 0.11(28922), stagnancy 0.7%
[35m[MSG][0m itr    17, best 5690.9858, time   10.3, minPhero 0.09(28922), stagnancy 1.0%
[35m[MSG][0m itr    18, best 5690.9858, time   11.0, minPhero 0.08(28922), stagnancy 1.3%
[35m[MSG][0m itr    19, best 5690.9858, time   11.6, minPhero 0.07(28922), stagnancy 1.7%
[35m[MSG][0m itr    20, best 5667.8730, time   12.2, minPhero 0.06(28922), stagnancy 0.0%
[35m[MSG][0m itr    21, best 5667.8730, time   12.8, minPhero 0.05(28922), stagnancy 0.3%
[35m[MSG][0m itr    22, best 5667.8730, time   13.4, minPhero 0.05(28922), stagnancy 0.7%
[35m[MSG][0m itr    23, best 5658.5493, time   14.0, minPhero 0.04(28922), stagnancy 0.0%
[35m[MSG][0m itr    24, best 5658.5493, time   14.7, minPhero 0.04(28922), stagnancy 0.3%
[35m[MSG][0m itr    25, best 5658.5493, time   15.3, minPhero 0.03(28922), stagnancy 0.7%
[35m[MSG][0m itr    26, best 5658.3076, time   15.9, minPhero 0.03(28922), stagnancy 0.0%
[35m[MSG][0m itr    27, best 5654.5674, time   16.5, minPhero 0.02(692), stagnancy 0.0%
[35m[MSG][0m itr    28, best 5652.1724, time   17.1, minPhero 0.02(551), stagnancy 0.0%
[35m[MSG][0m itr    29, best 5652.1724, time   17.7, minPhero 0.02(543), stagnancy 0.3%
[35m[MSG][0m itr    30, best 5651.2363, time   18.4, minPhero 0.02(513), stagnancy 0.0%
[35m[MSG][0m itr    31, best 5647.2358, time   19.0, minPhero 0.01(470), stagnancy 0.0%
[35m[MSG][0m itr    32, best 5646.6538, time   19.6, minPhero 0.01(428), stagnancy 0.0%
[35m[MSG][0m itr    33, best 5646.1187, time   20.2, minPhero 0.01(385), stagnancy 0.0%
[35m[MSG][0m itr    34, best 5644.9756, time   20.8, minPhero 0.01(372), stagnancy 0.0%
[35m[MSG][0m itr    35, best 5641.6802, time   21.4, minPhero 0.01(364), stagnancy 0.0%
[35m[MSG][0m itr    36, best 5641.6250, time   22.0, minPhero 0.01(357), stagnancy 0.0%
[35m[MSG][0m itr    37, best 5641.6250, time   22.7, minPhero 0.01(353), stagnancy 0.3%
[35m[MSG][0m itr    38, best 5641.4214, time   23.3, minPhero 0.01(350), stagnancy 0.0%
[35m[MSG][0m itr    39, best 5641.4214, time   23.9, minPhero 0.01(349), stagnancy 0.3%
[35m[MSG][0m itr    40, best 5641.2866, time   24.5, minPhero 0.01(344), stagnancy 0.0%
[35m[MSG][0m itr    41, best 5641.2866, time   25.1, minPhero 0.01(331), stagnancy 0.3%
[35m[MSG][0m itr    42, best 5638.4419, time   25.7, minPhero 0.01(324), stagnancy 0.0%
[35m[MSG][0m itr    43, best 5638.2524, time   26.3, minPhero 0.01(301), stagnancy 0.0%
[35m[MSG][0m itr    44, best 5637.9878, time   26.9, minPhero 0.01(296), stagnancy 0.0%
[35m[MSG][0m itr    45, best 5637.4106, time   27.5, minPhero 0.01(297), stagnancy 0.0%
[35m[MSG][0m itr    46, best 5637.4106, time   28.0, minPhero 0.01(290), stagnancy 0.3%
[35m[MSG][0m itr    47, best 5636.5093, time   28.6, minPhero 0.01(281), stagnancy 0.0%
[35m[MSG][0m itr    48, best 5636.0879, time   29.2, minPhero 0.01(278), stagnancy 0.0%
[35m[MSG][0m itr    49, best 5635.2319, time   29.8, minPhero 0.01(278), stagnancy 0.0%
[35m[MSG][0m itr    50, best 5635.2319, time   30.4, minPhero 0.01(275), stagnancy 0.3%
[35m[MSG][0m itr    51, best 5634.9746, time   31.1, minPhero 0.01(275), stagnancy 0.0%
[35m[MSG][0m itr    52, best 5634.8462, time   31.7, minPhero 0.01(274), stagnancy 0.0%
[35m[MSG][0m Solution converged. Reinitialising pheromones...
[35m[MSG][0m itr    53, best 5634.8462, time   32.3, minPhero 0.87(28922), stagnancy 0.3%
[35m[MSG][0m itr    54, best 5634.8462, time   32.9, minPhero 0.76(28922), stagnancy 0.7%
[35m[MSG][0m itr    55, best 5634.8462, time   33.5, minPhero 0.66(28922), stagnancy 1.0%
[35m[MSG][0m itr    56, best 5634.8462, time   34.1, minPhero 0.57(28922), stagnancy 1.3%
[35m[MSG][0m itr    57, best 5634.8462, time   34.8, minPhero 0.50(28922), stagnancy 1.7%
[35m[MSG][0m itr    58, best 5634.8462, time   35.4, minPhero 0.43(28922), stagnancy 2.0%
[35m[MSG][0m itr    59, best 5634.8462, time   36.0, minPhero 0.38(28922), stagnancy 2.3%
[35m[MSG][0m itr    60, best 5634.8462, time   36.6, minPhero 0.33(28922), stagnancy 2.7%
[35m[MSG][0m itr    61, best 5634.8462, time   37.2, minPhero 0.29(28922), stagnancy 3.0%
[35m[MSG][0m itr    62, best 5634.8462, time   37.8, minPhero 0.25(28922), stagnancy 3.3%
[35m[MSG][0m itr    63, best 5634.8462, time   38.4, minPhero 0.22(28922), stagnancy 3.7%
[35m[MSG][0m itr    64, best 5634.8462, time   39.0, minPhero 0.19(28922), stagnancy 4.0%
[35m[MSG][0m itr    65, best 5634.8462, time   39.6, minPhero 0.16(28922), stagnancy 4.3%
[35m[MSG][0m itr    66, best 5634.8462, time   40.3, minPhero 0.14(28922), stagnancy 4.7%
[35m[MSG][0m itr    67, best 5634.8462, time   40.9, minPhero 0.12(28922), stagnancy 5.0%
[35m[MSG][0m itr    68, best 5634.8462, time   41.5, minPhero 0.11(28922), stagnancy 5.3%
[35m[MSG][0m itr    69, best 5634.8462, time   42.1, minPhero 0.09(28922), stagnancy 5.7%
[35m[MSG][0m itr    70, best 5634.8462, time   42.7, minPhero 0.08(28922), stagnancy 6.0%
[35m[MSG][0m itr    71, best 5634.8462, time   43.3, minPhero 0.07(28922), stagnancy 6.3%
[35m[MSG][0m itr    72, best 5634.8462, time   43.9, minPhero 0.06(28922), stagnancy 6.7%
[35m[MSG][0m itr    73, best 5634.8462, time   44.6, minPhero 0.05(28922), stagnancy 7.0%
[35m[MSG][0m itr    74, best 5634.6123, time   45.2, minPhero 0.05(28922), stagnancy 0.0%
[35m[MSG][0m itr    75, best 5634.6123, time   45.8, minPhero 0.04(28922), stagnancy 0.3%
[35m[MSG][0m itr    76, best 5631.4023, time   46.4, minPhero 0.04(28922), stagnancy 0.0%
[35m[MSG][0m itr    77, best 5631.4023, time   47.0, minPhero 0.03(28922), stagnancy 0.3%
[35m[MSG][0m itr    78, best 5631.4023, time   47.7, minPhero 0.03(28922), stagnancy 0.7%
[35m[MSG][0m itr    79, best 5631.4023, time   48.3, minPhero 0.02(241), stagnancy 1.0%
[35m[MSG][0m itr    80, best 5631.2285, time   48.9, minPhero 0.02(245), stagnancy 0.0%
[35m[MSG][0m itr    81, best 5631.2285, time   49.5, minPhero 0.02(245), stagnancy 0.3%
[35m[MSG][0m itr    82, best 5629.2715, time   50.0, minPhero 0.02(248), stagnancy 0.0%
[35m[MSG][0m itr    83, best 5629.2715, time   50.7, minPhero 0.01(248), stagnancy 0.3%
[35m[MSG][0m itr    84, best 5628.2710, time   51.3, minPhero 0.01(248), stagnancy 0.0%
[35m[MSG][0m itr    85, best 5627.9268, time   51.9, minPhero 0.01(257), stagnancy 0.0%
[35m[MSG][0m itr    86, best 5627.9268, time   52.5, minPhero 0.01(257), stagnancy 0.3%
[35m[MSG][0m itr    87, best 5627.9268, time   53.1, minPhero 0.01(257), stagnancy 0.7%
[35m[MSG][0m itr    88, best 5627.0078, time   53.7, minPhero 0.01(258), stagnancy 0.0%
[35m[MSG][0m itr    89, best 5626.7734, time   54.3, minPhero 0.01(258), stagnancy 0.0%
[35m[MSG][0m itr    90, best 5626.7734, time   54.9, minPhero 0.01(258), stagnancy 0.3%
[35m[MSG][0m itr    91, best 5626.6831, time   55.5, minPhero 0.01(258), stagnancy 0.0%
[35m[MSG][0m itr    92, best 5626.6831, time   56.1, minPhero 0.01(258), stagnancy 0.3%
[35m[MSG][0m itr    93, best 5626.6831, time   56.7, minPhero 0.01(258), stagnancy 0.7%
[35m[MSG][0m itr    94, best 5626.0835, time   57.3, minPhero 0.01(260), stagnancy 0.0%
[35m[MSG][0m itr    95, best 5625.6279, time   57.9, minPhero 0.01(262), stagnancy 0.0%
[35m[MSG][0m itr    96, best 5620.5308, time   58.5, minPhero 0.01(275), stagnancy 0.0%
[35m[MSG][0m itr    97, best 5620.5308, time   59.1, minPhero 0.01(275), stagnancy 0.3%
[35m[MSG][0m itr    98, best 5620.5308, time   59.7, minPhero 0.01(275), stagnancy 0.7%
[35m[MSG][0m itr    99, best 5620.5308, time   60.3, minPhero 0.01(275), stagnancy 1.0%
[35m[MSG][0m itr   100, best 5620.4053, time   60.9, minPhero 0.01(275), stagnancy 0.0%
[35m[MSG][0m itr   101, best 5620.4053, time   61.5, minPhero 0.01(275), stagnancy 0.3%
[35m[MSG][0m itr   102, best 5620.4053, time   62.2, minPhero 0.01(269), stagnancy 0.7%
[35m[MSG][0m itr   103, best 5620.4053, time   62.8, minPhero 0.01(269), stagnancy 1.0%
[35m[MSG][0m itr   104, best 5620.4053, time   63.4, minPhero 0.01(269), stagnancy 1.3%
[35m[MSG][0m itr   105, best 5620.4053, time   64.0, minPhero 0.01(269), stagnancy 1.7%
[35m[MSG][0m itr   106, best 5620.0981, time   64.6, minPhero 0.01(266), stagnancy 0.0%
[35m[MSG][0m itr   107, best 5619.8989, time   65.2, minPhero 0.01(266), stagnancy 0.0%
[35m[MSG][0m itr   108, best 5619.8989, time   65.8, minPhero 0.01(261), stagnancy 0.3%
[35m[MSG][0m itr   109, best 5619.7734, time   66.5, minPhero 0.01(259), stagnancy 0.0%
[35m[MSG][0m itr   110, best 5619.7734, time   67.0, minPhero 0.01(257), stagnancy 0.3%
[35m[MSG][0m itr   111, best 5619.7734, time   67.7, minPhero 0.01(256), stagnancy 0.7%
[35m[MSG][0m itr   112, best 5619.7734, time   68.3, minPhero 0.01(256), stagnancy 1.0%
[35m[MSG][0m itr   113, best 5619.7734, time   68.9, minPhero 0.01(256), stagnancy 1.3%
[35m[MSG][0m itr   114, best 5619.6738, time   69.5, minPhero 0.01(258), stagnancy 0.0%
[35m[MSG][0m itr   115, best 5619.3496, time   70.0, minPhero 0.01(258), stagnancy 0.0%
[35m[MSG][0m itr   116, best 5619.3491, time   70.6, minPhero 0.01(258), stagnancy 0.0%
[35m[MSG][0m itr   117, best 5619.3491, time   71.2, minPhero 0.01(258), stagnancy 0.3%
[35m[MSG][0m itr   118, best 5619.3491, time   71.8, minPhero 0.01(258), stagnancy 0.7%
[35m[MSG][0m itr   119, best 5619.3491, time   72.4, minPhero 0.01(257), stagnancy 1.0%
[35m[MSG][0m itr   120, best 5619.3491, time   73.0, minPhero 0.01(250), stagnancy 1.3%
[35m[MSG][0m itr   121, best 5619.3491, time   73.6, minPhero 0.01(249), stagnancy 1.7%
[35m[MSG][0m itr   122, best 5619.3491, time   74.2, minPhero 0.01(240), stagnancy 2.0%
[35m[MSG][0m itr   123, best 5619.3491, time   74.8, minPhero 0.01(240), stagnancy 2.3%
[35m[MSG][0m itr   124, best 5619.3491, time   75.3, minPhero 0.01(240), stagnancy 2.7%
[35m[MSG][0m itr   125, best 5619.3491, time   75.9, minPhero 0.01(240), stagnancy 3.0%
[35m[MSG][0m itr   126, best 5619.3491, time   76.4, minPhero 0.01(240), stagnancy 3.3%
[35m[MSG][0m itr   127, best 5619.3491, time   77.0, minPhero 0.01(240), stagnancy 3.7%
[35m[MSG][0m itr   128, best 5619.2700, time   77.6, minPhero 0.01(241), stagnancy 0.0%
[35m[MSG][0m itr   129, best 5619.2700, time   78.2, minPhero 0.01(241), stagnancy 0.3%
[35m[MSG][0m itr   130, best 5619.2695, time   78.8, minPhero 0.01(239), stagnancy 0.0%
[35m[MSG][0m itr   131, best 5619.2695, time   79.4, minPhero 0.01(239), stagnancy 0.3%
[35m[MSG][0m itr   132, best 5619.2695, time   80.0, minPhero 0.01(239), stagnancy 0.7%
[35m[MSG][0m itr   133, best 5619.2695, time   80.6, minPhero 0.01(239), stagnancy 1.0%
[35m[MSG][0m itr   134, best 5619.2695, time   81.2, minPhero 0.01(239), stagnancy 1.3%
[35m[MSG][0m itr   135, best 5619.2695, time   81.8, minPhero 0.01(237), stagnancy 1.7%
[35m[MSG][0m itr   136, best 5619.2695, time   82.5, minPhero 0.01(237), stagnancy 2.0%
[35m[MSG][0m itr   137, best 5619.0356, time   83.1, minPhero 0.01(240), stagnancy 0.0%
[35m[MSG][0m itr   138, best 5619.0356, time   83.7, minPhero 0.01(240), stagnancy 0.3%
[35m[MSG][0m itr   139, best 5619.0356, time   84.3, minPhero 0.01(238), stagnancy 0.7%
[35m[MSG][0m itr   140, best 5619.0356, time   84.9, minPhero 0.01(238), stagnancy 1.0%
[35m[MSG][0m itr   141, best 5619.0356, time   85.5, minPhero 0.01(238), stagnancy 1.3%
[35m[MSG][0m itr   142, best 5619.0356, time   86.1, minPhero 0.01(238), stagnancy 1.7%
[35m[MSG][0m itr   143, best 5619.0356, time   86.7, minPhero 0.01(238), stagnancy 2.0%
[35m[MSG][0m itr   144, best 5619.0356, time   87.3, minPhero 0.01(238), stagnancy 2.3%
[35m[MSG][0m itr   145, best 5619.0352, time   88.0, minPhero 0.01(238), stagnancy 0.0%
[35m[MSG][0m itr   146, best 5619.0352, time   88.6, minPhero 0.01(238), stagnancy 0.3%
[35m[MSG][0m itr   147, best 5619.0332, time   89.2, minPhero 0.01(239), stagnancy 0.0%
[35m[MSG][0m itr   148, best 5619.0332, time   89.8, minPhero 0.01(239), stagnancy 0.3%
[35m[MSG][0m itr   149, best 5619.0332, time   90.4, minPhero 0.01(239), stagnancy 0.7%
[35m[MSG][0m itr   150, best 5619.0332, time   91.0, minPhero 0.01(239), stagnancy 1.0%
[35m[MSG][0m itr   151, best 5619.0332, time   91.6, minPhero 0.01(239), stagnancy 1.3%
[35m[MSG][0m itr   152, best 5619.0332, time   92.2, minPhero 0.01(239), stagnancy 1.7%
[35m[MSG][0m itr   153, best 5619.0332, time   92.8, minPhero 0.01(239), stagnancy 2.0%
[35m[MSG][0m itr   154, best 5619.0332, time   93.4, minPhero 0.01(236), stagnancy 2.3%
[35m[MSG][0m itr   155, best 5619.0332, time   94.0, minPhero 0.01(236), stagnancy 2.7%
[35m[MSG][0m itr   156, best 5619.0332, time   94.6, minPhero 0.01(236), stagnancy 3.0%
[35m[MSG][0m itr   157, best 5619.0332, time   95.3, minPhero 0.01(236), stagnancy 3.3%
[35m[MSG][0m itr   158, best 5619.0332, time   95.8, minPhero 0.01(236), stagnancy 3.7%
[35m[MSG][0m itr   159, best 5619.0327, time   96.5, minPhero 0.01(236), stagnancy 0.0%
[35m[MSG][0m itr   160, best 5619.0327, time   97.1, minPhero 0.01(236), stagnancy 0.3%
[35m[MSG][0m itr   161, best 5619.0327, time   97.7, minPhero 0.01(236), stagnancy 0.7%
[35m[MSG][0m itr   162, best 5619.0327, time   98.3, minPhero 0.01(236), stagnancy 1.0%
[35m[MSG][0m itr   163, best 5619.0327, time   98.9, minPhero 0.01(233), stagnancy 1.3%
[35m[MSG][0m itr   164, best 5619.0327, time   99.5, minPhero 0.01(233), stagnancy 1.7%
[35m[MSG][0m itr   165, best 5619.0327, time  100.1, minPhero 0.01(233), stagnancy 2.0%
[35m[MSG][0m itr   166, best 5618.9653, time  100.7, minPhero 0.01(242), stagnancy 0.0%
[35m[MSG][0m itr   167, best 5618.9653, time  101.3, minPhero 0.01(242), stagnancy 0.3%
[35m[MSG][0m itr   168, best 5618.9653, time  101.9, minPhero 0.01(242), stagnancy 0.7%
[35m[MSG][0m itr   169, best 5618.9653, time  102.5, minPhero 0.01(242), stagnancy 1.0%
[35m[MSG][0m itr   170, best 5618.9653, time  103.1, minPhero 0.01(242), stagnancy 1.3%
[35m[MSG][0m itr   171, best 5618.2217, time  103.7, minPhero 0.01(243), stagnancy 0.0%
[35m[MSG][0m itr   172, best 5618.2217, time  104.3, minPhero 0.01(243), stagnancy 0.3%
[35m[MSG][0m itr   173, best 5618.2217, time  105.0, minPhero 0.01(242), stagnancy 0.7%
[35m[MSG][0m itr   174, best 5617.9956, time  105.6, minPhero 0.01(245), stagnancy 0.0%
[35m[MSG][0m itr   175, best 5617.9956, time  106.2, minPhero 0.01(245), stagnancy 0.3%
[35m[MSG][0m itr   176, best 5617.9956, time  106.8, minPhero 0.01(245), stagnancy 0.7%
[35m[MSG][0m itr   177, best 5617.9956, time  107.4, minPhero 0.01(245), stagnancy 1.0%
[35m[MSG][0m itr   178, best 5617.9956, time  108.0, minPhero 0.01(245), stagnancy 1.3%
[35m[MSG][0m itr   179, best 5617.9956, time  108.6, minPhero 0.01(245), stagnancy 1.7%
[35m[MSG][0m itr   180, best 5617.9956, time  109.2, minPhero 0.01(245), stagnancy 2.0%
[35m[MSG][0m itr   181, best 5617.9956, time  109.8, minPhero 0.01(245), stagnancy 2.3%
[35m[MSG][0m itr   182, best 5617.9956, time  110.5, minPhero 0.01(245), stagnancy 2.7%
[35m[MSG][0m itr   183, best 5617.9956, time  111.1, minPhero 0.01(245), stagnancy 3.0%
[35m[MSG][0m itr   184, best 5617.9956, time  111.7, minPhero 0.01(245), stagnancy 3.3%
[35m[MSG][0m itr   185, best 5617.9956, time  112.3, minPhero 0.01(245), stagnancy 3.7%
[35m[MSG][0m itr   186, best 5617.9956, time  112.9, minPhero 0.01(245), stagnancy 4.0%
[35m[MSG][0m itr   187, best 5617.9956, time  113.5, minPhero 0.01(245), stagnancy 4.3%
[35m[MSG][0m itr   188, best 5617.9956, time  114.1, minPhero 0.01(245), stagnancy 4.7%
[35m[MSG][0m itr   189, best 5617.9956, time  114.7, minPhero 0.01(245), stagnancy 5.0%
[35m[MSG][0m itr   190, best 5614.8296, time  115.3, minPhero 0.01(249), stagnancy 0.0%
[35m[MSG][0m itr   191, best 5614.8296, time  116.0, minPhero 0.01(249), stagnancy 0.3%
[35m[MSG][0m itr   192, best 5614.0859, time  116.6, minPhero 0.01(241), stagnancy 0.0%
[35m[MSG][0m itr   193, best 5614.0859, time  117.2, minPhero 0.01(241), stagnancy 0.3%
[35m[MSG][0m itr   194, best 5614.0854, time  117.8, minPhero 0.01(241), stagnancy 0.0%
[35m[MSG][0m itr   195, best 5614.0854, time  118.4, minPhero 0.01(241), stagnancy 0.3%
[35m[MSG][0m itr   196, best 5614.0854, time  119.0, minPhero 0.01(241), stagnancy 0.7%
[35m[MSG][0m itr   197, best 5614.0854, time  119.6, minPhero 0.01(240), stagnancy 1.0%
[35m[MSG][0m itr   198, best 5614.0854, time  120.2, minPhero 0.01(240), stagnancy 1.3%
[35m[MSG][0m itr   199, best 5614.0854, time  120.8, minPhero 0.01(240), stagnancy 1.7%
[35m[MSG][0m itr   200, best 5614.0854, time  121.4, minPhero 0.01(239), stagnancy 2.0%
[35m[MSG][0m itr   201, best 5614.0854, time  122.0, minPhero 0.01(239), stagnancy 2.3%
[35m[MSG][0m itr   202, best 5614.0854, time  122.6, minPhero 0.01(239), stagnancy 2.7%
[35m[MSG][0m itr   203, best 5614.0854, time  123.3, minPhero 0.01(239), stagnancy 3.0%
[35m[MSG][0m itr   204, best 5614.0854, time  123.9, minPhero 0.01(239), stagnancy 3.3%
[35m[MSG][0m itr   205, best 5614.0854, time  124.5, minPhero 0.01(239), stagnancy 3.7%
[35m[MSG][0m itr   206, best 5614.0854, time  125.1, minPhero 0.01(239), stagnancy 4.0%
[35m[MSG][0m itr   207, best 5614.0854, time  125.7, minPhero 0.01(239), stagnancy 4.3%
[35m[MSG][0m itr   208, best 5614.0854, time  126.3, minPhero 0.01(239), stagnancy 4.7%
[35m[MSG][0m itr   209, best 5614.0854, time  126.9, minPhero 0.01(238), stagnancy 5.0%
[35m[MSG][0m itr   210, best 5614.0854, time  127.6, minPhero 0.01(238), stagnancy 5.3%
[35m[MSG][0m itr   211, best 5614.0854, time  128.2, minPhero 0.01(238), stagnancy 5.7%
[35m[MSG][0m itr   212, best 5614.0854, time  128.8, minPhero 0.01(238), stagnancy 6.0%
[35m[MSG][0m itr   213, best 5614.0854, time  129.4, minPhero 0.01(238), stagnancy 6.3%
[35m[MSG][0m itr   214, best 5614.0854, time  130.0, minPhero 0.01(238), stagnancy 6.7%
[35m[MSG][0m itr   215, best 5614.0854, time  130.6, minPhero 0.01(236), stagnancy 7.0%
[35m[MSG][0m itr   216, best 5614.0854, time  131.2, minPhero 0.01(232), stagnancy 7.3%
[35m[MSG][0m itr   217, best 5614.0854, time  131.8, minPhero 0.01(232), stagnancy 7.7%
[35m[MSG][0m itr   218, best 5614.0854, time  132.4, minPhero 0.01(232), stagnancy 8.0%
[35m[MSG][0m itr   219, best 5614.0854, time  133.0, minPhero 0.01(232), stagnancy 8.3%
[35m[MSG][0m itr   220, best 5614.0854, time  133.6, minPhero 0.01(232), stagnancy 8.7%
[35m[MSG][0m itr   221, best 5614.0854, time  134.2, minPhero 0.01(232), stagnancy 9.0%
[35m[MSG][0m itr   222, best 5614.0854, time  134.9, minPhero 0.01(232), stagnancy 9.3%
[35m[MSG][0m itr   223, best 5614.0854, time  135.5, minPhero 0.01(232), stagnancy 9.7%
[35m[MSG][0m itr   224, best 5614.0854, time  136.1, minPhero 0.01(232), stagnancy 10.0%
[35m[MSG][0m itr   225, best 5614.0854, time  136.7, minPhero 0.01(232), stagnancy 10.3%
[35m[MSG][0m itr   226, best 5614.0854, time  137.3, minPhero 0.01(232), stagnancy 10.7%
[35m[MSG][0m itr   227, best 5614.0854, time  137.9, minPhero 0.01(232), stagnancy 11.0%
[35m[MSG][0m itr   228, best 5614.0854, time  138.5, minPhero 0.01(232), stagnancy 11.3%
[35m[MSG][0m itr   229, best 5614.0854, time  139.1, minPhero 0.01(232), stagnancy 11.7%
[35m[MSG][0m itr   230, best 5614.0854, time  139.7, minPhero 0.01(232), stagnancy 12.0%
[35m[MSG][0m itr   231, best 5614.0854, time  140.3, minPhero 0.01(232), stagnancy 12.3%
[35m[MSG][0m itr   232, best 5614.0854, time  140.9, minPhero 0.01(232), stagnancy 12.7%
[35m[MSG][0m itr   233, best 5614.0854, time  141.5, minPhero 0.01(232), stagnancy 13.0%
[35m[MSG][0m itr   234, best 5614.0854, time  142.1, minPhero 0.01(232), stagnancy 13.3%
[35m[MSG][0m itr   235, best 5614.0854, time  142.7, minPhero 0.01(232), stagnancy 13.7%
[35m[MSG][0m itr   236, best 5614.0854, time  143.4, minPhero 0.01(232), stagnancy 14.0%
[35m[MSG][0m itr   237, best 5614.0854, time  144.0, minPhero 0.01(232), stagnancy 14.3%
[35m[MSG][0m itr   238, best 5614.0854, time  144.5, minPhero 0.01(232), stagnancy 14.7%
[35m[MSG][0m itr   239, best 5614.0854, time  145.2, minPhero 0.01(232), stagnancy 15.0%
[35m[MSG][0m itr   240, best 5614.0854, time  145.8, minPhero 0.01(232), stagnancy 15.3%
[35m[MSG][0m itr   241, best 5614.0854, time  146.4, minPhero 0.01(232), stagnancy 15.7%
[35m[MSG][0m itr   242, best 5614.0854, time  147.0, minPhero 0.01(232), stagnancy 16.0%
[35m[MSG][0m itr   243, best 5614.0854, time  147.6, minPhero 0.01(232), stagnancy 16.3%
[35m[MSG][0m itr   244, best 5614.0854, time  148.2, minPhero 0.01(232), stagnancy 16.7%
[35m[MSG][0m itr   245, best 5614.0854, time  148.8, minPhero 0.01(232), stagnancy 17.0%
[35m[MSG][0m itr   246, best 5614.0854, time  149.4, minPhero 0.01(232), stagnancy 17.3%
[35m[MSG][0m itr   247, best 5614.0854, time  150.1, minPhero 0.01(232), stagnancy 17.7%
[35m[MSG][0m itr   248, best 5614.0854, time  150.7, minPhero 0.01(232), stagnancy 18.0%
[35m[MSG][0m itr   249, best 5614.0854, time  151.3, minPhero 0.01(232), stagnancy 18.3%
[35m[MSG][0m itr   250, best 5614.0854, time  151.9, minPhero 0.01(232), stagnancy 18.7%
[35m[MSG][0m itr   251, best 5614.0854, time  152.5, minPhero 0.01(232), stagnancy 19.0%
[35m[MSG][0m itr   252, best 5614.0854, time  153.0, minPhero 0.01(232), stagnancy 19.3%
[35m[MSG][0m itr   253, best 5614.0854, time  153.7, minPhero 0.01(232), stagnancy 19.7%
[35m[MSG][0m itr   254, best 5614.0854, time  154.3, minPhero 0.01(232), stagnancy 20.0%
[35m[MSG][0m itr   255, best 5614.0825, time  154.9, minPhero 0.01(235), stagnancy 0.0%
[35m[MSG][0m itr   256, best 5614.0825, time  155.5, minPhero 0.01(235), stagnancy 0.3%
[35m[MSG][0m itr   257, best 5614.0825, time  156.1, minPhero 0.01(235), stagnancy 0.7%
[35m[MSG][0m itr   258, best 5614.0825, time  156.7, minPhero 0.01(235), stagnancy 1.0%
[35m[MSG][0m itr   259, best 5614.0825, time  157.3, minPhero 0.01(235), stagnancy 1.3%
[35m[MSG][0m itr   260, best 5614.0825, time  157.9, minPhero 0.01(235), stagnancy 1.7%
[35m[MSG][0m itr   261, best 5614.0825, time  158.5, minPhero 0.01(235), stagnancy 2.0%
[35m[MSG][0m itr   262, best 5614.0820, time  159.1, minPhero 0.01(235), stagnancy 0.0%
[35m[MSG][0m itr   263, best 5614.0820, time  159.7, minPhero 0.01(235), stagnancy 0.3%
[35m[MSG][0m itr   264, best 5614.0820, time  160.3, minPhero 0.01(235), stagnancy 0.7%
[35m[MSG][0m itr   265, best 5614.0820, time  160.9, minPhero 0.01(235), stagnancy 1.0%
[35m[MSG][0m itr   266, best 5614.0820, time  161.5, minPhero 0.01(235), stagnancy 1.3%
[35m[MSG][0m itr   267, best 5614.0820, time  162.1, minPhero 0.01(235), stagnancy 1.7%
[35m[MSG][0m itr   268, best 5614.0820, time  162.7, minPhero 0.01(235), stagnancy 2.0%
[35m[MSG][0m itr   269, best 5614.0820, time  163.3, minPhero 0.01(235), stagnancy 2.3%
[35m[MSG][0m itr   270, best 5614.0820, time  164.0, minPhero 0.01(235), stagnancy 2.7%
[35m[MSG][0m itr   271, best 5614.0820, time  164.6, minPhero 0.01(235), stagnancy 3.0%
[35m[MSG][0m itr   272, best 5614.0820, time  165.2, minPhero 0.01(235), stagnancy 3.3%
[35m[MSG][0m itr   273, best 5614.0820, time  165.8, minPhero 0.01(235), stagnancy 3.7%
[35m[MSG][0m itr   274, best 5614.0820, time  166.4, minPhero 0.01(235), stagnancy 4.0%
[35m[MSG][0m itr   275, best 5614.0820, time  167.0, minPhero 0.01(235), stagnancy 4.3%
[35m[MSG][0m itr   276, best 5614.0820, time  167.6, minPhero 0.01(235), stagnancy 4.7%
[35m[MSG][0m itr   277, best 5614.0820, time  168.2, minPhero 0.01(235), stagnancy 5.0%
[35m[MSG][0m itr   278, best 5614.0820, time  168.8, minPhero 0.01(235), stagnancy 5.3%
[35m[MSG][0m itr   279, best 5614.0820, time  169.4, minPhero 0.01(235), stagnancy 5.7%
[35m[MSG][0m itr   280, best 5614.0820, time  170.0, minPhero 0.01(235), stagnancy 6.0%
[35m[MSG][0m itr   281, best 5614.0820, time  170.7, minPhero 0.01(232), stagnancy 6.3%
[35m[MSG][0m itr   282, best 5614.0820, time  171.3, minPhero 0.01(232), stagnancy 6.7%
[35m[MSG][0m itr   283, best 5614.0820, time  171.9, minPhero 0.01(232), stagnancy 7.0%
[35m[MSG][0m itr   284, best 5614.0820, time  172.5, minPhero 0.01(232), stagnancy 7.3%
[35m[MSG][0m itr   285, best 5614.0820, time  173.1, minPhero 0.01(232), stagnancy 7.7%
[35m[MSG][0m itr   286, best 5614.0820, time  173.7, minPhero 0.01(232), stagnancy 8.0%
[35m[MSG][0m itr   287, best 5614.0820, time  174.3, minPhero 0.01(232), stagnancy 8.3%
[35m[MSG][0m itr   288, best 5613.6538, time  174.9, minPhero 0.01(238), stagnancy 0.0%
[35m[MSG][0m itr   289, best 5613.6538, time  175.5, minPhero 0.01(238), stagnancy 0.3%
[35m[MSG][0m itr   290, best 5613.6538, time  176.1, minPhero 0.01(238), stagnancy 0.7%
[35m[MSG][0m itr   291, best 5613.6538, time  176.7, minPhero 0.01(238), stagnancy 1.0%
[35m[MSG][0m itr   292, best 5613.6538, time  177.2, minPhero 0.01(238), stagnancy 1.3%
[35m[MSG][0m itr   293, best 5613.6538, time  177.7, minPhero 0.01(238), stagnancy 1.7%
[35m[MSG][0m itr   294, best 5613.6533, time  178.3, minPhero 0.01(238), stagnancy 0.0%
[35m[MSG][0m itr   295, best 5613.6533, time  178.8, minPhero 0.01(238), stagnancy 0.3%
[35m[MSG][0m itr   296, best 5613.6533, time  179.4, minPhero 0.01(238), stagnancy 0.7%
[35m[MSG][0m itr   297, best 5613.6533, time  180.0, minPhero 0.01(238), stagnancy 1.0%
[35m[MSG][0m itr   298, best 5613.6533, time  180.5, minPhero 0.01(238), stagnancy 1.3%
[35m[MSG][0m itr   299, best 5613.6533, time  181.1, minPhero 0.01(238), stagnancy 1.7%
[35m[MSG][0m itr   300, best 5613.6533, time  181.6, minPhero 0.01(238), stagnancy 2.0%
[35m[MSG][0m itr   301, best 5613.6533, time  182.2, minPhero 0.01(238), stagnancy 2.3%
[35m[MSG][0m itr   302, best 5613.6533, time  182.8, minPhero 0.01(238), stagnancy 2.7%
[35m[MSG][0m itr   303, best 5613.6533, time  183.4, minPhero 0.01(238), stagnancy 3.0%
[35m[MSG][0m itr   304, best 5613.6533, time  184.0, minPhero 0.01(238), stagnancy 3.3%
[35m[MSG][0m itr   305, best 5613.6533, time  184.6, minPhero 0.01(238), stagnancy 3.7%
[35m[MSG][0m itr   306, best 5613.6533, time  185.3, minPhero 0.01(238), stagnancy 4.0%
[35m[MSG][0m itr   307, best 5613.6533, time  185.9, minPhero 0.01(238), stagnancy 4.3%
[35m[MSG][0m itr   308, best 5613.6533, time  186.5, minPhero 0.01(238), stagnancy 4.7%
[35m[MSG][0m itr   309, best 5613.6533, time  187.1, minPhero 0.01(238), stagnancy 5.0%
[35m[MSG][0m itr   310, best 5613.6533, time  187.8, minPhero 0.01(238), stagnancy 5.3%
[35m[MSG][0m itr   311, best 5613.6533, time  188.4, minPhero 0.01(238), stagnancy 5.7%
[35m[MSG][0m itr   312, best 5613.6533, time  189.0, minPhero 0.01(238), stagnancy 6.0%
[35m[MSG][0m itr   313, best 5613.6533, time  189.5, minPhero 0.01(238), stagnancy 6.3%
[35m[MSG][0m itr   314, best 5613.6533, time  190.2, minPhero 0.01(232), stagnancy 6.7%
[35m[MSG][0m itr   315, best 5613.6533, time  190.8, minPhero 0.01(232), stagnancy 7.0%
[35m[MSG][0m itr   316, best 5613.6533, time  191.4, minPhero 0.01(232), stagnancy 7.3%
[35m[MSG][0m itr   317, best 5613.6533, time  192.0, minPhero 0.01(232), stagnancy 7.7%
[35m[MSG][0m itr   318, best 5613.6533, time  192.6, minPhero 0.01(232), stagnancy 8.0%
[35m[MSG][0m itr   319, best 5613.6533, time  193.2, minPhero 0.01(232), stagnancy 8.3%
[35m[MSG][0m itr   320, best 5613.6533, time  193.8, minPhero 0.01(232), stagnancy 8.7%
[35m[MSG][0m itr   321, best 5613.6533, time  194.4, minPhero 0.01(232), stagnancy 9.0%
[35m[MSG][0m itr   322, best 5613.6533, time  195.0, minPhero 0.01(232), stagnancy 9.3%
[35m[MSG][0m itr   323, best 5613.6533, time  195.7, minPhero 0.01(232), stagnancy 9.7%
[35m[MSG][0m itr   324, best 5613.6533, time  196.3, minPhero 0.01(232), stagnancy 10.0%
[35m[MSG][0m itr   325, best 5613.6533, time  196.9, minPhero 0.01(232), stagnancy 10.3%
[35m[MSG][0m itr   326, best 5613.6533, time  197.5, minPhero 0.01(232), stagnancy 10.7%
[35m[MSG][0m itr   327, best 5613.6533, time  198.1, minPhero 0.01(232), stagnancy 11.0%
[35m[MSG][0m itr   328, best 5613.6533, time  198.7, minPhero 0.01(232), stagnancy 11.3%
[35m[MSG][0m itr   329, best 5613.6533, time  199.3, minPhero 0.01(232), stagnancy 11.7%
[35m[MSG][0m itr   330, best 5613.6533, time  199.9, minPhero 0.01(232), stagnancy 12.0%
[35m[MSG][0m itr   331, best 5613.6533, time  200.5, minPhero 0.01(232), stagnancy 12.3%
[35m[MSG][0m itr   332, best 5613.6533, time  201.1, minPhero 0.01(232), stagnancy 12.7%
[35m[MSG][0m itr   333, best 5613.6533, time  201.8, minPhero 0.01(232), stagnancy 13.0%
[35m[MSG][0m itr   334, best 5613.6533, time  202.4, minPhero 0.01(232), stagnancy 13.3%
[35m[MSG][0m itr   335, best 5613.6533, time  203.0, minPhero 0.01(232), stagnancy 13.7%
[35m[MSG][0m itr   336, best 5613.6533, time  203.6, minPhero 0.01(232), stagnancy 14.0%
[35m[MSG][0m itr   337, best 5613.6533, time  204.2, minPhero 0.01(232), stagnancy 14.3%
[35m[MSG][0m itr   338, best 5613.6533, time  204.8, minPhero 0.01(232), stagnancy 14.7%
[35m[MSG][0m itr   339, best 5613.6533, time  205.4, minPhero 0.01(232), stagnancy 15.0%
[35m[MSG][0m itr   340, best 5613.6533, time  206.0, minPhero 0.01(232), stagnancy 15.3%
[35m[MSG][0m itr   341, best 5613.6533, time  206.6, minPhero 0.01(232), stagnancy 15.7%
[35m[MSG][0m itr   342, best 5613.6533, time  207.2, minPhero 0.01(232), stagnancy 16.0%
[35m[MSG][0m itr   343, best 5613.6533, time  207.8, minPhero 0.01(232), stagnancy 16.3%
[35m[MSG][0m itr   344, best 5613.6533, time  208.4, minPhero 0.01(232), stagnancy 16.7%
[35m[MSG][0m itr   345, best 5613.6533, time  209.1, minPhero 0.01(232), stagnancy 17.0%
[35m[MSG][0m itr   346, best 5613.6533, time  209.7, minPhero 0.01(232), stagnancy 17.3%
[35m[MSG][0m itr   347, best 5613.6533, time  210.3, minPhero 0.01(232), stagnancy 17.7%
[35m[MSG][0m itr   348, best 5613.6533, time  210.9, minPhero 0.01(232), stagnancy 18.0%
[35m[MSG][0m itr   349, best 5613.6533, time  211.5, minPhero 0.01(232), stagnancy 18.3%
[35m[MSG][0m itr   350, best 5613.6533, time  212.1, minPhero 0.01(232), stagnancy 18.7%
[35m[MSG][0m itr   351, best 5613.6533, time  212.7, minPhero 0.01(232), stagnancy 19.0%
[35m[MSG][0m itr   352, best 5613.6533, time  213.3, minPhero 0.01(232), stagnancy 19.3%
[35m[MSG][0m itr   353, best 5613.6533, time  213.9, minPhero 0.01(232), stagnancy 19.7%
[35m[MSG][0m itr   354, best 5613.6533, time  214.5, minPhero 0.01(232), stagnancy 20.0%
[35m[MSG][0m itr   355, best 5613.6533, time  215.2, minPhero 0.01(232), stagnancy 20.3%
[35m[MSG][0m itr   356, best 5613.6533, time  215.8, minPhero 0.01(232), stagnancy 20.7%
[35m[MSG][0m itr   357, best 5613.6533, time  216.4, minPhero 0.01(232), stagnancy 21.0%
[35m[MSG][0m itr   358, best 5613.6533, time  217.0, minPhero 0.01(232), stagnancy 21.3%
[35m[MSG][0m itr   359, best 5613.6533, time  217.6, minPhero 0.01(232), stagnancy 21.7%
[35m[MSG][0m itr   360, best 5613.6533, time  218.2, minPhero 0.01(232), stagnancy 22.0%
[35m[MSG][0m itr   361, best 5613.6533, time  218.9, minPhero 0.01(232), stagnancy 22.3%
[35m[MSG][0m itr   362, best 5613.6533, time  219.5, minPhero 0.01(232), stagnancy 22.7%
[35m[MSG][0m itr   363, best 5613.6533, time  220.1, minPhero 0.01(232), stagnancy 23.0%
[35m[MSG][0m itr   364, best 5613.6533, time  220.7, minPhero 0.01(232), stagnancy 23.3%
[35m[MSG][0m itr   365, best 5613.6533, time  221.3, minPhero 0.01(232), stagnancy 23.7%
[35m[MSG][0m itr   366, best 5613.6533, time  221.9, minPhero 0.01(232), stagnancy 24.0%
[35m[MSG][0m itr   367, best 5613.6533, time  222.5, minPhero 0.01(232), stagnancy 24.3%
[35m[MSG][0m itr   368, best 5613.6533, time  223.1, minPhero 0.01(232), stagnancy 24.7%
[35m[MSG][0m itr   369, best 5613.6533, time  223.7, minPhero 0.01(232), stagnancy 25.0%
[35m[MSG][0m itr   370, best 5613.6533, time  224.3, minPhero 0.01(232), stagnancy 25.3%
[35m[MSG][0m itr   371, best 5613.6533, time  225.0, minPhero 0.01(232), stagnancy 25.7%
[35m[MSG][0m itr   372, best 5613.6533, time  225.6, minPhero 0.01(232), stagnancy 26.0%
[35m[MSG][0m itr   373, best 5613.6533, time  226.2, minPhero 0.01(232), stagnancy 26.3%
[35m[MSG][0m itr   374, best 5613.6533, time  226.8, minPhero 0.01(232), stagnancy 26.7%
[35m[MSG][0m itr   375, best 5613.6533, time  227.4, minPhero 0.01(232), stagnancy 27.0%
[35m[MSG][0m itr   376, best 5613.6533, time  228.0, minPhero 0.01(232), stagnancy 27.3%
[35m[MSG][0m itr   377, best 5613.6533, time  228.6, minPhero 0.01(232), stagnancy 27.7%
[35m[MSG][0m itr   378, best 5613.6533, time  229.2, minPhero 0.01(232), stagnancy 28.0%
[35m[MSG][0m itr   379, best 5613.6533, time  229.8, minPhero 0.01(232), stagnancy 28.3%
[35m[MSG][0m itr   380, best 5613.6533, time  230.5, minPhero 0.01(232), stagnancy 28.7%
[35m[MSG][0m itr   381, best 5613.6533, time  231.1, minPhero 0.01(232), stagnancy 29.0%
[35m[MSG][0m itr   382, best 5613.6533, time  231.7, minPhero 0.01(232), stagnancy 29.3%
[35m[MSG][0m itr   383, best 5613.6533, time  232.3, minPhero 0.01(232), stagnancy 29.7%
[35m[MSG][0m itr   384, best 5613.6533, time  232.9, minPhero 0.01(232), stagnancy 30.0%
[35m[MSG][0m itr   385, best 5613.6533, time  233.5, minPhero 0.01(232), stagnancy 30.3%
[35m[MSG][0m itr   386, best 5613.6533, time  234.1, minPhero 0.01(232), stagnancy 30.7%
[35m[MSG][0m itr   387, best 5613.6533, time  234.7, minPhero 0.01(232), stagnancy 31.0%
[35m[MSG][0m itr   388, best 5613.6533, time  235.3, minPhero 0.01(232), stagnancy 31.3%
[35m[MSG][0m itr   389, best 5613.6533, time  235.9, minPhero 0.01(232), stagnancy 31.7%
[35m[MSG][0m itr   390, best 5613.6533, time  236.5, minPhero 0.01(232), stagnancy 32.0%
[35m[MSG][0m itr   391, best 5613.6533, time  237.1, minPhero 0.01(232), stagnancy 32.3%
[35m[MSG][0m itr   392, best 5613.6533, time  237.7, minPhero 0.01(232), stagnancy 32.7%
[35m[MSG][0m itr   393, best 5613.6533, time  238.3, minPhero 0.01(232), stagnancy 33.0%
[35m[MSG][0m itr   394, best 5613.6533, time  238.9, minPhero 0.01(232), stagnancy 33.3%
[35m[MSG][0m itr   395, best 5613.6533, time  239.5, minPhero 0.01(232), stagnancy 33.7%
[35m[MSG][0m itr   396, best 5613.6533, time  240.1, minPhero 0.01(232), stagnancy 34.0%
[35m[MSG][0m itr   397, best 5613.6533, time  240.7, minPhero 0.01(232), stagnancy 34.3%
[35m[MSG][0m itr   398, best 5613.6533, time  241.3, minPhero 0.01(232), stagnancy 34.7%
[35m[MSG][0m itr   399, best 5613.6533, time  241.9, minPhero 0.01(232), stagnancy 35.0%
[35m[MSG][0m itr   400, best 5613.6533, time  242.5, minPhero 0.01(232), stagnancy 35.3%
[35m[MSG][0m itr   401, best 5613.6533, time  243.2, minPhero 0.01(232), stagnancy 35.7%
[35m[MSG][0m itr   402, best 5613.6533, time  243.8, minPhero 0.01(232), stagnancy 36.0%
[35m[MSG][0m itr   403, best 5613.6533, time  244.4, minPhero 0.01(232), stagnancy 36.3%
[35m[MSG][0m itr   404, best 5613.6533, time  245.0, minPhero 0.01(232), stagnancy 36.7%
[35m[MSG][0m itr   405, best 5613.6533, time  245.6, minPhero 0.01(232), stagnancy 37.0%
[35m[MSG][0m itr   406, best 5613.6533, time  246.2, minPhero 0.01(232), stagnancy 37.3%
[35m[MSG][0m itr   407, best 5613.6533, time  246.8, minPhero 0.01(232), stagnancy 37.7%
[35m[MSG][0m itr   408, best 5613.6533, time  247.5, minPhero 0.01(232), stagnancy 38.0%
[35m[MSG][0m itr   409, best 5613.6533, time  248.1, minPhero 0.01(232), stagnancy 38.3%
[35m[MSG][0m itr   410, best 5613.6533, time  248.7, minPhero 0.01(232), stagnancy 38.7%
[35m[MSG][0m itr   411, best 5613.6533, time  249.3, minPhero 0.01(232), stagnancy 39.0%
[35m[MSG][0m itr   412, best 5613.6533, time  249.9, minPhero 0.01(232), stagnancy 39.3%
[35m[MSG][0m itr   413, best 5613.6533, time  250.5, minPhero 0.01(232), stagnancy 39.7%
[35m[MSG][0m itr   414, best 5613.6533, time  251.1, minPhero 0.01(232), stagnancy 40.0%
[35m[MSG][0m itr   415, best 5613.6533, time  251.7, minPhero 0.01(232), stagnancy 40.3%
[35m[MSG][0m itr   416, best 5613.6533, time  252.3, minPhero 0.01(232), stagnancy 40.7%
[35m[MSG][0m itr   417, best 5613.6533, time  252.9, minPhero 0.01(232), stagnancy 41.0%
[35m[MSG][0m itr   418, best 5613.6533, time  253.6, minPhero 0.01(232), stagnancy 41.3%
[35m[MSG][0m itr   419, best 5613.6533, time  254.2, minPhero 0.01(232), stagnancy 41.7%
[35m[MSG][0m itr   420, best 5613.6533, time  254.8, minPhero 0.01(232), stagnancy 42.0%
[35m[MSG][0m itr   421, best 5613.6533, time  255.4, minPhero 0.01(232), stagnancy 42.3%
[35m[MSG][0m itr   422, best 5613.6533, time  255.9, minPhero 0.01(232), stagnancy 42.7%
[35m[MSG][0m itr   423, best 5613.6533, time  256.5, minPhero 0.01(232), stagnancy 43.0%
[35m[MSG][0m itr   424, best 5613.6533, time  257.1, minPhero 0.01(232), stagnancy 43.3%
[35m[MSG][0m itr   425, best 5613.6533, time  257.8, minPhero 0.01(232), stagnancy 43.7%
[35m[MSG][0m itr   426, best 5613.6533, time  258.4, minPhero 0.01(232), stagnancy 44.0%
[35m[MSG][0m itr   427, best 5613.6533, time  259.0, minPhero 0.01(232), stagnancy 44.3%
[35m[MSG][0m itr   428, best 5613.6533, time  259.6, minPhero 0.01(232), stagnancy 44.7%
[35m[MSG][0m itr   429, best 5613.6533, time  260.2, minPhero 0.01(232), stagnancy 45.0%
[35m[MSG][0m itr   430, best 5613.6533, time  260.8, minPhero 0.01(232), stagnancy 45.3%
[35m[MSG][0m itr   431, best 5613.6533, time  261.4, minPhero 0.01(232), stagnancy 45.7%
[35m[MSG][0m itr   432, best 5613.6533, time  262.0, minPhero 0.01(232), stagnancy 46.0%
[35m[MSG][0m itr   433, best 5613.6533, time  262.6, minPhero 0.01(232), stagnancy 46.3%
[35m[MSG][0m itr   434, best 5613.6533, time  263.2, minPhero 0.01(232), stagnancy 46.7%
[35m[MSG][0m itr   435, best 5613.6533, time  263.8, minPhero 0.01(232), stagnancy 47.0%
[35m[MSG][0m itr   436, best 5613.6533, time  264.4, minPhero 0.01(232), stagnancy 47.3%
[35m[MSG][0m itr   437, best 5613.6533, time  265.0, minPhero 0.01(232), stagnancy 47.7%
[35m[MSG][0m itr   438, best 5613.6533, time  265.6, minPhero 0.01(232), stagnancy 48.0%
[35m[MSG][0m itr   439, best 5613.6533, time  266.3, minPhero 0.01(232), stagnancy 48.3%
[35m[MSG][0m itr   440, best 5613.6533, time  266.9, minPhero 0.01(232), stagnancy 48.7%
[35m[MSG][0m itr   441, best 5613.6533, time  267.5, minPhero 0.01(232), stagnancy 49.0%
[35m[MSG][0m itr   442, best 5613.6533, time  268.1, minPhero 0.01(232), stagnancy 49.3%
[35m[MSG][0m itr   443, best 5613.6533, time  268.7, minPhero 0.01(232), stagnancy 49.7%
[35m[MSG][0m itr   444, best 5613.6533, time  269.3, minPhero 0.01(232), stagnancy 50.0%
[35m[MSG][0m itr   445, best 5613.6533, time  269.9, minPhero 0.01(232), stagnancy 50.3%
[35m[MSG][0m itr   446, best 5613.6533, time  270.5, minPhero 0.01(232), stagnancy 50.7%
[35m[MSG][0m itr   447, best 5613.6533, time  271.2, minPhero 0.01(232), stagnancy 51.0%
[35m[MSG][0m itr   448, best 5613.6533, time  271.8, minPhero 0.01(232), stagnancy 51.3%
[35m[MSG][0m itr   449, best 5613.6533, time  272.4, minPhero 0.01(232), stagnancy 51.7%
[35m[MSG][0m itr   450, best 5613.6533, time  273.0, minPhero 0.01(232), stagnancy 52.0%
[35m[MSG][0m itr   451, best 5613.6533, time  273.6, minPhero 0.01(232), stagnancy 52.3%
[35m[MSG][0m itr   452, best 5613.6533, time  274.2, minPhero 0.01(232), stagnancy 52.7%
[35m[MSG][0m itr   453, best 5613.6533, time  274.8, minPhero 0.01(232), stagnancy 53.0%
[35m[MSG][0m itr   454, best 5613.6533, time  275.4, minPhero 0.01(232), stagnancy 53.3%
[35m[MSG][0m itr   455, best 5613.6533, time  276.0, minPhero 0.01(232), stagnancy 53.7%
[35m[MSG][0m itr   456, best 5613.6533, time  276.6, minPhero 0.01(232), stagnancy 54.0%
[35m[MSG][0m itr   457, best 5613.6533, time  277.2, minPhero 0.01(232), stagnancy 54.3%
[35m[MSG][0m itr   458, best 5613.6533, time  277.8, minPhero 0.01(232), stagnancy 54.7%
[35m[MSG][0m itr   459, best 5613.6533, time  278.4, minPhero 0.01(232), stagnancy 55.0%
[35m[MSG][0m itr   460, best 5613.6533, time  279.1, minPhero 0.01(232), stagnancy 55.3%
[35m[MSG][0m itr   461, best 5613.6533, time  279.7, minPhero 0.01(232), stagnancy 55.7%
[35m[MSG][0m itr   462, best 5613.6533, time  280.3, minPhero 0.01(232), stagnancy 56.0%
[35m[MSG][0m itr   463, best 5613.6533, time  280.9, minPhero 0.01(232), stagnancy 56.3%
[35m[MSG][0m itr   464, best 5613.6533, time  281.5, minPhero 0.01(232), stagnancy 56.7%
[35m[MSG][0m itr   465, best 5613.6533, time  282.1, minPhero 0.01(232), stagnancy 57.0%
[35m[MSG][0m itr   466, best 5613.6533, time  282.7, minPhero 0.01(232), stagnancy 57.3%
[35m[MSG][0m itr   467, best 5613.6533, time  283.3, minPhero 0.01(232), stagnancy 57.7%
[35m[MSG][0m itr   468, best 5613.6533, time  283.9, minPhero 0.01(232), stagnancy 58.0%
[35m[MSG][0m itr   469, best 5613.6533, time  284.5, minPhero 0.01(232), stagnancy 58.3%
[35m[MSG][0m itr   470, best 5613.6533, time  285.1, minPhero 0.01(232), stagnancy 58.7%
[35m[MSG][0m itr   471, best 5613.6533, time  285.7, minPhero 0.01(232), stagnancy 59.0%
[35m[MSG][0m itr   472, best 5613.6533, time  286.4, minPhero 0.01(232), stagnancy 59.3%
[35m[MSG][0m itr   473, best 5613.6533, time  287.0, minPhero 0.01(232), stagnancy 59.7%
[35m[MSG][0m itr   474, best 5613.6533, time  287.6, minPhero 0.01(232), stagnancy 60.0%
[35m[MSG][0m itr   475, best 5613.6533, time  288.2, minPhero 0.01(232), stagnancy 60.3%
[35m[MSG][0m itr   476, best 5613.6533, time  288.8, minPhero 0.01(232), stagnancy 60.7%
[35m[MSG][0m itr   477, best 5613.6533, time  289.4, minPhero 0.01(232), stagnancy 61.0%
[35m[MSG][0m itr   478, best 5613.6533, time  290.0, minPhero 0.01(232), stagnancy 61.3%
[35m[MSG][0m itr   479, best 5613.6533, time  290.6, minPhero 0.01(232), stagnancy 61.7%
[35m[MSG][0m itr   480, best 5613.6533, time  291.2, minPhero 0.01(232), stagnancy 62.0%
[35m[MSG][0m itr   481, best 5613.6533, time  291.8, minPhero 0.01(232), stagnancy 62.3%
[35m[MSG][0m itr   482, best 5613.6533, time  292.5, minPhero 0.01(232), stagnancy 62.7%
[35m[MSG][0m itr   483, best 5613.6533, time  293.1, minPhero 0.01(232), stagnancy 63.0%
[35m[MSG][0m itr   484, best 5613.6533, time  293.7, minPhero 0.01(232), stagnancy 63.3%
[35m[MSG][0m itr   485, best 5613.6533, time  294.3, minPhero 0.01(232), stagnancy 63.7%
[35m[MSG][0m itr   486, best 5613.6533, time  294.9, minPhero 0.01(232), stagnancy 64.0%
[35m[MSG][0m itr   487, best 5613.6533, time  295.5, minPhero 0.01(232), stagnancy 64.3%
[35m[MSG][0m itr   488, best 5613.6533, time  296.1, minPhero 0.01(232), stagnancy 64.7%
[35m[MSG][0m itr   489, best 5613.6533, time  296.7, minPhero 0.01(232), stagnancy 65.0%
[35m[MSG][0m itr   490, best 5613.6533, time  297.3, minPhero 0.01(232), stagnancy 65.3%
[35m[MSG][0m itr   491, best 5613.6533, time  297.9, minPhero 0.01(232), stagnancy 65.7%
[35m[MSG][0m itr   492, best 5613.6533, time  298.6, minPhero 0.01(232), stagnancy 66.0%
[35m[MSG][0m itr   493, best 5613.6533, time  299.2, minPhero 0.01(232), stagnancy 66.3%
[35m[MSG][0m itr   494, best 5613.6533, time  299.8, minPhero 0.01(232), stagnancy 66.7%
[35m[MSG][0m itr   495, best 5613.6533, time  300.4, minPhero 0.01(232), stagnancy 67.0%
[35m[MSG][0m itr   496, best 5613.6533, time  301.0, minPhero 0.01(232), stagnancy 67.3%
[35m[MSG][0m itr   497, best 5613.6533, time  301.6, minPhero 0.01(232), stagnancy 67.7%
[35m[MSG][0m itr   498, best 5613.6533, time  302.2, minPhero 0.01(232), stagnancy 68.0%
[35m[MSG][0m itr   499, best 5613.6533, time  302.8, minPhero 0.01(232), stagnancy 68.3%
[35m[MSG][0m itr   500, best 5613.6533, time  303.4, minPhero 0.01(232), stagnancy 68.7%
[35m[MSG][0m itr   501, best 5613.6533, time  304.0, minPhero 0.01(232), stagnancy 69.0%
[35m[MSG][0m itr   502, best 5613.6533, time  304.6, minPhero 0.01(232), stagnancy 69.3%
[35m[MSG][0m itr   503, best 5613.6533, time  305.2, minPhero 0.01(232), stagnancy 69.7%
[35m[MSG][0m itr   504, best 5613.6533, time  305.9, minPhero 0.01(232), stagnancy 70.0%
[35m[MSG][0m itr   505, best 5613.6533, time  306.5, minPhero 0.01(232), stagnancy 70.3%
[35m[MSG][0m itr   506, best 5613.6533, time  307.1, minPhero 0.01(232), stagnancy 70.7%
[35m[MSG][0m itr   507, best 5613.6533, time  307.7, minPhero 0.01(232), stagnancy 71.0%
[35m[MSG][0m itr   508, best 5613.6533, time  308.3, minPhero 0.01(232), stagnancy 71.3%
[35m[MSG][0m itr   509, best 5613.6533, time  308.9, minPhero 0.01(232), stagnancy 71.7%
[35m[MSG][0m itr   510, best 5613.6533, time  309.5, minPhero 0.01(232), stagnancy 72.0%
[35m[MSG][0m itr   511, best 5613.6533, time  310.1, minPhero 0.01(232), stagnancy 72.3%
[35m[MSG][0m itr   512, best 5613.6533, time  310.7, minPhero 0.01(232), stagnancy 72.7%
[35m[MSG][0m itr   513, best 5613.6533, time  311.3, minPhero 0.01(232), stagnancy 73.0%
[35m[MSG][0m itr   514, best 5613.6533, time  311.9, minPhero 0.01(232), stagnancy 73.3%
[35m[MSG][0m itr   515, best 5613.6533, time  312.5, minPhero 0.01(232), stagnancy 73.7%
[35m[MSG][0m itr   516, best 5613.6533, time  313.1, minPhero 0.01(232), stagnancy 74.0%
[35m[MSG][0m itr   517, best 5613.6533, time  313.7, minPhero 0.01(232), stagnancy 74.3%
[35m[MSG][0m itr   518, best 5613.6533, time  314.3, minPhero 0.01(232), stagnancy 74.7%
[35m[MSG][0m itr   519, best 5613.6533, time  315.0, minPhero 0.01(232), stagnancy 75.0%
[35m[MSG][0m itr   520, best 5613.6533, time  315.6, minPhero 0.01(232), stagnancy 75.3%
[35m[MSG][0m itr   521, best 5613.6533, time  316.2, minPhero 0.01(232), stagnancy 75.7%
[35m[MSG][0m itr   522, best 5613.6533, time  316.8, minPhero 0.01(232), stagnancy 76.0%
[35m[MSG][0m itr   523, best 5613.6533, time  317.4, minPhero 0.01(232), stagnancy 76.3%
[35m[MSG][0m itr   524, best 5613.6533, time  318.0, minPhero 0.01(232), stagnancy 76.7%
[35m[MSG][0m itr   525, best 5613.6533, time  318.6, minPhero 0.01(232), stagnancy 77.0%
[35m[MSG][0m itr   526, best 5613.6533, time  319.2, minPhero 0.01(232), stagnancy 77.3%
[35m[MSG][0m itr   527, best 5613.6533, time  319.8, minPhero 0.01(232), stagnancy 77.7%
[35m[MSG][0m itr   528, best 5613.6533, time  320.4, minPhero 0.01(232), stagnancy 78.0%
[35m[MSG][0m itr   529, best 5613.6533, time  321.0, minPhero 0.01(232), stagnancy 78.3%
[35m[MSG][0m itr   530, best 5613.6533, time  321.6, minPhero 0.01(232), stagnancy 78.7%
[35m[MSG][0m itr   531, best 5613.6533, time  322.3, minPhero 0.01(232), stagnancy 79.0%
[35m[MSG][0m itr   532, best 5613.6533, time  322.9, minPhero 0.01(232), stagnancy 79.3%
[35m[MSG][0m itr   533, best 5613.6533, time  323.5, minPhero 0.01(232), stagnancy 79.7%
[35m[MSG][0m itr   534, best 5613.6533, time  324.1, minPhero 0.01(232), stagnancy 80.0%
[35m[MSG][0m itr   535, best 5613.6533, time  324.7, minPhero 0.01(232), stagnancy 80.3%
[35m[MSG][0m itr   536, best 5613.6533, time  325.3, minPhero 0.01(232), stagnancy 80.7%
[35m[MSG][0m itr   537, best 5613.6533, time  325.9, minPhero 0.01(232), stagnancy 81.0%
[35m[MSG][0m itr   538, best 5613.6533, time  326.6, minPhero 0.01(232), stagnancy 81.3%
[35m[MSG][0m itr   539, best 5613.6533, time  327.2, minPhero 0.01(232), stagnancy 81.7%
[35m[MSG][0m itr   540, best 5613.6533, time  327.8, minPhero 0.01(232), stagnancy 82.0%
[35m[MSG][0m itr   541, best 5613.6533, time  328.4, minPhero 0.01(232), stagnancy 82.3%
[35m[MSG][0m itr   542, best 5613.6533, time  329.0, minPhero 0.01(232), stagnancy 82.7%
[35m[MSG][0m itr   543, best 5613.6533, time  329.6, minPhero 0.01(232), stagnancy 83.0%
[35m[MSG][0m itr   544, best 5613.6533, time  330.2, minPhero 0.01(232), stagnancy 83.3%
[35m[MSG][0m itr   545, best 5613.6533, time  330.9, minPhero 0.01(232), stagnancy 83.7%
[35m[MSG][0m itr   546, best 5613.6533, time  331.5, minPhero 0.01(232), stagnancy 84.0%
[35m[MSG][0m itr   547, best 5613.6533, time  332.1, minPhero 0.01(232), stagnancy 84.3%
[35m[MSG][0m itr   548, best 5613.6533, time  332.7, minPhero 0.01(232), stagnancy 84.7%
[35m[MSG][0m itr   549, best 5613.6533, time  333.3, minPhero 0.01(232), stagnancy 85.0%
[35m[MSG][0m itr   550, best 5613.6533, time  333.9, minPhero 0.01(232), stagnancy 85.3%
[35m[MSG][0m itr   551, best 5613.6533, time  334.5, minPhero 0.01(232), stagnancy 85.7%
[35m[MSG][0m itr   552, best 5613.6533, time  335.1, minPhero 0.01(232), stagnancy 86.0%
[35m[MSG][0m itr   553, best 5613.6533, time  335.7, minPhero 0.01(232), stagnancy 86.3%
[35m[MSG][0m itr   554, best 5613.6533, time  336.3, minPhero 0.01(232), stagnancy 86.7%
[35m[MSG][0m itr   555, best 5613.6533, time  336.9, minPhero 0.01(232), stagnancy 87.0%
[35m[MSG][0m itr   556, best 5613.6533, time  337.5, minPhero 0.01(232), stagnancy 87.3%
[35m[MSG][0m itr   557, best 5613.6533, time  338.1, minPhero 0.01(232), stagnancy 87.7%
[35m[MSG][0m itr   558, best 5613.6533, time  338.7, minPhero 0.01(232), stagnancy 88.0%
[35m[MSG][0m itr   559, best 5613.6533, time  339.3, minPhero 0.01(232), stagnancy 88.3%
[35m[MSG][0m itr   560, best 5613.6533, time  339.9, minPhero 0.01(232), stagnancy 88.7%
[35m[MSG][0m itr   561, best 5613.6533, time  340.5, minPhero 0.01(232), stagnancy 89.0%
[35m[MSG][0m itr   562, best 5613.6533, time  341.2, minPhero 0.01(232), stagnancy 89.3%
[35m[MSG][0m itr   563, best 5613.6533, time  341.8, minPhero 0.01(232), stagnancy 89.7%
[35m[MSG][0m itr   564, best 5613.6533, time  342.4, minPhero 0.01(232), stagnancy 90.0%
[35m[MSG][0m itr   565, best 5613.6533, time  343.0, minPhero 0.01(232), stagnancy 90.3%
[35m[MSG][0m itr   566, best 5613.6533, time  343.6, minPhero 0.01(232), stagnancy 90.7%
[35m[MSG][0m itr   567, best 5613.6533, time  344.3, minPhero 0.01(232), stagnancy 91.0%
[35m[MSG][0m itr   568, best 5613.6533, time  344.9, minPhero 0.01(232), stagnancy 91.3%
[35m[MSG][0m itr   569, best 5613.6533, time  345.5, minPhero 0.01(232), stagnancy 91.7%
[35m[MSG][0m itr   570, best 5613.6533, time  346.1, minPhero 0.01(232), stagnancy 92.0%
[35m[MSG][0m itr   571, best 5613.6533, time  346.7, minPhero 0.01(232), stagnancy 92.3%
[35m[MSG][0m itr   572, best 5613.6533, time  347.3, minPhero 0.01(232), stagnancy 92.7%
[35m[MSG][0m itr   573, best 5613.6533, time  347.9, minPhero 0.01(232), stagnancy 93.0%
[35m[MSG][0m itr   574, best 5613.6533, time  348.5, minPhero 0.01(232), stagnancy 93.3%
[35m[MSG][0m itr   575, best 5613.6533, time  349.1, minPhero 0.01(232), stagnancy 93.7%
[35m[MSG][0m itr   576, best 5613.6533, time  349.7, minPhero 0.01(232), stagnancy 94.0%
[35m[MSG][0m itr   577, best 5613.6533, time  350.3, minPhero 0.01(232), stagnancy 94.3%
[35m[MSG][0m itr   578, best 5613.6533, time  350.9, minPhero 0.01(232), stagnancy 94.7%
[35m[MSG][0m itr   579, best 5613.6533, time  351.6, minPhero 0.01(232), stagnancy 95.0%
[35m[MSG][0m itr   580, best 5613.6533, time  352.2, minPhero 0.01(232), stagnancy 95.3%
[35m[MSG][0m itr   581, best 5613.6533, time  352.8, minPhero 0.01(232), stagnancy 95.7%
[35m[MSG][0m itr   582, best 5613.6533, time  353.4, minPhero 0.01(232), stagnancy 96.0%
[35m[MSG][0m itr   583, best 5613.6533, time  354.0, minPhero 0.01(232), stagnancy 96.3%
[35m[MSG][0m itr   584, best 5613.6533, time  354.6, minPhero 0.01(232), stagnancy 96.7%
[35m[MSG][0m itr   585, best 5613.6533, time  355.3, minPhero 0.01(232), stagnancy 97.0%
[35m[MSG][0m itr   586, best 5613.6533, time  355.9, minPhero 0.01(232), stagnancy 97.3%
[35m[MSG][0m itr   587, best 5613.6533, time  356.5, minPhero 0.01(232), stagnancy 97.7%
[35m[MSG][0m itr   588, best 5613.6533, time  357.1, minPhero 0.01(232), stagnancy 98.0%
[35m[MSG][0m itr   589, best 5613.6533, time  357.7, minPhero 0.01(232), stagnancy 98.3%
[35m[MSG][0m itr   590, best 5613.6533, time  358.3, minPhero 0.01(232), stagnancy 98.7%
[35m[MSG][0m itr   591, best 5613.6533, time  358.9, minPhero 0.01(232), stagnancy 99.0%
[35m[MSG][0m itr   592, best 5613.6533, time  359.5, minPhero 0.01(232), stagnancy 99.3%
[35m[MSG][0m itr   593, best 5613.6533, time  360.1, minPhero 0.01(232), stagnancy 99.7%
[35m[MSG][0m itr   594, best 5613.6533, time  360.8, minPhero 0.01(232), stagnancy 100.0%
[35m[MSG][0m Solution converged. Reinitialising pheromones...
[35m[MSG][0m Time: 360.77 s
[35m[MSG][0m Best cost: 5613.65
