[35m[MSG][0m Log level set to LOG_DEBUG
[35m[MSG][0m Parsing input from file "res/fruitybun250_2016.vrp"
[35m[MSG][0m Number of nodes: 250
[35m[MSG][0m Running ACO search
[35m[MSG][0m ACO settings: 
 alpha:     8.000
 beta:      1.000
 pers:      0.990
 minPhero:  0.015
 nbhood:    10
 popSize:   2048
 maxStag:   500
[35m[MSG][0m itr     1, best 5758.1421, time   4.18, currMinPhero 0.99, stagnancy 0.0%
[35m[MSG][0m itr     2, best 5721.9863, time   8.49, currMinPhero 0.98, stagnancy 0.0%
[35m[MSG][0m itr     3, best 5721.9863, time  12.82, currMinPhero 0.97, stagnancy 0.2%
[35m[MSG][0m itr     4, best 5721.9863, time  17.18, currMinPhero 0.96, stagnancy 0.4%
[35m[MSG][0m itr     5, best 5721.9863, time  21.23, currMinPhero 0.95, stagnancy 0.6%
[35m[MSG][0m itr     6, best 5721.9863, time  25.49, currMinPhero 0.94, stagnancy 0.8%
[35m[MSG][0m itr     7, best 5721.9863, time  29.82, currMinPhero 0.93, stagnancy 1.0%
[35m[MSG][0m itr     8, best 5721.9863, time  34.15, currMinPhero 0.92, stagnancy 1.2%
[35m[MSG][0m itr     9, best 5721.9863, time  38.40, currMinPhero 0.91, stagnancy 1.4%
[35m[MSG][0m itr    10, best 5721.9863, time  42.68, currMinPhero 0.90, stagnancy 1.6%
[35m[MSG][0m itr    11, best 5721.9863, time  46.93, currMinPhero 0.90, stagnancy 1.8%
[35m[MSG][0m itr    12, best 5721.9863, time  51.22, currMinPhero 0.89, stagnancy 2.0%
[35m[MSG][0m itr    13, best 5721.9863, time  55.53, currMinPhero 0.88, stagnancy 2.2%
[35m[MSG][0m itr    14, best 5721.9863, time  59.83, currMinPhero 0.87, stagnancy 2.4%
[35m[MSG][0m itr    15, best 5721.9863, time  64.28, currMinPhero 0.86, stagnancy 2.6%
[35m[MSG][0m itr    16, best 5721.9863, time  68.54, currMinPhero 0.85, stagnancy 2.8%
[35m[MSG][0m itr    17, best 5721.9863, time  72.81, currMinPhero 0.84, stagnancy 3.0%
[35m[MSG][0m itr    18, best 5721.9863, time  77.13, currMinPhero 0.83, stagnancy 3.2%
[35m[MSG][0m itr    19, best 5721.9863, time  81.44, currMinPhero 0.83, stagnancy 3.4%
[35m[MSG][0m itr    20, best 5721.9863, time  85.71, currMinPhero 0.82, stagnancy 3.6%
[35m[MSG][0m itr    21, best 5721.9863, time  89.98, currMinPhero 0.81, stagnancy 3.8%
[35m[MSG][0m itr    22, best 5721.9863, time  94.14, currMinPhero 0.80, stagnancy 4.0%
[35m[MSG][0m itr    23, best 5721.9863, time  98.42, currMinPhero 0.79, stagnancy 4.2%
[35m[MSG][0m itr    24, best 5708.0220, time 102.32, currMinPhero 0.79, stagnancy 0.0%
[35m[MSG][0m itr    25, best 5708.0220, time 106.49, currMinPhero 0.78, stagnancy 0.2%
[35m[MSG][0m itr    26, best 5708.0220, time 110.78, currMinPhero 0.77, stagnancy 0.4%
[35m[MSG][0m itr    27, best 5708.0220, time 115.14, currMinPhero 0.76, stagnancy 0.6%
[35m[MSG][0m itr    28, best 5708.0220, time 119.46, currMinPhero 0.75, stagnancy 0.8%
[35m[MSG][0m itr    29, best 5708.0220, time 123.73, currMinPhero 0.75, stagnancy 1.0%
[35m[MSG][0m itr    30, best 5708.0220, time 127.98, currMinPhero 0.74, stagnancy 1.2%
[35m[MSG][0m itr    31, best 5696.0068, time 132.25, currMinPhero 0.73, stagnancy 0.0%
[35m[MSG][0m itr    32, best 5696.0068, time 136.54, currMinPhero 0.72, stagnancy 0.2%
[35m[MSG][0m itr    33, best 5696.0068, time 140.89, currMinPhero 0.72, stagnancy 0.4%
[35m[MSG][0m itr    34, best 5696.0068, time 145.24, currMinPhero 0.71, stagnancy 0.6%
[35m[MSG][0m itr    35, best 5696.0068, time 149.57, currMinPhero 0.70, stagnancy 0.8%
[35m[MSG][0m itr    36, best 5696.0068, time 153.92, currMinPhero 0.70, stagnancy 1.0%
[35m[MSG][0m itr    37, best 5696.0068, time 158.18, currMinPhero 0.69, stagnancy 1.2%
[35m[MSG][0m itr    38, best 5696.0068, time 162.50, currMinPhero 0.68, stagnancy 1.4%
[35m[MSG][0m itr    39, best 5696.0068, time 166.76, currMinPhero 0.68, stagnancy 1.6%
[35m[MSG][0m itr    40, best 5696.0068, time 170.90, currMinPhero 0.67, stagnancy 1.8%
[35m[MSG][0m itr    41, best 5696.0068, time 175.08, currMinPhero 0.66, stagnancy 2.0%
[35m[MSG][0m itr    42, best 5696.0068, time 179.18, currMinPhero 0.66, stagnancy 2.2%
[35m[MSG][0m itr    43, best 5696.0068, time 183.44, currMinPhero 0.65, stagnancy 2.4%
[35m[MSG][0m itr    44, best 5696.0068, time 187.79, currMinPhero 0.64, stagnancy 2.6%
[35m[MSG][0m itr    45, best 5696.0068, time 192.00, currMinPhero 0.64, stagnancy 2.8%
[35m[MSG][0m itr    46, best 5696.0068, time 196.30, currMinPhero 0.63, stagnancy 3.0%
[35m[MSG][0m itr    47, best 5696.0068, time 200.55, currMinPhero 0.62, stagnancy 3.2%
[35m[MSG][0m itr    48, best 5696.0068, time 204.85, currMinPhero 0.62, stagnancy 3.4%
[35m[MSG][0m itr    49, best 5696.0068, time 209.02, currMinPhero 0.61, stagnancy 3.6%
[35m[MSG][0m itr    50, best 5696.0068, time 213.36, currMinPhero 0.61, stagnancy 3.8%
[35m[MSG][0m itr    51, best 5696.0068, time 217.62, currMinPhero 0.60, stagnancy 4.0%
[35m[MSG][0m itr    52, best 5696.0068, time 221.89, currMinPhero 0.59, stagnancy 4.2%
[35m[MSG][0m itr    53, best 5696.0068, time 226.19, currMinPhero 0.59, stagnancy 4.4%
[35m[MSG][0m itr    54, best 5696.0068, time 230.46, currMinPhero 0.58, stagnancy 4.6%
[35m[MSG][0m itr    55, best 5696.0068, time 234.70, currMinPhero 0.58, stagnancy 4.8%
[35m[MSG][0m itr    56, best 5696.0068, time 239.01, currMinPhero 0.57, stagnancy 5.0%
[35m[MSG][0m itr    57, best 5696.0068, time 243.29, currMinPhero 0.56, stagnancy 5.2%
[35m[MSG][0m itr    58, best 5696.0068, time 247.64, currMinPhero 0.56, stagnancy 5.4%
[35m[MSG][0m itr    59, best 5696.0068, time 251.93, currMinPhero 0.55, stagnancy 5.6%
[35m[MSG][0m itr    60, best 5696.0068, time 256.24, currMinPhero 0.55, stagnancy 5.8%
[35m[MSG][0m itr    61, best 5696.0068, time 260.35, currMinPhero 0.54, stagnancy 6.0%
[35m[MSG][0m itr    62, best 5696.0068, time 264.51, currMinPhero 0.54, stagnancy 6.2%
[35m[MSG][0m itr    63, best 5696.0068, time 268.83, currMinPhero 0.53, stagnancy 6.4%
[35m[MSG][0m itr    64, best 5693.1260, time 272.98, currMinPhero 0.53, stagnancy 0.0%
[35m[MSG][0m itr    65, best 5693.1260, time 277.27, currMinPhero 0.52, stagnancy 0.2%
[35m[MSG][0m itr    66, best 5693.1260, time 281.49, currMinPhero 0.52, stagnancy 0.4%
[35m[MSG][0m itr    67, best 5693.1260, time 285.75, currMinPhero 0.51, stagnancy 0.6%
[35m[MSG][0m itr    68, best 5693.1260, time 290.06, currMinPhero 0.50, stagnancy 0.8%
[35m[MSG][0m itr    69, best 5693.1260, time 294.34, currMinPhero 0.50, stagnancy 1.0%
[35m[MSG][0m itr    70, best 5693.1260, time 298.62, currMinPhero 0.49, stagnancy 1.2%
[35m[MSG][0m itr    71, best 5693.1260, time 302.94, currMinPhero 0.49, stagnancy 1.4%
[35m[MSG][0m itr    72, best 5693.1260, time 307.14, currMinPhero 0.48, stagnancy 1.6%
[35m[MSG][0m itr    73, best 5693.1260, time 311.41, currMinPhero 0.48, stagnancy 1.8%
[35m[MSG][0m itr    74, best 5693.1260, time 315.72, currMinPhero 0.48, stagnancy 2.0%
[35m[MSG][0m itr    75, best 5693.1260, time 320.01, currMinPhero 0.47, stagnancy 2.2%
[35m[MSG][0m itr    76, best 5693.1260, time 324.28, currMinPhero 0.47, stagnancy 2.4%
[35m[MSG][0m itr    77, best 5693.1260, time 328.62, currMinPhero 0.46, stagnancy 2.6%
[35m[MSG][0m itr    78, best 5693.1260, time 332.78, currMinPhero 0.46, stagnancy 2.8%
[35m[MSG][0m itr    79, best 5693.1260, time 337.08, currMinPhero 0.45, stagnancy 3.0%
[35m[MSG][0m itr    80, best 5693.1260, time 341.38, currMinPhero 0.45, stagnancy 3.2%
[35m[MSG][0m itr    81, best 5693.1260, time 345.73, currMinPhero 0.44, stagnancy 3.4%
[35m[MSG][0m itr    82, best 5693.1260, time 349.94, currMinPhero 0.44, stagnancy 3.6%
[35m[MSG][0m itr    83, best 5693.1260, time 354.23, currMinPhero 0.43, stagnancy 3.8%
[35m[MSG][0m itr    84, best 5693.1260, time 358.37, currMinPhero 0.43, stagnancy 4.0%
[35m[MSG][0m itr    85, best 5693.1260, time 362.73, currMinPhero 0.43, stagnancy 4.2%
[35m[MSG][0m itr    86, best 5687.7637, time 366.95, currMinPhero 0.42, stagnancy 0.0%
[35m[MSG][0m itr    87, best 5687.7637, time 371.17, currMinPhero 0.42, stagnancy 0.2%
[35m[MSG][0m itr    88, best 5687.7637, time 375.43, currMinPhero 0.41, stagnancy 0.4%
[35m[MSG][0m itr    89, best 5680.7729, time 379.70, currMinPhero 0.41, stagnancy 0.0%
[35m[MSG][0m itr    90, best 5680.7729, time 383.85, currMinPhero 0.40, stagnancy 0.2%
[35m[MSG][0m itr    91, best 5680.7729, time 388.10, currMinPhero 0.40, stagnancy 0.4%
[35m[MSG][0m itr    92, best 5680.7729, time 392.43, currMinPhero 0.40, stagnancy 0.6%
[35m[MSG][0m itr    93, best 5680.7729, time 396.75, currMinPhero 0.39, stagnancy 0.8%
[35m[MSG][0m itr    94, best 5680.7729, time 401.03, currMinPhero 0.39, stagnancy 1.0%
[35m[MSG][0m itr    95, best 5680.7729, time 405.30, currMinPhero 0.38, stagnancy 1.2%
[35m[MSG][0m itr    96, best 5680.7729, time 409.56, currMinPhero 0.38, stagnancy 1.4%
[35m[MSG][0m itr    97, best 5680.7729, time 413.80, currMinPhero 0.38, stagnancy 1.6%
[35m[MSG][0m itr    98, best 5680.7729, time 418.11, currMinPhero 0.37, stagnancy 1.8%
[35m[MSG][0m itr    99, best 5680.7729, time 422.62, currMinPhero 0.37, stagnancy 2.0%
[35m[MSG][0m itr   100, best 5680.7729, time 427.55, currMinPhero 0.37, stagnancy 2.2%
[35m[MSG][0m itr   101, best 5680.7729, time 432.42, currMinPhero 0.36, stagnancy 2.4%
[35m[MSG][0m itr   102, best 5680.7729, time 437.27, currMinPhero 0.36, stagnancy 2.6%
[35m[MSG][0m itr   103, best 5680.7729, time 442.21, currMinPhero 0.36, stagnancy 2.8%
[35m[MSG][0m itr   104, best 5680.7729, time 446.85, currMinPhero 0.35, stagnancy 3.0%
[35m[MSG][0m itr   105, best 5680.7729, time 451.21, currMinPhero 0.35, stagnancy 3.2%
[35m[MSG][0m itr   106, best 5680.7729, time 455.53, currMinPhero 0.34, stagnancy 3.4%
[35m[MSG][0m itr   107, best 5680.7729, time 459.88, currMinPhero 0.34, stagnancy 3.6%
[35m[MSG][0m itr   108, best 5680.7729, time 464.23, currMinPhero 0.34, stagnancy 3.8%
[35m[MSG][0m itr   109, best 5680.7729, time 468.51, currMinPhero 0.33, stagnancy 4.0%
[35m[MSG][0m itr   110, best 5680.7729, time 472.81, currMinPhero 0.33, stagnancy 4.2%
[35m[MSG][0m itr   111, best 5680.7729, time 477.10, currMinPhero 0.33, stagnancy 4.4%
[35m[MSG][0m itr   112, best 5680.7729, time 481.42, currMinPhero 0.32, stagnancy 4.6%
[35m[MSG][0m itr   113, best 5680.7729, time 485.74, currMinPhero 0.32, stagnancy 4.8%
[35m[MSG][0m itr   114, best 5680.7729, time 490.07, currMinPhero 0.32, stagnancy 5.0%
[35m[MSG][0m itr   115, best 5680.7729, time 494.35, currMinPhero 0.31, stagnancy 5.2%
[35m[MSG][0m itr   116, best 5680.7729, time 498.65, currMinPhero 0.31, stagnancy 5.4%
[35m[MSG][0m itr   117, best 5680.7729, time 503.01, currMinPhero 0.31, stagnancy 5.6%
[35m[MSG][0m itr   118, best 5680.7729, time 507.28, currMinPhero 0.31, stagnancy 5.8%
[35m[MSG][0m itr   119, best 5680.7729, time 511.79, currMinPhero 0.30, stagnancy 6.0%
[35m[MSG][0m itr   120, best 5680.7729, time 516.39, currMinPhero 0.30, stagnancy 6.2%
[35m[MSG][0m itr   121, best 5680.7729, time 520.65, currMinPhero 0.30, stagnancy 6.4%
[35m[MSG][0m itr   122, best 5680.7729, time 524.96, currMinPhero 0.29, stagnancy 6.6%
[35m[MSG][0m itr   123, best 5680.7729, time 529.34, currMinPhero 0.29, stagnancy 6.8%
[35m[MSG][0m itr   124, best 5680.7729, time 533.54, currMinPhero 0.29, stagnancy 7.0%
[35m[MSG][0m itr   125, best 5680.7729, time 538.00, currMinPhero 0.28, stagnancy 7.2%
[35m[MSG][0m itr   126, best 5680.7729, time 543.28, currMinPhero 0.28, stagnancy 7.4%
[35m[MSG][0m itr   127, best 5680.7729, time 548.77, currMinPhero 0.28, stagnancy 7.6%
[35m[MSG][0m itr   128, best 5680.7729, time 553.49, currMinPhero 0.28, stagnancy 7.8%
[35m[MSG][0m itr   129, best 5680.7729, time 558.28, currMinPhero 0.27, stagnancy 8.0%
[35m[MSG][0m itr   130, best 5680.7729, time 563.18, currMinPhero 0.27, stagnancy 8.2%
[35m[MSG][0m itr   131, best 5680.7729, time 567.64, currMinPhero 0.27, stagnancy 8.4%
[35m[MSG][0m itr   132, best 5680.7729, time 571.82, currMinPhero 0.27, stagnancy 8.6%
[35m[MSG][0m itr   133, best 5680.7729, time 576.14, currMinPhero 0.26, stagnancy 8.8%
[35m[MSG][0m itr   134, best 5680.7729, time 580.73, currMinPhero 0.26, stagnancy 9.0%
[35m[MSG][0m itr   135, best 5680.7729, time 584.73, currMinPhero 0.26, stagnancy 9.2%
[35m[MSG][0m itr   136, best 5680.7729, time 589.05, currMinPhero 0.25, stagnancy 9.4%
[35m[MSG][0m itr   137, best 5680.7729, time 593.36, currMinPhero 0.25, stagnancy 9.6%
[35m[MSG][0m itr   138, best 5680.7729, time 597.62, currMinPhero 0.25, stagnancy 9.8%
[35m[MSG][0m itr   139, best 5680.7729, time 601.89, currMinPhero 0.25, stagnancy 10.0%
[35m[MSG][0m itr   140, best 5680.7729, time 606.93, currMinPhero 0.24, stagnancy 10.2%
[35m[MSG][0m itr   141, best 5680.7729, time 612.55, currMinPhero 0.24, stagnancy 10.4%
[35m[MSG][0m itr   142, best 5680.7729, time 617.93, currMinPhero 0.24, stagnancy 10.6%
[35m[MSG][0m itr   143, best 5680.7729, time 625.04, currMinPhero 0.24, stagnancy 10.8%
[35m[MSG][0m itr   144, best 5680.7729, time 631.97, currMinPhero 0.24, stagnancy 11.0%
[35m[MSG][0m itr   145, best 5680.7729, time 639.13, currMinPhero 0.23, stagnancy 11.2%
[35m[MSG][0m itr   146, best 5680.7729, time 646.08, currMinPhero 0.23, stagnancy 11.4%
[35m[MSG][0m itr   147, best 5680.7729, time 653.34, currMinPhero 0.23, stagnancy 11.6%
[35m[MSG][0m itr   148, best 5680.7729, time 659.39, currMinPhero 0.23, stagnancy 11.8%
[35m[MSG][0m itr   149, best 5680.7729, time 665.14, currMinPhero 0.22, stagnancy 12.0%
[35m[MSG][0m itr   150, best 5680.7729, time 671.94, currMinPhero 0.22, stagnancy 12.2%
[35m[MSG][0m itr   151, best 5680.7729, time 677.76, currMinPhero 0.22, stagnancy 12.4%
[35m[MSG][0m itr   152, best 5680.7729, time 683.79, currMinPhero 0.22, stagnancy 12.6%
[35m[MSG][0m itr   153, best 5679.9927, time 689.85, currMinPhero 0.21, stagnancy 0.0%
[35m[MSG][0m itr   154, best 5679.9927, time 695.10, currMinPhero 0.21, stagnancy 0.2%
[35m[MSG][0m itr   155, best 5679.9927, time 699.54, currMinPhero 0.21, stagnancy 0.4%
[35m[MSG][0m itr   156, best 5679.9927, time 704.97, currMinPhero 0.21, stagnancy 0.6%
[35m[MSG][0m itr   157, best 5679.9927, time 710.27, currMinPhero 0.21, stagnancy 0.8%
[35m[MSG][0m itr   158, best 5679.9927, time 715.40, currMinPhero 0.20, stagnancy 1.0%
[35m[MSG][0m itr   159, best 5679.9927, time 720.33, currMinPhero 0.20, stagnancy 1.2%
[35m[MSG][0m itr   160, best 5679.9927, time 725.08, currMinPhero 0.20, stagnancy 1.4%
[35m[MSG][0m itr   161, best 5679.9927, time 729.74, currMinPhero 0.20, stagnancy 1.6%
[35m[MSG][0m itr   162, best 5666.8311, time 734.07, currMinPhero 0.20, stagnancy 0.0%
[35m[MSG][0m itr   163, best 5666.8311, time 738.03, currMinPhero 0.19, stagnancy 0.2%
[35m[MSG][0m itr   164, best 5666.8311, time 742.27, currMinPhero 0.19, stagnancy 0.4%
[35m[MSG][0m itr   165, best 5666.8311, time 746.55, currMinPhero 0.19, stagnancy 0.6%
[35m[MSG][0m itr   166, best 5666.8311, time 750.89, currMinPhero 0.19, stagnancy 0.8%
[35m[MSG][0m itr   167, best 5666.8311, time 754.98, currMinPhero 0.19, stagnancy 1.0%
[35m[MSG][0m itr   168, best 5666.8311, time 759.28, currMinPhero 0.18, stagnancy 1.2%
[35m[MSG][0m itr   169, best 5666.8311, time 763.55, currMinPhero 0.18, stagnancy 1.4%
[35m[MSG][0m itr   170, best 5666.8311, time 767.86, currMinPhero 0.18, stagnancy 1.6%
[35m[MSG][0m itr   171, best 5666.8311, time 772.01, currMinPhero 0.18, stagnancy 1.8%
[35m[MSG][0m itr   172, best 5666.8311, time 776.28, currMinPhero 0.18, stagnancy 2.0%
[35m[MSG][0m itr   173, best 5666.8311, time 780.57, currMinPhero 0.18, stagnancy 2.2%
[35m[MSG][0m itr   174, best 5666.8311, time 785.00, currMinPhero 0.17, stagnancy 2.4%
[35m[MSG][0m itr   175, best 5666.8311, time 790.65, currMinPhero 0.17, stagnancy 2.6%
[35m[MSG][0m itr   176, best 5666.8311, time 795.37, currMinPhero 0.17, stagnancy 2.8%
[35m[MSG][0m itr   177, best 5666.8311, time 800.28, currMinPhero 0.17, stagnancy 3.0%
[35m[MSG][0m itr   178, best 5666.8311, time 805.21, currMinPhero 0.17, stagnancy 3.2%
[35m[MSG][0m itr   179, best 5665.0459, time 809.97, currMinPhero 0.17, stagnancy 0.0%
[35m[MSG][0m itr   180, best 5665.0459, time 814.89, currMinPhero 0.16, stagnancy 0.2%
[35m[MSG][0m itr   181, best 5665.0459, time 819.24, currMinPhero 0.16, stagnancy 0.4%
[35m[MSG][0m itr   182, best 5650.3101, time 823.56, currMinPhero 0.16, stagnancy 0.0%
[35m[MSG][0m itr   183, best 5650.3101, time 827.84, currMinPhero 0.16, stagnancy 0.2%
[35m[MSG][0m itr   184, best 5650.3101, time 832.08, currMinPhero 0.16, stagnancy 0.4%
[35m[MSG][0m itr   185, best 5650.3101, time 836.43, currMinPhero 0.16, stagnancy 0.6%
[35m[MSG][0m itr   186, best 5650.3101, time 841.17, currMinPhero 0.15, stagnancy 0.8%
[35m[MSG][0m itr   187, best 5650.3101, time 845.35, currMinPhero 0.15, stagnancy 1.0%
[35m[MSG][0m itr   188, best 5650.3101, time 849.72, currMinPhero 0.15, stagnancy 1.2%
[35m[MSG][0m itr   189, best 5650.3101, time 854.00, currMinPhero 0.15, stagnancy 1.4%
[35m[MSG][0m itr   190, best 5650.3101, time 858.36, currMinPhero 0.15, stagnancy 1.6%
[35m[MSG][0m itr   191, best 5650.3101, time 862.66, currMinPhero 0.15, stagnancy 1.8%
[35m[MSG][0m itr   192, best 5650.3101, time 866.97, currMinPhero 0.15, stagnancy 2.0%
[35m[MSG][0m itr   193, best 5650.3101, time 871.33, currMinPhero 0.14, stagnancy 2.2%
[35m[MSG][0m itr   194, best 5650.3101, time 875.71, currMinPhero 0.14, stagnancy 2.4%
[35m[MSG][0m itr   195, best 5650.3101, time 880.08, currMinPhero 0.14, stagnancy 2.6%
[35m[MSG][0m itr   196, best 5650.3101, time 884.94, currMinPhero 0.14, stagnancy 2.8%
[35m[MSG][0m itr   197, best 5650.3101, time 889.81, currMinPhero 0.14, stagnancy 3.0%
[35m[MSG][0m itr   198, best 5650.3101, time 894.72, currMinPhero 0.14, stagnancy 3.2%
[35m[MSG][0m itr   199, best 5650.3101, time 899.61, currMinPhero 0.14, stagnancy 3.4%
[35m[MSG][0m itr   200, best 5650.3101, time 904.64, currMinPhero 0.13, stagnancy 3.6%
[35m[MSG][0m itr   201, best 5650.3101, time 909.43, currMinPhero 0.13, stagnancy 3.8%
[35m[MSG][0m itr   202, best 5650.3101, time 913.73, currMinPhero 0.13, stagnancy 4.0%
[35m[MSG][0m itr   203, best 5650.3101, time 918.10, currMinPhero 0.13, stagnancy 4.2%
[35m[MSG][0m itr   204, best 5650.3101, time 922.39, currMinPhero 0.13, stagnancy 4.4%
[35m[MSG][0m itr   205, best 5650.3101, time 926.74, currMinPhero 0.13, stagnancy 4.6%
[35m[MSG][0m itr   206, best 5650.3101, time 931.14, currMinPhero 0.13, stagnancy 4.8%
[35m[MSG][0m itr   207, best 5650.3101, time 935.45, currMinPhero 0.12, stagnancy 5.0%
[35m[MSG][0m itr   208, best 5650.3101, time 939.77, currMinPhero 0.12, stagnancy 5.2%
[35m[MSG][0m itr   209, best 5650.3101, time 944.06, currMinPhero 0.12, stagnancy 5.4%
[35m[MSG][0m itr   210, best 5650.3101, time 948.37, currMinPhero 0.12, stagnancy 5.6%
[35m[MSG][0m itr   211, best 5650.3101, time 952.64, currMinPhero 0.12, stagnancy 5.8%
[35m[MSG][0m itr   212, best 5650.3101, time 957.00, currMinPhero 0.12, stagnancy 6.0%
[35m[MSG][0m itr   213, best 5650.3101, time 961.37, currMinPhero 0.12, stagnancy 6.2%
[35m[MSG][0m itr   214, best 5650.3101, time 965.56, currMinPhero 0.12, stagnancy 6.4%
[35m[MSG][0m itr   215, best 5650.3101, time 969.94, currMinPhero 0.12, stagnancy 6.6%
[35m[MSG][0m itr   216, best 5650.3101, time 974.67, currMinPhero 0.11, stagnancy 6.8%
[35m[MSG][0m itr   217, best 5650.3101, time 979.63, currMinPhero 0.11, stagnancy 7.0%
[35m[MSG][0m itr   218, best 5650.3101, time 984.54, currMinPhero 0.11, stagnancy 7.2%
[35m[MSG][0m itr   219, best 5650.3101, time 989.42, currMinPhero 0.11, stagnancy 7.4%
[35m[MSG][0m itr   220, best 5650.3101, time 994.29, currMinPhero 0.11, stagnancy 7.6%
[35m[MSG][0m itr   221, best 5650.3101, time 999.26, currMinPhero 0.11, stagnancy 7.8%
[35m[MSG][0m itr   222, best 5650.3101, time 1003.90, currMinPhero 0.11, stagnancy 8.0%
[35m[MSG][0m itr   223, best 5650.3101, time 1008.22, currMinPhero 0.11, stagnancy 8.2%
[35m[MSG][0m itr   224, best 5650.3101, time 1012.57, currMinPhero 0.11, stagnancy 8.4%
[35m[MSG][0m itr   225, best 5650.3101, time 1016.85, currMinPhero 0.10, stagnancy 8.6%
[35m[MSG][0m itr   226, best 5650.3101, time 1021.11, currMinPhero 0.10, stagnancy 8.8%
[35m[MSG][0m itr   227, best 5650.3101, time 1025.42, currMinPhero 0.10, stagnancy 9.0%
[35m[MSG][0m itr   228, best 5650.3101, time 1029.73, currMinPhero 0.10, stagnancy 9.2%
[35m[MSG][0m itr   229, best 5650.3101, time 1034.10, currMinPhero 0.10, stagnancy 9.4%
[35m[MSG][0m itr   230, best 5650.3101, time 1038.45, currMinPhero 0.10, stagnancy 9.6%
[35m[MSG][0m itr   231, best 5650.3101, time 1042.83, currMinPhero 0.10, stagnancy 9.8%
[35m[MSG][0m itr   232, best 5650.3101, time 1047.19, currMinPhero 0.10, stagnancy 10.0%
[35m[MSG][0m itr   233, best 5650.3101, time 1051.88, currMinPhero 0.10, stagnancy 10.2%
[35m[MSG][0m itr   234, best 5650.3101, time 1056.73, currMinPhero 0.10, stagnancy 10.4%
[35m[MSG][0m itr   235, best 5650.3101, time 1061.54, currMinPhero 0.09, stagnancy 10.6%
[35m[MSG][0m itr   236, best 5650.3101, time 1066.41, currMinPhero 0.09, stagnancy 10.8%
[35m[MSG][0m itr   237, best 5643.4224, time 1071.30, currMinPhero 0.09, stagnancy 0.0%
[35m[MSG][0m itr   238, best 5643.4224, time 1076.17, currMinPhero 0.09, stagnancy 0.2%
[35m[MSG][0m itr   239, best 5643.4224, time 1080.96, currMinPhero 0.09, stagnancy 0.4%
[35m[MSG][0m itr   240, best 5631.2563, time 1085.35, currMinPhero 0.09, stagnancy 0.0%
[35m[MSG][0m itr   241, best 5631.2563, time 1089.63, currMinPhero 0.09, stagnancy 0.2%
[35m[MSG][0m itr   242, best 5631.2563, time 1093.93, currMinPhero 0.09, stagnancy 0.4%
[35m[MSG][0m itr   243, best 5631.2563, time 1098.22, currMinPhero 0.09, stagnancy 0.6%
[35m[MSG][0m itr   244, best 5631.2563, time 1102.55, currMinPhero 0.09, stagnancy 0.8%
[35m[MSG][0m itr   245, best 5631.2563, time 1106.93, currMinPhero 0.09, stagnancy 1.0%
[35m[MSG][0m itr   246, best 5631.2563, time 1111.27, currMinPhero 0.08, stagnancy 1.2%
[35m[MSG][0m itr   247, best 5631.2563, time 1115.64, currMinPhero 0.08, stagnancy 1.4%
[35m[MSG][0m itr   248, best 5631.2563, time 1119.95, currMinPhero 0.08, stagnancy 1.6%
[35m[MSG][0m itr   249, best 5631.2563, time 1124.29, currMinPhero 0.08, stagnancy 1.8%
[35m[MSG][0m itr   250, best 5631.2563, time 1128.46, currMinPhero 0.08, stagnancy 2.0%
[35m[MSG][0m itr   251, best 5631.2563, time 1132.84, currMinPhero 0.08, stagnancy 2.2%
[35m[MSG][0m itr   252, best 5631.2563, time 1137.15, currMinPhero 0.08, stagnancy 2.4%
[35m[MSG][0m itr   253, best 5631.2563, time 1141.91, currMinPhero 0.08, stagnancy 2.6%
[35m[MSG][0m itr   254, best 5631.2563, time 1146.82, currMinPhero 0.08, stagnancy 2.8%
[35m[MSG][0m itr   255, best 5631.2563, time 1151.25, currMinPhero 0.08, stagnancy 3.0%
[35m[MSG][0m itr   256, best 5631.2563, time 1156.13, currMinPhero 0.08, stagnancy 3.2%
[35m[MSG][0m itr   257, best 5631.2563, time 1161.07, currMinPhero 0.08, stagnancy 3.4%
[35m[MSG][0m itr   258, best 5631.2563, time 1165.89, currMinPhero 0.07, stagnancy 3.6%
[35m[MSG][0m itr   259, best 5631.2563, time 1170.71, currMinPhero 0.07, stagnancy 3.8%
[35m[MSG][0m itr   260, best 5631.2563, time 1175.09, currMinPhero 0.07, stagnancy 4.0%
[35m[MSG][0m itr   261, best 5631.2563, time 1179.48, currMinPhero 0.07, stagnancy 4.2%
[35m[MSG][0m itr   262, best 5631.2563, time 1183.81, currMinPhero 0.07, stagnancy 4.4%
[35m[MSG][0m itr   263, best 5631.2563, time 1188.18, currMinPhero 0.07, stagnancy 4.6%
[35m[MSG][0m itr   264, best 5631.2563, time 1192.58, currMinPhero 0.07, stagnancy 4.8%
[35m[MSG][0m itr   265, best 5631.2563, time 1196.87, currMinPhero 0.07, stagnancy 5.0%
[35m[MSG][0m itr   266, best 5631.2563, time 1201.16, currMinPhero 0.07, stagnancy 5.2%
[35m[MSG][0m itr   267, best 5631.2563, time 1205.54, currMinPhero 0.07, stagnancy 5.4%
[35m[MSG][0m itr   268, best 5631.2563, time 1209.87, currMinPhero 0.07, stagnancy 5.6%
[35m[MSG][0m itr   269, best 5631.2563, time 1214.22, currMinPhero 0.07, stagnancy 5.8%
[35m[MSG][0m itr   270, best 5631.2563, time 1218.42, currMinPhero 0.07, stagnancy 6.0%
[35m[MSG][0m itr   271, best 5631.2563, time 1222.78, currMinPhero 0.07, stagnancy 6.2%
[35m[MSG][0m itr   272, best 5631.2563, time 1227.67, currMinPhero 0.06, stagnancy 6.4%
[35m[MSG][0m itr   273, best 5631.2563, time 1232.54, currMinPhero 0.06, stagnancy 6.6%
[35m[MSG][0m itr   274, best 5631.2563, time 1237.40, currMinPhero 0.06, stagnancy 6.8%
[35m[MSG][0m itr   275, best 5631.2563, time 1242.27, currMinPhero 0.06, stagnancy 7.0%
[35m[MSG][0m itr   276, best 5631.2563, time 1247.19, currMinPhero 0.06, stagnancy 7.2%
[35m[MSG][0m itr   277, best 5631.2563, time 1252.22, currMinPhero 0.06, stagnancy 7.4%
[35m[MSG][0m itr   278, best 5631.2563, time 1256.62, currMinPhero 0.06, stagnancy 7.6%
[35m[MSG][0m itr   279, best 5631.2563, time 1260.94, currMinPhero 0.06, stagnancy 7.8%
[35m[MSG][0m itr   280, best 5631.2563, time 1265.26, currMinPhero 0.06, stagnancy 8.0%
[35m[MSG][0m itr   281, best 5631.2563, time 1269.56, currMinPhero 0.06, stagnancy 8.2%
[35m[MSG][0m itr   282, best 5631.2563, time 1273.88, currMinPhero 0.06, stagnancy 8.4%
[35m[MSG][0m itr   283, best 5631.2563, time 1278.23, currMinPhero 0.06, stagnancy 8.6%
[35m[MSG][0m itr   284, best 5631.2563, time 1282.41, currMinPhero 0.06, stagnancy 8.8%
[35m[MSG][0m itr   285, best 5631.2563, time 1286.65, currMinPhero 0.06, stagnancy 9.0%
[35m[MSG][0m itr   286, best 5631.2563, time 1291.04, currMinPhero 0.06, stagnancy 9.2%
[35m[MSG][0m itr   287, best 5631.2563, time 1295.50, currMinPhero 0.06, stagnancy 9.4%
[35m[MSG][0m itr   288, best 5631.2563, time 1299.83, currMinPhero 0.06, stagnancy 9.6%
[35m[MSG][0m itr   289, best 5631.2563, time 1304.21, currMinPhero 0.05, stagnancy 9.8%
[35m[MSG][0m itr   290, best 5631.2563, time 1308.63, currMinPhero 0.05, stagnancy 10.0%
[35m[MSG][0m itr   291, best 5631.2563, time 1313.50, currMinPhero 0.05, stagnancy 10.2%
[35m[MSG][0m itr   292, best 5631.2563, time 1318.47, currMinPhero 0.05, stagnancy 10.4%
[35m[MSG][0m itr   293, best 5631.2563, time 1323.39, currMinPhero 0.05, stagnancy 10.6%
[35m[MSG][0m itr   294, best 5631.2563, time 1328.28, currMinPhero 0.05, stagnancy 10.8%
[35m[MSG][0m itr   295, best 5631.2563, time 1333.16, currMinPhero 0.05, stagnancy 11.0%
[35m[MSG][0m itr   296, best 5631.2563, time 1338.08, currMinPhero 0.05, stagnancy 11.2%
[35m[MSG][0m itr   297, best 5631.2563, time 1342.56, currMinPhero 0.05, stagnancy 11.4%
[35m[MSG][0m itr   298, best 5631.2563, time 1346.74, currMinPhero 0.05, stagnancy 11.6%
[35m[MSG][0m itr   299, best 5631.2563, time 1350.93, currMinPhero 0.05, stagnancy 11.8%
[35m[MSG][0m itr   300, best 5631.2563, time 1355.31, currMinPhero 0.05, stagnancy 12.0%
[35m[MSG][0m itr   301, best 5631.2563, time 1359.69, currMinPhero 0.05, stagnancy 12.2%
[35m[MSG][0m itr   302, best 5628.1313, time 1363.94, currMinPhero 0.05, stagnancy 0.0%
[35m[MSG][0m itr   303, best 5628.1313, time 1368.28, currMinPhero 0.05, stagnancy 0.2%
[35m[MSG][0m itr   304, best 5628.1313, time 1372.37, currMinPhero 0.05, stagnancy 0.4%
[35m[MSG][0m itr   305, best 5628.1313, time 1376.66, currMinPhero 0.05, stagnancy 0.6%
[35m[MSG][0m itr   306, best 5628.1313, time 1380.95, currMinPhero 0.05, stagnancy 0.8%
[35m[MSG][0m itr   307, best 5628.1313, time 1385.83, currMinPhero 0.05, stagnancy 1.0%
[35m[MSG][0m itr   308, best 5628.1313, time 1390.76, currMinPhero 0.05, stagnancy 1.2%
[35m[MSG][0m itr   309, best 5628.1313, time 1395.67, currMinPhero 0.04, stagnancy 1.4%
[35m[MSG][0m itr   310, best 5628.1313, time 1400.48, currMinPhero 0.04, stagnancy 1.6%
[35m[MSG][0m itr   311, best 5628.1313, time 1405.27, currMinPhero 0.04, stagnancy 1.8%
[35m[MSG][0m itr   312, best 5628.1313, time 1410.16, currMinPhero 0.04, stagnancy 2.0%
[35m[MSG][0m itr   313, best 5628.1313, time 1414.78, currMinPhero 0.04, stagnancy 2.2%
[35m[MSG][0m itr   314, best 5628.1313, time 1419.16, currMinPhero 0.04, stagnancy 2.4%
[35m[MSG][0m itr   315, best 5628.1313, time 1423.53, currMinPhero 0.04, stagnancy 2.6%
[35m[MSG][0m itr   316, best 5628.1313, time 1427.89, currMinPhero 0.04, stagnancy 2.8%
[35m[MSG][0m itr   317, best 5628.1313, time 1432.03, currMinPhero 0.04, stagnancy 3.0%
[35m[MSG][0m itr   318, best 5628.1313, time 1436.40, currMinPhero 0.04, stagnancy 3.2%
[35m[MSG][0m itr   319, best 5628.1313, time 1440.74, currMinPhero 0.04, stagnancy 3.4%
[35m[MSG][0m itr   320, best 5628.1313, time 1445.05, currMinPhero 0.04, stagnancy 3.6%
[35m[MSG][0m itr   321, best 5628.1313, time 1449.36, currMinPhero 0.04, stagnancy 3.8%
[35m[MSG][0m itr   322, best 5628.1313, time 1453.67, currMinPhero 0.04, stagnancy 4.0%
[35m[MSG][0m itr   323, best 5628.1313, time 1458.40, currMinPhero 0.04, stagnancy 4.2%
[35m[MSG][0m itr   324, best 5628.1313, time 1463.30, currMinPhero 0.04, stagnancy 4.4%
[35m[MSG][0m itr   325, best 5628.1313, time 1468.21, currMinPhero 0.04, stagnancy 4.6%
[35m[MSG][0m itr   326, best 5628.1313, time 1473.16, currMinPhero 0.04, stagnancy 4.8%
[35m[MSG][0m itr   327, best 5628.1313, time 1478.02, currMinPhero 0.04, stagnancy 5.0%
[35m[MSG][0m itr   328, best 5628.1313, time 1482.90, currMinPhero 0.04, stagnancy 5.2%
[35m[MSG][0m itr   329, best 5628.1313, time 1487.70, currMinPhero 0.04, stagnancy 5.4%
[35m[MSG][0m itr   330, best 5628.1313, time 1492.09, currMinPhero 0.04, stagnancy 5.6%
[35m[MSG][0m itr   331, best 5623.3813, time 1496.33, currMinPhero 0.04, stagnancy 0.0%
[35m[MSG][0m itr   332, best 5623.3813, time 1500.72, currMinPhero 0.04, stagnancy 0.2%
[35m[MSG][0m itr   333, best 5623.3813, time 1505.04, currMinPhero 0.04, stagnancy 0.4%
[35m[MSG][0m itr   334, best 5623.3813, time 1509.35, currMinPhero 0.03, stagnancy 0.6%
[35m[MSG][0m itr   335, best 5623.3813, time 1513.68, currMinPhero 0.03, stagnancy 0.8%
[35m[MSG][0m itr   336, best 5623.3813, time 1517.99, currMinPhero 0.03, stagnancy 1.0%
[35m[MSG][0m itr   337, best 5623.3813, time 1522.30, currMinPhero 0.03, stagnancy 1.2%
[35m[MSG][0m itr   338, best 5623.3813, time 1526.65, currMinPhero 0.03, stagnancy 1.4%
[35m[MSG][0m itr   339, best 5623.3813, time 1531.02, currMinPhero 0.03, stagnancy 1.6%
[35m[MSG][0m itr   340, best 5623.3813, time 1535.34, currMinPhero 0.03, stagnancy 1.8%
[35m[MSG][0m itr   341, best 5623.3813, time 1539.58, currMinPhero 0.03, stagnancy 2.0%
[35m[MSG][0m itr   342, best 5623.3813, time 1544.43, currMinPhero 0.03, stagnancy 2.2%
[35m[MSG][0m itr   343, best 5623.3813, time 1549.88, currMinPhero 0.03, stagnancy 2.4%
[35m[MSG][0m itr   344, best 5623.3813, time 1554.60, currMinPhero 0.03, stagnancy 2.6%
[35m[MSG][0m itr   345, best 5623.3813, time 1559.49, currMinPhero 0.03, stagnancy 2.8%
[35m[MSG][0m itr   346, best 5623.3813, time 1564.41, currMinPhero 0.03, stagnancy 3.0%
[35m[MSG][0m itr   347, best 5623.3813, time 1569.31, currMinPhero 0.03, stagnancy 3.2%
[35m[MSG][0m itr   348, best 5623.3813, time 1573.93, currMinPhero 0.03, stagnancy 3.4%
[35m[MSG][0m itr   349, best 5623.3813, time 1578.26, currMinPhero 0.03, stagnancy 3.6%
[35m[MSG][0m itr   350, best 5623.3813, time 1582.48, currMinPhero 0.03, stagnancy 3.8%
[35m[MSG][0m itr   351, best 5623.3813, time 1586.92, currMinPhero 0.03, stagnancy 4.0%
[35m[MSG][0m itr   352, best 5623.3813, time 1591.25, currMinPhero 0.03, stagnancy 4.2%
[35m[MSG][0m itr   353, best 5623.3813, time 1595.59, currMinPhero 0.03, stagnancy 4.4%
[35m[MSG][0m itr   354, best 5623.3813, time 1599.91, currMinPhero 0.03, stagnancy 4.6%
[35m[MSG][0m itr   355, best 5623.3813, time 1604.22, currMinPhero 0.03, stagnancy 4.8%
[35m[MSG][0m itr   356, best 5623.3813, time 1608.62, currMinPhero 0.03, stagnancy 5.0%
[35m[MSG][0m itr   357, best 5623.3813, time 1613.05, currMinPhero 0.03, stagnancy 5.2%
[35m[MSG][0m itr   358, best 5623.3813, time 1617.85, currMinPhero 0.03, stagnancy 5.4%
[35m[MSG][0m itr   359, best 5623.3813, time 1622.69, currMinPhero 0.03, stagnancy 5.6%
[35m[MSG][0m itr   360, best 5623.3813, time 1627.66, currMinPhero 0.03, stagnancy 5.8%
[35m[MSG][0m itr   361, best 5623.3813, time 1632.66, currMinPhero 0.03, stagnancy 6.0%
[35m[MSG][0m itr   362, best 5623.3813, time 1637.57, currMinPhero 0.03, stagnancy 6.2%
[35m[MSG][0m itr   363, best 5623.3813, time 1642.47, currMinPhero 0.03, stagnancy 6.4%
[35m[MSG][0m itr   364, best 5623.3813, time 1647.05, currMinPhero 0.03, stagnancy 6.6%
[35m[MSG][0m itr   365, best 5623.3813, time 1651.40, currMinPhero 0.03, stagnancy 6.8%
[35m[MSG][0m itr   366, best 5623.3813, time 1655.79, currMinPhero 0.03, stagnancy 7.0%
[35m[MSG][0m itr   367, best 5623.3813, time 1660.17, currMinPhero 0.03, stagnancy 7.2%
[35m[MSG][0m itr   368, best 5619.3579, time 1664.63, currMinPhero 0.02, stagnancy 0.0%
[35m[MSG][0m itr   369, best 5619.3579, time 1668.99, currMinPhero 0.02, stagnancy 0.2%
[35m[MSG][0m itr   370, best 5619.3579, time 1673.28, currMinPhero 0.02, stagnancy 0.4%
[35m[MSG][0m itr   371, best 5619.3579, time 1677.71, currMinPhero 0.02, stagnancy 0.6%
[35m[MSG][0m itr   372, best 5619.3579, time 1682.11, currMinPhero 0.02, stagnancy 0.8%
[35m[MSG][0m itr   373, best 5619.3579, time 1686.39, currMinPhero 0.02, stagnancy 1.0%
[35m[MSG][0m itr   374, best 5619.3579, time 1691.03, currMinPhero 0.02, stagnancy 1.2%
[35m[MSG][0m itr   375, best 5619.3579, time 1695.80, currMinPhero 0.02, stagnancy 1.4%
[35m[MSG][0m itr   376, best 5619.3579, time 1700.70, currMinPhero 0.02, stagnancy 1.6%
[35m[MSG][0m itr   377, best 5619.3579, time 1705.65, currMinPhero 0.02, stagnancy 1.8%
[35m[MSG][0m itr   378, best 5619.3579, time 1710.46, currMinPhero 0.02, stagnancy 2.0%
[35m[MSG][0m itr   379, best 5619.3579, time 1715.39, currMinPhero 0.02, stagnancy 2.2%
[35m[MSG][0m itr   380, best 5619.3579, time 1720.29, currMinPhero 0.02, stagnancy 2.4%
[35m[MSG][0m itr   381, best 5619.3579, time 1724.77, currMinPhero 0.02, stagnancy 2.6%
[35m[MSG][0m itr   382, best 5616.0435, time 1729.34, currMinPhero 0.02, stagnancy 0.0%
[35m[MSG][0m itr   383, best 5616.0435, time 1733.65, currMinPhero 0.02, stagnancy 0.2%
[35m[MSG][0m itr   384, best 5616.0435, time 1738.05, currMinPhero 0.02, stagnancy 0.4%
[35m[MSG][0m itr   385, best 5616.0435, time 1742.20, currMinPhero 0.02, stagnancy 0.6%
[35m[MSG][0m Time: 1742.21 s
[35m[MSG][0m Best cost: 5616.04
