[35m[MSG][0m Log level set to LOG_DEBUG
[35m[MSG][0m Parsing input from file "res/fruitybun250_2016.vrp"
[35m[MSG][0m Number of nodes: 250
[35m[MSG][0m Running ACO search
[35m[MSG][0m ACO settings: 
 alpha:     8.000
 beta:      1.000
 pers:      0.850
 minPhero:  0.015
 nbhood:    10
 popSize:   512
 maxStag:   300
[35m[MSG][0m itr     1, best 5758.2935, time    1.1, minPhero 0.85(28922), stagnancy 0.0%
[35m[MSG][0m itr     2, best 5758.2935, time    2.3, minPhero 0.72(28922), stagnancy 0.3%
[35m[MSG][0m itr     3, best 5749.0889, time    3.5, minPhero 0.61(28922), stagnancy 0.0%
[35m[MSG][0m itr     4, best 5749.0889, time    4.7, minPhero 0.52(28922), stagnancy 0.3%
[35m[MSG][0m itr     5, best 5733.6235, time    5.9, minPhero 0.44(28922), stagnancy 0.0%
[35m[MSG][0m itr     6, best 5733.6235, time    7.1, minPhero 0.38(28922), stagnancy 0.3%
[35m[MSG][0m itr     7, best 5727.9189, time    8.2, minPhero 0.32(28922), stagnancy 0.0%
[35m[MSG][0m itr     8, best 5685.1807, time    9.4, minPhero 0.27(28922), stagnancy 0.0%
[35m[MSG][0m itr     9, best 5685.1807, time   10.6, minPhero 0.23(28922), stagnancy 0.3%
[35m[MSG][0m itr    10, best 5685.1807, time   11.8, minPhero 0.20(28922), stagnancy 0.7%
[35m[MSG][0m itr    11, best 5685.1807, time   13.0, minPhero 0.17(28922), stagnancy 1.0%
[35m[MSG][0m itr    12, best 5685.1807, time   14.2, minPhero 0.14(28922), stagnancy 1.3%
[35m[MSG][0m itr    13, best 5673.0396, time   15.5, minPhero 0.12(28922), stagnancy 0.0%
[35m[MSG][0m itr    14, best 5670.2656, time   16.6, minPhero 0.10(28922), stagnancy 0.0%
[35m[MSG][0m itr    15, best 5649.5996, time   17.8, minPhero 0.09(28922), stagnancy 0.0%
[35m[MSG][0m itr    16, best 5649.5996, time   19.0, minPhero 0.07(28922), stagnancy 0.3%
[35m[MSG][0m itr    17, best 5649.5996, time   20.2, minPhero 0.06(28922), stagnancy 0.7%
[35m[MSG][0m itr    18, best 5649.5996, time   21.4, minPhero 0.05(28922), stagnancy 1.0%
[35m[MSG][0m itr    19, best 5649.5996, time   22.6, minPhero 0.05(28922), stagnancy 1.3%
[35m[MSG][0m itr    20, best 5649.5996, time   23.9, minPhero 0.04(28922), stagnancy 1.7%
[35m[MSG][0m itr    21, best 5649.5610, time   25.1, minPhero 0.03(28922), stagnancy 0.0%
[35m[MSG][0m itr    22, best 5649.5610, time   26.3, minPhero 0.03(28922), stagnancy 0.3%
[35m[MSG][0m itr    23, best 5637.1738, time   27.5, minPhero 0.02(572), stagnancy 0.0%
[35m[MSG][0m itr    24, best 5637.1738, time   28.7, minPhero 0.02(572), stagnancy 0.3%
[35m[MSG][0m itr    25, best 5637.1738, time   29.9, minPhero 0.02(531), stagnancy 0.7%
[35m[MSG][0m itr    26, best 5637.1738, time   31.1, minPhero 0.01(452), stagnancy 1.0%
[35m[MSG][0m itr    27, best 5634.3623, time   32.3, minPhero 0.01(415), stagnancy 0.0%
[35m[MSG][0m itr    28, best 5634.3623, time   33.5, minPhero 0.01(381), stagnancy 0.3%
[35m[MSG][0m itr    29, best 5628.7402, time   34.7, minPhero 0.01(360), stagnancy 0.0%
[35m[MSG][0m itr    30, best 5628.7402, time   35.9, minPhero 0.01(348), stagnancy 0.3%
[35m[MSG][0m itr    31, best 5628.7397, time   37.1, minPhero 0.01(341), stagnancy 0.0%
[35m[MSG][0m itr    32, best 5628.7397, time   38.3, minPhero 0.01(334), stagnancy 0.3%
[35m[MSG][0m itr    33, best 5628.7241, time   39.4, minPhero 0.01(323), stagnancy 0.0%
[35m[MSG][0m itr    34, best 5626.4238, time   40.6, minPhero 0.01(318), stagnancy 0.0%
[35m[MSG][0m itr    35, best 5626.4238, time   41.8, minPhero 0.01(307), stagnancy 0.3%
[35m[MSG][0m itr    36, best 5626.4238, time   43.0, minPhero 0.01(302), stagnancy 0.7%
[35m[MSG][0m itr    37, best 5625.5312, time   44.2, minPhero 0.01(301), stagnancy 0.0%
[35m[MSG][0m itr    38, best 5625.5156, time   45.4, minPhero 0.01(288), stagnancy 0.0%
[35m[MSG][0m itr    39, best 5625.0537, time   46.6, minPhero 0.01(286), stagnancy 0.0%
[35m[MSG][0m itr    40, best 5620.7109, time   47.8, minPhero 0.01(283), stagnancy 0.0%
[35m[MSG][0m itr    41, best 5620.7109, time   49.0, minPhero 0.01(267), stagnancy 0.3%
[35m[MSG][0m itr    42, best 5620.7109, time   50.2, minPhero 0.01(267), stagnancy 0.7%
[35m[MSG][0m itr    43, best 5618.2754, time   51.4, minPhero 0.01(267), stagnancy 0.0%
[35m[MSG][0m itr    44, best 5618.1240, time   52.6, minPhero 0.01(264), stagnancy 0.0%
[35m[MSG][0m itr    45, best 5618.1240, time   53.8, minPhero 0.01(263), stagnancy 0.3%
[35m[MSG][0m itr    46, best 5617.4111, time   55.0, minPhero 0.01(264), stagnancy 0.0%
[35m[MSG][0m itr    47, best 5617.4111, time   56.2, minPhero 0.01(264), stagnancy 0.3%
[35m[MSG][0m itr    48, best 5617.4111, time   57.4, minPhero 0.01(264), stagnancy 0.7%
[35m[MSG][0m itr    49, best 5617.4111, time   58.6, minPhero 0.01(264), stagnancy 1.0%
[35m[MSG][0m itr    50, best 5616.9609, time   59.8, minPhero 0.01(266), stagnancy 0.0%
[35m[MSG][0m itr    51, best 5616.9609, time   61.0, minPhero 0.01(263), stagnancy 0.3%
[35m[MSG][0m itr    52, best 5616.8105, time   62.2, minPhero 0.01(261), stagnancy 0.0%
[35m[MSG][0m itr    53, best 5616.8105, time   63.4, minPhero 0.01(256), stagnancy 0.3%
[35m[MSG][0m itr    54, best 5616.1455, time   64.6, minPhero 0.01(254), stagnancy 0.0%
[35m[MSG][0m itr    55, best 5614.7480, time   65.8, minPhero 0.01(252), stagnancy 0.0%
[35m[MSG][0m itr    56, best 5614.7480, time   67.0, minPhero 0.01(248), stagnancy 0.3%
[35m[MSG][0m itr    57, best 5614.7471, time   68.2, minPhero 0.01(248), stagnancy 0.0%
[35m[MSG][0m itr    58, best 5614.2275, time   69.4, minPhero 0.01(250), stagnancy 0.0%
[35m[MSG][0m itr    59, best 5613.0840, time   70.6, minPhero 0.01(254), stagnancy 0.0%
[35m[MSG][0m itr    60, best 5612.5635, time   71.9, minPhero 0.01(254), stagnancy 0.0%
[35m[MSG][0m itr    61, best 5612.5635, time   73.1, minPhero 0.01(254), stagnancy 0.3%
[35m[MSG][0m itr    62, best 5612.5635, time   74.3, minPhero 0.01(251), stagnancy 0.7%
[35m[MSG][0m itr    63, best 5611.5488, time   75.5, minPhero 0.01(256), stagnancy 0.0%
[35m[MSG][0m itr    64, best 5611.2051, time   76.6, minPhero 0.01(256), stagnancy 0.0%
[35m[MSG][0m itr    65, best 5609.5410, time   77.9, minPhero 0.01(255), stagnancy 0.0%
[35m[MSG][0m itr    66, best 5609.5410, time   79.1, minPhero 0.01(254), stagnancy 0.3%
[35m[MSG][0m itr    67, best 5609.2139, time   80.3, minPhero 0.01(257), stagnancy 0.0%
[35m[MSG][0m itr    68, best 5609.2139, time   81.4, minPhero 0.01(255), stagnancy 0.3%
[35m[MSG][0m itr    69, best 5609.1953, time   82.7, minPhero 0.01(263), stagnancy 0.0%
[35m[MSG][0m itr    70, best 5609.1953, time   83.9, minPhero 0.01(263), stagnancy 0.3%
[35m[MSG][0m itr    71, best 5609.1953, time   85.1, minPhero 0.01(263), stagnancy 0.7%
[35m[MSG][0m itr    72, best 5609.1953, time   86.3, minPhero 0.01(259), stagnancy 1.0%
[35m[MSG][0m itr    73, best 5609.1953, time   87.6, minPhero 0.01(259), stagnancy 1.3%
[35m[MSG][0m itr    74, best 5607.9824, time   88.8, minPhero 0.01(260), stagnancy 0.0%
[35m[MSG][0m itr    75, best 5607.9824, time   90.0, minPhero 0.01(259), stagnancy 0.3%
[35m[MSG][0m itr    76, best 5607.9824, time   91.2, minPhero 0.01(255), stagnancy 0.7%
[35m[MSG][0m itr    77, best 5607.9668, time   92.4, minPhero 0.01(257), stagnancy 0.0%
[35m[MSG][0m itr    78, best 5607.6553, time   93.6, minPhero 0.01(256), stagnancy 0.0%
[35m[MSG][0m itr    79, best 5607.6553, time   94.8, minPhero 0.01(256), stagnancy 0.3%
[35m[MSG][0m itr    80, best 5607.6533, time   96.0, minPhero 0.01(257), stagnancy 0.0%
[35m[MSG][0m itr    81, best 5606.7871, time   97.2, minPhero 0.01(259), stagnancy 0.0%
[35m[MSG][0m itr    82, best 5606.7871, time   98.4, minPhero 0.01(259), stagnancy 0.3%
[35m[MSG][0m itr    83, best 5606.7871, time   99.7, minPhero 0.01(254), stagnancy 0.7%
[35m[MSG][0m itr    84, best 5606.7871, time  100.9, minPhero 0.01(253), stagnancy 1.0%
[35m[MSG][0m itr    85, best 5604.3242, time  102.1, minPhero 0.01(253), stagnancy 0.0%
[35m[MSG][0m itr    86, best 5604.3242, time  103.3, minPhero 0.01(253), stagnancy 0.3%
[35m[MSG][0m itr    87, best 5603.3574, time  104.5, minPhero 0.01(255), stagnancy 0.0%
[35m[MSG][0m itr    88, best 5603.0303, time  105.7, minPhero 0.01(255), stagnancy 0.0%
[35m[MSG][0m itr    89, best 5603.0303, time  106.9, minPhero 0.01(255), stagnancy 0.3%
[35m[MSG][0m itr    90, best 5602.1484, time  108.1, minPhero 0.01(258), stagnancy 0.0%
[35m[MSG][0m itr    91, best 5600.9355, time  109.3, minPhero 0.01(251), stagnancy 0.0%
[35m[MSG][0m itr    92, best 5600.9355, time  110.5, minPhero 0.01(250), stagnancy 0.3%
[35m[MSG][0m itr    93, best 5600.3369, time  111.7, minPhero 0.01(252), stagnancy 0.0%
[35m[MSG][0m itr    94, best 5600.3359, time  112.9, minPhero 0.01(251), stagnancy 0.0%
[35m[MSG][0m itr    95, best 5595.7314, time  114.1, minPhero 0.01(258), stagnancy 0.0%
[35m[MSG][0m itr    96, best 5595.7314, time  115.3, minPhero 0.01(258), stagnancy 0.3%
[35m[MSG][0m itr    97, best 5595.7314, time  116.5, minPhero 0.01(258), stagnancy 0.7%
[35m[MSG][0m itr    98, best 5595.7314, time  117.7, minPhero 0.01(258), stagnancy 1.0%
[35m[MSG][0m itr    99, best 5595.7314, time  118.9, minPhero 0.01(258), stagnancy 1.3%
[35m[MSG][0m itr   100, best 5595.7314, time  120.1, minPhero 0.01(258), stagnancy 1.7%
[35m[MSG][0m itr   101, best 5595.7314, time  121.3, minPhero 0.01(258), stagnancy 2.0%
[35m[MSG][0m itr   102, best 5595.5586, time  122.5, minPhero 0.01(261), stagnancy 0.0%
[35m[MSG][0m itr   103, best 5594.5879, time  123.7, minPhero 0.01(249), stagnancy 0.0%
[35m[MSG][0m itr   104, best 5594.5879, time  125.0, minPhero 0.01(249), stagnancy 0.3%
[35m[MSG][0m itr   105, best 5594.5879, time  126.2, minPhero 0.01(249), stagnancy 0.7%
[35m[MSG][0m itr   106, best 5594.5879, time  127.4, minPhero 0.01(249), stagnancy 1.0%
[35m[MSG][0m itr   107, best 5594.5879, time  128.6, minPhero 0.01(249), stagnancy 1.3%
[35m[MSG][0m itr   108, best 5594.5879, time  129.8, minPhero 0.01(249), stagnancy 1.7%
[35m[MSG][0m itr   109, best 5594.5879, time  131.0, minPhero 0.01(247), stagnancy 2.0%
[35m[MSG][0m itr   110, best 5594.5879, time  132.2, minPhero 0.01(247), stagnancy 2.3%
[35m[MSG][0m itr   111, best 5594.5879, time  133.4, minPhero 0.01(247), stagnancy 2.7%
[35m[MSG][0m itr   112, best 5594.5879, time  134.6, minPhero 0.01(244), stagnancy 3.0%
[35m[MSG][0m itr   113, best 5594.5879, time  135.8, minPhero 0.01(244), stagnancy 3.3%
[35m[MSG][0m itr   114, best 5594.1104, time  137.0, minPhero 0.01(245), stagnancy 0.0%
[35m[MSG][0m itr   115, best 5594.1104, time  138.2, minPhero 0.01(243), stagnancy 0.3%
[35m[MSG][0m itr   116, best 5594.1104, time  139.4, minPhero 0.01(243), stagnancy 0.7%
[35m[MSG][0m itr   117, best 5594.1104, time  140.7, minPhero 0.01(238), stagnancy 1.0%
[35m[MSG][0m itr   118, best 5594.1094, time  141.8, minPhero 0.01(238), stagnancy 0.0%
[35m[MSG][0m itr   119, best 5594.1094, time  143.0, minPhero 0.01(238), stagnancy 0.3%
[35m[MSG][0m itr   120, best 5594.1094, time  144.2, minPhero 0.01(238), stagnancy 0.7%
[35m[MSG][0m itr   121, best 5594.1094, time  145.4, minPhero 0.01(238), stagnancy 1.0%
[35m[MSG][0m itr   122, best 5594.1094, time  146.6, minPhero 0.01(236), stagnancy 1.3%
[35m[MSG][0m itr   123, best 5594.1094, time  147.8, minPhero 0.01(236), stagnancy 1.7%
[35m[MSG][0m itr   124, best 5594.1094, time  149.0, minPhero 0.01(236), stagnancy 2.0%
[35m[MSG][0m itr   125, best 5594.1094, time  150.0, minPhero 0.01(236), stagnancy 2.3%
[35m[MSG][0m itr   126, best 5593.4844, time  151.2, minPhero 0.01(247), stagnancy 0.0%
[35m[MSG][0m itr   127, best 5593.0571, time  152.3, minPhero 0.01(255), stagnancy 0.0%
[35m[MSG][0m itr   128, best 5591.4678, time  153.5, minPhero 0.01(256), stagnancy 0.0%
[35m[MSG][0m itr   129, best 5591.4678, time  154.7, minPhero 0.01(256), stagnancy 0.3%
[35m[MSG][0m itr   130, best 5591.1943, time  155.9, minPhero 0.01(257), stagnancy 0.0%
[35m[MSG][0m itr   131, best 5591.1943, time  157.1, minPhero 0.01(257), stagnancy 0.3%
[35m[MSG][0m itr   132, best 5591.1943, time  158.4, minPhero 0.01(257), stagnancy 0.7%
[35m[MSG][0m itr   133, best 5590.7739, time  159.6, minPhero 0.01(259), stagnancy 0.0%
[35m[MSG][0m itr   134, best 5590.0620, time  160.8, minPhero 0.01(259), stagnancy 0.0%
[35m[MSG][0m itr   135, best 5590.0620, time  162.0, minPhero 0.01(259), stagnancy 0.3%
[35m[MSG][0m itr   136, best 5590.0620, time  163.1, minPhero 0.01(256), stagnancy 0.7%
[35m[MSG][0m itr   137, best 5590.0620, time  164.4, minPhero 0.01(256), stagnancy 1.0%
[35m[MSG][0m itr   138, best 5590.0620, time  165.6, minPhero 0.01(255), stagnancy 1.3%
[35m[MSG][0m itr   139, best 5590.0620, time  166.8, minPhero 0.01(252), stagnancy 1.7%
[35m[MSG][0m itr   140, best 5589.8325, time  168.1, minPhero 0.01(255), stagnancy 0.0%
[35m[MSG][0m itr   141, best 5589.8325, time  169.3, minPhero 0.01(255), stagnancy 0.3%
[35m[MSG][0m itr   142, best 5584.6006, time  170.5, minPhero 0.01(263), stagnancy 0.0%
[35m[MSG][0m itr   143, best 5582.4414, time  171.7, minPhero 0.01(268), stagnancy 0.0%
[35m[MSG][0m itr   144, best 5581.6846, time  172.8, minPhero 0.01(268), stagnancy 0.0%
[35m[MSG][0m itr   145, best 5581.3022, time  173.9, minPhero 0.01(267), stagnancy 0.0%
[35m[MSG][0m itr   146, best 5581.3022, time  175.1, minPhero 0.01(267), stagnancy 0.3%
[35m[MSG][0m itr   147, best 5581.3018, time  176.3, minPhero 0.01(264), stagnancy 0.0%
[35m[MSG][0m itr   148, best 5581.3018, time  177.5, minPhero 0.01(257), stagnancy 0.3%
[35m[MSG][0m itr   149, best 5581.3018, time  178.7, minPhero 0.01(253), stagnancy 0.7%
[35m[MSG][0m itr   150, best 5581.0728, time  179.9, minPhero 0.01(253), stagnancy 0.0%
[35m[MSG][0m itr   151, best 5581.0728, time  181.1, minPhero 0.01(253), stagnancy 0.3%
[35m[MSG][0m itr   152, best 5581.0728, time  182.4, minPhero 0.01(253), stagnancy 0.7%
[35m[MSG][0m itr   153, best 5581.0728, time  183.6, minPhero 0.01(253), stagnancy 1.0%
[35m[MSG][0m itr   154, best 5580.3203, time  184.8, minPhero 0.01(251), stagnancy 0.0%
[35m[MSG][0m itr   155, best 5579.9375, time  186.0, minPhero 0.01(248), stagnancy 0.0%
[35m[MSG][0m itr   156, best 5579.9370, time  187.3, minPhero 0.01(248), stagnancy 0.0%
[35m[MSG][0m itr   157, best 5579.9370, time  188.5, minPhero 0.01(248), stagnancy 0.3%
[35m[MSG][0m itr   158, best 5579.9370, time  189.6, minPhero 0.01(248), stagnancy 0.7%
[35m[MSG][0m itr   159, best 5579.9370, time  190.8, minPhero 0.01(248), stagnancy 1.0%
[35m[MSG][0m itr   160, best 5579.9370, time  192.0, minPhero 0.01(248), stagnancy 1.3%
[35m[MSG][0m itr   161, best 5579.9370, time  193.2, minPhero 0.01(248), stagnancy 1.7%
[35m[MSG][0m itr   162, best 5579.9370, time  194.4, minPhero 0.01(248), stagnancy 2.0%
[35m[MSG][0m itr   163, best 5579.9370, time  195.6, minPhero 0.01(247), stagnancy 2.3%
[35m[MSG][0m itr   164, best 5579.9370, time  196.8, minPhero 0.01(241), stagnancy 2.7%
[35m[MSG][0m itr   165, best 5579.9370, time  198.0, minPhero 0.01(238), stagnancy 3.0%
[35m[MSG][0m itr   166, best 5579.9370, time  199.2, minPhero 0.01(238), stagnancy 3.3%
[35m[MSG][0m itr   167, best 5579.9370, time  200.4, minPhero 0.01(238), stagnancy 3.7%
[35m[MSG][0m itr   168, best 5579.9370, time  201.5, minPhero 0.01(237), stagnancy 4.0%
[35m[MSG][0m itr   169, best 5579.9370, time  202.7, minPhero 0.01(237), stagnancy 4.3%
[35m[MSG][0m itr   170, best 5579.9370, time  204.0, minPhero 0.01(237), stagnancy 4.7%
[35m[MSG][0m itr   171, best 5579.9370, time  205.2, minPhero 0.01(237), stagnancy 5.0%
[35m[MSG][0m itr   172, best 5579.9370, time  206.4, minPhero 0.01(234), stagnancy 5.3%
[35m[MSG][0m itr   173, best 5579.9370, time  207.6, minPhero 0.01(234), stagnancy 5.7%
[35m[MSG][0m itr   174, best 5579.9370, time  208.8, minPhero 0.01(234), stagnancy 6.0%
[35m[MSG][0m itr   175, best 5579.9370, time  210.0, minPhero 0.01(234), stagnancy 6.3%
[35m[MSG][0m itr   176, best 5579.9370, time  211.2, minPhero 0.01(232), stagnancy 6.7%
[35m[MSG][0m itr   177, best 5579.9370, time  212.4, minPhero 0.01(232), stagnancy 7.0%
[35m[MSG][0m itr   178, best 5579.9370, time  213.6, minPhero 0.01(232), stagnancy 7.3%
[35m[MSG][0m itr   179, best 5579.9370, time  214.8, minPhero 0.01(232), stagnancy 7.7%
[35m[MSG][0m itr   180, best 5579.9370, time  216.0, minPhero 0.01(232), stagnancy 8.0%
[35m[MSG][0m itr   181, best 5579.9370, time  217.2, minPhero 0.01(232), stagnancy 8.3%
[35m[MSG][0m itr   182, best 5579.9370, time  218.4, minPhero 0.01(232), stagnancy 8.7%
[35m[MSG][0m itr   183, best 5579.9370, time  219.6, minPhero 0.01(232), stagnancy 9.0%
[35m[MSG][0m itr   184, best 5579.9370, time  220.8, minPhero 0.01(232), stagnancy 9.3%
[35m[MSG][0m itr   185, best 5579.9370, time  222.0, minPhero 0.01(232), stagnancy 9.7%
[35m[MSG][0m itr   186, best 5579.9370, time  223.2, minPhero 0.01(232), stagnancy 10.0%
[35m[MSG][0m itr   187, best 5579.9370, time  224.4, minPhero 0.01(232), stagnancy 10.3%
[35m[MSG][0m itr   188, best 5579.9370, time  225.6, minPhero 0.01(232), stagnancy 10.7%
[35m[MSG][0m itr   189, best 5579.9370, time  226.7, minPhero 0.01(232), stagnancy 11.0%
[35m[MSG][0m itr   190, best 5579.9370, time  227.9, minPhero 0.01(232), stagnancy 11.3%
[35m[MSG][0m itr   191, best 5579.9370, time  229.2, minPhero 0.01(232), stagnancy 11.7%
[35m[MSG][0m itr   192, best 5579.9370, time  230.4, minPhero 0.01(232), stagnancy 12.0%
[35m[MSG][0m itr   193, best 5579.9370, time  231.6, minPhero 0.01(232), stagnancy 12.3%
[35m[MSG][0m itr   194, best 5579.9370, time  232.8, minPhero 0.01(232), stagnancy 12.7%
[35m[MSG][0m itr   195, best 5579.9370, time  234.0, minPhero 0.01(232), stagnancy 13.0%
[35m[MSG][0m itr   196, best 5579.9370, time  235.1, minPhero 0.01(232), stagnancy 13.3%
[35m[MSG][0m itr   197, best 5579.9370, time  236.2, minPhero 0.01(232), stagnancy 13.7%
[35m[MSG][0m itr   198, best 5579.9370, time  237.4, minPhero 0.01(232), stagnancy 14.0%
[35m[MSG][0m itr   199, best 5579.9370, time  238.6, minPhero 0.01(232), stagnancy 14.3%
[35m[MSG][0m itr   200, best 5579.9370, time  239.8, minPhero 0.01(232), stagnancy 14.7%
[35m[MSG][0m itr   201, best 5579.9370, time  240.9, minPhero 0.01(232), stagnancy 15.0%
[35m[MSG][0m itr   202, best 5579.9370, time  242.2, minPhero 0.01(232), stagnancy 15.3%
[35m[MSG][0m itr   203, best 5579.9370, time  243.4, minPhero 0.01(232), stagnancy 15.7%
[35m[MSG][0m itr   204, best 5579.9370, time  244.6, minPhero 0.01(232), stagnancy 16.0%
[35m[MSG][0m itr   205, best 5579.9370, time  245.8, minPhero 0.01(232), stagnancy 16.3%
[35m[MSG][0m itr   206, best 5579.9370, time  247.0, minPhero 0.01(232), stagnancy 16.7%
[35m[MSG][0m itr   207, best 5579.9370, time  248.2, minPhero 0.01(232), stagnancy 17.0%
[35m[MSG][0m itr   208, best 5579.9370, time  249.4, minPhero 0.01(232), stagnancy 17.3%
[35m[MSG][0m itr   209, best 5579.9370, time  250.6, minPhero 0.01(232), stagnancy 17.7%
[35m[MSG][0m itr   210, best 5579.9370, time  251.7, minPhero 0.01(232), stagnancy 18.0%
[35m[MSG][0m itr   211, best 5579.9370, time  253.0, minPhero 0.01(232), stagnancy 18.3%
[35m[MSG][0m itr   212, best 5579.9370, time  254.2, minPhero 0.01(232), stagnancy 18.7%
[35m[MSG][0m itr   213, best 5579.9370, time  255.3, minPhero 0.01(232), stagnancy 19.0%
[35m[MSG][0m itr   214, best 5579.9370, time  256.6, minPhero 0.01(232), stagnancy 19.3%
[35m[MSG][0m itr   215, best 5579.9370, time  257.8, minPhero 0.01(232), stagnancy 19.7%
[35m[MSG][0m itr   216, best 5579.9370, time  259.0, minPhero 0.01(232), stagnancy 20.0%
[35m[MSG][0m itr   217, best 5579.9370, time  260.2, minPhero 0.01(232), stagnancy 20.3%
[35m[MSG][0m itr   218, best 5579.9370, time  261.4, minPhero 0.01(232), stagnancy 20.7%
[35m[MSG][0m itr   219, best 5579.9370, time  262.6, minPhero 0.01(232), stagnancy 21.0%
[35m[MSG][0m itr   220, best 5579.9370, time  263.8, minPhero 0.01(232), stagnancy 21.3%
[35m[MSG][0m itr   221, best 5579.9370, time  265.0, minPhero 0.01(232), stagnancy 21.7%
[35m[MSG][0m itr   222, best 5579.9370, time  266.2, minPhero 0.01(232), stagnancy 22.0%
[35m[MSG][0m itr   223, best 5579.9370, time  267.4, minPhero 0.01(232), stagnancy 22.3%
[35m[MSG][0m itr   224, best 5579.9370, time  268.6, minPhero 0.01(232), stagnancy 22.7%
[35m[MSG][0m itr   225, best 5579.9370, time  269.8, minPhero 0.01(232), stagnancy 23.0%
[35m[MSG][0m itr   226, best 5579.9370, time  271.0, minPhero 0.01(232), stagnancy 23.3%
[35m[MSG][0m itr   227, best 5579.9370, time  272.2, minPhero 0.01(232), stagnancy 23.7%
[35m[MSG][0m itr   228, best 5579.9370, time  273.4, minPhero 0.01(232), stagnancy 24.0%
[35m[MSG][0m itr   229, best 5579.9370, time  274.6, minPhero 0.01(232), stagnancy 24.3%
[35m[MSG][0m itr   230, best 5579.9370, time  275.8, minPhero 0.01(232), stagnancy 24.7%
[35m[MSG][0m itr   231, best 5579.9370, time  277.0, minPhero 0.01(232), stagnancy 25.0%
[35m[MSG][0m itr   232, best 5579.9370, time  278.2, minPhero 0.01(232), stagnancy 25.3%
[35m[MSG][0m itr   233, best 5579.9370, time  279.4, minPhero 0.01(232), stagnancy 25.7%
[35m[MSG][0m itr   234, best 5579.9370, time  280.6, minPhero 0.01(232), stagnancy 26.0%
[35m[MSG][0m itr   235, best 5579.9370, time  281.8, minPhero 0.01(232), stagnancy 26.3%
[35m[MSG][0m itr   236, best 5579.9370, time  283.0, minPhero 0.01(232), stagnancy 26.7%
[35m[MSG][0m itr   237, best 5579.9370, time  284.2, minPhero 0.01(232), stagnancy 27.0%
[35m[MSG][0m itr   238, best 5579.9370, time  285.4, minPhero 0.01(232), stagnancy 27.3%
[35m[MSG][0m itr   239, best 5579.9370, time  286.6, minPhero 0.01(232), stagnancy 27.7%
[35m[MSG][0m itr   240, best 5579.9370, time  287.8, minPhero 0.01(232), stagnancy 28.0%
[35m[MSG][0m itr   241, best 5579.9370, time  289.0, minPhero 0.01(232), stagnancy 28.3%
[35m[MSG][0m itr   242, best 5579.9370, time  290.1, minPhero 0.01(232), stagnancy 28.7%
[35m[MSG][0m itr   243, best 5579.9370, time  291.3, minPhero 0.01(232), stagnancy 29.0%
[35m[MSG][0m itr   244, best 5579.9370, time  292.5, minPhero 0.01(232), stagnancy 29.3%
[35m[MSG][0m itr   245, best 5579.9370, time  293.7, minPhero 0.01(232), stagnancy 29.7%
[35m[MSG][0m itr   246, best 5579.9370, time  294.9, minPhero 0.01(232), stagnancy 30.0%
[35m[MSG][0m itr   247, best 5579.9370, time  296.1, minPhero 0.01(232), stagnancy 30.3%
[35m[MSG][0m itr   248, best 5579.9370, time  297.3, minPhero 0.01(232), stagnancy 30.7%
[35m[MSG][0m itr   249, best 5579.9370, time  298.5, minPhero 0.01(232), stagnancy 31.0%
[35m[MSG][0m itr   250, best 5579.9370, time  299.7, minPhero 0.01(232), stagnancy 31.3%
[35m[MSG][0m itr   251, best 5579.9370, time  300.9, minPhero 0.01(232), stagnancy 31.7%
[35m[MSG][0m itr   252, best 5579.9370, time  302.1, minPhero 0.01(232), stagnancy 32.0%
[35m[MSG][0m itr   253, best 5579.9370, time  303.2, minPhero 0.01(232), stagnancy 32.3%
[35m[MSG][0m itr   254, best 5579.9370, time  304.5, minPhero 0.01(232), stagnancy 32.7%
[35m[MSG][0m itr   255, best 5579.9370, time  305.7, minPhero 0.01(232), stagnancy 33.0%
[35m[MSG][0m itr   256, best 5579.9370, time  306.9, minPhero 0.01(232), stagnancy 33.3%
[35m[MSG][0m itr   257, best 5579.9370, time  308.1, minPhero 0.01(232), stagnancy 33.7%
[35m[MSG][0m itr   258, best 5579.9370, time  309.3, minPhero 0.01(232), stagnancy 34.0%
[35m[MSG][0m itr   259, best 5579.9370, time  310.6, minPhero 0.01(232), stagnancy 34.3%
[35m[MSG][0m itr   260, best 5579.9370, time  311.9, minPhero 0.01(232), stagnancy 34.7%
[35m[MSG][0m itr   261, best 5579.9370, time  313.3, minPhero 0.01(232), stagnancy 35.0%
[35m[MSG][0m itr   262, best 5579.9370, time  314.5, minPhero 0.01(232), stagnancy 35.3%
[35m[MSG][0m itr   263, best 5579.9370, time  315.7, minPhero 0.01(232), stagnancy 35.7%
[35m[MSG][0m itr   264, best 5579.9370, time  316.9, minPhero 0.01(232), stagnancy 36.0%
[35m[MSG][0m itr   265, best 5579.9370, time  318.1, minPhero 0.01(232), stagnancy 36.3%
[35m[MSG][0m itr   266, best 5579.9370, time  319.3, minPhero 0.01(232), stagnancy 36.7%
[35m[MSG][0m itr   267, best 5579.9370, time  320.5, minPhero 0.01(232), stagnancy 37.0%
[35m[MSG][0m itr   268, best 5579.9370, time  321.7, minPhero 0.01(232), stagnancy 37.3%
[35m[MSG][0m itr   269, best 5579.9370, time  322.9, minPhero 0.01(232), stagnancy 37.7%
[35m[MSG][0m itr   270, best 5579.9370, time  324.1, minPhero 0.01(232), stagnancy 38.0%
[35m[MSG][0m itr   271, best 5579.9370, time  325.3, minPhero 0.01(232), stagnancy 38.3%
[35m[MSG][0m itr   272, best 5579.9370, time  326.7, minPhero 0.01(232), stagnancy 38.7%
[35m[MSG][0m itr   273, best 5579.9370, time  328.1, minPhero 0.01(232), stagnancy 39.0%
[35m[MSG][0m itr   274, best 5579.9370, time  329.4, minPhero 0.01(232), stagnancy 39.3%
[35m[MSG][0m itr   275, best 5579.9370, time  330.7, minPhero 0.01(232), stagnancy 39.7%
[35m[MSG][0m itr   276, best 5579.9370, time  332.0, minPhero 0.01(232), stagnancy 40.0%
[35m[MSG][0m itr   277, best 5579.9370, time  333.3, minPhero 0.01(232), stagnancy 40.3%
[35m[MSG][0m itr   278, best 5579.9370, time  334.7, minPhero 0.01(232), stagnancy 40.7%
[35m[MSG][0m itr   279, best 5579.9370, time  336.2, minPhero 0.01(232), stagnancy 41.0%
[35m[MSG][0m itr   280, best 5579.9370, time  337.6, minPhero 0.01(232), stagnancy 41.3%
[35m[MSG][0m itr   281, best 5579.9370, time  339.2, minPhero 0.01(232), stagnancy 41.7%
[35m[MSG][0m itr   282, best 5579.9370, time  340.6, minPhero 0.01(232), stagnancy 42.0%
[35m[MSG][0m itr   283, best 5579.9370, time  342.1, minPhero 0.01(232), stagnancy 42.3%
[35m[MSG][0m itr   284, best 5579.9370, time  343.6, minPhero 0.01(232), stagnancy 42.7%
[35m[MSG][0m itr   285, best 5579.9370, time  345.1, minPhero 0.01(232), stagnancy 43.0%
[35m[MSG][0m itr   286, best 5579.9370, time  346.4, minPhero 0.01(232), stagnancy 43.3%
[35m[MSG][0m itr   287, best 5579.9370, time  347.6, minPhero 0.01(232), stagnancy 43.7%
[35m[MSG][0m itr   288, best 5579.9370, time  348.8, minPhero 0.01(232), stagnancy 44.0%
[35m[MSG][0m itr   289, best 5579.9370, time  350.3, minPhero 0.01(232), stagnancy 44.3%
[35m[MSG][0m itr   290, best 5579.9370, time  351.7, minPhero 0.01(232), stagnancy 44.7%
[35m[MSG][0m itr   291, best 5579.9370, time  353.1, minPhero 0.01(232), stagnancy 45.0%
[35m[MSG][0m itr   292, best 5579.9370, time  354.3, minPhero 0.01(232), stagnancy 45.3%
[35m[MSG][0m itr   293, best 5579.9370, time  355.5, minPhero 0.01(232), stagnancy 45.7%
[35m[MSG][0m itr   294, best 5579.9370, time  356.7, minPhero 0.01(232), stagnancy 46.0%
[35m[MSG][0m itr   295, best 5579.9370, time  357.9, minPhero 0.01(232), stagnancy 46.3%
[35m[MSG][0m itr   296, best 5579.9370, time  359.2, minPhero 0.01(232), stagnancy 46.7%
[35m[MSG][0m itr   297, best 5579.9370, time  360.6, minPhero 0.01(232), stagnancy 47.0%
[35m[MSG][0m itr   298, best 5579.9370, time  361.9, minPhero 0.01(232), stagnancy 47.3%
[35m[MSG][0m itr   299, best 5579.9370, time  363.1, minPhero 0.01(232), stagnancy 47.7%
[35m[MSG][0m itr   300, best 5579.9370, time  364.3, minPhero 0.01(232), stagnancy 48.0%
[35m[MSG][0m itr   301, best 5579.9370, time  365.5, minPhero 0.01(232), stagnancy 48.3%
[35m[MSG][0m itr   302, best 5579.9370, time  366.6, minPhero 0.01(232), stagnancy 48.7%
[35m[MSG][0m itr   303, best 5579.9370, time  367.8, minPhero 0.01(232), stagnancy 49.0%
[35m[MSG][0m itr   304, best 5579.9370, time  369.0, minPhero 0.01(232), stagnancy 49.3%
[35m[MSG][0m itr   305, best 5579.9370, time  370.3, minPhero 0.01(232), stagnancy 49.7%
[35m[MSG][0m itr   306, best 5579.9370, time  371.5, minPhero 0.01(232), stagnancy 50.0%
[35m[MSG][0m itr   307, best 5579.9370, time  372.7, minPhero 0.01(232), stagnancy 50.3%
[35m[MSG][0m itr   308, best 5579.9370, time  373.9, minPhero 0.01(232), stagnancy 50.7%
[35m[MSG][0m itr   309, best 5579.9370, time  375.1, minPhero 0.01(232), stagnancy 51.0%
[35m[MSG][0m itr   310, best 5579.9370, time  376.4, minPhero 0.01(232), stagnancy 51.3%
[35m[MSG][0m itr   311, best 5579.9370, time  377.6, minPhero 0.01(232), stagnancy 51.7%
[35m[MSG][0m itr   312, best 5579.9370, time  378.8, minPhero 0.01(232), stagnancy 52.0%
[35m[MSG][0m itr   313, best 5579.9370, time  380.0, minPhero 0.01(232), stagnancy 52.3%
[35m[MSG][0m itr   314, best 5579.9370, time  381.2, minPhero 0.01(232), stagnancy 52.7%
[35m[MSG][0m itr   315, best 5579.9370, time  382.4, minPhero 0.01(232), stagnancy 53.0%
[35m[MSG][0m itr   316, best 5579.9370, time  383.6, minPhero 0.01(232), stagnancy 53.3%
[35m[MSG][0m itr   317, best 5579.9370, time  384.8, minPhero 0.01(232), stagnancy 53.7%
[35m[MSG][0m itr   318, best 5579.9370, time  386.0, minPhero 0.01(232), stagnancy 54.0%
[35m[MSG][0m itr   319, best 5579.9370, time  387.2, minPhero 0.01(232), stagnancy 54.3%
[35m[MSG][0m itr   320, best 5579.9370, time  388.4, minPhero 0.01(232), stagnancy 54.7%
[35m[MSG][0m itr   321, best 5579.9370, time  389.6, minPhero 0.01(232), stagnancy 55.0%
[35m[MSG][0m itr   322, best 5579.9370, time  390.8, minPhero 0.01(232), stagnancy 55.3%
[35m[MSG][0m itr   323, best 5579.9370, time  392.0, minPhero 0.01(232), stagnancy 55.7%
[35m[MSG][0m itr   324, best 5579.9370, time  393.2, minPhero 0.01(232), stagnancy 56.0%
[35m[MSG][0m itr   325, best 5579.9370, time  394.3, minPhero 0.01(232), stagnancy 56.3%
[35m[MSG][0m itr   326, best 5579.9370, time  395.6, minPhero 0.01(232), stagnancy 56.7%
[35m[MSG][0m itr   327, best 5579.9370, time  396.7, minPhero 0.01(232), stagnancy 57.0%
[35m[MSG][0m itr   328, best 5579.9370, time  397.8, minPhero 0.01(232), stagnancy 57.3%
[35m[MSG][0m itr   329, best 5579.9370, time  399.0, minPhero 0.01(232), stagnancy 57.7%
[35m[MSG][0m itr   330, best 5579.9370, time  400.2, minPhero 0.01(232), stagnancy 58.0%
[35m[MSG][0m itr   331, best 5579.9370, time  401.4, minPhero 0.01(232), stagnancy 58.3%
[35m[MSG][0m itr   332, best 5579.9370, time  402.6, minPhero 0.01(232), stagnancy 58.7%
[35m[MSG][0m itr   333, best 5579.9370, time  403.8, minPhero 0.01(232), stagnancy 59.0%
[35m[MSG][0m itr   334, best 5579.9370, time  404.9, minPhero 0.01(232), stagnancy 59.3%
[35m[MSG][0m itr   335, best 5579.9370, time  406.1, minPhero 0.01(232), stagnancy 59.7%
[35m[MSG][0m itr   336, best 5579.9370, time  407.3, minPhero 0.01(232), stagnancy 60.0%
[35m[MSG][0m itr   337, best 5579.9370, time  408.5, minPhero 0.01(232), stagnancy 60.3%
[35m[MSG][0m itr   338, best 5579.9370, time  409.7, minPhero 0.01(232), stagnancy 60.7%
[35m[MSG][0m itr   339, best 5579.9370, time  410.9, minPhero 0.01(232), stagnancy 61.0%
[35m[MSG][0m itr   340, best 5579.9370, time  412.2, minPhero 0.01(232), stagnancy 61.3%
[35m[MSG][0m itr   341, best 5579.9370, time  413.3, minPhero 0.01(232), stagnancy 61.7%
[35m[MSG][0m itr   342, best 5579.9370, time  414.5, minPhero 0.01(232), stagnancy 62.0%
[35m[MSG][0m itr   343, best 5579.9370, time  415.7, minPhero 0.01(232), stagnancy 62.3%
[35m[MSG][0m itr   344, best 5579.9370, time  417.0, minPhero 0.01(232), stagnancy 62.7%
[35m[MSG][0m itr   345, best 5579.9370, time  418.2, minPhero 0.01(232), stagnancy 63.0%
[35m[MSG][0m itr   346, best 5579.9370, time  419.4, minPhero 0.01(232), stagnancy 63.3%
[35m[MSG][0m itr   347, best 5579.9370, time  420.6, minPhero 0.01(232), stagnancy 63.7%
[35m[MSG][0m itr   348, best 5579.9370, time  421.8, minPhero 0.01(232), stagnancy 64.0%
[35m[MSG][0m itr   349, best 5579.9370, time  423.0, minPhero 0.01(232), stagnancy 64.3%
[35m[MSG][0m itr   350, best 5579.9370, time  424.2, minPhero 0.01(232), stagnancy 64.7%
[35m[MSG][0m itr   351, best 5579.9370, time  425.4, minPhero 0.01(232), stagnancy 65.0%
[35m[MSG][0m itr   352, best 5579.9370, time  426.6, minPhero 0.01(232), stagnancy 65.3%
[35m[MSG][0m itr   353, best 5579.9370, time  427.9, minPhero 0.01(232), stagnancy 65.7%
[35m[MSG][0m itr   354, best 5579.9370, time  429.1, minPhero 0.01(232), stagnancy 66.0%
[35m[MSG][0m itr   355, best 5579.9370, time  430.3, minPhero 0.01(232), stagnancy 66.3%
[35m[MSG][0m itr   356, best 5579.9370, time  431.4, minPhero 0.01(232), stagnancy 66.7%
[35m[MSG][0m itr   357, best 5579.9370, time  432.6, minPhero 0.01(232), stagnancy 67.0%
[35m[MSG][0m itr   358, best 5579.9370, time  433.9, minPhero 0.01(232), stagnancy 67.3%
[35m[MSG][0m itr   359, best 5579.9365, time  435.1, minPhero 0.01(232), stagnancy 0.0%
[35m[MSG][0m itr   360, best 5579.9365, time  436.2, minPhero 0.01(232), stagnancy 0.3%
[35m[MSG][0m itr   361, best 5579.9365, time  437.4, minPhero 0.01(232), stagnancy 0.7%
[35m[MSG][0m itr   362, best 5579.9365, time  438.7, minPhero 0.01(232), stagnancy 1.0%
[35m[MSG][0m itr   363, best 5579.9365, time  439.9, minPhero 0.01(232), stagnancy 1.3%
[35m[MSG][0m itr   364, best 5579.9365, time  441.1, minPhero 0.01(232), stagnancy 1.7%
[35m[MSG][0m itr   365, best 5579.9365, time  442.3, minPhero 0.01(232), stagnancy 2.0%
[35m[MSG][0m itr   366, best 5579.9365, time  443.5, minPhero 0.01(232), stagnancy 2.3%
[35m[MSG][0m itr   367, best 5579.9365, time  444.7, minPhero 0.01(232), stagnancy 2.7%
[35m[MSG][0m itr   368, best 5579.9365, time  445.9, minPhero 0.01(232), stagnancy 3.0%
[35m[MSG][0m itr   369, best 5579.9365, time  447.1, minPhero 0.01(232), stagnancy 3.3%
[35m[MSG][0m itr   370, best 5579.9365, time  448.3, minPhero 0.01(232), stagnancy 3.7%
[35m[MSG][0m itr   371, best 5579.9365, time  449.5, minPhero 0.01(232), stagnancy 4.0%
[35m[MSG][0m itr   372, best 5579.9365, time  450.7, minPhero 0.01(232), stagnancy 4.3%
[35m[MSG][0m itr   373, best 5579.9365, time  451.9, minPhero 0.01(232), stagnancy 4.7%
[35m[MSG][0m itr   374, best 5579.9365, time  453.1, minPhero 0.01(232), stagnancy 5.0%
[35m[MSG][0m itr   375, best 5579.9365, time  454.3, minPhero 0.01(232), stagnancy 5.3%
[35m[MSG][0m itr   376, best 5579.9365, time  455.5, minPhero 0.01(232), stagnancy 5.7%
[35m[MSG][0m itr   377, best 5579.9365, time  456.7, minPhero 0.01(232), stagnancy 6.0%
[35m[MSG][0m itr   378, best 5579.9365, time  457.9, minPhero 0.01(232), stagnancy 6.3%
[35m[MSG][0m itr   379, best 5579.9365, time  459.1, minPhero 0.01(232), stagnancy 6.7%
[35m[MSG][0m itr   380, best 5579.9365, time  460.4, minPhero 0.01(232), stagnancy 7.0%
[35m[MSG][0m itr   381, best 5579.9365, time  461.5, minPhero 0.01(232), stagnancy 7.3%
[35m[MSG][0m itr   382, best 5579.9365, time  462.8, minPhero 0.01(232), stagnancy 7.7%
[35m[MSG][0m itr   383, best 5579.9365, time  463.9, minPhero 0.01(232), stagnancy 8.0%
[35m[MSG][0m itr   384, best 5579.9365, time  465.2, minPhero 0.01(232), stagnancy 8.3%
[35m[MSG][0m itr   385, best 5579.9365, time  466.3, minPhero 0.01(232), stagnancy 8.7%
[35m[MSG][0m itr   386, best 5579.9365, time  467.6, minPhero 0.01(232), stagnancy 9.0%
[35m[MSG][0m itr   387, best 5579.9365, time  468.8, minPhero 0.01(232), stagnancy 9.3%
[35m[MSG][0m itr   388, best 5579.9365, time  470.0, minPhero 0.01(232), stagnancy 9.7%
[35m[MSG][0m itr   389, best 5579.9365, time  471.2, minPhero 0.01(232), stagnancy 10.0%
[35m[MSG][0m itr   390, best 5579.9365, time  472.5, minPhero 0.01(232), stagnancy 10.3%
[35m[MSG][0m itr   391, best 5579.9365, time  473.7, minPhero 0.01(232), stagnancy 10.7%
[35m[MSG][0m itr   392, best 5579.9365, time  474.9, minPhero 0.01(232), stagnancy 11.0%
[35m[MSG][0m itr   393, best 5579.9365, time  476.1, minPhero 0.01(232), stagnancy 11.3%
[35m[MSG][0m itr   394, best 5579.9365, time  477.3, minPhero 0.01(232), stagnancy 11.7%
[35m[MSG][0m itr   395, best 5579.9365, time  478.5, minPhero 0.01(232), stagnancy 12.0%
[35m[MSG][0m itr   396, best 5579.9365, time  479.6, minPhero 0.01(232), stagnancy 12.3%
[35m[MSG][0m itr   397, best 5579.9365, time  480.8, minPhero 0.01(232), stagnancy 12.7%
[35m[MSG][0m itr   398, best 5579.9365, time  482.0, minPhero 0.01(232), stagnancy 13.0%
[35m[MSG][0m itr   399, best 5579.9365, time  483.3, minPhero 0.01(232), stagnancy 13.3%
[35m[MSG][0m itr   400, best 5579.9365, time  484.5, minPhero 0.01(232), stagnancy 13.7%
[35m[MSG][0m itr   401, best 5579.9365, time  485.6, minPhero 0.01(232), stagnancy 14.0%
[35m[MSG][0m itr   402, best 5579.9365, time  486.8, minPhero 0.01(232), stagnancy 14.3%
[35m[MSG][0m itr   403, best 5579.9365, time  488.1, minPhero 0.01(232), stagnancy 14.7%
[35m[MSG][0m itr   404, best 5579.9365, time  489.2, minPhero 0.01(232), stagnancy 15.0%
[35m[MSG][0m itr   405, best 5579.9365, time  490.4, minPhero 0.01(232), stagnancy 15.3%
[35m[MSG][0m itr   406, best 5579.9365, time  491.6, minPhero 0.01(232), stagnancy 15.7%
[35m[MSG][0m itr   407, best 5579.9365, time  492.8, minPhero 0.01(232), stagnancy 16.0%
[35m[MSG][0m itr   408, best 5579.9365, time  493.9, minPhero 0.01(232), stagnancy 16.3%
[35m[MSG][0m itr   409, best 5579.9365, time  495.1, minPhero 0.01(232), stagnancy 16.7%
[35m[MSG][0m itr   410, best 5579.9365, time  496.4, minPhero 0.01(232), stagnancy 17.0%
[35m[MSG][0m itr   411, best 5579.9365, time  497.6, minPhero 0.01(232), stagnancy 17.3%
[35m[MSG][0m itr   412, best 5579.9365, time  498.8, minPhero 0.01(232), stagnancy 17.7%
[35m[MSG][0m itr   413, best 5579.9365, time  500.0, minPhero 0.01(232), stagnancy 18.0%
[35m[MSG][0m itr   414, best 5579.9365, time  501.1, minPhero 0.01(232), stagnancy 18.3%
[35m[MSG][0m itr   415, best 5579.9365, time  502.2, minPhero 0.01(232), stagnancy 18.7%
[35m[MSG][0m itr   416, best 5579.9365, time  503.4, minPhero 0.01(232), stagnancy 19.0%
[35m[MSG][0m itr   417, best 5579.9365, time  504.6, minPhero 0.01(232), stagnancy 19.3%
[35m[MSG][0m itr   418, best 5579.9365, time  505.9, minPhero 0.01(232), stagnancy 19.7%
[35m[MSG][0m itr   419, best 5579.9365, time  507.1, minPhero 0.01(232), stagnancy 20.0%
[35m[MSG][0m itr   420, best 5579.9365, time  508.3, minPhero 0.01(232), stagnancy 20.3%
[35m[MSG][0m itr   421, best 5579.9365, time  509.4, minPhero 0.01(232), stagnancy 20.7%
[35m[MSG][0m itr   422, best 5579.9365, time  510.7, minPhero 0.01(232), stagnancy 21.0%
[35m[MSG][0m itr   423, best 5579.9365, time  511.9, minPhero 0.01(232), stagnancy 21.3%
[35m[MSG][0m itr   424, best 5579.9365, time  513.1, minPhero 0.01(232), stagnancy 21.7%
[35m[MSG][0m itr   425, best 5579.9365, time  514.2, minPhero 0.01(232), stagnancy 22.0%
[35m[MSG][0m itr   426, best 5579.9365, time  515.4, minPhero 0.01(232), stagnancy 22.3%
[35m[MSG][0m itr   427, best 5579.9365, time  516.6, minPhero 0.01(232), stagnancy 22.7%
[35m[MSG][0m itr   428, best 5579.9365, time  517.8, minPhero 0.01(232), stagnancy 23.0%
[35m[MSG][0m itr   429, best 5579.9365, time  519.0, minPhero 0.01(232), stagnancy 23.3%
[35m[MSG][0m itr   430, best 5579.9365, time  520.3, minPhero 0.01(232), stagnancy 23.7%
[35m[MSG][0m itr   431, best 5579.9365, time  521.5, minPhero 0.01(232), stagnancy 24.0%
[35m[MSG][0m itr   432, best 5579.9365, time  522.6, minPhero 0.01(232), stagnancy 24.3%
[35m[MSG][0m itr   433, best 5579.9365, time  523.9, minPhero 0.01(232), stagnancy 24.7%
[35m[MSG][0m itr   434, best 5579.9365, time  525.1, minPhero 0.01(232), stagnancy 25.0%
[35m[MSG][0m itr   435, best 5579.9365, time  526.3, minPhero 0.01(232), stagnancy 25.3%
[35m[MSG][0m itr   436, best 5579.9365, time  527.5, minPhero 0.01(232), stagnancy 25.7%
[35m[MSG][0m itr   437, best 5579.9365, time  528.7, minPhero 0.01(232), stagnancy 26.0%
[35m[MSG][0m itr   438, best 5579.9365, time  529.9, minPhero 0.01(232), stagnancy 26.3%
[35m[MSG][0m itr   439, best 5579.9365, time  531.1, minPhero 0.01(232), stagnancy 26.7%
[35m[MSG][0m itr   440, best 5579.9365, time  532.3, minPhero 0.01(232), stagnancy 27.0%
[35m[MSG][0m itr   441, best 5579.9365, time  533.6, minPhero 0.01(232), stagnancy 27.3%
[35m[MSG][0m itr   442, best 5579.9365, time  534.8, minPhero 0.01(232), stagnancy 27.7%
[35m[MSG][0m itr   443, best 5579.9365, time  536.0, minPhero 0.01(232), stagnancy 28.0%
[35m[MSG][0m itr   444, best 5579.9365, time  537.2, minPhero 0.01(232), stagnancy 28.3%
[35m[MSG][0m itr   445, best 5579.9365, time  538.4, minPhero 0.01(232), stagnancy 28.7%
[35m[MSG][0m itr   446, best 5579.9365, time  539.6, minPhero 0.01(232), stagnancy 29.0%
[35m[MSG][0m itr   447, best 5579.9365, time  540.8, minPhero 0.01(232), stagnancy 29.3%
[35m[MSG][0m itr   448, best 5579.9365, time  542.0, minPhero 0.01(232), stagnancy 29.7%
[35m[MSG][0m itr   449, best 5579.9365, time  543.2, minPhero 0.01(232), stagnancy 30.0%
[35m[MSG][0m itr   450, best 5579.9365, time  544.4, minPhero 0.01(232), stagnancy 30.3%
[35m[MSG][0m itr   451, best 5579.9365, time  545.6, minPhero 0.01(232), stagnancy 30.7%
[35m[MSG][0m itr   452, best 5579.9365, time  546.8, minPhero 0.01(232), stagnancy 31.0%
[35m[MSG][0m itr   453, best 5579.9365, time  548.0, minPhero 0.01(232), stagnancy 31.3%
[35m[MSG][0m itr   454, best 5579.9365, time  549.2, minPhero 0.01(232), stagnancy 31.7%
[35m[MSG][0m itr   455, best 5579.9365, time  550.4, minPhero 0.01(232), stagnancy 32.0%
[35m[MSG][0m itr   456, best 5579.9365, time  551.6, minPhero 0.01(232), stagnancy 32.3%
[35m[MSG][0m itr   457, best 5579.9365, time  552.8, minPhero 0.01(232), stagnancy 32.7%
[35m[MSG][0m itr   458, best 5579.9365, time  554.0, minPhero 0.01(232), stagnancy 33.0%
[35m[MSG][0m itr   459, best 5579.9365, time  555.1, minPhero 0.01(232), stagnancy 33.3%
[35m[MSG][0m itr   460, best 5579.9365, time  556.3, minPhero 0.01(232), stagnancy 33.7%
[35m[MSG][0m itr   461, best 5579.9365, time  557.5, minPhero 0.01(232), stagnancy 34.0%
[35m[MSG][0m itr   462, best 5579.9365, time  558.7, minPhero 0.01(232), stagnancy 34.3%
[35m[MSG][0m itr   463, best 5579.9365, time  559.9, minPhero 0.01(232), stagnancy 34.7%
[35m[MSG][0m itr   464, best 5579.9365, time  561.2, minPhero 0.01(232), stagnancy 35.0%
[35m[MSG][0m itr   465, best 5579.9365, time  562.4, minPhero 0.01(232), stagnancy 35.3%
[35m[MSG][0m itr   466, best 5579.9365, time  563.6, minPhero 0.01(232), stagnancy 35.7%
[35m[MSG][0m itr   467, best 5579.9365, time  564.8, minPhero 0.01(232), stagnancy 36.0%
[35m[MSG][0m itr   468, best 5579.9365, time  566.0, minPhero 0.01(232), stagnancy 36.3%
[35m[MSG][0m itr   469, best 5579.9365, time  567.2, minPhero 0.01(232), stagnancy 36.7%
[35m[MSG][0m itr   470, best 5579.9365, time  568.4, minPhero 0.01(232), stagnancy 37.0%
[35m[MSG][0m itr   471, best 5579.9365, time  569.6, minPhero 0.01(232), stagnancy 37.3%
[35m[MSG][0m itr   472, best 5579.9365, time  570.8, minPhero 0.01(232), stagnancy 37.7%
[35m[MSG][0m itr   473, best 5579.9365, time  572.0, minPhero 0.01(232), stagnancy 38.0%
[35m[MSG][0m itr   474, best 5579.9365, time  573.2, minPhero 0.01(232), stagnancy 38.3%
[35m[MSG][0m itr   475, best 5579.9365, time  574.4, minPhero 0.01(232), stagnancy 38.7%
[35m[MSG][0m itr   476, best 5579.9365, time  575.6, minPhero 0.01(232), stagnancy 39.0%
[35m[MSG][0m itr   477, best 5579.9365, time  576.9, minPhero 0.01(232), stagnancy 39.3%
[35m[MSG][0m itr   478, best 5579.9365, time  578.0, minPhero 0.01(232), stagnancy 39.7%
[35m[MSG][0m itr   479, best 5579.9365, time  579.2, minPhero 0.01(232), stagnancy 40.0%
[35m[MSG][0m itr   480, best 5579.9365, time  580.4, minPhero 0.01(232), stagnancy 40.3%
[35m[MSG][0m itr   481, best 5579.9365, time  581.7, minPhero 0.01(232), stagnancy 40.7%
[35m[MSG][0m itr   482, best 5579.9365, time  582.9, minPhero 0.01(232), stagnancy 41.0%
[35m[MSG][0m itr   483, best 5579.9365, time  584.1, minPhero 0.01(232), stagnancy 41.3%
[35m[MSG][0m itr   484, best 5579.9365, time  585.3, minPhero 0.01(232), stagnancy 41.7%
[35m[MSG][0m itr   485, best 5579.9365, time  586.4, minPhero 0.01(232), stagnancy 42.0%
[35m[MSG][0m itr   486, best 5579.9365, time  587.7, minPhero 0.01(232), stagnancy 42.3%
[35m[MSG][0m itr   487, best 5579.9365, time  588.9, minPhero 0.01(232), stagnancy 42.7%
[35m[MSG][0m itr   488, best 5579.9365, time  590.1, minPhero 0.01(232), stagnancy 43.0%
[35m[MSG][0m itr   489, best 5579.9365, time  591.3, minPhero 0.01(232), stagnancy 43.3%
[35m[MSG][0m itr   490, best 5579.9365, time  592.5, minPhero 0.01(232), stagnancy 43.7%
[35m[MSG][0m itr   491, best 5579.9365, time  593.7, minPhero 0.01(232), stagnancy 44.0%
[35m[MSG][0m itr   492, best 5579.9365, time  594.9, minPhero 0.01(232), stagnancy 44.3%
[35m[MSG][0m itr   493, best 5579.9365, time  596.2, minPhero 0.01(232), stagnancy 44.7%
[35m[MSG][0m itr   494, best 5579.9365, time  597.4, minPhero 0.01(232), stagnancy 45.0%
[35m[MSG][0m itr   495, best 5579.9365, time  598.6, minPhero 0.01(232), stagnancy 45.3%
[35m[MSG][0m itr   496, best 5579.9365, time  599.8, minPhero 0.01(232), stagnancy 45.7%
[35m[MSG][0m itr   497, best 5579.9365, time  601.0, minPhero 0.01(232), stagnancy 46.0%
[35m[MSG][0m itr   498, best 5579.9365, time  602.2, minPhero 0.01(232), stagnancy 46.3%
[35m[MSG][0m itr   499, best 5579.9365, time  603.5, minPhero 0.01(232), stagnancy 46.7%
[35m[MSG][0m itr   500, best 5579.9365, time  604.7, minPhero 0.01(232), stagnancy 47.0%
[35m[MSG][0m itr   501, best 5579.9365, time  605.8, minPhero 0.01(232), stagnancy 47.3%
[35m[MSG][0m itr   502, best 5579.9365, time  607.0, minPhero 0.01(232), stagnancy 47.7%
[35m[MSG][0m itr   503, best 5579.9365, time  608.2, minPhero 0.01(232), stagnancy 48.0%
[35m[MSG][0m itr   504, best 5579.9365, time  609.5, minPhero 0.01(232), stagnancy 48.3%
[35m[MSG][0m itr   505, best 5579.9365, time  610.7, minPhero 0.01(232), stagnancy 48.7%
[35m[MSG][0m itr   506, best 5579.9365, time  611.8, minPhero 0.01(232), stagnancy 49.0%
[35m[MSG][0m itr   507, best 5579.9365, time  613.0, minPhero 0.01(232), stagnancy 49.3%
[35m[MSG][0m itr   508, best 5579.9365, time  614.2, minPhero 0.01(232), stagnancy 49.7%
[35m[MSG][0m itr   509, best 5579.9365, time  615.4, minPhero 0.01(232), stagnancy 50.0%
[35m[MSG][0m itr   510, best 5579.9365, time  616.6, minPhero 0.01(232), stagnancy 50.3%
[35m[MSG][0m itr   511, best 5579.9365, time  617.8, minPhero 0.01(232), stagnancy 50.7%
[35m[MSG][0m itr   512, best 5579.9365, time  619.0, minPhero 0.01(232), stagnancy 51.0%
[35m[MSG][0m itr   513, best 5579.9365, time  620.2, minPhero 0.01(232), stagnancy 51.3%
[35m[MSG][0m itr   514, best 5579.9365, time  621.4, minPhero 0.01(232), stagnancy 51.7%
[35m[MSG][0m itr   515, best 5579.9365, time  622.6, minPhero 0.01(232), stagnancy 52.0%
[35m[MSG][0m itr   516, best 5579.9365, time  623.8, minPhero 0.01(232), stagnancy 52.3%
[35m[MSG][0m itr   517, best 5579.9365, time  625.0, minPhero 0.01(232), stagnancy 52.7%
[35m[MSG][0m itr   518, best 5579.9365, time  626.1, minPhero 0.01(232), stagnancy 53.0%
[35m[MSG][0m itr   519, best 5579.9365, time  627.2, minPhero 0.01(232), stagnancy 53.3%
[35m[MSG][0m itr   520, best 5579.9365, time  628.4, minPhero 0.01(232), stagnancy 53.7%
[35m[MSG][0m itr   521, best 5579.9365, time  629.5, minPhero 0.01(232), stagnancy 54.0%
[35m[MSG][0m itr   522, best 5579.9365, time  630.7, minPhero 0.01(232), stagnancy 54.3%
[35m[MSG][0m itr   523, best 5579.9365, time  631.9, minPhero 0.01(232), stagnancy 54.7%
[35m[MSG][0m itr   524, best 5579.9365, time  633.1, minPhero 0.01(232), stagnancy 55.0%
[35m[MSG][0m itr   525, best 5579.9365, time  634.3, minPhero 0.01(232), stagnancy 55.3%
[35m[MSG][0m itr   526, best 5579.9365, time  635.5, minPhero 0.01(232), stagnancy 55.7%
[35m[MSG][0m itr   527, best 5579.9365, time  636.7, minPhero 0.01(232), stagnancy 56.0%
[35m[MSG][0m itr   528, best 5579.9365, time  637.9, minPhero 0.01(232), stagnancy 56.3%
[35m[MSG][0m itr   529, best 5579.9365, time  639.0, minPhero 0.01(232), stagnancy 56.7%
[35m[MSG][0m itr   530, best 5579.9365, time  640.2, minPhero 0.01(232), stagnancy 57.0%
[35m[MSG][0m itr   531, best 5579.9365, time  641.4, minPhero 0.01(232), stagnancy 57.3%
[35m[MSG][0m itr   532, best 5579.9365, time  642.5, minPhero 0.01(232), stagnancy 57.7%
[35m[MSG][0m itr   533, best 5579.9365, time  643.7, minPhero 0.01(232), stagnancy 58.0%
[35m[MSG][0m itr   534, best 5579.9365, time  644.9, minPhero 0.01(232), stagnancy 58.3%
[35m[MSG][0m itr   535, best 5579.9365, time  646.1, minPhero 0.01(232), stagnancy 58.7%
[35m[MSG][0m itr   536, best 5579.9365, time  647.3, minPhero 0.01(232), stagnancy 59.0%
[35m[MSG][0m itr   537, best 5579.9365, time  648.4, minPhero 0.01(232), stagnancy 59.3%
[35m[MSG][0m itr   538, best 5579.9365, time  649.7, minPhero 0.01(232), stagnancy 59.7%
[35m[MSG][0m itr   539, best 5579.9365, time  651.1, minPhero 0.01(232), stagnancy 60.0%
[35m[MSG][0m itr   540, best 5579.9365, time  652.3, minPhero 0.01(232), stagnancy 60.3%
[35m[MSG][0m itr   541, best 5579.9365, time  653.6, minPhero 0.01(232), stagnancy 60.7%
[35m[MSG][0m itr   542, best 5579.9365, time  654.8, minPhero 0.01(232), stagnancy 61.0%
[35m[MSG][0m itr   543, best 5579.9365, time  656.1, minPhero 0.01(232), stagnancy 61.3%
[35m[MSG][0m itr   544, best 5579.9365, time  657.5, minPhero 0.01(232), stagnancy 61.7%
[35m[MSG][0m itr   545, best 5579.9365, time  658.8, minPhero 0.01(232), stagnancy 62.0%
[35m[MSG][0m itr   546, best 5579.9365, time  660.2, minPhero 0.01(232), stagnancy 62.3%
[35m[MSG][0m itr   547, best 5579.9365, time  661.5, minPhero 0.01(232), stagnancy 62.7%
[35m[MSG][0m itr   548, best 5579.9365, time  662.9, minPhero 0.01(232), stagnancy 63.0%
[35m[MSG][0m itr   549, best 5579.9365, time  664.2, minPhero 0.01(232), stagnancy 63.3%
[35m[MSG][0m itr   550, best 5579.9365, time  665.6, minPhero 0.01(232), stagnancy 63.7%
[35m[MSG][0m itr   551, best 5579.9365, time  666.9, minPhero 0.01(232), stagnancy 64.0%
[35m[MSG][0m itr   552, best 5579.9365, time  668.3, minPhero 0.01(232), stagnancy 64.3%
[35m[MSG][0m itr   553, best 5579.9365, time  669.7, minPhero 0.01(232), stagnancy 64.7%
[35m[MSG][0m itr   554, best 5579.9365, time  671.0, minPhero 0.01(232), stagnancy 65.0%
[35m[MSG][0m itr   555, best 5579.9365, time  672.3, minPhero 0.01(232), stagnancy 65.3%
[35m[MSG][0m itr   556, best 5579.9365, time  673.5, minPhero 0.01(232), stagnancy 65.7%
[35m[MSG][0m itr   557, best 5579.9365, time  674.7, minPhero 0.01(232), stagnancy 66.0%
[35m[MSG][0m itr   558, best 5579.9365, time  676.0, minPhero 0.01(232), stagnancy 66.3%
[35m[MSG][0m itr   559, best 5579.9365, time  677.1, minPhero 0.01(232), stagnancy 66.7%
[35m[MSG][0m itr   560, best 5579.9365, time  678.4, minPhero 0.01(232), stagnancy 67.0%
[35m[MSG][0m itr   561, best 5579.9365, time  679.6, minPhero 0.01(232), stagnancy 67.3%
[35m[MSG][0m itr   562, best 5579.9365, time  680.8, minPhero 0.01(232), stagnancy 67.7%
[35m[MSG][0m itr   563, best 5579.9365, time  682.0, minPhero 0.01(232), stagnancy 68.0%
[35m[MSG][0m itr   564, best 5579.9365, time  683.2, minPhero 0.01(232), stagnancy 68.3%
[35m[MSG][0m itr   565, best 5579.9365, time  684.4, minPhero 0.01(232), stagnancy 68.7%
[35m[MSG][0m itr   566, best 5579.9365, time  685.6, minPhero 0.01(232), stagnancy 69.0%
[35m[MSG][0m itr   567, best 5579.9365, time  686.9, minPhero 0.01(232), stagnancy 69.3%
[35m[MSG][0m itr   568, best 5579.9365, time  688.1, minPhero 0.01(232), stagnancy 69.7%
[35m[MSG][0m itr   569, best 5579.9365, time  689.3, minPhero 0.01(232), stagnancy 70.0%
[35m[MSG][0m itr   570, best 5579.9365, time  690.5, minPhero 0.01(232), stagnancy 70.3%
[35m[MSG][0m itr   571, best 5579.9365, time  691.7, minPhero 0.01(232), stagnancy 70.7%
[35m[MSG][0m itr   572, best 5579.9365, time  692.9, minPhero 0.01(232), stagnancy 71.0%
[35m[MSG][0m itr   573, best 5579.9365, time  694.0, minPhero 0.01(232), stagnancy 71.3%
[35m[MSG][0m itr   574, best 5579.9365, time  695.2, minPhero 0.01(232), stagnancy 71.7%
[35m[MSG][0m itr   575, best 5579.9365, time  696.5, minPhero 0.01(232), stagnancy 72.0%
[35m[MSG][0m itr   576, best 5579.9365, time  697.7, minPhero 0.01(232), stagnancy 72.3%
[35m[MSG][0m itr   577, best 5579.9365, time  698.9, minPhero 0.01(232), stagnancy 72.7%
[35m[MSG][0m itr   578, best 5579.9365, time  700.1, minPhero 0.01(232), stagnancy 73.0%
[35m[MSG][0m itr   579, best 5579.9365, time  701.3, minPhero 0.01(232), stagnancy 73.3%
[35m[MSG][0m itr   580, best 5579.9365, time  702.5, minPhero 0.01(232), stagnancy 73.7%
[35m[MSG][0m itr   581, best 5579.9365, time  703.7, minPhero 0.01(232), stagnancy 74.0%
[35m[MSG][0m itr   582, best 5579.9365, time  704.9, minPhero 0.01(232), stagnancy 74.3%
[35m[MSG][0m itr   583, best 5579.9365, time  706.1, minPhero 0.01(232), stagnancy 74.7%
[35m[MSG][0m itr   584, best 5579.9365, time  707.3, minPhero 0.01(232), stagnancy 75.0%
[35m[MSG][0m itr   585, best 5579.9365, time  708.5, minPhero 0.01(232), stagnancy 75.3%
[35m[MSG][0m itr   586, best 5579.9365, time  709.7, minPhero 0.01(232), stagnancy 75.7%
[35m[MSG][0m itr   587, best 5579.9365, time  710.9, minPhero 0.01(232), stagnancy 76.0%
[35m[MSG][0m itr   588, best 5579.9365, time  712.1, minPhero 0.01(232), stagnancy 76.3%
[35m[MSG][0m itr   589, best 5579.9365, time  713.3, minPhero 0.01(232), stagnancy 76.7%
[35m[MSG][0m itr   590, best 5579.9365, time  714.3, minPhero 0.01(232), stagnancy 77.0%
[35m[MSG][0m itr   591, best 5579.9365, time  715.4, minPhero 0.01(232), stagnancy 77.3%
[35m[MSG][0m itr   592, best 5579.9365, time  716.6, minPhero 0.01(232), stagnancy 77.7%
[35m[MSG][0m itr   593, best 5579.9365, time  717.8, minPhero 0.01(232), stagnancy 78.0%
[35m[MSG][0m itr   594, best 5579.9365, time  719.0, minPhero 0.01(232), stagnancy 78.3%
[35m[MSG][0m itr   595, best 5579.9365, time  720.2, minPhero 0.01(232), stagnancy 78.7%
[35m[MSG][0m itr   596, best 5579.9365, time  721.4, minPhero 0.01(232), stagnancy 79.0%
[35m[MSG][0m itr   597, best 5579.9365, time  722.6, minPhero 0.01(232), stagnancy 79.3%
[35m[MSG][0m itr   598, best 5579.9365, time  723.8, minPhero 0.01(232), stagnancy 79.7%
[35m[MSG][0m itr   599, best 5579.9365, time  725.0, minPhero 0.01(232), stagnancy 80.0%
[35m[MSG][0m itr   600, best 5579.9365, time  726.3, minPhero 0.01(232), stagnancy 80.3%
[35m[MSG][0m itr   601, best 5579.9365, time  727.4, minPhero 0.01(232), stagnancy 80.7%
[35m[MSG][0m itr   602, best 5579.9365, time  728.5, minPhero 0.01(232), stagnancy 81.0%
[35m[MSG][0m itr   603, best 5579.9365, time  729.6, minPhero 0.01(232), stagnancy 81.3%
[35m[MSG][0m itr   604, best 5579.9365, time  730.8, minPhero 0.01(232), stagnancy 81.7%
[35m[MSG][0m itr   605, best 5579.9365, time  732.0, minPhero 0.01(232), stagnancy 82.0%
[35m[MSG][0m itr   606, best 5579.9365, time  733.2, minPhero 0.01(232), stagnancy 82.3%
[35m[MSG][0m itr   607, best 5579.9365, time  734.4, minPhero 0.01(232), stagnancy 82.7%
[35m[MSG][0m itr   608, best 5579.9365, time  735.5, minPhero 0.01(232), stagnancy 83.0%
[35m[MSG][0m itr   609, best 5579.9365, time  736.7, minPhero 0.01(232), stagnancy 83.3%
[35m[MSG][0m itr   610, best 5579.9365, time  737.9, minPhero 0.01(232), stagnancy 83.7%
[35m[MSG][0m itr   611, best 5579.9365, time  739.1, minPhero 0.01(232), stagnancy 84.0%
[35m[MSG][0m itr   612, best 5579.9365, time  740.3, minPhero 0.01(232), stagnancy 84.3%
[35m[MSG][0m itr   613, best 5579.9365, time  741.5, minPhero 0.01(232), stagnancy 84.7%
[35m[MSG][0m itr   614, best 5579.9365, time  742.7, minPhero 0.01(232), stagnancy 85.0%
[35m[MSG][0m itr   615, best 5579.9365, time  743.9, minPhero 0.01(232), stagnancy 85.3%
[35m[MSG][0m itr   616, best 5579.9365, time  745.1, minPhero 0.01(232), stagnancy 85.7%
[35m[MSG][0m itr   617, best 5579.9365, time  746.3, minPhero 0.01(232), stagnancy 86.0%
[35m[MSG][0m itr   618, best 5579.9365, time  747.4, minPhero 0.01(232), stagnancy 86.3%
[35m[MSG][0m itr   619, best 5579.9365, time  748.7, minPhero 0.01(232), stagnancy 86.7%
[35m[MSG][0m itr   620, best 5579.9365, time  749.9, minPhero 0.01(232), stagnancy 87.0%
[35m[MSG][0m itr   621, best 5579.9365, time  751.1, minPhero 0.01(232), stagnancy 87.3%
[35m[MSG][0m itr   622, best 5579.9365, time  752.3, minPhero 0.01(232), stagnancy 87.7%
[35m[MSG][0m itr   623, best 5579.9365, time  753.5, minPhero 0.01(232), stagnancy 88.0%
[35m[MSG][0m itr   624, best 5579.9365, time  754.7, minPhero 0.01(232), stagnancy 88.3%
[35m[MSG][0m itr   625, best 5579.9365, time  756.0, minPhero 0.01(232), stagnancy 88.7%
[35m[MSG][0m itr   626, best 5579.9365, time  757.2, minPhero 0.01(232), stagnancy 89.0%
[35m[MSG][0m itr   627, best 5579.9365, time  758.4, minPhero 0.01(232), stagnancy 89.3%
[35m[MSG][0m itr   628, best 5579.9365, time  759.6, minPhero 0.01(232), stagnancy 89.7%
[35m[MSG][0m itr   629, best 5579.9365, time  760.8, minPhero 0.01(232), stagnancy 90.0%
[35m[MSG][0m itr   630, best 5579.9365, time  762.0, minPhero 0.01(232), stagnancy 90.3%
[35m[MSG][0m itr   631, best 5579.9365, time  763.2, minPhero 0.01(232), stagnancy 90.7%
[35m[MSG][0m itr   632, best 5579.9365, time  764.4, minPhero 0.01(232), stagnancy 91.0%
[35m[MSG][0m itr   633, best 5579.9365, time  765.6, minPhero 0.01(232), stagnancy 91.3%
[35m[MSG][0m itr   634, best 5579.9365, time  766.8, minPhero 0.01(232), stagnancy 91.7%
[35m[MSG][0m itr   635, best 5579.9365, time  768.0, minPhero 0.01(232), stagnancy 92.0%
[35m[MSG][0m itr   636, best 5579.9365, time  769.2, minPhero 0.01(232), stagnancy 92.3%
[35m[MSG][0m itr   637, best 5579.9365, time  770.4, minPhero 0.01(232), stagnancy 92.7%
[35m[MSG][0m itr   638, best 5579.9365, time  771.5, minPhero 0.01(232), stagnancy 93.0%
[35m[MSG][0m itr   639, best 5579.9365, time  772.7, minPhero 0.01(232), stagnancy 93.3%
[35m[MSG][0m itr   640, best 5579.9365, time  773.9, minPhero 0.01(232), stagnancy 93.7%
[35m[MSG][0m itr   641, best 5579.9365, time  775.1, minPhero 0.01(232), stagnancy 94.0%
[35m[MSG][0m itr   642, best 5579.9365, time  776.3, minPhero 0.01(232), stagnancy 94.3%
[35m[MSG][0m itr   643, best 5579.9365, time  777.5, minPhero 0.01(232), stagnancy 94.7%
[35m[MSG][0m itr   644, best 5579.9365, time  778.7, minPhero 0.01(232), stagnancy 95.0%
[35m[MSG][0m itr   645, best 5579.9365, time  780.0, minPhero 0.01(232), stagnancy 95.3%
[35m[MSG][0m itr   646, best 5579.9365, time  781.2, minPhero 0.01(232), stagnancy 95.7%
[35m[MSG][0m itr   647, best 5579.9365, time  782.4, minPhero 0.01(232), stagnancy 96.0%
[35m[MSG][0m itr   648, best 5579.9365, time  783.6, minPhero 0.01(232), stagnancy 96.3%
[35m[MSG][0m itr   649, best 5579.9365, time  784.8, minPhero 0.01(232), stagnancy 96.7%
[35m[MSG][0m itr   650, best 5579.9365, time  786.0, minPhero 0.01(232), stagnancy 97.0%
[35m[MSG][0m itr   651, best 5579.9365, time  787.2, minPhero 0.01(232), stagnancy 97.3%
[35m[MSG][0m itr   652, best 5579.9365, time  788.4, minPhero 0.01(232), stagnancy 97.7%
[35m[MSG][0m itr   653, best 5579.9365, time  789.6, minPhero 0.01(232), stagnancy 98.0%
[35m[MSG][0m itr   654, best 5579.9365, time  790.8, minPhero 0.01(232), stagnancy 98.3%
[35m[MSG][0m itr   655, best 5579.9365, time  792.0, minPhero 0.01(232), stagnancy 98.7%
[35m[MSG][0m itr   656, best 5579.9365, time  793.2, minPhero 0.01(232), stagnancy 99.0%
[35m[MSG][0m itr   657, best 5579.9365, time  794.4, minPhero 0.01(232), stagnancy 99.3%
[35m[MSG][0m itr   658, best 5579.9365, time  795.6, minPhero 0.01(232), stagnancy 99.7%
[35m[MSG][0m itr   659, best 5579.9365, time  796.9, minPhero 0.01(232), stagnancy 100.0%
[35m[MSG][0m Solution converged. Reinitialising pheromones...
[35m[MSG][0m Time: 796.88 s
[35m[MSG][0m Best cost: 5579.94
